[2024-07-01T09:32:03.896-0400] {processor.py:161} INFO - Started process (PID=13896) to work on /Users/christophercunningham/airflow_workspace/data-flow/data_flow_env/lib/python3.12/site-packages/airflow/example_dags/example_short_circuit_decorator.py
[2024-07-01T09:32:03.897-0400] {processor.py:830} INFO - Processing file /Users/christophercunningham/airflow_workspace/data-flow/data_flow_env/lib/python3.12/site-packages/airflow/example_dags/example_short_circuit_decorator.py for tasks to queue
[2024-07-01T09:32:03.898-0400] {logging_mixin.py:188} INFO - [2024-07-01T09:32:03.898-0400] {dagbag.py:545} INFO - Filling up the DagBag from /Users/christophercunningham/airflow_workspace/data-flow/data_flow_env/lib/python3.12/site-packages/airflow/example_dags/example_short_circuit_decorator.py
[2024-07-01T09:32:03.931-0400] {processor.py:840} INFO - DAG(s) 'example_short_circuit_decorator' retrieved from /Users/christophercunningham/airflow_workspace/data-flow/data_flow_env/lib/python3.12/site-packages/airflow/example_dags/example_short_circuit_decorator.py
[2024-07-01T09:32:04.116-0400] {logging_mixin.py:188} INFO - [2024-07-01T09:32:04.116-0400] {dag.py:3096} INFO - Sync 1 DAGs
[2024-07-01T09:32:04.133-0400] {logging_mixin.py:188} INFO - [2024-07-01T09:32:04.132-0400] {dag.py:3954} INFO - Setting next_dagrun for example_short_circuit_decorator to 2024-06-30 00:00:00+00:00, run_after=2024-07-01 00:00:00+00:00
[2024-07-01T09:32:04.152-0400] {processor.py:183} INFO - Processing /Users/christophercunningham/airflow_workspace/data-flow/data_flow_env/lib/python3.12/site-packages/airflow/example_dags/example_short_circuit_decorator.py took 0.260 seconds
[2024-07-01T09:34:19.483-0400] {processor.py:161} INFO - Started process (PID=14155) to work on /Users/christophercunningham/airflow_workspace/data-flow/data_flow_env/lib/python3.12/site-packages/airflow/example_dags/example_short_circuit_decorator.py
[2024-07-01T09:34:19.485-0400] {processor.py:830} INFO - Processing file /Users/christophercunningham/airflow_workspace/data-flow/data_flow_env/lib/python3.12/site-packages/airflow/example_dags/example_short_circuit_decorator.py for tasks to queue
[2024-07-01T09:34:19.485-0400] {logging_mixin.py:188} INFO - [2024-07-01T09:34:19.485-0400] {dagbag.py:545} INFO - Filling up the DagBag from /Users/christophercunningham/airflow_workspace/data-flow/data_flow_env/lib/python3.12/site-packages/airflow/example_dags/example_short_circuit_decorator.py
[2024-07-01T09:34:19.518-0400] {processor.py:840} INFO - DAG(s) 'example_short_circuit_decorator' retrieved from /Users/christophercunningham/airflow_workspace/data-flow/data_flow_env/lib/python3.12/site-packages/airflow/example_dags/example_short_circuit_decorator.py
[2024-07-01T09:34:19.595-0400] {logging_mixin.py:188} INFO - [2024-07-01T09:34:19.594-0400] {dag.py:3096} INFO - Sync 1 DAGs
[2024-07-01T09:34:19.609-0400] {logging_mixin.py:188} INFO - [2024-07-01T09:34:19.608-0400] {dag.py:3954} INFO - Setting next_dagrun for example_short_circuit_decorator to 2024-06-30 00:00:00+00:00, run_after=2024-07-01 00:00:00+00:00
[2024-07-01T09:34:19.621-0400] {processor.py:183} INFO - Processing /Users/christophercunningham/airflow_workspace/data-flow/data_flow_env/lib/python3.12/site-packages/airflow/example_dags/example_short_circuit_decorator.py took 0.143 seconds
[2024-07-01T09:36:03.780-0400] {processor.py:161} INFO - Started process (PID=14301) to work on /Users/christophercunningham/airflow_workspace/data-flow/data_flow_env/lib/python3.12/site-packages/airflow/example_dags/example_short_circuit_decorator.py
[2024-07-01T09:36:03.781-0400] {processor.py:830} INFO - Processing file /Users/christophercunningham/airflow_workspace/data-flow/data_flow_env/lib/python3.12/site-packages/airflow/example_dags/example_short_circuit_decorator.py for tasks to queue
[2024-07-01T09:36:03.781-0400] {logging_mixin.py:188} INFO - [2024-07-01T09:36:03.781-0400] {dagbag.py:545} INFO - Filling up the DagBag from /Users/christophercunningham/airflow_workspace/data-flow/data_flow_env/lib/python3.12/site-packages/airflow/example_dags/example_short_circuit_decorator.py
[2024-07-01T09:36:03.811-0400] {processor.py:840} INFO - DAG(s) 'example_short_circuit_decorator' retrieved from /Users/christophercunningham/airflow_workspace/data-flow/data_flow_env/lib/python3.12/site-packages/airflow/example_dags/example_short_circuit_decorator.py
[2024-07-01T09:36:03.889-0400] {logging_mixin.py:188} INFO - [2024-07-01T09:36:03.889-0400] {dag.py:3096} INFO - Sync 1 DAGs
[2024-07-01T09:36:03.902-0400] {logging_mixin.py:188} INFO - [2024-07-01T09:36:03.902-0400] {dag.py:3954} INFO - Setting next_dagrun for example_short_circuit_decorator to 2024-06-30 00:00:00+00:00, run_after=2024-07-01 00:00:00+00:00
[2024-07-01T09:36:03.915-0400] {processor.py:183} INFO - Processing /Users/christophercunningham/airflow_workspace/data-flow/data_flow_env/lib/python3.12/site-packages/airflow/example_dags/example_short_circuit_decorator.py took 0.140 seconds
[2024-07-01T09:37:49.005-0400] {processor.py:161} INFO - Started process (PID=14473) to work on /Users/christophercunningham/airflow_workspace/data-flow/data_flow_env/lib/python3.12/site-packages/airflow/example_dags/example_short_circuit_decorator.py
[2024-07-01T09:37:49.006-0400] {processor.py:830} INFO - Processing file /Users/christophercunningham/airflow_workspace/data-flow/data_flow_env/lib/python3.12/site-packages/airflow/example_dags/example_short_circuit_decorator.py for tasks to queue
[2024-07-01T09:37:49.007-0400] {logging_mixin.py:188} INFO - [2024-07-01T09:37:49.007-0400] {dagbag.py:545} INFO - Filling up the DagBag from /Users/christophercunningham/airflow_workspace/data-flow/data_flow_env/lib/python3.12/site-packages/airflow/example_dags/example_short_circuit_decorator.py
[2024-07-01T09:37:49.038-0400] {processor.py:840} INFO - DAG(s) 'example_short_circuit_decorator' retrieved from /Users/christophercunningham/airflow_workspace/data-flow/data_flow_env/lib/python3.12/site-packages/airflow/example_dags/example_short_circuit_decorator.py
[2024-07-01T09:37:49.116-0400] {logging_mixin.py:188} INFO - [2024-07-01T09:37:49.116-0400] {dag.py:3096} INFO - Sync 1 DAGs
[2024-07-01T09:37:49.130-0400] {logging_mixin.py:188} INFO - [2024-07-01T09:37:49.130-0400] {dag.py:3954} INFO - Setting next_dagrun for example_short_circuit_decorator to 2024-06-30 00:00:00+00:00, run_after=2024-07-01 00:00:00+00:00
[2024-07-01T09:37:49.144-0400] {processor.py:183} INFO - Processing /Users/christophercunningham/airflow_workspace/data-flow/data_flow_env/lib/python3.12/site-packages/airflow/example_dags/example_short_circuit_decorator.py took 0.143 seconds
[2024-07-01T09:39:37.291-0400] {processor.py:161} INFO - Started process (PID=14643) to work on /Users/christophercunningham/airflow_workspace/data-flow/data_flow_env/lib/python3.12/site-packages/airflow/example_dags/example_short_circuit_decorator.py
[2024-07-01T09:39:37.293-0400] {processor.py:830} INFO - Processing file /Users/christophercunningham/airflow_workspace/data-flow/data_flow_env/lib/python3.12/site-packages/airflow/example_dags/example_short_circuit_decorator.py for tasks to queue
[2024-07-01T09:39:37.293-0400] {logging_mixin.py:188} INFO - [2024-07-01T09:39:37.293-0400] {dagbag.py:545} INFO - Filling up the DagBag from /Users/christophercunningham/airflow_workspace/data-flow/data_flow_env/lib/python3.12/site-packages/airflow/example_dags/example_short_circuit_decorator.py
[2024-07-01T09:39:37.326-0400] {processor.py:840} INFO - DAG(s) 'example_short_circuit_decorator' retrieved from /Users/christophercunningham/airflow_workspace/data-flow/data_flow_env/lib/python3.12/site-packages/airflow/example_dags/example_short_circuit_decorator.py
[2024-07-01T09:39:37.403-0400] {logging_mixin.py:188} INFO - [2024-07-01T09:39:37.403-0400] {dag.py:3096} INFO - Sync 1 DAGs
[2024-07-01T09:39:37.416-0400] {logging_mixin.py:188} INFO - [2024-07-01T09:39:37.415-0400] {dag.py:3954} INFO - Setting next_dagrun for example_short_circuit_decorator to 2024-06-30 00:00:00+00:00, run_after=2024-07-01 00:00:00+00:00
[2024-07-01T09:39:37.431-0400] {processor.py:183} INFO - Processing /Users/christophercunningham/airflow_workspace/data-flow/data_flow_env/lib/python3.12/site-packages/airflow/example_dags/example_short_circuit_decorator.py took 0.144 seconds
[2024-07-01T09:41:21.598-0400] {processor.py:161} INFO - Started process (PID=14858) to work on /Users/christophercunningham/airflow_workspace/data-flow/data_flow_env/lib/python3.12/site-packages/airflow/example_dags/example_short_circuit_decorator.py
[2024-07-01T09:41:21.600-0400] {processor.py:830} INFO - Processing file /Users/christophercunningham/airflow_workspace/data-flow/data_flow_env/lib/python3.12/site-packages/airflow/example_dags/example_short_circuit_decorator.py for tasks to queue
[2024-07-01T09:41:21.600-0400] {logging_mixin.py:188} INFO - [2024-07-01T09:41:21.600-0400] {dagbag.py:545} INFO - Filling up the DagBag from /Users/christophercunningham/airflow_workspace/data-flow/data_flow_env/lib/python3.12/site-packages/airflow/example_dags/example_short_circuit_decorator.py
[2024-07-01T09:41:21.632-0400] {processor.py:840} INFO - DAG(s) 'example_short_circuit_decorator' retrieved from /Users/christophercunningham/airflow_workspace/data-flow/data_flow_env/lib/python3.12/site-packages/airflow/example_dags/example_short_circuit_decorator.py
[2024-07-01T09:41:21.710-0400] {logging_mixin.py:188} INFO - [2024-07-01T09:41:21.710-0400] {dag.py:3096} INFO - Sync 1 DAGs
[2024-07-01T09:41:21.722-0400] {logging_mixin.py:188} INFO - [2024-07-01T09:41:21.722-0400] {dag.py:3954} INFO - Setting next_dagrun for example_short_circuit_decorator to 2024-06-30 00:00:00+00:00, run_after=2024-07-01 00:00:00+00:00
[2024-07-01T09:41:21.735-0400] {processor.py:183} INFO - Processing /Users/christophercunningham/airflow_workspace/data-flow/data_flow_env/lib/python3.12/site-packages/airflow/example_dags/example_short_circuit_decorator.py took 0.141 seconds
[2024-07-01T09:43:08.227-0400] {processor.py:161} INFO - Started process (PID=15022) to work on /Users/christophercunningham/airflow_workspace/data-flow/data_flow_env/lib/python3.12/site-packages/airflow/example_dags/example_short_circuit_decorator.py
[2024-07-01T09:43:08.228-0400] {processor.py:830} INFO - Processing file /Users/christophercunningham/airflow_workspace/data-flow/data_flow_env/lib/python3.12/site-packages/airflow/example_dags/example_short_circuit_decorator.py for tasks to queue
[2024-07-01T09:43:08.229-0400] {logging_mixin.py:188} INFO - [2024-07-01T09:43:08.229-0400] {dagbag.py:545} INFO - Filling up the DagBag from /Users/christophercunningham/airflow_workspace/data-flow/data_flow_env/lib/python3.12/site-packages/airflow/example_dags/example_short_circuit_decorator.py
[2024-07-01T09:43:08.262-0400] {processor.py:840} INFO - DAG(s) 'example_short_circuit_decorator' retrieved from /Users/christophercunningham/airflow_workspace/data-flow/data_flow_env/lib/python3.12/site-packages/airflow/example_dags/example_short_circuit_decorator.py
[2024-07-01T09:43:08.336-0400] {logging_mixin.py:188} INFO - [2024-07-01T09:43:08.336-0400] {dag.py:3096} INFO - Sync 1 DAGs
[2024-07-01T09:43:08.348-0400] {logging_mixin.py:188} INFO - [2024-07-01T09:43:08.348-0400] {dag.py:3954} INFO - Setting next_dagrun for example_short_circuit_decorator to 2024-06-30 00:00:00+00:00, run_after=2024-07-01 00:00:00+00:00
[2024-07-01T09:43:08.360-0400] {processor.py:183} INFO - Processing /Users/christophercunningham/airflow_workspace/data-flow/data_flow_env/lib/python3.12/site-packages/airflow/example_dags/example_short_circuit_decorator.py took 0.138 seconds
[2024-07-01T09:44:58.572-0400] {processor.py:161} INFO - Started process (PID=15197) to work on /Users/christophercunningham/airflow_workspace/data-flow/data_flow_env/lib/python3.12/site-packages/airflow/example_dags/example_short_circuit_decorator.py
[2024-07-01T09:44:58.574-0400] {processor.py:830} INFO - Processing file /Users/christophercunningham/airflow_workspace/data-flow/data_flow_env/lib/python3.12/site-packages/airflow/example_dags/example_short_circuit_decorator.py for tasks to queue
[2024-07-01T09:44:58.574-0400] {logging_mixin.py:188} INFO - [2024-07-01T09:44:58.574-0400] {dagbag.py:545} INFO - Filling up the DagBag from /Users/christophercunningham/airflow_workspace/data-flow/data_flow_env/lib/python3.12/site-packages/airflow/example_dags/example_short_circuit_decorator.py
[2024-07-01T09:44:58.606-0400] {processor.py:840} INFO - DAG(s) 'example_short_circuit_decorator' retrieved from /Users/christophercunningham/airflow_workspace/data-flow/data_flow_env/lib/python3.12/site-packages/airflow/example_dags/example_short_circuit_decorator.py
[2024-07-01T09:44:58.684-0400] {logging_mixin.py:188} INFO - [2024-07-01T09:44:58.684-0400] {dag.py:3096} INFO - Sync 1 DAGs
[2024-07-01T09:44:58.696-0400] {logging_mixin.py:188} INFO - [2024-07-01T09:44:58.696-0400] {dag.py:3954} INFO - Setting next_dagrun for example_short_circuit_decorator to 2024-06-30 00:00:00+00:00, run_after=2024-07-01 00:00:00+00:00
[2024-07-01T09:44:58.712-0400] {processor.py:183} INFO - Processing /Users/christophercunningham/airflow_workspace/data-flow/data_flow_env/lib/python3.12/site-packages/airflow/example_dags/example_short_circuit_decorator.py took 0.145 seconds
[2024-07-01T09:46:46.165-0400] {processor.py:161} INFO - Started process (PID=15363) to work on /Users/christophercunningham/airflow_workspace/data-flow/data_flow_env/lib/python3.12/site-packages/airflow/example_dags/example_short_circuit_decorator.py
[2024-07-01T09:46:46.167-0400] {processor.py:830} INFO - Processing file /Users/christophercunningham/airflow_workspace/data-flow/data_flow_env/lib/python3.12/site-packages/airflow/example_dags/example_short_circuit_decorator.py for tasks to queue
[2024-07-01T09:46:46.167-0400] {logging_mixin.py:188} INFO - [2024-07-01T09:46:46.167-0400] {dagbag.py:545} INFO - Filling up the DagBag from /Users/christophercunningham/airflow_workspace/data-flow/data_flow_env/lib/python3.12/site-packages/airflow/example_dags/example_short_circuit_decorator.py
[2024-07-01T09:46:46.195-0400] {processor.py:840} INFO - DAG(s) 'example_short_circuit_decorator' retrieved from /Users/christophercunningham/airflow_workspace/data-flow/data_flow_env/lib/python3.12/site-packages/airflow/example_dags/example_short_circuit_decorator.py
[2024-07-01T09:46:46.269-0400] {logging_mixin.py:188} INFO - [2024-07-01T09:46:46.269-0400] {dag.py:3096} INFO - Sync 1 DAGs
[2024-07-01T09:46:46.280-0400] {logging_mixin.py:188} INFO - [2024-07-01T09:46:46.280-0400] {dag.py:3954} INFO - Setting next_dagrun for example_short_circuit_decorator to 2024-06-30 00:00:00+00:00, run_after=2024-07-01 00:00:00+00:00
[2024-07-01T09:46:46.294-0400] {processor.py:183} INFO - Processing /Users/christophercunningham/airflow_workspace/data-flow/data_flow_env/lib/python3.12/site-packages/airflow/example_dags/example_short_circuit_decorator.py took 0.133 seconds
[2024-07-01T09:48:32.563-0400] {processor.py:161} INFO - Started process (PID=15517) to work on /Users/christophercunningham/airflow_workspace/data-flow/data_flow_env/lib/python3.12/site-packages/airflow/example_dags/example_short_circuit_decorator.py
[2024-07-01T09:48:32.564-0400] {processor.py:830} INFO - Processing file /Users/christophercunningham/airflow_workspace/data-flow/data_flow_env/lib/python3.12/site-packages/airflow/example_dags/example_short_circuit_decorator.py for tasks to queue
[2024-07-01T09:48:32.565-0400] {logging_mixin.py:188} INFO - [2024-07-01T09:48:32.565-0400] {dagbag.py:545} INFO - Filling up the DagBag from /Users/christophercunningham/airflow_workspace/data-flow/data_flow_env/lib/python3.12/site-packages/airflow/example_dags/example_short_circuit_decorator.py
[2024-07-01T09:48:32.594-0400] {processor.py:840} INFO - DAG(s) 'example_short_circuit_decorator' retrieved from /Users/christophercunningham/airflow_workspace/data-flow/data_flow_env/lib/python3.12/site-packages/airflow/example_dags/example_short_circuit_decorator.py
[2024-07-01T09:48:32.670-0400] {logging_mixin.py:188} INFO - [2024-07-01T09:48:32.670-0400] {dag.py:3096} INFO - Sync 1 DAGs
[2024-07-01T09:48:32.682-0400] {logging_mixin.py:188} INFO - [2024-07-01T09:48:32.682-0400] {dag.py:3954} INFO - Setting next_dagrun for example_short_circuit_decorator to 2024-06-30 00:00:00+00:00, run_after=2024-07-01 00:00:00+00:00
[2024-07-01T09:48:32.694-0400] {processor.py:183} INFO - Processing /Users/christophercunningham/airflow_workspace/data-flow/data_flow_env/lib/python3.12/site-packages/airflow/example_dags/example_short_circuit_decorator.py took 0.136 seconds
[2024-07-01T09:50:20.782-0400] {processor.py:161} INFO - Started process (PID=15717) to work on /Users/christophercunningham/airflow_workspace/data-flow/data_flow_env/lib/python3.12/site-packages/airflow/example_dags/example_short_circuit_decorator.py
[2024-07-01T09:50:20.783-0400] {processor.py:830} INFO - Processing file /Users/christophercunningham/airflow_workspace/data-flow/data_flow_env/lib/python3.12/site-packages/airflow/example_dags/example_short_circuit_decorator.py for tasks to queue
[2024-07-01T09:50:20.783-0400] {logging_mixin.py:188} INFO - [2024-07-01T09:50:20.783-0400] {dagbag.py:545} INFO - Filling up the DagBag from /Users/christophercunningham/airflow_workspace/data-flow/data_flow_env/lib/python3.12/site-packages/airflow/example_dags/example_short_circuit_decorator.py
[2024-07-01T09:50:20.816-0400] {processor.py:840} INFO - DAG(s) 'example_short_circuit_decorator' retrieved from /Users/christophercunningham/airflow_workspace/data-flow/data_flow_env/lib/python3.12/site-packages/airflow/example_dags/example_short_circuit_decorator.py
[2024-07-01T09:50:20.896-0400] {logging_mixin.py:188} INFO - [2024-07-01T09:50:20.895-0400] {dag.py:3096} INFO - Sync 1 DAGs
[2024-07-01T09:50:20.908-0400] {logging_mixin.py:188} INFO - [2024-07-01T09:50:20.908-0400] {dag.py:3954} INFO - Setting next_dagrun for example_short_circuit_decorator to 2024-06-30 00:00:00+00:00, run_after=2024-07-01 00:00:00+00:00
[2024-07-01T09:50:20.925-0400] {processor.py:183} INFO - Processing /Users/christophercunningham/airflow_workspace/data-flow/data_flow_env/lib/python3.12/site-packages/airflow/example_dags/example_short_circuit_decorator.py took 0.146 seconds
[2024-07-01T09:52:09.478-0400] {processor.py:161} INFO - Started process (PID=15896) to work on /Users/christophercunningham/airflow_workspace/data-flow/data_flow_env/lib/python3.12/site-packages/airflow/example_dags/example_short_circuit_decorator.py
[2024-07-01T09:52:09.479-0400] {processor.py:830} INFO - Processing file /Users/christophercunningham/airflow_workspace/data-flow/data_flow_env/lib/python3.12/site-packages/airflow/example_dags/example_short_circuit_decorator.py for tasks to queue
[2024-07-01T09:52:09.480-0400] {logging_mixin.py:188} INFO - [2024-07-01T09:52:09.480-0400] {dagbag.py:545} INFO - Filling up the DagBag from /Users/christophercunningham/airflow_workspace/data-flow/data_flow_env/lib/python3.12/site-packages/airflow/example_dags/example_short_circuit_decorator.py
[2024-07-01T09:52:09.509-0400] {processor.py:840} INFO - DAG(s) 'example_short_circuit_decorator' retrieved from /Users/christophercunningham/airflow_workspace/data-flow/data_flow_env/lib/python3.12/site-packages/airflow/example_dags/example_short_circuit_decorator.py
[2024-07-01T09:52:09.589-0400] {logging_mixin.py:188} INFO - [2024-07-01T09:52:09.589-0400] {dag.py:3096} INFO - Sync 1 DAGs
[2024-07-01T09:52:09.601-0400] {logging_mixin.py:188} INFO - [2024-07-01T09:52:09.601-0400] {dag.py:3954} INFO - Setting next_dagrun for example_short_circuit_decorator to 2024-06-30 00:00:00+00:00, run_after=2024-07-01 00:00:00+00:00
[2024-07-01T09:52:09.616-0400] {processor.py:183} INFO - Processing /Users/christophercunningham/airflow_workspace/data-flow/data_flow_env/lib/python3.12/site-packages/airflow/example_dags/example_short_circuit_decorator.py took 0.144 seconds
[2024-07-01T09:53:50.255-0400] {processor.py:161} INFO - Started process (PID=16062) to work on /Users/christophercunningham/airflow_workspace/data-flow/data_flow_env/lib/python3.12/site-packages/airflow/example_dags/example_short_circuit_decorator.py
[2024-07-01T09:53:50.257-0400] {processor.py:830} INFO - Processing file /Users/christophercunningham/airflow_workspace/data-flow/data_flow_env/lib/python3.12/site-packages/airflow/example_dags/example_short_circuit_decorator.py for tasks to queue
[2024-07-01T09:53:50.258-0400] {logging_mixin.py:188} INFO - [2024-07-01T09:53:50.258-0400] {dagbag.py:545} INFO - Filling up the DagBag from /Users/christophercunningham/airflow_workspace/data-flow/data_flow_env/lib/python3.12/site-packages/airflow/example_dags/example_short_circuit_decorator.py
[2024-07-01T09:53:50.286-0400] {processor.py:840} INFO - DAG(s) 'example_short_circuit_decorator' retrieved from /Users/christophercunningham/airflow_workspace/data-flow/data_flow_env/lib/python3.12/site-packages/airflow/example_dags/example_short_circuit_decorator.py
[2024-07-01T09:53:50.360-0400] {logging_mixin.py:188} INFO - [2024-07-01T09:53:50.360-0400] {dag.py:3096} INFO - Sync 1 DAGs
[2024-07-01T09:53:50.372-0400] {logging_mixin.py:188} INFO - [2024-07-01T09:53:50.372-0400] {dag.py:3954} INFO - Setting next_dagrun for example_short_circuit_decorator to 2024-06-30 00:00:00+00:00, run_after=2024-07-01 00:00:00+00:00
[2024-07-01T09:53:50.384-0400] {processor.py:183} INFO - Processing /Users/christophercunningham/airflow_workspace/data-flow/data_flow_env/lib/python3.12/site-packages/airflow/example_dags/example_short_circuit_decorator.py took 0.134 seconds
[2024-07-01T09:55:29.568-0400] {processor.py:161} INFO - Started process (PID=16289) to work on /Users/christophercunningham/airflow_workspace/data-flow/data_flow_env/lib/python3.12/site-packages/airflow/example_dags/example_short_circuit_decorator.py
[2024-07-01T09:55:29.570-0400] {processor.py:830} INFO - Processing file /Users/christophercunningham/airflow_workspace/data-flow/data_flow_env/lib/python3.12/site-packages/airflow/example_dags/example_short_circuit_decorator.py for tasks to queue
[2024-07-01T09:55:29.571-0400] {logging_mixin.py:188} INFO - [2024-07-01T09:55:29.571-0400] {dagbag.py:545} INFO - Filling up the DagBag from /Users/christophercunningham/airflow_workspace/data-flow/data_flow_env/lib/python3.12/site-packages/airflow/example_dags/example_short_circuit_decorator.py
[2024-07-01T09:55:29.602-0400] {processor.py:840} INFO - DAG(s) 'example_short_circuit_decorator' retrieved from /Users/christophercunningham/airflow_workspace/data-flow/data_flow_env/lib/python3.12/site-packages/airflow/example_dags/example_short_circuit_decorator.py
[2024-07-01T09:55:29.676-0400] {logging_mixin.py:188} INFO - [2024-07-01T09:55:29.676-0400] {dag.py:3096} INFO - Sync 1 DAGs
[2024-07-01T09:55:29.688-0400] {logging_mixin.py:188} INFO - [2024-07-01T09:55:29.688-0400] {dag.py:3954} INFO - Setting next_dagrun for example_short_circuit_decorator to 2024-06-30 00:00:00+00:00, run_after=2024-07-01 00:00:00+00:00
[2024-07-01T09:55:29.701-0400] {processor.py:183} INFO - Processing /Users/christophercunningham/airflow_workspace/data-flow/data_flow_env/lib/python3.12/site-packages/airflow/example_dags/example_short_circuit_decorator.py took 0.138 seconds
[2024-07-01T09:57:11.266-0400] {processor.py:161} INFO - Started process (PID=16498) to work on /Users/christophercunningham/airflow_workspace/data-flow/data_flow_env/lib/python3.12/site-packages/airflow/example_dags/example_short_circuit_decorator.py
[2024-07-01T09:57:11.267-0400] {processor.py:830} INFO - Processing file /Users/christophercunningham/airflow_workspace/data-flow/data_flow_env/lib/python3.12/site-packages/airflow/example_dags/example_short_circuit_decorator.py for tasks to queue
[2024-07-01T09:57:11.268-0400] {logging_mixin.py:188} INFO - [2024-07-01T09:57:11.267-0400] {dagbag.py:545} INFO - Filling up the DagBag from /Users/christophercunningham/airflow_workspace/data-flow/data_flow_env/lib/python3.12/site-packages/airflow/example_dags/example_short_circuit_decorator.py
[2024-07-01T09:57:11.297-0400] {processor.py:840} INFO - DAG(s) 'example_short_circuit_decorator' retrieved from /Users/christophercunningham/airflow_workspace/data-flow/data_flow_env/lib/python3.12/site-packages/airflow/example_dags/example_short_circuit_decorator.py
[2024-07-01T09:57:11.369-0400] {logging_mixin.py:188} INFO - [2024-07-01T09:57:11.369-0400] {dag.py:3096} INFO - Sync 1 DAGs
[2024-07-01T09:57:11.381-0400] {logging_mixin.py:188} INFO - [2024-07-01T09:57:11.381-0400] {dag.py:3954} INFO - Setting next_dagrun for example_short_circuit_decorator to 2024-06-30 00:00:00+00:00, run_after=2024-07-01 00:00:00+00:00
[2024-07-01T09:57:11.393-0400] {processor.py:183} INFO - Processing /Users/christophercunningham/airflow_workspace/data-flow/data_flow_env/lib/python3.12/site-packages/airflow/example_dags/example_short_circuit_decorator.py took 0.132 seconds
[2024-07-01T09:58:54.803-0400] {processor.py:161} INFO - Started process (PID=16728) to work on /Users/christophercunningham/airflow_workspace/data-flow/data_flow_env/lib/python3.12/site-packages/airflow/example_dags/example_short_circuit_decorator.py
[2024-07-01T09:58:54.805-0400] {processor.py:830} INFO - Processing file /Users/christophercunningham/airflow_workspace/data-flow/data_flow_env/lib/python3.12/site-packages/airflow/example_dags/example_short_circuit_decorator.py for tasks to queue
[2024-07-01T09:58:54.806-0400] {logging_mixin.py:188} INFO - [2024-07-01T09:58:54.805-0400] {dagbag.py:545} INFO - Filling up the DagBag from /Users/christophercunningham/airflow_workspace/data-flow/data_flow_env/lib/python3.12/site-packages/airflow/example_dags/example_short_circuit_decorator.py
[2024-07-01T09:58:54.834-0400] {processor.py:840} INFO - DAG(s) 'example_short_circuit_decorator' retrieved from /Users/christophercunningham/airflow_workspace/data-flow/data_flow_env/lib/python3.12/site-packages/airflow/example_dags/example_short_circuit_decorator.py
[2024-07-01T09:58:54.909-0400] {logging_mixin.py:188} INFO - [2024-07-01T09:58:54.909-0400] {dag.py:3096} INFO - Sync 1 DAGs
[2024-07-01T09:58:54.922-0400] {logging_mixin.py:188} INFO - [2024-07-01T09:58:54.922-0400] {dag.py:3954} INFO - Setting next_dagrun for example_short_circuit_decorator to 2024-06-30 00:00:00+00:00, run_after=2024-07-01 00:00:00+00:00
[2024-07-01T09:58:54.935-0400] {processor.py:183} INFO - Processing /Users/christophercunningham/airflow_workspace/data-flow/data_flow_env/lib/python3.12/site-packages/airflow/example_dags/example_short_circuit_decorator.py took 0.137 seconds
[2024-07-01T10:00:37.516-0400] {processor.py:161} INFO - Started process (PID=16985) to work on /Users/christophercunningham/airflow_workspace/data-flow/data_flow_env/lib/python3.12/site-packages/airflow/example_dags/example_short_circuit_decorator.py
[2024-07-01T10:00:37.518-0400] {processor.py:830} INFO - Processing file /Users/christophercunningham/airflow_workspace/data-flow/data_flow_env/lib/python3.12/site-packages/airflow/example_dags/example_short_circuit_decorator.py for tasks to queue
[2024-07-01T10:00:37.518-0400] {logging_mixin.py:188} INFO - [2024-07-01T10:00:37.518-0400] {dagbag.py:545} INFO - Filling up the DagBag from /Users/christophercunningham/airflow_workspace/data-flow/data_flow_env/lib/python3.12/site-packages/airflow/example_dags/example_short_circuit_decorator.py
[2024-07-01T10:00:37.551-0400] {processor.py:840} INFO - DAG(s) 'example_short_circuit_decorator' retrieved from /Users/christophercunningham/airflow_workspace/data-flow/data_flow_env/lib/python3.12/site-packages/airflow/example_dags/example_short_circuit_decorator.py
[2024-07-01T10:00:37.627-0400] {logging_mixin.py:188} INFO - [2024-07-01T10:00:37.626-0400] {dag.py:3096} INFO - Sync 1 DAGs
[2024-07-01T10:00:37.639-0400] {logging_mixin.py:188} INFO - [2024-07-01T10:00:37.639-0400] {dag.py:3954} INFO - Setting next_dagrun for example_short_circuit_decorator to 2024-06-30 00:00:00+00:00, run_after=2024-07-01 00:00:00+00:00
[2024-07-01T10:00:37.656-0400] {processor.py:183} INFO - Processing /Users/christophercunningham/airflow_workspace/data-flow/data_flow_env/lib/python3.12/site-packages/airflow/example_dags/example_short_circuit_decorator.py took 0.145 seconds
[2024-07-01T10:02:20.067-0400] {processor.py:161} INFO - Started process (PID=17194) to work on /Users/christophercunningham/airflow_workspace/data-flow/data_flow_env/lib/python3.12/site-packages/airflow/example_dags/example_short_circuit_decorator.py
[2024-07-01T10:02:20.068-0400] {processor.py:830} INFO - Processing file /Users/christophercunningham/airflow_workspace/data-flow/data_flow_env/lib/python3.12/site-packages/airflow/example_dags/example_short_circuit_decorator.py for tasks to queue
[2024-07-01T10:02:20.069-0400] {logging_mixin.py:188} INFO - [2024-07-01T10:02:20.069-0400] {dagbag.py:545} INFO - Filling up the DagBag from /Users/christophercunningham/airflow_workspace/data-flow/data_flow_env/lib/python3.12/site-packages/airflow/example_dags/example_short_circuit_decorator.py
[2024-07-01T10:02:20.102-0400] {processor.py:840} INFO - DAG(s) 'example_short_circuit_decorator' retrieved from /Users/christophercunningham/airflow_workspace/data-flow/data_flow_env/lib/python3.12/site-packages/airflow/example_dags/example_short_circuit_decorator.py
[2024-07-01T10:02:20.182-0400] {logging_mixin.py:188} INFO - [2024-07-01T10:02:20.182-0400] {dag.py:3096} INFO - Sync 1 DAGs
[2024-07-01T10:02:20.194-0400] {logging_mixin.py:188} INFO - [2024-07-01T10:02:20.194-0400] {dag.py:3954} INFO - Setting next_dagrun for example_short_circuit_decorator to 2024-06-30 00:00:00+00:00, run_after=2024-07-01 00:00:00+00:00
[2024-07-01T10:02:20.208-0400] {processor.py:183} INFO - Processing /Users/christophercunningham/airflow_workspace/data-flow/data_flow_env/lib/python3.12/site-packages/airflow/example_dags/example_short_circuit_decorator.py took 0.144 seconds
[2024-07-01T10:04:06.592-0400] {processor.py:161} INFO - Started process (PID=17406) to work on /Users/christophercunningham/airflow_workspace/data-flow/data_flow_env/lib/python3.12/site-packages/airflow/example_dags/example_short_circuit_decorator.py
[2024-07-01T10:04:06.594-0400] {processor.py:830} INFO - Processing file /Users/christophercunningham/airflow_workspace/data-flow/data_flow_env/lib/python3.12/site-packages/airflow/example_dags/example_short_circuit_decorator.py for tasks to queue
[2024-07-01T10:04:06.595-0400] {logging_mixin.py:188} INFO - [2024-07-01T10:04:06.595-0400] {dagbag.py:545} INFO - Filling up the DagBag from /Users/christophercunningham/airflow_workspace/data-flow/data_flow_env/lib/python3.12/site-packages/airflow/example_dags/example_short_circuit_decorator.py
[2024-07-01T10:04:06.637-0400] {processor.py:840} INFO - DAG(s) 'example_short_circuit_decorator' retrieved from /Users/christophercunningham/airflow_workspace/data-flow/data_flow_env/lib/python3.12/site-packages/airflow/example_dags/example_short_circuit_decorator.py
[2024-07-01T10:04:06.729-0400] {logging_mixin.py:188} INFO - [2024-07-01T10:04:06.728-0400] {dag.py:3096} INFO - Sync 1 DAGs
[2024-07-01T10:04:06.742-0400] {logging_mixin.py:188} INFO - [2024-07-01T10:04:06.742-0400] {dag.py:3954} INFO - Setting next_dagrun for example_short_circuit_decorator to 2024-06-30 00:00:00+00:00, run_after=2024-07-01 00:00:00+00:00
[2024-07-01T10:04:06.755-0400] {processor.py:183} INFO - Processing /Users/christophercunningham/airflow_workspace/data-flow/data_flow_env/lib/python3.12/site-packages/airflow/example_dags/example_short_circuit_decorator.py took 0.167 seconds
[2024-07-01T10:05:57.685-0400] {processor.py:161} INFO - Started process (PID=17639) to work on /Users/christophercunningham/airflow_workspace/data-flow/data_flow_env/lib/python3.12/site-packages/airflow/example_dags/example_short_circuit_decorator.py
[2024-07-01T10:05:57.686-0400] {processor.py:830} INFO - Processing file /Users/christophercunningham/airflow_workspace/data-flow/data_flow_env/lib/python3.12/site-packages/airflow/example_dags/example_short_circuit_decorator.py for tasks to queue
[2024-07-01T10:05:57.686-0400] {logging_mixin.py:188} INFO - [2024-07-01T10:05:57.686-0400] {dagbag.py:545} INFO - Filling up the DagBag from /Users/christophercunningham/airflow_workspace/data-flow/data_flow_env/lib/python3.12/site-packages/airflow/example_dags/example_short_circuit_decorator.py
[2024-07-01T10:05:57.720-0400] {processor.py:840} INFO - DAG(s) 'example_short_circuit_decorator' retrieved from /Users/christophercunningham/airflow_workspace/data-flow/data_flow_env/lib/python3.12/site-packages/airflow/example_dags/example_short_circuit_decorator.py
[2024-07-01T10:05:57.800-0400] {logging_mixin.py:188} INFO - [2024-07-01T10:05:57.799-0400] {dag.py:3096} INFO - Sync 1 DAGs
[2024-07-01T10:05:57.812-0400] {logging_mixin.py:188} INFO - [2024-07-01T10:05:57.812-0400] {dag.py:3954} INFO - Setting next_dagrun for example_short_circuit_decorator to 2024-06-30 00:00:00+00:00, run_after=2024-07-01 00:00:00+00:00
[2024-07-01T10:05:57.826-0400] {processor.py:183} INFO - Processing /Users/christophercunningham/airflow_workspace/data-flow/data_flow_env/lib/python3.12/site-packages/airflow/example_dags/example_short_circuit_decorator.py took 0.146 seconds
[2024-07-01T10:07:47.561-0400] {processor.py:161} INFO - Started process (PID=17872) to work on /Users/christophercunningham/airflow_workspace/data-flow/data_flow_env/lib/python3.12/site-packages/airflow/example_dags/example_short_circuit_decorator.py
[2024-07-01T10:07:47.563-0400] {processor.py:830} INFO - Processing file /Users/christophercunningham/airflow_workspace/data-flow/data_flow_env/lib/python3.12/site-packages/airflow/example_dags/example_short_circuit_decorator.py for tasks to queue
[2024-07-01T10:07:47.563-0400] {logging_mixin.py:188} INFO - [2024-07-01T10:07:47.563-0400] {dagbag.py:545} INFO - Filling up the DagBag from /Users/christophercunningham/airflow_workspace/data-flow/data_flow_env/lib/python3.12/site-packages/airflow/example_dags/example_short_circuit_decorator.py
[2024-07-01T10:07:47.593-0400] {processor.py:840} INFO - DAG(s) 'example_short_circuit_decorator' retrieved from /Users/christophercunningham/airflow_workspace/data-flow/data_flow_env/lib/python3.12/site-packages/airflow/example_dags/example_short_circuit_decorator.py
[2024-07-01T10:07:47.667-0400] {logging_mixin.py:188} INFO - [2024-07-01T10:07:47.667-0400] {dag.py:3096} INFO - Sync 1 DAGs
[2024-07-01T10:07:47.678-0400] {logging_mixin.py:188} INFO - [2024-07-01T10:07:47.678-0400] {dag.py:3954} INFO - Setting next_dagrun for example_short_circuit_decorator to 2024-06-30 00:00:00+00:00, run_after=2024-07-01 00:00:00+00:00
[2024-07-01T10:07:47.691-0400] {processor.py:183} INFO - Processing /Users/christophercunningham/airflow_workspace/data-flow/data_flow_env/lib/python3.12/site-packages/airflow/example_dags/example_short_circuit_decorator.py took 0.135 seconds
[2024-07-01T10:09:34.075-0400] {processor.py:161} INFO - Started process (PID=18089) to work on /Users/christophercunningham/airflow_workspace/data-flow/data_flow_env/lib/python3.12/site-packages/airflow/example_dags/example_short_circuit_decorator.py
[2024-07-01T10:09:34.076-0400] {processor.py:830} INFO - Processing file /Users/christophercunningham/airflow_workspace/data-flow/data_flow_env/lib/python3.12/site-packages/airflow/example_dags/example_short_circuit_decorator.py for tasks to queue
[2024-07-01T10:09:34.077-0400] {logging_mixin.py:188} INFO - [2024-07-01T10:09:34.077-0400] {dagbag.py:545} INFO - Filling up the DagBag from /Users/christophercunningham/airflow_workspace/data-flow/data_flow_env/lib/python3.12/site-packages/airflow/example_dags/example_short_circuit_decorator.py
[2024-07-01T10:09:34.107-0400] {processor.py:840} INFO - DAG(s) 'example_short_circuit_decorator' retrieved from /Users/christophercunningham/airflow_workspace/data-flow/data_flow_env/lib/python3.12/site-packages/airflow/example_dags/example_short_circuit_decorator.py
[2024-07-01T10:09:34.179-0400] {logging_mixin.py:188} INFO - [2024-07-01T10:09:34.179-0400] {dag.py:3096} INFO - Sync 1 DAGs
[2024-07-01T10:09:34.190-0400] {logging_mixin.py:188} INFO - [2024-07-01T10:09:34.190-0400] {dag.py:3954} INFO - Setting next_dagrun for example_short_circuit_decorator to 2024-06-30 00:00:00+00:00, run_after=2024-07-01 00:00:00+00:00
[2024-07-01T10:09:34.203-0400] {processor.py:183} INFO - Processing /Users/christophercunningham/airflow_workspace/data-flow/data_flow_env/lib/python3.12/site-packages/airflow/example_dags/example_short_circuit_decorator.py took 0.133 seconds
[2024-07-01T10:11:16.858-0400] {processor.py:161} INFO - Started process (PID=18348) to work on /Users/christophercunningham/airflow_workspace/data-flow/data_flow_env/lib/python3.12/site-packages/airflow/example_dags/example_short_circuit_decorator.py
[2024-07-01T10:11:16.859-0400] {processor.py:830} INFO - Processing file /Users/christophercunningham/airflow_workspace/data-flow/data_flow_env/lib/python3.12/site-packages/airflow/example_dags/example_short_circuit_decorator.py for tasks to queue
[2024-07-01T10:11:16.860-0400] {logging_mixin.py:188} INFO - [2024-07-01T10:11:16.860-0400] {dagbag.py:545} INFO - Filling up the DagBag from /Users/christophercunningham/airflow_workspace/data-flow/data_flow_env/lib/python3.12/site-packages/airflow/example_dags/example_short_circuit_decorator.py
[2024-07-01T10:11:16.888-0400] {processor.py:840} INFO - DAG(s) 'example_short_circuit_decorator' retrieved from /Users/christophercunningham/airflow_workspace/data-flow/data_flow_env/lib/python3.12/site-packages/airflow/example_dags/example_short_circuit_decorator.py
[2024-07-01T10:11:16.963-0400] {logging_mixin.py:188} INFO - [2024-07-01T10:11:16.963-0400] {dag.py:3096} INFO - Sync 1 DAGs
[2024-07-01T10:11:16.975-0400] {logging_mixin.py:188} INFO - [2024-07-01T10:11:16.975-0400] {dag.py:3954} INFO - Setting next_dagrun for example_short_circuit_decorator to 2024-06-30 00:00:00+00:00, run_after=2024-07-01 00:00:00+00:00
[2024-07-01T10:11:16.988-0400] {processor.py:183} INFO - Processing /Users/christophercunningham/airflow_workspace/data-flow/data_flow_env/lib/python3.12/site-packages/airflow/example_dags/example_short_circuit_decorator.py took 0.135 seconds
[2024-07-01T10:12:56.533-0400] {processor.py:161} INFO - Started process (PID=18554) to work on /Users/christophercunningham/airflow_workspace/data-flow/data_flow_env/lib/python3.12/site-packages/airflow/example_dags/example_short_circuit_decorator.py
[2024-07-01T10:12:56.535-0400] {processor.py:830} INFO - Processing file /Users/christophercunningham/airflow_workspace/data-flow/data_flow_env/lib/python3.12/site-packages/airflow/example_dags/example_short_circuit_decorator.py for tasks to queue
[2024-07-01T10:12:56.535-0400] {logging_mixin.py:188} INFO - [2024-07-01T10:12:56.535-0400] {dagbag.py:545} INFO - Filling up the DagBag from /Users/christophercunningham/airflow_workspace/data-flow/data_flow_env/lib/python3.12/site-packages/airflow/example_dags/example_short_circuit_decorator.py
[2024-07-01T10:12:56.565-0400] {processor.py:840} INFO - DAG(s) 'example_short_circuit_decorator' retrieved from /Users/christophercunningham/airflow_workspace/data-flow/data_flow_env/lib/python3.12/site-packages/airflow/example_dags/example_short_circuit_decorator.py
[2024-07-01T10:12:56.637-0400] {logging_mixin.py:188} INFO - [2024-07-01T10:12:56.637-0400] {dag.py:3096} INFO - Sync 1 DAGs
[2024-07-01T10:12:56.649-0400] {logging_mixin.py:188} INFO - [2024-07-01T10:12:56.649-0400] {dag.py:3954} INFO - Setting next_dagrun for example_short_circuit_decorator to 2024-06-30 00:00:00+00:00, run_after=2024-07-01 00:00:00+00:00
[2024-07-01T10:12:56.661-0400] {processor.py:183} INFO - Processing /Users/christophercunningham/airflow_workspace/data-flow/data_flow_env/lib/python3.12/site-packages/airflow/example_dags/example_short_circuit_decorator.py took 0.133 seconds
[2024-07-01T10:14:43.582-0400] {processor.py:161} INFO - Started process (PID=18812) to work on /Users/christophercunningham/airflow_workspace/data-flow/data_flow_env/lib/python3.12/site-packages/airflow/example_dags/example_short_circuit_decorator.py
[2024-07-01T10:14:43.583-0400] {processor.py:830} INFO - Processing file /Users/christophercunningham/airflow_workspace/data-flow/data_flow_env/lib/python3.12/site-packages/airflow/example_dags/example_short_circuit_decorator.py for tasks to queue
[2024-07-01T10:14:43.584-0400] {logging_mixin.py:188} INFO - [2024-07-01T10:14:43.584-0400] {dagbag.py:545} INFO - Filling up the DagBag from /Users/christophercunningham/airflow_workspace/data-flow/data_flow_env/lib/python3.12/site-packages/airflow/example_dags/example_short_circuit_decorator.py
[2024-07-01T10:14:43.613-0400] {processor.py:840} INFO - DAG(s) 'example_short_circuit_decorator' retrieved from /Users/christophercunningham/airflow_workspace/data-flow/data_flow_env/lib/python3.12/site-packages/airflow/example_dags/example_short_circuit_decorator.py
[2024-07-01T10:14:43.692-0400] {logging_mixin.py:188} INFO - [2024-07-01T10:14:43.692-0400] {dag.py:3096} INFO - Sync 1 DAGs
[2024-07-01T10:14:43.704-0400] {logging_mixin.py:188} INFO - [2024-07-01T10:14:43.703-0400] {dag.py:3954} INFO - Setting next_dagrun for example_short_circuit_decorator to 2024-06-30 00:00:00+00:00, run_after=2024-07-01 00:00:00+00:00
[2024-07-01T10:14:43.716-0400] {processor.py:183} INFO - Processing /Users/christophercunningham/airflow_workspace/data-flow/data_flow_env/lib/python3.12/site-packages/airflow/example_dags/example_short_circuit_decorator.py took 0.139 seconds
[2024-07-01T10:16:30.011-0400] {processor.py:161} INFO - Started process (PID=19059) to work on /Users/christophercunningham/airflow_workspace/data-flow/data_flow_env/lib/python3.12/site-packages/airflow/example_dags/example_short_circuit_decorator.py
[2024-07-01T10:16:30.012-0400] {processor.py:830} INFO - Processing file /Users/christophercunningham/airflow_workspace/data-flow/data_flow_env/lib/python3.12/site-packages/airflow/example_dags/example_short_circuit_decorator.py for tasks to queue
[2024-07-01T10:16:30.013-0400] {logging_mixin.py:188} INFO - [2024-07-01T10:16:30.013-0400] {dagbag.py:545} INFO - Filling up the DagBag from /Users/christophercunningham/airflow_workspace/data-flow/data_flow_env/lib/python3.12/site-packages/airflow/example_dags/example_short_circuit_decorator.py
[2024-07-01T10:16:30.043-0400] {processor.py:840} INFO - DAG(s) 'example_short_circuit_decorator' retrieved from /Users/christophercunningham/airflow_workspace/data-flow/data_flow_env/lib/python3.12/site-packages/airflow/example_dags/example_short_circuit_decorator.py
[2024-07-01T10:16:30.117-0400] {logging_mixin.py:188} INFO - [2024-07-01T10:16:30.117-0400] {dag.py:3096} INFO - Sync 1 DAGs
[2024-07-01T10:16:30.130-0400] {logging_mixin.py:188} INFO - [2024-07-01T10:16:30.130-0400] {dag.py:3954} INFO - Setting next_dagrun for example_short_circuit_decorator to 2024-06-30 00:00:00+00:00, run_after=2024-07-01 00:00:00+00:00
[2024-07-01T10:16:30.143-0400] {processor.py:183} INFO - Processing /Users/christophercunningham/airflow_workspace/data-flow/data_flow_env/lib/python3.12/site-packages/airflow/example_dags/example_short_circuit_decorator.py took 0.137 seconds
[2024-07-01T10:18:20.687-0400] {processor.py:161} INFO - Started process (PID=19267) to work on /Users/christophercunningham/airflow_workspace/data-flow/data_flow_env/lib/python3.12/site-packages/airflow/example_dags/example_short_circuit_decorator.py
[2024-07-01T10:18:20.688-0400] {processor.py:830} INFO - Processing file /Users/christophercunningham/airflow_workspace/data-flow/data_flow_env/lib/python3.12/site-packages/airflow/example_dags/example_short_circuit_decorator.py for tasks to queue
[2024-07-01T10:18:20.688-0400] {logging_mixin.py:188} INFO - [2024-07-01T10:18:20.688-0400] {dagbag.py:545} INFO - Filling up the DagBag from /Users/christophercunningham/airflow_workspace/data-flow/data_flow_env/lib/python3.12/site-packages/airflow/example_dags/example_short_circuit_decorator.py
[2024-07-01T10:18:20.722-0400] {processor.py:840} INFO - DAG(s) 'example_short_circuit_decorator' retrieved from /Users/christophercunningham/airflow_workspace/data-flow/data_flow_env/lib/python3.12/site-packages/airflow/example_dags/example_short_circuit_decorator.py
[2024-07-01T10:18:20.804-0400] {logging_mixin.py:188} INFO - [2024-07-01T10:18:20.803-0400] {dag.py:3096} INFO - Sync 1 DAGs
[2024-07-01T10:18:20.816-0400] {logging_mixin.py:188} INFO - [2024-07-01T10:18:20.816-0400] {dag.py:3954} INFO - Setting next_dagrun for example_short_circuit_decorator to 2024-06-30 00:00:00+00:00, run_after=2024-07-01 00:00:00+00:00
[2024-07-01T10:18:20.830-0400] {processor.py:183} INFO - Processing /Users/christophercunningham/airflow_workspace/data-flow/data_flow_env/lib/python3.12/site-packages/airflow/example_dags/example_short_circuit_decorator.py took 0.146 seconds
[2024-07-01T10:39:37.586-0400] {processor.py:161} INFO - Started process (PID=21201) to work on /Users/christophercunningham/airflow_workspace/data-flow/data_flow_env/lib/python3.12/site-packages/airflow/example_dags/example_short_circuit_decorator.py
[2024-07-01T10:39:37.588-0400] {processor.py:830} INFO - Processing file /Users/christophercunningham/airflow_workspace/data-flow/data_flow_env/lib/python3.12/site-packages/airflow/example_dags/example_short_circuit_decorator.py for tasks to queue
[2024-07-01T10:39:37.588-0400] {logging_mixin.py:188} INFO - [2024-07-01T10:39:37.588-0400] {dagbag.py:545} INFO - Filling up the DagBag from /Users/christophercunningham/airflow_workspace/data-flow/data_flow_env/lib/python3.12/site-packages/airflow/example_dags/example_short_circuit_decorator.py
[2024-07-01T10:39:37.623-0400] {processor.py:840} INFO - DAG(s) 'example_short_circuit_decorator' retrieved from /Users/christophercunningham/airflow_workspace/data-flow/data_flow_env/lib/python3.12/site-packages/airflow/example_dags/example_short_circuit_decorator.py
[2024-07-01T10:39:37.834-0400] {logging_mixin.py:188} INFO - [2024-07-01T10:39:37.834-0400] {dag.py:3096} INFO - Sync 1 DAGs
[2024-07-01T10:39:37.847-0400] {logging_mixin.py:188} INFO - [2024-07-01T10:39:37.847-0400] {dag.py:3954} INFO - Setting next_dagrun for example_short_circuit_decorator to 2024-06-30 00:00:00+00:00, run_after=2024-07-01 00:00:00+00:00
[2024-07-01T10:39:37.863-0400] {processor.py:183} INFO - Processing /Users/christophercunningham/airflow_workspace/data-flow/data_flow_env/lib/python3.12/site-packages/airflow/example_dags/example_short_circuit_decorator.py took 0.280 seconds
