[2024-07-01T09:31:35.559-0400] {processor.py:161} INFO - Started process (PID=13838) to work on /Users/christophercunningham/airflow_workspace/data-flow/data_flow_env/lib/python3.12/site-packages/airflow/example_dags/example_xcom.py
[2024-07-01T09:31:35.561-0400] {processor.py:830} INFO - Processing file /Users/christophercunningham/airflow_workspace/data-flow/data_flow_env/lib/python3.12/site-packages/airflow/example_dags/example_xcom.py for tasks to queue
[2024-07-01T09:31:35.562-0400] {logging_mixin.py:188} INFO - [2024-07-01T09:31:35.562-0400] {dagbag.py:545} INFO - Filling up the DagBag from /Users/christophercunningham/airflow_workspace/data-flow/data_flow_env/lib/python3.12/site-packages/airflow/example_dags/example_xcom.py
[2024-07-01T09:31:35.593-0400] {processor.py:840} INFO - DAG(s) 'example_xcom' retrieved from /Users/christophercunningham/airflow_workspace/data-flow/data_flow_env/lib/python3.12/site-packages/airflow/example_dags/example_xcom.py
[2024-07-01T09:31:35.799-0400] {logging_mixin.py:188} INFO - [2024-07-01T09:31:35.799-0400] {dag.py:3096} INFO - Sync 1 DAGs
[2024-07-01T09:31:35.817-0400] {logging_mixin.py:188} INFO - [2024-07-01T09:31:35.816-0400] {dag.py:3954} INFO - Setting next_dagrun for example_xcom to 2021-01-01 00:00:00+00:00, run_after=2021-01-01 00:00:00+00:00
[2024-07-01T09:31:35.836-0400] {processor.py:183} INFO - Processing /Users/christophercunningham/airflow_workspace/data-flow/data_flow_env/lib/python3.12/site-packages/airflow/example_dags/example_xcom.py took 0.282 seconds
[2024-07-01T09:33:54.361-0400] {processor.py:161} INFO - Started process (PID=14114) to work on /Users/christophercunningham/airflow_workspace/data-flow/data_flow_env/lib/python3.12/site-packages/airflow/example_dags/example_xcom.py
[2024-07-01T09:33:54.362-0400] {processor.py:830} INFO - Processing file /Users/christophercunningham/airflow_workspace/data-flow/data_flow_env/lib/python3.12/site-packages/airflow/example_dags/example_xcom.py for tasks to queue
[2024-07-01T09:33:54.363-0400] {logging_mixin.py:188} INFO - [2024-07-01T09:33:54.363-0400] {dagbag.py:545} INFO - Filling up the DagBag from /Users/christophercunningham/airflow_workspace/data-flow/data_flow_env/lib/python3.12/site-packages/airflow/example_dags/example_xcom.py
[2024-07-01T09:33:54.392-0400] {processor.py:840} INFO - DAG(s) 'example_xcom' retrieved from /Users/christophercunningham/airflow_workspace/data-flow/data_flow_env/lib/python3.12/site-packages/airflow/example_dags/example_xcom.py
[2024-07-01T09:33:54.469-0400] {logging_mixin.py:188} INFO - [2024-07-01T09:33:54.469-0400] {dag.py:3096} INFO - Sync 1 DAGs
[2024-07-01T09:33:54.481-0400] {logging_mixin.py:188} INFO - [2024-07-01T09:33:54.480-0400] {dag.py:3954} INFO - Setting next_dagrun for example_xcom to 2021-01-01 00:00:00+00:00, run_after=2021-01-01 00:00:00+00:00
[2024-07-01T09:33:54.494-0400] {processor.py:183} INFO - Processing /Users/christophercunningham/airflow_workspace/data-flow/data_flow_env/lib/python3.12/site-packages/airflow/example_dags/example_xcom.py took 0.138 seconds
[2024-07-01T09:35:38.984-0400] {processor.py:161} INFO - Started process (PID=14267) to work on /Users/christophercunningham/airflow_workspace/data-flow/data_flow_env/lib/python3.12/site-packages/airflow/example_dags/example_xcom.py
[2024-07-01T09:35:38.985-0400] {processor.py:830} INFO - Processing file /Users/christophercunningham/airflow_workspace/data-flow/data_flow_env/lib/python3.12/site-packages/airflow/example_dags/example_xcom.py for tasks to queue
[2024-07-01T09:35:38.985-0400] {logging_mixin.py:188} INFO - [2024-07-01T09:35:38.985-0400] {dagbag.py:545} INFO - Filling up the DagBag from /Users/christophercunningham/airflow_workspace/data-flow/data_flow_env/lib/python3.12/site-packages/airflow/example_dags/example_xcom.py
[2024-07-01T09:35:39.014-0400] {processor.py:840} INFO - DAG(s) 'example_xcom' retrieved from /Users/christophercunningham/airflow_workspace/data-flow/data_flow_env/lib/python3.12/site-packages/airflow/example_dags/example_xcom.py
[2024-07-01T09:35:39.086-0400] {logging_mixin.py:188} INFO - [2024-07-01T09:35:39.086-0400] {dag.py:3096} INFO - Sync 1 DAGs
[2024-07-01T09:35:39.098-0400] {logging_mixin.py:188} INFO - [2024-07-01T09:35:39.097-0400] {dag.py:3954} INFO - Setting next_dagrun for example_xcom to 2021-01-01 00:00:00+00:00, run_after=2021-01-01 00:00:00+00:00
[2024-07-01T09:35:39.110-0400] {processor.py:183} INFO - Processing /Users/christophercunningham/airflow_workspace/data-flow/data_flow_env/lib/python3.12/site-packages/airflow/example_dags/example_xcom.py took 0.132 seconds
[2024-07-01T09:37:22.897-0400] {processor.py:161} INFO - Started process (PID=14437) to work on /Users/christophercunningham/airflow_workspace/data-flow/data_flow_env/lib/python3.12/site-packages/airflow/example_dags/example_xcom.py
[2024-07-01T09:37:22.899-0400] {processor.py:830} INFO - Processing file /Users/christophercunningham/airflow_workspace/data-flow/data_flow_env/lib/python3.12/site-packages/airflow/example_dags/example_xcom.py for tasks to queue
[2024-07-01T09:37:22.899-0400] {logging_mixin.py:188} INFO - [2024-07-01T09:37:22.899-0400] {dagbag.py:545} INFO - Filling up the DagBag from /Users/christophercunningham/airflow_workspace/data-flow/data_flow_env/lib/python3.12/site-packages/airflow/example_dags/example_xcom.py
[2024-07-01T09:37:22.928-0400] {processor.py:840} INFO - DAG(s) 'example_xcom' retrieved from /Users/christophercunningham/airflow_workspace/data-flow/data_flow_env/lib/python3.12/site-packages/airflow/example_dags/example_xcom.py
[2024-07-01T09:37:23.007-0400] {logging_mixin.py:188} INFO - [2024-07-01T09:37:23.006-0400] {dag.py:3096} INFO - Sync 1 DAGs
[2024-07-01T09:37:23.018-0400] {logging_mixin.py:188} INFO - [2024-07-01T09:37:23.018-0400] {dag.py:3954} INFO - Setting next_dagrun for example_xcom to 2021-01-01 00:00:00+00:00, run_after=2021-01-01 00:00:00+00:00
[2024-07-01T09:37:23.035-0400] {processor.py:183} INFO - Processing /Users/christophercunningham/airflow_workspace/data-flow/data_flow_env/lib/python3.12/site-packages/airflow/example_dags/example_xcom.py took 0.143 seconds
[2024-07-01T09:39:10.421-0400] {processor.py:161} INFO - Started process (PID=14592) to work on /Users/christophercunningham/airflow_workspace/data-flow/data_flow_env/lib/python3.12/site-packages/airflow/example_dags/example_xcom.py
[2024-07-01T09:39:10.422-0400] {processor.py:830} INFO - Processing file /Users/christophercunningham/airflow_workspace/data-flow/data_flow_env/lib/python3.12/site-packages/airflow/example_dags/example_xcom.py for tasks to queue
[2024-07-01T09:39:10.423-0400] {logging_mixin.py:188} INFO - [2024-07-01T09:39:10.423-0400] {dagbag.py:545} INFO - Filling up the DagBag from /Users/christophercunningham/airflow_workspace/data-flow/data_flow_env/lib/python3.12/site-packages/airflow/example_dags/example_xcom.py
[2024-07-01T09:39:10.457-0400] {processor.py:840} INFO - DAG(s) 'example_xcom' retrieved from /Users/christophercunningham/airflow_workspace/data-flow/data_flow_env/lib/python3.12/site-packages/airflow/example_dags/example_xcom.py
[2024-07-01T09:39:10.542-0400] {logging_mixin.py:188} INFO - [2024-07-01T09:39:10.541-0400] {dag.py:3096} INFO - Sync 1 DAGs
[2024-07-01T09:39:10.561-0400] {logging_mixin.py:188} INFO - [2024-07-01T09:39:10.560-0400] {dag.py:3954} INFO - Setting next_dagrun for example_xcom to 2021-01-01 00:00:00+00:00, run_after=2021-01-01 00:00:00+00:00
[2024-07-01T09:39:10.576-0400] {processor.py:183} INFO - Processing /Users/christophercunningham/airflow_workspace/data-flow/data_flow_env/lib/python3.12/site-packages/airflow/example_dags/example_xcom.py took 0.157 seconds
[2024-07-01T09:40:55.279-0400] {processor.py:161} INFO - Started process (PID=14813) to work on /Users/christophercunningham/airflow_workspace/data-flow/data_flow_env/lib/python3.12/site-packages/airflow/example_dags/example_xcom.py
[2024-07-01T09:40:55.280-0400] {processor.py:830} INFO - Processing file /Users/christophercunningham/airflow_workspace/data-flow/data_flow_env/lib/python3.12/site-packages/airflow/example_dags/example_xcom.py for tasks to queue
[2024-07-01T09:40:55.281-0400] {logging_mixin.py:188} INFO - [2024-07-01T09:40:55.281-0400] {dagbag.py:545} INFO - Filling up the DagBag from /Users/christophercunningham/airflow_workspace/data-flow/data_flow_env/lib/python3.12/site-packages/airflow/example_dags/example_xcom.py
[2024-07-01T09:40:55.309-0400] {processor.py:840} INFO - DAG(s) 'example_xcom' retrieved from /Users/christophercunningham/airflow_workspace/data-flow/data_flow_env/lib/python3.12/site-packages/airflow/example_dags/example_xcom.py
[2024-07-01T09:40:55.385-0400] {logging_mixin.py:188} INFO - [2024-07-01T09:40:55.385-0400] {dag.py:3096} INFO - Sync 1 DAGs
[2024-07-01T09:40:55.397-0400] {logging_mixin.py:188} INFO - [2024-07-01T09:40:55.397-0400] {dag.py:3954} INFO - Setting next_dagrun for example_xcom to 2021-01-01 00:00:00+00:00, run_after=2021-01-01 00:00:00+00:00
[2024-07-01T09:40:55.410-0400] {processor.py:183} INFO - Processing /Users/christophercunningham/airflow_workspace/data-flow/data_flow_env/lib/python3.12/site-packages/airflow/example_dags/example_xcom.py took 0.136 seconds
[2024-07-01T09:42:41.664-0400] {processor.py:161} INFO - Started process (PID=14983) to work on /Users/christophercunningham/airflow_workspace/data-flow/data_flow_env/lib/python3.12/site-packages/airflow/example_dags/example_xcom.py
[2024-07-01T09:42:41.665-0400] {processor.py:830} INFO - Processing file /Users/christophercunningham/airflow_workspace/data-flow/data_flow_env/lib/python3.12/site-packages/airflow/example_dags/example_xcom.py for tasks to queue
[2024-07-01T09:42:41.665-0400] {logging_mixin.py:188} INFO - [2024-07-01T09:42:41.665-0400] {dagbag.py:545} INFO - Filling up the DagBag from /Users/christophercunningham/airflow_workspace/data-flow/data_flow_env/lib/python3.12/site-packages/airflow/example_dags/example_xcom.py
[2024-07-01T09:42:41.699-0400] {processor.py:840} INFO - DAG(s) 'example_xcom' retrieved from /Users/christophercunningham/airflow_workspace/data-flow/data_flow_env/lib/python3.12/site-packages/airflow/example_dags/example_xcom.py
[2024-07-01T09:42:41.781-0400] {logging_mixin.py:188} INFO - [2024-07-01T09:42:41.781-0400] {dag.py:3096} INFO - Sync 1 DAGs
[2024-07-01T09:42:41.793-0400] {logging_mixin.py:188} INFO - [2024-07-01T09:42:41.793-0400] {dag.py:3954} INFO - Setting next_dagrun for example_xcom to 2021-01-01 00:00:00+00:00, run_after=2021-01-01 00:00:00+00:00
[2024-07-01T09:42:41.809-0400] {processor.py:183} INFO - Processing /Users/christophercunningham/airflow_workspace/data-flow/data_flow_env/lib/python3.12/site-packages/airflow/example_dags/example_xcom.py took 0.149 seconds
[2024-07-01T09:44:32.582-0400] {processor.py:161} INFO - Started process (PID=15160) to work on /Users/christophercunningham/airflow_workspace/data-flow/data_flow_env/lib/python3.12/site-packages/airflow/example_dags/example_xcom.py
[2024-07-01T09:44:32.583-0400] {processor.py:830} INFO - Processing file /Users/christophercunningham/airflow_workspace/data-flow/data_flow_env/lib/python3.12/site-packages/airflow/example_dags/example_xcom.py for tasks to queue
[2024-07-01T09:44:32.584-0400] {logging_mixin.py:188} INFO - [2024-07-01T09:44:32.584-0400] {dagbag.py:545} INFO - Filling up the DagBag from /Users/christophercunningham/airflow_workspace/data-flow/data_flow_env/lib/python3.12/site-packages/airflow/example_dags/example_xcom.py
[2024-07-01T09:44:32.615-0400] {processor.py:840} INFO - DAG(s) 'example_xcom' retrieved from /Users/christophercunningham/airflow_workspace/data-flow/data_flow_env/lib/python3.12/site-packages/airflow/example_dags/example_xcom.py
[2024-07-01T09:44:32.694-0400] {logging_mixin.py:188} INFO - [2024-07-01T09:44:32.694-0400] {dag.py:3096} INFO - Sync 1 DAGs
[2024-07-01T09:44:32.706-0400] {logging_mixin.py:188} INFO - [2024-07-01T09:44:32.706-0400] {dag.py:3954} INFO - Setting next_dagrun for example_xcom to 2021-01-01 00:00:00+00:00, run_after=2021-01-01 00:00:00+00:00
[2024-07-01T09:44:32.718-0400] {processor.py:183} INFO - Processing /Users/christophercunningham/airflow_workspace/data-flow/data_flow_env/lib/python3.12/site-packages/airflow/example_dags/example_xcom.py took 0.142 seconds
[2024-07-01T09:46:20.275-0400] {processor.py:161} INFO - Started process (PID=15324) to work on /Users/christophercunningham/airflow_workspace/data-flow/data_flow_env/lib/python3.12/site-packages/airflow/example_dags/example_xcom.py
[2024-07-01T09:46:20.276-0400] {processor.py:830} INFO - Processing file /Users/christophercunningham/airflow_workspace/data-flow/data_flow_env/lib/python3.12/site-packages/airflow/example_dags/example_xcom.py for tasks to queue
[2024-07-01T09:46:20.276-0400] {logging_mixin.py:188} INFO - [2024-07-01T09:46:20.276-0400] {dagbag.py:545} INFO - Filling up the DagBag from /Users/christophercunningham/airflow_workspace/data-flow/data_flow_env/lib/python3.12/site-packages/airflow/example_dags/example_xcom.py
[2024-07-01T09:46:20.304-0400] {processor.py:840} INFO - DAG(s) 'example_xcom' retrieved from /Users/christophercunningham/airflow_workspace/data-flow/data_flow_env/lib/python3.12/site-packages/airflow/example_dags/example_xcom.py
[2024-07-01T09:46:20.381-0400] {logging_mixin.py:188} INFO - [2024-07-01T09:46:20.381-0400] {dag.py:3096} INFO - Sync 1 DAGs
[2024-07-01T09:46:20.393-0400] {logging_mixin.py:188} INFO - [2024-07-01T09:46:20.392-0400] {dag.py:3954} INFO - Setting next_dagrun for example_xcom to 2021-01-01 00:00:00+00:00, run_after=2021-01-01 00:00:00+00:00
[2024-07-01T09:46:20.405-0400] {processor.py:183} INFO - Processing /Users/christophercunningham/airflow_workspace/data-flow/data_flow_env/lib/python3.12/site-packages/airflow/example_dags/example_xcom.py took 0.135 seconds
[2024-07-01T09:48:06.287-0400] {processor.py:161} INFO - Started process (PID=15476) to work on /Users/christophercunningham/airflow_workspace/data-flow/data_flow_env/lib/python3.12/site-packages/airflow/example_dags/example_xcom.py
[2024-07-01T09:48:06.288-0400] {processor.py:830} INFO - Processing file /Users/christophercunningham/airflow_workspace/data-flow/data_flow_env/lib/python3.12/site-packages/airflow/example_dags/example_xcom.py for tasks to queue
[2024-07-01T09:48:06.289-0400] {logging_mixin.py:188} INFO - [2024-07-01T09:48:06.288-0400] {dagbag.py:545} INFO - Filling up the DagBag from /Users/christophercunningham/airflow_workspace/data-flow/data_flow_env/lib/python3.12/site-packages/airflow/example_dags/example_xcom.py
[2024-07-01T09:48:06.322-0400] {processor.py:840} INFO - DAG(s) 'example_xcom' retrieved from /Users/christophercunningham/airflow_workspace/data-flow/data_flow_env/lib/python3.12/site-packages/airflow/example_dags/example_xcom.py
[2024-07-01T09:48:06.404-0400] {logging_mixin.py:188} INFO - [2024-07-01T09:48:06.404-0400] {dag.py:3096} INFO - Sync 1 DAGs
[2024-07-01T09:48:06.417-0400] {logging_mixin.py:188} INFO - [2024-07-01T09:48:06.417-0400] {dag.py:3954} INFO - Setting next_dagrun for example_xcom to 2021-01-01 00:00:00+00:00, run_after=2021-01-01 00:00:00+00:00
[2024-07-01T09:48:06.430-0400] {processor.py:183} INFO - Processing /Users/christophercunningham/airflow_workspace/data-flow/data_flow_env/lib/python3.12/site-packages/airflow/example_dags/example_xcom.py took 0.148 seconds
[2024-07-01T09:49:54.412-0400] {processor.py:161} INFO - Started process (PID=15632) to work on /Users/christophercunningham/airflow_workspace/data-flow/data_flow_env/lib/python3.12/site-packages/airflow/example_dags/example_xcom.py
[2024-07-01T09:49:54.414-0400] {processor.py:830} INFO - Processing file /Users/christophercunningham/airflow_workspace/data-flow/data_flow_env/lib/python3.12/site-packages/airflow/example_dags/example_xcom.py for tasks to queue
[2024-07-01T09:49:54.415-0400] {logging_mixin.py:188} INFO - [2024-07-01T09:49:54.415-0400] {dagbag.py:545} INFO - Filling up the DagBag from /Users/christophercunningham/airflow_workspace/data-flow/data_flow_env/lib/python3.12/site-packages/airflow/example_dags/example_xcom.py
[2024-07-01T09:49:54.445-0400] {processor.py:840} INFO - DAG(s) 'example_xcom' retrieved from /Users/christophercunningham/airflow_workspace/data-flow/data_flow_env/lib/python3.12/site-packages/airflow/example_dags/example_xcom.py
[2024-07-01T09:49:54.523-0400] {logging_mixin.py:188} INFO - [2024-07-01T09:49:54.523-0400] {dag.py:3096} INFO - Sync 1 DAGs
[2024-07-01T09:49:54.535-0400] {logging_mixin.py:188} INFO - [2024-07-01T09:49:54.535-0400] {dag.py:3954} INFO - Setting next_dagrun for example_xcom to 2021-01-01 00:00:00+00:00, run_after=2021-01-01 00:00:00+00:00
[2024-07-01T09:49:54.547-0400] {processor.py:183} INFO - Processing /Users/christophercunningham/airflow_workspace/data-flow/data_flow_env/lib/python3.12/site-packages/airflow/example_dags/example_xcom.py took 0.140 seconds
[2024-07-01T09:51:42.906-0400] {processor.py:161} INFO - Started process (PID=15853) to work on /Users/christophercunningham/airflow_workspace/data-flow/data_flow_env/lib/python3.12/site-packages/airflow/example_dags/example_xcom.py
[2024-07-01T09:51:42.908-0400] {processor.py:830} INFO - Processing file /Users/christophercunningham/airflow_workspace/data-flow/data_flow_env/lib/python3.12/site-packages/airflow/example_dags/example_xcom.py for tasks to queue
[2024-07-01T09:51:42.909-0400] {logging_mixin.py:188} INFO - [2024-07-01T09:51:42.909-0400] {dagbag.py:545} INFO - Filling up the DagBag from /Users/christophercunningham/airflow_workspace/data-flow/data_flow_env/lib/python3.12/site-packages/airflow/example_dags/example_xcom.py
[2024-07-01T09:51:42.939-0400] {processor.py:840} INFO - DAG(s) 'example_xcom' retrieved from /Users/christophercunningham/airflow_workspace/data-flow/data_flow_env/lib/python3.12/site-packages/airflow/example_dags/example_xcom.py
[2024-07-01T09:51:43.018-0400] {logging_mixin.py:188} INFO - [2024-07-01T09:51:43.017-0400] {dag.py:3096} INFO - Sync 1 DAGs
[2024-07-01T09:51:43.029-0400] {logging_mixin.py:188} INFO - [2024-07-01T09:51:43.029-0400] {dag.py:3954} INFO - Setting next_dagrun for example_xcom to 2021-01-01 00:00:00+00:00, run_after=2021-01-01 00:00:00+00:00
[2024-07-01T09:51:43.042-0400] {processor.py:183} INFO - Processing /Users/christophercunningham/airflow_workspace/data-flow/data_flow_env/lib/python3.12/site-packages/airflow/example_dags/example_xcom.py took 0.141 seconds
[2024-07-01T09:53:26.163-0400] {processor.py:161} INFO - Started process (PID=16012) to work on /Users/christophercunningham/airflow_workspace/data-flow/data_flow_env/lib/python3.12/site-packages/airflow/example_dags/example_xcom.py
[2024-07-01T09:53:26.164-0400] {processor.py:830} INFO - Processing file /Users/christophercunningham/airflow_workspace/data-flow/data_flow_env/lib/python3.12/site-packages/airflow/example_dags/example_xcom.py for tasks to queue
[2024-07-01T09:53:26.165-0400] {logging_mixin.py:188} INFO - [2024-07-01T09:53:26.165-0400] {dagbag.py:545} INFO - Filling up the DagBag from /Users/christophercunningham/airflow_workspace/data-flow/data_flow_env/lib/python3.12/site-packages/airflow/example_dags/example_xcom.py
[2024-07-01T09:53:26.196-0400] {processor.py:840} INFO - DAG(s) 'example_xcom' retrieved from /Users/christophercunningham/airflow_workspace/data-flow/data_flow_env/lib/python3.12/site-packages/airflow/example_dags/example_xcom.py
[2024-07-01T09:53:26.269-0400] {logging_mixin.py:188} INFO - [2024-07-01T09:53:26.269-0400] {dag.py:3096} INFO - Sync 1 DAGs
[2024-07-01T09:53:26.280-0400] {logging_mixin.py:188} INFO - [2024-07-01T09:53:26.280-0400] {dag.py:3954} INFO - Setting next_dagrun for example_xcom to 2021-01-01 00:00:00+00:00, run_after=2021-01-01 00:00:00+00:00
[2024-07-01T09:53:26.296-0400] {processor.py:183} INFO - Processing /Users/christophercunningham/airflow_workspace/data-flow/data_flow_env/lib/python3.12/site-packages/airflow/example_dags/example_xcom.py took 0.138 seconds
[2024-07-01T09:55:06.384-0400] {processor.py:161} INFO - Started process (PID=16233) to work on /Users/christophercunningham/airflow_workspace/data-flow/data_flow_env/lib/python3.12/site-packages/airflow/example_dags/example_xcom.py
[2024-07-01T09:55:06.386-0400] {processor.py:830} INFO - Processing file /Users/christophercunningham/airflow_workspace/data-flow/data_flow_env/lib/python3.12/site-packages/airflow/example_dags/example_xcom.py for tasks to queue
[2024-07-01T09:55:06.386-0400] {logging_mixin.py:188} INFO - [2024-07-01T09:55:06.386-0400] {dagbag.py:545} INFO - Filling up the DagBag from /Users/christophercunningham/airflow_workspace/data-flow/data_flow_env/lib/python3.12/site-packages/airflow/example_dags/example_xcom.py
[2024-07-01T09:55:06.415-0400] {processor.py:840} INFO - DAG(s) 'example_xcom' retrieved from /Users/christophercunningham/airflow_workspace/data-flow/data_flow_env/lib/python3.12/site-packages/airflow/example_dags/example_xcom.py
[2024-07-01T09:55:06.493-0400] {logging_mixin.py:188} INFO - [2024-07-01T09:55:06.492-0400] {dag.py:3096} INFO - Sync 1 DAGs
[2024-07-01T09:55:06.505-0400] {logging_mixin.py:188} INFO - [2024-07-01T09:55:06.505-0400] {dag.py:3954} INFO - Setting next_dagrun for example_xcom to 2021-01-01 00:00:00+00:00, run_after=2021-01-01 00:00:00+00:00
[2024-07-01T09:55:06.519-0400] {processor.py:183} INFO - Processing /Users/christophercunningham/airflow_workspace/data-flow/data_flow_env/lib/python3.12/site-packages/airflow/example_dags/example_xcom.py took 0.140 seconds
[2024-07-01T09:56:47.644-0400] {processor.py:161} INFO - Started process (PID=16446) to work on /Users/christophercunningham/airflow_workspace/data-flow/data_flow_env/lib/python3.12/site-packages/airflow/example_dags/example_xcom.py
[2024-07-01T09:56:47.645-0400] {processor.py:830} INFO - Processing file /Users/christophercunningham/airflow_workspace/data-flow/data_flow_env/lib/python3.12/site-packages/airflow/example_dags/example_xcom.py for tasks to queue
[2024-07-01T09:56:47.646-0400] {logging_mixin.py:188} INFO - [2024-07-01T09:56:47.646-0400] {dagbag.py:545} INFO - Filling up the DagBag from /Users/christophercunningham/airflow_workspace/data-flow/data_flow_env/lib/python3.12/site-packages/airflow/example_dags/example_xcom.py
[2024-07-01T09:56:47.673-0400] {processor.py:840} INFO - DAG(s) 'example_xcom' retrieved from /Users/christophercunningham/airflow_workspace/data-flow/data_flow_env/lib/python3.12/site-packages/airflow/example_dags/example_xcom.py
[2024-07-01T09:56:47.745-0400] {logging_mixin.py:188} INFO - [2024-07-01T09:56:47.745-0400] {dag.py:3096} INFO - Sync 1 DAGs
[2024-07-01T09:56:47.756-0400] {logging_mixin.py:188} INFO - [2024-07-01T09:56:47.756-0400] {dag.py:3954} INFO - Setting next_dagrun for example_xcom to 2021-01-01 00:00:00+00:00, run_after=2021-01-01 00:00:00+00:00
[2024-07-01T09:56:47.769-0400] {processor.py:183} INFO - Processing /Users/christophercunningham/airflow_workspace/data-flow/data_flow_env/lib/python3.12/site-packages/airflow/example_dags/example_xcom.py took 0.130 seconds
[2024-07-01T09:58:28.581-0400] {processor.py:161} INFO - Started process (PID=16670) to work on /Users/christophercunningham/airflow_workspace/data-flow/data_flow_env/lib/python3.12/site-packages/airflow/example_dags/example_xcom.py
[2024-07-01T09:58:28.583-0400] {processor.py:830} INFO - Processing file /Users/christophercunningham/airflow_workspace/data-flow/data_flow_env/lib/python3.12/site-packages/airflow/example_dags/example_xcom.py for tasks to queue
[2024-07-01T09:58:28.583-0400] {logging_mixin.py:188} INFO - [2024-07-01T09:58:28.583-0400] {dagbag.py:545} INFO - Filling up the DagBag from /Users/christophercunningham/airflow_workspace/data-flow/data_flow_env/lib/python3.12/site-packages/airflow/example_dags/example_xcom.py
[2024-07-01T09:58:28.615-0400] {processor.py:840} INFO - DAG(s) 'example_xcom' retrieved from /Users/christophercunningham/airflow_workspace/data-flow/data_flow_env/lib/python3.12/site-packages/airflow/example_dags/example_xcom.py
[2024-07-01T09:58:28.689-0400] {logging_mixin.py:188} INFO - [2024-07-01T09:58:28.689-0400] {dag.py:3096} INFO - Sync 1 DAGs
[2024-07-01T09:58:28.701-0400] {logging_mixin.py:188} INFO - [2024-07-01T09:58:28.701-0400] {dag.py:3954} INFO - Setting next_dagrun for example_xcom to 2021-01-01 00:00:00+00:00, run_after=2021-01-01 00:00:00+00:00
[2024-07-01T09:58:28.714-0400] {processor.py:183} INFO - Processing /Users/christophercunningham/airflow_workspace/data-flow/data_flow_env/lib/python3.12/site-packages/airflow/example_dags/example_xcom.py took 0.137 seconds
[2024-07-01T10:00:10.774-0400] {processor.py:161} INFO - Started process (PID=16926) to work on /Users/christophercunningham/airflow_workspace/data-flow/data_flow_env/lib/python3.12/site-packages/airflow/example_dags/example_xcom.py
[2024-07-01T10:00:10.775-0400] {processor.py:830} INFO - Processing file /Users/christophercunningham/airflow_workspace/data-flow/data_flow_env/lib/python3.12/site-packages/airflow/example_dags/example_xcom.py for tasks to queue
[2024-07-01T10:00:10.777-0400] {logging_mixin.py:188} INFO - [2024-07-01T10:00:10.776-0400] {dagbag.py:545} INFO - Filling up the DagBag from /Users/christophercunningham/airflow_workspace/data-flow/data_flow_env/lib/python3.12/site-packages/airflow/example_dags/example_xcom.py
[2024-07-01T10:00:10.809-0400] {processor.py:840} INFO - DAG(s) 'example_xcom' retrieved from /Users/christophercunningham/airflow_workspace/data-flow/data_flow_env/lib/python3.12/site-packages/airflow/example_dags/example_xcom.py
[2024-07-01T10:00:10.890-0400] {logging_mixin.py:188} INFO - [2024-07-01T10:00:10.889-0400] {dag.py:3096} INFO - Sync 1 DAGs
[2024-07-01T10:00:10.902-0400] {logging_mixin.py:188} INFO - [2024-07-01T10:00:10.902-0400] {dag.py:3954} INFO - Setting next_dagrun for example_xcom to 2021-01-01 00:00:00+00:00, run_after=2021-01-01 00:00:00+00:00
[2024-07-01T10:00:10.914-0400] {processor.py:183} INFO - Processing /Users/christophercunningham/airflow_workspace/data-flow/data_flow_env/lib/python3.12/site-packages/airflow/example_dags/example_xcom.py took 0.146 seconds
[2024-07-01T10:01:53.196-0400] {processor.py:161} INFO - Started process (PID=17138) to work on /Users/christophercunningham/airflow_workspace/data-flow/data_flow_env/lib/python3.12/site-packages/airflow/example_dags/example_xcom.py
[2024-07-01T10:01:53.197-0400] {processor.py:830} INFO - Processing file /Users/christophercunningham/airflow_workspace/data-flow/data_flow_env/lib/python3.12/site-packages/airflow/example_dags/example_xcom.py for tasks to queue
[2024-07-01T10:01:53.198-0400] {logging_mixin.py:188} INFO - [2024-07-01T10:01:53.198-0400] {dagbag.py:545} INFO - Filling up the DagBag from /Users/christophercunningham/airflow_workspace/data-flow/data_flow_env/lib/python3.12/site-packages/airflow/example_dags/example_xcom.py
[2024-07-01T10:01:53.231-0400] {processor.py:840} INFO - DAG(s) 'example_xcom' retrieved from /Users/christophercunningham/airflow_workspace/data-flow/data_flow_env/lib/python3.12/site-packages/airflow/example_dags/example_xcom.py
[2024-07-01T10:01:53.309-0400] {logging_mixin.py:188} INFO - [2024-07-01T10:01:53.308-0400] {dag.py:3096} INFO - Sync 1 DAGs
[2024-07-01T10:01:53.320-0400] {logging_mixin.py:188} INFO - [2024-07-01T10:01:53.320-0400] {dag.py:3954} INFO - Setting next_dagrun for example_xcom to 2021-01-01 00:00:00+00:00, run_after=2021-01-01 00:00:00+00:00
[2024-07-01T10:01:53.333-0400] {processor.py:183} INFO - Processing /Users/christophercunningham/airflow_workspace/data-flow/data_flow_env/lib/python3.12/site-packages/airflow/example_dags/example_xcom.py took 0.141 seconds
[2024-07-01T10:03:39.741-0400] {processor.py:161} INFO - Started process (PID=17355) to work on /Users/christophercunningham/airflow_workspace/data-flow/data_flow_env/lib/python3.12/site-packages/airflow/example_dags/example_xcom.py
[2024-07-01T10:03:39.743-0400] {processor.py:830} INFO - Processing file /Users/christophercunningham/airflow_workspace/data-flow/data_flow_env/lib/python3.12/site-packages/airflow/example_dags/example_xcom.py for tasks to queue
[2024-07-01T10:03:39.743-0400] {logging_mixin.py:188} INFO - [2024-07-01T10:03:39.743-0400] {dagbag.py:545} INFO - Filling up the DagBag from /Users/christophercunningham/airflow_workspace/data-flow/data_flow_env/lib/python3.12/site-packages/airflow/example_dags/example_xcom.py
[2024-07-01T10:03:39.775-0400] {processor.py:840} INFO - DAG(s) 'example_xcom' retrieved from /Users/christophercunningham/airflow_workspace/data-flow/data_flow_env/lib/python3.12/site-packages/airflow/example_dags/example_xcom.py
[2024-07-01T10:03:39.849-0400] {logging_mixin.py:188} INFO - [2024-07-01T10:03:39.848-0400] {dag.py:3096} INFO - Sync 1 DAGs
[2024-07-01T10:03:39.861-0400] {logging_mixin.py:188} INFO - [2024-07-01T10:03:39.861-0400] {dag.py:3954} INFO - Setting next_dagrun for example_xcom to 2021-01-01 00:00:00+00:00, run_after=2021-01-01 00:00:00+00:00
[2024-07-01T10:03:39.879-0400] {processor.py:183} INFO - Processing /Users/christophercunningham/airflow_workspace/data-flow/data_flow_env/lib/python3.12/site-packages/airflow/example_dags/example_xcom.py took 0.143 seconds
[2024-07-01T10:05:30.494-0400] {processor.py:161} INFO - Started process (PID=17584) to work on /Users/christophercunningham/airflow_workspace/data-flow/data_flow_env/lib/python3.12/site-packages/airflow/example_dags/example_xcom.py
[2024-07-01T10:05:30.496-0400] {processor.py:830} INFO - Processing file /Users/christophercunningham/airflow_workspace/data-flow/data_flow_env/lib/python3.12/site-packages/airflow/example_dags/example_xcom.py for tasks to queue
[2024-07-01T10:05:30.497-0400] {logging_mixin.py:188} INFO - [2024-07-01T10:05:30.497-0400] {dagbag.py:545} INFO - Filling up the DagBag from /Users/christophercunningham/airflow_workspace/data-flow/data_flow_env/lib/python3.12/site-packages/airflow/example_dags/example_xcom.py
[2024-07-01T10:05:30.526-0400] {processor.py:840} INFO - DAG(s) 'example_xcom' retrieved from /Users/christophercunningham/airflow_workspace/data-flow/data_flow_env/lib/python3.12/site-packages/airflow/example_dags/example_xcom.py
[2024-07-01T10:05:30.609-0400] {logging_mixin.py:188} INFO - [2024-07-01T10:05:30.608-0400] {dag.py:3096} INFO - Sync 1 DAGs
[2024-07-01T10:05:30.620-0400] {logging_mixin.py:188} INFO - [2024-07-01T10:05:30.620-0400] {dag.py:3954} INFO - Setting next_dagrun for example_xcom to 2021-01-01 00:00:00+00:00, run_after=2021-01-01 00:00:00+00:00
[2024-07-01T10:05:30.635-0400] {processor.py:183} INFO - Processing /Users/christophercunningham/airflow_workspace/data-flow/data_flow_env/lib/python3.12/site-packages/airflow/example_dags/example_xcom.py took 0.146 seconds
[2024-07-01T10:07:20.851-0400] {processor.py:161} INFO - Started process (PID=17818) to work on /Users/christophercunningham/airflow_workspace/data-flow/data_flow_env/lib/python3.12/site-packages/airflow/example_dags/example_xcom.py
[2024-07-01T10:07:20.853-0400] {processor.py:830} INFO - Processing file /Users/christophercunningham/airflow_workspace/data-flow/data_flow_env/lib/python3.12/site-packages/airflow/example_dags/example_xcom.py for tasks to queue
[2024-07-01T10:07:20.854-0400] {logging_mixin.py:188} INFO - [2024-07-01T10:07:20.854-0400] {dagbag.py:545} INFO - Filling up the DagBag from /Users/christophercunningham/airflow_workspace/data-flow/data_flow_env/lib/python3.12/site-packages/airflow/example_dags/example_xcom.py
[2024-07-01T10:07:20.881-0400] {processor.py:840} INFO - DAG(s) 'example_xcom' retrieved from /Users/christophercunningham/airflow_workspace/data-flow/data_flow_env/lib/python3.12/site-packages/airflow/example_dags/example_xcom.py
[2024-07-01T10:07:20.953-0400] {logging_mixin.py:188} INFO - [2024-07-01T10:07:20.953-0400] {dag.py:3096} INFO - Sync 1 DAGs
[2024-07-01T10:07:20.966-0400] {logging_mixin.py:188} INFO - [2024-07-01T10:07:20.965-0400] {dag.py:3954} INFO - Setting next_dagrun for example_xcom to 2021-01-01 00:00:00+00:00, run_after=2021-01-01 00:00:00+00:00
[2024-07-01T10:07:20.979-0400] {processor.py:183} INFO - Processing /Users/christophercunningham/airflow_workspace/data-flow/data_flow_env/lib/python3.12/site-packages/airflow/example_dags/example_xcom.py took 0.133 seconds
[2024-07-01T10:09:08.397-0400] {processor.py:161} INFO - Started process (PID=18040) to work on /Users/christophercunningham/airflow_workspace/data-flow/data_flow_env/lib/python3.12/site-packages/airflow/example_dags/example_xcom.py
[2024-07-01T10:09:08.399-0400] {processor.py:830} INFO - Processing file /Users/christophercunningham/airflow_workspace/data-flow/data_flow_env/lib/python3.12/site-packages/airflow/example_dags/example_xcom.py for tasks to queue
[2024-07-01T10:09:08.400-0400] {logging_mixin.py:188} INFO - [2024-07-01T10:09:08.400-0400] {dagbag.py:545} INFO - Filling up the DagBag from /Users/christophercunningham/airflow_workspace/data-flow/data_flow_env/lib/python3.12/site-packages/airflow/example_dags/example_xcom.py
[2024-07-01T10:09:08.428-0400] {processor.py:840} INFO - DAG(s) 'example_xcom' retrieved from /Users/christophercunningham/airflow_workspace/data-flow/data_flow_env/lib/python3.12/site-packages/airflow/example_dags/example_xcom.py
[2024-07-01T10:09:08.505-0400] {logging_mixin.py:188} INFO - [2024-07-01T10:09:08.505-0400] {dag.py:3096} INFO - Sync 1 DAGs
[2024-07-01T10:09:08.517-0400] {logging_mixin.py:188} INFO - [2024-07-01T10:09:08.517-0400] {dag.py:3954} INFO - Setting next_dagrun for example_xcom to 2021-01-01 00:00:00+00:00, run_after=2021-01-01 00:00:00+00:00
[2024-07-01T10:09:08.529-0400] {processor.py:183} INFO - Processing /Users/christophercunningham/airflow_workspace/data-flow/data_flow_env/lib/python3.12/site-packages/airflow/example_dags/example_xcom.py took 0.137 seconds
[2024-07-01T10:10:50.951-0400] {processor.py:161} INFO - Started process (PID=18293) to work on /Users/christophercunningham/airflow_workspace/data-flow/data_flow_env/lib/python3.12/site-packages/airflow/example_dags/example_xcom.py
[2024-07-01T10:10:50.952-0400] {processor.py:830} INFO - Processing file /Users/christophercunningham/airflow_workspace/data-flow/data_flow_env/lib/python3.12/site-packages/airflow/example_dags/example_xcom.py for tasks to queue
[2024-07-01T10:10:50.954-0400] {logging_mixin.py:188} INFO - [2024-07-01T10:10:50.953-0400] {dagbag.py:545} INFO - Filling up the DagBag from /Users/christophercunningham/airflow_workspace/data-flow/data_flow_env/lib/python3.12/site-packages/airflow/example_dags/example_xcom.py
[2024-07-01T10:10:50.986-0400] {processor.py:840} INFO - DAG(s) 'example_xcom' retrieved from /Users/christophercunningham/airflow_workspace/data-flow/data_flow_env/lib/python3.12/site-packages/airflow/example_dags/example_xcom.py
[2024-07-01T10:10:51.059-0400] {logging_mixin.py:188} INFO - [2024-07-01T10:10:51.059-0400] {dag.py:3096} INFO - Sync 1 DAGs
[2024-07-01T10:10:51.070-0400] {logging_mixin.py:188} INFO - [2024-07-01T10:10:51.070-0400] {dag.py:3954} INFO - Setting next_dagrun for example_xcom to 2021-01-01 00:00:00+00:00, run_after=2021-01-01 00:00:00+00:00
[2024-07-01T10:10:51.086-0400] {processor.py:183} INFO - Processing /Users/christophercunningham/airflow_workspace/data-flow/data_flow_env/lib/python3.12/site-packages/airflow/example_dags/example_xcom.py took 0.140 seconds
[2024-07-01T10:12:31.552-0400] {processor.py:161} INFO - Started process (PID=18501) to work on /Users/christophercunningham/airflow_workspace/data-flow/data_flow_env/lib/python3.12/site-packages/airflow/example_dags/example_xcom.py
[2024-07-01T10:12:31.553-0400] {processor.py:830} INFO - Processing file /Users/christophercunningham/airflow_workspace/data-flow/data_flow_env/lib/python3.12/site-packages/airflow/example_dags/example_xcom.py for tasks to queue
[2024-07-01T10:12:31.554-0400] {logging_mixin.py:188} INFO - [2024-07-01T10:12:31.554-0400] {dagbag.py:545} INFO - Filling up the DagBag from /Users/christophercunningham/airflow_workspace/data-flow/data_flow_env/lib/python3.12/site-packages/airflow/example_dags/example_xcom.py
[2024-07-01T10:12:31.582-0400] {processor.py:840} INFO - DAG(s) 'example_xcom' retrieved from /Users/christophercunningham/airflow_workspace/data-flow/data_flow_env/lib/python3.12/site-packages/airflow/example_dags/example_xcom.py
[2024-07-01T10:12:31.657-0400] {logging_mixin.py:188} INFO - [2024-07-01T10:12:31.657-0400] {dag.py:3096} INFO - Sync 1 DAGs
[2024-07-01T10:12:31.668-0400] {logging_mixin.py:188} INFO - [2024-07-01T10:12:31.668-0400] {dag.py:3954} INFO - Setting next_dagrun for example_xcom to 2021-01-01 00:00:00+00:00, run_after=2021-01-01 00:00:00+00:00
[2024-07-01T10:12:31.681-0400] {processor.py:183} INFO - Processing /Users/christophercunningham/airflow_workspace/data-flow/data_flow_env/lib/python3.12/site-packages/airflow/example_dags/example_xcom.py took 0.133 seconds
[2024-07-01T10:14:17.034-0400] {processor.py:161} INFO - Started process (PID=18764) to work on /Users/christophercunningham/airflow_workspace/data-flow/data_flow_env/lib/python3.12/site-packages/airflow/example_dags/example_xcom.py
[2024-07-01T10:14:17.036-0400] {processor.py:830} INFO - Processing file /Users/christophercunningham/airflow_workspace/data-flow/data_flow_env/lib/python3.12/site-packages/airflow/example_dags/example_xcom.py for tasks to queue
[2024-07-01T10:14:17.036-0400] {logging_mixin.py:188} INFO - [2024-07-01T10:14:17.036-0400] {dagbag.py:545} INFO - Filling up the DagBag from /Users/christophercunningham/airflow_workspace/data-flow/data_flow_env/lib/python3.12/site-packages/airflow/example_dags/example_xcom.py
[2024-07-01T10:14:17.069-0400] {processor.py:840} INFO - DAG(s) 'example_xcom' retrieved from /Users/christophercunningham/airflow_workspace/data-flow/data_flow_env/lib/python3.12/site-packages/airflow/example_dags/example_xcom.py
[2024-07-01T10:14:17.152-0400] {logging_mixin.py:188} INFO - [2024-07-01T10:14:17.152-0400] {dag.py:3096} INFO - Sync 1 DAGs
[2024-07-01T10:14:17.165-0400] {logging_mixin.py:188} INFO - [2024-07-01T10:14:17.164-0400] {dag.py:3954} INFO - Setting next_dagrun for example_xcom to 2021-01-01 00:00:00+00:00, run_after=2021-01-01 00:00:00+00:00
[2024-07-01T10:14:17.178-0400] {processor.py:183} INFO - Processing /Users/christophercunningham/airflow_workspace/data-flow/data_flow_env/lib/python3.12/site-packages/airflow/example_dags/example_xcom.py took 0.147 seconds
[2024-07-01T10:16:05.844-0400] {processor.py:161} INFO - Started process (PID=19015) to work on /Users/christophercunningham/airflow_workspace/data-flow/data_flow_env/lib/python3.12/site-packages/airflow/example_dags/example_xcom.py
[2024-07-01T10:16:05.847-0400] {processor.py:830} INFO - Processing file /Users/christophercunningham/airflow_workspace/data-flow/data_flow_env/lib/python3.12/site-packages/airflow/example_dags/example_xcom.py for tasks to queue
[2024-07-01T10:16:05.847-0400] {logging_mixin.py:188} INFO - [2024-07-01T10:16:05.847-0400] {dagbag.py:545} INFO - Filling up the DagBag from /Users/christophercunningham/airflow_workspace/data-flow/data_flow_env/lib/python3.12/site-packages/airflow/example_dags/example_xcom.py
[2024-07-01T10:16:05.874-0400] {processor.py:840} INFO - DAG(s) 'example_xcom' retrieved from /Users/christophercunningham/airflow_workspace/data-flow/data_flow_env/lib/python3.12/site-packages/airflow/example_dags/example_xcom.py
[2024-07-01T10:16:05.948-0400] {logging_mixin.py:188} INFO - [2024-07-01T10:16:05.948-0400] {dag.py:3096} INFO - Sync 1 DAGs
[2024-07-01T10:16:05.971-0400] {logging_mixin.py:188} INFO - [2024-07-01T10:16:05.971-0400] {dag.py:3954} INFO - Setting next_dagrun for example_xcom to 2021-01-01 00:00:00+00:00, run_after=2021-01-01 00:00:00+00:00
[2024-07-01T10:16:05.985-0400] {processor.py:183} INFO - Processing /Users/christophercunningham/airflow_workspace/data-flow/data_flow_env/lib/python3.12/site-packages/airflow/example_dags/example_xcom.py took 0.145 seconds
[2024-07-01T10:17:53.760-0400] {processor.py:161} INFO - Started process (PID=19208) to work on /Users/christophercunningham/airflow_workspace/data-flow/data_flow_env/lib/python3.12/site-packages/airflow/example_dags/example_xcom.py
[2024-07-01T10:17:53.761-0400] {processor.py:830} INFO - Processing file /Users/christophercunningham/airflow_workspace/data-flow/data_flow_env/lib/python3.12/site-packages/airflow/example_dags/example_xcom.py for tasks to queue
[2024-07-01T10:17:53.762-0400] {logging_mixin.py:188} INFO - [2024-07-01T10:17:53.762-0400] {dagbag.py:545} INFO - Filling up the DagBag from /Users/christophercunningham/airflow_workspace/data-flow/data_flow_env/lib/python3.12/site-packages/airflow/example_dags/example_xcom.py
[2024-07-01T10:17:53.791-0400] {processor.py:840} INFO - DAG(s) 'example_xcom' retrieved from /Users/christophercunningham/airflow_workspace/data-flow/data_flow_env/lib/python3.12/site-packages/airflow/example_dags/example_xcom.py
[2024-07-01T10:17:53.865-0400] {logging_mixin.py:188} INFO - [2024-07-01T10:17:53.865-0400] {dag.py:3096} INFO - Sync 1 DAGs
[2024-07-01T10:17:53.877-0400] {logging_mixin.py:188} INFO - [2024-07-01T10:17:53.876-0400] {dag.py:3954} INFO - Setting next_dagrun for example_xcom to 2021-01-01 00:00:00+00:00, run_after=2021-01-01 00:00:00+00:00
[2024-07-01T10:17:53.890-0400] {processor.py:183} INFO - Processing /Users/christophercunningham/airflow_workspace/data-flow/data_flow_env/lib/python3.12/site-packages/airflow/example_dags/example_xcom.py took 0.134 seconds
[2024-07-01T10:39:10.137-0400] {processor.py:161} INFO - Started process (PID=21135) to work on /Users/christophercunningham/airflow_workspace/data-flow/data_flow_env/lib/python3.12/site-packages/airflow/example_dags/example_xcom.py
[2024-07-01T10:39:10.139-0400] {processor.py:830} INFO - Processing file /Users/christophercunningham/airflow_workspace/data-flow/data_flow_env/lib/python3.12/site-packages/airflow/example_dags/example_xcom.py for tasks to queue
[2024-07-01T10:39:10.140-0400] {logging_mixin.py:188} INFO - [2024-07-01T10:39:10.140-0400] {dagbag.py:545} INFO - Filling up the DagBag from /Users/christophercunningham/airflow_workspace/data-flow/data_flow_env/lib/python3.12/site-packages/airflow/example_dags/example_xcom.py
[2024-07-01T10:39:10.171-0400] {processor.py:840} INFO - DAG(s) 'example_xcom' retrieved from /Users/christophercunningham/airflow_workspace/data-flow/data_flow_env/lib/python3.12/site-packages/airflow/example_dags/example_xcom.py
[2024-07-01T10:39:10.354-0400] {logging_mixin.py:188} INFO - [2024-07-01T10:39:10.353-0400] {dag.py:3096} INFO - Sync 1 DAGs
[2024-07-01T10:39:10.366-0400] {logging_mixin.py:188} INFO - [2024-07-01T10:39:10.366-0400] {dag.py:3954} INFO - Setting next_dagrun for example_xcom to 2021-01-01 00:00:00+00:00, run_after=2021-01-01 00:00:00+00:00
[2024-07-01T10:39:10.380-0400] {processor.py:183} INFO - Processing /Users/christophercunningham/airflow_workspace/data-flow/data_flow_env/lib/python3.12/site-packages/airflow/example_dags/example_xcom.py took 0.248 seconds
