[2024-07-01T09:32:45.090-0400] {processor.py:161} INFO - Started process (PID=13979) to work on /Users/christophercunningham/airflow_workspace/data-flow/data_flow_env/lib/python3.12/site-packages/airflow/example_dags/example_external_task_marker_dag.py
[2024-07-01T09:32:45.091-0400] {processor.py:830} INFO - Processing file /Users/christophercunningham/airflow_workspace/data-flow/data_flow_env/lib/python3.12/site-packages/airflow/example_dags/example_external_task_marker_dag.py for tasks to queue
[2024-07-01T09:32:45.092-0400] {logging_mixin.py:188} INFO - [2024-07-01T09:32:45.092-0400] {dagbag.py:545} INFO - Filling up the DagBag from /Users/christophercunningham/airflow_workspace/data-flow/data_flow_env/lib/python3.12/site-packages/airflow/example_dags/example_external_task_marker_dag.py
[2024-07-01T09:32:45.103-0400] {processor.py:840} INFO - DAG(s) 'example_external_task_marker_parent', 'example_external_task_marker_child' retrieved from /Users/christophercunningham/airflow_workspace/data-flow/data_flow_env/lib/python3.12/site-packages/airflow/example_dags/example_external_task_marker_dag.py
[2024-07-01T09:32:45.247-0400] {logging_mixin.py:188} INFO - [2024-07-01T09:32:45.247-0400] {dag.py:3096} INFO - Sync 2 DAGs
[2024-07-01T09:32:45.254-0400] {logging_mixin.py:188} INFO - [2024-07-01T09:32:45.253-0400] {dag.py:3954} INFO - Setting next_dagrun for example_external_task_marker_child to None, run_after=None
[2024-07-01T09:32:45.255-0400] {logging_mixin.py:188} INFO - [2024-07-01T09:32:45.255-0400] {dag.py:3954} INFO - Setting next_dagrun for example_external_task_marker_parent to None, run_after=None
[2024-07-01T09:32:45.313-0400] {processor.py:183} INFO - Processing /Users/christophercunningham/airflow_workspace/data-flow/data_flow_env/lib/python3.12/site-packages/airflow/example_dags/example_external_task_marker_dag.py took 0.228 seconds
[2024-07-01T09:34:58.340-0400] {processor.py:161} INFO - Started process (PID=14208) to work on /Users/christophercunningham/airflow_workspace/data-flow/data_flow_env/lib/python3.12/site-packages/airflow/example_dags/example_external_task_marker_dag.py
[2024-07-01T09:34:58.343-0400] {processor.py:830} INFO - Processing file /Users/christophercunningham/airflow_workspace/data-flow/data_flow_env/lib/python3.12/site-packages/airflow/example_dags/example_external_task_marker_dag.py for tasks to queue
[2024-07-01T09:34:58.344-0400] {logging_mixin.py:188} INFO - [2024-07-01T09:34:58.343-0400] {dagbag.py:545} INFO - Filling up the DagBag from /Users/christophercunningham/airflow_workspace/data-flow/data_flow_env/lib/python3.12/site-packages/airflow/example_dags/example_external_task_marker_dag.py
[2024-07-01T09:34:58.354-0400] {processor.py:840} INFO - DAG(s) 'example_external_task_marker_child', 'example_external_task_marker_parent' retrieved from /Users/christophercunningham/airflow_workspace/data-flow/data_flow_env/lib/python3.12/site-packages/airflow/example_dags/example_external_task_marker_dag.py
[2024-07-01T09:34:58.436-0400] {logging_mixin.py:188} INFO - [2024-07-01T09:34:58.436-0400] {dag.py:3096} INFO - Sync 2 DAGs
[2024-07-01T09:34:58.443-0400] {logging_mixin.py:188} INFO - [2024-07-01T09:34:58.442-0400] {dag.py:3954} INFO - Setting next_dagrun for example_external_task_marker_child to None, run_after=None
[2024-07-01T09:34:58.445-0400] {logging_mixin.py:188} INFO - [2024-07-01T09:34:58.445-0400] {dag.py:3954} INFO - Setting next_dagrun for example_external_task_marker_parent to None, run_after=None
[2024-07-01T09:34:58.456-0400] {processor.py:183} INFO - Processing /Users/christophercunningham/airflow_workspace/data-flow/data_flow_env/lib/python3.12/site-packages/airflow/example_dags/example_external_task_marker_dag.py took 0.120 seconds
[2024-07-01T09:38:25.706-0400] {processor.py:161} INFO - Started process (PID=14526) to work on /Users/christophercunningham/airflow_workspace/data-flow/data_flow_env/lib/python3.12/site-packages/airflow/example_dags/example_external_task_marker_dag.py
[2024-07-01T09:38:25.707-0400] {processor.py:830} INFO - Processing file /Users/christophercunningham/airflow_workspace/data-flow/data_flow_env/lib/python3.12/site-packages/airflow/example_dags/example_external_task_marker_dag.py for tasks to queue
[2024-07-01T09:38:25.708-0400] {logging_mixin.py:188} INFO - [2024-07-01T09:38:25.708-0400] {dagbag.py:545} INFO - Filling up the DagBag from /Users/christophercunningham/airflow_workspace/data-flow/data_flow_env/lib/python3.12/site-packages/airflow/example_dags/example_external_task_marker_dag.py
[2024-07-01T09:38:25.719-0400] {processor.py:840} INFO - DAG(s) 'example_external_task_marker_parent', 'example_external_task_marker_child' retrieved from /Users/christophercunningham/airflow_workspace/data-flow/data_flow_env/lib/python3.12/site-packages/airflow/example_dags/example_external_task_marker_dag.py
[2024-07-01T09:38:25.802-0400] {logging_mixin.py:188} INFO - [2024-07-01T09:38:25.802-0400] {dag.py:3096} INFO - Sync 2 DAGs
[2024-07-01T09:38:25.809-0400] {logging_mixin.py:188} INFO - [2024-07-01T09:38:25.809-0400] {dag.py:3954} INFO - Setting next_dagrun for example_external_task_marker_child to None, run_after=None
[2024-07-01T09:38:25.811-0400] {logging_mixin.py:188} INFO - [2024-07-01T09:38:25.811-0400] {dag.py:3954} INFO - Setting next_dagrun for example_external_task_marker_parent to None, run_after=None
[2024-07-01T09:38:25.823-0400] {processor.py:183} INFO - Processing /Users/christophercunningham/airflow_workspace/data-flow/data_flow_env/lib/python3.12/site-packages/airflow/example_dags/example_external_task_marker_dag.py took 0.122 seconds
[2024-07-01T09:41:55.809-0400] {processor.py:161} INFO - Started process (PID=14909) to work on /Users/christophercunningham/airflow_workspace/data-flow/data_flow_env/lib/python3.12/site-packages/airflow/example_dags/example_external_task_marker_dag.py
[2024-07-01T09:41:55.811-0400] {processor.py:830} INFO - Processing file /Users/christophercunningham/airflow_workspace/data-flow/data_flow_env/lib/python3.12/site-packages/airflow/example_dags/example_external_task_marker_dag.py for tasks to queue
[2024-07-01T09:41:55.811-0400] {logging_mixin.py:188} INFO - [2024-07-01T09:41:55.811-0400] {dagbag.py:545} INFO - Filling up the DagBag from /Users/christophercunningham/airflow_workspace/data-flow/data_flow_env/lib/python3.12/site-packages/airflow/example_dags/example_external_task_marker_dag.py
[2024-07-01T09:41:55.824-0400] {processor.py:840} INFO - DAG(s) 'example_external_task_marker_child', 'example_external_task_marker_parent' retrieved from /Users/christophercunningham/airflow_workspace/data-flow/data_flow_env/lib/python3.12/site-packages/airflow/example_dags/example_external_task_marker_dag.py
[2024-07-01T09:41:55.927-0400] {logging_mixin.py:188} INFO - [2024-07-01T09:41:55.927-0400] {dag.py:3096} INFO - Sync 2 DAGs
[2024-07-01T09:41:55.936-0400] {logging_mixin.py:188} INFO - [2024-07-01T09:41:55.935-0400] {dag.py:3954} INFO - Setting next_dagrun for example_external_task_marker_child to None, run_after=None
[2024-07-01T09:41:55.938-0400] {logging_mixin.py:188} INFO - [2024-07-01T09:41:55.938-0400] {dag.py:3954} INFO - Setting next_dagrun for example_external_task_marker_parent to None, run_after=None
[2024-07-01T09:41:55.951-0400] {processor.py:183} INFO - Processing /Users/christophercunningham/airflow_workspace/data-flow/data_flow_env/lib/python3.12/site-packages/airflow/example_dags/example_external_task_marker_dag.py took 0.145 seconds
[2024-07-01T09:45:35.452-0400] {processor.py:161} INFO - Started process (PID=15251) to work on /Users/christophercunningham/airflow_workspace/data-flow/data_flow_env/lib/python3.12/site-packages/airflow/example_dags/example_external_task_marker_dag.py
[2024-07-01T09:45:35.454-0400] {processor.py:830} INFO - Processing file /Users/christophercunningham/airflow_workspace/data-flow/data_flow_env/lib/python3.12/site-packages/airflow/example_dags/example_external_task_marker_dag.py for tasks to queue
[2024-07-01T09:45:35.455-0400] {logging_mixin.py:188} INFO - [2024-07-01T09:45:35.455-0400] {dagbag.py:545} INFO - Filling up the DagBag from /Users/christophercunningham/airflow_workspace/data-flow/data_flow_env/lib/python3.12/site-packages/airflow/example_dags/example_external_task_marker_dag.py
[2024-07-01T09:45:35.467-0400] {processor.py:840} INFO - DAG(s) 'example_external_task_marker_child', 'example_external_task_marker_parent' retrieved from /Users/christophercunningham/airflow_workspace/data-flow/data_flow_env/lib/python3.12/site-packages/airflow/example_dags/example_external_task_marker_dag.py
[2024-07-01T09:45:35.554-0400] {logging_mixin.py:188} INFO - [2024-07-01T09:45:35.554-0400] {dag.py:3096} INFO - Sync 2 DAGs
[2024-07-01T09:45:35.564-0400] {logging_mixin.py:188} INFO - [2024-07-01T09:45:35.564-0400] {dag.py:3954} INFO - Setting next_dagrun for example_external_task_marker_child to None, run_after=None
[2024-07-01T09:45:35.567-0400] {logging_mixin.py:188} INFO - [2024-07-01T09:45:35.567-0400] {dag.py:3954} INFO - Setting next_dagrun for example_external_task_marker_parent to None, run_after=None
[2024-07-01T09:45:35.578-0400] {processor.py:183} INFO - Processing /Users/christophercunningham/airflow_workspace/data-flow/data_flow_env/lib/python3.12/site-packages/airflow/example_dags/example_external_task_marker_dag.py took 0.130 seconds
[2024-07-01T09:49:09.497-0400] {processor.py:161} INFO - Started process (PID=15569) to work on /Users/christophercunningham/airflow_workspace/data-flow/data_flow_env/lib/python3.12/site-packages/airflow/example_dags/example_external_task_marker_dag.py
[2024-07-01T09:49:09.498-0400] {processor.py:830} INFO - Processing file /Users/christophercunningham/airflow_workspace/data-flow/data_flow_env/lib/python3.12/site-packages/airflow/example_dags/example_external_task_marker_dag.py for tasks to queue
[2024-07-01T09:49:09.499-0400] {logging_mixin.py:188} INFO - [2024-07-01T09:49:09.498-0400] {dagbag.py:545} INFO - Filling up the DagBag from /Users/christophercunningham/airflow_workspace/data-flow/data_flow_env/lib/python3.12/site-packages/airflow/example_dags/example_external_task_marker_dag.py
[2024-07-01T09:49:09.510-0400] {processor.py:840} INFO - DAG(s) 'example_external_task_marker_parent', 'example_external_task_marker_child' retrieved from /Users/christophercunningham/airflow_workspace/data-flow/data_flow_env/lib/python3.12/site-packages/airflow/example_dags/example_external_task_marker_dag.py
[2024-07-01T09:49:09.599-0400] {logging_mixin.py:188} INFO - [2024-07-01T09:49:09.599-0400] {dag.py:3096} INFO - Sync 2 DAGs
[2024-07-01T09:49:09.608-0400] {logging_mixin.py:188} INFO - [2024-07-01T09:49:09.607-0400] {dag.py:3954} INFO - Setting next_dagrun for example_external_task_marker_child to None, run_after=None
[2024-07-01T09:49:09.611-0400] {logging_mixin.py:188} INFO - [2024-07-01T09:49:09.611-0400] {dag.py:3954} INFO - Setting next_dagrun for example_external_task_marker_parent to None, run_after=None
[2024-07-01T09:49:09.623-0400] {processor.py:183} INFO - Processing /Users/christophercunningham/airflow_workspace/data-flow/data_flow_env/lib/python3.12/site-packages/airflow/example_dags/example_external_task_marker_dag.py took 0.128 seconds
[2024-07-01T09:52:43.970-0400] {processor.py:161} INFO - Started process (PID=15946) to work on /Users/christophercunningham/airflow_workspace/data-flow/data_flow_env/lib/python3.12/site-packages/airflow/example_dags/example_external_task_marker_dag.py
[2024-07-01T09:52:43.972-0400] {processor.py:830} INFO - Processing file /Users/christophercunningham/airflow_workspace/data-flow/data_flow_env/lib/python3.12/site-packages/airflow/example_dags/example_external_task_marker_dag.py for tasks to queue
[2024-07-01T09:52:43.972-0400] {logging_mixin.py:188} INFO - [2024-07-01T09:52:43.972-0400] {dagbag.py:545} INFO - Filling up the DagBag from /Users/christophercunningham/airflow_workspace/data-flow/data_flow_env/lib/python3.12/site-packages/airflow/example_dags/example_external_task_marker_dag.py
[2024-07-01T09:52:43.982-0400] {processor.py:840} INFO - DAG(s) 'example_external_task_marker_child', 'example_external_task_marker_parent' retrieved from /Users/christophercunningham/airflow_workspace/data-flow/data_flow_env/lib/python3.12/site-packages/airflow/example_dags/example_external_task_marker_dag.py
[2024-07-01T09:52:44.070-0400] {logging_mixin.py:188} INFO - [2024-07-01T09:52:44.070-0400] {dag.py:3096} INFO - Sync 2 DAGs
[2024-07-01T09:52:44.076-0400] {logging_mixin.py:188} INFO - [2024-07-01T09:52:44.076-0400] {dag.py:3954} INFO - Setting next_dagrun for example_external_task_marker_child to None, run_after=None
[2024-07-01T09:52:44.078-0400] {logging_mixin.py:188} INFO - [2024-07-01T09:52:44.078-0400] {dag.py:3954} INFO - Setting next_dagrun for example_external_task_marker_parent to None, run_after=None
[2024-07-01T09:52:44.090-0400] {processor.py:183} INFO - Processing /Users/christophercunningham/airflow_workspace/data-flow/data_flow_env/lib/python3.12/site-packages/airflow/example_dags/example_external_task_marker_dag.py took 0.125 seconds
[2024-07-01T09:56:05.868-0400] {processor.py:161} INFO - Started process (PID=16358) to work on /Users/christophercunningham/airflow_workspace/data-flow/data_flow_env/lib/python3.12/site-packages/airflow/example_dags/example_external_task_marker_dag.py
[2024-07-01T09:56:05.870-0400] {processor.py:830} INFO - Processing file /Users/christophercunningham/airflow_workspace/data-flow/data_flow_env/lib/python3.12/site-packages/airflow/example_dags/example_external_task_marker_dag.py for tasks to queue
[2024-07-01T09:56:05.871-0400] {logging_mixin.py:188} INFO - [2024-07-01T09:56:05.870-0400] {dagbag.py:545} INFO - Filling up the DagBag from /Users/christophercunningham/airflow_workspace/data-flow/data_flow_env/lib/python3.12/site-packages/airflow/example_dags/example_external_task_marker_dag.py
[2024-07-01T09:56:05.880-0400] {processor.py:840} INFO - DAG(s) 'example_external_task_marker_parent', 'example_external_task_marker_child' retrieved from /Users/christophercunningham/airflow_workspace/data-flow/data_flow_env/lib/python3.12/site-packages/airflow/example_dags/example_external_task_marker_dag.py
[2024-07-01T09:56:05.963-0400] {logging_mixin.py:188} INFO - [2024-07-01T09:56:05.963-0400] {dag.py:3096} INFO - Sync 2 DAGs
[2024-07-01T09:56:05.971-0400] {logging_mixin.py:188} INFO - [2024-07-01T09:56:05.970-0400] {dag.py:3954} INFO - Setting next_dagrun for example_external_task_marker_child to None, run_after=None
[2024-07-01T09:56:05.973-0400] {logging_mixin.py:188} INFO - [2024-07-01T09:56:05.973-0400] {dag.py:3954} INFO - Setting next_dagrun for example_external_task_marker_parent to None, run_after=None
[2024-07-01T09:56:05.984-0400] {processor.py:183} INFO - Processing /Users/christophercunningham/airflow_workspace/data-flow/data_flow_env/lib/python3.12/site-packages/airflow/example_dags/example_external_task_marker_dag.py took 0.121 seconds
[2024-07-01T09:59:27.070-0400] {processor.py:161} INFO - Started process (PID=16803) to work on /Users/christophercunningham/airflow_workspace/data-flow/data_flow_env/lib/python3.12/site-packages/airflow/example_dags/example_external_task_marker_dag.py
[2024-07-01T09:59:27.071-0400] {processor.py:830} INFO - Processing file /Users/christophercunningham/airflow_workspace/data-flow/data_flow_env/lib/python3.12/site-packages/airflow/example_dags/example_external_task_marker_dag.py for tasks to queue
[2024-07-01T09:59:27.072-0400] {logging_mixin.py:188} INFO - [2024-07-01T09:59:27.072-0400] {dagbag.py:545} INFO - Filling up the DagBag from /Users/christophercunningham/airflow_workspace/data-flow/data_flow_env/lib/python3.12/site-packages/airflow/example_dags/example_external_task_marker_dag.py
[2024-07-01T09:59:27.083-0400] {processor.py:840} INFO - DAG(s) 'example_external_task_marker_parent', 'example_external_task_marker_child' retrieved from /Users/christophercunningham/airflow_workspace/data-flow/data_flow_env/lib/python3.12/site-packages/airflow/example_dags/example_external_task_marker_dag.py
[2024-07-01T09:59:27.167-0400] {logging_mixin.py:188} INFO - [2024-07-01T09:59:27.167-0400] {dag.py:3096} INFO - Sync 2 DAGs
[2024-07-01T09:59:27.174-0400] {logging_mixin.py:188} INFO - [2024-07-01T09:59:27.174-0400] {dag.py:3954} INFO - Setting next_dagrun for example_external_task_marker_child to None, run_after=None
[2024-07-01T09:59:27.176-0400] {logging_mixin.py:188} INFO - [2024-07-01T09:59:27.176-0400] {dag.py:3954} INFO - Setting next_dagrun for example_external_task_marker_parent to None, run_after=None
[2024-07-01T09:59:27.188-0400] {processor.py:183} INFO - Processing /Users/christophercunningham/airflow_workspace/data-flow/data_flow_env/lib/python3.12/site-packages/airflow/example_dags/example_external_task_marker_dag.py took 0.123 seconds
[2024-07-01T10:02:54.961-0400] {processor.py:161} INFO - Started process (PID=17262) to work on /Users/christophercunningham/airflow_workspace/data-flow/data_flow_env/lib/python3.12/site-packages/airflow/example_dags/example_external_task_marker_dag.py
[2024-07-01T10:02:54.963-0400] {processor.py:830} INFO - Processing file /Users/christophercunningham/airflow_workspace/data-flow/data_flow_env/lib/python3.12/site-packages/airflow/example_dags/example_external_task_marker_dag.py for tasks to queue
[2024-07-01T10:02:54.963-0400] {logging_mixin.py:188} INFO - [2024-07-01T10:02:54.963-0400] {dagbag.py:545} INFO - Filling up the DagBag from /Users/christophercunningham/airflow_workspace/data-flow/data_flow_env/lib/python3.12/site-packages/airflow/example_dags/example_external_task_marker_dag.py
[2024-07-01T10:02:54.975-0400] {processor.py:840} INFO - DAG(s) 'example_external_task_marker_parent', 'example_external_task_marker_child' retrieved from /Users/christophercunningham/airflow_workspace/data-flow/data_flow_env/lib/python3.12/site-packages/airflow/example_dags/example_external_task_marker_dag.py
[2024-07-01T10:02:55.071-0400] {logging_mixin.py:188} INFO - [2024-07-01T10:02:55.071-0400] {dag.py:3096} INFO - Sync 2 DAGs
[2024-07-01T10:02:55.078-0400] {logging_mixin.py:188} INFO - [2024-07-01T10:02:55.078-0400] {dag.py:3954} INFO - Setting next_dagrun for example_external_task_marker_child to None, run_after=None
[2024-07-01T10:02:55.080-0400] {logging_mixin.py:188} INFO - [2024-07-01T10:02:55.080-0400] {dag.py:3954} INFO - Setting next_dagrun for example_external_task_marker_parent to None, run_after=None
[2024-07-01T10:02:55.092-0400] {processor.py:183} INFO - Processing /Users/christophercunningham/airflow_workspace/data-flow/data_flow_env/lib/python3.12/site-packages/airflow/example_dags/example_external_task_marker_dag.py took 0.133 seconds
[2024-07-01T10:06:35.360-0400] {processor.py:161} INFO - Started process (PID=17719) to work on /Users/christophercunningham/airflow_workspace/data-flow/data_flow_env/lib/python3.12/site-packages/airflow/example_dags/example_external_task_marker_dag.py
[2024-07-01T10:06:35.362-0400] {processor.py:830} INFO - Processing file /Users/christophercunningham/airflow_workspace/data-flow/data_flow_env/lib/python3.12/site-packages/airflow/example_dags/example_external_task_marker_dag.py for tasks to queue
[2024-07-01T10:06:35.362-0400] {logging_mixin.py:188} INFO - [2024-07-01T10:06:35.362-0400] {dagbag.py:545} INFO - Filling up the DagBag from /Users/christophercunningham/airflow_workspace/data-flow/data_flow_env/lib/python3.12/site-packages/airflow/example_dags/example_external_task_marker_dag.py
[2024-07-01T10:06:35.374-0400] {processor.py:840} INFO - DAG(s) 'example_external_task_marker_parent', 'example_external_task_marker_child' retrieved from /Users/christophercunningham/airflow_workspace/data-flow/data_flow_env/lib/python3.12/site-packages/airflow/example_dags/example_external_task_marker_dag.py
[2024-07-01T10:06:35.465-0400] {logging_mixin.py:188} INFO - [2024-07-01T10:06:35.465-0400] {dag.py:3096} INFO - Sync 2 DAGs
[2024-07-01T10:06:35.472-0400] {logging_mixin.py:188} INFO - [2024-07-01T10:06:35.472-0400] {dag.py:3954} INFO - Setting next_dagrun for example_external_task_marker_child to None, run_after=None
[2024-07-01T10:06:35.474-0400] {logging_mixin.py:188} INFO - [2024-07-01T10:06:35.474-0400] {dag.py:3954} INFO - Setting next_dagrun for example_external_task_marker_parent to None, run_after=None
[2024-07-01T10:06:35.485-0400] {processor.py:183} INFO - Processing /Users/christophercunningham/airflow_workspace/data-flow/data_flow_env/lib/python3.12/site-packages/airflow/example_dags/example_external_task_marker_dag.py took 0.130 seconds
[2024-07-01T10:10:10.547-0400] {processor.py:161} INFO - Started process (PID=18197) to work on /Users/christophercunningham/airflow_workspace/data-flow/data_flow_env/lib/python3.12/site-packages/airflow/example_dags/example_external_task_marker_dag.py
[2024-07-01T10:10:10.549-0400] {processor.py:830} INFO - Processing file /Users/christophercunningham/airflow_workspace/data-flow/data_flow_env/lib/python3.12/site-packages/airflow/example_dags/example_external_task_marker_dag.py for tasks to queue
[2024-07-01T10:10:10.550-0400] {logging_mixin.py:188} INFO - [2024-07-01T10:10:10.550-0400] {dagbag.py:545} INFO - Filling up the DagBag from /Users/christophercunningham/airflow_workspace/data-flow/data_flow_env/lib/python3.12/site-packages/airflow/example_dags/example_external_task_marker_dag.py
[2024-07-01T10:10:10.561-0400] {processor.py:840} INFO - DAG(s) 'example_external_task_marker_child', 'example_external_task_marker_parent' retrieved from /Users/christophercunningham/airflow_workspace/data-flow/data_flow_env/lib/python3.12/site-packages/airflow/example_dags/example_external_task_marker_dag.py
[2024-07-01T10:10:10.642-0400] {logging_mixin.py:188} INFO - [2024-07-01T10:10:10.642-0400] {dag.py:3096} INFO - Sync 2 DAGs
[2024-07-01T10:10:10.649-0400] {logging_mixin.py:188} INFO - [2024-07-01T10:10:10.649-0400] {dag.py:3954} INFO - Setting next_dagrun for example_external_task_marker_child to None, run_after=None
[2024-07-01T10:10:10.651-0400] {logging_mixin.py:188} INFO - [2024-07-01T10:10:10.651-0400] {dag.py:3954} INFO - Setting next_dagrun for example_external_task_marker_parent to None, run_after=None
[2024-07-01T10:10:10.662-0400] {processor.py:183} INFO - Processing /Users/christophercunningham/airflow_workspace/data-flow/data_flow_env/lib/python3.12/site-packages/airflow/example_dags/example_external_task_marker_dag.py took 0.120 seconds
[2024-07-01T10:13:30.728-0400] {processor.py:161} INFO - Started process (PID=18662) to work on /Users/christophercunningham/airflow_workspace/data-flow/data_flow_env/lib/python3.12/site-packages/airflow/example_dags/example_external_task_marker_dag.py
[2024-07-01T10:13:30.729-0400] {processor.py:830} INFO - Processing file /Users/christophercunningham/airflow_workspace/data-flow/data_flow_env/lib/python3.12/site-packages/airflow/example_dags/example_external_task_marker_dag.py for tasks to queue
[2024-07-01T10:13:30.730-0400] {logging_mixin.py:188} INFO - [2024-07-01T10:13:30.730-0400] {dagbag.py:545} INFO - Filling up the DagBag from /Users/christophercunningham/airflow_workspace/data-flow/data_flow_env/lib/python3.12/site-packages/airflow/example_dags/example_external_task_marker_dag.py
[2024-07-01T10:13:30.742-0400] {processor.py:840} INFO - DAG(s) 'example_external_task_marker_parent', 'example_external_task_marker_child' retrieved from /Users/christophercunningham/airflow_workspace/data-flow/data_flow_env/lib/python3.12/site-packages/airflow/example_dags/example_external_task_marker_dag.py
[2024-07-01T10:13:30.841-0400] {logging_mixin.py:188} INFO - [2024-07-01T10:13:30.841-0400] {dag.py:3096} INFO - Sync 2 DAGs
[2024-07-01T10:13:30.850-0400] {logging_mixin.py:188} INFO - [2024-07-01T10:13:30.849-0400] {dag.py:3954} INFO - Setting next_dagrun for example_external_task_marker_child to None, run_after=None
[2024-07-01T10:13:30.852-0400] {logging_mixin.py:188} INFO - [2024-07-01T10:13:30.852-0400] {dag.py:3954} INFO - Setting next_dagrun for example_external_task_marker_parent to None, run_after=None
[2024-07-01T10:13:30.865-0400] {processor.py:183} INFO - Processing /Users/christophercunningham/airflow_workspace/data-flow/data_flow_env/lib/python3.12/site-packages/airflow/example_dags/example_external_task_marker_dag.py took 0.141 seconds
[2024-07-01T10:17:06.844-0400] {processor.py:161} INFO - Started process (PID=19119) to work on /Users/christophercunningham/airflow_workspace/data-flow/data_flow_env/lib/python3.12/site-packages/airflow/example_dags/example_external_task_marker_dag.py
[2024-07-01T10:17:06.845-0400] {processor.py:830} INFO - Processing file /Users/christophercunningham/airflow_workspace/data-flow/data_flow_env/lib/python3.12/site-packages/airflow/example_dags/example_external_task_marker_dag.py for tasks to queue
[2024-07-01T10:17:06.846-0400] {logging_mixin.py:188} INFO - [2024-07-01T10:17:06.846-0400] {dagbag.py:545} INFO - Filling up the DagBag from /Users/christophercunningham/airflow_workspace/data-flow/data_flow_env/lib/python3.12/site-packages/airflow/example_dags/example_external_task_marker_dag.py
[2024-07-01T10:17:06.858-0400] {processor.py:840} INFO - DAG(s) 'example_external_task_marker_child', 'example_external_task_marker_parent' retrieved from /Users/christophercunningham/airflow_workspace/data-flow/data_flow_env/lib/python3.12/site-packages/airflow/example_dags/example_external_task_marker_dag.py
[2024-07-01T10:17:06.948-0400] {logging_mixin.py:188} INFO - [2024-07-01T10:17:06.948-0400] {dag.py:3096} INFO - Sync 2 DAGs
[2024-07-01T10:17:06.956-0400] {logging_mixin.py:188} INFO - [2024-07-01T10:17:06.955-0400] {dag.py:3954} INFO - Setting next_dagrun for example_external_task_marker_child to None, run_after=None
[2024-07-01T10:17:06.958-0400] {logging_mixin.py:188} INFO - [2024-07-01T10:17:06.958-0400] {dag.py:3954} INFO - Setting next_dagrun for example_external_task_marker_parent to None, run_after=None
[2024-07-01T10:17:06.969-0400] {processor.py:183} INFO - Processing /Users/christophercunningham/airflow_workspace/data-flow/data_flow_env/lib/python3.12/site-packages/airflow/example_dags/example_external_task_marker_dag.py took 0.128 seconds
[2024-07-01T10:40:21.052-0400] {processor.py:161} INFO - Started process (PID=21324) to work on /Users/christophercunningham/airflow_workspace/data-flow/data_flow_env/lib/python3.12/site-packages/airflow/example_dags/example_external_task_marker_dag.py
[2024-07-01T10:40:21.053-0400] {processor.py:830} INFO - Processing file /Users/christophercunningham/airflow_workspace/data-flow/data_flow_env/lib/python3.12/site-packages/airflow/example_dags/example_external_task_marker_dag.py for tasks to queue
[2024-07-01T10:40:21.054-0400] {logging_mixin.py:188} INFO - [2024-07-01T10:40:21.053-0400] {dagbag.py:545} INFO - Filling up the DagBag from /Users/christophercunningham/airflow_workspace/data-flow/data_flow_env/lib/python3.12/site-packages/airflow/example_dags/example_external_task_marker_dag.py
[2024-07-01T10:40:21.067-0400] {processor.py:840} INFO - DAG(s) 'example_external_task_marker_parent', 'example_external_task_marker_child' retrieved from /Users/christophercunningham/airflow_workspace/data-flow/data_flow_env/lib/python3.12/site-packages/airflow/example_dags/example_external_task_marker_dag.py
[2024-07-01T10:40:21.254-0400] {logging_mixin.py:188} INFO - [2024-07-01T10:40:21.254-0400] {dag.py:3096} INFO - Sync 2 DAGs
[2024-07-01T10:40:21.263-0400] {logging_mixin.py:188} INFO - [2024-07-01T10:40:21.263-0400] {dag.py:3954} INFO - Setting next_dagrun for example_external_task_marker_child to None, run_after=None
[2024-07-01T10:40:21.265-0400] {logging_mixin.py:188} INFO - [2024-07-01T10:40:21.265-0400] {dag.py:3954} INFO - Setting next_dagrun for example_external_task_marker_parent to None, run_after=None
[2024-07-01T10:40:21.332-0400] {processor.py:183} INFO - Processing /Users/christophercunningham/airflow_workspace/data-flow/data_flow_env/lib/python3.12/site-packages/airflow/example_dags/example_external_task_marker_dag.py took 0.285 seconds
