[2024-07-01T09:33:05.688-0400] {processor.py:161} INFO - Started process (PID=14023) to work on /Users/christophercunningham/airflow_workspace/data-flow/data_flow_env/lib/python3.12/site-packages/airflow/example_dags/example_branch_operator_decorator.py
[2024-07-01T09:33:05.689-0400] {processor.py:830} INFO - Processing file /Users/christophercunningham/airflow_workspace/data-flow/data_flow_env/lib/python3.12/site-packages/airflow/example_dags/example_branch_operator_decorator.py for tasks to queue
[2024-07-01T09:33:05.690-0400] {logging_mixin.py:188} INFO - [2024-07-01T09:33:05.690-0400] {dagbag.py:545} INFO - Filling up the DagBag from /Users/christophercunningham/airflow_workspace/data-flow/data_flow_env/lib/python3.12/site-packages/airflow/example_dags/example_branch_operator_decorator.py
[2024-07-01T09:33:05.726-0400] {processor.py:840} INFO - DAG(s) 'example_branch_python_operator_decorator' retrieved from /Users/christophercunningham/airflow_workspace/data-flow/data_flow_env/lib/python3.12/site-packages/airflow/example_dags/example_branch_operator_decorator.py
[2024-07-01T09:33:05.918-0400] {logging_mixin.py:188} INFO - [2024-07-01T09:33:05.917-0400] {dag.py:3096} INFO - Sync 1 DAGs
[2024-07-01T09:33:05.934-0400] {logging_mixin.py:188} INFO - [2024-07-01T09:33:05.934-0400] {dag.py:3954} INFO - Setting next_dagrun for example_branch_python_operator_decorator to 2024-06-30 00:00:00+00:00, run_after=2024-07-01 00:00:00+00:00
[2024-07-01T09:33:05.950-0400] {processor.py:183} INFO - Processing /Users/christophercunningham/airflow_workspace/data-flow/data_flow_env/lib/python3.12/site-packages/airflow/example_dags/example_branch_operator_decorator.py took 0.268 seconds
[2024-07-01T09:36:33.047-0400] {processor.py:161} INFO - Started process (PID=14348) to work on /Users/christophercunningham/airflow_workspace/data-flow/data_flow_env/lib/python3.12/site-packages/airflow/example_dags/example_branch_operator_decorator.py
[2024-07-01T09:36:33.049-0400] {processor.py:830} INFO - Processing file /Users/christophercunningham/airflow_workspace/data-flow/data_flow_env/lib/python3.12/site-packages/airflow/example_dags/example_branch_operator_decorator.py for tasks to queue
[2024-07-01T09:36:33.050-0400] {logging_mixin.py:188} INFO - [2024-07-01T09:36:33.049-0400] {dagbag.py:545} INFO - Filling up the DagBag from /Users/christophercunningham/airflow_workspace/data-flow/data_flow_env/lib/python3.12/site-packages/airflow/example_dags/example_branch_operator_decorator.py
[2024-07-01T09:36:33.084-0400] {processor.py:840} INFO - DAG(s) 'example_branch_python_operator_decorator' retrieved from /Users/christophercunningham/airflow_workspace/data-flow/data_flow_env/lib/python3.12/site-packages/airflow/example_dags/example_branch_operator_decorator.py
[2024-07-01T09:36:33.268-0400] {logging_mixin.py:188} INFO - [2024-07-01T09:36:33.268-0400] {dag.py:3096} INFO - Sync 1 DAGs
[2024-07-01T09:36:33.284-0400] {logging_mixin.py:188} INFO - [2024-07-01T09:36:33.283-0400] {dag.py:3954} INFO - Setting next_dagrun for example_branch_python_operator_decorator to 2024-06-30 00:00:00+00:00, run_after=2024-07-01 00:00:00+00:00
[2024-07-01T09:36:33.299-0400] {processor.py:183} INFO - Processing /Users/christophercunningham/airflow_workspace/data-flow/data_flow_env/lib/python3.12/site-packages/airflow/example_dags/example_branch_operator_decorator.py took 0.256 seconds
[2024-07-01T09:40:07.118-0400] {processor.py:161} INFO - Started process (PID=14703) to work on /Users/christophercunningham/airflow_workspace/data-flow/data_flow_env/lib/python3.12/site-packages/airflow/example_dags/example_branch_operator_decorator.py
[2024-07-01T09:40:07.120-0400] {processor.py:830} INFO - Processing file /Users/christophercunningham/airflow_workspace/data-flow/data_flow_env/lib/python3.12/site-packages/airflow/example_dags/example_branch_operator_decorator.py for tasks to queue
[2024-07-01T09:40:07.121-0400] {logging_mixin.py:188} INFO - [2024-07-01T09:40:07.121-0400] {dagbag.py:545} INFO - Filling up the DagBag from /Users/christophercunningham/airflow_workspace/data-flow/data_flow_env/lib/python3.12/site-packages/airflow/example_dags/example_branch_operator_decorator.py
[2024-07-01T09:40:07.163-0400] {processor.py:840} INFO - DAG(s) 'example_branch_python_operator_decorator' retrieved from /Users/christophercunningham/airflow_workspace/data-flow/data_flow_env/lib/python3.12/site-packages/airflow/example_dags/example_branch_operator_decorator.py
[2024-07-01T09:40:07.377-0400] {logging_mixin.py:188} INFO - [2024-07-01T09:40:07.377-0400] {dag.py:3096} INFO - Sync 1 DAGs
[2024-07-01T09:40:07.391-0400] {logging_mixin.py:188} INFO - [2024-07-01T09:40:07.391-0400] {dag.py:3954} INFO - Setting next_dagrun for example_branch_python_operator_decorator to 2024-06-30 00:00:00+00:00, run_after=2024-07-01 00:00:00+00:00
[2024-07-01T09:40:07.407-0400] {processor.py:183} INFO - Processing /Users/christophercunningham/airflow_workspace/data-flow/data_flow_env/lib/python3.12/site-packages/airflow/example_dags/example_branch_operator_decorator.py took 0.293 seconds
[2024-07-01T09:43:41.107-0400] {processor.py:161} INFO - Started process (PID=15080) to work on /Users/christophercunningham/airflow_workspace/data-flow/data_flow_env/lib/python3.12/site-packages/airflow/example_dags/example_branch_operator_decorator.py
[2024-07-01T09:43:41.108-0400] {processor.py:830} INFO - Processing file /Users/christophercunningham/airflow_workspace/data-flow/data_flow_env/lib/python3.12/site-packages/airflow/example_dags/example_branch_operator_decorator.py for tasks to queue
[2024-07-01T09:43:41.108-0400] {logging_mixin.py:188} INFO - [2024-07-01T09:43:41.108-0400] {dagbag.py:545} INFO - Filling up the DagBag from /Users/christophercunningham/airflow_workspace/data-flow/data_flow_env/lib/python3.12/site-packages/airflow/example_dags/example_branch_operator_decorator.py
[2024-07-01T09:43:41.152-0400] {processor.py:840} INFO - DAG(s) 'example_branch_python_operator_decorator' retrieved from /Users/christophercunningham/airflow_workspace/data-flow/data_flow_env/lib/python3.12/site-packages/airflow/example_dags/example_branch_operator_decorator.py
[2024-07-01T09:43:41.366-0400] {logging_mixin.py:188} INFO - [2024-07-01T09:43:41.366-0400] {dag.py:3096} INFO - Sync 1 DAGs
[2024-07-01T09:43:41.382-0400] {logging_mixin.py:188} INFO - [2024-07-01T09:43:41.382-0400] {dag.py:3954} INFO - Setting next_dagrun for example_branch_python_operator_decorator to 2024-06-30 00:00:00+00:00, run_after=2024-07-01 00:00:00+00:00
[2024-07-01T09:43:41.398-0400] {processor.py:183} INFO - Processing /Users/christophercunningham/airflow_workspace/data-flow/data_flow_env/lib/python3.12/site-packages/airflow/example_dags/example_branch_operator_decorator.py took 0.295 seconds
[2024-07-01T09:47:15.739-0400] {processor.py:161} INFO - Started process (PID=15404) to work on /Users/christophercunningham/airflow_workspace/data-flow/data_flow_env/lib/python3.12/site-packages/airflow/example_dags/example_branch_operator_decorator.py
[2024-07-01T09:47:15.740-0400] {processor.py:830} INFO - Processing file /Users/christophercunningham/airflow_workspace/data-flow/data_flow_env/lib/python3.12/site-packages/airflow/example_dags/example_branch_operator_decorator.py for tasks to queue
[2024-07-01T09:47:15.741-0400] {logging_mixin.py:188} INFO - [2024-07-01T09:47:15.741-0400] {dagbag.py:545} INFO - Filling up the DagBag from /Users/christophercunningham/airflow_workspace/data-flow/data_flow_env/lib/python3.12/site-packages/airflow/example_dags/example_branch_operator_decorator.py
[2024-07-01T09:47:15.782-0400] {processor.py:840} INFO - DAG(s) 'example_branch_python_operator_decorator' retrieved from /Users/christophercunningham/airflow_workspace/data-flow/data_flow_env/lib/python3.12/site-packages/airflow/example_dags/example_branch_operator_decorator.py
[2024-07-01T09:47:15.971-0400] {logging_mixin.py:188} INFO - [2024-07-01T09:47:15.970-0400] {dag.py:3096} INFO - Sync 1 DAGs
[2024-07-01T09:47:15.986-0400] {logging_mixin.py:188} INFO - [2024-07-01T09:47:15.986-0400] {dag.py:3954} INFO - Setting next_dagrun for example_branch_python_operator_decorator to 2024-06-30 00:00:00+00:00, run_after=2024-07-01 00:00:00+00:00
[2024-07-01T09:47:16.002-0400] {processor.py:183} INFO - Processing /Users/christophercunningham/airflow_workspace/data-flow/data_flow_env/lib/python3.12/site-packages/airflow/example_dags/example_branch_operator_decorator.py took 0.268 seconds
[2024-07-01T09:50:53.045-0400] {processor.py:161} INFO - Started process (PID=15770) to work on /Users/christophercunningham/airflow_workspace/data-flow/data_flow_env/lib/python3.12/site-packages/airflow/example_dags/example_branch_operator_decorator.py
[2024-07-01T09:50:53.046-0400] {processor.py:830} INFO - Processing file /Users/christophercunningham/airflow_workspace/data-flow/data_flow_env/lib/python3.12/site-packages/airflow/example_dags/example_branch_operator_decorator.py for tasks to queue
[2024-07-01T09:50:53.046-0400] {logging_mixin.py:188} INFO - [2024-07-01T09:50:53.046-0400] {dagbag.py:545} INFO - Filling up the DagBag from /Users/christophercunningham/airflow_workspace/data-flow/data_flow_env/lib/python3.12/site-packages/airflow/example_dags/example_branch_operator_decorator.py
[2024-07-01T09:50:53.084-0400] {processor.py:840} INFO - DAG(s) 'example_branch_python_operator_decorator' retrieved from /Users/christophercunningham/airflow_workspace/data-flow/data_flow_env/lib/python3.12/site-packages/airflow/example_dags/example_branch_operator_decorator.py
[2024-07-01T09:50:53.282-0400] {logging_mixin.py:188} INFO - [2024-07-01T09:50:53.281-0400] {dag.py:3096} INFO - Sync 1 DAGs
[2024-07-01T09:50:53.297-0400] {logging_mixin.py:188} INFO - [2024-07-01T09:50:53.297-0400] {dag.py:3954} INFO - Setting next_dagrun for example_branch_python_operator_decorator to 2024-06-30 00:00:00+00:00, run_after=2024-07-01 00:00:00+00:00
[2024-07-01T09:50:53.313-0400] {processor.py:183} INFO - Processing /Users/christophercunningham/airflow_workspace/data-flow/data_flow_env/lib/python3.12/site-packages/airflow/example_dags/example_branch_operator_decorator.py took 0.274 seconds
[2024-07-01T09:54:15.150-0400] {processor.py:161} INFO - Started process (PID=16114) to work on /Users/christophercunningham/airflow_workspace/data-flow/data_flow_env/lib/python3.12/site-packages/airflow/example_dags/example_branch_operator_decorator.py
[2024-07-01T09:54:15.152-0400] {processor.py:830} INFO - Processing file /Users/christophercunningham/airflow_workspace/data-flow/data_flow_env/lib/python3.12/site-packages/airflow/example_dags/example_branch_operator_decorator.py for tasks to queue
[2024-07-01T09:54:15.153-0400] {logging_mixin.py:188} INFO - [2024-07-01T09:54:15.153-0400] {dagbag.py:545} INFO - Filling up the DagBag from /Users/christophercunningham/airflow_workspace/data-flow/data_flow_env/lib/python3.12/site-packages/airflow/example_dags/example_branch_operator_decorator.py
[2024-07-01T09:54:15.189-0400] {processor.py:840} INFO - DAG(s) 'example_branch_python_operator_decorator' retrieved from /Users/christophercunningham/airflow_workspace/data-flow/data_flow_env/lib/python3.12/site-packages/airflow/example_dags/example_branch_operator_decorator.py
[2024-07-01T09:54:15.381-0400] {logging_mixin.py:188} INFO - [2024-07-01T09:54:15.381-0400] {dag.py:3096} INFO - Sync 1 DAGs
[2024-07-01T09:54:15.396-0400] {logging_mixin.py:188} INFO - [2024-07-01T09:54:15.396-0400] {dag.py:3954} INFO - Setting next_dagrun for example_branch_python_operator_decorator to 2024-06-30 00:00:00+00:00, run_after=2024-07-01 00:00:00+00:00
[2024-07-01T09:54:15.412-0400] {processor.py:183} INFO - Processing /Users/christophercunningham/airflow_workspace/data-flow/data_flow_env/lib/python3.12/site-packages/airflow/example_dags/example_branch_operator_decorator.py took 0.266 seconds
[2024-07-01T09:57:38.740-0400] {processor.py:161} INFO - Started process (PID=16561) to work on /Users/christophercunningham/airflow_workspace/data-flow/data_flow_env/lib/python3.12/site-packages/airflow/example_dags/example_branch_operator_decorator.py
[2024-07-01T09:57:38.741-0400] {processor.py:830} INFO - Processing file /Users/christophercunningham/airflow_workspace/data-flow/data_flow_env/lib/python3.12/site-packages/airflow/example_dags/example_branch_operator_decorator.py for tasks to queue
[2024-07-01T09:57:38.742-0400] {logging_mixin.py:188} INFO - [2024-07-01T09:57:38.742-0400] {dagbag.py:545} INFO - Filling up the DagBag from /Users/christophercunningham/airflow_workspace/data-flow/data_flow_env/lib/python3.12/site-packages/airflow/example_dags/example_branch_operator_decorator.py
[2024-07-01T09:57:38.778-0400] {processor.py:840} INFO - DAG(s) 'example_branch_python_operator_decorator' retrieved from /Users/christophercunningham/airflow_workspace/data-flow/data_flow_env/lib/python3.12/site-packages/airflow/example_dags/example_branch_operator_decorator.py
[2024-07-01T09:57:38.967-0400] {logging_mixin.py:188} INFO - [2024-07-01T09:57:38.967-0400] {dag.py:3096} INFO - Sync 1 DAGs
[2024-07-01T09:57:38.983-0400] {logging_mixin.py:188} INFO - [2024-07-01T09:57:38.983-0400] {dag.py:3954} INFO - Setting next_dagrun for example_branch_python_operator_decorator to 2024-06-30 00:00:00+00:00, run_after=2024-07-01 00:00:00+00:00
[2024-07-01T09:57:39.000-0400] {processor.py:183} INFO - Processing /Users/christophercunningham/airflow_workspace/data-flow/data_flow_env/lib/python3.12/site-packages/airflow/example_dags/example_branch_operator_decorator.py took 0.264 seconds
[2024-07-01T10:01:04.495-0400] {processor.py:161} INFO - Started process (PID=17039) to work on /Users/christophercunningham/airflow_workspace/data-flow/data_flow_env/lib/python3.12/site-packages/airflow/example_dags/example_branch_operator_decorator.py
[2024-07-01T10:01:04.496-0400] {processor.py:830} INFO - Processing file /Users/christophercunningham/airflow_workspace/data-flow/data_flow_env/lib/python3.12/site-packages/airflow/example_dags/example_branch_operator_decorator.py for tasks to queue
[2024-07-01T10:01:04.497-0400] {logging_mixin.py:188} INFO - [2024-07-01T10:01:04.497-0400] {dagbag.py:545} INFO - Filling up the DagBag from /Users/christophercunningham/airflow_workspace/data-flow/data_flow_env/lib/python3.12/site-packages/airflow/example_dags/example_branch_operator_decorator.py
[2024-07-01T10:01:04.539-0400] {processor.py:840} INFO - DAG(s) 'example_branch_python_operator_decorator' retrieved from /Users/christophercunningham/airflow_workspace/data-flow/data_flow_env/lib/python3.12/site-packages/airflow/example_dags/example_branch_operator_decorator.py
[2024-07-01T10:01:04.734-0400] {logging_mixin.py:188} INFO - [2024-07-01T10:01:04.733-0400] {dag.py:3096} INFO - Sync 1 DAGs
[2024-07-01T10:01:04.750-0400] {logging_mixin.py:188} INFO - [2024-07-01T10:01:04.750-0400] {dag.py:3954} INFO - Setting next_dagrun for example_branch_python_operator_decorator to 2024-06-30 00:00:00+00:00, run_after=2024-07-01 00:00:00+00:00
[2024-07-01T10:01:04.766-0400] {processor.py:183} INFO - Processing /Users/christophercunningham/airflow_workspace/data-flow/data_flow_env/lib/python3.12/site-packages/airflow/example_dags/example_branch_operator_decorator.py took 0.273 seconds
[2024-07-01T10:04:37.866-0400] {processor.py:161} INFO - Started process (PID=17473) to work on /Users/christophercunningham/airflow_workspace/data-flow/data_flow_env/lib/python3.12/site-packages/airflow/example_dags/example_branch_operator_decorator.py
[2024-07-01T10:04:37.868-0400] {processor.py:830} INFO - Processing file /Users/christophercunningham/airflow_workspace/data-flow/data_flow_env/lib/python3.12/site-packages/airflow/example_dags/example_branch_operator_decorator.py for tasks to queue
[2024-07-01T10:04:37.868-0400] {logging_mixin.py:188} INFO - [2024-07-01T10:04:37.868-0400] {dagbag.py:545} INFO - Filling up the DagBag from /Users/christophercunningham/airflow_workspace/data-flow/data_flow_env/lib/python3.12/site-packages/airflow/example_dags/example_branch_operator_decorator.py
[2024-07-01T10:04:37.909-0400] {processor.py:840} INFO - DAG(s) 'example_branch_python_operator_decorator' retrieved from /Users/christophercunningham/airflow_workspace/data-flow/data_flow_env/lib/python3.12/site-packages/airflow/example_dags/example_branch_operator_decorator.py
[2024-07-01T10:04:38.104-0400] {logging_mixin.py:188} INFO - [2024-07-01T10:04:38.104-0400] {dag.py:3096} INFO - Sync 1 DAGs
[2024-07-01T10:04:38.121-0400] {logging_mixin.py:188} INFO - [2024-07-01T10:04:38.121-0400] {dag.py:3954} INFO - Setting next_dagrun for example_branch_python_operator_decorator to 2024-06-30 00:00:00+00:00, run_after=2024-07-01 00:00:00+00:00
[2024-07-01T10:04:38.139-0400] {processor.py:183} INFO - Processing /Users/christophercunningham/airflow_workspace/data-flow/data_flow_env/lib/python3.12/site-packages/airflow/example_dags/example_branch_operator_decorator.py took 0.277 seconds
[2024-07-01T10:08:20.659-0400] {processor.py:161} INFO - Started process (PID=17941) to work on /Users/christophercunningham/airflow_workspace/data-flow/data_flow_env/lib/python3.12/site-packages/airflow/example_dags/example_branch_operator_decorator.py
[2024-07-01T10:08:20.661-0400] {processor.py:830} INFO - Processing file /Users/christophercunningham/airflow_workspace/data-flow/data_flow_env/lib/python3.12/site-packages/airflow/example_dags/example_branch_operator_decorator.py for tasks to queue
[2024-07-01T10:08:20.662-0400] {logging_mixin.py:188} INFO - [2024-07-01T10:08:20.662-0400] {dagbag.py:545} INFO - Filling up the DagBag from /Users/christophercunningham/airflow_workspace/data-flow/data_flow_env/lib/python3.12/site-packages/airflow/example_dags/example_branch_operator_decorator.py
[2024-07-01T10:08:20.698-0400] {processor.py:840} INFO - DAG(s) 'example_branch_python_operator_decorator' retrieved from /Users/christophercunningham/airflow_workspace/data-flow/data_flow_env/lib/python3.12/site-packages/airflow/example_dags/example_branch_operator_decorator.py
[2024-07-01T10:08:20.882-0400] {logging_mixin.py:188} INFO - [2024-07-01T10:08:20.881-0400] {dag.py:3096} INFO - Sync 1 DAGs
[2024-07-01T10:08:20.897-0400] {logging_mixin.py:188} INFO - [2024-07-01T10:08:20.897-0400] {dag.py:3954} INFO - Setting next_dagrun for example_branch_python_operator_decorator to 2024-06-30 00:00:00+00:00, run_after=2024-07-01 00:00:00+00:00
[2024-07-01T10:08:20.914-0400] {processor.py:183} INFO - Processing /Users/christophercunningham/airflow_workspace/data-flow/data_flow_env/lib/python3.12/site-packages/airflow/example_dags/example_branch_operator_decorator.py took 0.260 seconds
[2024-07-01T10:11:44.991-0400] {processor.py:161} INFO - Started process (PID=18406) to work on /Users/christophercunningham/airflow_workspace/data-flow/data_flow_env/lib/python3.12/site-packages/airflow/example_dags/example_branch_operator_decorator.py
[2024-07-01T10:11:44.992-0400] {processor.py:830} INFO - Processing file /Users/christophercunningham/airflow_workspace/data-flow/data_flow_env/lib/python3.12/site-packages/airflow/example_dags/example_branch_operator_decorator.py for tasks to queue
[2024-07-01T10:11:44.992-0400] {logging_mixin.py:188} INFO - [2024-07-01T10:11:44.992-0400] {dagbag.py:545} INFO - Filling up the DagBag from /Users/christophercunningham/airflow_workspace/data-flow/data_flow_env/lib/python3.12/site-packages/airflow/example_dags/example_branch_operator_decorator.py
[2024-07-01T10:11:45.030-0400] {processor.py:840} INFO - DAG(s) 'example_branch_python_operator_decorator' retrieved from /Users/christophercunningham/airflow_workspace/data-flow/data_flow_env/lib/python3.12/site-packages/airflow/example_dags/example_branch_operator_decorator.py
[2024-07-01T10:11:45.224-0400] {logging_mixin.py:188} INFO - [2024-07-01T10:11:45.224-0400] {dag.py:3096} INFO - Sync 1 DAGs
[2024-07-01T10:11:45.241-0400] {logging_mixin.py:188} INFO - [2024-07-01T10:11:45.241-0400] {dag.py:3954} INFO - Setting next_dagrun for example_branch_python_operator_decorator to 2024-06-30 00:00:00+00:00, run_after=2024-07-01 00:00:00+00:00
[2024-07-01T10:11:45.256-0400] {processor.py:183} INFO - Processing /Users/christophercunningham/airflow_workspace/data-flow/data_flow_env/lib/python3.12/site-packages/airflow/example_dags/example_branch_operator_decorator.py took 0.270 seconds
[2024-07-01T10:15:16.590-0400] {processor.py:161} INFO - Started process (PID=18879) to work on /Users/christophercunningham/airflow_workspace/data-flow/data_flow_env/lib/python3.12/site-packages/airflow/example_dags/example_branch_operator_decorator.py
[2024-07-01T10:15:16.592-0400] {processor.py:830} INFO - Processing file /Users/christophercunningham/airflow_workspace/data-flow/data_flow_env/lib/python3.12/site-packages/airflow/example_dags/example_branch_operator_decorator.py for tasks to queue
[2024-07-01T10:15:16.593-0400] {logging_mixin.py:188} INFO - [2024-07-01T10:15:16.593-0400] {dagbag.py:545} INFO - Filling up the DagBag from /Users/christophercunningham/airflow_workspace/data-flow/data_flow_env/lib/python3.12/site-packages/airflow/example_dags/example_branch_operator_decorator.py
[2024-07-01T10:15:16.631-0400] {processor.py:840} INFO - DAG(s) 'example_branch_python_operator_decorator' retrieved from /Users/christophercunningham/airflow_workspace/data-flow/data_flow_env/lib/python3.12/site-packages/airflow/example_dags/example_branch_operator_decorator.py
[2024-07-01T10:15:16.824-0400] {logging_mixin.py:188} INFO - [2024-07-01T10:15:16.824-0400] {dag.py:3096} INFO - Sync 1 DAGs
[2024-07-01T10:15:16.840-0400] {logging_mixin.py:188} INFO - [2024-07-01T10:15:16.840-0400] {dag.py:3954} INFO - Setting next_dagrun for example_branch_python_operator_decorator to 2024-06-30 00:00:00+00:00, run_after=2024-07-01 00:00:00+00:00
[2024-07-01T10:15:16.855-0400] {processor.py:183} INFO - Processing /Users/christophercunningham/airflow_workspace/data-flow/data_flow_env/lib/python3.12/site-packages/airflow/example_dags/example_branch_operator_decorator.py took 0.270 seconds
