[2024-07-01T09:32:39.761-0400] {processor.py:161} INFO - Started process (PID=13970) to work on /Users/christophercunningham/airflow_workspace/data-flow/data_flow_env/lib/python3.12/site-packages/airflow/example_dags/example_latest_only.py
[2024-07-01T09:32:39.763-0400] {processor.py:830} INFO - Processing file /Users/christophercunningham/airflow_workspace/data-flow/data_flow_env/lib/python3.12/site-packages/airflow/example_dags/example_latest_only.py for tasks to queue
[2024-07-01T09:32:39.764-0400] {logging_mixin.py:188} INFO - [2024-07-01T09:32:39.763-0400] {dagbag.py:545} INFO - Filling up the DagBag from /Users/christophercunningham/airflow_workspace/data-flow/data_flow_env/lib/python3.12/site-packages/airflow/example_dags/example_latest_only.py
[2024-07-01T09:32:39.771-0400] {processor.py:840} INFO - DAG(s) 'latest_only' retrieved from /Users/christophercunningham/airflow_workspace/data-flow/data_flow_env/lib/python3.12/site-packages/airflow/example_dags/example_latest_only.py
[2024-07-01T09:32:39.907-0400] {logging_mixin.py:188} INFO - [2024-07-01T09:32:39.907-0400] {dag.py:3096} INFO - Sync 1 DAGs
[2024-07-01T09:32:39.918-0400] {logging_mixin.py:188} INFO - [2024-07-01T09:32:39.918-0400] {dag.py:3954} INFO - Setting next_dagrun for latest_only to 2024-07-01 08:00:00+00:00, run_after=2024-07-01 12:00:00+00:00
[2024-07-01T09:32:39.980-0400] {processor.py:183} INFO - Processing /Users/christophercunningham/airflow_workspace/data-flow/data_flow_env/lib/python3.12/site-packages/airflow/example_dags/example_latest_only.py took 0.223 seconds
[2024-07-01T09:34:53.252-0400] {processor.py:161} INFO - Started process (PID=14202) to work on /Users/christophercunningham/airflow_workspace/data-flow/data_flow_env/lib/python3.12/site-packages/airflow/example_dags/example_latest_only.py
[2024-07-01T09:34:53.254-0400] {processor.py:830} INFO - Processing file /Users/christophercunningham/airflow_workspace/data-flow/data_flow_env/lib/python3.12/site-packages/airflow/example_dags/example_latest_only.py for tasks to queue
[2024-07-01T09:34:53.255-0400] {logging_mixin.py:188} INFO - [2024-07-01T09:34:53.255-0400] {dagbag.py:545} INFO - Filling up the DagBag from /Users/christophercunningham/airflow_workspace/data-flow/data_flow_env/lib/python3.12/site-packages/airflow/example_dags/example_latest_only.py
[2024-07-01T09:34:53.262-0400] {processor.py:840} INFO - DAG(s) 'latest_only' retrieved from /Users/christophercunningham/airflow_workspace/data-flow/data_flow_env/lib/python3.12/site-packages/airflow/example_dags/example_latest_only.py
[2024-07-01T09:34:53.337-0400] {logging_mixin.py:188} INFO - [2024-07-01T09:34:53.337-0400] {dag.py:3096} INFO - Sync 1 DAGs
[2024-07-01T09:34:53.349-0400] {logging_mixin.py:188} INFO - [2024-07-01T09:34:53.349-0400] {dag.py:3954} INFO - Setting next_dagrun for latest_only to 2024-07-01 08:00:00+00:00, run_after=2024-07-01 12:00:00+00:00
[2024-07-01T09:34:53.361-0400] {processor.py:183} INFO - Processing /Users/christophercunningham/airflow_workspace/data-flow/data_flow_env/lib/python3.12/site-packages/airflow/example_dags/example_latest_only.py took 0.114 seconds
[2024-07-01T09:38:20.551-0400] {processor.py:161} INFO - Started process (PID=14520) to work on /Users/christophercunningham/airflow_workspace/data-flow/data_flow_env/lib/python3.12/site-packages/airflow/example_dags/example_latest_only.py
[2024-07-01T09:38:20.553-0400] {processor.py:830} INFO - Processing file /Users/christophercunningham/airflow_workspace/data-flow/data_flow_env/lib/python3.12/site-packages/airflow/example_dags/example_latest_only.py for tasks to queue
[2024-07-01T09:38:20.554-0400] {logging_mixin.py:188} INFO - [2024-07-01T09:38:20.554-0400] {dagbag.py:545} INFO - Filling up the DagBag from /Users/christophercunningham/airflow_workspace/data-flow/data_flow_env/lib/python3.12/site-packages/airflow/example_dags/example_latest_only.py
[2024-07-01T09:38:20.560-0400] {processor.py:840} INFO - DAG(s) 'latest_only' retrieved from /Users/christophercunningham/airflow_workspace/data-flow/data_flow_env/lib/python3.12/site-packages/airflow/example_dags/example_latest_only.py
[2024-07-01T09:38:20.637-0400] {logging_mixin.py:188} INFO - [2024-07-01T09:38:20.637-0400] {dag.py:3096} INFO - Sync 1 DAGs
[2024-07-01T09:38:20.649-0400] {logging_mixin.py:188} INFO - [2024-07-01T09:38:20.648-0400] {dag.py:3954} INFO - Setting next_dagrun for latest_only to 2024-07-01 08:00:00+00:00, run_after=2024-07-01 12:00:00+00:00
[2024-07-01T09:38:20.665-0400] {processor.py:183} INFO - Processing /Users/christophercunningham/airflow_workspace/data-flow/data_flow_env/lib/python3.12/site-packages/airflow/example_dags/example_latest_only.py took 0.119 seconds
[2024-07-01T09:41:50.485-0400] {processor.py:161} INFO - Started process (PID=14901) to work on /Users/christophercunningham/airflow_workspace/data-flow/data_flow_env/lib/python3.12/site-packages/airflow/example_dags/example_latest_only.py
[2024-07-01T09:41:50.487-0400] {processor.py:830} INFO - Processing file /Users/christophercunningham/airflow_workspace/data-flow/data_flow_env/lib/python3.12/site-packages/airflow/example_dags/example_latest_only.py for tasks to queue
[2024-07-01T09:41:50.487-0400] {logging_mixin.py:188} INFO - [2024-07-01T09:41:50.487-0400] {dagbag.py:545} INFO - Filling up the DagBag from /Users/christophercunningham/airflow_workspace/data-flow/data_flow_env/lib/python3.12/site-packages/airflow/example_dags/example_latest_only.py
[2024-07-01T09:41:50.493-0400] {processor.py:840} INFO - DAG(s) 'latest_only' retrieved from /Users/christophercunningham/airflow_workspace/data-flow/data_flow_env/lib/python3.12/site-packages/airflow/example_dags/example_latest_only.py
[2024-07-01T09:41:50.567-0400] {logging_mixin.py:188} INFO - [2024-07-01T09:41:50.567-0400] {dag.py:3096} INFO - Sync 1 DAGs
[2024-07-01T09:41:50.578-0400] {logging_mixin.py:188} INFO - [2024-07-01T09:41:50.578-0400] {dag.py:3954} INFO - Setting next_dagrun for latest_only to 2024-07-01 08:00:00+00:00, run_after=2024-07-01 12:00:00+00:00
[2024-07-01T09:41:50.593-0400] {processor.py:183} INFO - Processing /Users/christophercunningham/airflow_workspace/data-flow/data_flow_env/lib/python3.12/site-packages/airflow/example_dags/example_latest_only.py took 0.112 seconds
[2024-07-01T09:45:30.323-0400] {processor.py:161} INFO - Started process (PID=15243) to work on /Users/christophercunningham/airflow_workspace/data-flow/data_flow_env/lib/python3.12/site-packages/airflow/example_dags/example_latest_only.py
[2024-07-01T09:45:30.325-0400] {processor.py:830} INFO - Processing file /Users/christophercunningham/airflow_workspace/data-flow/data_flow_env/lib/python3.12/site-packages/airflow/example_dags/example_latest_only.py for tasks to queue
[2024-07-01T09:45:30.325-0400] {logging_mixin.py:188} INFO - [2024-07-01T09:45:30.325-0400] {dagbag.py:545} INFO - Filling up the DagBag from /Users/christophercunningham/airflow_workspace/data-flow/data_flow_env/lib/python3.12/site-packages/airflow/example_dags/example_latest_only.py
[2024-07-01T09:45:30.332-0400] {processor.py:840} INFO - DAG(s) 'latest_only' retrieved from /Users/christophercunningham/airflow_workspace/data-flow/data_flow_env/lib/python3.12/site-packages/airflow/example_dags/example_latest_only.py
[2024-07-01T09:45:30.409-0400] {logging_mixin.py:188} INFO - [2024-07-01T09:45:30.408-0400] {dag.py:3096} INFO - Sync 1 DAGs
[2024-07-01T09:45:30.420-0400] {logging_mixin.py:188} INFO - [2024-07-01T09:45:30.420-0400] {dag.py:3954} INFO - Setting next_dagrun for latest_only to 2024-07-01 08:00:00+00:00, run_after=2024-07-01 12:00:00+00:00
[2024-07-01T09:45:30.433-0400] {processor.py:183} INFO - Processing /Users/christophercunningham/airflow_workspace/data-flow/data_flow_env/lib/python3.12/site-packages/airflow/example_dags/example_latest_only.py took 0.115 seconds
[2024-07-01T09:49:04.237-0400] {processor.py:161} INFO - Started process (PID=15561) to work on /Users/christophercunningham/airflow_workspace/data-flow/data_flow_env/lib/python3.12/site-packages/airflow/example_dags/example_latest_only.py
[2024-07-01T09:49:04.238-0400] {processor.py:830} INFO - Processing file /Users/christophercunningham/airflow_workspace/data-flow/data_flow_env/lib/python3.12/site-packages/airflow/example_dags/example_latest_only.py for tasks to queue
[2024-07-01T09:49:04.238-0400] {logging_mixin.py:188} INFO - [2024-07-01T09:49:04.238-0400] {dagbag.py:545} INFO - Filling up the DagBag from /Users/christophercunningham/airflow_workspace/data-flow/data_flow_env/lib/python3.12/site-packages/airflow/example_dags/example_latest_only.py
[2024-07-01T09:49:04.244-0400] {processor.py:840} INFO - DAG(s) 'latest_only' retrieved from /Users/christophercunningham/airflow_workspace/data-flow/data_flow_env/lib/python3.12/site-packages/airflow/example_dags/example_latest_only.py
[2024-07-01T09:49:04.319-0400] {logging_mixin.py:188} INFO - [2024-07-01T09:49:04.319-0400] {dag.py:3096} INFO - Sync 1 DAGs
[2024-07-01T09:49:04.330-0400] {logging_mixin.py:188} INFO - [2024-07-01T09:49:04.330-0400] {dag.py:3954} INFO - Setting next_dagrun for latest_only to 2024-07-01 08:00:00+00:00, run_after=2024-07-01 12:00:00+00:00
[2024-07-01T09:49:04.343-0400] {processor.py:183} INFO - Processing /Users/christophercunningham/airflow_workspace/data-flow/data_flow_env/lib/python3.12/site-packages/airflow/example_dags/example_latest_only.py took 0.111 seconds
[2024-07-01T09:52:39.230-0400] {processor.py:161} INFO - Started process (PID=15939) to work on /Users/christophercunningham/airflow_workspace/data-flow/data_flow_env/lib/python3.12/site-packages/airflow/example_dags/example_latest_only.py
[2024-07-01T09:52:39.231-0400] {processor.py:830} INFO - Processing file /Users/christophercunningham/airflow_workspace/data-flow/data_flow_env/lib/python3.12/site-packages/airflow/example_dags/example_latest_only.py for tasks to queue
[2024-07-01T09:52:39.231-0400] {logging_mixin.py:188} INFO - [2024-07-01T09:52:39.231-0400] {dagbag.py:545} INFO - Filling up the DagBag from /Users/christophercunningham/airflow_workspace/data-flow/data_flow_env/lib/python3.12/site-packages/airflow/example_dags/example_latest_only.py
[2024-07-01T09:52:39.238-0400] {processor.py:840} INFO - DAG(s) 'latest_only' retrieved from /Users/christophercunningham/airflow_workspace/data-flow/data_flow_env/lib/python3.12/site-packages/airflow/example_dags/example_latest_only.py
[2024-07-01T09:52:39.323-0400] {logging_mixin.py:188} INFO - [2024-07-01T09:52:39.323-0400] {dag.py:3096} INFO - Sync 1 DAGs
[2024-07-01T09:52:39.334-0400] {logging_mixin.py:188} INFO - [2024-07-01T09:52:39.334-0400] {dag.py:3954} INFO - Setting next_dagrun for latest_only to 2024-07-01 08:00:00+00:00, run_after=2024-07-01 12:00:00+00:00
[2024-07-01T09:52:39.347-0400] {processor.py:183} INFO - Processing /Users/christophercunningham/airflow_workspace/data-flow/data_flow_env/lib/python3.12/site-packages/airflow/example_dags/example_latest_only.py took 0.121 seconds
[2024-07-01T09:56:00.707-0400] {processor.py:161} INFO - Started process (PID=16349) to work on /Users/christophercunningham/airflow_workspace/data-flow/data_flow_env/lib/python3.12/site-packages/airflow/example_dags/example_latest_only.py
[2024-07-01T09:56:00.709-0400] {processor.py:830} INFO - Processing file /Users/christophercunningham/airflow_workspace/data-flow/data_flow_env/lib/python3.12/site-packages/airflow/example_dags/example_latest_only.py for tasks to queue
[2024-07-01T09:56:00.709-0400] {logging_mixin.py:188} INFO - [2024-07-01T09:56:00.709-0400] {dagbag.py:545} INFO - Filling up the DagBag from /Users/christophercunningham/airflow_workspace/data-flow/data_flow_env/lib/python3.12/site-packages/airflow/example_dags/example_latest_only.py
[2024-07-01T09:56:00.715-0400] {processor.py:840} INFO - DAG(s) 'latest_only' retrieved from /Users/christophercunningham/airflow_workspace/data-flow/data_flow_env/lib/python3.12/site-packages/airflow/example_dags/example_latest_only.py
[2024-07-01T09:56:00.788-0400] {logging_mixin.py:188} INFO - [2024-07-01T09:56:00.788-0400] {dag.py:3096} INFO - Sync 1 DAGs
[2024-07-01T09:56:00.799-0400] {logging_mixin.py:188} INFO - [2024-07-01T09:56:00.799-0400] {dag.py:3954} INFO - Setting next_dagrun for latest_only to 2024-07-01 08:00:00+00:00, run_after=2024-07-01 12:00:00+00:00
[2024-07-01T09:56:00.811-0400] {processor.py:183} INFO - Processing /Users/christophercunningham/airflow_workspace/data-flow/data_flow_env/lib/python3.12/site-packages/airflow/example_dags/example_latest_only.py took 0.109 seconds
[2024-07-01T09:59:22.542-0400] {processor.py:161} INFO - Started process (PID=16790) to work on /Users/christophercunningham/airflow_workspace/data-flow/data_flow_env/lib/python3.12/site-packages/airflow/example_dags/example_latest_only.py
[2024-07-01T09:59:22.543-0400] {processor.py:830} INFO - Processing file /Users/christophercunningham/airflow_workspace/data-flow/data_flow_env/lib/python3.12/site-packages/airflow/example_dags/example_latest_only.py for tasks to queue
[2024-07-01T09:59:22.544-0400] {logging_mixin.py:188} INFO - [2024-07-01T09:59:22.543-0400] {dagbag.py:545} INFO - Filling up the DagBag from /Users/christophercunningham/airflow_workspace/data-flow/data_flow_env/lib/python3.12/site-packages/airflow/example_dags/example_latest_only.py
[2024-07-01T09:59:22.549-0400] {processor.py:840} INFO - DAG(s) 'latest_only' retrieved from /Users/christophercunningham/airflow_workspace/data-flow/data_flow_env/lib/python3.12/site-packages/airflow/example_dags/example_latest_only.py
[2024-07-01T09:59:22.632-0400] {logging_mixin.py:188} INFO - [2024-07-01T09:59:22.632-0400] {dag.py:3096} INFO - Sync 1 DAGs
[2024-07-01T09:59:22.644-0400] {logging_mixin.py:188} INFO - [2024-07-01T09:59:22.644-0400] {dag.py:3954} INFO - Setting next_dagrun for latest_only to 2024-07-01 08:00:00+00:00, run_after=2024-07-01 12:00:00+00:00
[2024-07-01T09:59:22.657-0400] {processor.py:183} INFO - Processing /Users/christophercunningham/airflow_workspace/data-flow/data_flow_env/lib/python3.12/site-packages/airflow/example_dags/example_latest_only.py took 0.120 seconds
[2024-07-01T10:02:49.693-0400] {processor.py:161} INFO - Started process (PID=17251) to work on /Users/christophercunningham/airflow_workspace/data-flow/data_flow_env/lib/python3.12/site-packages/airflow/example_dags/example_latest_only.py
[2024-07-01T10:02:49.694-0400] {processor.py:830} INFO - Processing file /Users/christophercunningham/airflow_workspace/data-flow/data_flow_env/lib/python3.12/site-packages/airflow/example_dags/example_latest_only.py for tasks to queue
[2024-07-01T10:02:49.695-0400] {logging_mixin.py:188} INFO - [2024-07-01T10:02:49.695-0400] {dagbag.py:545} INFO - Filling up the DagBag from /Users/christophercunningham/airflow_workspace/data-flow/data_flow_env/lib/python3.12/site-packages/airflow/example_dags/example_latest_only.py
[2024-07-01T10:02:49.702-0400] {processor.py:840} INFO - DAG(s) 'latest_only' retrieved from /Users/christophercunningham/airflow_workspace/data-flow/data_flow_env/lib/python3.12/site-packages/airflow/example_dags/example_latest_only.py
[2024-07-01T10:02:49.780-0400] {logging_mixin.py:188} INFO - [2024-07-01T10:02:49.780-0400] {dag.py:3096} INFO - Sync 1 DAGs
[2024-07-01T10:02:49.792-0400] {logging_mixin.py:188} INFO - [2024-07-01T10:02:49.792-0400] {dag.py:3954} INFO - Setting next_dagrun for latest_only to 2024-07-01 08:00:00+00:00, run_after=2024-07-01 12:00:00+00:00
[2024-07-01T10:02:49.806-0400] {processor.py:183} INFO - Processing /Users/christophercunningham/airflow_workspace/data-flow/data_flow_env/lib/python3.12/site-packages/airflow/example_dags/example_latest_only.py took 0.117 seconds
[2024-07-01T10:06:30.116-0400] {processor.py:161} INFO - Started process (PID=17710) to work on /Users/christophercunningham/airflow_workspace/data-flow/data_flow_env/lib/python3.12/site-packages/airflow/example_dags/example_latest_only.py
[2024-07-01T10:06:30.117-0400] {processor.py:830} INFO - Processing file /Users/christophercunningham/airflow_workspace/data-flow/data_flow_env/lib/python3.12/site-packages/airflow/example_dags/example_latest_only.py for tasks to queue
[2024-07-01T10:06:30.118-0400] {logging_mixin.py:188} INFO - [2024-07-01T10:06:30.118-0400] {dagbag.py:545} INFO - Filling up the DagBag from /Users/christophercunningham/airflow_workspace/data-flow/data_flow_env/lib/python3.12/site-packages/airflow/example_dags/example_latest_only.py
[2024-07-01T10:06:30.124-0400] {processor.py:840} INFO - DAG(s) 'latest_only' retrieved from /Users/christophercunningham/airflow_workspace/data-flow/data_flow_env/lib/python3.12/site-packages/airflow/example_dags/example_latest_only.py
[2024-07-01T10:06:30.201-0400] {logging_mixin.py:188} INFO - [2024-07-01T10:06:30.201-0400] {dag.py:3096} INFO - Sync 1 DAGs
[2024-07-01T10:06:30.212-0400] {logging_mixin.py:188} INFO - [2024-07-01T10:06:30.212-0400] {dag.py:3954} INFO - Setting next_dagrun for latest_only to 2024-07-01 08:00:00+00:00, run_after=2024-07-01 12:00:00+00:00
[2024-07-01T10:06:30.225-0400] {processor.py:183} INFO - Processing /Users/christophercunningham/airflow_workspace/data-flow/data_flow_env/lib/python3.12/site-packages/airflow/example_dags/example_latest_only.py took 0.114 seconds
[2024-07-01T10:10:05.315-0400] {processor.py:161} INFO - Started process (PID=18166) to work on /Users/christophercunningham/airflow_workspace/data-flow/data_flow_env/lib/python3.12/site-packages/airflow/example_dags/example_latest_only.py
[2024-07-01T10:10:05.316-0400] {processor.py:830} INFO - Processing file /Users/christophercunningham/airflow_workspace/data-flow/data_flow_env/lib/python3.12/site-packages/airflow/example_dags/example_latest_only.py for tasks to queue
[2024-07-01T10:10:05.317-0400] {logging_mixin.py:188} INFO - [2024-07-01T10:10:05.317-0400] {dagbag.py:545} INFO - Filling up the DagBag from /Users/christophercunningham/airflow_workspace/data-flow/data_flow_env/lib/python3.12/site-packages/airflow/example_dags/example_latest_only.py
[2024-07-01T10:10:05.324-0400] {processor.py:840} INFO - DAG(s) 'latest_only' retrieved from /Users/christophercunningham/airflow_workspace/data-flow/data_flow_env/lib/python3.12/site-packages/airflow/example_dags/example_latest_only.py
[2024-07-01T10:10:05.416-0400] {logging_mixin.py:188} INFO - [2024-07-01T10:10:05.416-0400] {dag.py:3096} INFO - Sync 1 DAGs
[2024-07-01T10:10:05.431-0400] {logging_mixin.py:188} INFO - [2024-07-01T10:10:05.431-0400] {dag.py:3954} INFO - Setting next_dagrun for latest_only to 2024-07-01 08:00:00+00:00, run_after=2024-07-01 12:00:00+00:00
[2024-07-01T10:10:05.447-0400] {processor.py:183} INFO - Processing /Users/christophercunningham/airflow_workspace/data-flow/data_flow_env/lib/python3.12/site-packages/airflow/example_dags/example_latest_only.py took 0.134 seconds
[2024-07-01T10:13:25.396-0400] {processor.py:161} INFO - Started process (PID=18640) to work on /Users/christophercunningham/airflow_workspace/data-flow/data_flow_env/lib/python3.12/site-packages/airflow/example_dags/example_latest_only.py
[2024-07-01T10:13:25.397-0400] {processor.py:830} INFO - Processing file /Users/christophercunningham/airflow_workspace/data-flow/data_flow_env/lib/python3.12/site-packages/airflow/example_dags/example_latest_only.py for tasks to queue
[2024-07-01T10:13:25.398-0400] {logging_mixin.py:188} INFO - [2024-07-01T10:13:25.398-0400] {dagbag.py:545} INFO - Filling up the DagBag from /Users/christophercunningham/airflow_workspace/data-flow/data_flow_env/lib/python3.12/site-packages/airflow/example_dags/example_latest_only.py
[2024-07-01T10:13:25.405-0400] {processor.py:840} INFO - DAG(s) 'latest_only' retrieved from /Users/christophercunningham/airflow_workspace/data-flow/data_flow_env/lib/python3.12/site-packages/airflow/example_dags/example_latest_only.py
[2024-07-01T10:13:25.479-0400] {logging_mixin.py:188} INFO - [2024-07-01T10:13:25.479-0400] {dag.py:3096} INFO - Sync 1 DAGs
[2024-07-01T10:13:25.491-0400] {logging_mixin.py:188} INFO - [2024-07-01T10:13:25.491-0400] {dag.py:3954} INFO - Setting next_dagrun for latest_only to 2024-07-01 08:00:00+00:00, run_after=2024-07-01 12:00:00+00:00
[2024-07-01T10:13:25.504-0400] {processor.py:183} INFO - Processing /Users/christophercunningham/airflow_workspace/data-flow/data_flow_env/lib/python3.12/site-packages/airflow/example_dags/example_latest_only.py took 0.113 seconds
[2024-07-01T10:17:01.417-0400] {processor.py:161} INFO - Started process (PID=19106) to work on /Users/christophercunningham/airflow_workspace/data-flow/data_flow_env/lib/python3.12/site-packages/airflow/example_dags/example_latest_only.py
[2024-07-01T10:17:01.419-0400] {processor.py:830} INFO - Processing file /Users/christophercunningham/airflow_workspace/data-flow/data_flow_env/lib/python3.12/site-packages/airflow/example_dags/example_latest_only.py for tasks to queue
[2024-07-01T10:17:01.419-0400] {logging_mixin.py:188} INFO - [2024-07-01T10:17:01.419-0400] {dagbag.py:545} INFO - Filling up the DagBag from /Users/christophercunningham/airflow_workspace/data-flow/data_flow_env/lib/python3.12/site-packages/airflow/example_dags/example_latest_only.py
[2024-07-01T10:17:01.426-0400] {processor.py:840} INFO - DAG(s) 'latest_only' retrieved from /Users/christophercunningham/airflow_workspace/data-flow/data_flow_env/lib/python3.12/site-packages/airflow/example_dags/example_latest_only.py
[2024-07-01T10:17:01.502-0400] {logging_mixin.py:188} INFO - [2024-07-01T10:17:01.502-0400] {dag.py:3096} INFO - Sync 1 DAGs
[2024-07-01T10:17:01.513-0400] {logging_mixin.py:188} INFO - [2024-07-01T10:17:01.513-0400] {dag.py:3954} INFO - Setting next_dagrun for latest_only to 2024-07-01 08:00:00+00:00, run_after=2024-07-01 12:00:00+00:00
[2024-07-01T10:17:01.525-0400] {processor.py:183} INFO - Processing /Users/christophercunningham/airflow_workspace/data-flow/data_flow_env/lib/python3.12/site-packages/airflow/example_dags/example_latest_only.py took 0.113 seconds
[2024-07-01T10:40:15.580-0400] {processor.py:161} INFO - Started process (PID=21313) to work on /Users/christophercunningham/airflow_workspace/data-flow/data_flow_env/lib/python3.12/site-packages/airflow/example_dags/example_latest_only.py
[2024-07-01T10:40:15.582-0400] {processor.py:830} INFO - Processing file /Users/christophercunningham/airflow_workspace/data-flow/data_flow_env/lib/python3.12/site-packages/airflow/example_dags/example_latest_only.py for tasks to queue
[2024-07-01T10:40:15.582-0400] {logging_mixin.py:188} INFO - [2024-07-01T10:40:15.582-0400] {dagbag.py:545} INFO - Filling up the DagBag from /Users/christophercunningham/airflow_workspace/data-flow/data_flow_env/lib/python3.12/site-packages/airflow/example_dags/example_latest_only.py
[2024-07-01T10:40:15.589-0400] {processor.py:840} INFO - DAG(s) 'latest_only' retrieved from /Users/christophercunningham/airflow_workspace/data-flow/data_flow_env/lib/python3.12/site-packages/airflow/example_dags/example_latest_only.py
[2024-07-01T10:40:15.754-0400] {logging_mixin.py:188} INFO - [2024-07-01T10:40:15.754-0400] {dag.py:3096} INFO - Sync 1 DAGs
[2024-07-01T10:40:15.767-0400] {logging_mixin.py:188} INFO - [2024-07-01T10:40:15.767-0400] {dag.py:3954} INFO - Setting next_dagrun for latest_only to 2024-07-01 08:00:00+00:00, run_after=2024-07-01 12:00:00+00:00
[2024-07-01T10:40:15.821-0400] {processor.py:183} INFO - Processing /Users/christophercunningham/airflow_workspace/data-flow/data_flow_env/lib/python3.12/site-packages/airflow/example_dags/example_latest_only.py took 0.244 seconds
