[2024-07-01T09:32:58.770-0400] {processor.py:161} INFO - Started process (PID=14007) to work on /Users/christophercunningham/airflow_workspace/data-flow/data_flow_env/lib/python3.12/site-packages/airflow/example_dags/example_dag_decorator.py
[2024-07-01T09:32:58.772-0400] {processor.py:830} INFO - Processing file /Users/christophercunningham/airflow_workspace/data-flow/data_flow_env/lib/python3.12/site-packages/airflow/example_dags/example_dag_decorator.py for tasks to queue
[2024-07-01T09:32:58.773-0400] {logging_mixin.py:188} INFO - [2024-07-01T09:32:58.773-0400] {dagbag.py:545} INFO - Filling up the DagBag from /Users/christophercunningham/airflow_workspace/data-flow/data_flow_env/lib/python3.12/site-packages/airflow/example_dags/example_dag_decorator.py
[2024-07-01T09:32:58.973-0400] {processor.py:840} INFO - DAG(s) 'example_dag_decorator' retrieved from /Users/christophercunningham/airflow_workspace/data-flow/data_flow_env/lib/python3.12/site-packages/airflow/example_dags/example_dag_decorator.py
[2024-07-01T09:32:59.164-0400] {logging_mixin.py:188} INFO - [2024-07-01T09:32:59.164-0400] {dag.py:3096} INFO - Sync 1 DAGs
[2024-07-01T09:32:59.170-0400] {logging_mixin.py:188} INFO - [2024-07-01T09:32:59.170-0400] {dag.py:3954} INFO - Setting next_dagrun for example_dag_decorator to None, run_after=None
[2024-07-01T09:32:59.187-0400] {processor.py:183} INFO - Processing /Users/christophercunningham/airflow_workspace/data-flow/data_flow_env/lib/python3.12/site-packages/airflow/example_dags/example_dag_decorator.py took 0.421 seconds
[2024-07-01T09:36:24.967-0400] {processor.py:161} INFO - Started process (PID=14336) to work on /Users/christophercunningham/airflow_workspace/data-flow/data_flow_env/lib/python3.12/site-packages/airflow/example_dags/example_dag_decorator.py
[2024-07-01T09:36:24.969-0400] {processor.py:830} INFO - Processing file /Users/christophercunningham/airflow_workspace/data-flow/data_flow_env/lib/python3.12/site-packages/airflow/example_dags/example_dag_decorator.py for tasks to queue
[2024-07-01T09:36:24.970-0400] {logging_mixin.py:188} INFO - [2024-07-01T09:36:24.969-0400] {dagbag.py:545} INFO - Filling up the DagBag from /Users/christophercunningham/airflow_workspace/data-flow/data_flow_env/lib/python3.12/site-packages/airflow/example_dags/example_dag_decorator.py
[2024-07-01T09:36:25.157-0400] {processor.py:840} INFO - DAG(s) 'example_dag_decorator' retrieved from /Users/christophercunningham/airflow_workspace/data-flow/data_flow_env/lib/python3.12/site-packages/airflow/example_dags/example_dag_decorator.py
[2024-07-01T09:36:25.346-0400] {logging_mixin.py:188} INFO - [2024-07-01T09:36:25.346-0400] {dag.py:3096} INFO - Sync 1 DAGs
[2024-07-01T09:36:25.352-0400] {logging_mixin.py:188} INFO - [2024-07-01T09:36:25.352-0400] {dag.py:3954} INFO - Setting next_dagrun for example_dag_decorator to None, run_after=None
[2024-07-01T09:36:25.365-0400] {processor.py:183} INFO - Processing /Users/christophercunningham/airflow_workspace/data-flow/data_flow_env/lib/python3.12/site-packages/airflow/example_dags/example_dag_decorator.py took 0.402 seconds
[2024-07-01T09:39:58.728-0400] {processor.py:161} INFO - Started process (PID=14675) to work on /Users/christophercunningham/airflow_workspace/data-flow/data_flow_env/lib/python3.12/site-packages/airflow/example_dags/example_dag_decorator.py
[2024-07-01T09:39:58.730-0400] {processor.py:830} INFO - Processing file /Users/christophercunningham/airflow_workspace/data-flow/data_flow_env/lib/python3.12/site-packages/airflow/example_dags/example_dag_decorator.py for tasks to queue
[2024-07-01T09:39:58.730-0400] {logging_mixin.py:188} INFO - [2024-07-01T09:39:58.730-0400] {dagbag.py:545} INFO - Filling up the DagBag from /Users/christophercunningham/airflow_workspace/data-flow/data_flow_env/lib/python3.12/site-packages/airflow/example_dags/example_dag_decorator.py
[2024-07-01T09:39:58.924-0400] {processor.py:840} INFO - DAG(s) 'example_dag_decorator' retrieved from /Users/christophercunningham/airflow_workspace/data-flow/data_flow_env/lib/python3.12/site-packages/airflow/example_dags/example_dag_decorator.py
[2024-07-01T09:39:59.124-0400] {logging_mixin.py:188} INFO - [2024-07-01T09:39:59.123-0400] {dag.py:3096} INFO - Sync 1 DAGs
[2024-07-01T09:39:59.130-0400] {logging_mixin.py:188} INFO - [2024-07-01T09:39:59.130-0400] {dag.py:3954} INFO - Setting next_dagrun for example_dag_decorator to None, run_after=None
[2024-07-01T09:39:59.143-0400] {processor.py:183} INFO - Processing /Users/christophercunningham/airflow_workspace/data-flow/data_flow_env/lib/python3.12/site-packages/airflow/example_dags/example_dag_decorator.py took 0.420 seconds
[2024-07-01T09:43:32.515-0400] {processor.py:161} INFO - Started process (PID=15064) to work on /Users/christophercunningham/airflow_workspace/data-flow/data_flow_env/lib/python3.12/site-packages/airflow/example_dags/example_dag_decorator.py
[2024-07-01T09:43:32.516-0400] {processor.py:830} INFO - Processing file /Users/christophercunningham/airflow_workspace/data-flow/data_flow_env/lib/python3.12/site-packages/airflow/example_dags/example_dag_decorator.py for tasks to queue
[2024-07-01T09:43:32.517-0400] {logging_mixin.py:188} INFO - [2024-07-01T09:43:32.517-0400] {dagbag.py:545} INFO - Filling up the DagBag from /Users/christophercunningham/airflow_workspace/data-flow/data_flow_env/lib/python3.12/site-packages/airflow/example_dags/example_dag_decorator.py
[2024-07-01T09:43:32.690-0400] {processor.py:840} INFO - DAG(s) 'example_dag_decorator' retrieved from /Users/christophercunningham/airflow_workspace/data-flow/data_flow_env/lib/python3.12/site-packages/airflow/example_dags/example_dag_decorator.py
[2024-07-01T09:43:32.885-0400] {logging_mixin.py:188} INFO - [2024-07-01T09:43:32.884-0400] {dag.py:3096} INFO - Sync 1 DAGs
[2024-07-01T09:43:32.891-0400] {logging_mixin.py:188} INFO - [2024-07-01T09:43:32.891-0400] {dag.py:3954} INFO - Setting next_dagrun for example_dag_decorator to None, run_after=None
[2024-07-01T09:43:32.903-0400] {processor.py:183} INFO - Processing /Users/christophercunningham/airflow_workspace/data-flow/data_flow_env/lib/python3.12/site-packages/airflow/example_dags/example_dag_decorator.py took 0.394 seconds
[2024-07-01T09:47:07.543-0400] {processor.py:161} INFO - Started process (PID=15393) to work on /Users/christophercunningham/airflow_workspace/data-flow/data_flow_env/lib/python3.12/site-packages/airflow/example_dags/example_dag_decorator.py
[2024-07-01T09:47:07.545-0400] {processor.py:830} INFO - Processing file /Users/christophercunningham/airflow_workspace/data-flow/data_flow_env/lib/python3.12/site-packages/airflow/example_dags/example_dag_decorator.py for tasks to queue
[2024-07-01T09:47:07.545-0400] {logging_mixin.py:188} INFO - [2024-07-01T09:47:07.545-0400] {dagbag.py:545} INFO - Filling up the DagBag from /Users/christophercunningham/airflow_workspace/data-flow/data_flow_env/lib/python3.12/site-packages/airflow/example_dags/example_dag_decorator.py
[2024-07-01T09:47:07.739-0400] {processor.py:840} INFO - DAG(s) 'example_dag_decorator' retrieved from /Users/christophercunningham/airflow_workspace/data-flow/data_flow_env/lib/python3.12/site-packages/airflow/example_dags/example_dag_decorator.py
[2024-07-01T09:47:07.932-0400] {logging_mixin.py:188} INFO - [2024-07-01T09:47:07.932-0400] {dag.py:3096} INFO - Sync 1 DAGs
[2024-07-01T09:47:07.938-0400] {logging_mixin.py:188} INFO - [2024-07-01T09:47:07.938-0400] {dag.py:3954} INFO - Setting next_dagrun for example_dag_decorator to None, run_after=None
[2024-07-01T09:47:07.953-0400] {processor.py:183} INFO - Processing /Users/christophercunningham/airflow_workspace/data-flow/data_flow_env/lib/python3.12/site-packages/airflow/example_dags/example_dag_decorator.py took 0.415 seconds
[2024-07-01T09:50:44.852-0400] {processor.py:161} INFO - Started process (PID=15759) to work on /Users/christophercunningham/airflow_workspace/data-flow/data_flow_env/lib/python3.12/site-packages/airflow/example_dags/example_dag_decorator.py
[2024-07-01T09:50:44.853-0400] {processor.py:830} INFO - Processing file /Users/christophercunningham/airflow_workspace/data-flow/data_flow_env/lib/python3.12/site-packages/airflow/example_dags/example_dag_decorator.py for tasks to queue
[2024-07-01T09:50:44.854-0400] {logging_mixin.py:188} INFO - [2024-07-01T09:50:44.854-0400] {dagbag.py:545} INFO - Filling up the DagBag from /Users/christophercunningham/airflow_workspace/data-flow/data_flow_env/lib/python3.12/site-packages/airflow/example_dags/example_dag_decorator.py
[2024-07-01T09:50:45.054-0400] {processor.py:840} INFO - DAG(s) 'example_dag_decorator' retrieved from /Users/christophercunningham/airflow_workspace/data-flow/data_flow_env/lib/python3.12/site-packages/airflow/example_dags/example_dag_decorator.py
[2024-07-01T09:50:45.239-0400] {logging_mixin.py:188} INFO - [2024-07-01T09:50:45.239-0400] {dag.py:3096} INFO - Sync 1 DAGs
[2024-07-01T09:50:45.245-0400] {logging_mixin.py:188} INFO - [2024-07-01T09:50:45.245-0400] {dag.py:3954} INFO - Setting next_dagrun for example_dag_decorator to None, run_after=None
[2024-07-01T09:50:45.261-0400] {processor.py:183} INFO - Processing /Users/christophercunningham/airflow_workspace/data-flow/data_flow_env/lib/python3.12/site-packages/airflow/example_dags/example_dag_decorator.py took 0.413 seconds
[2024-07-01T09:54:07.075-0400] {processor.py:161} INFO - Started process (PID=16096) to work on /Users/christophercunningham/airflow_workspace/data-flow/data_flow_env/lib/python3.12/site-packages/airflow/example_dags/example_dag_decorator.py
[2024-07-01T09:54:07.076-0400] {processor.py:830} INFO - Processing file /Users/christophercunningham/airflow_workspace/data-flow/data_flow_env/lib/python3.12/site-packages/airflow/example_dags/example_dag_decorator.py for tasks to queue
[2024-07-01T09:54:07.076-0400] {logging_mixin.py:188} INFO - [2024-07-01T09:54:07.076-0400] {dagbag.py:545} INFO - Filling up the DagBag from /Users/christophercunningham/airflow_workspace/data-flow/data_flow_env/lib/python3.12/site-packages/airflow/example_dags/example_dag_decorator.py
[2024-07-01T09:54:07.268-0400] {processor.py:840} INFO - DAG(s) 'example_dag_decorator' retrieved from /Users/christophercunningham/airflow_workspace/data-flow/data_flow_env/lib/python3.12/site-packages/airflow/example_dags/example_dag_decorator.py
[2024-07-01T09:54:07.452-0400] {logging_mixin.py:188} INFO - [2024-07-01T09:54:07.451-0400] {dag.py:3096} INFO - Sync 1 DAGs
[2024-07-01T09:54:07.458-0400] {logging_mixin.py:188} INFO - [2024-07-01T09:54:07.458-0400] {dag.py:3954} INFO - Setting next_dagrun for example_dag_decorator to None, run_after=None
[2024-07-01T09:54:07.472-0400] {processor.py:183} INFO - Processing /Users/christophercunningham/airflow_workspace/data-flow/data_flow_env/lib/python3.12/site-packages/airflow/example_dags/example_dag_decorator.py took 0.400 seconds
[2024-07-01T09:57:30.643-0400] {processor.py:161} INFO - Started process (PID=16540) to work on /Users/christophercunningham/airflow_workspace/data-flow/data_flow_env/lib/python3.12/site-packages/airflow/example_dags/example_dag_decorator.py
[2024-07-01T09:57:30.645-0400] {processor.py:830} INFO - Processing file /Users/christophercunningham/airflow_workspace/data-flow/data_flow_env/lib/python3.12/site-packages/airflow/example_dags/example_dag_decorator.py for tasks to queue
[2024-07-01T09:57:30.646-0400] {logging_mixin.py:188} INFO - [2024-07-01T09:57:30.646-0400] {dagbag.py:545} INFO - Filling up the DagBag from /Users/christophercunningham/airflow_workspace/data-flow/data_flow_env/lib/python3.12/site-packages/airflow/example_dags/example_dag_decorator.py
[2024-07-01T09:57:30.856-0400] {processor.py:840} INFO - DAG(s) 'example_dag_decorator' retrieved from /Users/christophercunningham/airflow_workspace/data-flow/data_flow_env/lib/python3.12/site-packages/airflow/example_dags/example_dag_decorator.py
[2024-07-01T09:57:31.056-0400] {logging_mixin.py:188} INFO - [2024-07-01T09:57:31.056-0400] {dag.py:3096} INFO - Sync 1 DAGs
[2024-07-01T09:57:31.062-0400] {logging_mixin.py:188} INFO - [2024-07-01T09:57:31.062-0400] {dag.py:3954} INFO - Setting next_dagrun for example_dag_decorator to None, run_after=None
[2024-07-01T09:57:31.076-0400] {processor.py:183} INFO - Processing /Users/christophercunningham/airflow_workspace/data-flow/data_flow_env/lib/python3.12/site-packages/airflow/example_dags/example_dag_decorator.py took 0.437 seconds
[2024-07-01T10:00:56.285-0400] {processor.py:161} INFO - Started process (PID=17023) to work on /Users/christophercunningham/airflow_workspace/data-flow/data_flow_env/lib/python3.12/site-packages/airflow/example_dags/example_dag_decorator.py
[2024-07-01T10:00:56.286-0400] {processor.py:830} INFO - Processing file /Users/christophercunningham/airflow_workspace/data-flow/data_flow_env/lib/python3.12/site-packages/airflow/example_dags/example_dag_decorator.py for tasks to queue
[2024-07-01T10:00:56.286-0400] {logging_mixin.py:188} INFO - [2024-07-01T10:00:56.286-0400] {dagbag.py:545} INFO - Filling up the DagBag from /Users/christophercunningham/airflow_workspace/data-flow/data_flow_env/lib/python3.12/site-packages/airflow/example_dags/example_dag_decorator.py
[2024-07-01T10:00:56.411-0400] {processor.py:840} INFO - DAG(s) 'example_dag_decorator' retrieved from /Users/christophercunningham/airflow_workspace/data-flow/data_flow_env/lib/python3.12/site-packages/airflow/example_dags/example_dag_decorator.py
[2024-07-01T10:00:56.612-0400] {logging_mixin.py:188} INFO - [2024-07-01T10:00:56.611-0400] {dag.py:3096} INFO - Sync 1 DAGs
[2024-07-01T10:00:56.618-0400] {logging_mixin.py:188} INFO - [2024-07-01T10:00:56.617-0400] {dag.py:3954} INFO - Setting next_dagrun for example_dag_decorator to None, run_after=None
[2024-07-01T10:00:56.633-0400] {processor.py:183} INFO - Processing /Users/christophercunningham/airflow_workspace/data-flow/data_flow_env/lib/python3.12/site-packages/airflow/example_dags/example_dag_decorator.py took 0.352 seconds
[2024-07-01T10:04:30.820-0400] {processor.py:161} INFO - Started process (PID=17456) to work on /Users/christophercunningham/airflow_workspace/data-flow/data_flow_env/lib/python3.12/site-packages/airflow/example_dags/example_dag_decorator.py
[2024-07-01T10:04:30.822-0400] {processor.py:830} INFO - Processing file /Users/christophercunningham/airflow_workspace/data-flow/data_flow_env/lib/python3.12/site-packages/airflow/example_dags/example_dag_decorator.py for tasks to queue
[2024-07-01T10:04:30.823-0400] {logging_mixin.py:188} INFO - [2024-07-01T10:04:30.823-0400] {dagbag.py:545} INFO - Filling up the DagBag from /Users/christophercunningham/airflow_workspace/data-flow/data_flow_env/lib/python3.12/site-packages/airflow/example_dags/example_dag_decorator.py
[2024-07-01T10:04:31.024-0400] {processor.py:840} INFO - DAG(s) 'example_dag_decorator' retrieved from /Users/christophercunningham/airflow_workspace/data-flow/data_flow_env/lib/python3.12/site-packages/airflow/example_dags/example_dag_decorator.py
[2024-07-01T10:04:31.226-0400] {logging_mixin.py:188} INFO - [2024-07-01T10:04:31.225-0400] {dag.py:3096} INFO - Sync 1 DAGs
[2024-07-01T10:04:31.232-0400] {logging_mixin.py:188} INFO - [2024-07-01T10:04:31.232-0400] {dag.py:3954} INFO - Setting next_dagrun for example_dag_decorator to None, run_after=None
[2024-07-01T10:04:31.244-0400] {processor.py:183} INFO - Processing /Users/christophercunningham/airflow_workspace/data-flow/data_flow_env/lib/python3.12/site-packages/airflow/example_dags/example_dag_decorator.py took 0.428 seconds
[2024-07-01T10:08:12.266-0400] {processor.py:161} INFO - Started process (PID=17924) to work on /Users/christophercunningham/airflow_workspace/data-flow/data_flow_env/lib/python3.12/site-packages/airflow/example_dags/example_dag_decorator.py
[2024-07-01T10:08:12.267-0400] {processor.py:830} INFO - Processing file /Users/christophercunningham/airflow_workspace/data-flow/data_flow_env/lib/python3.12/site-packages/airflow/example_dags/example_dag_decorator.py for tasks to queue
[2024-07-01T10:08:12.268-0400] {logging_mixin.py:188} INFO - [2024-07-01T10:08:12.268-0400] {dagbag.py:545} INFO - Filling up the DagBag from /Users/christophercunningham/airflow_workspace/data-flow/data_flow_env/lib/python3.12/site-packages/airflow/example_dags/example_dag_decorator.py
[2024-07-01T10:08:12.467-0400] {processor.py:840} INFO - DAG(s) 'example_dag_decorator' retrieved from /Users/christophercunningham/airflow_workspace/data-flow/data_flow_env/lib/python3.12/site-packages/airflow/example_dags/example_dag_decorator.py
[2024-07-01T10:08:12.694-0400] {logging_mixin.py:188} INFO - [2024-07-01T10:08:12.693-0400] {dag.py:3096} INFO - Sync 1 DAGs
[2024-07-01T10:08:12.701-0400] {logging_mixin.py:188} INFO - [2024-07-01T10:08:12.701-0400] {dag.py:3954} INFO - Setting next_dagrun for example_dag_decorator to None, run_after=None
[2024-07-01T10:08:12.716-0400] {processor.py:183} INFO - Processing /Users/christophercunningham/airflow_workspace/data-flow/data_flow_env/lib/python3.12/site-packages/airflow/example_dags/example_dag_decorator.py took 0.454 seconds
[2024-07-01T10:11:37.961-0400] {processor.py:161} INFO - Started process (PID=18391) to work on /Users/christophercunningham/airflow_workspace/data-flow/data_flow_env/lib/python3.12/site-packages/airflow/example_dags/example_dag_decorator.py
[2024-07-01T10:11:37.963-0400] {processor.py:830} INFO - Processing file /Users/christophercunningham/airflow_workspace/data-flow/data_flow_env/lib/python3.12/site-packages/airflow/example_dags/example_dag_decorator.py for tasks to queue
[2024-07-01T10:11:37.964-0400] {logging_mixin.py:188} INFO - [2024-07-01T10:11:37.963-0400] {dagbag.py:545} INFO - Filling up the DagBag from /Users/christophercunningham/airflow_workspace/data-flow/data_flow_env/lib/python3.12/site-packages/airflow/example_dags/example_dag_decorator.py
[2024-07-01T10:11:38.084-0400] {processor.py:840} INFO - DAG(s) 'example_dag_decorator' retrieved from /Users/christophercunningham/airflow_workspace/data-flow/data_flow_env/lib/python3.12/site-packages/airflow/example_dags/example_dag_decorator.py
[2024-07-01T10:11:38.268-0400] {logging_mixin.py:188} INFO - [2024-07-01T10:11:38.268-0400] {dag.py:3096} INFO - Sync 1 DAGs
[2024-07-01T10:11:38.274-0400] {logging_mixin.py:188} INFO - [2024-07-01T10:11:38.274-0400] {dag.py:3954} INFO - Setting next_dagrun for example_dag_decorator to None, run_after=None
[2024-07-01T10:11:38.287-0400] {processor.py:183} INFO - Processing /Users/christophercunningham/airflow_workspace/data-flow/data_flow_env/lib/python3.12/site-packages/airflow/example_dags/example_dag_decorator.py took 0.331 seconds
[2024-07-01T10:15:08.152-0400] {processor.py:161} INFO - Started process (PID=18864) to work on /Users/christophercunningham/airflow_workspace/data-flow/data_flow_env/lib/python3.12/site-packages/airflow/example_dags/example_dag_decorator.py
[2024-07-01T10:15:08.154-0400] {processor.py:830} INFO - Processing file /Users/christophercunningham/airflow_workspace/data-flow/data_flow_env/lib/python3.12/site-packages/airflow/example_dags/example_dag_decorator.py for tasks to queue
[2024-07-01T10:15:08.154-0400] {logging_mixin.py:188} INFO - [2024-07-01T10:15:08.154-0400] {dagbag.py:545} INFO - Filling up the DagBag from /Users/christophercunningham/airflow_workspace/data-flow/data_flow_env/lib/python3.12/site-packages/airflow/example_dags/example_dag_decorator.py
[2024-07-01T10:15:08.348-0400] {processor.py:840} INFO - DAG(s) 'example_dag_decorator' retrieved from /Users/christophercunningham/airflow_workspace/data-flow/data_flow_env/lib/python3.12/site-packages/airflow/example_dags/example_dag_decorator.py
[2024-07-01T10:15:08.535-0400] {logging_mixin.py:188} INFO - [2024-07-01T10:15:08.534-0400] {dag.py:3096} INFO - Sync 1 DAGs
[2024-07-01T10:15:08.541-0400] {logging_mixin.py:188} INFO - [2024-07-01T10:15:08.541-0400] {dag.py:3954} INFO - Setting next_dagrun for example_dag_decorator to None, run_after=None
[2024-07-01T10:15:08.556-0400] {processor.py:183} INFO - Processing /Users/christophercunningham/airflow_workspace/data-flow/data_flow_env/lib/python3.12/site-packages/airflow/example_dags/example_dag_decorator.py took 0.409 seconds
