[2024-07-01T09:31:32.966-0400] {processor.py:161} INFO - Started process (PID=13833) to work on /Users/christophercunningham/airflow_workspace/data-flow/data_flow_env/lib/python3.12/site-packages/airflow/example_dags/example_xcomargs.py
[2024-07-01T09:31:32.968-0400] {processor.py:830} INFO - Processing file /Users/christophercunningham/airflow_workspace/data-flow/data_flow_env/lib/python3.12/site-packages/airflow/example_dags/example_xcomargs.py for tasks to queue
[2024-07-01T09:31:32.968-0400] {logging_mixin.py:188} INFO - [2024-07-01T09:31:32.968-0400] {dagbag.py:545} INFO - Filling up the DagBag from /Users/christophercunningham/airflow_workspace/data-flow/data_flow_env/lib/python3.12/site-packages/airflow/example_dags/example_xcomargs.py
[2024-07-01T09:31:33.005-0400] {processor.py:840} INFO - DAG(s) 'example_xcom_args', 'example_xcom_args_with_operators' retrieved from /Users/christophercunningham/airflow_workspace/data-flow/data_flow_env/lib/python3.12/site-packages/airflow/example_dags/example_xcomargs.py
[2024-07-01T09:31:33.233-0400] {logging_mixin.py:188} INFO - [2024-07-01T09:31:33.233-0400] {dag.py:3096} INFO - Sync 2 DAGs
[2024-07-01T09:31:33.240-0400] {logging_mixin.py:188} INFO - [2024-07-01T09:31:33.240-0400] {dag.py:3954} INFO - Setting next_dagrun for example_xcom_args to None, run_after=None
[2024-07-01T09:31:33.242-0400] {logging_mixin.py:188} INFO - [2024-07-01T09:31:33.241-0400] {dag.py:3954} INFO - Setting next_dagrun for example_xcom_args_with_operators to None, run_after=None
[2024-07-01T09:31:33.255-0400] {processor.py:183} INFO - Processing /Users/christophercunningham/airflow_workspace/data-flow/data_flow_env/lib/python3.12/site-packages/airflow/example_dags/example_xcomargs.py took 0.293 seconds
[2024-07-01T09:33:51.594-0400] {processor.py:161} INFO - Started process (PID=14111) to work on /Users/christophercunningham/airflow_workspace/data-flow/data_flow_env/lib/python3.12/site-packages/airflow/example_dags/example_xcomargs.py
[2024-07-01T09:33:51.596-0400] {processor.py:830} INFO - Processing file /Users/christophercunningham/airflow_workspace/data-flow/data_flow_env/lib/python3.12/site-packages/airflow/example_dags/example_xcomargs.py for tasks to queue
[2024-07-01T09:33:51.597-0400] {logging_mixin.py:188} INFO - [2024-07-01T09:33:51.597-0400] {dagbag.py:545} INFO - Filling up the DagBag from /Users/christophercunningham/airflow_workspace/data-flow/data_flow_env/lib/python3.12/site-packages/airflow/example_dags/example_xcomargs.py
[2024-07-01T09:33:51.625-0400] {processor.py:840} INFO - DAG(s) 'example_xcom_args_with_operators', 'example_xcom_args' retrieved from /Users/christophercunningham/airflow_workspace/data-flow/data_flow_env/lib/python3.12/site-packages/airflow/example_dags/example_xcomargs.py
[2024-07-01T09:33:51.698-0400] {logging_mixin.py:188} INFO - [2024-07-01T09:33:51.698-0400] {dag.py:3096} INFO - Sync 2 DAGs
[2024-07-01T09:33:51.705-0400] {logging_mixin.py:188} INFO - [2024-07-01T09:33:51.705-0400] {dag.py:3954} INFO - Setting next_dagrun for example_xcom_args to None, run_after=None
[2024-07-01T09:33:51.707-0400] {logging_mixin.py:188} INFO - [2024-07-01T09:33:51.707-0400] {dag.py:3954} INFO - Setting next_dagrun for example_xcom_args_with_operators to None, run_after=None
[2024-07-01T09:33:51.718-0400] {processor.py:183} INFO - Processing /Users/christophercunningham/airflow_workspace/data-flow/data_flow_env/lib/python3.12/site-packages/airflow/example_dags/example_xcomargs.py took 0.129 seconds
[2024-07-01T09:35:36.394-0400] {processor.py:161} INFO - Started process (PID=14264) to work on /Users/christophercunningham/airflow_workspace/data-flow/data_flow_env/lib/python3.12/site-packages/airflow/example_dags/example_xcomargs.py
[2024-07-01T09:35:36.395-0400] {processor.py:830} INFO - Processing file /Users/christophercunningham/airflow_workspace/data-flow/data_flow_env/lib/python3.12/site-packages/airflow/example_dags/example_xcomargs.py for tasks to queue
[2024-07-01T09:35:36.397-0400] {logging_mixin.py:188} INFO - [2024-07-01T09:35:36.396-0400] {dagbag.py:545} INFO - Filling up the DagBag from /Users/christophercunningham/airflow_workspace/data-flow/data_flow_env/lib/python3.12/site-packages/airflow/example_dags/example_xcomargs.py
[2024-07-01T09:35:36.426-0400] {processor.py:840} INFO - DAG(s) 'example_xcom_args_with_operators', 'example_xcom_args' retrieved from /Users/christophercunningham/airflow_workspace/data-flow/data_flow_env/lib/python3.12/site-packages/airflow/example_dags/example_xcomargs.py
[2024-07-01T09:35:36.502-0400] {logging_mixin.py:188} INFO - [2024-07-01T09:35:36.502-0400] {dag.py:3096} INFO - Sync 2 DAGs
[2024-07-01T09:35:36.509-0400] {logging_mixin.py:188} INFO - [2024-07-01T09:35:36.509-0400] {dag.py:3954} INFO - Setting next_dagrun for example_xcom_args to None, run_after=None
[2024-07-01T09:35:36.511-0400] {logging_mixin.py:188} INFO - [2024-07-01T09:35:36.511-0400] {dag.py:3954} INFO - Setting next_dagrun for example_xcom_args_with_operators to None, run_after=None
[2024-07-01T09:35:36.523-0400] {processor.py:183} INFO - Processing /Users/christophercunningham/airflow_workspace/data-flow/data_flow_env/lib/python3.12/site-packages/airflow/example_dags/example_xcomargs.py took 0.134 seconds
[2024-07-01T09:37:20.305-0400] {processor.py:161} INFO - Started process (PID=14434) to work on /Users/christophercunningham/airflow_workspace/data-flow/data_flow_env/lib/python3.12/site-packages/airflow/example_dags/example_xcomargs.py
[2024-07-01T09:37:20.306-0400] {processor.py:830} INFO - Processing file /Users/christophercunningham/airflow_workspace/data-flow/data_flow_env/lib/python3.12/site-packages/airflow/example_dags/example_xcomargs.py for tasks to queue
[2024-07-01T09:37:20.307-0400] {logging_mixin.py:188} INFO - [2024-07-01T09:37:20.307-0400] {dagbag.py:545} INFO - Filling up the DagBag from /Users/christophercunningham/airflow_workspace/data-flow/data_flow_env/lib/python3.12/site-packages/airflow/example_dags/example_xcomargs.py
[2024-07-01T09:37:20.335-0400] {processor.py:840} INFO - DAG(s) 'example_xcom_args', 'example_xcom_args_with_operators' retrieved from /Users/christophercunningham/airflow_workspace/data-flow/data_flow_env/lib/python3.12/site-packages/airflow/example_dags/example_xcomargs.py
[2024-07-01T09:37:20.408-0400] {logging_mixin.py:188} INFO - [2024-07-01T09:37:20.408-0400] {dag.py:3096} INFO - Sync 2 DAGs
[2024-07-01T09:37:20.416-0400] {logging_mixin.py:188} INFO - [2024-07-01T09:37:20.415-0400] {dag.py:3954} INFO - Setting next_dagrun for example_xcom_args to None, run_after=None
[2024-07-01T09:37:20.418-0400] {logging_mixin.py:188} INFO - [2024-07-01T09:37:20.418-0400] {dag.py:3954} INFO - Setting next_dagrun for example_xcom_args_with_operators to None, run_after=None
[2024-07-01T09:37:20.433-0400] {processor.py:183} INFO - Processing /Users/christophercunningham/airflow_workspace/data-flow/data_flow_env/lib/python3.12/site-packages/airflow/example_dags/example_xcomargs.py took 0.133 seconds
[2024-07-01T09:39:07.498-0400] {processor.py:161} INFO - Started process (PID=14587) to work on /Users/christophercunningham/airflow_workspace/data-flow/data_flow_env/lib/python3.12/site-packages/airflow/example_dags/example_xcomargs.py
[2024-07-01T09:39:07.499-0400] {processor.py:830} INFO - Processing file /Users/christophercunningham/airflow_workspace/data-flow/data_flow_env/lib/python3.12/site-packages/airflow/example_dags/example_xcomargs.py for tasks to queue
[2024-07-01T09:39:07.500-0400] {logging_mixin.py:188} INFO - [2024-07-01T09:39:07.500-0400] {dagbag.py:545} INFO - Filling up the DagBag from /Users/christophercunningham/airflow_workspace/data-flow/data_flow_env/lib/python3.12/site-packages/airflow/example_dags/example_xcomargs.py
[2024-07-01T09:39:07.528-0400] {processor.py:840} INFO - DAG(s) 'example_xcom_args', 'example_xcom_args_with_operators' retrieved from /Users/christophercunningham/airflow_workspace/data-flow/data_flow_env/lib/python3.12/site-packages/airflow/example_dags/example_xcomargs.py
[2024-07-01T09:39:07.606-0400] {logging_mixin.py:188} INFO - [2024-07-01T09:39:07.606-0400] {dag.py:3096} INFO - Sync 2 DAGs
[2024-07-01T09:39:07.613-0400] {logging_mixin.py:188} INFO - [2024-07-01T09:39:07.613-0400] {dag.py:3954} INFO - Setting next_dagrun for example_xcom_args to None, run_after=None
[2024-07-01T09:39:07.615-0400] {logging_mixin.py:188} INFO - [2024-07-01T09:39:07.615-0400] {dag.py:3954} INFO - Setting next_dagrun for example_xcom_args_with_operators to None, run_after=None
[2024-07-01T09:39:07.627-0400] {processor.py:183} INFO - Processing /Users/christophercunningham/airflow_workspace/data-flow/data_flow_env/lib/python3.12/site-packages/airflow/example_dags/example_xcomargs.py took 0.134 seconds
[2024-07-01T09:40:52.607-0400] {processor.py:161} INFO - Started process (PID=14810) to work on /Users/christophercunningham/airflow_workspace/data-flow/data_flow_env/lib/python3.12/site-packages/airflow/example_dags/example_xcomargs.py
[2024-07-01T09:40:52.608-0400] {processor.py:830} INFO - Processing file /Users/christophercunningham/airflow_workspace/data-flow/data_flow_env/lib/python3.12/site-packages/airflow/example_dags/example_xcomargs.py for tasks to queue
[2024-07-01T09:40:52.609-0400] {logging_mixin.py:188} INFO - [2024-07-01T09:40:52.609-0400] {dagbag.py:545} INFO - Filling up the DagBag from /Users/christophercunningham/airflow_workspace/data-flow/data_flow_env/lib/python3.12/site-packages/airflow/example_dags/example_xcomargs.py
[2024-07-01T09:40:52.642-0400] {processor.py:840} INFO - DAG(s) 'example_xcom_args_with_operators', 'example_xcom_args' retrieved from /Users/christophercunningham/airflow_workspace/data-flow/data_flow_env/lib/python3.12/site-packages/airflow/example_dags/example_xcomargs.py
[2024-07-01T09:40:52.720-0400] {logging_mixin.py:188} INFO - [2024-07-01T09:40:52.720-0400] {dag.py:3096} INFO - Sync 2 DAGs
[2024-07-01T09:40:52.728-0400] {logging_mixin.py:188} INFO - [2024-07-01T09:40:52.728-0400] {dag.py:3954} INFO - Setting next_dagrun for example_xcom_args to None, run_after=None
[2024-07-01T09:40:52.730-0400] {logging_mixin.py:188} INFO - [2024-07-01T09:40:52.730-0400] {dag.py:3954} INFO - Setting next_dagrun for example_xcom_args_with_operators to None, run_after=None
[2024-07-01T09:40:52.746-0400] {processor.py:183} INFO - Processing /Users/christophercunningham/airflow_workspace/data-flow/data_flow_env/lib/python3.12/site-packages/airflow/example_dags/example_xcomargs.py took 0.142 seconds
[2024-07-01T09:42:38.929-0400] {processor.py:161} INFO - Started process (PID=14980) to work on /Users/christophercunningham/airflow_workspace/data-flow/data_flow_env/lib/python3.12/site-packages/airflow/example_dags/example_xcomargs.py
[2024-07-01T09:42:38.931-0400] {processor.py:830} INFO - Processing file /Users/christophercunningham/airflow_workspace/data-flow/data_flow_env/lib/python3.12/site-packages/airflow/example_dags/example_xcomargs.py for tasks to queue
[2024-07-01T09:42:38.931-0400] {logging_mixin.py:188} INFO - [2024-07-01T09:42:38.931-0400] {dagbag.py:545} INFO - Filling up the DagBag from /Users/christophercunningham/airflow_workspace/data-flow/data_flow_env/lib/python3.12/site-packages/airflow/example_dags/example_xcomargs.py
[2024-07-01T09:42:38.962-0400] {processor.py:840} INFO - DAG(s) 'example_xcom_args_with_operators', 'example_xcom_args' retrieved from /Users/christophercunningham/airflow_workspace/data-flow/data_flow_env/lib/python3.12/site-packages/airflow/example_dags/example_xcomargs.py
[2024-07-01T09:42:39.043-0400] {logging_mixin.py:188} INFO - [2024-07-01T09:42:39.043-0400] {dag.py:3096} INFO - Sync 2 DAGs
[2024-07-01T09:42:39.051-0400] {logging_mixin.py:188} INFO - [2024-07-01T09:42:39.051-0400] {dag.py:3954} INFO - Setting next_dagrun for example_xcom_args to None, run_after=None
[2024-07-01T09:42:39.054-0400] {logging_mixin.py:188} INFO - [2024-07-01T09:42:39.053-0400] {dag.py:3954} INFO - Setting next_dagrun for example_xcom_args_with_operators to None, run_after=None
[2024-07-01T09:42:39.065-0400] {processor.py:183} INFO - Processing /Users/christophercunningham/airflow_workspace/data-flow/data_flow_env/lib/python3.12/site-packages/airflow/example_dags/example_xcomargs.py took 0.141 seconds
[2024-07-01T09:44:29.764-0400] {processor.py:161} INFO - Started process (PID=15155) to work on /Users/christophercunningham/airflow_workspace/data-flow/data_flow_env/lib/python3.12/site-packages/airflow/example_dags/example_xcomargs.py
[2024-07-01T09:44:29.765-0400] {processor.py:830} INFO - Processing file /Users/christophercunningham/airflow_workspace/data-flow/data_flow_env/lib/python3.12/site-packages/airflow/example_dags/example_xcomargs.py for tasks to queue
[2024-07-01T09:44:29.766-0400] {logging_mixin.py:188} INFO - [2024-07-01T09:44:29.765-0400] {dagbag.py:545} INFO - Filling up the DagBag from /Users/christophercunningham/airflow_workspace/data-flow/data_flow_env/lib/python3.12/site-packages/airflow/example_dags/example_xcomargs.py
[2024-07-01T09:44:29.801-0400] {processor.py:840} INFO - DAG(s) 'example_xcom_args_with_operators', 'example_xcom_args' retrieved from /Users/christophercunningham/airflow_workspace/data-flow/data_flow_env/lib/python3.12/site-packages/airflow/example_dags/example_xcomargs.py
[2024-07-01T09:44:29.895-0400] {logging_mixin.py:188} INFO - [2024-07-01T09:44:29.894-0400] {dag.py:3096} INFO - Sync 2 DAGs
[2024-07-01T09:44:29.904-0400] {logging_mixin.py:188} INFO - [2024-07-01T09:44:29.904-0400] {dag.py:3954} INFO - Setting next_dagrun for example_xcom_args to None, run_after=None
[2024-07-01T09:44:29.907-0400] {logging_mixin.py:188} INFO - [2024-07-01T09:44:29.907-0400] {dag.py:3954} INFO - Setting next_dagrun for example_xcom_args_with_operators to None, run_after=None
[2024-07-01T09:44:29.920-0400] {processor.py:183} INFO - Processing /Users/christophercunningham/airflow_workspace/data-flow/data_flow_env/lib/python3.12/site-packages/airflow/example_dags/example_xcomargs.py took 0.159 seconds
[2024-07-01T09:46:17.649-0400] {processor.py:161} INFO - Started process (PID=15320) to work on /Users/christophercunningham/airflow_workspace/data-flow/data_flow_env/lib/python3.12/site-packages/airflow/example_dags/example_xcomargs.py
[2024-07-01T09:46:17.650-0400] {processor.py:830} INFO - Processing file /Users/christophercunningham/airflow_workspace/data-flow/data_flow_env/lib/python3.12/site-packages/airflow/example_dags/example_xcomargs.py for tasks to queue
[2024-07-01T09:46:17.651-0400] {logging_mixin.py:188} INFO - [2024-07-01T09:46:17.650-0400] {dagbag.py:545} INFO - Filling up the DagBag from /Users/christophercunningham/airflow_workspace/data-flow/data_flow_env/lib/python3.12/site-packages/airflow/example_dags/example_xcomargs.py
[2024-07-01T09:46:17.681-0400] {processor.py:840} INFO - DAG(s) 'example_xcom_args_with_operators', 'example_xcom_args' retrieved from /Users/christophercunningham/airflow_workspace/data-flow/data_flow_env/lib/python3.12/site-packages/airflow/example_dags/example_xcomargs.py
[2024-07-01T09:46:17.757-0400] {logging_mixin.py:188} INFO - [2024-07-01T09:46:17.756-0400] {dag.py:3096} INFO - Sync 2 DAGs
[2024-07-01T09:46:17.765-0400] {logging_mixin.py:188} INFO - [2024-07-01T09:46:17.765-0400] {dag.py:3954} INFO - Setting next_dagrun for example_xcom_args to None, run_after=None
[2024-07-01T09:46:17.767-0400] {logging_mixin.py:188} INFO - [2024-07-01T09:46:17.767-0400] {dag.py:3954} INFO - Setting next_dagrun for example_xcom_args_with_operators to None, run_after=None
[2024-07-01T09:46:17.779-0400] {processor.py:183} INFO - Processing /Users/christophercunningham/airflow_workspace/data-flow/data_flow_env/lib/python3.12/site-packages/airflow/example_dags/example_xcomargs.py took 0.135 seconds
[2024-07-01T09:48:03.597-0400] {processor.py:161} INFO - Started process (PID=15471) to work on /Users/christophercunningham/airflow_workspace/data-flow/data_flow_env/lib/python3.12/site-packages/airflow/example_dags/example_xcomargs.py
[2024-07-01T09:48:03.598-0400] {processor.py:830} INFO - Processing file /Users/christophercunningham/airflow_workspace/data-flow/data_flow_env/lib/python3.12/site-packages/airflow/example_dags/example_xcomargs.py for tasks to queue
[2024-07-01T09:48:03.598-0400] {logging_mixin.py:188} INFO - [2024-07-01T09:48:03.598-0400] {dagbag.py:545} INFO - Filling up the DagBag from /Users/christophercunningham/airflow_workspace/data-flow/data_flow_env/lib/python3.12/site-packages/airflow/example_dags/example_xcomargs.py
[2024-07-01T09:48:03.631-0400] {processor.py:840} INFO - DAG(s) 'example_xcom_args', 'example_xcom_args_with_operators' retrieved from /Users/christophercunningham/airflow_workspace/data-flow/data_flow_env/lib/python3.12/site-packages/airflow/example_dags/example_xcomargs.py
[2024-07-01T09:48:03.705-0400] {logging_mixin.py:188} INFO - [2024-07-01T09:48:03.705-0400] {dag.py:3096} INFO - Sync 2 DAGs
[2024-07-01T09:48:03.712-0400] {logging_mixin.py:188} INFO - [2024-07-01T09:48:03.712-0400] {dag.py:3954} INFO - Setting next_dagrun for example_xcom_args to None, run_after=None
[2024-07-01T09:48:03.714-0400] {logging_mixin.py:188} INFO - [2024-07-01T09:48:03.714-0400] {dag.py:3954} INFO - Setting next_dagrun for example_xcom_args_with_operators to None, run_after=None
[2024-07-01T09:48:03.726-0400] {processor.py:183} INFO - Processing /Users/christophercunningham/airflow_workspace/data-flow/data_flow_env/lib/python3.12/site-packages/airflow/example_dags/example_xcomargs.py took 0.134 seconds
[2024-07-01T09:49:51.756-0400] {processor.py:161} INFO - Started process (PID=15629) to work on /Users/christophercunningham/airflow_workspace/data-flow/data_flow_env/lib/python3.12/site-packages/airflow/example_dags/example_xcomargs.py
[2024-07-01T09:49:51.757-0400] {processor.py:830} INFO - Processing file /Users/christophercunningham/airflow_workspace/data-flow/data_flow_env/lib/python3.12/site-packages/airflow/example_dags/example_xcomargs.py for tasks to queue
[2024-07-01T09:49:51.758-0400] {logging_mixin.py:188} INFO - [2024-07-01T09:49:51.758-0400] {dagbag.py:545} INFO - Filling up the DagBag from /Users/christophercunningham/airflow_workspace/data-flow/data_flow_env/lib/python3.12/site-packages/airflow/example_dags/example_xcomargs.py
[2024-07-01T09:49:51.788-0400] {processor.py:840} INFO - DAG(s) 'example_xcom_args', 'example_xcom_args_with_operators' retrieved from /Users/christophercunningham/airflow_workspace/data-flow/data_flow_env/lib/python3.12/site-packages/airflow/example_dags/example_xcomargs.py
[2024-07-01T09:49:51.861-0400] {logging_mixin.py:188} INFO - [2024-07-01T09:49:51.861-0400] {dag.py:3096} INFO - Sync 2 DAGs
[2024-07-01T09:49:51.869-0400] {logging_mixin.py:188} INFO - [2024-07-01T09:49:51.869-0400] {dag.py:3954} INFO - Setting next_dagrun for example_xcom_args to None, run_after=None
[2024-07-01T09:49:51.871-0400] {logging_mixin.py:188} INFO - [2024-07-01T09:49:51.871-0400] {dag.py:3954} INFO - Setting next_dagrun for example_xcom_args_with_operators to None, run_after=None
[2024-07-01T09:49:51.882-0400] {processor.py:183} INFO - Processing /Users/christophercunningham/airflow_workspace/data-flow/data_flow_env/lib/python3.12/site-packages/airflow/example_dags/example_xcomargs.py took 0.132 seconds
[2024-07-01T09:51:40.276-0400] {processor.py:161} INFO - Started process (PID=15848) to work on /Users/christophercunningham/airflow_workspace/data-flow/data_flow_env/lib/python3.12/site-packages/airflow/example_dags/example_xcomargs.py
[2024-07-01T09:51:40.278-0400] {processor.py:830} INFO - Processing file /Users/christophercunningham/airflow_workspace/data-flow/data_flow_env/lib/python3.12/site-packages/airflow/example_dags/example_xcomargs.py for tasks to queue
[2024-07-01T09:51:40.278-0400] {logging_mixin.py:188} INFO - [2024-07-01T09:51:40.278-0400] {dagbag.py:545} INFO - Filling up the DagBag from /Users/christophercunningham/airflow_workspace/data-flow/data_flow_env/lib/python3.12/site-packages/airflow/example_dags/example_xcomargs.py
[2024-07-01T09:51:40.311-0400] {processor.py:840} INFO - DAG(s) 'example_xcom_args_with_operators', 'example_xcom_args' retrieved from /Users/christophercunningham/airflow_workspace/data-flow/data_flow_env/lib/python3.12/site-packages/airflow/example_dags/example_xcomargs.py
[2024-07-01T09:51:40.390-0400] {logging_mixin.py:188} INFO - [2024-07-01T09:51:40.390-0400] {dag.py:3096} INFO - Sync 2 DAGs
[2024-07-01T09:51:40.397-0400] {logging_mixin.py:188} INFO - [2024-07-01T09:51:40.397-0400] {dag.py:3954} INFO - Setting next_dagrun for example_xcom_args to None, run_after=None
[2024-07-01T09:51:40.399-0400] {logging_mixin.py:188} INFO - [2024-07-01T09:51:40.399-0400] {dag.py:3954} INFO - Setting next_dagrun for example_xcom_args_with_operators to None, run_after=None
[2024-07-01T09:51:40.411-0400] {processor.py:183} INFO - Processing /Users/christophercunningham/airflow_workspace/data-flow/data_flow_env/lib/python3.12/site-packages/airflow/example_dags/example_xcomargs.py took 0.140 seconds
[2024-07-01T09:53:24.268-0400] {processor.py:161} INFO - Started process (PID=16009) to work on /Users/christophercunningham/airflow_workspace/data-flow/data_flow_env/lib/python3.12/site-packages/airflow/example_dags/example_xcomargs.py
[2024-07-01T09:53:24.269-0400] {processor.py:830} INFO - Processing file /Users/christophercunningham/airflow_workspace/data-flow/data_flow_env/lib/python3.12/site-packages/airflow/example_dags/example_xcomargs.py for tasks to queue
[2024-07-01T09:53:24.269-0400] {logging_mixin.py:188} INFO - [2024-07-01T09:53:24.269-0400] {dagbag.py:545} INFO - Filling up the DagBag from /Users/christophercunningham/airflow_workspace/data-flow/data_flow_env/lib/python3.12/site-packages/airflow/example_dags/example_xcomargs.py
[2024-07-01T09:53:24.299-0400] {processor.py:840} INFO - DAG(s) 'example_xcom_args_with_operators', 'example_xcom_args' retrieved from /Users/christophercunningham/airflow_workspace/data-flow/data_flow_env/lib/python3.12/site-packages/airflow/example_dags/example_xcomargs.py
[2024-07-01T09:53:24.375-0400] {logging_mixin.py:188} INFO - [2024-07-01T09:53:24.375-0400] {dag.py:3096} INFO - Sync 2 DAGs
[2024-07-01T09:53:24.383-0400] {logging_mixin.py:188} INFO - [2024-07-01T09:53:24.382-0400] {dag.py:3954} INFO - Setting next_dagrun for example_xcom_args to None, run_after=None
[2024-07-01T09:53:24.385-0400] {logging_mixin.py:188} INFO - [2024-07-01T09:53:24.385-0400] {dag.py:3954} INFO - Setting next_dagrun for example_xcom_args_with_operators to None, run_after=None
[2024-07-01T09:53:24.397-0400] {processor.py:183} INFO - Processing /Users/christophercunningham/airflow_workspace/data-flow/data_flow_env/lib/python3.12/site-packages/airflow/example_dags/example_xcomargs.py took 0.135 seconds
[2024-07-01T09:55:03.797-0400] {processor.py:161} INFO - Started process (PID=16227) to work on /Users/christophercunningham/airflow_workspace/data-flow/data_flow_env/lib/python3.12/site-packages/airflow/example_dags/example_xcomargs.py
[2024-07-01T09:55:03.799-0400] {processor.py:830} INFO - Processing file /Users/christophercunningham/airflow_workspace/data-flow/data_flow_env/lib/python3.12/site-packages/airflow/example_dags/example_xcomargs.py for tasks to queue
[2024-07-01T09:55:03.800-0400] {logging_mixin.py:188} INFO - [2024-07-01T09:55:03.800-0400] {dagbag.py:545} INFO - Filling up the DagBag from /Users/christophercunningham/airflow_workspace/data-flow/data_flow_env/lib/python3.12/site-packages/airflow/example_dags/example_xcomargs.py
[2024-07-01T09:55:03.829-0400] {processor.py:840} INFO - DAG(s) 'example_xcom_args', 'example_xcom_args_with_operators' retrieved from /Users/christophercunningham/airflow_workspace/data-flow/data_flow_env/lib/python3.12/site-packages/airflow/example_dags/example_xcomargs.py
[2024-07-01T09:55:03.905-0400] {logging_mixin.py:188} INFO - [2024-07-01T09:55:03.905-0400] {dag.py:3096} INFO - Sync 2 DAGs
[2024-07-01T09:55:03.913-0400] {logging_mixin.py:188} INFO - [2024-07-01T09:55:03.913-0400] {dag.py:3954} INFO - Setting next_dagrun for example_xcom_args to None, run_after=None
[2024-07-01T09:55:03.915-0400] {logging_mixin.py:188} INFO - [2024-07-01T09:55:03.915-0400] {dag.py:3954} INFO - Setting next_dagrun for example_xcom_args_with_operators to None, run_after=None
[2024-07-01T09:55:03.927-0400] {processor.py:183} INFO - Processing /Users/christophercunningham/airflow_workspace/data-flow/data_flow_env/lib/python3.12/site-packages/airflow/example_dags/example_xcomargs.py took 0.135 seconds
[2024-07-01T09:56:45.054-0400] {processor.py:161} INFO - Started process (PID=16443) to work on /Users/christophercunningham/airflow_workspace/data-flow/data_flow_env/lib/python3.12/site-packages/airflow/example_dags/example_xcomargs.py
[2024-07-01T09:56:45.055-0400] {processor.py:830} INFO - Processing file /Users/christophercunningham/airflow_workspace/data-flow/data_flow_env/lib/python3.12/site-packages/airflow/example_dags/example_xcomargs.py for tasks to queue
[2024-07-01T09:56:45.056-0400] {logging_mixin.py:188} INFO - [2024-07-01T09:56:45.056-0400] {dagbag.py:545} INFO - Filling up the DagBag from /Users/christophercunningham/airflow_workspace/data-flow/data_flow_env/lib/python3.12/site-packages/airflow/example_dags/example_xcomargs.py
[2024-07-01T09:56:45.084-0400] {processor.py:840} INFO - DAG(s) 'example_xcom_args', 'example_xcom_args_with_operators' retrieved from /Users/christophercunningham/airflow_workspace/data-flow/data_flow_env/lib/python3.12/site-packages/airflow/example_dags/example_xcomargs.py
[2024-07-01T09:56:45.157-0400] {logging_mixin.py:188} INFO - [2024-07-01T09:56:45.157-0400] {dag.py:3096} INFO - Sync 2 DAGs
[2024-07-01T09:56:45.164-0400] {logging_mixin.py:188} INFO - [2024-07-01T09:56:45.164-0400] {dag.py:3954} INFO - Setting next_dagrun for example_xcom_args to None, run_after=None
[2024-07-01T09:56:45.166-0400] {logging_mixin.py:188} INFO - [2024-07-01T09:56:45.166-0400] {dag.py:3954} INFO - Setting next_dagrun for example_xcom_args_with_operators to None, run_after=None
[2024-07-01T09:56:45.177-0400] {processor.py:183} INFO - Processing /Users/christophercunningham/airflow_workspace/data-flow/data_flow_env/lib/python3.12/site-packages/airflow/example_dags/example_xcomargs.py took 0.128 seconds
[2024-07-01T09:58:26.014-0400] {processor.py:161} INFO - Started process (PID=16667) to work on /Users/christophercunningham/airflow_workspace/data-flow/data_flow_env/lib/python3.12/site-packages/airflow/example_dags/example_xcomargs.py
[2024-07-01T09:58:26.015-0400] {processor.py:830} INFO - Processing file /Users/christophercunningham/airflow_workspace/data-flow/data_flow_env/lib/python3.12/site-packages/airflow/example_dags/example_xcomargs.py for tasks to queue
[2024-07-01T09:58:26.016-0400] {logging_mixin.py:188} INFO - [2024-07-01T09:58:26.015-0400] {dagbag.py:545} INFO - Filling up the DagBag from /Users/christophercunningham/airflow_workspace/data-flow/data_flow_env/lib/python3.12/site-packages/airflow/example_dags/example_xcomargs.py
[2024-07-01T09:58:26.045-0400] {processor.py:840} INFO - DAG(s) 'example_xcom_args', 'example_xcom_args_with_operators' retrieved from /Users/christophercunningham/airflow_workspace/data-flow/data_flow_env/lib/python3.12/site-packages/airflow/example_dags/example_xcomargs.py
[2024-07-01T09:58:26.119-0400] {logging_mixin.py:188} INFO - [2024-07-01T09:58:26.118-0400] {dag.py:3096} INFO - Sync 2 DAGs
[2024-07-01T09:58:26.126-0400] {logging_mixin.py:188} INFO - [2024-07-01T09:58:26.126-0400] {dag.py:3954} INFO - Setting next_dagrun for example_xcom_args to None, run_after=None
[2024-07-01T09:58:26.128-0400] {logging_mixin.py:188} INFO - [2024-07-01T09:58:26.128-0400] {dag.py:3954} INFO - Setting next_dagrun for example_xcom_args_with_operators to None, run_after=None
[2024-07-01T09:58:26.139-0400] {processor.py:183} INFO - Processing /Users/christophercunningham/airflow_workspace/data-flow/data_flow_env/lib/python3.12/site-packages/airflow/example_dags/example_xcomargs.py took 0.130 seconds
[2024-07-01T10:00:08.102-0400] {processor.py:161} INFO - Started process (PID=16917) to work on /Users/christophercunningham/airflow_workspace/data-flow/data_flow_env/lib/python3.12/site-packages/airflow/example_dags/example_xcomargs.py
[2024-07-01T10:00:08.103-0400] {processor.py:830} INFO - Processing file /Users/christophercunningham/airflow_workspace/data-flow/data_flow_env/lib/python3.12/site-packages/airflow/example_dags/example_xcomargs.py for tasks to queue
[2024-07-01T10:00:08.104-0400] {logging_mixin.py:188} INFO - [2024-07-01T10:00:08.104-0400] {dagbag.py:545} INFO - Filling up the DagBag from /Users/christophercunningham/airflow_workspace/data-flow/data_flow_env/lib/python3.12/site-packages/airflow/example_dags/example_xcomargs.py
[2024-07-01T10:00:08.135-0400] {processor.py:840} INFO - DAG(s) 'example_xcom_args_with_operators', 'example_xcom_args' retrieved from /Users/christophercunningham/airflow_workspace/data-flow/data_flow_env/lib/python3.12/site-packages/airflow/example_dags/example_xcomargs.py
[2024-07-01T10:00:08.212-0400] {logging_mixin.py:188} INFO - [2024-07-01T10:00:08.212-0400] {dag.py:3096} INFO - Sync 2 DAGs
[2024-07-01T10:00:08.219-0400] {logging_mixin.py:188} INFO - [2024-07-01T10:00:08.219-0400] {dag.py:3954} INFO - Setting next_dagrun for example_xcom_args to None, run_after=None
[2024-07-01T10:00:08.221-0400] {logging_mixin.py:188} INFO - [2024-07-01T10:00:08.221-0400] {dag.py:3954} INFO - Setting next_dagrun for example_xcom_args_with_operators to None, run_after=None
[2024-07-01T10:00:08.233-0400] {processor.py:183} INFO - Processing /Users/christophercunningham/airflow_workspace/data-flow/data_flow_env/lib/python3.12/site-packages/airflow/example_dags/example_xcomargs.py took 0.135 seconds
[2024-07-01T10:01:50.290-0400] {processor.py:161} INFO - Started process (PID=17132) to work on /Users/christophercunningham/airflow_workspace/data-flow/data_flow_env/lib/python3.12/site-packages/airflow/example_dags/example_xcomargs.py
[2024-07-01T10:01:50.291-0400] {processor.py:830} INFO - Processing file /Users/christophercunningham/airflow_workspace/data-flow/data_flow_env/lib/python3.12/site-packages/airflow/example_dags/example_xcomargs.py for tasks to queue
[2024-07-01T10:01:50.292-0400] {logging_mixin.py:188} INFO - [2024-07-01T10:01:50.292-0400] {dagbag.py:545} INFO - Filling up the DagBag from /Users/christophercunningham/airflow_workspace/data-flow/data_flow_env/lib/python3.12/site-packages/airflow/example_dags/example_xcomargs.py
[2024-07-01T10:01:50.320-0400] {processor.py:840} INFO - DAG(s) 'example_xcom_args', 'example_xcom_args_with_operators' retrieved from /Users/christophercunningham/airflow_workspace/data-flow/data_flow_env/lib/python3.12/site-packages/airflow/example_dags/example_xcomargs.py
[2024-07-01T10:01:50.401-0400] {logging_mixin.py:188} INFO - [2024-07-01T10:01:50.400-0400] {dag.py:3096} INFO - Sync 2 DAGs
[2024-07-01T10:01:50.408-0400] {logging_mixin.py:188} INFO - [2024-07-01T10:01:50.408-0400] {dag.py:3954} INFO - Setting next_dagrun for example_xcom_args to None, run_after=None
[2024-07-01T10:01:50.410-0400] {logging_mixin.py:188} INFO - [2024-07-01T10:01:50.410-0400] {dag.py:3954} INFO - Setting next_dagrun for example_xcom_args_with_operators to None, run_after=None
[2024-07-01T10:01:50.425-0400] {processor.py:183} INFO - Processing /Users/christophercunningham/airflow_workspace/data-flow/data_flow_env/lib/python3.12/site-packages/airflow/example_dags/example_xcomargs.py took 0.139 seconds
[2024-07-01T10:03:37.025-0400] {processor.py:161} INFO - Started process (PID=17352) to work on /Users/christophercunningham/airflow_workspace/data-flow/data_flow_env/lib/python3.12/site-packages/airflow/example_dags/example_xcomargs.py
[2024-07-01T10:03:37.026-0400] {processor.py:830} INFO - Processing file /Users/christophercunningham/airflow_workspace/data-flow/data_flow_env/lib/python3.12/site-packages/airflow/example_dags/example_xcomargs.py for tasks to queue
[2024-07-01T10:03:37.027-0400] {logging_mixin.py:188} INFO - [2024-07-01T10:03:37.027-0400] {dagbag.py:545} INFO - Filling up the DagBag from /Users/christophercunningham/airflow_workspace/data-flow/data_flow_env/lib/python3.12/site-packages/airflow/example_dags/example_xcomargs.py
[2024-07-01T10:03:37.059-0400] {processor.py:840} INFO - DAG(s) 'example_xcom_args', 'example_xcom_args_with_operators' retrieved from /Users/christophercunningham/airflow_workspace/data-flow/data_flow_env/lib/python3.12/site-packages/airflow/example_dags/example_xcomargs.py
[2024-07-01T10:03:37.137-0400] {logging_mixin.py:188} INFO - [2024-07-01T10:03:37.136-0400] {dag.py:3096} INFO - Sync 2 DAGs
[2024-07-01T10:03:37.144-0400] {logging_mixin.py:188} INFO - [2024-07-01T10:03:37.144-0400] {dag.py:3954} INFO - Setting next_dagrun for example_xcom_args to None, run_after=None
[2024-07-01T10:03:37.146-0400] {logging_mixin.py:188} INFO - [2024-07-01T10:03:37.146-0400] {dag.py:3954} INFO - Setting next_dagrun for example_xcom_args_with_operators to None, run_after=None
[2024-07-01T10:03:37.158-0400] {processor.py:183} INFO - Processing /Users/christophercunningham/airflow_workspace/data-flow/data_flow_env/lib/python3.12/site-packages/airflow/example_dags/example_xcomargs.py took 0.138 seconds
[2024-07-01T10:05:27.755-0400] {processor.py:161} INFO - Started process (PID=17581) to work on /Users/christophercunningham/airflow_workspace/data-flow/data_flow_env/lib/python3.12/site-packages/airflow/example_dags/example_xcomargs.py
[2024-07-01T10:05:27.756-0400] {processor.py:830} INFO - Processing file /Users/christophercunningham/airflow_workspace/data-flow/data_flow_env/lib/python3.12/site-packages/airflow/example_dags/example_xcomargs.py for tasks to queue
[2024-07-01T10:05:27.757-0400] {logging_mixin.py:188} INFO - [2024-07-01T10:05:27.757-0400] {dagbag.py:545} INFO - Filling up the DagBag from /Users/christophercunningham/airflow_workspace/data-flow/data_flow_env/lib/python3.12/site-packages/airflow/example_dags/example_xcomargs.py
[2024-07-01T10:05:27.786-0400] {processor.py:840} INFO - DAG(s) 'example_xcom_args', 'example_xcom_args_with_operators' retrieved from /Users/christophercunningham/airflow_workspace/data-flow/data_flow_env/lib/python3.12/site-packages/airflow/example_dags/example_xcomargs.py
[2024-07-01T10:05:27.865-0400] {logging_mixin.py:188} INFO - [2024-07-01T10:05:27.865-0400] {dag.py:3096} INFO - Sync 2 DAGs
[2024-07-01T10:05:27.872-0400] {logging_mixin.py:188} INFO - [2024-07-01T10:05:27.872-0400] {dag.py:3954} INFO - Setting next_dagrun for example_xcom_args to None, run_after=None
[2024-07-01T10:05:27.874-0400] {logging_mixin.py:188} INFO - [2024-07-01T10:05:27.874-0400] {dag.py:3954} INFO - Setting next_dagrun for example_xcom_args_with_operators to None, run_after=None
[2024-07-01T10:05:27.888-0400] {processor.py:183} INFO - Processing /Users/christophercunningham/airflow_workspace/data-flow/data_flow_env/lib/python3.12/site-packages/airflow/example_dags/example_xcomargs.py took 0.139 seconds
[2024-07-01T10:07:18.267-0400] {processor.py:161} INFO - Started process (PID=17812) to work on /Users/christophercunningham/airflow_workspace/data-flow/data_flow_env/lib/python3.12/site-packages/airflow/example_dags/example_xcomargs.py
[2024-07-01T10:07:18.268-0400] {processor.py:830} INFO - Processing file /Users/christophercunningham/airflow_workspace/data-flow/data_flow_env/lib/python3.12/site-packages/airflow/example_dags/example_xcomargs.py for tasks to queue
[2024-07-01T10:07:18.268-0400] {logging_mixin.py:188} INFO - [2024-07-01T10:07:18.268-0400] {dagbag.py:545} INFO - Filling up the DagBag from /Users/christophercunningham/airflow_workspace/data-flow/data_flow_env/lib/python3.12/site-packages/airflow/example_dags/example_xcomargs.py
[2024-07-01T10:07:18.298-0400] {processor.py:840} INFO - DAG(s) 'example_xcom_args', 'example_xcom_args_with_operators' retrieved from /Users/christophercunningham/airflow_workspace/data-flow/data_flow_env/lib/python3.12/site-packages/airflow/example_dags/example_xcomargs.py
[2024-07-01T10:07:18.371-0400] {logging_mixin.py:188} INFO - [2024-07-01T10:07:18.371-0400] {dag.py:3096} INFO - Sync 2 DAGs
[2024-07-01T10:07:18.378-0400] {logging_mixin.py:188} INFO - [2024-07-01T10:07:18.378-0400] {dag.py:3954} INFO - Setting next_dagrun for example_xcom_args to None, run_after=None
[2024-07-01T10:07:18.380-0400] {logging_mixin.py:188} INFO - [2024-07-01T10:07:18.380-0400] {dag.py:3954} INFO - Setting next_dagrun for example_xcom_args_with_operators to None, run_after=None
[2024-07-01T10:07:18.396-0400] {processor.py:183} INFO - Processing /Users/christophercunningham/airflow_workspace/data-flow/data_flow_env/lib/python3.12/site-packages/airflow/example_dags/example_xcomargs.py took 0.134 seconds
[2024-07-01T10:09:05.801-0400] {processor.py:161} INFO - Started process (PID=18032) to work on /Users/christophercunningham/airflow_workspace/data-flow/data_flow_env/lib/python3.12/site-packages/airflow/example_dags/example_xcomargs.py
[2024-07-01T10:09:05.803-0400] {processor.py:830} INFO - Processing file /Users/christophercunningham/airflow_workspace/data-flow/data_flow_env/lib/python3.12/site-packages/airflow/example_dags/example_xcomargs.py for tasks to queue
[2024-07-01T10:09:05.804-0400] {logging_mixin.py:188} INFO - [2024-07-01T10:09:05.803-0400] {dagbag.py:545} INFO - Filling up the DagBag from /Users/christophercunningham/airflow_workspace/data-flow/data_flow_env/lib/python3.12/site-packages/airflow/example_dags/example_xcomargs.py
[2024-07-01T10:09:05.831-0400] {processor.py:840} INFO - DAG(s) 'example_xcom_args', 'example_xcom_args_with_operators' retrieved from /Users/christophercunningham/airflow_workspace/data-flow/data_flow_env/lib/python3.12/site-packages/airflow/example_dags/example_xcomargs.py
[2024-07-01T10:09:05.910-0400] {logging_mixin.py:188} INFO - [2024-07-01T10:09:05.909-0400] {dag.py:3096} INFO - Sync 2 DAGs
[2024-07-01T10:09:05.917-0400] {logging_mixin.py:188} INFO - [2024-07-01T10:09:05.917-0400] {dag.py:3954} INFO - Setting next_dagrun for example_xcom_args to None, run_after=None
[2024-07-01T10:09:05.919-0400] {logging_mixin.py:188} INFO - [2024-07-01T10:09:05.919-0400] {dag.py:3954} INFO - Setting next_dagrun for example_xcom_args_with_operators to None, run_after=None
[2024-07-01T10:09:05.930-0400] {processor.py:183} INFO - Processing /Users/christophercunningham/airflow_workspace/data-flow/data_flow_env/lib/python3.12/site-packages/airflow/example_dags/example_xcomargs.py took 0.134 seconds
[2024-07-01T10:10:48.381-0400] {processor.py:161} INFO - Started process (PID=18287) to work on /Users/christophercunningham/airflow_workspace/data-flow/data_flow_env/lib/python3.12/site-packages/airflow/example_dags/example_xcomargs.py
[2024-07-01T10:10:48.382-0400] {processor.py:830} INFO - Processing file /Users/christophercunningham/airflow_workspace/data-flow/data_flow_env/lib/python3.12/site-packages/airflow/example_dags/example_xcomargs.py for tasks to queue
[2024-07-01T10:10:48.383-0400] {logging_mixin.py:188} INFO - [2024-07-01T10:10:48.383-0400] {dagbag.py:545} INFO - Filling up the DagBag from /Users/christophercunningham/airflow_workspace/data-flow/data_flow_env/lib/python3.12/site-packages/airflow/example_dags/example_xcomargs.py
[2024-07-01T10:10:48.415-0400] {processor.py:840} INFO - DAG(s) 'example_xcom_args', 'example_xcom_args_with_operators' retrieved from /Users/christophercunningham/airflow_workspace/data-flow/data_flow_env/lib/python3.12/site-packages/airflow/example_dags/example_xcomargs.py
[2024-07-01T10:10:48.494-0400] {logging_mixin.py:188} INFO - [2024-07-01T10:10:48.493-0400] {dag.py:3096} INFO - Sync 2 DAGs
[2024-07-01T10:10:48.501-0400] {logging_mixin.py:188} INFO - [2024-07-01T10:10:48.501-0400] {dag.py:3954} INFO - Setting next_dagrun for example_xcom_args to None, run_after=None
[2024-07-01T10:10:48.503-0400] {logging_mixin.py:188} INFO - [2024-07-01T10:10:48.503-0400] {dag.py:3954} INFO - Setting next_dagrun for example_xcom_args_with_operators to None, run_after=None
[2024-07-01T10:10:48.515-0400] {processor.py:183} INFO - Processing /Users/christophercunningham/airflow_workspace/data-flow/data_flow_env/lib/python3.12/site-packages/airflow/example_dags/example_xcomargs.py took 0.139 seconds
[2024-07-01T10:12:28.965-0400] {processor.py:161} INFO - Started process (PID=18495) to work on /Users/christophercunningham/airflow_workspace/data-flow/data_flow_env/lib/python3.12/site-packages/airflow/example_dags/example_xcomargs.py
[2024-07-01T10:12:28.966-0400] {processor.py:830} INFO - Processing file /Users/christophercunningham/airflow_workspace/data-flow/data_flow_env/lib/python3.12/site-packages/airflow/example_dags/example_xcomargs.py for tasks to queue
[2024-07-01T10:12:28.966-0400] {logging_mixin.py:188} INFO - [2024-07-01T10:12:28.966-0400] {dagbag.py:545} INFO - Filling up the DagBag from /Users/christophercunningham/airflow_workspace/data-flow/data_flow_env/lib/python3.12/site-packages/airflow/example_dags/example_xcomargs.py
[2024-07-01T10:12:28.996-0400] {processor.py:840} INFO - DAG(s) 'example_xcom_args_with_operators', 'example_xcom_args' retrieved from /Users/christophercunningham/airflow_workspace/data-flow/data_flow_env/lib/python3.12/site-packages/airflow/example_dags/example_xcomargs.py
[2024-07-01T10:12:29.070-0400] {logging_mixin.py:188} INFO - [2024-07-01T10:12:29.070-0400] {dag.py:3096} INFO - Sync 2 DAGs
[2024-07-01T10:12:29.077-0400] {logging_mixin.py:188} INFO - [2024-07-01T10:12:29.077-0400] {dag.py:3954} INFO - Setting next_dagrun for example_xcom_args to None, run_after=None
[2024-07-01T10:12:29.079-0400] {logging_mixin.py:188} INFO - [2024-07-01T10:12:29.079-0400] {dag.py:3954} INFO - Setting next_dagrun for example_xcom_args_with_operators to None, run_after=None
[2024-07-01T10:12:29.091-0400] {processor.py:183} INFO - Processing /Users/christophercunningham/airflow_workspace/data-flow/data_flow_env/lib/python3.12/site-packages/airflow/example_dags/example_xcomargs.py took 0.131 seconds
[2024-07-01T10:14:14.261-0400] {processor.py:161} INFO - Started process (PID=18761) to work on /Users/christophercunningham/airflow_workspace/data-flow/data_flow_env/lib/python3.12/site-packages/airflow/example_dags/example_xcomargs.py
[2024-07-01T10:14:14.263-0400] {processor.py:830} INFO - Processing file /Users/christophercunningham/airflow_workspace/data-flow/data_flow_env/lib/python3.12/site-packages/airflow/example_dags/example_xcomargs.py for tasks to queue
[2024-07-01T10:14:14.264-0400] {logging_mixin.py:188} INFO - [2024-07-01T10:14:14.263-0400] {dagbag.py:545} INFO - Filling up the DagBag from /Users/christophercunningham/airflow_workspace/data-flow/data_flow_env/lib/python3.12/site-packages/airflow/example_dags/example_xcomargs.py
[2024-07-01T10:14:14.291-0400] {processor.py:840} INFO - DAG(s) 'example_xcom_args', 'example_xcom_args_with_operators' retrieved from /Users/christophercunningham/airflow_workspace/data-flow/data_flow_env/lib/python3.12/site-packages/airflow/example_dags/example_xcomargs.py
[2024-07-01T10:14:14.365-0400] {logging_mixin.py:188} INFO - [2024-07-01T10:14:14.365-0400] {dag.py:3096} INFO - Sync 2 DAGs
[2024-07-01T10:14:14.372-0400] {logging_mixin.py:188} INFO - [2024-07-01T10:14:14.372-0400] {dag.py:3954} INFO - Setting next_dagrun for example_xcom_args to None, run_after=None
[2024-07-01T10:14:14.374-0400] {logging_mixin.py:188} INFO - [2024-07-01T10:14:14.374-0400] {dag.py:3954} INFO - Setting next_dagrun for example_xcom_args_with_operators to None, run_after=None
[2024-07-01T10:14:14.386-0400] {processor.py:183} INFO - Processing /Users/christophercunningham/airflow_workspace/data-flow/data_flow_env/lib/python3.12/site-packages/airflow/example_dags/example_xcomargs.py took 0.129 seconds
[2024-07-01T10:16:03.140-0400] {processor.py:161} INFO - Started process (PID=19002) to work on /Users/christophercunningham/airflow_workspace/data-flow/data_flow_env/lib/python3.12/site-packages/airflow/example_dags/example_xcomargs.py
[2024-07-01T10:16:03.141-0400] {processor.py:830} INFO - Processing file /Users/christophercunningham/airflow_workspace/data-flow/data_flow_env/lib/python3.12/site-packages/airflow/example_dags/example_xcomargs.py for tasks to queue
[2024-07-01T10:16:03.142-0400] {logging_mixin.py:188} INFO - [2024-07-01T10:16:03.141-0400] {dagbag.py:545} INFO - Filling up the DagBag from /Users/christophercunningham/airflow_workspace/data-flow/data_flow_env/lib/python3.12/site-packages/airflow/example_dags/example_xcomargs.py
[2024-07-01T10:16:03.174-0400] {processor.py:840} INFO - DAG(s) 'example_xcom_args', 'example_xcom_args_with_operators' retrieved from /Users/christophercunningham/airflow_workspace/data-flow/data_flow_env/lib/python3.12/site-packages/airflow/example_dags/example_xcomargs.py
[2024-07-01T10:16:03.251-0400] {logging_mixin.py:188} INFO - [2024-07-01T10:16:03.251-0400] {dag.py:3096} INFO - Sync 2 DAGs
[2024-07-01T10:16:03.259-0400] {logging_mixin.py:188} INFO - [2024-07-01T10:16:03.259-0400] {dag.py:3954} INFO - Setting next_dagrun for example_xcom_args to None, run_after=None
[2024-07-01T10:16:03.261-0400] {logging_mixin.py:188} INFO - [2024-07-01T10:16:03.261-0400] {dag.py:3954} INFO - Setting next_dagrun for example_xcom_args_with_operators to None, run_after=None
[2024-07-01T10:16:03.273-0400] {processor.py:183} INFO - Processing /Users/christophercunningham/airflow_workspace/data-flow/data_flow_env/lib/python3.12/site-packages/airflow/example_dags/example_xcomargs.py took 0.136 seconds
[2024-07-01T10:17:51.033-0400] {processor.py:161} INFO - Started process (PID=19200) to work on /Users/christophercunningham/airflow_workspace/data-flow/data_flow_env/lib/python3.12/site-packages/airflow/example_dags/example_xcomargs.py
[2024-07-01T10:17:51.034-0400] {processor.py:830} INFO - Processing file /Users/christophercunningham/airflow_workspace/data-flow/data_flow_env/lib/python3.12/site-packages/airflow/example_dags/example_xcomargs.py for tasks to queue
[2024-07-01T10:17:51.034-0400] {logging_mixin.py:188} INFO - [2024-07-01T10:17:51.034-0400] {dagbag.py:545} INFO - Filling up the DagBag from /Users/christophercunningham/airflow_workspace/data-flow/data_flow_env/lib/python3.12/site-packages/airflow/example_dags/example_xcomargs.py
[2024-07-01T10:17:51.068-0400] {processor.py:840} INFO - DAG(s) 'example_xcom_args_with_operators', 'example_xcom_args' retrieved from /Users/christophercunningham/airflow_workspace/data-flow/data_flow_env/lib/python3.12/site-packages/airflow/example_dags/example_xcomargs.py
[2024-07-01T10:17:51.159-0400] {logging_mixin.py:188} INFO - [2024-07-01T10:17:51.159-0400] {dag.py:3096} INFO - Sync 2 DAGs
[2024-07-01T10:17:51.168-0400] {logging_mixin.py:188} INFO - [2024-07-01T10:17:51.168-0400] {dag.py:3954} INFO - Setting next_dagrun for example_xcom_args to None, run_after=None
[2024-07-01T10:17:51.170-0400] {logging_mixin.py:188} INFO - [2024-07-01T10:17:51.170-0400] {dag.py:3954} INFO - Setting next_dagrun for example_xcom_args_with_operators to None, run_after=None
[2024-07-01T10:17:51.184-0400] {processor.py:183} INFO - Processing /Users/christophercunningham/airflow_workspace/data-flow/data_flow_env/lib/python3.12/site-packages/airflow/example_dags/example_xcomargs.py took 0.157 seconds
[2024-07-01T10:19:14.683-0400] {processor.py:161} INFO - Started process (PID=19405) to work on /Users/christophercunningham/airflow_workspace/data-flow/data_flow_env/lib/python3.12/site-packages/airflow/example_dags/example_xcomargs.py
[2024-07-01T10:19:14.685-0400] {processor.py:830} INFO - Processing file /Users/christophercunningham/airflow_workspace/data-flow/data_flow_env/lib/python3.12/site-packages/airflow/example_dags/example_xcomargs.py for tasks to queue
[2024-07-01T10:19:14.685-0400] {logging_mixin.py:188} INFO - [2024-07-01T10:19:14.685-0400] {dagbag.py:545} INFO - Filling up the DagBag from /Users/christophercunningham/airflow_workspace/data-flow/data_flow_env/lib/python3.12/site-packages/airflow/example_dags/example_xcomargs.py
[2024-07-01T10:19:14.715-0400] {processor.py:840} INFO - DAG(s) 'example_xcom_args', 'example_xcom_args_with_operators' retrieved from /Users/christophercunningham/airflow_workspace/data-flow/data_flow_env/lib/python3.12/site-packages/airflow/example_dags/example_xcomargs.py
[2024-07-01T10:19:14.923-0400] {logging_mixin.py:188} INFO - [2024-07-01T10:19:14.923-0400] {dag.py:3096} INFO - Sync 2 DAGs
[2024-07-01T10:19:14.934-0400] {logging_mixin.py:188} INFO - [2024-07-01T10:19:14.933-0400] {dag.py:3954} INFO - Setting next_dagrun for example_xcom_args to None, run_after=None
[2024-07-01T10:19:14.937-0400] {logging_mixin.py:188} INFO - [2024-07-01T10:19:14.936-0400] {dag.py:3954} INFO - Setting next_dagrun for example_xcom_args_with_operators to None, run_after=None
[2024-07-01T10:19:14.955-0400] {processor.py:183} INFO - Processing /Users/christophercunningham/airflow_workspace/data-flow/data_flow_env/lib/python3.12/site-packages/airflow/example_dags/example_xcomargs.py took 0.277 seconds
[2024-07-01T10:39:08.309-0400] {processor.py:161} INFO - Started process (PID=21130) to work on /Users/christophercunningham/airflow_workspace/data-flow/data_flow_env/lib/python3.12/site-packages/airflow/example_dags/example_xcomargs.py
[2024-07-01T10:39:08.310-0400] {processor.py:830} INFO - Processing file /Users/christophercunningham/airflow_workspace/data-flow/data_flow_env/lib/python3.12/site-packages/airflow/example_dags/example_xcomargs.py for tasks to queue
[2024-07-01T10:39:08.311-0400] {logging_mixin.py:188} INFO - [2024-07-01T10:39:08.311-0400] {dagbag.py:545} INFO - Filling up the DagBag from /Users/christophercunningham/airflow_workspace/data-flow/data_flow_env/lib/python3.12/site-packages/airflow/example_dags/example_xcomargs.py
[2024-07-01T10:39:08.340-0400] {processor.py:840} INFO - DAG(s) 'example_xcom_args_with_operators', 'example_xcom_args' retrieved from /Users/christophercunningham/airflow_workspace/data-flow/data_flow_env/lib/python3.12/site-packages/airflow/example_dags/example_xcomargs.py
[2024-07-01T10:39:08.528-0400] {logging_mixin.py:188} INFO - [2024-07-01T10:39:08.528-0400] {dag.py:3096} INFO - Sync 2 DAGs
[2024-07-01T10:39:08.535-0400] {logging_mixin.py:188} INFO - [2024-07-01T10:39:08.535-0400] {dag.py:3954} INFO - Setting next_dagrun for example_xcom_args to None, run_after=None
[2024-07-01T10:39:08.537-0400] {logging_mixin.py:188} INFO - [2024-07-01T10:39:08.537-0400] {dag.py:3954} INFO - Setting next_dagrun for example_xcom_args_with_operators to None, run_after=None
[2024-07-01T10:39:08.550-0400] {processor.py:183} INFO - Processing /Users/christophercunningham/airflow_workspace/data-flow/data_flow_env/lib/python3.12/site-packages/airflow/example_dags/example_xcomargs.py took 0.247 seconds
