[2024-07-01T09:32:26.369-0400] {processor.py:161} INFO - Started process (PID=13942) to work on /Users/christophercunningham/airflow_workspace/data-flow/data_flow_env/lib/python3.12/site-packages/airflow/example_dags/example_params_ui_tutorial.py
[2024-07-01T09:32:26.371-0400] {processor.py:830} INFO - Processing file /Users/christophercunningham/airflow_workspace/data-flow/data_flow_env/lib/python3.12/site-packages/airflow/example_dags/example_params_ui_tutorial.py for tasks to queue
[2024-07-01T09:32:26.371-0400] {logging_mixin.py:188} INFO - [2024-07-01T09:32:26.371-0400] {dagbag.py:545} INFO - Filling up the DagBag from /Users/christophercunningham/airflow_workspace/data-flow/data_flow_env/lib/python3.12/site-packages/airflow/example_dags/example_params_ui_tutorial.py
[2024-07-01T09:32:26.401-0400] {processor.py:840} INFO - DAG(s) 'example_params_ui_tutorial' retrieved from /Users/christophercunningham/airflow_workspace/data-flow/data_flow_env/lib/python3.12/site-packages/airflow/example_dags/example_params_ui_tutorial.py
[2024-07-01T09:32:26.611-0400] {logging_mixin.py:188} INFO - [2024-07-01T09:32:26.610-0400] {dag.py:3096} INFO - Sync 1 DAGs
[2024-07-01T09:32:26.620-0400] {logging_mixin.py:188} INFO - [2024-07-01T09:32:26.619-0400] {dag.py:3954} INFO - Setting next_dagrun for example_params_ui_tutorial to None, run_after=None
[2024-07-01T09:32:26.636-0400] {processor.py:183} INFO - Processing /Users/christophercunningham/airflow_workspace/data-flow/data_flow_env/lib/python3.12/site-packages/airflow/example_dags/example_params_ui_tutorial.py took 0.272 seconds
[2024-07-01T09:34:40.189-0400] {processor.py:161} INFO - Started process (PID=14183) to work on /Users/christophercunningham/airflow_workspace/data-flow/data_flow_env/lib/python3.12/site-packages/airflow/example_dags/example_params_ui_tutorial.py
[2024-07-01T09:34:40.192-0400] {processor.py:830} INFO - Processing file /Users/christophercunningham/airflow_workspace/data-flow/data_flow_env/lib/python3.12/site-packages/airflow/example_dags/example_params_ui_tutorial.py for tasks to queue
[2024-07-01T09:34:40.192-0400] {logging_mixin.py:188} INFO - [2024-07-01T09:34:40.192-0400] {dagbag.py:545} INFO - Filling up the DagBag from /Users/christophercunningham/airflow_workspace/data-flow/data_flow_env/lib/python3.12/site-packages/airflow/example_dags/example_params_ui_tutorial.py
[2024-07-01T09:34:40.226-0400] {processor.py:840} INFO - DAG(s) 'example_params_ui_tutorial' retrieved from /Users/christophercunningham/airflow_workspace/data-flow/data_flow_env/lib/python3.12/site-packages/airflow/example_dags/example_params_ui_tutorial.py
[2024-07-01T09:34:40.326-0400] {logging_mixin.py:188} INFO - [2024-07-01T09:34:40.326-0400] {dag.py:3096} INFO - Sync 1 DAGs
[2024-07-01T09:34:40.333-0400] {logging_mixin.py:188} INFO - [2024-07-01T09:34:40.333-0400] {dag.py:3954} INFO - Setting next_dagrun for example_params_ui_tutorial to None, run_after=None
[2024-07-01T09:34:40.351-0400] {processor.py:183} INFO - Processing /Users/christophercunningham/airflow_workspace/data-flow/data_flow_env/lib/python3.12/site-packages/airflow/example_dags/example_params_ui_tutorial.py took 0.167 seconds
[2024-07-01T09:38:07.557-0400] {processor.py:161} INFO - Started process (PID=14500) to work on /Users/christophercunningham/airflow_workspace/data-flow/data_flow_env/lib/python3.12/site-packages/airflow/example_dags/example_params_ui_tutorial.py
[2024-07-01T09:38:07.559-0400] {processor.py:830} INFO - Processing file /Users/christophercunningham/airflow_workspace/data-flow/data_flow_env/lib/python3.12/site-packages/airflow/example_dags/example_params_ui_tutorial.py for tasks to queue
[2024-07-01T09:38:07.559-0400] {logging_mixin.py:188} INFO - [2024-07-01T09:38:07.559-0400] {dagbag.py:545} INFO - Filling up the DagBag from /Users/christophercunningham/airflow_workspace/data-flow/data_flow_env/lib/python3.12/site-packages/airflow/example_dags/example_params_ui_tutorial.py
[2024-07-01T09:38:07.589-0400] {processor.py:840} INFO - DAG(s) 'example_params_ui_tutorial' retrieved from /Users/christophercunningham/airflow_workspace/data-flow/data_flow_env/lib/python3.12/site-packages/airflow/example_dags/example_params_ui_tutorial.py
[2024-07-01T09:38:07.684-0400] {logging_mixin.py:188} INFO - [2024-07-01T09:38:07.684-0400] {dag.py:3096} INFO - Sync 1 DAGs
[2024-07-01T09:38:07.692-0400] {logging_mixin.py:188} INFO - [2024-07-01T09:38:07.692-0400] {dag.py:3954} INFO - Setting next_dagrun for example_params_ui_tutorial to None, run_after=None
[2024-07-01T09:38:07.704-0400] {processor.py:183} INFO - Processing /Users/christophercunningham/airflow_workspace/data-flow/data_flow_env/lib/python3.12/site-packages/airflow/example_dags/example_params_ui_tutorial.py took 0.152 seconds
[2024-07-01T09:41:37.445-0400] {processor.py:161} INFO - Started process (PID=14884) to work on /Users/christophercunningham/airflow_workspace/data-flow/data_flow_env/lib/python3.12/site-packages/airflow/example_dags/example_params_ui_tutorial.py
[2024-07-01T09:41:37.447-0400] {processor.py:830} INFO - Processing file /Users/christophercunningham/airflow_workspace/data-flow/data_flow_env/lib/python3.12/site-packages/airflow/example_dags/example_params_ui_tutorial.py for tasks to queue
[2024-07-01T09:41:37.447-0400] {logging_mixin.py:188} INFO - [2024-07-01T09:41:37.447-0400] {dagbag.py:545} INFO - Filling up the DagBag from /Users/christophercunningham/airflow_workspace/data-flow/data_flow_env/lib/python3.12/site-packages/airflow/example_dags/example_params_ui_tutorial.py
[2024-07-01T09:41:37.478-0400] {processor.py:840} INFO - DAG(s) 'example_params_ui_tutorial' retrieved from /Users/christophercunningham/airflow_workspace/data-flow/data_flow_env/lib/python3.12/site-packages/airflow/example_dags/example_params_ui_tutorial.py
[2024-07-01T09:41:37.575-0400] {logging_mixin.py:188} INFO - [2024-07-01T09:41:37.575-0400] {dag.py:3096} INFO - Sync 1 DAGs
[2024-07-01T09:41:37.583-0400] {logging_mixin.py:188} INFO - [2024-07-01T09:41:37.583-0400] {dag.py:3954} INFO - Setting next_dagrun for example_params_ui_tutorial to None, run_after=None
[2024-07-01T09:41:37.596-0400] {processor.py:183} INFO - Processing /Users/christophercunningham/airflow_workspace/data-flow/data_flow_env/lib/python3.12/site-packages/airflow/example_dags/example_params_ui_tutorial.py took 0.155 seconds
[2024-07-01T09:43:29.807-0400] {processor.py:161} INFO - Started process (PID=15059) to work on /Users/christophercunningham/airflow_workspace/data-flow/data_flow_env/lib/python3.12/site-packages/airflow/example_dags/example_params_ui_tutorial.py
[2024-07-01T09:43:29.808-0400] {processor.py:830} INFO - Processing file /Users/christophercunningham/airflow_workspace/data-flow/data_flow_env/lib/python3.12/site-packages/airflow/example_dags/example_params_ui_tutorial.py for tasks to queue
[2024-07-01T09:43:29.809-0400] {logging_mixin.py:188} INFO - [2024-07-01T09:43:29.809-0400] {dagbag.py:545} INFO - Filling up the DagBag from /Users/christophercunningham/airflow_workspace/data-flow/data_flow_env/lib/python3.12/site-packages/airflow/example_dags/example_params_ui_tutorial.py
[2024-07-01T09:43:29.844-0400] {processor.py:840} INFO - DAG(s) 'example_params_ui_tutorial' retrieved from /Users/christophercunningham/airflow_workspace/data-flow/data_flow_env/lib/python3.12/site-packages/airflow/example_dags/example_params_ui_tutorial.py
[2024-07-01T09:43:29.950-0400] {logging_mixin.py:188} INFO - [2024-07-01T09:43:29.949-0400] {dag.py:3096} INFO - Sync 1 DAGs
[2024-07-01T09:43:29.958-0400] {logging_mixin.py:188} INFO - [2024-07-01T09:43:29.957-0400] {dag.py:3954} INFO - Setting next_dagrun for example_params_ui_tutorial to None, run_after=None
[2024-07-01T09:43:29.971-0400] {processor.py:183} INFO - Processing /Users/christophercunningham/airflow_workspace/data-flow/data_flow_env/lib/python3.12/site-packages/airflow/example_dags/example_params_ui_tutorial.py took 0.167 seconds
[2024-07-01T09:47:04.762-0400] {processor.py:161} INFO - Started process (PID=15388) to work on /Users/christophercunningham/airflow_workspace/data-flow/data_flow_env/lib/python3.12/site-packages/airflow/example_dags/example_params_ui_tutorial.py
[2024-07-01T09:47:04.764-0400] {processor.py:830} INFO - Processing file /Users/christophercunningham/airflow_workspace/data-flow/data_flow_env/lib/python3.12/site-packages/airflow/example_dags/example_params_ui_tutorial.py for tasks to queue
[2024-07-01T09:47:04.765-0400] {logging_mixin.py:188} INFO - [2024-07-01T09:47:04.765-0400] {dagbag.py:545} INFO - Filling up the DagBag from /Users/christophercunningham/airflow_workspace/data-flow/data_flow_env/lib/python3.12/site-packages/airflow/example_dags/example_params_ui_tutorial.py
[2024-07-01T09:47:04.797-0400] {processor.py:840} INFO - DAG(s) 'example_params_ui_tutorial' retrieved from /Users/christophercunningham/airflow_workspace/data-flow/data_flow_env/lib/python3.12/site-packages/airflow/example_dags/example_params_ui_tutorial.py
[2024-07-01T09:47:04.895-0400] {logging_mixin.py:188} INFO - [2024-07-01T09:47:04.895-0400] {dag.py:3096} INFO - Sync 1 DAGs
[2024-07-01T09:47:04.903-0400] {logging_mixin.py:188} INFO - [2024-07-01T09:47:04.902-0400] {dag.py:3954} INFO - Setting next_dagrun for example_params_ui_tutorial to None, run_after=None
[2024-07-01T09:47:04.918-0400] {processor.py:183} INFO - Processing /Users/christophercunningham/airflow_workspace/data-flow/data_flow_env/lib/python3.12/site-packages/airflow/example_dags/example_params_ui_tutorial.py took 0.160 seconds
[2024-07-01T09:50:42.194-0400] {processor.py:161} INFO - Started process (PID=15756) to work on /Users/christophercunningham/airflow_workspace/data-flow/data_flow_env/lib/python3.12/site-packages/airflow/example_dags/example_params_ui_tutorial.py
[2024-07-01T09:50:42.195-0400] {processor.py:830} INFO - Processing file /Users/christophercunningham/airflow_workspace/data-flow/data_flow_env/lib/python3.12/site-packages/airflow/example_dags/example_params_ui_tutorial.py for tasks to queue
[2024-07-01T09:50:42.196-0400] {logging_mixin.py:188} INFO - [2024-07-01T09:50:42.196-0400] {dagbag.py:545} INFO - Filling up the DagBag from /Users/christophercunningham/airflow_workspace/data-flow/data_flow_env/lib/python3.12/site-packages/airflow/example_dags/example_params_ui_tutorial.py
[2024-07-01T09:50:42.230-0400] {processor.py:840} INFO - DAG(s) 'example_params_ui_tutorial' retrieved from /Users/christophercunningham/airflow_workspace/data-flow/data_flow_env/lib/python3.12/site-packages/airflow/example_dags/example_params_ui_tutorial.py
[2024-07-01T09:50:42.334-0400] {logging_mixin.py:188} INFO - [2024-07-01T09:50:42.334-0400] {dag.py:3096} INFO - Sync 1 DAGs
[2024-07-01T09:50:42.342-0400] {logging_mixin.py:188} INFO - [2024-07-01T09:50:42.342-0400] {dag.py:3954} INFO - Setting next_dagrun for example_params_ui_tutorial to None, run_after=None
[2024-07-01T09:50:42.356-0400] {processor.py:183} INFO - Processing /Users/christophercunningham/airflow_workspace/data-flow/data_flow_env/lib/python3.12/site-packages/airflow/example_dags/example_params_ui_tutorial.py took 0.166 seconds
[2024-07-01T09:54:04.281-0400] {processor.py:161} INFO - Started process (PID=16089) to work on /Users/christophercunningham/airflow_workspace/data-flow/data_flow_env/lib/python3.12/site-packages/airflow/example_dags/example_params_ui_tutorial.py
[2024-07-01T09:54:04.282-0400] {processor.py:830} INFO - Processing file /Users/christophercunningham/airflow_workspace/data-flow/data_flow_env/lib/python3.12/site-packages/airflow/example_dags/example_params_ui_tutorial.py for tasks to queue
[2024-07-01T09:54:04.283-0400] {logging_mixin.py:188} INFO - [2024-07-01T09:54:04.283-0400] {dagbag.py:545} INFO - Filling up the DagBag from /Users/christophercunningham/airflow_workspace/data-flow/data_flow_env/lib/python3.12/site-packages/airflow/example_dags/example_params_ui_tutorial.py
[2024-07-01T09:54:04.313-0400] {processor.py:840} INFO - DAG(s) 'example_params_ui_tutorial' retrieved from /Users/christophercunningham/airflow_workspace/data-flow/data_flow_env/lib/python3.12/site-packages/airflow/example_dags/example_params_ui_tutorial.py
[2024-07-01T09:54:04.414-0400] {logging_mixin.py:188} INFO - [2024-07-01T09:54:04.414-0400] {dag.py:3096} INFO - Sync 1 DAGs
[2024-07-01T09:54:04.422-0400] {logging_mixin.py:188} INFO - [2024-07-01T09:54:04.422-0400] {dag.py:3954} INFO - Setting next_dagrun for example_params_ui_tutorial to None, run_after=None
[2024-07-01T09:54:04.436-0400] {processor.py:183} INFO - Processing /Users/christophercunningham/airflow_workspace/data-flow/data_flow_env/lib/python3.12/site-packages/airflow/example_dags/example_params_ui_tutorial.py took 0.160 seconds
[2024-07-01T09:57:27.989-0400] {processor.py:161} INFO - Started process (PID=16532) to work on /Users/christophercunningham/airflow_workspace/data-flow/data_flow_env/lib/python3.12/site-packages/airflow/example_dags/example_params_ui_tutorial.py
[2024-07-01T09:57:27.991-0400] {processor.py:830} INFO - Processing file /Users/christophercunningham/airflow_workspace/data-flow/data_flow_env/lib/python3.12/site-packages/airflow/example_dags/example_params_ui_tutorial.py for tasks to queue
[2024-07-01T09:57:27.992-0400] {logging_mixin.py:188} INFO - [2024-07-01T09:57:27.992-0400] {dagbag.py:545} INFO - Filling up the DagBag from /Users/christophercunningham/airflow_workspace/data-flow/data_flow_env/lib/python3.12/site-packages/airflow/example_dags/example_params_ui_tutorial.py
[2024-07-01T09:57:28.027-0400] {processor.py:840} INFO - DAG(s) 'example_params_ui_tutorial' retrieved from /Users/christophercunningham/airflow_workspace/data-flow/data_flow_env/lib/python3.12/site-packages/airflow/example_dags/example_params_ui_tutorial.py
[2024-07-01T09:57:28.125-0400] {logging_mixin.py:188} INFO - [2024-07-01T09:57:28.125-0400] {dag.py:3096} INFO - Sync 1 DAGs
[2024-07-01T09:57:28.133-0400] {logging_mixin.py:188} INFO - [2024-07-01T09:57:28.133-0400] {dag.py:3954} INFO - Setting next_dagrun for example_params_ui_tutorial to None, run_after=None
[2024-07-01T09:57:28.146-0400] {processor.py:183} INFO - Processing /Users/christophercunningham/airflow_workspace/data-flow/data_flow_env/lib/python3.12/site-packages/airflow/example_dags/example_params_ui_tutorial.py took 0.162 seconds
[2024-07-01T10:00:53.603-0400] {processor.py:161} INFO - Started process (PID=17017) to work on /Users/christophercunningham/airflow_workspace/data-flow/data_flow_env/lib/python3.12/site-packages/airflow/example_dags/example_params_ui_tutorial.py
[2024-07-01T10:00:53.604-0400] {processor.py:830} INFO - Processing file /Users/christophercunningham/airflow_workspace/data-flow/data_flow_env/lib/python3.12/site-packages/airflow/example_dags/example_params_ui_tutorial.py for tasks to queue
[2024-07-01T10:00:53.605-0400] {logging_mixin.py:188} INFO - [2024-07-01T10:00:53.605-0400] {dagbag.py:545} INFO - Filling up the DagBag from /Users/christophercunningham/airflow_workspace/data-flow/data_flow_env/lib/python3.12/site-packages/airflow/example_dags/example_params_ui_tutorial.py
[2024-07-01T10:00:53.639-0400] {processor.py:840} INFO - DAG(s) 'example_params_ui_tutorial' retrieved from /Users/christophercunningham/airflow_workspace/data-flow/data_flow_env/lib/python3.12/site-packages/airflow/example_dags/example_params_ui_tutorial.py
[2024-07-01T10:00:53.738-0400] {logging_mixin.py:188} INFO - [2024-07-01T10:00:53.738-0400] {dag.py:3096} INFO - Sync 1 DAGs
[2024-07-01T10:00:53.745-0400] {logging_mixin.py:188} INFO - [2024-07-01T10:00:53.745-0400] {dag.py:3954} INFO - Setting next_dagrun for example_params_ui_tutorial to None, run_after=None
[2024-07-01T10:00:53.761-0400] {processor.py:183} INFO - Processing /Users/christophercunningham/airflow_workspace/data-flow/data_flow_env/lib/python3.12/site-packages/airflow/example_dags/example_params_ui_tutorial.py took 0.162 seconds
[2024-07-01T10:04:28.155-0400] {processor.py:161} INFO - Started process (PID=17453) to work on /Users/christophercunningham/airflow_workspace/data-flow/data_flow_env/lib/python3.12/site-packages/airflow/example_dags/example_params_ui_tutorial.py
[2024-07-01T10:04:28.157-0400] {processor.py:830} INFO - Processing file /Users/christophercunningham/airflow_workspace/data-flow/data_flow_env/lib/python3.12/site-packages/airflow/example_dags/example_params_ui_tutorial.py for tasks to queue
[2024-07-01T10:04:28.158-0400] {logging_mixin.py:188} INFO - [2024-07-01T10:04:28.158-0400] {dagbag.py:545} INFO - Filling up the DagBag from /Users/christophercunningham/airflow_workspace/data-flow/data_flow_env/lib/python3.12/site-packages/airflow/example_dags/example_params_ui_tutorial.py
[2024-07-01T10:04:28.188-0400] {processor.py:840} INFO - DAG(s) 'example_params_ui_tutorial' retrieved from /Users/christophercunningham/airflow_workspace/data-flow/data_flow_env/lib/python3.12/site-packages/airflow/example_dags/example_params_ui_tutorial.py
[2024-07-01T10:04:28.292-0400] {logging_mixin.py:188} INFO - [2024-07-01T10:04:28.292-0400] {dag.py:3096} INFO - Sync 1 DAGs
[2024-07-01T10:04:28.300-0400] {logging_mixin.py:188} INFO - [2024-07-01T10:04:28.300-0400] {dag.py:3954} INFO - Setting next_dagrun for example_params_ui_tutorial to None, run_after=None
[2024-07-01T10:04:28.316-0400] {processor.py:183} INFO - Processing /Users/christophercunningham/airflow_workspace/data-flow/data_flow_env/lib/python3.12/site-packages/airflow/example_dags/example_params_ui_tutorial.py took 0.165 seconds
[2024-07-01T10:08:09.413-0400] {processor.py:161} INFO - Started process (PID=17920) to work on /Users/christophercunningham/airflow_workspace/data-flow/data_flow_env/lib/python3.12/site-packages/airflow/example_dags/example_params_ui_tutorial.py
[2024-07-01T10:08:09.414-0400] {processor.py:830} INFO - Processing file /Users/christophercunningham/airflow_workspace/data-flow/data_flow_env/lib/python3.12/site-packages/airflow/example_dags/example_params_ui_tutorial.py for tasks to queue
[2024-07-01T10:08:09.415-0400] {logging_mixin.py:188} INFO - [2024-07-01T10:08:09.415-0400] {dagbag.py:545} INFO - Filling up the DagBag from /Users/christophercunningham/airflow_workspace/data-flow/data_flow_env/lib/python3.12/site-packages/airflow/example_dags/example_params_ui_tutorial.py
[2024-07-01T10:08:09.444-0400] {processor.py:840} INFO - DAG(s) 'example_params_ui_tutorial' retrieved from /Users/christophercunningham/airflow_workspace/data-flow/data_flow_env/lib/python3.12/site-packages/airflow/example_dags/example_params_ui_tutorial.py
[2024-07-01T10:08:09.550-0400] {logging_mixin.py:188} INFO - [2024-07-01T10:08:09.549-0400] {dag.py:3096} INFO - Sync 1 DAGs
[2024-07-01T10:08:09.557-0400] {logging_mixin.py:188} INFO - [2024-07-01T10:08:09.557-0400] {dag.py:3954} INFO - Setting next_dagrun for example_params_ui_tutorial to None, run_after=None
[2024-07-01T10:08:09.571-0400] {processor.py:183} INFO - Processing /Users/christophercunningham/airflow_workspace/data-flow/data_flow_env/lib/python3.12/site-packages/airflow/example_dags/example_params_ui_tutorial.py took 0.163 seconds
[2024-07-01T10:11:35.326-0400] {processor.py:161} INFO - Started process (PID=18386) to work on /Users/christophercunningham/airflow_workspace/data-flow/data_flow_env/lib/python3.12/site-packages/airflow/example_dags/example_params_ui_tutorial.py
[2024-07-01T10:11:35.326-0400] {processor.py:830} INFO - Processing file /Users/christophercunningham/airflow_workspace/data-flow/data_flow_env/lib/python3.12/site-packages/airflow/example_dags/example_params_ui_tutorial.py for tasks to queue
[2024-07-01T10:11:35.327-0400] {logging_mixin.py:188} INFO - [2024-07-01T10:11:35.327-0400] {dagbag.py:545} INFO - Filling up the DagBag from /Users/christophercunningham/airflow_workspace/data-flow/data_flow_env/lib/python3.12/site-packages/airflow/example_dags/example_params_ui_tutorial.py
[2024-07-01T10:11:35.359-0400] {processor.py:840} INFO - DAG(s) 'example_params_ui_tutorial' retrieved from /Users/christophercunningham/airflow_workspace/data-flow/data_flow_env/lib/python3.12/site-packages/airflow/example_dags/example_params_ui_tutorial.py
[2024-07-01T10:11:35.455-0400] {logging_mixin.py:188} INFO - [2024-07-01T10:11:35.454-0400] {dag.py:3096} INFO - Sync 1 DAGs
[2024-07-01T10:11:35.462-0400] {logging_mixin.py:188} INFO - [2024-07-01T10:11:35.462-0400] {dag.py:3954} INFO - Setting next_dagrun for example_params_ui_tutorial to None, run_after=None
[2024-07-01T10:11:35.477-0400] {processor.py:183} INFO - Processing /Users/christophercunningham/airflow_workspace/data-flow/data_flow_env/lib/python3.12/site-packages/airflow/example_dags/example_params_ui_tutorial.py took 0.156 seconds
[2024-07-01T10:15:05.475-0400] {processor.py:161} INFO - Started process (PID=18855) to work on /Users/christophercunningham/airflow_workspace/data-flow/data_flow_env/lib/python3.12/site-packages/airflow/example_dags/example_params_ui_tutorial.py
[2024-07-01T10:15:05.477-0400] {processor.py:830} INFO - Processing file /Users/christophercunningham/airflow_workspace/data-flow/data_flow_env/lib/python3.12/site-packages/airflow/example_dags/example_params_ui_tutorial.py for tasks to queue
[2024-07-01T10:15:05.478-0400] {logging_mixin.py:188} INFO - [2024-07-01T10:15:05.477-0400] {dagbag.py:545} INFO - Filling up the DagBag from /Users/christophercunningham/airflow_workspace/data-flow/data_flow_env/lib/python3.12/site-packages/airflow/example_dags/example_params_ui_tutorial.py
[2024-07-01T10:15:05.515-0400] {processor.py:840} INFO - DAG(s) 'example_params_ui_tutorial' retrieved from /Users/christophercunningham/airflow_workspace/data-flow/data_flow_env/lib/python3.12/site-packages/airflow/example_dags/example_params_ui_tutorial.py
[2024-07-01T10:15:05.632-0400] {logging_mixin.py:188} INFO - [2024-07-01T10:15:05.631-0400] {dag.py:3096} INFO - Sync 1 DAGs
[2024-07-01T10:15:05.639-0400] {logging_mixin.py:188} INFO - [2024-07-01T10:15:05.639-0400] {dag.py:3954} INFO - Setting next_dagrun for example_params_ui_tutorial to None, run_after=None
[2024-07-01T10:15:05.651-0400] {processor.py:183} INFO - Processing /Users/christophercunningham/airflow_workspace/data-flow/data_flow_env/lib/python3.12/site-packages/airflow/example_dags/example_params_ui_tutorial.py took 0.179 seconds
[2024-07-01T10:40:00.566-0400] {processor.py:161} INFO - Started process (PID=21238) to work on /Users/christophercunningham/airflow_workspace/data-flow/data_flow_env/lib/python3.12/site-packages/airflow/example_dags/example_params_ui_tutorial.py
[2024-07-01T10:40:00.567-0400] {processor.py:830} INFO - Processing file /Users/christophercunningham/airflow_workspace/data-flow/data_flow_env/lib/python3.12/site-packages/airflow/example_dags/example_params_ui_tutorial.py for tasks to queue
[2024-07-01T10:40:00.568-0400] {logging_mixin.py:188} INFO - [2024-07-01T10:40:00.568-0400] {dagbag.py:545} INFO - Filling up the DagBag from /Users/christophercunningham/airflow_workspace/data-flow/data_flow_env/lib/python3.12/site-packages/airflow/example_dags/example_params_ui_tutorial.py
[2024-07-01T10:40:00.619-0400] {processor.py:840} INFO - DAG(s) 'example_params_ui_tutorial' retrieved from /Users/christophercunningham/airflow_workspace/data-flow/data_flow_env/lib/python3.12/site-packages/airflow/example_dags/example_params_ui_tutorial.py
[2024-07-01T10:40:01.030-0400] {logging_mixin.py:188} INFO - [2024-07-01T10:40:01.030-0400] {dag.py:3096} INFO - Sync 1 DAGs
[2024-07-01T10:40:01.037-0400] {logging_mixin.py:188} INFO - [2024-07-01T10:40:01.037-0400] {dag.py:3954} INFO - Setting next_dagrun for example_params_ui_tutorial to None, run_after=None
[2024-07-01T10:40:01.059-0400] {processor.py:183} INFO - Processing /Users/christophercunningham/airflow_workspace/data-flow/data_flow_env/lib/python3.12/site-packages/airflow/example_dags/example_params_ui_tutorial.py took 0.496 seconds
