[2024-07-01T09:32:53.207-0400] {processor.py:161} INFO - Started process (PID=13996) to work on /Users/christophercunningham/airflow_workspace/data-flow/data_flow_env/lib/python3.12/site-packages/airflow/example_dags/example_display_name.py
[2024-07-01T09:32:53.208-0400] {processor.py:830} INFO - Processing file /Users/christophercunningham/airflow_workspace/data-flow/data_flow_env/lib/python3.12/site-packages/airflow/example_dags/example_display_name.py for tasks to queue
[2024-07-01T09:32:53.209-0400] {logging_mixin.py:188} INFO - [2024-07-01T09:32:53.209-0400] {dagbag.py:545} INFO - Filling up the DagBag from /Users/christophercunningham/airflow_workspace/data-flow/data_flow_env/lib/python3.12/site-packages/airflow/example_dags/example_display_name.py
[2024-07-01T09:32:53.237-0400] {processor.py:840} INFO - DAG(s) 'example_display_name' retrieved from /Users/christophercunningham/airflow_workspace/data-flow/data_flow_env/lib/python3.12/site-packages/airflow/example_dags/example_display_name.py
[2024-07-01T09:32:53.413-0400] {logging_mixin.py:188} INFO - [2024-07-01T09:32:53.412-0400] {dag.py:3096} INFO - Sync 1 DAGs
[2024-07-01T09:32:53.422-0400] {logging_mixin.py:188} INFO - [2024-07-01T09:32:53.422-0400] {dag.py:3954} INFO - Setting next_dagrun for example_display_name to None, run_after=None
[2024-07-01T09:32:53.439-0400] {processor.py:183} INFO - Processing /Users/christophercunningham/airflow_workspace/data-flow/data_flow_env/lib/python3.12/site-packages/airflow/example_dags/example_display_name.py took 0.237 seconds
[2024-07-01T09:35:05.649-0400] {processor.py:161} INFO - Started process (PID=14221) to work on /Users/christophercunningham/airflow_workspace/data-flow/data_flow_env/lib/python3.12/site-packages/airflow/example_dags/example_display_name.py
[2024-07-01T09:35:05.651-0400] {processor.py:830} INFO - Processing file /Users/christophercunningham/airflow_workspace/data-flow/data_flow_env/lib/python3.12/site-packages/airflow/example_dags/example_display_name.py for tasks to queue
[2024-07-01T09:35:05.651-0400] {logging_mixin.py:188} INFO - [2024-07-01T09:35:05.651-0400] {dagbag.py:545} INFO - Filling up the DagBag from /Users/christophercunningham/airflow_workspace/data-flow/data_flow_env/lib/python3.12/site-packages/airflow/example_dags/example_display_name.py
[2024-07-01T09:35:05.680-0400] {processor.py:840} INFO - DAG(s) 'example_display_name' retrieved from /Users/christophercunningham/airflow_workspace/data-flow/data_flow_env/lib/python3.12/site-packages/airflow/example_dags/example_display_name.py
[2024-07-01T09:35:05.756-0400] {logging_mixin.py:188} INFO - [2024-07-01T09:35:05.756-0400] {dag.py:3096} INFO - Sync 1 DAGs
[2024-07-01T09:35:05.764-0400] {logging_mixin.py:188} INFO - [2024-07-01T09:35:05.764-0400] {dag.py:3954} INFO - Setting next_dagrun for example_display_name to None, run_after=None
[2024-07-01T09:35:05.777-0400] {processor.py:183} INFO - Processing /Users/christophercunningham/airflow_workspace/data-flow/data_flow_env/lib/python3.12/site-packages/airflow/example_dags/example_display_name.py took 0.133 seconds
[2024-07-01T09:38:33.421-0400] {processor.py:161} INFO - Started process (PID=14537) to work on /Users/christophercunningham/airflow_workspace/data-flow/data_flow_env/lib/python3.12/site-packages/airflow/example_dags/example_display_name.py
[2024-07-01T09:38:33.422-0400] {processor.py:830} INFO - Processing file /Users/christophercunningham/airflow_workspace/data-flow/data_flow_env/lib/python3.12/site-packages/airflow/example_dags/example_display_name.py for tasks to queue
[2024-07-01T09:38:33.422-0400] {logging_mixin.py:188} INFO - [2024-07-01T09:38:33.422-0400] {dagbag.py:545} INFO - Filling up the DagBag from /Users/christophercunningham/airflow_workspace/data-flow/data_flow_env/lib/python3.12/site-packages/airflow/example_dags/example_display_name.py
[2024-07-01T09:38:33.450-0400] {processor.py:840} INFO - DAG(s) 'example_display_name' retrieved from /Users/christophercunningham/airflow_workspace/data-flow/data_flow_env/lib/python3.12/site-packages/airflow/example_dags/example_display_name.py
[2024-07-01T09:38:33.522-0400] {logging_mixin.py:188} INFO - [2024-07-01T09:38:33.522-0400] {dag.py:3096} INFO - Sync 1 DAGs
[2024-07-01T09:38:33.530-0400] {logging_mixin.py:188} INFO - [2024-07-01T09:38:33.529-0400] {dag.py:3954} INFO - Setting next_dagrun for example_display_name to None, run_after=None
[2024-07-01T09:38:33.542-0400] {processor.py:183} INFO - Processing /Users/christophercunningham/airflow_workspace/data-flow/data_flow_env/lib/python3.12/site-packages/airflow/example_dags/example_display_name.py took 0.126 seconds
[2024-07-01T09:42:04.110-0400] {processor.py:161} INFO - Started process (PID=14922) to work on /Users/christophercunningham/airflow_workspace/data-flow/data_flow_env/lib/python3.12/site-packages/airflow/example_dags/example_display_name.py
[2024-07-01T09:42:04.111-0400] {processor.py:830} INFO - Processing file /Users/christophercunningham/airflow_workspace/data-flow/data_flow_env/lib/python3.12/site-packages/airflow/example_dags/example_display_name.py for tasks to queue
[2024-07-01T09:42:04.111-0400] {logging_mixin.py:188} INFO - [2024-07-01T09:42:04.111-0400] {dagbag.py:545} INFO - Filling up the DagBag from /Users/christophercunningham/airflow_workspace/data-flow/data_flow_env/lib/python3.12/site-packages/airflow/example_dags/example_display_name.py
[2024-07-01T09:42:04.137-0400] {processor.py:840} INFO - DAG(s) 'example_display_name' retrieved from /Users/christophercunningham/airflow_workspace/data-flow/data_flow_env/lib/python3.12/site-packages/airflow/example_dags/example_display_name.py
[2024-07-01T09:42:04.209-0400] {logging_mixin.py:188} INFO - [2024-07-01T09:42:04.209-0400] {dag.py:3096} INFO - Sync 1 DAGs
[2024-07-01T09:42:04.216-0400] {logging_mixin.py:188} INFO - [2024-07-01T09:42:04.216-0400] {dag.py:3954} INFO - Setting next_dagrun for example_display_name to None, run_after=None
[2024-07-01T09:42:04.229-0400] {processor.py:183} INFO - Processing /Users/christophercunningham/airflow_workspace/data-flow/data_flow_env/lib/python3.12/site-packages/airflow/example_dags/example_display_name.py took 0.124 seconds
[2024-07-01T09:45:43.243-0400] {processor.py:161} INFO - Started process (PID=15262) to work on /Users/christophercunningham/airflow_workspace/data-flow/data_flow_env/lib/python3.12/site-packages/airflow/example_dags/example_display_name.py
[2024-07-01T09:45:43.245-0400] {processor.py:830} INFO - Processing file /Users/christophercunningham/airflow_workspace/data-flow/data_flow_env/lib/python3.12/site-packages/airflow/example_dags/example_display_name.py for tasks to queue
[2024-07-01T09:45:43.246-0400] {logging_mixin.py:188} INFO - [2024-07-01T09:45:43.245-0400] {dagbag.py:545} INFO - Filling up the DagBag from /Users/christophercunningham/airflow_workspace/data-flow/data_flow_env/lib/python3.12/site-packages/airflow/example_dags/example_display_name.py
[2024-07-01T09:45:43.274-0400] {processor.py:840} INFO - DAG(s) 'example_display_name' retrieved from /Users/christophercunningham/airflow_workspace/data-flow/data_flow_env/lib/python3.12/site-packages/airflow/example_dags/example_display_name.py
[2024-07-01T09:45:43.345-0400] {logging_mixin.py:188} INFO - [2024-07-01T09:45:43.344-0400] {dag.py:3096} INFO - Sync 1 DAGs
[2024-07-01T09:45:43.352-0400] {logging_mixin.py:188} INFO - [2024-07-01T09:45:43.352-0400] {dag.py:3954} INFO - Setting next_dagrun for example_display_name to None, run_after=None
[2024-07-01T09:45:43.368-0400] {processor.py:183} INFO - Processing /Users/christophercunningham/airflow_workspace/data-flow/data_flow_env/lib/python3.12/site-packages/airflow/example_dags/example_display_name.py took 0.129 seconds
[2024-07-01T09:49:17.446-0400] {processor.py:161} INFO - Started process (PID=15582) to work on /Users/christophercunningham/airflow_workspace/data-flow/data_flow_env/lib/python3.12/site-packages/airflow/example_dags/example_display_name.py
[2024-07-01T09:49:17.448-0400] {processor.py:830} INFO - Processing file /Users/christophercunningham/airflow_workspace/data-flow/data_flow_env/lib/python3.12/site-packages/airflow/example_dags/example_display_name.py for tasks to queue
[2024-07-01T09:49:17.448-0400] {logging_mixin.py:188} INFO - [2024-07-01T09:49:17.448-0400] {dagbag.py:545} INFO - Filling up the DagBag from /Users/christophercunningham/airflow_workspace/data-flow/data_flow_env/lib/python3.12/site-packages/airflow/example_dags/example_display_name.py
[2024-07-01T09:49:17.479-0400] {processor.py:840} INFO - DAG(s) 'example_display_name' retrieved from /Users/christophercunningham/airflow_workspace/data-flow/data_flow_env/lib/python3.12/site-packages/airflow/example_dags/example_display_name.py
[2024-07-01T09:49:17.555-0400] {logging_mixin.py:188} INFO - [2024-07-01T09:49:17.555-0400] {dag.py:3096} INFO - Sync 1 DAGs
[2024-07-01T09:49:17.563-0400] {logging_mixin.py:188} INFO - [2024-07-01T09:49:17.562-0400] {dag.py:3954} INFO - Setting next_dagrun for example_display_name to None, run_after=None
[2024-07-01T09:49:17.576-0400] {processor.py:183} INFO - Processing /Users/christophercunningham/airflow_workspace/data-flow/data_flow_env/lib/python3.12/site-packages/airflow/example_dags/example_display_name.py took 0.134 seconds
[2024-07-01T09:52:51.058-0400] {processor.py:161} INFO - Started process (PID=15955) to work on /Users/christophercunningham/airflow_workspace/data-flow/data_flow_env/lib/python3.12/site-packages/airflow/example_dags/example_display_name.py
[2024-07-01T09:52:51.059-0400] {processor.py:830} INFO - Processing file /Users/christophercunningham/airflow_workspace/data-flow/data_flow_env/lib/python3.12/site-packages/airflow/example_dags/example_display_name.py for tasks to queue
[2024-07-01T09:52:51.059-0400] {logging_mixin.py:188} INFO - [2024-07-01T09:52:51.059-0400] {dagbag.py:545} INFO - Filling up the DagBag from /Users/christophercunningham/airflow_workspace/data-flow/data_flow_env/lib/python3.12/site-packages/airflow/example_dags/example_display_name.py
[2024-07-01T09:52:51.091-0400] {processor.py:840} INFO - DAG(s) 'example_display_name' retrieved from /Users/christophercunningham/airflow_workspace/data-flow/data_flow_env/lib/python3.12/site-packages/airflow/example_dags/example_display_name.py
[2024-07-01T09:52:51.170-0400] {logging_mixin.py:188} INFO - [2024-07-01T09:52:51.169-0400] {dag.py:3096} INFO - Sync 1 DAGs
[2024-07-01T09:52:51.177-0400] {logging_mixin.py:188} INFO - [2024-07-01T09:52:51.177-0400] {dag.py:3954} INFO - Setting next_dagrun for example_display_name to None, run_after=None
[2024-07-01T09:52:51.191-0400] {processor.py:183} INFO - Processing /Users/christophercunningham/airflow_workspace/data-flow/data_flow_env/lib/python3.12/site-packages/airflow/example_dags/example_display_name.py took 0.136 seconds
[2024-07-01T09:56:13.618-0400] {processor.py:161} INFO - Started process (PID=16379) to work on /Users/christophercunningham/airflow_workspace/data-flow/data_flow_env/lib/python3.12/site-packages/airflow/example_dags/example_display_name.py
[2024-07-01T09:56:13.620-0400] {processor.py:830} INFO - Processing file /Users/christophercunningham/airflow_workspace/data-flow/data_flow_env/lib/python3.12/site-packages/airflow/example_dags/example_display_name.py for tasks to queue
[2024-07-01T09:56:13.620-0400] {logging_mixin.py:188} INFO - [2024-07-01T09:56:13.620-0400] {dagbag.py:545} INFO - Filling up the DagBag from /Users/christophercunningham/airflow_workspace/data-flow/data_flow_env/lib/python3.12/site-packages/airflow/example_dags/example_display_name.py
[2024-07-01T09:56:13.648-0400] {processor.py:840} INFO - DAG(s) 'example_display_name' retrieved from /Users/christophercunningham/airflow_workspace/data-flow/data_flow_env/lib/python3.12/site-packages/airflow/example_dags/example_display_name.py
[2024-07-01T09:56:13.718-0400] {logging_mixin.py:188} INFO - [2024-07-01T09:56:13.718-0400] {dag.py:3096} INFO - Sync 1 DAGs
[2024-07-01T09:56:13.725-0400] {logging_mixin.py:188} INFO - [2024-07-01T09:56:13.725-0400] {dag.py:3954} INFO - Setting next_dagrun for example_display_name to None, run_after=None
[2024-07-01T09:56:13.738-0400] {processor.py:183} INFO - Processing /Users/christophercunningham/airflow_workspace/data-flow/data_flow_env/lib/python3.12/site-packages/airflow/example_dags/example_display_name.py took 0.125 seconds
[2024-07-01T09:59:34.458-0400] {processor.py:161} INFO - Started process (PID=16815) to work on /Users/christophercunningham/airflow_workspace/data-flow/data_flow_env/lib/python3.12/site-packages/airflow/example_dags/example_display_name.py
[2024-07-01T09:59:34.458-0400] {processor.py:830} INFO - Processing file /Users/christophercunningham/airflow_workspace/data-flow/data_flow_env/lib/python3.12/site-packages/airflow/example_dags/example_display_name.py for tasks to queue
[2024-07-01T09:59:34.459-0400] {logging_mixin.py:188} INFO - [2024-07-01T09:59:34.459-0400] {dagbag.py:545} INFO - Filling up the DagBag from /Users/christophercunningham/airflow_workspace/data-flow/data_flow_env/lib/python3.12/site-packages/airflow/example_dags/example_display_name.py
[2024-07-01T09:59:34.489-0400] {processor.py:840} INFO - DAG(s) 'example_display_name' retrieved from /Users/christophercunningham/airflow_workspace/data-flow/data_flow_env/lib/python3.12/site-packages/airflow/example_dags/example_display_name.py
[2024-07-01T09:59:34.561-0400] {logging_mixin.py:188} INFO - [2024-07-01T09:59:34.561-0400] {dag.py:3096} INFO - Sync 1 DAGs
[2024-07-01T09:59:34.569-0400] {logging_mixin.py:188} INFO - [2024-07-01T09:59:34.569-0400] {dag.py:3954} INFO - Setting next_dagrun for example_display_name to None, run_after=None
[2024-07-01T09:59:34.582-0400] {processor.py:183} INFO - Processing /Users/christophercunningham/airflow_workspace/data-flow/data_flow_env/lib/python3.12/site-packages/airflow/example_dags/example_display_name.py took 0.128 seconds
[2024-07-01T10:03:02.981-0400] {processor.py:161} INFO - Started process (PID=17281) to work on /Users/christophercunningham/airflow_workspace/data-flow/data_flow_env/lib/python3.12/site-packages/airflow/example_dags/example_display_name.py
[2024-07-01T10:03:02.981-0400] {processor.py:830} INFO - Processing file /Users/christophercunningham/airflow_workspace/data-flow/data_flow_env/lib/python3.12/site-packages/airflow/example_dags/example_display_name.py for tasks to queue
[2024-07-01T10:03:02.982-0400] {logging_mixin.py:188} INFO - [2024-07-01T10:03:02.982-0400] {dagbag.py:545} INFO - Filling up the DagBag from /Users/christophercunningham/airflow_workspace/data-flow/data_flow_env/lib/python3.12/site-packages/airflow/example_dags/example_display_name.py
[2024-07-01T10:03:03.013-0400] {processor.py:840} INFO - DAG(s) 'example_display_name' retrieved from /Users/christophercunningham/airflow_workspace/data-flow/data_flow_env/lib/python3.12/site-packages/airflow/example_dags/example_display_name.py
[2024-07-01T10:03:03.091-0400] {logging_mixin.py:188} INFO - [2024-07-01T10:03:03.091-0400] {dag.py:3096} INFO - Sync 1 DAGs
[2024-07-01T10:03:03.100-0400] {logging_mixin.py:188} INFO - [2024-07-01T10:03:03.100-0400] {dag.py:3954} INFO - Setting next_dagrun for example_display_name to None, run_after=None
[2024-07-01T10:03:03.114-0400] {processor.py:183} INFO - Processing /Users/christophercunningham/airflow_workspace/data-flow/data_flow_env/lib/python3.12/site-packages/airflow/example_dags/example_display_name.py took 0.137 seconds
[2024-07-01T10:06:43.285-0400] {processor.py:161} INFO - Started process (PID=17736) to work on /Users/christophercunningham/airflow_workspace/data-flow/data_flow_env/lib/python3.12/site-packages/airflow/example_dags/example_display_name.py
[2024-07-01T10:06:43.288-0400] {processor.py:830} INFO - Processing file /Users/christophercunningham/airflow_workspace/data-flow/data_flow_env/lib/python3.12/site-packages/airflow/example_dags/example_display_name.py for tasks to queue
[2024-07-01T10:06:43.288-0400] {logging_mixin.py:188} INFO - [2024-07-01T10:06:43.288-0400] {dagbag.py:545} INFO - Filling up the DagBag from /Users/christophercunningham/airflow_workspace/data-flow/data_flow_env/lib/python3.12/site-packages/airflow/example_dags/example_display_name.py
[2024-07-01T10:06:43.316-0400] {processor.py:840} INFO - DAG(s) 'example_display_name' retrieved from /Users/christophercunningham/airflow_workspace/data-flow/data_flow_env/lib/python3.12/site-packages/airflow/example_dags/example_display_name.py
[2024-07-01T10:06:43.390-0400] {logging_mixin.py:188} INFO - [2024-07-01T10:06:43.390-0400] {dag.py:3096} INFO - Sync 1 DAGs
[2024-07-01T10:06:43.398-0400] {logging_mixin.py:188} INFO - [2024-07-01T10:06:43.398-0400] {dag.py:3954} INFO - Setting next_dagrun for example_display_name to None, run_after=None
[2024-07-01T10:06:43.412-0400] {processor.py:183} INFO - Processing /Users/christophercunningham/airflow_workspace/data-flow/data_flow_env/lib/python3.12/site-packages/airflow/example_dags/example_display_name.py took 0.132 seconds
[2024-07-01T10:10:18.231-0400] {processor.py:161} INFO - Started process (PID=18224) to work on /Users/christophercunningham/airflow_workspace/data-flow/data_flow_env/lib/python3.12/site-packages/airflow/example_dags/example_display_name.py
[2024-07-01T10:10:18.232-0400] {processor.py:830} INFO - Processing file /Users/christophercunningham/airflow_workspace/data-flow/data_flow_env/lib/python3.12/site-packages/airflow/example_dags/example_display_name.py for tasks to queue
[2024-07-01T10:10:18.233-0400] {logging_mixin.py:188} INFO - [2024-07-01T10:10:18.233-0400] {dagbag.py:545} INFO - Filling up the DagBag from /Users/christophercunningham/airflow_workspace/data-flow/data_flow_env/lib/python3.12/site-packages/airflow/example_dags/example_display_name.py
[2024-07-01T10:10:18.263-0400] {processor.py:840} INFO - DAG(s) 'example_display_name' retrieved from /Users/christophercunningham/airflow_workspace/data-flow/data_flow_env/lib/python3.12/site-packages/airflow/example_dags/example_display_name.py
[2024-07-01T10:10:18.334-0400] {logging_mixin.py:188} INFO - [2024-07-01T10:10:18.334-0400] {dag.py:3096} INFO - Sync 1 DAGs
[2024-07-01T10:10:18.342-0400] {logging_mixin.py:188} INFO - [2024-07-01T10:10:18.341-0400] {dag.py:3954} INFO - Setting next_dagrun for example_display_name to None, run_after=None
[2024-07-01T10:10:18.354-0400] {processor.py:183} INFO - Processing /Users/christophercunningham/airflow_workspace/data-flow/data_flow_env/lib/python3.12/site-packages/airflow/example_dags/example_display_name.py took 0.127 seconds
[2024-07-01T10:13:38.913-0400] {processor.py:161} INFO - Started process (PID=18687) to work on /Users/christophercunningham/airflow_workspace/data-flow/data_flow_env/lib/python3.12/site-packages/airflow/example_dags/example_display_name.py
[2024-07-01T10:13:38.915-0400] {processor.py:830} INFO - Processing file /Users/christophercunningham/airflow_workspace/data-flow/data_flow_env/lib/python3.12/site-packages/airflow/example_dags/example_display_name.py for tasks to queue
[2024-07-01T10:13:38.915-0400] {logging_mixin.py:188} INFO - [2024-07-01T10:13:38.915-0400] {dagbag.py:545} INFO - Filling up the DagBag from /Users/christophercunningham/airflow_workspace/data-flow/data_flow_env/lib/python3.12/site-packages/airflow/example_dags/example_display_name.py
[2024-07-01T10:13:38.951-0400] {processor.py:840} INFO - DAG(s) 'example_display_name' retrieved from /Users/christophercunningham/airflow_workspace/data-flow/data_flow_env/lib/python3.12/site-packages/airflow/example_dags/example_display_name.py
[2024-07-01T10:13:39.045-0400] {logging_mixin.py:188} INFO - [2024-07-01T10:13:39.045-0400] {dag.py:3096} INFO - Sync 1 DAGs
[2024-07-01T10:13:39.055-0400] {logging_mixin.py:188} INFO - [2024-07-01T10:13:39.055-0400] {dag.py:3954} INFO - Setting next_dagrun for example_display_name to None, run_after=None
[2024-07-01T10:13:39.071-0400] {processor.py:183} INFO - Processing /Users/christophercunningham/airflow_workspace/data-flow/data_flow_env/lib/python3.12/site-packages/airflow/example_dags/example_display_name.py took 0.163 seconds
[2024-07-01T10:17:15.139-0400] {processor.py:161} INFO - Started process (PID=19138) to work on /Users/christophercunningham/airflow_workspace/data-flow/data_flow_env/lib/python3.12/site-packages/airflow/example_dags/example_display_name.py
[2024-07-01T10:17:15.140-0400] {processor.py:830} INFO - Processing file /Users/christophercunningham/airflow_workspace/data-flow/data_flow_env/lib/python3.12/site-packages/airflow/example_dags/example_display_name.py for tasks to queue
[2024-07-01T10:17:15.141-0400] {logging_mixin.py:188} INFO - [2024-07-01T10:17:15.141-0400] {dagbag.py:545} INFO - Filling up the DagBag from /Users/christophercunningham/airflow_workspace/data-flow/data_flow_env/lib/python3.12/site-packages/airflow/example_dags/example_display_name.py
[2024-07-01T10:17:15.172-0400] {processor.py:840} INFO - DAG(s) 'example_display_name' retrieved from /Users/christophercunningham/airflow_workspace/data-flow/data_flow_env/lib/python3.12/site-packages/airflow/example_dags/example_display_name.py
[2024-07-01T10:17:15.260-0400] {logging_mixin.py:188} INFO - [2024-07-01T10:17:15.260-0400] {dag.py:3096} INFO - Sync 1 DAGs
[2024-07-01T10:17:15.269-0400] {logging_mixin.py:188} INFO - [2024-07-01T10:17:15.269-0400] {dag.py:3954} INFO - Setting next_dagrun for example_display_name to None, run_after=None
[2024-07-01T10:17:15.284-0400] {processor.py:183} INFO - Processing /Users/christophercunningham/airflow_workspace/data-flow/data_flow_env/lib/python3.12/site-packages/airflow/example_dags/example_display_name.py took 0.149 seconds
