[2024-07-01T09:32:37.046-0400] {processor.py:161} INFO - Started process (PID=13965) to work on /Users/christophercunningham/airflow_workspace/data-flow/data_flow_env/lib/python3.12/site-packages/airflow/example_dags/example_latest_only_with_trigger.py
[2024-07-01T09:32:37.047-0400] {processor.py:830} INFO - Processing file /Users/christophercunningham/airflow_workspace/data-flow/data_flow_env/lib/python3.12/site-packages/airflow/example_dags/example_latest_only_with_trigger.py for tasks to queue
[2024-07-01T09:32:37.048-0400] {logging_mixin.py:188} INFO - [2024-07-01T09:32:37.048-0400] {dagbag.py:545} INFO - Filling up the DagBag from /Users/christophercunningham/airflow_workspace/data-flow/data_flow_env/lib/python3.12/site-packages/airflow/example_dags/example_latest_only_with_trigger.py
[2024-07-01T09:32:37.055-0400] {processor.py:840} INFO - DAG(s) 'latest_only_with_trigger' retrieved from /Users/christophercunningham/airflow_workspace/data-flow/data_flow_env/lib/python3.12/site-packages/airflow/example_dags/example_latest_only_with_trigger.py
[2024-07-01T09:32:37.194-0400] {logging_mixin.py:188} INFO - [2024-07-01T09:32:37.194-0400] {dag.py:3096} INFO - Sync 1 DAGs
[2024-07-01T09:32:37.206-0400] {logging_mixin.py:188} INFO - [2024-07-01T09:32:37.206-0400] {dag.py:3954} INFO - Setting next_dagrun for latest_only_with_trigger to 2024-07-01 08:00:00+00:00, run_after=2024-07-01 12:00:00+00:00
[2024-07-01T09:32:37.262-0400] {processor.py:183} INFO - Processing /Users/christophercunningham/airflow_workspace/data-flow/data_flow_env/lib/python3.12/site-packages/airflow/example_dags/example_latest_only_with_trigger.py took 0.219 seconds
[2024-07-01T09:34:50.695-0400] {processor.py:161} INFO - Started process (PID=14197) to work on /Users/christophercunningham/airflow_workspace/data-flow/data_flow_env/lib/python3.12/site-packages/airflow/example_dags/example_latest_only_with_trigger.py
[2024-07-01T09:34:50.697-0400] {processor.py:830} INFO - Processing file /Users/christophercunningham/airflow_workspace/data-flow/data_flow_env/lib/python3.12/site-packages/airflow/example_dags/example_latest_only_with_trigger.py for tasks to queue
[2024-07-01T09:34:50.697-0400] {logging_mixin.py:188} INFO - [2024-07-01T09:34:50.697-0400] {dagbag.py:545} INFO - Filling up the DagBag from /Users/christophercunningham/airflow_workspace/data-flow/data_flow_env/lib/python3.12/site-packages/airflow/example_dags/example_latest_only_with_trigger.py
[2024-07-01T09:34:50.704-0400] {processor.py:840} INFO - DAG(s) 'latest_only_with_trigger' retrieved from /Users/christophercunningham/airflow_workspace/data-flow/data_flow_env/lib/python3.12/site-packages/airflow/example_dags/example_latest_only_with_trigger.py
[2024-07-01T09:34:50.779-0400] {logging_mixin.py:188} INFO - [2024-07-01T09:34:50.779-0400] {dag.py:3096} INFO - Sync 1 DAGs
[2024-07-01T09:34:50.790-0400] {logging_mixin.py:188} INFO - [2024-07-01T09:34:50.790-0400] {dag.py:3954} INFO - Setting next_dagrun for latest_only_with_trigger to 2024-07-01 08:00:00+00:00, run_after=2024-07-01 12:00:00+00:00
[2024-07-01T09:34:50.803-0400] {processor.py:183} INFO - Processing /Users/christophercunningham/airflow_workspace/data-flow/data_flow_env/lib/python3.12/site-packages/airflow/example_dags/example_latest_only_with_trigger.py took 0.113 seconds
[2024-07-01T09:38:17.982-0400] {processor.py:161} INFO - Started process (PID=14515) to work on /Users/christophercunningham/airflow_workspace/data-flow/data_flow_env/lib/python3.12/site-packages/airflow/example_dags/example_latest_only_with_trigger.py
[2024-07-01T09:38:17.983-0400] {processor.py:830} INFO - Processing file /Users/christophercunningham/airflow_workspace/data-flow/data_flow_env/lib/python3.12/site-packages/airflow/example_dags/example_latest_only_with_trigger.py for tasks to queue
[2024-07-01T09:38:17.984-0400] {logging_mixin.py:188} INFO - [2024-07-01T09:38:17.984-0400] {dagbag.py:545} INFO - Filling up the DagBag from /Users/christophercunningham/airflow_workspace/data-flow/data_flow_env/lib/python3.12/site-packages/airflow/example_dags/example_latest_only_with_trigger.py
[2024-07-01T09:38:17.990-0400] {processor.py:840} INFO - DAG(s) 'latest_only_with_trigger' retrieved from /Users/christophercunningham/airflow_workspace/data-flow/data_flow_env/lib/python3.12/site-packages/airflow/example_dags/example_latest_only_with_trigger.py
[2024-07-01T09:38:18.070-0400] {logging_mixin.py:188} INFO - [2024-07-01T09:38:18.069-0400] {dag.py:3096} INFO - Sync 1 DAGs
[2024-07-01T09:38:18.081-0400] {logging_mixin.py:188} INFO - [2024-07-01T09:38:18.081-0400] {dag.py:3954} INFO - Setting next_dagrun for latest_only_with_trigger to 2024-07-01 08:00:00+00:00, run_after=2024-07-01 12:00:00+00:00
[2024-07-01T09:38:18.094-0400] {processor.py:183} INFO - Processing /Users/christophercunningham/airflow_workspace/data-flow/data_flow_env/lib/python3.12/site-packages/airflow/example_dags/example_latest_only_with_trigger.py took 0.117 seconds
[2024-07-01T09:41:47.920-0400] {processor.py:161} INFO - Started process (PID=14898) to work on /Users/christophercunningham/airflow_workspace/data-flow/data_flow_env/lib/python3.12/site-packages/airflow/example_dags/example_latest_only_with_trigger.py
[2024-07-01T09:41:47.921-0400] {processor.py:830} INFO - Processing file /Users/christophercunningham/airflow_workspace/data-flow/data_flow_env/lib/python3.12/site-packages/airflow/example_dags/example_latest_only_with_trigger.py for tasks to queue
[2024-07-01T09:41:47.922-0400] {logging_mixin.py:188} INFO - [2024-07-01T09:41:47.922-0400] {dagbag.py:545} INFO - Filling up the DagBag from /Users/christophercunningham/airflow_workspace/data-flow/data_flow_env/lib/python3.12/site-packages/airflow/example_dags/example_latest_only_with_trigger.py
[2024-07-01T09:41:47.929-0400] {processor.py:840} INFO - DAG(s) 'latest_only_with_trigger' retrieved from /Users/christophercunningham/airflow_workspace/data-flow/data_flow_env/lib/python3.12/site-packages/airflow/example_dags/example_latest_only_with_trigger.py
[2024-07-01T09:41:48.006-0400] {logging_mixin.py:188} INFO - [2024-07-01T09:41:48.006-0400] {dag.py:3096} INFO - Sync 1 DAGs
[2024-07-01T09:41:48.017-0400] {logging_mixin.py:188} INFO - [2024-07-01T09:41:48.017-0400] {dag.py:3954} INFO - Setting next_dagrun for latest_only_with_trigger to 2024-07-01 08:00:00+00:00, run_after=2024-07-01 12:00:00+00:00
[2024-07-01T09:41:48.030-0400] {processor.py:183} INFO - Processing /Users/christophercunningham/airflow_workspace/data-flow/data_flow_env/lib/python3.12/site-packages/airflow/example_dags/example_latest_only_with_trigger.py took 0.115 seconds
[2024-07-01T09:45:27.691-0400] {processor.py:161} INFO - Started process (PID=15240) to work on /Users/christophercunningham/airflow_workspace/data-flow/data_flow_env/lib/python3.12/site-packages/airflow/example_dags/example_latest_only_with_trigger.py
[2024-07-01T09:45:27.692-0400] {processor.py:830} INFO - Processing file /Users/christophercunningham/airflow_workspace/data-flow/data_flow_env/lib/python3.12/site-packages/airflow/example_dags/example_latest_only_with_trigger.py for tasks to queue
[2024-07-01T09:45:27.692-0400] {logging_mixin.py:188} INFO - [2024-07-01T09:45:27.692-0400] {dagbag.py:545} INFO - Filling up the DagBag from /Users/christophercunningham/airflow_workspace/data-flow/data_flow_env/lib/python3.12/site-packages/airflow/example_dags/example_latest_only_with_trigger.py
[2024-07-01T09:45:27.699-0400] {processor.py:840} INFO - DAG(s) 'latest_only_with_trigger' retrieved from /Users/christophercunningham/airflow_workspace/data-flow/data_flow_env/lib/python3.12/site-packages/airflow/example_dags/example_latest_only_with_trigger.py
[2024-07-01T09:45:27.778-0400] {logging_mixin.py:188} INFO - [2024-07-01T09:45:27.778-0400] {dag.py:3096} INFO - Sync 1 DAGs
[2024-07-01T09:45:27.789-0400] {logging_mixin.py:188} INFO - [2024-07-01T09:45:27.789-0400] {dag.py:3954} INFO - Setting next_dagrun for latest_only_with_trigger to 2024-07-01 08:00:00+00:00, run_after=2024-07-01 12:00:00+00:00
[2024-07-01T09:45:27.802-0400] {processor.py:183} INFO - Processing /Users/christophercunningham/airflow_workspace/data-flow/data_flow_env/lib/python3.12/site-packages/airflow/example_dags/example_latest_only_with_trigger.py took 0.116 seconds
[2024-07-01T09:49:01.641-0400] {processor.py:161} INFO - Started process (PID=15556) to work on /Users/christophercunningham/airflow_workspace/data-flow/data_flow_env/lib/python3.12/site-packages/airflow/example_dags/example_latest_only_with_trigger.py
[2024-07-01T09:49:01.642-0400] {processor.py:830} INFO - Processing file /Users/christophercunningham/airflow_workspace/data-flow/data_flow_env/lib/python3.12/site-packages/airflow/example_dags/example_latest_only_with_trigger.py for tasks to queue
[2024-07-01T09:49:01.643-0400] {logging_mixin.py:188} INFO - [2024-07-01T09:49:01.643-0400] {dagbag.py:545} INFO - Filling up the DagBag from /Users/christophercunningham/airflow_workspace/data-flow/data_flow_env/lib/python3.12/site-packages/airflow/example_dags/example_latest_only_with_trigger.py
[2024-07-01T09:49:01.649-0400] {processor.py:840} INFO - DAG(s) 'latest_only_with_trigger' retrieved from /Users/christophercunningham/airflow_workspace/data-flow/data_flow_env/lib/python3.12/site-packages/airflow/example_dags/example_latest_only_with_trigger.py
[2024-07-01T09:49:01.731-0400] {logging_mixin.py:188} INFO - [2024-07-01T09:49:01.731-0400] {dag.py:3096} INFO - Sync 1 DAGs
[2024-07-01T09:49:01.743-0400] {logging_mixin.py:188} INFO - [2024-07-01T09:49:01.742-0400] {dag.py:3954} INFO - Setting next_dagrun for latest_only_with_trigger to 2024-07-01 08:00:00+00:00, run_after=2024-07-01 12:00:00+00:00
[2024-07-01T09:49:01.756-0400] {processor.py:183} INFO - Processing /Users/christophercunningham/airflow_workspace/data-flow/data_flow_env/lib/python3.12/site-packages/airflow/example_dags/example_latest_only_with_trigger.py took 0.118 seconds
[2024-07-01T09:52:36.632-0400] {processor.py:161} INFO - Started process (PID=15934) to work on /Users/christophercunningham/airflow_workspace/data-flow/data_flow_env/lib/python3.12/site-packages/airflow/example_dags/example_latest_only_with_trigger.py
[2024-07-01T09:52:36.633-0400] {processor.py:830} INFO - Processing file /Users/christophercunningham/airflow_workspace/data-flow/data_flow_env/lib/python3.12/site-packages/airflow/example_dags/example_latest_only_with_trigger.py for tasks to queue
[2024-07-01T09:52:36.633-0400] {logging_mixin.py:188} INFO - [2024-07-01T09:52:36.633-0400] {dagbag.py:545} INFO - Filling up the DagBag from /Users/christophercunningham/airflow_workspace/data-flow/data_flow_env/lib/python3.12/site-packages/airflow/example_dags/example_latest_only_with_trigger.py
[2024-07-01T09:52:36.641-0400] {processor.py:840} INFO - DAG(s) 'latest_only_with_trigger' retrieved from /Users/christophercunningham/airflow_workspace/data-flow/data_flow_env/lib/python3.12/site-packages/airflow/example_dags/example_latest_only_with_trigger.py
[2024-07-01T09:52:36.727-0400] {logging_mixin.py:188} INFO - [2024-07-01T09:52:36.727-0400] {dag.py:3096} INFO - Sync 1 DAGs
[2024-07-01T09:52:36.738-0400] {logging_mixin.py:188} INFO - [2024-07-01T09:52:36.738-0400] {dag.py:3954} INFO - Setting next_dagrun for latest_only_with_trigger to 2024-07-01 08:00:00+00:00, run_after=2024-07-01 12:00:00+00:00
[2024-07-01T09:52:36.751-0400] {processor.py:183} INFO - Processing /Users/christophercunningham/airflow_workspace/data-flow/data_flow_env/lib/python3.12/site-packages/airflow/example_dags/example_latest_only_with_trigger.py took 0.123 seconds
[2024-07-01T09:55:58.155-0400] {processor.py:161} INFO - Started process (PID=16346) to work on /Users/christophercunningham/airflow_workspace/data-flow/data_flow_env/lib/python3.12/site-packages/airflow/example_dags/example_latest_only_with_trigger.py
[2024-07-01T09:55:58.157-0400] {processor.py:830} INFO - Processing file /Users/christophercunningham/airflow_workspace/data-flow/data_flow_env/lib/python3.12/site-packages/airflow/example_dags/example_latest_only_with_trigger.py for tasks to queue
[2024-07-01T09:55:58.157-0400] {logging_mixin.py:188} INFO - [2024-07-01T09:55:58.157-0400] {dagbag.py:545} INFO - Filling up the DagBag from /Users/christophercunningham/airflow_workspace/data-flow/data_flow_env/lib/python3.12/site-packages/airflow/example_dags/example_latest_only_with_trigger.py
[2024-07-01T09:55:58.164-0400] {processor.py:840} INFO - DAG(s) 'latest_only_with_trigger' retrieved from /Users/christophercunningham/airflow_workspace/data-flow/data_flow_env/lib/python3.12/site-packages/airflow/example_dags/example_latest_only_with_trigger.py
[2024-07-01T09:55:58.238-0400] {logging_mixin.py:188} INFO - [2024-07-01T09:55:58.238-0400] {dag.py:3096} INFO - Sync 1 DAGs
[2024-07-01T09:55:58.249-0400] {logging_mixin.py:188} INFO - [2024-07-01T09:55:58.249-0400] {dag.py:3954} INFO - Setting next_dagrun for latest_only_with_trigger to 2024-07-01 08:00:00+00:00, run_after=2024-07-01 12:00:00+00:00
[2024-07-01T09:55:58.261-0400] {processor.py:183} INFO - Processing /Users/christophercunningham/airflow_workspace/data-flow/data_flow_env/lib/python3.12/site-packages/airflow/example_dags/example_latest_only_with_trigger.py took 0.110 seconds
[2024-07-01T09:59:20.717-0400] {processor.py:161} INFO - Started process (PID=16783) to work on /Users/christophercunningham/airflow_workspace/data-flow/data_flow_env/lib/python3.12/site-packages/airflow/example_dags/example_latest_only_with_trigger.py
[2024-07-01T09:59:20.718-0400] {processor.py:830} INFO - Processing file /Users/christophercunningham/airflow_workspace/data-flow/data_flow_env/lib/python3.12/site-packages/airflow/example_dags/example_latest_only_with_trigger.py for tasks to queue
[2024-07-01T09:59:20.718-0400] {logging_mixin.py:188} INFO - [2024-07-01T09:59:20.718-0400] {dagbag.py:545} INFO - Filling up the DagBag from /Users/christophercunningham/airflow_workspace/data-flow/data_flow_env/lib/python3.12/site-packages/airflow/example_dags/example_latest_only_with_trigger.py
[2024-07-01T09:59:20.726-0400] {processor.py:840} INFO - DAG(s) 'latest_only_with_trigger' retrieved from /Users/christophercunningham/airflow_workspace/data-flow/data_flow_env/lib/python3.12/site-packages/airflow/example_dags/example_latest_only_with_trigger.py
[2024-07-01T09:59:20.808-0400] {logging_mixin.py:188} INFO - [2024-07-01T09:59:20.808-0400] {dag.py:3096} INFO - Sync 1 DAGs
[2024-07-01T09:59:20.820-0400] {logging_mixin.py:188} INFO - [2024-07-01T09:59:20.819-0400] {dag.py:3954} INFO - Setting next_dagrun for latest_only_with_trigger to 2024-07-01 08:00:00+00:00, run_after=2024-07-01 12:00:00+00:00
[2024-07-01T09:59:20.835-0400] {processor.py:183} INFO - Processing /Users/christophercunningham/airflow_workspace/data-flow/data_flow_env/lib/python3.12/site-packages/airflow/example_dags/example_latest_only_with_trigger.py took 0.123 seconds
[2024-07-01T10:02:47.056-0400] {processor.py:161} INFO - Started process (PID=17248) to work on /Users/christophercunningham/airflow_workspace/data-flow/data_flow_env/lib/python3.12/site-packages/airflow/example_dags/example_latest_only_with_trigger.py
[2024-07-01T10:02:47.057-0400] {processor.py:830} INFO - Processing file /Users/christophercunningham/airflow_workspace/data-flow/data_flow_env/lib/python3.12/site-packages/airflow/example_dags/example_latest_only_with_trigger.py for tasks to queue
[2024-07-01T10:02:47.058-0400] {logging_mixin.py:188} INFO - [2024-07-01T10:02:47.058-0400] {dagbag.py:545} INFO - Filling up the DagBag from /Users/christophercunningham/airflow_workspace/data-flow/data_flow_env/lib/python3.12/site-packages/airflow/example_dags/example_latest_only_with_trigger.py
[2024-07-01T10:02:47.064-0400] {processor.py:840} INFO - DAG(s) 'latest_only_with_trigger' retrieved from /Users/christophercunningham/airflow_workspace/data-flow/data_flow_env/lib/python3.12/site-packages/airflow/example_dags/example_latest_only_with_trigger.py
[2024-07-01T10:02:47.140-0400] {logging_mixin.py:188} INFO - [2024-07-01T10:02:47.140-0400] {dag.py:3096} INFO - Sync 1 DAGs
[2024-07-01T10:02:47.152-0400] {logging_mixin.py:188} INFO - [2024-07-01T10:02:47.152-0400] {dag.py:3954} INFO - Setting next_dagrun for latest_only_with_trigger to 2024-07-01 08:00:00+00:00, run_after=2024-07-01 12:00:00+00:00
[2024-07-01T10:02:47.165-0400] {processor.py:183} INFO - Processing /Users/christophercunningham/airflow_workspace/data-flow/data_flow_env/lib/python3.12/site-packages/airflow/example_dags/example_latest_only_with_trigger.py took 0.114 seconds
[2024-07-01T10:06:27.464-0400] {processor.py:161} INFO - Started process (PID=17702) to work on /Users/christophercunningham/airflow_workspace/data-flow/data_flow_env/lib/python3.12/site-packages/airflow/example_dags/example_latest_only_with_trigger.py
[2024-07-01T10:06:27.465-0400] {processor.py:830} INFO - Processing file /Users/christophercunningham/airflow_workspace/data-flow/data_flow_env/lib/python3.12/site-packages/airflow/example_dags/example_latest_only_with_trigger.py for tasks to queue
[2024-07-01T10:06:27.466-0400] {logging_mixin.py:188} INFO - [2024-07-01T10:06:27.465-0400] {dagbag.py:545} INFO - Filling up the DagBag from /Users/christophercunningham/airflow_workspace/data-flow/data_flow_env/lib/python3.12/site-packages/airflow/example_dags/example_latest_only_with_trigger.py
[2024-07-01T10:06:27.473-0400] {processor.py:840} INFO - DAG(s) 'latest_only_with_trigger' retrieved from /Users/christophercunningham/airflow_workspace/data-flow/data_flow_env/lib/python3.12/site-packages/airflow/example_dags/example_latest_only_with_trigger.py
[2024-07-01T10:06:27.559-0400] {logging_mixin.py:188} INFO - [2024-07-01T10:06:27.559-0400] {dag.py:3096} INFO - Sync 1 DAGs
[2024-07-01T10:06:27.572-0400] {logging_mixin.py:188} INFO - [2024-07-01T10:06:27.572-0400] {dag.py:3954} INFO - Setting next_dagrun for latest_only_with_trigger to 2024-07-01 08:00:00+00:00, run_after=2024-07-01 12:00:00+00:00
[2024-07-01T10:06:27.589-0400] {processor.py:183} INFO - Processing /Users/christophercunningham/airflow_workspace/data-flow/data_flow_env/lib/python3.12/site-packages/airflow/example_dags/example_latest_only_with_trigger.py took 0.128 seconds
[2024-07-01T10:10:02.774-0400] {processor.py:161} INFO - Started process (PID=18160) to work on /Users/christophercunningham/airflow_workspace/data-flow/data_flow_env/lib/python3.12/site-packages/airflow/example_dags/example_latest_only_with_trigger.py
[2024-07-01T10:10:02.775-0400] {processor.py:830} INFO - Processing file /Users/christophercunningham/airflow_workspace/data-flow/data_flow_env/lib/python3.12/site-packages/airflow/example_dags/example_latest_only_with_trigger.py for tasks to queue
[2024-07-01T10:10:02.776-0400] {logging_mixin.py:188} INFO - [2024-07-01T10:10:02.775-0400] {dagbag.py:545} INFO - Filling up the DagBag from /Users/christophercunningham/airflow_workspace/data-flow/data_flow_env/lib/python3.12/site-packages/airflow/example_dags/example_latest_only_with_trigger.py
[2024-07-01T10:10:02.783-0400] {processor.py:840} INFO - DAG(s) 'latest_only_with_trigger' retrieved from /Users/christophercunningham/airflow_workspace/data-flow/data_flow_env/lib/python3.12/site-packages/airflow/example_dags/example_latest_only_with_trigger.py
[2024-07-01T10:10:02.862-0400] {logging_mixin.py:188} INFO - [2024-07-01T10:10:02.861-0400] {dag.py:3096} INFO - Sync 1 DAGs
[2024-07-01T10:10:02.873-0400] {logging_mixin.py:188} INFO - [2024-07-01T10:10:02.873-0400] {dag.py:3954} INFO - Setting next_dagrun for latest_only_with_trigger to 2024-07-01 08:00:00+00:00, run_after=2024-07-01 12:00:00+00:00
[2024-07-01T10:10:02.885-0400] {processor.py:183} INFO - Processing /Users/christophercunningham/airflow_workspace/data-flow/data_flow_env/lib/python3.12/site-packages/airflow/example_dags/example_latest_only_with_trigger.py took 0.116 seconds
[2024-07-01T10:13:22.837-0400] {processor.py:161} INFO - Started process (PID=18630) to work on /Users/christophercunningham/airflow_workspace/data-flow/data_flow_env/lib/python3.12/site-packages/airflow/example_dags/example_latest_only_with_trigger.py
[2024-07-01T10:13:22.838-0400] {processor.py:830} INFO - Processing file /Users/christophercunningham/airflow_workspace/data-flow/data_flow_env/lib/python3.12/site-packages/airflow/example_dags/example_latest_only_with_trigger.py for tasks to queue
[2024-07-01T10:13:22.839-0400] {logging_mixin.py:188} INFO - [2024-07-01T10:13:22.839-0400] {dagbag.py:545} INFO - Filling up the DagBag from /Users/christophercunningham/airflow_workspace/data-flow/data_flow_env/lib/python3.12/site-packages/airflow/example_dags/example_latest_only_with_trigger.py
[2024-07-01T10:13:22.845-0400] {processor.py:840} INFO - DAG(s) 'latest_only_with_trigger' retrieved from /Users/christophercunningham/airflow_workspace/data-flow/data_flow_env/lib/python3.12/site-packages/airflow/example_dags/example_latest_only_with_trigger.py
[2024-07-01T10:13:22.920-0400] {logging_mixin.py:188} INFO - [2024-07-01T10:13:22.920-0400] {dag.py:3096} INFO - Sync 1 DAGs
[2024-07-01T10:13:22.932-0400] {logging_mixin.py:188} INFO - [2024-07-01T10:13:22.931-0400] {dag.py:3954} INFO - Setting next_dagrun for latest_only_with_trigger to 2024-07-01 08:00:00+00:00, run_after=2024-07-01 12:00:00+00:00
[2024-07-01T10:13:22.945-0400] {processor.py:183} INFO - Processing /Users/christophercunningham/airflow_workspace/data-flow/data_flow_env/lib/python3.12/site-packages/airflow/example_dags/example_latest_only_with_trigger.py took 0.112 seconds
[2024-07-01T10:16:58.779-0400] {processor.py:161} INFO - Started process (PID=19103) to work on /Users/christophercunningham/airflow_workspace/data-flow/data_flow_env/lib/python3.12/site-packages/airflow/example_dags/example_latest_only_with_trigger.py
[2024-07-01T10:16:58.781-0400] {processor.py:830} INFO - Processing file /Users/christophercunningham/airflow_workspace/data-flow/data_flow_env/lib/python3.12/site-packages/airflow/example_dags/example_latest_only_with_trigger.py for tasks to queue
[2024-07-01T10:16:58.782-0400] {logging_mixin.py:188} INFO - [2024-07-01T10:16:58.782-0400] {dagbag.py:545} INFO - Filling up the DagBag from /Users/christophercunningham/airflow_workspace/data-flow/data_flow_env/lib/python3.12/site-packages/airflow/example_dags/example_latest_only_with_trigger.py
[2024-07-01T10:16:58.793-0400] {processor.py:840} INFO - DAG(s) 'latest_only_with_trigger' retrieved from /Users/christophercunningham/airflow_workspace/data-flow/data_flow_env/lib/python3.12/site-packages/airflow/example_dags/example_latest_only_with_trigger.py
[2024-07-01T10:16:58.904-0400] {logging_mixin.py:188} INFO - [2024-07-01T10:16:58.904-0400] {dag.py:3096} INFO - Sync 1 DAGs
[2024-07-01T10:16:58.917-0400] {logging_mixin.py:188} INFO - [2024-07-01T10:16:58.917-0400] {dag.py:3954} INFO - Setting next_dagrun for latest_only_with_trigger to 2024-07-01 08:00:00+00:00, run_after=2024-07-01 12:00:00+00:00
[2024-07-01T10:16:58.934-0400] {processor.py:183} INFO - Processing /Users/christophercunningham/airflow_workspace/data-flow/data_flow_env/lib/python3.12/site-packages/airflow/example_dags/example_latest_only_with_trigger.py took 0.160 seconds
[2024-07-01T10:40:12.602-0400] {processor.py:161} INFO - Started process (PID=21302) to work on /Users/christophercunningham/airflow_workspace/data-flow/data_flow_env/lib/python3.12/site-packages/airflow/example_dags/example_latest_only_with_trigger.py
[2024-07-01T10:40:12.603-0400] {processor.py:830} INFO - Processing file /Users/christophercunningham/airflow_workspace/data-flow/data_flow_env/lib/python3.12/site-packages/airflow/example_dags/example_latest_only_with_trigger.py for tasks to queue
[2024-07-01T10:40:12.604-0400] {logging_mixin.py:188} INFO - [2024-07-01T10:40:12.603-0400] {dagbag.py:545} INFO - Filling up the DagBag from /Users/christophercunningham/airflow_workspace/data-flow/data_flow_env/lib/python3.12/site-packages/airflow/example_dags/example_latest_only_with_trigger.py
[2024-07-01T10:40:12.611-0400] {processor.py:840} INFO - DAG(s) 'latest_only_with_trigger' retrieved from /Users/christophercunningham/airflow_workspace/data-flow/data_flow_env/lib/python3.12/site-packages/airflow/example_dags/example_latest_only_with_trigger.py
[2024-07-01T10:40:12.768-0400] {logging_mixin.py:188} INFO - [2024-07-01T10:40:12.768-0400] {dag.py:3096} INFO - Sync 1 DAGs
[2024-07-01T10:40:12.785-0400] {logging_mixin.py:188} INFO - [2024-07-01T10:40:12.785-0400] {dag.py:3954} INFO - Setting next_dagrun for latest_only_with_trigger to 2024-07-01 08:00:00+00:00, run_after=2024-07-01 12:00:00+00:00
[2024-07-01T10:40:12.839-0400] {processor.py:183} INFO - Processing /Users/christophercunningham/airflow_workspace/data-flow/data_flow_env/lib/python3.12/site-packages/airflow/example_dags/example_latest_only_with_trigger.py took 0.241 seconds
