[2024-07-01T09:31:47.136-0400] {processor.py:161} INFO - Started process (PID=13859) to work on /Users/christophercunningham/airflow_workspace/data-flow/data_flow_env/lib/python3.12/site-packages/airflow/example_dags/example_task_group_decorator.py
[2024-07-01T09:31:47.137-0400] {processor.py:830} INFO - Processing file /Users/christophercunningham/airflow_workspace/data-flow/data_flow_env/lib/python3.12/site-packages/airflow/example_dags/example_task_group_decorator.py for tasks to queue
[2024-07-01T09:31:47.138-0400] {logging_mixin.py:188} INFO - [2024-07-01T09:31:47.138-0400] {dagbag.py:545} INFO - Filling up the DagBag from /Users/christophercunningham/airflow_workspace/data-flow/data_flow_env/lib/python3.12/site-packages/airflow/example_dags/example_task_group_decorator.py
[2024-07-01T09:31:47.177-0400] {processor.py:840} INFO - DAG(s) 'example_task_group_decorator' retrieved from /Users/christophercunningham/airflow_workspace/data-flow/data_flow_env/lib/python3.12/site-packages/airflow/example_dags/example_task_group_decorator.py
[2024-07-01T09:31:47.383-0400] {logging_mixin.py:188} INFO - [2024-07-01T09:31:47.383-0400] {dag.py:3096} INFO - Sync 1 DAGs
[2024-07-01T09:31:47.398-0400] {logging_mixin.py:188} INFO - [2024-07-01T09:31:47.397-0400] {dag.py:3954} INFO - Setting next_dagrun for example_task_group_decorator to 2024-06-30 00:00:00+00:00, run_after=2024-07-01 00:00:00+00:00
[2024-07-01T09:31:47.413-0400] {processor.py:183} INFO - Processing /Users/christophercunningham/airflow_workspace/data-flow/data_flow_env/lib/python3.12/site-packages/airflow/example_dags/example_task_group_decorator.py took 0.282 seconds
[2024-07-01T09:34:05.601-0400] {processor.py:161} INFO - Started process (PID=14133) to work on /Users/christophercunningham/airflow_workspace/data-flow/data_flow_env/lib/python3.12/site-packages/airflow/example_dags/example_task_group_decorator.py
[2024-07-01T09:34:05.602-0400] {processor.py:830} INFO - Processing file /Users/christophercunningham/airflow_workspace/data-flow/data_flow_env/lib/python3.12/site-packages/airflow/example_dags/example_task_group_decorator.py for tasks to queue
[2024-07-01T09:34:05.603-0400] {logging_mixin.py:188} INFO - [2024-07-01T09:34:05.603-0400] {dagbag.py:545} INFO - Filling up the DagBag from /Users/christophercunningham/airflow_workspace/data-flow/data_flow_env/lib/python3.12/site-packages/airflow/example_dags/example_task_group_decorator.py
[2024-07-01T09:34:05.641-0400] {processor.py:840} INFO - DAG(s) 'example_task_group_decorator' retrieved from /Users/christophercunningham/airflow_workspace/data-flow/data_flow_env/lib/python3.12/site-packages/airflow/example_dags/example_task_group_decorator.py
[2024-07-01T09:34:05.732-0400] {logging_mixin.py:188} INFO - [2024-07-01T09:34:05.732-0400] {dag.py:3096} INFO - Sync 1 DAGs
[2024-07-01T09:34:05.746-0400] {logging_mixin.py:188} INFO - [2024-07-01T09:34:05.746-0400] {dag.py:3954} INFO - Setting next_dagrun for example_task_group_decorator to 2024-06-30 00:00:00+00:00, run_after=2024-07-01 00:00:00+00:00
[2024-07-01T09:34:05.760-0400] {processor.py:183} INFO - Processing /Users/christophercunningham/airflow_workspace/data-flow/data_flow_env/lib/python3.12/site-packages/airflow/example_dags/example_task_group_decorator.py took 0.163 seconds
[2024-07-01T09:35:48.019-0400] {processor.py:161} INFO - Started process (PID=14281) to work on /Users/christophercunningham/airflow_workspace/data-flow/data_flow_env/lib/python3.12/site-packages/airflow/example_dags/example_task_group_decorator.py
[2024-07-01T09:35:48.021-0400] {processor.py:830} INFO - Processing file /Users/christophercunningham/airflow_workspace/data-flow/data_flow_env/lib/python3.12/site-packages/airflow/example_dags/example_task_group_decorator.py for tasks to queue
[2024-07-01T09:35:48.021-0400] {logging_mixin.py:188} INFO - [2024-07-01T09:35:48.021-0400] {dagbag.py:545} INFO - Filling up the DagBag from /Users/christophercunningham/airflow_workspace/data-flow/data_flow_env/lib/python3.12/site-packages/airflow/example_dags/example_task_group_decorator.py
[2024-07-01T09:35:48.055-0400] {processor.py:840} INFO - DAG(s) 'example_task_group_decorator' retrieved from /Users/christophercunningham/airflow_workspace/data-flow/data_flow_env/lib/python3.12/site-packages/airflow/example_dags/example_task_group_decorator.py
[2024-07-01T09:35:48.132-0400] {logging_mixin.py:188} INFO - [2024-07-01T09:35:48.132-0400] {dag.py:3096} INFO - Sync 1 DAGs
[2024-07-01T09:35:48.144-0400] {logging_mixin.py:188} INFO - [2024-07-01T09:35:48.144-0400] {dag.py:3954} INFO - Setting next_dagrun for example_task_group_decorator to 2024-06-30 00:00:00+00:00, run_after=2024-07-01 00:00:00+00:00
[2024-07-01T09:35:48.156-0400] {processor.py:183} INFO - Processing /Users/christophercunningham/airflow_workspace/data-flow/data_flow_env/lib/python3.12/site-packages/airflow/example_dags/example_task_group_decorator.py took 0.142 seconds
[2024-07-01T09:37:33.232-0400] {processor.py:161} INFO - Started process (PID=14451) to work on /Users/christophercunningham/airflow_workspace/data-flow/data_flow_env/lib/python3.12/site-packages/airflow/example_dags/example_task_group_decorator.py
[2024-07-01T09:37:33.233-0400] {processor.py:830} INFO - Processing file /Users/christophercunningham/airflow_workspace/data-flow/data_flow_env/lib/python3.12/site-packages/airflow/example_dags/example_task_group_decorator.py for tasks to queue
[2024-07-01T09:37:33.234-0400] {logging_mixin.py:188} INFO - [2024-07-01T09:37:33.234-0400] {dagbag.py:545} INFO - Filling up the DagBag from /Users/christophercunningham/airflow_workspace/data-flow/data_flow_env/lib/python3.12/site-packages/airflow/example_dags/example_task_group_decorator.py
[2024-07-01T09:37:33.268-0400] {processor.py:840} INFO - DAG(s) 'example_task_group_decorator' retrieved from /Users/christophercunningham/airflow_workspace/data-flow/data_flow_env/lib/python3.12/site-packages/airflow/example_dags/example_task_group_decorator.py
[2024-07-01T09:37:33.344-0400] {logging_mixin.py:188} INFO - [2024-07-01T09:37:33.343-0400] {dag.py:3096} INFO - Sync 1 DAGs
[2024-07-01T09:37:33.355-0400] {logging_mixin.py:188} INFO - [2024-07-01T09:37:33.355-0400] {dag.py:3954} INFO - Setting next_dagrun for example_task_group_decorator to 2024-06-30 00:00:00+00:00, run_after=2024-07-01 00:00:00+00:00
[2024-07-01T09:37:33.368-0400] {processor.py:183} INFO - Processing /Users/christophercunningham/airflow_workspace/data-flow/data_flow_env/lib/python3.12/site-packages/airflow/example_dags/example_task_group_decorator.py took 0.140 seconds
[2024-07-01T09:39:21.411-0400] {processor.py:161} INFO - Started process (PID=14619) to work on /Users/christophercunningham/airflow_workspace/data-flow/data_flow_env/lib/python3.12/site-packages/airflow/example_dags/example_task_group_decorator.py
[2024-07-01T09:39:21.413-0400] {processor.py:830} INFO - Processing file /Users/christophercunningham/airflow_workspace/data-flow/data_flow_env/lib/python3.12/site-packages/airflow/example_dags/example_task_group_decorator.py for tasks to queue
[2024-07-01T09:39:21.413-0400] {logging_mixin.py:188} INFO - [2024-07-01T09:39:21.413-0400] {dagbag.py:545} INFO - Filling up the DagBag from /Users/christophercunningham/airflow_workspace/data-flow/data_flow_env/lib/python3.12/site-packages/airflow/example_dags/example_task_group_decorator.py
[2024-07-01T09:39:21.449-0400] {processor.py:840} INFO - DAG(s) 'example_task_group_decorator' retrieved from /Users/christophercunningham/airflow_workspace/data-flow/data_flow_env/lib/python3.12/site-packages/airflow/example_dags/example_task_group_decorator.py
[2024-07-01T09:39:21.529-0400] {logging_mixin.py:188} INFO - [2024-07-01T09:39:21.529-0400] {dag.py:3096} INFO - Sync 1 DAGs
[2024-07-01T09:39:21.543-0400] {logging_mixin.py:188} INFO - [2024-07-01T09:39:21.542-0400] {dag.py:3954} INFO - Setting next_dagrun for example_task_group_decorator to 2024-06-30 00:00:00+00:00, run_after=2024-07-01 00:00:00+00:00
[2024-07-01T09:39:21.558-0400] {processor.py:183} INFO - Processing /Users/christophercunningham/airflow_workspace/data-flow/data_flow_env/lib/python3.12/site-packages/airflow/example_dags/example_task_group_decorator.py took 0.151 seconds
[2024-07-01T09:41:05.433-0400] {processor.py:161} INFO - Started process (PID=14829) to work on /Users/christophercunningham/airflow_workspace/data-flow/data_flow_env/lib/python3.12/site-packages/airflow/example_dags/example_task_group_decorator.py
[2024-07-01T09:41:05.434-0400] {processor.py:830} INFO - Processing file /Users/christophercunningham/airflow_workspace/data-flow/data_flow_env/lib/python3.12/site-packages/airflow/example_dags/example_task_group_decorator.py for tasks to queue
[2024-07-01T09:41:05.435-0400] {logging_mixin.py:188} INFO - [2024-07-01T09:41:05.435-0400] {dagbag.py:545} INFO - Filling up the DagBag from /Users/christophercunningham/airflow_workspace/data-flow/data_flow_env/lib/python3.12/site-packages/airflow/example_dags/example_task_group_decorator.py
[2024-07-01T09:41:05.473-0400] {processor.py:840} INFO - DAG(s) 'example_task_group_decorator' retrieved from /Users/christophercunningham/airflow_workspace/data-flow/data_flow_env/lib/python3.12/site-packages/airflow/example_dags/example_task_group_decorator.py
[2024-07-01T09:41:05.552-0400] {logging_mixin.py:188} INFO - [2024-07-01T09:41:05.552-0400] {dag.py:3096} INFO - Sync 1 DAGs
[2024-07-01T09:41:05.565-0400] {logging_mixin.py:188} INFO - [2024-07-01T09:41:05.565-0400] {dag.py:3954} INFO - Setting next_dagrun for example_task_group_decorator to 2024-06-30 00:00:00+00:00, run_after=2024-07-01 00:00:00+00:00
[2024-07-01T09:41:05.578-0400] {processor.py:183} INFO - Processing /Users/christophercunningham/airflow_workspace/data-flow/data_flow_env/lib/python3.12/site-packages/airflow/example_dags/example_task_group_decorator.py took 0.149 seconds
[2024-07-01T09:42:52.204-0400] {processor.py:161} INFO - Started process (PID=14999) to work on /Users/christophercunningham/airflow_workspace/data-flow/data_flow_env/lib/python3.12/site-packages/airflow/example_dags/example_task_group_decorator.py
[2024-07-01T09:42:52.206-0400] {processor.py:830} INFO - Processing file /Users/christophercunningham/airflow_workspace/data-flow/data_flow_env/lib/python3.12/site-packages/airflow/example_dags/example_task_group_decorator.py for tasks to queue
[2024-07-01T09:42:52.207-0400] {logging_mixin.py:188} INFO - [2024-07-01T09:42:52.207-0400] {dagbag.py:545} INFO - Filling up the DagBag from /Users/christophercunningham/airflow_workspace/data-flow/data_flow_env/lib/python3.12/site-packages/airflow/example_dags/example_task_group_decorator.py
[2024-07-01T09:42:52.238-0400] {processor.py:840} INFO - DAG(s) 'example_task_group_decorator' retrieved from /Users/christophercunningham/airflow_workspace/data-flow/data_flow_env/lib/python3.12/site-packages/airflow/example_dags/example_task_group_decorator.py
[2024-07-01T09:42:52.314-0400] {logging_mixin.py:188} INFO - [2024-07-01T09:42:52.313-0400] {dag.py:3096} INFO - Sync 1 DAGs
[2024-07-01T09:42:52.325-0400] {logging_mixin.py:188} INFO - [2024-07-01T09:42:52.325-0400] {dag.py:3954} INFO - Setting next_dagrun for example_task_group_decorator to 2024-06-30 00:00:00+00:00, run_after=2024-07-01 00:00:00+00:00
[2024-07-01T09:42:52.337-0400] {processor.py:183} INFO - Processing /Users/christophercunningham/airflow_workspace/data-flow/data_flow_env/lib/python3.12/site-packages/airflow/example_dags/example_task_group_decorator.py took 0.137 seconds
[2024-07-01T09:44:42.987-0400] {processor.py:161} INFO - Started process (PID=15175) to work on /Users/christophercunningham/airflow_workspace/data-flow/data_flow_env/lib/python3.12/site-packages/airflow/example_dags/example_task_group_decorator.py
[2024-07-01T09:44:42.988-0400] {processor.py:830} INFO - Processing file /Users/christophercunningham/airflow_workspace/data-flow/data_flow_env/lib/python3.12/site-packages/airflow/example_dags/example_task_group_decorator.py for tasks to queue
[2024-07-01T09:44:42.989-0400] {logging_mixin.py:188} INFO - [2024-07-01T09:44:42.989-0400] {dagbag.py:545} INFO - Filling up the DagBag from /Users/christophercunningham/airflow_workspace/data-flow/data_flow_env/lib/python3.12/site-packages/airflow/example_dags/example_task_group_decorator.py
[2024-07-01T09:44:43.025-0400] {processor.py:840} INFO - DAG(s) 'example_task_group_decorator' retrieved from /Users/christophercunningham/airflow_workspace/data-flow/data_flow_env/lib/python3.12/site-packages/airflow/example_dags/example_task_group_decorator.py
[2024-07-01T09:44:43.104-0400] {logging_mixin.py:188} INFO - [2024-07-01T09:44:43.104-0400] {dag.py:3096} INFO - Sync 1 DAGs
[2024-07-01T09:44:43.116-0400] {logging_mixin.py:188} INFO - [2024-07-01T09:44:43.115-0400] {dag.py:3954} INFO - Setting next_dagrun for example_task_group_decorator to 2024-06-30 00:00:00+00:00, run_after=2024-07-01 00:00:00+00:00
[2024-07-01T09:44:43.129-0400] {processor.py:183} INFO - Processing /Users/christophercunningham/airflow_workspace/data-flow/data_flow_env/lib/python3.12/site-packages/airflow/example_dags/example_task_group_decorator.py took 0.146 seconds
[2024-07-01T09:46:30.662-0400] {processor.py:161} INFO - Started process (PID=15341) to work on /Users/christophercunningham/airflow_workspace/data-flow/data_flow_env/lib/python3.12/site-packages/airflow/example_dags/example_task_group_decorator.py
[2024-07-01T09:46:30.664-0400] {processor.py:830} INFO - Processing file /Users/christophercunningham/airflow_workspace/data-flow/data_flow_env/lib/python3.12/site-packages/airflow/example_dags/example_task_group_decorator.py for tasks to queue
[2024-07-01T09:46:30.665-0400] {logging_mixin.py:188} INFO - [2024-07-01T09:46:30.664-0400] {dagbag.py:545} INFO - Filling up the DagBag from /Users/christophercunningham/airflow_workspace/data-flow/data_flow_env/lib/python3.12/site-packages/airflow/example_dags/example_task_group_decorator.py
[2024-07-01T09:46:30.698-0400] {processor.py:840} INFO - DAG(s) 'example_task_group_decorator' retrieved from /Users/christophercunningham/airflow_workspace/data-flow/data_flow_env/lib/python3.12/site-packages/airflow/example_dags/example_task_group_decorator.py
[2024-07-01T09:46:30.779-0400] {logging_mixin.py:188} INFO - [2024-07-01T09:46:30.779-0400] {dag.py:3096} INFO - Sync 1 DAGs
[2024-07-01T09:46:30.792-0400] {logging_mixin.py:188} INFO - [2024-07-01T09:46:30.792-0400] {dag.py:3954} INFO - Setting next_dagrun for example_task_group_decorator to 2024-06-30 00:00:00+00:00, run_after=2024-07-01 00:00:00+00:00
[2024-07-01T09:46:30.804-0400] {processor.py:183} INFO - Processing /Users/christophercunningham/airflow_workspace/data-flow/data_flow_env/lib/python3.12/site-packages/airflow/example_dags/example_task_group_decorator.py took 0.147 seconds
[2024-07-01T09:48:16.866-0400] {processor.py:161} INFO - Started process (PID=15495) to work on /Users/christophercunningham/airflow_workspace/data-flow/data_flow_env/lib/python3.12/site-packages/airflow/example_dags/example_task_group_decorator.py
[2024-07-01T09:48:16.867-0400] {processor.py:830} INFO - Processing file /Users/christophercunningham/airflow_workspace/data-flow/data_flow_env/lib/python3.12/site-packages/airflow/example_dags/example_task_group_decorator.py for tasks to queue
[2024-07-01T09:48:16.868-0400] {logging_mixin.py:188} INFO - [2024-07-01T09:48:16.868-0400] {dagbag.py:545} INFO - Filling up the DagBag from /Users/christophercunningham/airflow_workspace/data-flow/data_flow_env/lib/python3.12/site-packages/airflow/example_dags/example_task_group_decorator.py
[2024-07-01T09:48:16.900-0400] {processor.py:840} INFO - DAG(s) 'example_task_group_decorator' retrieved from /Users/christophercunningham/airflow_workspace/data-flow/data_flow_env/lib/python3.12/site-packages/airflow/example_dags/example_task_group_decorator.py
[2024-07-01T09:48:16.979-0400] {logging_mixin.py:188} INFO - [2024-07-01T09:48:16.978-0400] {dag.py:3096} INFO - Sync 1 DAGs
[2024-07-01T09:48:16.991-0400] {logging_mixin.py:188} INFO - [2024-07-01T09:48:16.991-0400] {dag.py:3954} INFO - Setting next_dagrun for example_task_group_decorator to 2024-06-30 00:00:00+00:00, run_after=2024-07-01 00:00:00+00:00
[2024-07-01T09:48:17.005-0400] {processor.py:183} INFO - Processing /Users/christophercunningham/airflow_workspace/data-flow/data_flow_env/lib/python3.12/site-packages/airflow/example_dags/example_task_group_decorator.py took 0.143 seconds
[2024-07-01T09:50:04.946-0400] {processor.py:161} INFO - Started process (PID=15673) to work on /Users/christophercunningham/airflow_workspace/data-flow/data_flow_env/lib/python3.12/site-packages/airflow/example_dags/example_task_group_decorator.py
[2024-07-01T09:50:04.947-0400] {processor.py:830} INFO - Processing file /Users/christophercunningham/airflow_workspace/data-flow/data_flow_env/lib/python3.12/site-packages/airflow/example_dags/example_task_group_decorator.py for tasks to queue
[2024-07-01T09:50:04.947-0400] {logging_mixin.py:188} INFO - [2024-07-01T09:50:04.947-0400] {dagbag.py:545} INFO - Filling up the DagBag from /Users/christophercunningham/airflow_workspace/data-flow/data_flow_env/lib/python3.12/site-packages/airflow/example_dags/example_task_group_decorator.py
[2024-07-01T09:50:04.986-0400] {processor.py:840} INFO - DAG(s) 'example_task_group_decorator' retrieved from /Users/christophercunningham/airflow_workspace/data-flow/data_flow_env/lib/python3.12/site-packages/airflow/example_dags/example_task_group_decorator.py
[2024-07-01T09:50:05.066-0400] {logging_mixin.py:188} INFO - [2024-07-01T09:50:05.065-0400] {dag.py:3096} INFO - Sync 1 DAGs
[2024-07-01T09:50:05.078-0400] {logging_mixin.py:188} INFO - [2024-07-01T09:50:05.078-0400] {dag.py:3954} INFO - Setting next_dagrun for example_task_group_decorator to 2024-06-30 00:00:00+00:00, run_after=2024-07-01 00:00:00+00:00
[2024-07-01T09:50:05.091-0400] {processor.py:183} INFO - Processing /Users/christophercunningham/airflow_workspace/data-flow/data_flow_env/lib/python3.12/site-packages/airflow/example_dags/example_task_group_decorator.py took 0.150 seconds
[2024-07-01T09:51:53.340-0400] {processor.py:161} INFO - Started process (PID=15870) to work on /Users/christophercunningham/airflow_workspace/data-flow/data_flow_env/lib/python3.12/site-packages/airflow/example_dags/example_task_group_decorator.py
[2024-07-01T09:51:53.342-0400] {processor.py:830} INFO - Processing file /Users/christophercunningham/airflow_workspace/data-flow/data_flow_env/lib/python3.12/site-packages/airflow/example_dags/example_task_group_decorator.py for tasks to queue
[2024-07-01T09:51:53.342-0400] {logging_mixin.py:188} INFO - [2024-07-01T09:51:53.342-0400] {dagbag.py:545} INFO - Filling up the DagBag from /Users/christophercunningham/airflow_workspace/data-flow/data_flow_env/lib/python3.12/site-packages/airflow/example_dags/example_task_group_decorator.py
[2024-07-01T09:51:53.381-0400] {processor.py:840} INFO - DAG(s) 'example_task_group_decorator' retrieved from /Users/christophercunningham/airflow_workspace/data-flow/data_flow_env/lib/python3.12/site-packages/airflow/example_dags/example_task_group_decorator.py
[2024-07-01T09:51:53.457-0400] {logging_mixin.py:188} INFO - [2024-07-01T09:51:53.457-0400] {dag.py:3096} INFO - Sync 1 DAGs
[2024-07-01T09:51:53.469-0400] {logging_mixin.py:188} INFO - [2024-07-01T09:51:53.469-0400] {dag.py:3954} INFO - Setting next_dagrun for example_task_group_decorator to 2024-06-30 00:00:00+00:00, run_after=2024-07-01 00:00:00+00:00
[2024-07-01T09:51:53.482-0400] {processor.py:183} INFO - Processing /Users/christophercunningham/airflow_workspace/data-flow/data_flow_env/lib/python3.12/site-packages/airflow/example_dags/example_task_group_decorator.py took 0.146 seconds
[2024-07-01T09:53:35.785-0400] {processor.py:161} INFO - Started process (PID=16031) to work on /Users/christophercunningham/airflow_workspace/data-flow/data_flow_env/lib/python3.12/site-packages/airflow/example_dags/example_task_group_decorator.py
[2024-07-01T09:53:35.786-0400] {processor.py:830} INFO - Processing file /Users/christophercunningham/airflow_workspace/data-flow/data_flow_env/lib/python3.12/site-packages/airflow/example_dags/example_task_group_decorator.py for tasks to queue
[2024-07-01T09:53:35.787-0400] {logging_mixin.py:188} INFO - [2024-07-01T09:53:35.787-0400] {dagbag.py:545} INFO - Filling up the DagBag from /Users/christophercunningham/airflow_workspace/data-flow/data_flow_env/lib/python3.12/site-packages/airflow/example_dags/example_task_group_decorator.py
[2024-07-01T09:53:35.827-0400] {processor.py:840} INFO - DAG(s) 'example_task_group_decorator' retrieved from /Users/christophercunningham/airflow_workspace/data-flow/data_flow_env/lib/python3.12/site-packages/airflow/example_dags/example_task_group_decorator.py
[2024-07-01T09:53:35.906-0400] {logging_mixin.py:188} INFO - [2024-07-01T09:53:35.905-0400] {dag.py:3096} INFO - Sync 1 DAGs
[2024-07-01T09:53:35.919-0400] {logging_mixin.py:188} INFO - [2024-07-01T09:53:35.919-0400] {dag.py:3954} INFO - Setting next_dagrun for example_task_group_decorator to 2024-06-30 00:00:00+00:00, run_after=2024-07-01 00:00:00+00:00
[2024-07-01T09:53:35.932-0400] {processor.py:183} INFO - Processing /Users/christophercunningham/airflow_workspace/data-flow/data_flow_env/lib/python3.12/site-packages/airflow/example_dags/example_task_group_decorator.py took 0.152 seconds
[2024-07-01T09:55:15.786-0400] {processor.py:161} INFO - Started process (PID=16254) to work on /Users/christophercunningham/airflow_workspace/data-flow/data_flow_env/lib/python3.12/site-packages/airflow/example_dags/example_task_group_decorator.py
[2024-07-01T09:55:15.787-0400] {processor.py:830} INFO - Processing file /Users/christophercunningham/airflow_workspace/data-flow/data_flow_env/lib/python3.12/site-packages/airflow/example_dags/example_task_group_decorator.py for tasks to queue
[2024-07-01T09:55:15.788-0400] {logging_mixin.py:188} INFO - [2024-07-01T09:55:15.788-0400] {dagbag.py:545} INFO - Filling up the DagBag from /Users/christophercunningham/airflow_workspace/data-flow/data_flow_env/lib/python3.12/site-packages/airflow/example_dags/example_task_group_decorator.py
[2024-07-01T09:55:15.822-0400] {processor.py:840} INFO - DAG(s) 'example_task_group_decorator' retrieved from /Users/christophercunningham/airflow_workspace/data-flow/data_flow_env/lib/python3.12/site-packages/airflow/example_dags/example_task_group_decorator.py
[2024-07-01T09:55:15.901-0400] {logging_mixin.py:188} INFO - [2024-07-01T09:55:15.901-0400] {dag.py:3096} INFO - Sync 1 DAGs
[2024-07-01T09:55:15.913-0400] {logging_mixin.py:188} INFO - [2024-07-01T09:55:15.913-0400] {dag.py:3954} INFO - Setting next_dagrun for example_task_group_decorator to 2024-06-30 00:00:00+00:00, run_after=2024-07-01 00:00:00+00:00
[2024-07-01T09:55:15.930-0400] {processor.py:183} INFO - Processing /Users/christophercunningham/airflow_workspace/data-flow/data_flow_env/lib/python3.12/site-packages/airflow/example_dags/example_task_group_decorator.py took 0.150 seconds
[2024-07-01T09:56:56.874-0400] {processor.py:161} INFO - Started process (PID=16466) to work on /Users/christophercunningham/airflow_workspace/data-flow/data_flow_env/lib/python3.12/site-packages/airflow/example_dags/example_task_group_decorator.py
[2024-07-01T09:56:56.875-0400] {processor.py:830} INFO - Processing file /Users/christophercunningham/airflow_workspace/data-flow/data_flow_env/lib/python3.12/site-packages/airflow/example_dags/example_task_group_decorator.py for tasks to queue
[2024-07-01T09:56:56.876-0400] {logging_mixin.py:188} INFO - [2024-07-01T09:56:56.876-0400] {dagbag.py:545} INFO - Filling up the DagBag from /Users/christophercunningham/airflow_workspace/data-flow/data_flow_env/lib/python3.12/site-packages/airflow/example_dags/example_task_group_decorator.py
[2024-07-01T09:56:56.912-0400] {processor.py:840} INFO - DAG(s) 'example_task_group_decorator' retrieved from /Users/christophercunningham/airflow_workspace/data-flow/data_flow_env/lib/python3.12/site-packages/airflow/example_dags/example_task_group_decorator.py
[2024-07-01T09:56:56.991-0400] {logging_mixin.py:188} INFO - [2024-07-01T09:56:56.990-0400] {dag.py:3096} INFO - Sync 1 DAGs
[2024-07-01T09:56:57.003-0400] {logging_mixin.py:188} INFO - [2024-07-01T09:56:57.003-0400] {dag.py:3954} INFO - Setting next_dagrun for example_task_group_decorator to 2024-06-30 00:00:00+00:00, run_after=2024-07-01 00:00:00+00:00
[2024-07-01T09:56:57.016-0400] {processor.py:183} INFO - Processing /Users/christophercunningham/airflow_workspace/data-flow/data_flow_env/lib/python3.12/site-packages/airflow/example_dags/example_task_group_decorator.py took 0.146 seconds
[2024-07-01T09:58:38.920-0400] {processor.py:161} INFO - Started process (PID=16690) to work on /Users/christophercunningham/airflow_workspace/data-flow/data_flow_env/lib/python3.12/site-packages/airflow/example_dags/example_task_group_decorator.py
[2024-07-01T09:58:38.921-0400] {processor.py:830} INFO - Processing file /Users/christophercunningham/airflow_workspace/data-flow/data_flow_env/lib/python3.12/site-packages/airflow/example_dags/example_task_group_decorator.py for tasks to queue
[2024-07-01T09:58:38.922-0400] {logging_mixin.py:188} INFO - [2024-07-01T09:58:38.922-0400] {dagbag.py:545} INFO - Filling up the DagBag from /Users/christophercunningham/airflow_workspace/data-flow/data_flow_env/lib/python3.12/site-packages/airflow/example_dags/example_task_group_decorator.py
[2024-07-01T09:58:38.959-0400] {processor.py:840} INFO - DAG(s) 'example_task_group_decorator' retrieved from /Users/christophercunningham/airflow_workspace/data-flow/data_flow_env/lib/python3.12/site-packages/airflow/example_dags/example_task_group_decorator.py
[2024-07-01T09:58:39.039-0400] {logging_mixin.py:188} INFO - [2024-07-01T09:58:39.038-0400] {dag.py:3096} INFO - Sync 1 DAGs
[2024-07-01T09:58:39.050-0400] {logging_mixin.py:188} INFO - [2024-07-01T09:58:39.050-0400] {dag.py:3954} INFO - Setting next_dagrun for example_task_group_decorator to 2024-06-30 00:00:00+00:00, run_after=2024-07-01 00:00:00+00:00
[2024-07-01T09:58:39.063-0400] {processor.py:183} INFO - Processing /Users/christophercunningham/airflow_workspace/data-flow/data_flow_env/lib/python3.12/site-packages/airflow/example_dags/example_task_group_decorator.py took 0.148 seconds
[2024-07-01T10:00:21.531-0400] {processor.py:161} INFO - Started process (PID=16954) to work on /Users/christophercunningham/airflow_workspace/data-flow/data_flow_env/lib/python3.12/site-packages/airflow/example_dags/example_task_group_decorator.py
[2024-07-01T10:00:21.533-0400] {processor.py:830} INFO - Processing file /Users/christophercunningham/airflow_workspace/data-flow/data_flow_env/lib/python3.12/site-packages/airflow/example_dags/example_task_group_decorator.py for tasks to queue
[2024-07-01T10:00:21.534-0400] {logging_mixin.py:188} INFO - [2024-07-01T10:00:21.534-0400] {dagbag.py:545} INFO - Filling up the DagBag from /Users/christophercunningham/airflow_workspace/data-flow/data_flow_env/lib/python3.12/site-packages/airflow/example_dags/example_task_group_decorator.py
[2024-07-01T10:00:21.570-0400] {processor.py:840} INFO - DAG(s) 'example_task_group_decorator' retrieved from /Users/christophercunningham/airflow_workspace/data-flow/data_flow_env/lib/python3.12/site-packages/airflow/example_dags/example_task_group_decorator.py
[2024-07-01T10:00:21.651-0400] {logging_mixin.py:188} INFO - [2024-07-01T10:00:21.650-0400] {dag.py:3096} INFO - Sync 1 DAGs
[2024-07-01T10:00:21.662-0400] {logging_mixin.py:188} INFO - [2024-07-01T10:00:21.662-0400] {dag.py:3954} INFO - Setting next_dagrun for example_task_group_decorator to 2024-06-30 00:00:00+00:00, run_after=2024-07-01 00:00:00+00:00
[2024-07-01T10:00:21.674-0400] {processor.py:183} INFO - Processing /Users/christophercunningham/airflow_workspace/data-flow/data_flow_env/lib/python3.12/site-packages/airflow/example_dags/example_task_group_decorator.py took 0.147 seconds
[2024-07-01T10:02:03.874-0400] {processor.py:161} INFO - Started process (PID=17160) to work on /Users/christophercunningham/airflow_workspace/data-flow/data_flow_env/lib/python3.12/site-packages/airflow/example_dags/example_task_group_decorator.py
[2024-07-01T10:02:03.875-0400] {processor.py:830} INFO - Processing file /Users/christophercunningham/airflow_workspace/data-flow/data_flow_env/lib/python3.12/site-packages/airflow/example_dags/example_task_group_decorator.py for tasks to queue
[2024-07-01T10:02:03.875-0400] {logging_mixin.py:188} INFO - [2024-07-01T10:02:03.875-0400] {dagbag.py:545} INFO - Filling up the DagBag from /Users/christophercunningham/airflow_workspace/data-flow/data_flow_env/lib/python3.12/site-packages/airflow/example_dags/example_task_group_decorator.py
[2024-07-01T10:02:03.914-0400] {processor.py:840} INFO - DAG(s) 'example_task_group_decorator' retrieved from /Users/christophercunningham/airflow_workspace/data-flow/data_flow_env/lib/python3.12/site-packages/airflow/example_dags/example_task_group_decorator.py
[2024-07-01T10:02:04.004-0400] {logging_mixin.py:188} INFO - [2024-07-01T10:02:04.003-0400] {dag.py:3096} INFO - Sync 1 DAGs
[2024-07-01T10:02:04.016-0400] {logging_mixin.py:188} INFO - [2024-07-01T10:02:04.016-0400] {dag.py:3954} INFO - Setting next_dagrun for example_task_group_decorator to 2024-06-30 00:00:00+00:00, run_after=2024-07-01 00:00:00+00:00
[2024-07-01T10:02:04.028-0400] {processor.py:183} INFO - Processing /Users/christophercunningham/airflow_workspace/data-flow/data_flow_env/lib/python3.12/site-packages/airflow/example_dags/example_task_group_decorator.py took 0.158 seconds
[2024-07-01T10:03:50.432-0400] {processor.py:161} INFO - Started process (PID=17375) to work on /Users/christophercunningham/airflow_workspace/data-flow/data_flow_env/lib/python3.12/site-packages/airflow/example_dags/example_task_group_decorator.py
[2024-07-01T10:03:50.433-0400] {processor.py:830} INFO - Processing file /Users/christophercunningham/airflow_workspace/data-flow/data_flow_env/lib/python3.12/site-packages/airflow/example_dags/example_task_group_decorator.py for tasks to queue
[2024-07-01T10:03:50.434-0400] {logging_mixin.py:188} INFO - [2024-07-01T10:03:50.434-0400] {dagbag.py:545} INFO - Filling up the DagBag from /Users/christophercunningham/airflow_workspace/data-flow/data_flow_env/lib/python3.12/site-packages/airflow/example_dags/example_task_group_decorator.py
[2024-07-01T10:03:50.473-0400] {processor.py:840} INFO - DAG(s) 'example_task_group_decorator' retrieved from /Users/christophercunningham/airflow_workspace/data-flow/data_flow_env/lib/python3.12/site-packages/airflow/example_dags/example_task_group_decorator.py
[2024-07-01T10:03:50.581-0400] {logging_mixin.py:188} INFO - [2024-07-01T10:03:50.581-0400] {dag.py:3096} INFO - Sync 1 DAGs
[2024-07-01T10:03:50.595-0400] {logging_mixin.py:188} INFO - [2024-07-01T10:03:50.595-0400] {dag.py:3954} INFO - Setting next_dagrun for example_task_group_decorator to 2024-06-30 00:00:00+00:00, run_after=2024-07-01 00:00:00+00:00
[2024-07-01T10:03:50.610-0400] {processor.py:183} INFO - Processing /Users/christophercunningham/airflow_workspace/data-flow/data_flow_env/lib/python3.12/site-packages/airflow/example_dags/example_task_group_decorator.py took 0.182 seconds
[2024-07-01T10:05:41.590-0400] {processor.py:161} INFO - Started process (PID=17608) to work on /Users/christophercunningham/airflow_workspace/data-flow/data_flow_env/lib/python3.12/site-packages/airflow/example_dags/example_task_group_decorator.py
[2024-07-01T10:05:41.592-0400] {processor.py:830} INFO - Processing file /Users/christophercunningham/airflow_workspace/data-flow/data_flow_env/lib/python3.12/site-packages/airflow/example_dags/example_task_group_decorator.py for tasks to queue
[2024-07-01T10:05:41.592-0400] {logging_mixin.py:188} INFO - [2024-07-01T10:05:41.592-0400] {dagbag.py:545} INFO - Filling up the DagBag from /Users/christophercunningham/airflow_workspace/data-flow/data_flow_env/lib/python3.12/site-packages/airflow/example_dags/example_task_group_decorator.py
[2024-07-01T10:05:41.631-0400] {processor.py:840} INFO - DAG(s) 'example_task_group_decorator' retrieved from /Users/christophercunningham/airflow_workspace/data-flow/data_flow_env/lib/python3.12/site-packages/airflow/example_dags/example_task_group_decorator.py
[2024-07-01T10:05:41.712-0400] {logging_mixin.py:188} INFO - [2024-07-01T10:05:41.712-0400] {dag.py:3096} INFO - Sync 1 DAGs
[2024-07-01T10:05:41.727-0400] {logging_mixin.py:188} INFO - [2024-07-01T10:05:41.727-0400] {dag.py:3954} INFO - Setting next_dagrun for example_task_group_decorator to 2024-06-30 00:00:00+00:00, run_after=2024-07-01 00:00:00+00:00
[2024-07-01T10:05:41.741-0400] {processor.py:183} INFO - Processing /Users/christophercunningham/airflow_workspace/data-flow/data_flow_env/lib/python3.12/site-packages/airflow/example_dags/example_task_group_decorator.py took 0.155 seconds
[2024-07-01T10:07:31.632-0400] {processor.py:161} INFO - Started process (PID=17836) to work on /Users/christophercunningham/airflow_workspace/data-flow/data_flow_env/lib/python3.12/site-packages/airflow/example_dags/example_task_group_decorator.py
[2024-07-01T10:07:31.633-0400] {processor.py:830} INFO - Processing file /Users/christophercunningham/airflow_workspace/data-flow/data_flow_env/lib/python3.12/site-packages/airflow/example_dags/example_task_group_decorator.py for tasks to queue
[2024-07-01T10:07:31.634-0400] {logging_mixin.py:188} INFO - [2024-07-01T10:07:31.634-0400] {dagbag.py:545} INFO - Filling up the DagBag from /Users/christophercunningham/airflow_workspace/data-flow/data_flow_env/lib/python3.12/site-packages/airflow/example_dags/example_task_group_decorator.py
[2024-07-01T10:07:31.673-0400] {processor.py:840} INFO - DAG(s) 'example_task_group_decorator' retrieved from /Users/christophercunningham/airflow_workspace/data-flow/data_flow_env/lib/python3.12/site-packages/airflow/example_dags/example_task_group_decorator.py
[2024-07-01T10:07:31.759-0400] {logging_mixin.py:188} INFO - [2024-07-01T10:07:31.758-0400] {dag.py:3096} INFO - Sync 1 DAGs
[2024-07-01T10:07:31.771-0400] {logging_mixin.py:188} INFO - [2024-07-01T10:07:31.771-0400] {dag.py:3954} INFO - Setting next_dagrun for example_task_group_decorator to 2024-06-30 00:00:00+00:00, run_after=2024-07-01 00:00:00+00:00
[2024-07-01T10:07:31.785-0400] {processor.py:183} INFO - Processing /Users/christophercunningham/airflow_workspace/data-flow/data_flow_env/lib/python3.12/site-packages/airflow/example_dags/example_task_group_decorator.py took 0.156 seconds
[2024-07-01T10:09:18.670-0400] {processor.py:161} INFO - Started process (PID=18060) to work on /Users/christophercunningham/airflow_workspace/data-flow/data_flow_env/lib/python3.12/site-packages/airflow/example_dags/example_task_group_decorator.py
[2024-07-01T10:09:18.671-0400] {processor.py:830} INFO - Processing file /Users/christophercunningham/airflow_workspace/data-flow/data_flow_env/lib/python3.12/site-packages/airflow/example_dags/example_task_group_decorator.py for tasks to queue
[2024-07-01T10:09:18.672-0400] {logging_mixin.py:188} INFO - [2024-07-01T10:09:18.671-0400] {dagbag.py:545} INFO - Filling up the DagBag from /Users/christophercunningham/airflow_workspace/data-flow/data_flow_env/lib/python3.12/site-packages/airflow/example_dags/example_task_group_decorator.py
[2024-07-01T10:09:18.707-0400] {processor.py:840} INFO - DAG(s) 'example_task_group_decorator' retrieved from /Users/christophercunningham/airflow_workspace/data-flow/data_flow_env/lib/python3.12/site-packages/airflow/example_dags/example_task_group_decorator.py
[2024-07-01T10:09:18.786-0400] {logging_mixin.py:188} INFO - [2024-07-01T10:09:18.786-0400] {dag.py:3096} INFO - Sync 1 DAGs
[2024-07-01T10:09:18.799-0400] {logging_mixin.py:188} INFO - [2024-07-01T10:09:18.798-0400] {dag.py:3954} INFO - Setting next_dagrun for example_task_group_decorator to 2024-06-30 00:00:00+00:00, run_after=2024-07-01 00:00:00+00:00
[2024-07-01T10:09:18.811-0400] {processor.py:183} INFO - Processing /Users/christophercunningham/airflow_workspace/data-flow/data_flow_env/lib/python3.12/site-packages/airflow/example_dags/example_task_group_decorator.py took 0.146 seconds
[2024-07-01T10:11:01.300-0400] {processor.py:161} INFO - Started process (PID=18313) to work on /Users/christophercunningham/airflow_workspace/data-flow/data_flow_env/lib/python3.12/site-packages/airflow/example_dags/example_task_group_decorator.py
[2024-07-01T10:11:01.301-0400] {processor.py:830} INFO - Processing file /Users/christophercunningham/airflow_workspace/data-flow/data_flow_env/lib/python3.12/site-packages/airflow/example_dags/example_task_group_decorator.py for tasks to queue
[2024-07-01T10:11:01.302-0400] {logging_mixin.py:188} INFO - [2024-07-01T10:11:01.302-0400] {dagbag.py:545} INFO - Filling up the DagBag from /Users/christophercunningham/airflow_workspace/data-flow/data_flow_env/lib/python3.12/site-packages/airflow/example_dags/example_task_group_decorator.py
[2024-07-01T10:11:01.336-0400] {processor.py:840} INFO - DAG(s) 'example_task_group_decorator' retrieved from /Users/christophercunningham/airflow_workspace/data-flow/data_flow_env/lib/python3.12/site-packages/airflow/example_dags/example_task_group_decorator.py
[2024-07-01T10:11:01.415-0400] {logging_mixin.py:188} INFO - [2024-07-01T10:11:01.414-0400] {dag.py:3096} INFO - Sync 1 DAGs
[2024-07-01T10:11:01.426-0400] {logging_mixin.py:188} INFO - [2024-07-01T10:11:01.426-0400] {dag.py:3954} INFO - Setting next_dagrun for example_task_group_decorator to 2024-06-30 00:00:00+00:00, run_after=2024-07-01 00:00:00+00:00
[2024-07-01T10:11:01.439-0400] {processor.py:183} INFO - Processing /Users/christophercunningham/airflow_workspace/data-flow/data_flow_env/lib/python3.12/site-packages/airflow/example_dags/example_task_group_decorator.py took 0.145 seconds
[2024-07-01T10:12:40.583-0400] {processor.py:161} INFO - Started process (PID=18519) to work on /Users/christophercunningham/airflow_workspace/data-flow/data_flow_env/lib/python3.12/site-packages/airflow/example_dags/example_task_group_decorator.py
[2024-07-01T10:12:40.585-0400] {processor.py:830} INFO - Processing file /Users/christophercunningham/airflow_workspace/data-flow/data_flow_env/lib/python3.12/site-packages/airflow/example_dags/example_task_group_decorator.py for tasks to queue
[2024-07-01T10:12:40.585-0400] {logging_mixin.py:188} INFO - [2024-07-01T10:12:40.585-0400] {dagbag.py:545} INFO - Filling up the DagBag from /Users/christophercunningham/airflow_workspace/data-flow/data_flow_env/lib/python3.12/site-packages/airflow/example_dags/example_task_group_decorator.py
[2024-07-01T10:12:40.619-0400] {processor.py:840} INFO - DAG(s) 'example_task_group_decorator' retrieved from /Users/christophercunningham/airflow_workspace/data-flow/data_flow_env/lib/python3.12/site-packages/airflow/example_dags/example_task_group_decorator.py
[2024-07-01T10:12:40.697-0400] {logging_mixin.py:188} INFO - [2024-07-01T10:12:40.697-0400] {dag.py:3096} INFO - Sync 1 DAGs
[2024-07-01T10:12:40.709-0400] {logging_mixin.py:188} INFO - [2024-07-01T10:12:40.709-0400] {dag.py:3954} INFO - Setting next_dagrun for example_task_group_decorator to 2024-06-30 00:00:00+00:00, run_after=2024-07-01 00:00:00+00:00
[2024-07-01T10:12:40.722-0400] {processor.py:183} INFO - Processing /Users/christophercunningham/airflow_workspace/data-flow/data_flow_env/lib/python3.12/site-packages/airflow/example_dags/example_task_group_decorator.py took 0.144 seconds
[2024-07-01T10:14:27.741-0400] {processor.py:161} INFO - Started process (PID=18781) to work on /Users/christophercunningham/airflow_workspace/data-flow/data_flow_env/lib/python3.12/site-packages/airflow/example_dags/example_task_group_decorator.py
[2024-07-01T10:14:27.743-0400] {processor.py:830} INFO - Processing file /Users/christophercunningham/airflow_workspace/data-flow/data_flow_env/lib/python3.12/site-packages/airflow/example_dags/example_task_group_decorator.py for tasks to queue
[2024-07-01T10:14:27.744-0400] {logging_mixin.py:188} INFO - [2024-07-01T10:14:27.744-0400] {dagbag.py:545} INFO - Filling up the DagBag from /Users/christophercunningham/airflow_workspace/data-flow/data_flow_env/lib/python3.12/site-packages/airflow/example_dags/example_task_group_decorator.py
[2024-07-01T10:14:27.776-0400] {processor.py:840} INFO - DAG(s) 'example_task_group_decorator' retrieved from /Users/christophercunningham/airflow_workspace/data-flow/data_flow_env/lib/python3.12/site-packages/airflow/example_dags/example_task_group_decorator.py
[2024-07-01T10:14:27.852-0400] {logging_mixin.py:188} INFO - [2024-07-01T10:14:27.852-0400] {dag.py:3096} INFO - Sync 1 DAGs
[2024-07-01T10:14:27.864-0400] {logging_mixin.py:188} INFO - [2024-07-01T10:14:27.864-0400] {dag.py:3954} INFO - Setting next_dagrun for example_task_group_decorator to 2024-06-30 00:00:00+00:00, run_after=2024-07-01 00:00:00+00:00
[2024-07-01T10:14:27.881-0400] {processor.py:183} INFO - Processing /Users/christophercunningham/airflow_workspace/data-flow/data_flow_env/lib/python3.12/site-packages/airflow/example_dags/example_task_group_decorator.py took 0.145 seconds
[2024-07-01T10:16:15.309-0400] {processor.py:161} INFO - Started process (PID=19032) to work on /Users/christophercunningham/airflow_workspace/data-flow/data_flow_env/lib/python3.12/site-packages/airflow/example_dags/example_task_group_decorator.py
[2024-07-01T10:16:15.311-0400] {processor.py:830} INFO - Processing file /Users/christophercunningham/airflow_workspace/data-flow/data_flow_env/lib/python3.12/site-packages/airflow/example_dags/example_task_group_decorator.py for tasks to queue
[2024-07-01T10:16:15.312-0400] {logging_mixin.py:188} INFO - [2024-07-01T10:16:15.311-0400] {dagbag.py:545} INFO - Filling up the DagBag from /Users/christophercunningham/airflow_workspace/data-flow/data_flow_env/lib/python3.12/site-packages/airflow/example_dags/example_task_group_decorator.py
[2024-07-01T10:16:15.348-0400] {processor.py:840} INFO - DAG(s) 'example_task_group_decorator' retrieved from /Users/christophercunningham/airflow_workspace/data-flow/data_flow_env/lib/python3.12/site-packages/airflow/example_dags/example_task_group_decorator.py
[2024-07-01T10:16:15.427-0400] {logging_mixin.py:188} INFO - [2024-07-01T10:16:15.427-0400] {dag.py:3096} INFO - Sync 1 DAGs
[2024-07-01T10:16:15.439-0400] {logging_mixin.py:188} INFO - [2024-07-01T10:16:15.439-0400] {dag.py:3954} INFO - Setting next_dagrun for example_task_group_decorator to 2024-06-30 00:00:00+00:00, run_after=2024-07-01 00:00:00+00:00
[2024-07-01T10:16:15.452-0400] {processor.py:183} INFO - Processing /Users/christophercunningham/airflow_workspace/data-flow/data_flow_env/lib/python3.12/site-packages/airflow/example_dags/example_task_group_decorator.py took 0.147 seconds
[2024-07-01T10:18:04.522-0400] {processor.py:161} INFO - Started process (PID=19230) to work on /Users/christophercunningham/airflow_workspace/data-flow/data_flow_env/lib/python3.12/site-packages/airflow/example_dags/example_task_group_decorator.py
[2024-07-01T10:18:04.523-0400] {processor.py:830} INFO - Processing file /Users/christophercunningham/airflow_workspace/data-flow/data_flow_env/lib/python3.12/site-packages/airflow/example_dags/example_task_group_decorator.py for tasks to queue
[2024-07-01T10:18:04.524-0400] {logging_mixin.py:188} INFO - [2024-07-01T10:18:04.523-0400] {dagbag.py:545} INFO - Filling up the DagBag from /Users/christophercunningham/airflow_workspace/data-flow/data_flow_env/lib/python3.12/site-packages/airflow/example_dags/example_task_group_decorator.py
[2024-07-01T10:18:04.559-0400] {processor.py:840} INFO - DAG(s) 'example_task_group_decorator' retrieved from /Users/christophercunningham/airflow_workspace/data-flow/data_flow_env/lib/python3.12/site-packages/airflow/example_dags/example_task_group_decorator.py
[2024-07-01T10:18:04.635-0400] {logging_mixin.py:188} INFO - [2024-07-01T10:18:04.635-0400] {dag.py:3096} INFO - Sync 1 DAGs
[2024-07-01T10:18:04.647-0400] {logging_mixin.py:188} INFO - [2024-07-01T10:18:04.647-0400] {dag.py:3954} INFO - Setting next_dagrun for example_task_group_decorator to 2024-06-30 00:00:00+00:00, run_after=2024-07-01 00:00:00+00:00
[2024-07-01T10:18:04.665-0400] {processor.py:183} INFO - Processing /Users/christophercunningham/airflow_workspace/data-flow/data_flow_env/lib/python3.12/site-packages/airflow/example_dags/example_task_group_decorator.py took 0.149 seconds
[2024-07-01T10:39:20.774-0400] {processor.py:161} INFO - Started process (PID=21159) to work on /Users/christophercunningham/airflow_workspace/data-flow/data_flow_env/lib/python3.12/site-packages/airflow/example_dags/example_task_group_decorator.py
[2024-07-01T10:39:20.775-0400] {processor.py:830} INFO - Processing file /Users/christophercunningham/airflow_workspace/data-flow/data_flow_env/lib/python3.12/site-packages/airflow/example_dags/example_task_group_decorator.py for tasks to queue
[2024-07-01T10:39:20.775-0400] {logging_mixin.py:188} INFO - [2024-07-01T10:39:20.775-0400] {dagbag.py:545} INFO - Filling up the DagBag from /Users/christophercunningham/airflow_workspace/data-flow/data_flow_env/lib/python3.12/site-packages/airflow/example_dags/example_task_group_decorator.py
[2024-07-01T10:39:20.812-0400] {processor.py:840} INFO - DAG(s) 'example_task_group_decorator' retrieved from /Users/christophercunningham/airflow_workspace/data-flow/data_flow_env/lib/python3.12/site-packages/airflow/example_dags/example_task_group_decorator.py
[2024-07-01T10:39:21.009-0400] {logging_mixin.py:188} INFO - [2024-07-01T10:39:21.009-0400] {dag.py:3096} INFO - Sync 1 DAGs
[2024-07-01T10:39:21.022-0400] {logging_mixin.py:188} INFO - [2024-07-01T10:39:21.022-0400] {dag.py:3954} INFO - Setting next_dagrun for example_task_group_decorator to 2024-06-30 00:00:00+00:00, run_after=2024-07-01 00:00:00+00:00
[2024-07-01T10:39:21.037-0400] {processor.py:183} INFO - Processing /Users/christophercunningham/airflow_workspace/data-flow/data_flow_env/lib/python3.12/site-packages/airflow/example_dags/example_task_group_decorator.py took 0.266 seconds
