[2024-07-01T09:31:58.260-0400] {processor.py:161} INFO - Started process (PID=13885) to work on /Users/christophercunningham/airflow_workspace/data-flow/data_flow_env/lib/python3.12/site-packages/airflow/example_dags/example_skip_dag.py
[2024-07-01T09:31:58.261-0400] {processor.py:830} INFO - Processing file /Users/christophercunningham/airflow_workspace/data-flow/data_flow_env/lib/python3.12/site-packages/airflow/example_dags/example_skip_dag.py for tasks to queue
[2024-07-01T09:31:58.261-0400] {logging_mixin.py:188} INFO - [2024-07-01T09:31:58.261-0400] {dagbag.py:545} INFO - Filling up the DagBag from /Users/christophercunningham/airflow_workspace/data-flow/data_flow_env/lib/python3.12/site-packages/airflow/example_dags/example_skip_dag.py
[2024-07-01T09:31:58.268-0400] {processor.py:840} INFO - DAG(s) 'example_skip_dag' retrieved from /Users/christophercunningham/airflow_workspace/data-flow/data_flow_env/lib/python3.12/site-packages/airflow/example_dags/example_skip_dag.py
[2024-07-01T09:31:58.411-0400] {logging_mixin.py:188} INFO - [2024-07-01T09:31:58.411-0400] {dag.py:3096} INFO - Sync 1 DAGs
[2024-07-01T09:31:58.421-0400] {logging_mixin.py:188} INFO - [2024-07-01T09:31:58.421-0400] {dag.py:3954} INFO - Setting next_dagrun for example_skip_dag to 2024-06-30 00:00:00+00:00, run_after=2024-07-01 00:00:00+00:00
[2024-07-01T09:31:58.478-0400] {processor.py:183} INFO - Processing /Users/christophercunningham/airflow_workspace/data-flow/data_flow_env/lib/python3.12/site-packages/airflow/example_dags/example_skip_dag.py took 0.221 seconds
[2024-07-01T09:34:14.894-0400] {processor.py:161} INFO - Started process (PID=14149) to work on /Users/christophercunningham/airflow_workspace/data-flow/data_flow_env/lib/python3.12/site-packages/airflow/example_dags/example_skip_dag.py
[2024-07-01T09:34:14.896-0400] {processor.py:830} INFO - Processing file /Users/christophercunningham/airflow_workspace/data-flow/data_flow_env/lib/python3.12/site-packages/airflow/example_dags/example_skip_dag.py for tasks to queue
[2024-07-01T09:34:14.897-0400] {logging_mixin.py:188} INFO - [2024-07-01T09:34:14.897-0400] {dagbag.py:545} INFO - Filling up the DagBag from /Users/christophercunningham/airflow_workspace/data-flow/data_flow_env/lib/python3.12/site-packages/airflow/example_dags/example_skip_dag.py
[2024-07-01T09:34:14.903-0400] {processor.py:840} INFO - DAG(s) 'example_skip_dag' retrieved from /Users/christophercunningham/airflow_workspace/data-flow/data_flow_env/lib/python3.12/site-packages/airflow/example_dags/example_skip_dag.py
[2024-07-01T09:34:14.976-0400] {logging_mixin.py:188} INFO - [2024-07-01T09:34:14.976-0400] {dag.py:3096} INFO - Sync 1 DAGs
[2024-07-01T09:34:14.987-0400] {logging_mixin.py:188} INFO - [2024-07-01T09:34:14.987-0400] {dag.py:3954} INFO - Setting next_dagrun for example_skip_dag to 2024-06-30 00:00:00+00:00, run_after=2024-07-01 00:00:00+00:00
[2024-07-01T09:34:15.001-0400] {processor.py:183} INFO - Processing /Users/christophercunningham/airflow_workspace/data-flow/data_flow_env/lib/python3.12/site-packages/airflow/example_dags/example_skip_dag.py took 0.111 seconds
[2024-07-01T09:35:58.456-0400] {processor.py:161} INFO - Started process (PID=14295) to work on /Users/christophercunningham/airflow_workspace/data-flow/data_flow_env/lib/python3.12/site-packages/airflow/example_dags/example_skip_dag.py
[2024-07-01T09:35:58.458-0400] {processor.py:830} INFO - Processing file /Users/christophercunningham/airflow_workspace/data-flow/data_flow_env/lib/python3.12/site-packages/airflow/example_dags/example_skip_dag.py for tasks to queue
[2024-07-01T09:35:58.458-0400] {logging_mixin.py:188} INFO - [2024-07-01T09:35:58.458-0400] {dagbag.py:545} INFO - Filling up the DagBag from /Users/christophercunningham/airflow_workspace/data-flow/data_flow_env/lib/python3.12/site-packages/airflow/example_dags/example_skip_dag.py
[2024-07-01T09:35:58.464-0400] {processor.py:840} INFO - DAG(s) 'example_skip_dag' retrieved from /Users/christophercunningham/airflow_workspace/data-flow/data_flow_env/lib/python3.12/site-packages/airflow/example_dags/example_skip_dag.py
[2024-07-01T09:35:58.538-0400] {logging_mixin.py:188} INFO - [2024-07-01T09:35:58.538-0400] {dag.py:3096} INFO - Sync 1 DAGs
[2024-07-01T09:35:58.549-0400] {logging_mixin.py:188} INFO - [2024-07-01T09:35:58.549-0400] {dag.py:3954} INFO - Setting next_dagrun for example_skip_dag to 2024-06-30 00:00:00+00:00, run_after=2024-07-01 00:00:00+00:00
[2024-07-01T09:35:58.562-0400] {processor.py:183} INFO - Processing /Users/christophercunningham/airflow_workspace/data-flow/data_flow_env/lib/python3.12/site-packages/airflow/example_dags/example_skip_dag.py took 0.110 seconds
[2024-07-01T09:37:43.746-0400] {processor.py:161} INFO - Started process (PID=14467) to work on /Users/christophercunningham/airflow_workspace/data-flow/data_flow_env/lib/python3.12/site-packages/airflow/example_dags/example_skip_dag.py
[2024-07-01T09:37:43.747-0400] {processor.py:830} INFO - Processing file /Users/christophercunningham/airflow_workspace/data-flow/data_flow_env/lib/python3.12/site-packages/airflow/example_dags/example_skip_dag.py for tasks to queue
[2024-07-01T09:37:43.749-0400] {logging_mixin.py:188} INFO - [2024-07-01T09:37:43.748-0400] {dagbag.py:545} INFO - Filling up the DagBag from /Users/christophercunningham/airflow_workspace/data-flow/data_flow_env/lib/python3.12/site-packages/airflow/example_dags/example_skip_dag.py
[2024-07-01T09:37:43.756-0400] {processor.py:840} INFO - DAG(s) 'example_skip_dag' retrieved from /Users/christophercunningham/airflow_workspace/data-flow/data_flow_env/lib/python3.12/site-packages/airflow/example_dags/example_skip_dag.py
[2024-07-01T09:37:43.833-0400] {logging_mixin.py:188} INFO - [2024-07-01T09:37:43.833-0400] {dag.py:3096} INFO - Sync 1 DAGs
[2024-07-01T09:37:43.844-0400] {logging_mixin.py:188} INFO - [2024-07-01T09:37:43.844-0400] {dag.py:3954} INFO - Setting next_dagrun for example_skip_dag to 2024-06-30 00:00:00+00:00, run_after=2024-07-01 00:00:00+00:00
[2024-07-01T09:37:43.857-0400] {processor.py:183} INFO - Processing /Users/christophercunningham/airflow_workspace/data-flow/data_flow_env/lib/python3.12/site-packages/airflow/example_dags/example_skip_dag.py took 0.116 seconds
[2024-07-01T09:39:31.991-0400] {processor.py:161} INFO - Started process (PID=14637) to work on /Users/christophercunningham/airflow_workspace/data-flow/data_flow_env/lib/python3.12/site-packages/airflow/example_dags/example_skip_dag.py
[2024-07-01T09:39:31.993-0400] {processor.py:830} INFO - Processing file /Users/christophercunningham/airflow_workspace/data-flow/data_flow_env/lib/python3.12/site-packages/airflow/example_dags/example_skip_dag.py for tasks to queue
[2024-07-01T09:39:31.994-0400] {logging_mixin.py:188} INFO - [2024-07-01T09:39:31.994-0400] {dagbag.py:545} INFO - Filling up the DagBag from /Users/christophercunningham/airflow_workspace/data-flow/data_flow_env/lib/python3.12/site-packages/airflow/example_dags/example_skip_dag.py
[2024-07-01T09:39:32.001-0400] {processor.py:840} INFO - DAG(s) 'example_skip_dag' retrieved from /Users/christophercunningham/airflow_workspace/data-flow/data_flow_env/lib/python3.12/site-packages/airflow/example_dags/example_skip_dag.py
[2024-07-01T09:39:32.077-0400] {logging_mixin.py:188} INFO - [2024-07-01T09:39:32.077-0400] {dag.py:3096} INFO - Sync 1 DAGs
[2024-07-01T09:39:32.088-0400] {logging_mixin.py:188} INFO - [2024-07-01T09:39:32.088-0400] {dag.py:3954} INFO - Setting next_dagrun for example_skip_dag to 2024-06-30 00:00:00+00:00, run_after=2024-07-01 00:00:00+00:00
[2024-07-01T09:39:32.101-0400] {processor.py:183} INFO - Processing /Users/christophercunningham/airflow_workspace/data-flow/data_flow_env/lib/python3.12/site-packages/airflow/example_dags/example_skip_dag.py took 0.114 seconds
[2024-07-01T09:41:16.413-0400] {processor.py:161} INFO - Started process (PID=14848) to work on /Users/christophercunningham/airflow_workspace/data-flow/data_flow_env/lib/python3.12/site-packages/airflow/example_dags/example_skip_dag.py
[2024-07-01T09:41:16.417-0400] {processor.py:830} INFO - Processing file /Users/christophercunningham/airflow_workspace/data-flow/data_flow_env/lib/python3.12/site-packages/airflow/example_dags/example_skip_dag.py for tasks to queue
[2024-07-01T09:41:16.418-0400] {logging_mixin.py:188} INFO - [2024-07-01T09:41:16.417-0400] {dagbag.py:545} INFO - Filling up the DagBag from /Users/christophercunningham/airflow_workspace/data-flow/data_flow_env/lib/python3.12/site-packages/airflow/example_dags/example_skip_dag.py
[2024-07-01T09:41:16.423-0400] {processor.py:840} INFO - DAG(s) 'example_skip_dag' retrieved from /Users/christophercunningham/airflow_workspace/data-flow/data_flow_env/lib/python3.12/site-packages/airflow/example_dags/example_skip_dag.py
[2024-07-01T09:41:16.500-0400] {logging_mixin.py:188} INFO - [2024-07-01T09:41:16.500-0400] {dag.py:3096} INFO - Sync 1 DAGs
[2024-07-01T09:41:16.511-0400] {logging_mixin.py:188} INFO - [2024-07-01T09:41:16.511-0400] {dag.py:3954} INFO - Setting next_dagrun for example_skip_dag to 2024-06-30 00:00:00+00:00, run_after=2024-07-01 00:00:00+00:00
[2024-07-01T09:41:16.523-0400] {processor.py:183} INFO - Processing /Users/christophercunningham/airflow_workspace/data-flow/data_flow_env/lib/python3.12/site-packages/airflow/example_dags/example_skip_dag.py took 0.115 seconds
[2024-07-01T09:43:02.899-0400] {processor.py:161} INFO - Started process (PID=15014) to work on /Users/christophercunningham/airflow_workspace/data-flow/data_flow_env/lib/python3.12/site-packages/airflow/example_dags/example_skip_dag.py
[2024-07-01T09:43:02.901-0400] {processor.py:830} INFO - Processing file /Users/christophercunningham/airflow_workspace/data-flow/data_flow_env/lib/python3.12/site-packages/airflow/example_dags/example_skip_dag.py for tasks to queue
[2024-07-01T09:43:02.902-0400] {logging_mixin.py:188} INFO - [2024-07-01T09:43:02.901-0400] {dagbag.py:545} INFO - Filling up the DagBag from /Users/christophercunningham/airflow_workspace/data-flow/data_flow_env/lib/python3.12/site-packages/airflow/example_dags/example_skip_dag.py
[2024-07-01T09:43:02.908-0400] {processor.py:840} INFO - DAG(s) 'example_skip_dag' retrieved from /Users/christophercunningham/airflow_workspace/data-flow/data_flow_env/lib/python3.12/site-packages/airflow/example_dags/example_skip_dag.py
[2024-07-01T09:43:02.989-0400] {logging_mixin.py:188} INFO - [2024-07-01T09:43:02.989-0400] {dag.py:3096} INFO - Sync 1 DAGs
[2024-07-01T09:43:03.001-0400] {logging_mixin.py:188} INFO - [2024-07-01T09:43:03.001-0400] {dag.py:3954} INFO - Setting next_dagrun for example_skip_dag to 2024-06-30 00:00:00+00:00, run_after=2024-07-01 00:00:00+00:00
[2024-07-01T09:43:03.014-0400] {processor.py:183} INFO - Processing /Users/christophercunningham/airflow_workspace/data-flow/data_flow_env/lib/python3.12/site-packages/airflow/example_dags/example_skip_dag.py took 0.119 seconds
[2024-07-01T09:44:53.402-0400] {processor.py:161} INFO - Started process (PID=15189) to work on /Users/christophercunningham/airflow_workspace/data-flow/data_flow_env/lib/python3.12/site-packages/airflow/example_dags/example_skip_dag.py
[2024-07-01T09:44:53.404-0400] {processor.py:830} INFO - Processing file /Users/christophercunningham/airflow_workspace/data-flow/data_flow_env/lib/python3.12/site-packages/airflow/example_dags/example_skip_dag.py for tasks to queue
[2024-07-01T09:44:53.405-0400] {logging_mixin.py:188} INFO - [2024-07-01T09:44:53.404-0400] {dagbag.py:545} INFO - Filling up the DagBag from /Users/christophercunningham/airflow_workspace/data-flow/data_flow_env/lib/python3.12/site-packages/airflow/example_dags/example_skip_dag.py
[2024-07-01T09:44:53.412-0400] {processor.py:840} INFO - DAG(s) 'example_skip_dag' retrieved from /Users/christophercunningham/airflow_workspace/data-flow/data_flow_env/lib/python3.12/site-packages/airflow/example_dags/example_skip_dag.py
[2024-07-01T09:44:53.489-0400] {logging_mixin.py:188} INFO - [2024-07-01T09:44:53.489-0400] {dag.py:3096} INFO - Sync 1 DAGs
[2024-07-01T09:44:53.501-0400] {logging_mixin.py:188} INFO - [2024-07-01T09:44:53.501-0400] {dag.py:3954} INFO - Setting next_dagrun for example_skip_dag to 2024-06-30 00:00:00+00:00, run_after=2024-07-01 00:00:00+00:00
[2024-07-01T09:44:53.514-0400] {processor.py:183} INFO - Processing /Users/christophercunningham/airflow_workspace/data-flow/data_flow_env/lib/python3.12/site-packages/airflow/example_dags/example_skip_dag.py took 0.118 seconds
[2024-07-01T09:46:40.997-0400] {processor.py:161} INFO - Started process (PID=15355) to work on /Users/christophercunningham/airflow_workspace/data-flow/data_flow_env/lib/python3.12/site-packages/airflow/example_dags/example_skip_dag.py
[2024-07-01T09:46:40.998-0400] {processor.py:830} INFO - Processing file /Users/christophercunningham/airflow_workspace/data-flow/data_flow_env/lib/python3.12/site-packages/airflow/example_dags/example_skip_dag.py for tasks to queue
[2024-07-01T09:46:40.999-0400] {logging_mixin.py:188} INFO - [2024-07-01T09:46:40.999-0400] {dagbag.py:545} INFO - Filling up the DagBag from /Users/christophercunningham/airflow_workspace/data-flow/data_flow_env/lib/python3.12/site-packages/airflow/example_dags/example_skip_dag.py
[2024-07-01T09:46:41.005-0400] {processor.py:840} INFO - DAG(s) 'example_skip_dag' retrieved from /Users/christophercunningham/airflow_workspace/data-flow/data_flow_env/lib/python3.12/site-packages/airflow/example_dags/example_skip_dag.py
[2024-07-01T09:46:41.085-0400] {logging_mixin.py:188} INFO - [2024-07-01T09:46:41.085-0400] {dag.py:3096} INFO - Sync 1 DAGs
[2024-07-01T09:46:41.097-0400] {logging_mixin.py:188} INFO - [2024-07-01T09:46:41.096-0400] {dag.py:3954} INFO - Setting next_dagrun for example_skip_dag to 2024-06-30 00:00:00+00:00, run_after=2024-07-01 00:00:00+00:00
[2024-07-01T09:46:41.113-0400] {processor.py:183} INFO - Processing /Users/christophercunningham/airflow_workspace/data-flow/data_flow_env/lib/python3.12/site-packages/airflow/example_dags/example_skip_dag.py took 0.121 seconds
[2024-07-01T09:48:27.313-0400] {processor.py:161} INFO - Started process (PID=15509) to work on /Users/christophercunningham/airflow_workspace/data-flow/data_flow_env/lib/python3.12/site-packages/airflow/example_dags/example_skip_dag.py
[2024-07-01T09:48:27.315-0400] {processor.py:830} INFO - Processing file /Users/christophercunningham/airflow_workspace/data-flow/data_flow_env/lib/python3.12/site-packages/airflow/example_dags/example_skip_dag.py for tasks to queue
[2024-07-01T09:48:27.316-0400] {logging_mixin.py:188} INFO - [2024-07-01T09:48:27.315-0400] {dagbag.py:545} INFO - Filling up the DagBag from /Users/christophercunningham/airflow_workspace/data-flow/data_flow_env/lib/python3.12/site-packages/airflow/example_dags/example_skip_dag.py
[2024-07-01T09:48:27.322-0400] {processor.py:840} INFO - DAG(s) 'example_skip_dag' retrieved from /Users/christophercunningham/airflow_workspace/data-flow/data_flow_env/lib/python3.12/site-packages/airflow/example_dags/example_skip_dag.py
[2024-07-01T09:48:27.395-0400] {logging_mixin.py:188} INFO - [2024-07-01T09:48:27.395-0400] {dag.py:3096} INFO - Sync 1 DAGs
[2024-07-01T09:48:27.406-0400] {logging_mixin.py:188} INFO - [2024-07-01T09:48:27.406-0400] {dag.py:3954} INFO - Setting next_dagrun for example_skip_dag to 2024-06-30 00:00:00+00:00, run_after=2024-07-01 00:00:00+00:00
[2024-07-01T09:48:27.419-0400] {processor.py:183} INFO - Processing /Users/christophercunningham/airflow_workspace/data-flow/data_flow_env/lib/python3.12/site-packages/airflow/example_dags/example_skip_dag.py took 0.110 seconds
[2024-07-01T09:50:15.508-0400] {processor.py:161} INFO - Started process (PID=15711) to work on /Users/christophercunningham/airflow_workspace/data-flow/data_flow_env/lib/python3.12/site-packages/airflow/example_dags/example_skip_dag.py
[2024-07-01T09:50:15.510-0400] {processor.py:830} INFO - Processing file /Users/christophercunningham/airflow_workspace/data-flow/data_flow_env/lib/python3.12/site-packages/airflow/example_dags/example_skip_dag.py for tasks to queue
[2024-07-01T09:50:15.511-0400] {logging_mixin.py:188} INFO - [2024-07-01T09:50:15.511-0400] {dagbag.py:545} INFO - Filling up the DagBag from /Users/christophercunningham/airflow_workspace/data-flow/data_flow_env/lib/python3.12/site-packages/airflow/example_dags/example_skip_dag.py
[2024-07-01T09:50:15.518-0400] {processor.py:840} INFO - DAG(s) 'example_skip_dag' retrieved from /Users/christophercunningham/airflow_workspace/data-flow/data_flow_env/lib/python3.12/site-packages/airflow/example_dags/example_skip_dag.py
[2024-07-01T09:50:15.595-0400] {logging_mixin.py:188} INFO - [2024-07-01T09:50:15.595-0400] {dag.py:3096} INFO - Sync 1 DAGs
[2024-07-01T09:50:15.607-0400] {logging_mixin.py:188} INFO - [2024-07-01T09:50:15.607-0400] {dag.py:3954} INFO - Setting next_dagrun for example_skip_dag to 2024-06-30 00:00:00+00:00, run_after=2024-07-01 00:00:00+00:00
[2024-07-01T09:50:15.622-0400] {processor.py:183} INFO - Processing /Users/christophercunningham/airflow_workspace/data-flow/data_flow_env/lib/python3.12/site-packages/airflow/example_dags/example_skip_dag.py took 0.119 seconds
[2024-07-01T09:52:04.127-0400] {processor.py:161} INFO - Started process (PID=15885) to work on /Users/christophercunningham/airflow_workspace/data-flow/data_flow_env/lib/python3.12/site-packages/airflow/example_dags/example_skip_dag.py
[2024-07-01T09:52:04.128-0400] {processor.py:830} INFO - Processing file /Users/christophercunningham/airflow_workspace/data-flow/data_flow_env/lib/python3.12/site-packages/airflow/example_dags/example_skip_dag.py for tasks to queue
[2024-07-01T09:52:04.129-0400] {logging_mixin.py:188} INFO - [2024-07-01T09:52:04.129-0400] {dagbag.py:545} INFO - Filling up the DagBag from /Users/christophercunningham/airflow_workspace/data-flow/data_flow_env/lib/python3.12/site-packages/airflow/example_dags/example_skip_dag.py
[2024-07-01T09:52:04.134-0400] {processor.py:840} INFO - DAG(s) 'example_skip_dag' retrieved from /Users/christophercunningham/airflow_workspace/data-flow/data_flow_env/lib/python3.12/site-packages/airflow/example_dags/example_skip_dag.py
[2024-07-01T09:52:04.211-0400] {logging_mixin.py:188} INFO - [2024-07-01T09:52:04.211-0400] {dag.py:3096} INFO - Sync 1 DAGs
[2024-07-01T09:52:04.222-0400] {logging_mixin.py:188} INFO - [2024-07-01T09:52:04.222-0400] {dag.py:3954} INFO - Setting next_dagrun for example_skip_dag to 2024-06-30 00:00:00+00:00, run_after=2024-07-01 00:00:00+00:00
[2024-07-01T09:52:04.234-0400] {processor.py:183} INFO - Processing /Users/christophercunningham/airflow_workspace/data-flow/data_flow_env/lib/python3.12/site-packages/airflow/example_dags/example_skip_dag.py took 0.112 seconds
[2024-07-01T09:53:45.140-0400] {processor.py:161} INFO - Started process (PID=16051) to work on /Users/christophercunningham/airflow_workspace/data-flow/data_flow_env/lib/python3.12/site-packages/airflow/example_dags/example_skip_dag.py
[2024-07-01T09:53:45.142-0400] {processor.py:830} INFO - Processing file /Users/christophercunningham/airflow_workspace/data-flow/data_flow_env/lib/python3.12/site-packages/airflow/example_dags/example_skip_dag.py for tasks to queue
[2024-07-01T09:53:45.143-0400] {logging_mixin.py:188} INFO - [2024-07-01T09:53:45.143-0400] {dagbag.py:545} INFO - Filling up the DagBag from /Users/christophercunningham/airflow_workspace/data-flow/data_flow_env/lib/python3.12/site-packages/airflow/example_dags/example_skip_dag.py
[2024-07-01T09:53:45.149-0400] {processor.py:840} INFO - DAG(s) 'example_skip_dag' retrieved from /Users/christophercunningham/airflow_workspace/data-flow/data_flow_env/lib/python3.12/site-packages/airflow/example_dags/example_skip_dag.py
[2024-07-01T09:53:45.223-0400] {logging_mixin.py:188} INFO - [2024-07-01T09:53:45.222-0400] {dag.py:3096} INFO - Sync 1 DAGs
[2024-07-01T09:53:45.234-0400] {logging_mixin.py:188} INFO - [2024-07-01T09:53:45.234-0400] {dag.py:3954} INFO - Setting next_dagrun for example_skip_dag to 2024-06-30 00:00:00+00:00, run_after=2024-07-01 00:00:00+00:00
[2024-07-01T09:53:45.247-0400] {processor.py:183} INFO - Processing /Users/christophercunningham/airflow_workspace/data-flow/data_flow_env/lib/python3.12/site-packages/airflow/example_dags/example_skip_dag.py took 0.112 seconds
[2024-07-01T09:55:25.812-0400] {processor.py:161} INFO - Started process (PID=16279) to work on /Users/christophercunningham/airflow_workspace/data-flow/data_flow_env/lib/python3.12/site-packages/airflow/example_dags/example_skip_dag.py
[2024-07-01T09:55:25.814-0400] {processor.py:830} INFO - Processing file /Users/christophercunningham/airflow_workspace/data-flow/data_flow_env/lib/python3.12/site-packages/airflow/example_dags/example_skip_dag.py for tasks to queue
[2024-07-01T09:55:25.814-0400] {logging_mixin.py:188} INFO - [2024-07-01T09:55:25.814-0400] {dagbag.py:545} INFO - Filling up the DagBag from /Users/christophercunningham/airflow_workspace/data-flow/data_flow_env/lib/python3.12/site-packages/airflow/example_dags/example_skip_dag.py
[2024-07-01T09:55:25.821-0400] {processor.py:840} INFO - DAG(s) 'example_skip_dag' retrieved from /Users/christophercunningham/airflow_workspace/data-flow/data_flow_env/lib/python3.12/site-packages/airflow/example_dags/example_skip_dag.py
[2024-07-01T09:55:25.896-0400] {logging_mixin.py:188} INFO - [2024-07-01T09:55:25.895-0400] {dag.py:3096} INFO - Sync 1 DAGs
[2024-07-01T09:55:25.907-0400] {logging_mixin.py:188} INFO - [2024-07-01T09:55:25.906-0400] {dag.py:3954} INFO - Setting next_dagrun for example_skip_dag to 2024-06-30 00:00:00+00:00, run_after=2024-07-01 00:00:00+00:00
[2024-07-01T09:55:25.924-0400] {processor.py:183} INFO - Processing /Users/christophercunningham/airflow_workspace/data-flow/data_flow_env/lib/python3.12/site-packages/airflow/example_dags/example_skip_dag.py took 0.117 seconds
[2024-07-01T09:57:06.124-0400] {processor.py:161} INFO - Started process (PID=16485) to work on /Users/christophercunningham/airflow_workspace/data-flow/data_flow_env/lib/python3.12/site-packages/airflow/example_dags/example_skip_dag.py
[2024-07-01T09:57:06.125-0400] {processor.py:830} INFO - Processing file /Users/christophercunningham/airflow_workspace/data-flow/data_flow_env/lib/python3.12/site-packages/airflow/example_dags/example_skip_dag.py for tasks to queue
[2024-07-01T09:57:06.125-0400] {logging_mixin.py:188} INFO - [2024-07-01T09:57:06.125-0400] {dagbag.py:545} INFO - Filling up the DagBag from /Users/christophercunningham/airflow_workspace/data-flow/data_flow_env/lib/python3.12/site-packages/airflow/example_dags/example_skip_dag.py
[2024-07-01T09:57:06.131-0400] {processor.py:840} INFO - DAG(s) 'example_skip_dag' retrieved from /Users/christophercunningham/airflow_workspace/data-flow/data_flow_env/lib/python3.12/site-packages/airflow/example_dags/example_skip_dag.py
[2024-07-01T09:57:06.207-0400] {logging_mixin.py:188} INFO - [2024-07-01T09:57:06.207-0400] {dag.py:3096} INFO - Sync 1 DAGs
[2024-07-01T09:57:06.218-0400] {logging_mixin.py:188} INFO - [2024-07-01T09:57:06.218-0400] {dag.py:3954} INFO - Setting next_dagrun for example_skip_dag to 2024-06-30 00:00:00+00:00, run_after=2024-07-01 00:00:00+00:00
[2024-07-01T09:57:06.231-0400] {processor.py:183} INFO - Processing /Users/christophercunningham/airflow_workspace/data-flow/data_flow_env/lib/python3.12/site-packages/airflow/example_dags/example_skip_dag.py took 0.112 seconds
[2024-07-01T09:58:49.595-0400] {processor.py:161} INFO - Started process (PID=16717) to work on /Users/christophercunningham/airflow_workspace/data-flow/data_flow_env/lib/python3.12/site-packages/airflow/example_dags/example_skip_dag.py
[2024-07-01T09:58:49.596-0400] {processor.py:830} INFO - Processing file /Users/christophercunningham/airflow_workspace/data-flow/data_flow_env/lib/python3.12/site-packages/airflow/example_dags/example_skip_dag.py for tasks to queue
[2024-07-01T09:58:49.597-0400] {logging_mixin.py:188} INFO - [2024-07-01T09:58:49.597-0400] {dagbag.py:545} INFO - Filling up the DagBag from /Users/christophercunningham/airflow_workspace/data-flow/data_flow_env/lib/python3.12/site-packages/airflow/example_dags/example_skip_dag.py
[2024-07-01T09:58:49.604-0400] {processor.py:840} INFO - DAG(s) 'example_skip_dag' retrieved from /Users/christophercunningham/airflow_workspace/data-flow/data_flow_env/lib/python3.12/site-packages/airflow/example_dags/example_skip_dag.py
[2024-07-01T09:58:49.696-0400] {logging_mixin.py:188} INFO - [2024-07-01T09:58:49.696-0400] {dag.py:3096} INFO - Sync 1 DAGs
[2024-07-01T09:58:49.711-0400] {logging_mixin.py:188} INFO - [2024-07-01T09:58:49.710-0400] {dag.py:3954} INFO - Setting next_dagrun for example_skip_dag to 2024-06-30 00:00:00+00:00, run_after=2024-07-01 00:00:00+00:00
[2024-07-01T09:58:49.725-0400] {processor.py:183} INFO - Processing /Users/christophercunningham/airflow_workspace/data-flow/data_flow_env/lib/python3.12/site-packages/airflow/example_dags/example_skip_dag.py took 0.134 seconds
[2024-07-01T10:00:32.114-0400] {processor.py:161} INFO - Started process (PID=16976) to work on /Users/christophercunningham/airflow_workspace/data-flow/data_flow_env/lib/python3.12/site-packages/airflow/example_dags/example_skip_dag.py
[2024-07-01T10:00:32.116-0400] {processor.py:830} INFO - Processing file /Users/christophercunningham/airflow_workspace/data-flow/data_flow_env/lib/python3.12/site-packages/airflow/example_dags/example_skip_dag.py for tasks to queue
[2024-07-01T10:00:32.116-0400] {logging_mixin.py:188} INFO - [2024-07-01T10:00:32.116-0400] {dagbag.py:545} INFO - Filling up the DagBag from /Users/christophercunningham/airflow_workspace/data-flow/data_flow_env/lib/python3.12/site-packages/airflow/example_dags/example_skip_dag.py
[2024-07-01T10:00:32.124-0400] {processor.py:840} INFO - DAG(s) 'example_skip_dag' retrieved from /Users/christophercunningham/airflow_workspace/data-flow/data_flow_env/lib/python3.12/site-packages/airflow/example_dags/example_skip_dag.py
[2024-07-01T10:00:32.215-0400] {logging_mixin.py:188} INFO - [2024-07-01T10:00:32.215-0400] {dag.py:3096} INFO - Sync 1 DAGs
[2024-07-01T10:00:32.231-0400] {logging_mixin.py:188} INFO - [2024-07-01T10:00:32.231-0400] {dag.py:3954} INFO - Setting next_dagrun for example_skip_dag to 2024-06-30 00:00:00+00:00, run_after=2024-07-01 00:00:00+00:00
[2024-07-01T10:00:32.246-0400] {processor.py:183} INFO - Processing /Users/christophercunningham/airflow_workspace/data-flow/data_flow_env/lib/python3.12/site-packages/airflow/example_dags/example_skip_dag.py took 0.136 seconds
[2024-07-01T10:02:14.663-0400] {processor.py:161} INFO - Started process (PID=17182) to work on /Users/christophercunningham/airflow_workspace/data-flow/data_flow_env/lib/python3.12/site-packages/airflow/example_dags/example_skip_dag.py
[2024-07-01T10:02:14.664-0400] {processor.py:830} INFO - Processing file /Users/christophercunningham/airflow_workspace/data-flow/data_flow_env/lib/python3.12/site-packages/airflow/example_dags/example_skip_dag.py for tasks to queue
[2024-07-01T10:02:14.665-0400] {logging_mixin.py:188} INFO - [2024-07-01T10:02:14.665-0400] {dagbag.py:545} INFO - Filling up the DagBag from /Users/christophercunningham/airflow_workspace/data-flow/data_flow_env/lib/python3.12/site-packages/airflow/example_dags/example_skip_dag.py
[2024-07-01T10:02:14.671-0400] {processor.py:840} INFO - DAG(s) 'example_skip_dag' retrieved from /Users/christophercunningham/airflow_workspace/data-flow/data_flow_env/lib/python3.12/site-packages/airflow/example_dags/example_skip_dag.py
[2024-07-01T10:02:14.756-0400] {logging_mixin.py:188} INFO - [2024-07-01T10:02:14.755-0400] {dag.py:3096} INFO - Sync 1 DAGs
[2024-07-01T10:02:14.767-0400] {logging_mixin.py:188} INFO - [2024-07-01T10:02:14.767-0400] {dag.py:3954} INFO - Setting next_dagrun for example_skip_dag to 2024-06-30 00:00:00+00:00, run_after=2024-07-01 00:00:00+00:00
[2024-07-01T10:02:14.784-0400] {processor.py:183} INFO - Processing /Users/christophercunningham/airflow_workspace/data-flow/data_flow_env/lib/python3.12/site-packages/airflow/example_dags/example_skip_dag.py took 0.124 seconds
[2024-07-01T10:04:01.262-0400] {processor.py:161} INFO - Started process (PID=17395) to work on /Users/christophercunningham/airflow_workspace/data-flow/data_flow_env/lib/python3.12/site-packages/airflow/example_dags/example_skip_dag.py
[2024-07-01T10:04:01.263-0400] {processor.py:830} INFO - Processing file /Users/christophercunningham/airflow_workspace/data-flow/data_flow_env/lib/python3.12/site-packages/airflow/example_dags/example_skip_dag.py for tasks to queue
[2024-07-01T10:04:01.264-0400] {logging_mixin.py:188} INFO - [2024-07-01T10:04:01.263-0400] {dagbag.py:545} INFO - Filling up the DagBag from /Users/christophercunningham/airflow_workspace/data-flow/data_flow_env/lib/python3.12/site-packages/airflow/example_dags/example_skip_dag.py
[2024-07-01T10:04:01.270-0400] {processor.py:840} INFO - DAG(s) 'example_skip_dag' retrieved from /Users/christophercunningham/airflow_workspace/data-flow/data_flow_env/lib/python3.12/site-packages/airflow/example_dags/example_skip_dag.py
[2024-07-01T10:04:01.351-0400] {logging_mixin.py:188} INFO - [2024-07-01T10:04:01.351-0400] {dag.py:3096} INFO - Sync 1 DAGs
[2024-07-01T10:04:01.364-0400] {logging_mixin.py:188} INFO - [2024-07-01T10:04:01.364-0400] {dag.py:3954} INFO - Setting next_dagrun for example_skip_dag to 2024-06-30 00:00:00+00:00, run_after=2024-07-01 00:00:00+00:00
[2024-07-01T10:04:01.382-0400] {processor.py:183} INFO - Processing /Users/christophercunningham/airflow_workspace/data-flow/data_flow_env/lib/python3.12/site-packages/airflow/example_dags/example_skip_dag.py took 0.123 seconds
[2024-07-01T10:05:52.346-0400] {processor.py:161} INFO - Started process (PID=17628) to work on /Users/christophercunningham/airflow_workspace/data-flow/data_flow_env/lib/python3.12/site-packages/airflow/example_dags/example_skip_dag.py
[2024-07-01T10:05:52.348-0400] {processor.py:830} INFO - Processing file /Users/christophercunningham/airflow_workspace/data-flow/data_flow_env/lib/python3.12/site-packages/airflow/example_dags/example_skip_dag.py for tasks to queue
[2024-07-01T10:05:52.349-0400] {logging_mixin.py:188} INFO - [2024-07-01T10:05:52.349-0400] {dagbag.py:545} INFO - Filling up the DagBag from /Users/christophercunningham/airflow_workspace/data-flow/data_flow_env/lib/python3.12/site-packages/airflow/example_dags/example_skip_dag.py
[2024-07-01T10:05:52.357-0400] {processor.py:840} INFO - DAG(s) 'example_skip_dag' retrieved from /Users/christophercunningham/airflow_workspace/data-flow/data_flow_env/lib/python3.12/site-packages/airflow/example_dags/example_skip_dag.py
[2024-07-01T10:05:52.434-0400] {logging_mixin.py:188} INFO - [2024-07-01T10:05:52.434-0400] {dag.py:3096} INFO - Sync 1 DAGs
[2024-07-01T10:05:52.446-0400] {logging_mixin.py:188} INFO - [2024-07-01T10:05:52.446-0400] {dag.py:3954} INFO - Setting next_dagrun for example_skip_dag to 2024-06-30 00:00:00+00:00, run_after=2024-07-01 00:00:00+00:00
[2024-07-01T10:05:52.461-0400] {processor.py:183} INFO - Processing /Users/christophercunningham/airflow_workspace/data-flow/data_flow_env/lib/python3.12/site-packages/airflow/example_dags/example_skip_dag.py took 0.119 seconds
[2024-07-01T10:07:42.290-0400] {processor.py:161} INFO - Started process (PID=17861) to work on /Users/christophercunningham/airflow_workspace/data-flow/data_flow_env/lib/python3.12/site-packages/airflow/example_dags/example_skip_dag.py
[2024-07-01T10:07:42.292-0400] {processor.py:830} INFO - Processing file /Users/christophercunningham/airflow_workspace/data-flow/data_flow_env/lib/python3.12/site-packages/airflow/example_dags/example_skip_dag.py for tasks to queue
[2024-07-01T10:07:42.292-0400] {logging_mixin.py:188} INFO - [2024-07-01T10:07:42.292-0400] {dagbag.py:545} INFO - Filling up the DagBag from /Users/christophercunningham/airflow_workspace/data-flow/data_flow_env/lib/python3.12/site-packages/airflow/example_dags/example_skip_dag.py
[2024-07-01T10:07:42.299-0400] {processor.py:840} INFO - DAG(s) 'example_skip_dag' retrieved from /Users/christophercunningham/airflow_workspace/data-flow/data_flow_env/lib/python3.12/site-packages/airflow/example_dags/example_skip_dag.py
[2024-07-01T10:07:42.376-0400] {logging_mixin.py:188} INFO - [2024-07-01T10:07:42.376-0400] {dag.py:3096} INFO - Sync 1 DAGs
[2024-07-01T10:07:42.388-0400] {logging_mixin.py:188} INFO - [2024-07-01T10:07:42.387-0400] {dag.py:3954} INFO - Setting next_dagrun for example_skip_dag to 2024-06-30 00:00:00+00:00, run_after=2024-07-01 00:00:00+00:00
[2024-07-01T10:07:42.401-0400] {processor.py:183} INFO - Processing /Users/christophercunningham/airflow_workspace/data-flow/data_flow_env/lib/python3.12/site-packages/airflow/example_dags/example_skip_dag.py took 0.115 seconds
[2024-07-01T10:09:28.982-0400] {processor.py:161} INFO - Started process (PID=18080) to work on /Users/christophercunningham/airflow_workspace/data-flow/data_flow_env/lib/python3.12/site-packages/airflow/example_dags/example_skip_dag.py
[2024-07-01T10:09:28.983-0400] {processor.py:830} INFO - Processing file /Users/christophercunningham/airflow_workspace/data-flow/data_flow_env/lib/python3.12/site-packages/airflow/example_dags/example_skip_dag.py for tasks to queue
[2024-07-01T10:09:28.984-0400] {logging_mixin.py:188} INFO - [2024-07-01T10:09:28.984-0400] {dagbag.py:545} INFO - Filling up the DagBag from /Users/christophercunningham/airflow_workspace/data-flow/data_flow_env/lib/python3.12/site-packages/airflow/example_dags/example_skip_dag.py
[2024-07-01T10:09:28.990-0400] {processor.py:840} INFO - DAG(s) 'example_skip_dag' retrieved from /Users/christophercunningham/airflow_workspace/data-flow/data_flow_env/lib/python3.12/site-packages/airflow/example_dags/example_skip_dag.py
[2024-07-01T10:09:29.066-0400] {logging_mixin.py:188} INFO - [2024-07-01T10:09:29.065-0400] {dag.py:3096} INFO - Sync 1 DAGs
[2024-07-01T10:09:29.076-0400] {logging_mixin.py:188} INFO - [2024-07-01T10:09:29.076-0400] {dag.py:3954} INFO - Setting next_dagrun for example_skip_dag to 2024-06-30 00:00:00+00:00, run_after=2024-07-01 00:00:00+00:00
[2024-07-01T10:09:29.089-0400] {processor.py:183} INFO - Processing /Users/christophercunningham/airflow_workspace/data-flow/data_flow_env/lib/python3.12/site-packages/airflow/example_dags/example_skip_dag.py took 0.111 seconds
[2024-07-01T10:11:11.695-0400] {processor.py:161} INFO - Started process (PID=18337) to work on /Users/christophercunningham/airflow_workspace/data-flow/data_flow_env/lib/python3.12/site-packages/airflow/example_dags/example_skip_dag.py
[2024-07-01T10:11:11.697-0400] {processor.py:830} INFO - Processing file /Users/christophercunningham/airflow_workspace/data-flow/data_flow_env/lib/python3.12/site-packages/airflow/example_dags/example_skip_dag.py for tasks to queue
[2024-07-01T10:11:11.697-0400] {logging_mixin.py:188} INFO - [2024-07-01T10:11:11.697-0400] {dagbag.py:545} INFO - Filling up the DagBag from /Users/christophercunningham/airflow_workspace/data-flow/data_flow_env/lib/python3.12/site-packages/airflow/example_dags/example_skip_dag.py
[2024-07-01T10:11:11.704-0400] {processor.py:840} INFO - DAG(s) 'example_skip_dag' retrieved from /Users/christophercunningham/airflow_workspace/data-flow/data_flow_env/lib/python3.12/site-packages/airflow/example_dags/example_skip_dag.py
[2024-07-01T10:11:11.779-0400] {logging_mixin.py:188} INFO - [2024-07-01T10:11:11.779-0400] {dag.py:3096} INFO - Sync 1 DAGs
[2024-07-01T10:11:11.791-0400] {logging_mixin.py:188} INFO - [2024-07-01T10:11:11.791-0400] {dag.py:3954} INFO - Setting next_dagrun for example_skip_dag to 2024-06-30 00:00:00+00:00, run_after=2024-07-01 00:00:00+00:00
[2024-07-01T10:11:11.804-0400] {processor.py:183} INFO - Processing /Users/christophercunningham/airflow_workspace/data-flow/data_flow_env/lib/python3.12/site-packages/airflow/example_dags/example_skip_dag.py took 0.114 seconds
[2024-07-01T10:12:51.379-0400] {processor.py:161} INFO - Started process (PID=18541) to work on /Users/christophercunningham/airflow_workspace/data-flow/data_flow_env/lib/python3.12/site-packages/airflow/example_dags/example_skip_dag.py
[2024-07-01T10:12:51.380-0400] {processor.py:830} INFO - Processing file /Users/christophercunningham/airflow_workspace/data-flow/data_flow_env/lib/python3.12/site-packages/airflow/example_dags/example_skip_dag.py for tasks to queue
[2024-07-01T10:12:51.381-0400] {logging_mixin.py:188} INFO - [2024-07-01T10:12:51.381-0400] {dagbag.py:545} INFO - Filling up the DagBag from /Users/christophercunningham/airflow_workspace/data-flow/data_flow_env/lib/python3.12/site-packages/airflow/example_dags/example_skip_dag.py
[2024-07-01T10:12:51.387-0400] {processor.py:840} INFO - DAG(s) 'example_skip_dag' retrieved from /Users/christophercunningham/airflow_workspace/data-flow/data_flow_env/lib/python3.12/site-packages/airflow/example_dags/example_skip_dag.py
[2024-07-01T10:12:51.462-0400] {logging_mixin.py:188} INFO - [2024-07-01T10:12:51.462-0400] {dag.py:3096} INFO - Sync 1 DAGs
[2024-07-01T10:12:51.474-0400] {logging_mixin.py:188} INFO - [2024-07-01T10:12:51.473-0400] {dag.py:3954} INFO - Setting next_dagrun for example_skip_dag to 2024-06-30 00:00:00+00:00, run_after=2024-07-01 00:00:00+00:00
[2024-07-01T10:12:51.486-0400] {processor.py:183} INFO - Processing /Users/christophercunningham/airflow_workspace/data-flow/data_flow_env/lib/python3.12/site-packages/airflow/example_dags/example_skip_dag.py took 0.112 seconds
[2024-07-01T10:14:39.581-0400] {processor.py:161} INFO - Started process (PID=18800) to work on /Users/christophercunningham/airflow_workspace/data-flow/data_flow_env/lib/python3.12/site-packages/airflow/example_dags/example_skip_dag.py
[2024-07-01T10:14:39.582-0400] {processor.py:830} INFO - Processing file /Users/christophercunningham/airflow_workspace/data-flow/data_flow_env/lib/python3.12/site-packages/airflow/example_dags/example_skip_dag.py for tasks to queue
[2024-07-01T10:14:39.583-0400] {logging_mixin.py:188} INFO - [2024-07-01T10:14:39.582-0400] {dagbag.py:545} INFO - Filling up the DagBag from /Users/christophercunningham/airflow_workspace/data-flow/data_flow_env/lib/python3.12/site-packages/airflow/example_dags/example_skip_dag.py
[2024-07-01T10:14:39.590-0400] {processor.py:840} INFO - DAG(s) 'example_skip_dag' retrieved from /Users/christophercunningham/airflow_workspace/data-flow/data_flow_env/lib/python3.12/site-packages/airflow/example_dags/example_skip_dag.py
[2024-07-01T10:14:39.670-0400] {logging_mixin.py:188} INFO - [2024-07-01T10:14:39.670-0400] {dag.py:3096} INFO - Sync 1 DAGs
[2024-07-01T10:14:39.682-0400] {logging_mixin.py:188} INFO - [2024-07-01T10:14:39.681-0400] {dag.py:3954} INFO - Setting next_dagrun for example_skip_dag to 2024-06-30 00:00:00+00:00, run_after=2024-07-01 00:00:00+00:00
[2024-07-01T10:14:39.696-0400] {processor.py:183} INFO - Processing /Users/christophercunningham/airflow_workspace/data-flow/data_flow_env/lib/python3.12/site-packages/airflow/example_dags/example_skip_dag.py took 0.119 seconds
[2024-07-01T10:16:24.645-0400] {processor.py:161} INFO - Started process (PID=19051) to work on /Users/christophercunningham/airflow_workspace/data-flow/data_flow_env/lib/python3.12/site-packages/airflow/example_dags/example_skip_dag.py
[2024-07-01T10:16:24.647-0400] {processor.py:830} INFO - Processing file /Users/christophercunningham/airflow_workspace/data-flow/data_flow_env/lib/python3.12/site-packages/airflow/example_dags/example_skip_dag.py for tasks to queue
[2024-07-01T10:16:24.648-0400] {logging_mixin.py:188} INFO - [2024-07-01T10:16:24.647-0400] {dagbag.py:545} INFO - Filling up the DagBag from /Users/christophercunningham/airflow_workspace/data-flow/data_flow_env/lib/python3.12/site-packages/airflow/example_dags/example_skip_dag.py
[2024-07-01T10:16:24.653-0400] {processor.py:840} INFO - DAG(s) 'example_skip_dag' retrieved from /Users/christophercunningham/airflow_workspace/data-flow/data_flow_env/lib/python3.12/site-packages/airflow/example_dags/example_skip_dag.py
[2024-07-01T10:16:24.732-0400] {logging_mixin.py:188} INFO - [2024-07-01T10:16:24.732-0400] {dag.py:3096} INFO - Sync 1 DAGs
[2024-07-01T10:16:24.744-0400] {logging_mixin.py:188} INFO - [2024-07-01T10:16:24.744-0400] {dag.py:3954} INFO - Setting next_dagrun for example_skip_dag to 2024-06-30 00:00:00+00:00, run_after=2024-07-01 00:00:00+00:00
[2024-07-01T10:16:24.756-0400] {processor.py:183} INFO - Processing /Users/christophercunningham/airflow_workspace/data-flow/data_flow_env/lib/python3.12/site-packages/airflow/example_dags/example_skip_dag.py took 0.116 seconds
[2024-07-01T10:18:15.333-0400] {processor.py:161} INFO - Started process (PID=19257) to work on /Users/christophercunningham/airflow_workspace/data-flow/data_flow_env/lib/python3.12/site-packages/airflow/example_dags/example_skip_dag.py
[2024-07-01T10:18:15.334-0400] {processor.py:830} INFO - Processing file /Users/christophercunningham/airflow_workspace/data-flow/data_flow_env/lib/python3.12/site-packages/airflow/example_dags/example_skip_dag.py for tasks to queue
[2024-07-01T10:18:15.334-0400] {logging_mixin.py:188} INFO - [2024-07-01T10:18:15.334-0400] {dagbag.py:545} INFO - Filling up the DagBag from /Users/christophercunningham/airflow_workspace/data-flow/data_flow_env/lib/python3.12/site-packages/airflow/example_dags/example_skip_dag.py
[2024-07-01T10:18:15.341-0400] {processor.py:840} INFO - DAG(s) 'example_skip_dag' retrieved from /Users/christophercunningham/airflow_workspace/data-flow/data_flow_env/lib/python3.12/site-packages/airflow/example_dags/example_skip_dag.py
[2024-07-01T10:18:15.445-0400] {logging_mixin.py:188} INFO - [2024-07-01T10:18:15.445-0400] {dag.py:3096} INFO - Sync 1 DAGs
[2024-07-01T10:18:15.459-0400] {logging_mixin.py:188} INFO - [2024-07-01T10:18:15.458-0400] {dag.py:3954} INFO - Setting next_dagrun for example_skip_dag to 2024-06-30 00:00:00+00:00, run_after=2024-07-01 00:00:00+00:00
[2024-07-01T10:18:15.474-0400] {processor.py:183} INFO - Processing /Users/christophercunningham/airflow_workspace/data-flow/data_flow_env/lib/python3.12/site-packages/airflow/example_dags/example_skip_dag.py took 0.145 seconds
[2024-07-01T10:39:31.890-0400] {processor.py:161} INFO - Started process (PID=21188) to work on /Users/christophercunningham/airflow_workspace/data-flow/data_flow_env/lib/python3.12/site-packages/airflow/example_dags/example_skip_dag.py
[2024-07-01T10:39:31.891-0400] {processor.py:830} INFO - Processing file /Users/christophercunningham/airflow_workspace/data-flow/data_flow_env/lib/python3.12/site-packages/airflow/example_dags/example_skip_dag.py for tasks to queue
[2024-07-01T10:39:31.891-0400] {logging_mixin.py:188} INFO - [2024-07-01T10:39:31.891-0400] {dagbag.py:545} INFO - Filling up the DagBag from /Users/christophercunningham/airflow_workspace/data-flow/data_flow_env/lib/python3.12/site-packages/airflow/example_dags/example_skip_dag.py
[2024-07-01T10:39:31.898-0400] {processor.py:840} INFO - DAG(s) 'example_skip_dag' retrieved from /Users/christophercunningham/airflow_workspace/data-flow/data_flow_env/lib/python3.12/site-packages/airflow/example_dags/example_skip_dag.py
[2024-07-01T10:39:32.054-0400] {logging_mixin.py:188} INFO - [2024-07-01T10:39:32.054-0400] {dag.py:3096} INFO - Sync 1 DAGs
[2024-07-01T10:39:32.067-0400] {logging_mixin.py:188} INFO - [2024-07-01T10:39:32.066-0400] {dag.py:3954} INFO - Setting next_dagrun for example_skip_dag to 2024-06-30 00:00:00+00:00, run_after=2024-07-01 00:00:00+00:00
[2024-07-01T10:39:32.124-0400] {processor.py:183} INFO - Processing /Users/christophercunningham/airflow_workspace/data-flow/data_flow_env/lib/python3.12/site-packages/airflow/example_dags/example_skip_dag.py took 0.238 seconds
