[2024-07-01T09:32:31.819-0400] {processor.py:161} INFO - Started process (PID=13956) to work on /Users/christophercunningham/airflow_workspace/data-flow/data_flow_env/lib/python3.12/site-packages/airflow/example_dags/example_nested_branch_dag.py
[2024-07-01T09:32:31.821-0400] {processor.py:830} INFO - Processing file /Users/christophercunningham/airflow_workspace/data-flow/data_flow_env/lib/python3.12/site-packages/airflow/example_dags/example_nested_branch_dag.py for tasks to queue
[2024-07-01T09:32:31.821-0400] {logging_mixin.py:188} INFO - [2024-07-01T09:32:31.821-0400] {dagbag.py:545} INFO - Filling up the DagBag from /Users/christophercunningham/airflow_workspace/data-flow/data_flow_env/lib/python3.12/site-packages/airflow/example_dags/example_nested_branch_dag.py
[2024-07-01T09:32:31.850-0400] {processor.py:840} INFO - DAG(s) 'example_nested_branch_dag' retrieved from /Users/christophercunningham/airflow_workspace/data-flow/data_flow_env/lib/python3.12/site-packages/airflow/example_dags/example_nested_branch_dag.py
[2024-07-01T09:32:32.035-0400] {logging_mixin.py:188} INFO - [2024-07-01T09:32:32.034-0400] {dag.py:3096} INFO - Sync 1 DAGs
[2024-07-01T09:32:32.052-0400] {logging_mixin.py:188} INFO - [2024-07-01T09:32:32.052-0400] {dag.py:3954} INFO - Setting next_dagrun for example_nested_branch_dag to 2024-06-30 00:00:00+00:00, run_after=2024-07-01 00:00:00+00:00
[2024-07-01T09:32:32.068-0400] {processor.py:183} INFO - Processing /Users/christophercunningham/airflow_workspace/data-flow/data_flow_env/lib/python3.12/site-packages/airflow/example_dags/example_nested_branch_dag.py took 0.254 seconds
[2024-07-01T09:34:45.504-0400] {processor.py:161} INFO - Started process (PID=14191) to work on /Users/christophercunningham/airflow_workspace/data-flow/data_flow_env/lib/python3.12/site-packages/airflow/example_dags/example_nested_branch_dag.py
[2024-07-01T09:34:45.506-0400] {processor.py:830} INFO - Processing file /Users/christophercunningham/airflow_workspace/data-flow/data_flow_env/lib/python3.12/site-packages/airflow/example_dags/example_nested_branch_dag.py for tasks to queue
[2024-07-01T09:34:45.507-0400] {logging_mixin.py:188} INFO - [2024-07-01T09:34:45.507-0400] {dagbag.py:545} INFO - Filling up the DagBag from /Users/christophercunningham/airflow_workspace/data-flow/data_flow_env/lib/python3.12/site-packages/airflow/example_dags/example_nested_branch_dag.py
[2024-07-01T09:34:45.536-0400] {processor.py:840} INFO - DAG(s) 'example_nested_branch_dag' retrieved from /Users/christophercunningham/airflow_workspace/data-flow/data_flow_env/lib/python3.12/site-packages/airflow/example_dags/example_nested_branch_dag.py
[2024-07-01T09:34:45.612-0400] {logging_mixin.py:188} INFO - [2024-07-01T09:34:45.612-0400] {dag.py:3096} INFO - Sync 1 DAGs
[2024-07-01T09:34:45.624-0400] {logging_mixin.py:188} INFO - [2024-07-01T09:34:45.624-0400] {dag.py:3954} INFO - Setting next_dagrun for example_nested_branch_dag to 2024-06-30 00:00:00+00:00, run_after=2024-07-01 00:00:00+00:00
[2024-07-01T09:34:45.637-0400] {processor.py:183} INFO - Processing /Users/christophercunningham/airflow_workspace/data-flow/data_flow_env/lib/python3.12/site-packages/airflow/example_dags/example_nested_branch_dag.py took 0.137 seconds
[2024-07-01T09:38:12.850-0400] {processor.py:161} INFO - Started process (PID=14509) to work on /Users/christophercunningham/airflow_workspace/data-flow/data_flow_env/lib/python3.12/site-packages/airflow/example_dags/example_nested_branch_dag.py
[2024-07-01T09:38:12.851-0400] {processor.py:830} INFO - Processing file /Users/christophercunningham/airflow_workspace/data-flow/data_flow_env/lib/python3.12/site-packages/airflow/example_dags/example_nested_branch_dag.py for tasks to queue
[2024-07-01T09:38:12.853-0400] {logging_mixin.py:188} INFO - [2024-07-01T09:38:12.852-0400] {dagbag.py:545} INFO - Filling up the DagBag from /Users/christophercunningham/airflow_workspace/data-flow/data_flow_env/lib/python3.12/site-packages/airflow/example_dags/example_nested_branch_dag.py
[2024-07-01T09:38:12.885-0400] {processor.py:840} INFO - DAG(s) 'example_nested_branch_dag' retrieved from /Users/christophercunningham/airflow_workspace/data-flow/data_flow_env/lib/python3.12/site-packages/airflow/example_dags/example_nested_branch_dag.py
[2024-07-01T09:38:12.959-0400] {logging_mixin.py:188} INFO - [2024-07-01T09:38:12.958-0400] {dag.py:3096} INFO - Sync 1 DAGs
[2024-07-01T09:38:12.971-0400] {logging_mixin.py:188} INFO - [2024-07-01T09:38:12.971-0400] {dag.py:3954} INFO - Setting next_dagrun for example_nested_branch_dag to 2024-06-30 00:00:00+00:00, run_after=2024-07-01 00:00:00+00:00
[2024-07-01T09:38:12.984-0400] {processor.py:183} INFO - Processing /Users/christophercunningham/airflow_workspace/data-flow/data_flow_env/lib/python3.12/site-packages/airflow/example_dags/example_nested_branch_dag.py took 0.139 seconds
[2024-07-01T09:41:42.761-0400] {processor.py:161} INFO - Started process (PID=14890) to work on /Users/christophercunningham/airflow_workspace/data-flow/data_flow_env/lib/python3.12/site-packages/airflow/example_dags/example_nested_branch_dag.py
[2024-07-01T09:41:42.763-0400] {processor.py:830} INFO - Processing file /Users/christophercunningham/airflow_workspace/data-flow/data_flow_env/lib/python3.12/site-packages/airflow/example_dags/example_nested_branch_dag.py for tasks to queue
[2024-07-01T09:41:42.764-0400] {logging_mixin.py:188} INFO - [2024-07-01T09:41:42.764-0400] {dagbag.py:545} INFO - Filling up the DagBag from /Users/christophercunningham/airflow_workspace/data-flow/data_flow_env/lib/python3.12/site-packages/airflow/example_dags/example_nested_branch_dag.py
[2024-07-01T09:41:42.796-0400] {processor.py:840} INFO - DAG(s) 'example_nested_branch_dag' retrieved from /Users/christophercunningham/airflow_workspace/data-flow/data_flow_env/lib/python3.12/site-packages/airflow/example_dags/example_nested_branch_dag.py
[2024-07-01T09:41:42.871-0400] {logging_mixin.py:188} INFO - [2024-07-01T09:41:42.870-0400] {dag.py:3096} INFO - Sync 1 DAGs
[2024-07-01T09:41:42.883-0400] {logging_mixin.py:188} INFO - [2024-07-01T09:41:42.883-0400] {dag.py:3954} INFO - Setting next_dagrun for example_nested_branch_dag to 2024-06-30 00:00:00+00:00, run_after=2024-07-01 00:00:00+00:00
[2024-07-01T09:41:42.896-0400] {processor.py:183} INFO - Processing /Users/christophercunningham/airflow_workspace/data-flow/data_flow_env/lib/python3.12/site-packages/airflow/example_dags/example_nested_branch_dag.py took 0.139 seconds
[2024-07-01T09:45:22.481-0400] {processor.py:161} INFO - Started process (PID=15232) to work on /Users/christophercunningham/airflow_workspace/data-flow/data_flow_env/lib/python3.12/site-packages/airflow/example_dags/example_nested_branch_dag.py
[2024-07-01T09:45:22.482-0400] {processor.py:830} INFO - Processing file /Users/christophercunningham/airflow_workspace/data-flow/data_flow_env/lib/python3.12/site-packages/airflow/example_dags/example_nested_branch_dag.py for tasks to queue
[2024-07-01T09:45:22.483-0400] {logging_mixin.py:188} INFO - [2024-07-01T09:45:22.483-0400] {dagbag.py:545} INFO - Filling up the DagBag from /Users/christophercunningham/airflow_workspace/data-flow/data_flow_env/lib/python3.12/site-packages/airflow/example_dags/example_nested_branch_dag.py
[2024-07-01T09:45:22.515-0400] {processor.py:840} INFO - DAG(s) 'example_nested_branch_dag' retrieved from /Users/christophercunningham/airflow_workspace/data-flow/data_flow_env/lib/python3.12/site-packages/airflow/example_dags/example_nested_branch_dag.py
[2024-07-01T09:45:22.591-0400] {logging_mixin.py:188} INFO - [2024-07-01T09:45:22.591-0400] {dag.py:3096} INFO - Sync 1 DAGs
[2024-07-01T09:45:22.605-0400] {logging_mixin.py:188} INFO - [2024-07-01T09:45:22.605-0400] {dag.py:3954} INFO - Setting next_dagrun for example_nested_branch_dag to 2024-06-30 00:00:00+00:00, run_after=2024-07-01 00:00:00+00:00
[2024-07-01T09:45:22.618-0400] {processor.py:183} INFO - Processing /Users/christophercunningham/airflow_workspace/data-flow/data_flow_env/lib/python3.12/site-packages/airflow/example_dags/example_nested_branch_dag.py took 0.142 seconds
[2024-07-01T09:48:56.366-0400] {processor.py:161} INFO - Started process (PID=15550) to work on /Users/christophercunningham/airflow_workspace/data-flow/data_flow_env/lib/python3.12/site-packages/airflow/example_dags/example_nested_branch_dag.py
[2024-07-01T09:48:56.367-0400] {processor.py:830} INFO - Processing file /Users/christophercunningham/airflow_workspace/data-flow/data_flow_env/lib/python3.12/site-packages/airflow/example_dags/example_nested_branch_dag.py for tasks to queue
[2024-07-01T09:48:56.368-0400] {logging_mixin.py:188} INFO - [2024-07-01T09:48:56.368-0400] {dagbag.py:545} INFO - Filling up the DagBag from /Users/christophercunningham/airflow_workspace/data-flow/data_flow_env/lib/python3.12/site-packages/airflow/example_dags/example_nested_branch_dag.py
[2024-07-01T09:48:56.397-0400] {processor.py:840} INFO - DAG(s) 'example_nested_branch_dag' retrieved from /Users/christophercunningham/airflow_workspace/data-flow/data_flow_env/lib/python3.12/site-packages/airflow/example_dags/example_nested_branch_dag.py
[2024-07-01T09:48:56.469-0400] {logging_mixin.py:188} INFO - [2024-07-01T09:48:56.469-0400] {dag.py:3096} INFO - Sync 1 DAGs
[2024-07-01T09:48:56.482-0400] {logging_mixin.py:188} INFO - [2024-07-01T09:48:56.482-0400] {dag.py:3954} INFO - Setting next_dagrun for example_nested_branch_dag to 2024-06-30 00:00:00+00:00, run_after=2024-07-01 00:00:00+00:00
[2024-07-01T09:48:56.496-0400] {processor.py:183} INFO - Processing /Users/christophercunningham/airflow_workspace/data-flow/data_flow_env/lib/python3.12/site-packages/airflow/example_dags/example_nested_branch_dag.py took 0.134 seconds
[2024-07-01T09:52:32.355-0400] {processor.py:161} INFO - Started process (PID=15928) to work on /Users/christophercunningham/airflow_workspace/data-flow/data_flow_env/lib/python3.12/site-packages/airflow/example_dags/example_nested_branch_dag.py
[2024-07-01T09:52:32.357-0400] {processor.py:830} INFO - Processing file /Users/christophercunningham/airflow_workspace/data-flow/data_flow_env/lib/python3.12/site-packages/airflow/example_dags/example_nested_branch_dag.py for tasks to queue
[2024-07-01T09:52:32.357-0400] {logging_mixin.py:188} INFO - [2024-07-01T09:52:32.357-0400] {dagbag.py:545} INFO - Filling up the DagBag from /Users/christophercunningham/airflow_workspace/data-flow/data_flow_env/lib/python3.12/site-packages/airflow/example_dags/example_nested_branch_dag.py
[2024-07-01T09:52:32.387-0400] {processor.py:840} INFO - DAG(s) 'example_nested_branch_dag' retrieved from /Users/christophercunningham/airflow_workspace/data-flow/data_flow_env/lib/python3.12/site-packages/airflow/example_dags/example_nested_branch_dag.py
[2024-07-01T09:52:32.461-0400] {logging_mixin.py:188} INFO - [2024-07-01T09:52:32.461-0400] {dag.py:3096} INFO - Sync 1 DAGs
[2024-07-01T09:52:32.475-0400] {logging_mixin.py:188} INFO - [2024-07-01T09:52:32.474-0400] {dag.py:3954} INFO - Setting next_dagrun for example_nested_branch_dag to 2024-06-30 00:00:00+00:00, run_after=2024-07-01 00:00:00+00:00
[2024-07-01T09:52:32.488-0400] {processor.py:183} INFO - Processing /Users/christophercunningham/airflow_workspace/data-flow/data_flow_env/lib/python3.12/site-packages/airflow/example_dags/example_nested_branch_dag.py took 0.138 seconds
[2024-07-01T09:55:53.074-0400] {processor.py:161} INFO - Started process (PID=16335) to work on /Users/christophercunningham/airflow_workspace/data-flow/data_flow_env/lib/python3.12/site-packages/airflow/example_dags/example_nested_branch_dag.py
[2024-07-01T09:55:53.076-0400] {processor.py:830} INFO - Processing file /Users/christophercunningham/airflow_workspace/data-flow/data_flow_env/lib/python3.12/site-packages/airflow/example_dags/example_nested_branch_dag.py for tasks to queue
[2024-07-01T09:55:53.076-0400] {logging_mixin.py:188} INFO - [2024-07-01T09:55:53.076-0400] {dagbag.py:545} INFO - Filling up the DagBag from /Users/christophercunningham/airflow_workspace/data-flow/data_flow_env/lib/python3.12/site-packages/airflow/example_dags/example_nested_branch_dag.py
[2024-07-01T09:55:53.107-0400] {processor.py:840} INFO - DAG(s) 'example_nested_branch_dag' retrieved from /Users/christophercunningham/airflow_workspace/data-flow/data_flow_env/lib/python3.12/site-packages/airflow/example_dags/example_nested_branch_dag.py
[2024-07-01T09:55:53.180-0400] {logging_mixin.py:188} INFO - [2024-07-01T09:55:53.180-0400] {dag.py:3096} INFO - Sync 1 DAGs
[2024-07-01T09:55:53.192-0400] {logging_mixin.py:188} INFO - [2024-07-01T09:55:53.192-0400] {dag.py:3954} INFO - Setting next_dagrun for example_nested_branch_dag to 2024-06-30 00:00:00+00:00, run_after=2024-07-01 00:00:00+00:00
[2024-07-01T09:55:53.209-0400] {processor.py:183} INFO - Processing /Users/christophercunningham/airflow_workspace/data-flow/data_flow_env/lib/python3.12/site-packages/airflow/example_dags/example_nested_branch_dag.py took 0.141 seconds
[2024-07-01T09:59:15.855-0400] {processor.py:161} INFO - Started process (PID=16774) to work on /Users/christophercunningham/airflow_workspace/data-flow/data_flow_env/lib/python3.12/site-packages/airflow/example_dags/example_nested_branch_dag.py
[2024-07-01T09:59:15.856-0400] {processor.py:830} INFO - Processing file /Users/christophercunningham/airflow_workspace/data-flow/data_flow_env/lib/python3.12/site-packages/airflow/example_dags/example_nested_branch_dag.py for tasks to queue
[2024-07-01T09:59:15.857-0400] {logging_mixin.py:188} INFO - [2024-07-01T09:59:15.857-0400] {dagbag.py:545} INFO - Filling up the DagBag from /Users/christophercunningham/airflow_workspace/data-flow/data_flow_env/lib/python3.12/site-packages/airflow/example_dags/example_nested_branch_dag.py
[2024-07-01T09:59:15.890-0400] {processor.py:840} INFO - DAG(s) 'example_nested_branch_dag' retrieved from /Users/christophercunningham/airflow_workspace/data-flow/data_flow_env/lib/python3.12/site-packages/airflow/example_dags/example_nested_branch_dag.py
[2024-07-01T09:59:15.969-0400] {logging_mixin.py:188} INFO - [2024-07-01T09:59:15.968-0400] {dag.py:3096} INFO - Sync 1 DAGs
[2024-07-01T09:59:15.982-0400] {logging_mixin.py:188} INFO - [2024-07-01T09:59:15.982-0400] {dag.py:3954} INFO - Setting next_dagrun for example_nested_branch_dag to 2024-06-30 00:00:00+00:00, run_after=2024-07-01 00:00:00+00:00
[2024-07-01T09:59:15.998-0400] {processor.py:183} INFO - Processing /Users/christophercunningham/airflow_workspace/data-flow/data_flow_env/lib/python3.12/site-packages/airflow/example_dags/example_nested_branch_dag.py took 0.148 seconds
[2024-07-01T10:02:41.808-0400] {processor.py:161} INFO - Started process (PID=17237) to work on /Users/christophercunningham/airflow_workspace/data-flow/data_flow_env/lib/python3.12/site-packages/airflow/example_dags/example_nested_branch_dag.py
[2024-07-01T10:02:41.809-0400] {processor.py:830} INFO - Processing file /Users/christophercunningham/airflow_workspace/data-flow/data_flow_env/lib/python3.12/site-packages/airflow/example_dags/example_nested_branch_dag.py for tasks to queue
[2024-07-01T10:02:41.810-0400] {logging_mixin.py:188} INFO - [2024-07-01T10:02:41.810-0400] {dagbag.py:545} INFO - Filling up the DagBag from /Users/christophercunningham/airflow_workspace/data-flow/data_flow_env/lib/python3.12/site-packages/airflow/example_dags/example_nested_branch_dag.py
[2024-07-01T10:02:41.838-0400] {processor.py:840} INFO - DAG(s) 'example_nested_branch_dag' retrieved from /Users/christophercunningham/airflow_workspace/data-flow/data_flow_env/lib/python3.12/site-packages/airflow/example_dags/example_nested_branch_dag.py
[2024-07-01T10:02:41.918-0400] {logging_mixin.py:188} INFO - [2024-07-01T10:02:41.918-0400] {dag.py:3096} INFO - Sync 1 DAGs
[2024-07-01T10:02:41.931-0400] {logging_mixin.py:188} INFO - [2024-07-01T10:02:41.931-0400] {dag.py:3954} INFO - Setting next_dagrun for example_nested_branch_dag to 2024-06-30 00:00:00+00:00, run_after=2024-07-01 00:00:00+00:00
[2024-07-01T10:02:41.945-0400] {processor.py:183} INFO - Processing /Users/christophercunningham/airflow_workspace/data-flow/data_flow_env/lib/python3.12/site-packages/airflow/example_dags/example_nested_branch_dag.py took 0.142 seconds
[2024-07-01T10:06:22.203-0400] {processor.py:161} INFO - Started process (PID=17693) to work on /Users/christophercunningham/airflow_workspace/data-flow/data_flow_env/lib/python3.12/site-packages/airflow/example_dags/example_nested_branch_dag.py
[2024-07-01T10:06:22.205-0400] {processor.py:830} INFO - Processing file /Users/christophercunningham/airflow_workspace/data-flow/data_flow_env/lib/python3.12/site-packages/airflow/example_dags/example_nested_branch_dag.py for tasks to queue
[2024-07-01T10:06:22.205-0400] {logging_mixin.py:188} INFO - [2024-07-01T10:06:22.205-0400] {dagbag.py:545} INFO - Filling up the DagBag from /Users/christophercunningham/airflow_workspace/data-flow/data_flow_env/lib/python3.12/site-packages/airflow/example_dags/example_nested_branch_dag.py
[2024-07-01T10:06:22.238-0400] {processor.py:840} INFO - DAG(s) 'example_nested_branch_dag' retrieved from /Users/christophercunningham/airflow_workspace/data-flow/data_flow_env/lib/python3.12/site-packages/airflow/example_dags/example_nested_branch_dag.py
[2024-07-01T10:06:22.320-0400] {logging_mixin.py:188} INFO - [2024-07-01T10:06:22.320-0400] {dag.py:3096} INFO - Sync 1 DAGs
[2024-07-01T10:06:22.332-0400] {logging_mixin.py:188} INFO - [2024-07-01T10:06:22.332-0400] {dag.py:3954} INFO - Setting next_dagrun for example_nested_branch_dag to 2024-06-30 00:00:00+00:00, run_after=2024-07-01 00:00:00+00:00
[2024-07-01T10:06:22.345-0400] {processor.py:183} INFO - Processing /Users/christophercunningham/airflow_workspace/data-flow/data_flow_env/lib/python3.12/site-packages/airflow/example_dags/example_nested_branch_dag.py took 0.145 seconds
[2024-07-01T10:09:57.604-0400] {processor.py:161} INFO - Started process (PID=18135) to work on /Users/christophercunningham/airflow_workspace/data-flow/data_flow_env/lib/python3.12/site-packages/airflow/example_dags/example_nested_branch_dag.py
[2024-07-01T10:09:57.607-0400] {processor.py:830} INFO - Processing file /Users/christophercunningham/airflow_workspace/data-flow/data_flow_env/lib/python3.12/site-packages/airflow/example_dags/example_nested_branch_dag.py for tasks to queue
[2024-07-01T10:09:57.607-0400] {logging_mixin.py:188} INFO - [2024-07-01T10:09:57.607-0400] {dagbag.py:545} INFO - Filling up the DagBag from /Users/christophercunningham/airflow_workspace/data-flow/data_flow_env/lib/python3.12/site-packages/airflow/example_dags/example_nested_branch_dag.py
[2024-07-01T10:09:57.637-0400] {processor.py:840} INFO - DAG(s) 'example_nested_branch_dag' retrieved from /Users/christophercunningham/airflow_workspace/data-flow/data_flow_env/lib/python3.12/site-packages/airflow/example_dags/example_nested_branch_dag.py
[2024-07-01T10:09:57.712-0400] {logging_mixin.py:188} INFO - [2024-07-01T10:09:57.712-0400] {dag.py:3096} INFO - Sync 1 DAGs
[2024-07-01T10:09:57.724-0400] {logging_mixin.py:188} INFO - [2024-07-01T10:09:57.724-0400] {dag.py:3954} INFO - Setting next_dagrun for example_nested_branch_dag to 2024-06-30 00:00:00+00:00, run_after=2024-07-01 00:00:00+00:00
[2024-07-01T10:09:57.737-0400] {processor.py:183} INFO - Processing /Users/christophercunningham/airflow_workspace/data-flow/data_flow_env/lib/python3.12/site-packages/airflow/example_dags/example_nested_branch_dag.py took 0.138 seconds
[2024-07-01T10:13:17.685-0400] {processor.py:161} INFO - Started process (PID=18617) to work on /Users/christophercunningham/airflow_workspace/data-flow/data_flow_env/lib/python3.12/site-packages/airflow/example_dags/example_nested_branch_dag.py
[2024-07-01T10:13:17.687-0400] {processor.py:830} INFO - Processing file /Users/christophercunningham/airflow_workspace/data-flow/data_flow_env/lib/python3.12/site-packages/airflow/example_dags/example_nested_branch_dag.py for tasks to queue
[2024-07-01T10:13:17.687-0400] {logging_mixin.py:188} INFO - [2024-07-01T10:13:17.687-0400] {dagbag.py:545} INFO - Filling up the DagBag from /Users/christophercunningham/airflow_workspace/data-flow/data_flow_env/lib/python3.12/site-packages/airflow/example_dags/example_nested_branch_dag.py
[2024-07-01T10:13:17.717-0400] {processor.py:840} INFO - DAG(s) 'example_nested_branch_dag' retrieved from /Users/christophercunningham/airflow_workspace/data-flow/data_flow_env/lib/python3.12/site-packages/airflow/example_dags/example_nested_branch_dag.py
[2024-07-01T10:13:17.791-0400] {logging_mixin.py:188} INFO - [2024-07-01T10:13:17.790-0400] {dag.py:3096} INFO - Sync 1 DAGs
[2024-07-01T10:13:17.803-0400] {logging_mixin.py:188} INFO - [2024-07-01T10:13:17.803-0400] {dag.py:3954} INFO - Setting next_dagrun for example_nested_branch_dag to 2024-06-30 00:00:00+00:00, run_after=2024-07-01 00:00:00+00:00
[2024-07-01T10:13:17.815-0400] {processor.py:183} INFO - Processing /Users/christophercunningham/airflow_workspace/data-flow/data_flow_env/lib/python3.12/site-packages/airflow/example_dags/example_nested_branch_dag.py took 0.135 seconds
[2024-07-01T10:16:52.937-0400] {processor.py:161} INFO - Started process (PID=19092) to work on /Users/christophercunningham/airflow_workspace/data-flow/data_flow_env/lib/python3.12/site-packages/airflow/example_dags/example_nested_branch_dag.py
[2024-07-01T10:16:52.939-0400] {processor.py:830} INFO - Processing file /Users/christophercunningham/airflow_workspace/data-flow/data_flow_env/lib/python3.12/site-packages/airflow/example_dags/example_nested_branch_dag.py for tasks to queue
[2024-07-01T10:16:52.939-0400] {logging_mixin.py:188} INFO - [2024-07-01T10:16:52.939-0400] {dagbag.py:545} INFO - Filling up the DagBag from /Users/christophercunningham/airflow_workspace/data-flow/data_flow_env/lib/python3.12/site-packages/airflow/example_dags/example_nested_branch_dag.py
[2024-07-01T10:16:52.973-0400] {processor.py:840} INFO - DAG(s) 'example_nested_branch_dag' retrieved from /Users/christophercunningham/airflow_workspace/data-flow/data_flow_env/lib/python3.12/site-packages/airflow/example_dags/example_nested_branch_dag.py
[2024-07-01T10:16:53.053-0400] {logging_mixin.py:188} INFO - [2024-07-01T10:16:53.053-0400] {dag.py:3096} INFO - Sync 1 DAGs
[2024-07-01T10:16:53.067-0400] {logging_mixin.py:188} INFO - [2024-07-01T10:16:53.067-0400] {dag.py:3954} INFO - Setting next_dagrun for example_nested_branch_dag to 2024-06-30 00:00:00+00:00, run_after=2024-07-01 00:00:00+00:00
[2024-07-01T10:16:53.081-0400] {processor.py:183} INFO - Processing /Users/christophercunningham/airflow_workspace/data-flow/data_flow_env/lib/python3.12/site-packages/airflow/example_dags/example_nested_branch_dag.py took 0.147 seconds
[2024-07-01T10:40:06.590-0400] {processor.py:161} INFO - Started process (PID=21264) to work on /Users/christophercunningham/airflow_workspace/data-flow/data_flow_env/lib/python3.12/site-packages/airflow/example_dags/example_nested_branch_dag.py
[2024-07-01T10:40:06.591-0400] {processor.py:830} INFO - Processing file /Users/christophercunningham/airflow_workspace/data-flow/data_flow_env/lib/python3.12/site-packages/airflow/example_dags/example_nested_branch_dag.py for tasks to queue
[2024-07-01T10:40:06.592-0400] {logging_mixin.py:188} INFO - [2024-07-01T10:40:06.592-0400] {dagbag.py:545} INFO - Filling up the DagBag from /Users/christophercunningham/airflow_workspace/data-flow/data_flow_env/lib/python3.12/site-packages/airflow/example_dags/example_nested_branch_dag.py
[2024-07-01T10:40:06.642-0400] {processor.py:840} INFO - DAG(s) 'example_nested_branch_dag' retrieved from /Users/christophercunningham/airflow_workspace/data-flow/data_flow_env/lib/python3.12/site-packages/airflow/example_dags/example_nested_branch_dag.py
[2024-07-01T10:40:06.853-0400] {logging_mixin.py:188} INFO - [2024-07-01T10:40:06.853-0400] {dag.py:3096} INFO - Sync 1 DAGs
[2024-07-01T10:40:06.867-0400] {logging_mixin.py:188} INFO - [2024-07-01T10:40:06.867-0400] {dag.py:3954} INFO - Setting next_dagrun for example_nested_branch_dag to 2024-06-30 00:00:00+00:00, run_after=2024-07-01 00:00:00+00:00
[2024-07-01T10:40:06.883-0400] {processor.py:183} INFO - Processing /Users/christophercunningham/airflow_workspace/data-flow/data_flow_env/lib/python3.12/site-packages/airflow/example_dags/example_nested_branch_dag.py took 0.296 seconds
