[2024-07-01T09:32:06.925-0400] {processor.py:161} INFO - Started process (PID=13904) to work on /Users/christophercunningham/airflow_workspace/data-flow/data_flow_env/lib/python3.12/site-packages/airflow/example_dags/example_setup_teardown_taskflow.py
[2024-07-01T09:32:06.926-0400] {processor.py:830} INFO - Processing file /Users/christophercunningham/airflow_workspace/data-flow/data_flow_env/lib/python3.12/site-packages/airflow/example_dags/example_setup_teardown_taskflow.py for tasks to queue
[2024-07-01T09:32:06.926-0400] {logging_mixin.py:188} INFO - [2024-07-01T09:32:06.926-0400] {dagbag.py:545} INFO - Filling up the DagBag from /Users/christophercunningham/airflow_workspace/data-flow/data_flow_env/lib/python3.12/site-packages/airflow/example_dags/example_setup_teardown_taskflow.py
[2024-07-01T09:32:06.961-0400] {processor.py:840} INFO - DAG(s) 'example_setup_teardown_taskflow' retrieved from /Users/christophercunningham/airflow_workspace/data-flow/data_flow_env/lib/python3.12/site-packages/airflow/example_dags/example_setup_teardown_taskflow.py
[2024-07-01T09:32:07.167-0400] {logging_mixin.py:188} INFO - [2024-07-01T09:32:07.166-0400] {dag.py:3096} INFO - Sync 1 DAGs
[2024-07-01T09:32:07.182-0400] {logging_mixin.py:188} INFO - [2024-07-01T09:32:07.182-0400] {dag.py:3954} INFO - Setting next_dagrun for example_setup_teardown_taskflow to 2024-06-30 00:00:00+00:00, run_after=2024-07-01 00:00:00+00:00
[2024-07-01T09:32:07.198-0400] {processor.py:183} INFO - Processing /Users/christophercunningham/airflow_workspace/data-flow/data_flow_env/lib/python3.12/site-packages/airflow/example_dags/example_setup_teardown_taskflow.py took 0.278 seconds
[2024-07-01T09:34:21.736-0400] {processor.py:161} INFO - Started process (PID=14158) to work on /Users/christophercunningham/airflow_workspace/data-flow/data_flow_env/lib/python3.12/site-packages/airflow/example_dags/example_setup_teardown_taskflow.py
[2024-07-01T09:34:21.738-0400] {processor.py:830} INFO - Processing file /Users/christophercunningham/airflow_workspace/data-flow/data_flow_env/lib/python3.12/site-packages/airflow/example_dags/example_setup_teardown_taskflow.py for tasks to queue
[2024-07-01T09:34:21.739-0400] {logging_mixin.py:188} INFO - [2024-07-01T09:34:21.739-0400] {dagbag.py:545} INFO - Filling up the DagBag from /Users/christophercunningham/airflow_workspace/data-flow/data_flow_env/lib/python3.12/site-packages/airflow/example_dags/example_setup_teardown_taskflow.py
[2024-07-01T09:34:21.769-0400] {processor.py:840} INFO - DAG(s) 'example_setup_teardown_taskflow' retrieved from /Users/christophercunningham/airflow_workspace/data-flow/data_flow_env/lib/python3.12/site-packages/airflow/example_dags/example_setup_teardown_taskflow.py
[2024-07-01T09:34:21.842-0400] {logging_mixin.py:188} INFO - [2024-07-01T09:34:21.842-0400] {dag.py:3096} INFO - Sync 1 DAGs
[2024-07-01T09:34:21.854-0400] {logging_mixin.py:188} INFO - [2024-07-01T09:34:21.853-0400] {dag.py:3954} INFO - Setting next_dagrun for example_setup_teardown_taskflow to 2024-06-30 00:00:00+00:00, run_after=2024-07-01 00:00:00+00:00
[2024-07-01T09:34:21.866-0400] {processor.py:183} INFO - Processing /Users/christophercunningham/airflow_workspace/data-flow/data_flow_env/lib/python3.12/site-packages/airflow/example_dags/example_setup_teardown_taskflow.py took 0.135 seconds
[2024-07-01T09:36:06.451-0400] {processor.py:161} INFO - Started process (PID=14309) to work on /Users/christophercunningham/airflow_workspace/data-flow/data_flow_env/lib/python3.12/site-packages/airflow/example_dags/example_setup_teardown_taskflow.py
[2024-07-01T09:36:06.452-0400] {processor.py:830} INFO - Processing file /Users/christophercunningham/airflow_workspace/data-flow/data_flow_env/lib/python3.12/site-packages/airflow/example_dags/example_setup_teardown_taskflow.py for tasks to queue
[2024-07-01T09:36:06.453-0400] {logging_mixin.py:188} INFO - [2024-07-01T09:36:06.453-0400] {dagbag.py:545} INFO - Filling up the DagBag from /Users/christophercunningham/airflow_workspace/data-flow/data_flow_env/lib/python3.12/site-packages/airflow/example_dags/example_setup_teardown_taskflow.py
[2024-07-01T09:36:06.484-0400] {processor.py:840} INFO - DAG(s) 'example_setup_teardown_taskflow' retrieved from /Users/christophercunningham/airflow_workspace/data-flow/data_flow_env/lib/python3.12/site-packages/airflow/example_dags/example_setup_teardown_taskflow.py
[2024-07-01T09:36:06.560-0400] {logging_mixin.py:188} INFO - [2024-07-01T09:36:06.559-0400] {dag.py:3096} INFO - Sync 1 DAGs
[2024-07-01T09:36:06.572-0400] {logging_mixin.py:188} INFO - [2024-07-01T09:36:06.572-0400] {dag.py:3954} INFO - Setting next_dagrun for example_setup_teardown_taskflow to 2024-06-30 00:00:00+00:00, run_after=2024-07-01 00:00:00+00:00
[2024-07-01T09:36:06.599-0400] {processor.py:183} INFO - Processing /Users/christophercunningham/airflow_workspace/data-flow/data_flow_env/lib/python3.12/site-packages/airflow/example_dags/example_setup_teardown_taskflow.py took 0.152 seconds
[2024-07-01T09:37:51.593-0400] {processor.py:161} INFO - Started process (PID=14476) to work on /Users/christophercunningham/airflow_workspace/data-flow/data_flow_env/lib/python3.12/site-packages/airflow/example_dags/example_setup_teardown_taskflow.py
[2024-07-01T09:37:51.595-0400] {processor.py:830} INFO - Processing file /Users/christophercunningham/airflow_workspace/data-flow/data_flow_env/lib/python3.12/site-packages/airflow/example_dags/example_setup_teardown_taskflow.py for tasks to queue
[2024-07-01T09:37:51.595-0400] {logging_mixin.py:188} INFO - [2024-07-01T09:37:51.595-0400] {dagbag.py:545} INFO - Filling up the DagBag from /Users/christophercunningham/airflow_workspace/data-flow/data_flow_env/lib/python3.12/site-packages/airflow/example_dags/example_setup_teardown_taskflow.py
[2024-07-01T09:37:51.626-0400] {processor.py:840} INFO - DAG(s) 'example_setup_teardown_taskflow' retrieved from /Users/christophercunningham/airflow_workspace/data-flow/data_flow_env/lib/python3.12/site-packages/airflow/example_dags/example_setup_teardown_taskflow.py
[2024-07-01T09:37:51.700-0400] {logging_mixin.py:188} INFO - [2024-07-01T09:37:51.700-0400] {dag.py:3096} INFO - Sync 1 DAGs
[2024-07-01T09:37:51.711-0400] {logging_mixin.py:188} INFO - [2024-07-01T09:37:51.711-0400] {dag.py:3954} INFO - Setting next_dagrun for example_setup_teardown_taskflow to 2024-06-30 00:00:00+00:00, run_after=2024-07-01 00:00:00+00:00
[2024-07-01T09:37:51.724-0400] {processor.py:183} INFO - Processing /Users/christophercunningham/airflow_workspace/data-flow/data_flow_env/lib/python3.12/site-packages/airflow/example_dags/example_setup_teardown_taskflow.py took 0.135 seconds
[2024-07-01T09:39:40.010-0400] {processor.py:161} INFO - Started process (PID=14650) to work on /Users/christophercunningham/airflow_workspace/data-flow/data_flow_env/lib/python3.12/site-packages/airflow/example_dags/example_setup_teardown_taskflow.py
[2024-07-01T09:39:40.012-0400] {processor.py:830} INFO - Processing file /Users/christophercunningham/airflow_workspace/data-flow/data_flow_env/lib/python3.12/site-packages/airflow/example_dags/example_setup_teardown_taskflow.py for tasks to queue
[2024-07-01T09:39:40.012-0400] {logging_mixin.py:188} INFO - [2024-07-01T09:39:40.012-0400] {dagbag.py:545} INFO - Filling up the DagBag from /Users/christophercunningham/airflow_workspace/data-flow/data_flow_env/lib/python3.12/site-packages/airflow/example_dags/example_setup_teardown_taskflow.py
[2024-07-01T09:39:40.046-0400] {processor.py:840} INFO - DAG(s) 'example_setup_teardown_taskflow' retrieved from /Users/christophercunningham/airflow_workspace/data-flow/data_flow_env/lib/python3.12/site-packages/airflow/example_dags/example_setup_teardown_taskflow.py
[2024-07-01T09:39:40.129-0400] {logging_mixin.py:188} INFO - [2024-07-01T09:39:40.129-0400] {dag.py:3096} INFO - Sync 1 DAGs
[2024-07-01T09:39:40.141-0400] {logging_mixin.py:188} INFO - [2024-07-01T09:39:40.141-0400] {dag.py:3954} INFO - Setting next_dagrun for example_setup_teardown_taskflow to 2024-06-30 00:00:00+00:00, run_after=2024-07-01 00:00:00+00:00
[2024-07-01T09:39:40.154-0400] {processor.py:183} INFO - Processing /Users/christophercunningham/airflow_workspace/data-flow/data_flow_env/lib/python3.12/site-packages/airflow/example_dags/example_setup_teardown_taskflow.py took 0.148 seconds
[2024-07-01T09:41:24.216-0400] {processor.py:161} INFO - Started process (PID=14861) to work on /Users/christophercunningham/airflow_workspace/data-flow/data_flow_env/lib/python3.12/site-packages/airflow/example_dags/example_setup_teardown_taskflow.py
[2024-07-01T09:41:24.218-0400] {processor.py:830} INFO - Processing file /Users/christophercunningham/airflow_workspace/data-flow/data_flow_env/lib/python3.12/site-packages/airflow/example_dags/example_setup_teardown_taskflow.py for tasks to queue
[2024-07-01T09:41:24.219-0400] {logging_mixin.py:188} INFO - [2024-07-01T09:41:24.219-0400] {dagbag.py:545} INFO - Filling up the DagBag from /Users/christophercunningham/airflow_workspace/data-flow/data_flow_env/lib/python3.12/site-packages/airflow/example_dags/example_setup_teardown_taskflow.py
[2024-07-01T09:41:24.249-0400] {processor.py:840} INFO - DAG(s) 'example_setup_teardown_taskflow' retrieved from /Users/christophercunningham/airflow_workspace/data-flow/data_flow_env/lib/python3.12/site-packages/airflow/example_dags/example_setup_teardown_taskflow.py
[2024-07-01T09:41:24.326-0400] {logging_mixin.py:188} INFO - [2024-07-01T09:41:24.325-0400] {dag.py:3096} INFO - Sync 1 DAGs
[2024-07-01T09:41:24.338-0400] {logging_mixin.py:188} INFO - [2024-07-01T09:41:24.337-0400] {dag.py:3954} INFO - Setting next_dagrun for example_setup_teardown_taskflow to 2024-06-30 00:00:00+00:00, run_after=2024-07-01 00:00:00+00:00
[2024-07-01T09:41:24.353-0400] {processor.py:183} INFO - Processing /Users/christophercunningham/airflow_workspace/data-flow/data_flow_env/lib/python3.12/site-packages/airflow/example_dags/example_setup_teardown_taskflow.py took 0.141 seconds
[2024-07-01T09:43:10.867-0400] {processor.py:161} INFO - Started process (PID=15027) to work on /Users/christophercunningham/airflow_workspace/data-flow/data_flow_env/lib/python3.12/site-packages/airflow/example_dags/example_setup_teardown_taskflow.py
[2024-07-01T09:43:10.868-0400] {processor.py:830} INFO - Processing file /Users/christophercunningham/airflow_workspace/data-flow/data_flow_env/lib/python3.12/site-packages/airflow/example_dags/example_setup_teardown_taskflow.py for tasks to queue
[2024-07-01T09:43:10.869-0400] {logging_mixin.py:188} INFO - [2024-07-01T09:43:10.869-0400] {dagbag.py:545} INFO - Filling up the DagBag from /Users/christophercunningham/airflow_workspace/data-flow/data_flow_env/lib/python3.12/site-packages/airflow/example_dags/example_setup_teardown_taskflow.py
[2024-07-01T09:43:10.899-0400] {processor.py:840} INFO - DAG(s) 'example_setup_teardown_taskflow' retrieved from /Users/christophercunningham/airflow_workspace/data-flow/data_flow_env/lib/python3.12/site-packages/airflow/example_dags/example_setup_teardown_taskflow.py
[2024-07-01T09:43:10.978-0400] {logging_mixin.py:188} INFO - [2024-07-01T09:43:10.978-0400] {dag.py:3096} INFO - Sync 1 DAGs
[2024-07-01T09:43:10.991-0400] {logging_mixin.py:188} INFO - [2024-07-01T09:43:10.990-0400] {dag.py:3954} INFO - Setting next_dagrun for example_setup_teardown_taskflow to 2024-06-30 00:00:00+00:00, run_after=2024-07-01 00:00:00+00:00
[2024-07-01T09:43:11.004-0400] {processor.py:183} INFO - Processing /Users/christophercunningham/airflow_workspace/data-flow/data_flow_env/lib/python3.12/site-packages/airflow/example_dags/example_setup_teardown_taskflow.py took 0.141 seconds
[2024-07-01T09:45:01.236-0400] {processor.py:161} INFO - Started process (PID=15200) to work on /Users/christophercunningham/airflow_workspace/data-flow/data_flow_env/lib/python3.12/site-packages/airflow/example_dags/example_setup_teardown_taskflow.py
[2024-07-01T09:45:01.238-0400] {processor.py:830} INFO - Processing file /Users/christophercunningham/airflow_workspace/data-flow/data_flow_env/lib/python3.12/site-packages/airflow/example_dags/example_setup_teardown_taskflow.py for tasks to queue
[2024-07-01T09:45:01.238-0400] {logging_mixin.py:188} INFO - [2024-07-01T09:45:01.238-0400] {dagbag.py:545} INFO - Filling up the DagBag from /Users/christophercunningham/airflow_workspace/data-flow/data_flow_env/lib/python3.12/site-packages/airflow/example_dags/example_setup_teardown_taskflow.py
[2024-07-01T09:45:01.269-0400] {processor.py:840} INFO - DAG(s) 'example_setup_teardown_taskflow' retrieved from /Users/christophercunningham/airflow_workspace/data-flow/data_flow_env/lib/python3.12/site-packages/airflow/example_dags/example_setup_teardown_taskflow.py
[2024-07-01T09:45:01.342-0400] {logging_mixin.py:188} INFO - [2024-07-01T09:45:01.342-0400] {dag.py:3096} INFO - Sync 1 DAGs
[2024-07-01T09:45:01.354-0400] {logging_mixin.py:188} INFO - [2024-07-01T09:45:01.353-0400] {dag.py:3954} INFO - Setting next_dagrun for example_setup_teardown_taskflow to 2024-06-30 00:00:00+00:00, run_after=2024-07-01 00:00:00+00:00
[2024-07-01T09:45:01.368-0400] {processor.py:183} INFO - Processing /Users/christophercunningham/airflow_workspace/data-flow/data_flow_env/lib/python3.12/site-packages/airflow/example_dags/example_setup_teardown_taskflow.py took 0.137 seconds
[2024-07-01T09:46:48.807-0400] {processor.py:161} INFO - Started process (PID=15366) to work on /Users/christophercunningham/airflow_workspace/data-flow/data_flow_env/lib/python3.12/site-packages/airflow/example_dags/example_setup_teardown_taskflow.py
[2024-07-01T09:46:48.809-0400] {processor.py:830} INFO - Processing file /Users/christophercunningham/airflow_workspace/data-flow/data_flow_env/lib/python3.12/site-packages/airflow/example_dags/example_setup_teardown_taskflow.py for tasks to queue
[2024-07-01T09:46:48.810-0400] {logging_mixin.py:188} INFO - [2024-07-01T09:46:48.809-0400] {dagbag.py:545} INFO - Filling up the DagBag from /Users/christophercunningham/airflow_workspace/data-flow/data_flow_env/lib/python3.12/site-packages/airflow/example_dags/example_setup_teardown_taskflow.py
[2024-07-01T09:46:48.844-0400] {processor.py:840} INFO - DAG(s) 'example_setup_teardown_taskflow' retrieved from /Users/christophercunningham/airflow_workspace/data-flow/data_flow_env/lib/python3.12/site-packages/airflow/example_dags/example_setup_teardown_taskflow.py
[2024-07-01T09:46:48.924-0400] {logging_mixin.py:188} INFO - [2024-07-01T09:46:48.924-0400] {dag.py:3096} INFO - Sync 1 DAGs
[2024-07-01T09:46:48.936-0400] {logging_mixin.py:188} INFO - [2024-07-01T09:46:48.936-0400] {dag.py:3954} INFO - Setting next_dagrun for example_setup_teardown_taskflow to 2024-06-30 00:00:00+00:00, run_after=2024-07-01 00:00:00+00:00
[2024-07-01T09:46:48.949-0400] {processor.py:183} INFO - Processing /Users/christophercunningham/airflow_workspace/data-flow/data_flow_env/lib/python3.12/site-packages/airflow/example_dags/example_setup_teardown_taskflow.py took 0.146 seconds
[2024-07-01T09:48:35.248-0400] {processor.py:161} INFO - Started process (PID=15520) to work on /Users/christophercunningham/airflow_workspace/data-flow/data_flow_env/lib/python3.12/site-packages/airflow/example_dags/example_setup_teardown_taskflow.py
[2024-07-01T09:48:35.249-0400] {processor.py:830} INFO - Processing file /Users/christophercunningham/airflow_workspace/data-flow/data_flow_env/lib/python3.12/site-packages/airflow/example_dags/example_setup_teardown_taskflow.py for tasks to queue
[2024-07-01T09:48:35.249-0400] {logging_mixin.py:188} INFO - [2024-07-01T09:48:35.249-0400] {dagbag.py:545} INFO - Filling up the DagBag from /Users/christophercunningham/airflow_workspace/data-flow/data_flow_env/lib/python3.12/site-packages/airflow/example_dags/example_setup_teardown_taskflow.py
[2024-07-01T09:48:35.283-0400] {processor.py:840} INFO - DAG(s) 'example_setup_teardown_taskflow' retrieved from /Users/christophercunningham/airflow_workspace/data-flow/data_flow_env/lib/python3.12/site-packages/airflow/example_dags/example_setup_teardown_taskflow.py
[2024-07-01T09:48:35.361-0400] {logging_mixin.py:188} INFO - [2024-07-01T09:48:35.361-0400] {dag.py:3096} INFO - Sync 1 DAGs
[2024-07-01T09:48:35.373-0400] {logging_mixin.py:188} INFO - [2024-07-01T09:48:35.373-0400] {dag.py:3954} INFO - Setting next_dagrun for example_setup_teardown_taskflow to 2024-06-30 00:00:00+00:00, run_after=2024-07-01 00:00:00+00:00
[2024-07-01T09:48:35.387-0400] {processor.py:183} INFO - Processing /Users/christophercunningham/airflow_workspace/data-flow/data_flow_env/lib/python3.12/site-packages/airflow/example_dags/example_setup_teardown_taskflow.py took 0.144 seconds
[2024-07-01T09:50:23.422-0400] {processor.py:161} INFO - Started process (PID=15724) to work on /Users/christophercunningham/airflow_workspace/data-flow/data_flow_env/lib/python3.12/site-packages/airflow/example_dags/example_setup_teardown_taskflow.py
[2024-07-01T09:50:23.423-0400] {processor.py:830} INFO - Processing file /Users/christophercunningham/airflow_workspace/data-flow/data_flow_env/lib/python3.12/site-packages/airflow/example_dags/example_setup_teardown_taskflow.py for tasks to queue
[2024-07-01T09:50:23.424-0400] {logging_mixin.py:188} INFO - [2024-07-01T09:50:23.423-0400] {dagbag.py:545} INFO - Filling up the DagBag from /Users/christophercunningham/airflow_workspace/data-flow/data_flow_env/lib/python3.12/site-packages/airflow/example_dags/example_setup_teardown_taskflow.py
[2024-07-01T09:50:23.453-0400] {processor.py:840} INFO - DAG(s) 'example_setup_teardown_taskflow' retrieved from /Users/christophercunningham/airflow_workspace/data-flow/data_flow_env/lib/python3.12/site-packages/airflow/example_dags/example_setup_teardown_taskflow.py
[2024-07-01T09:50:23.530-0400] {logging_mixin.py:188} INFO - [2024-07-01T09:50:23.530-0400] {dag.py:3096} INFO - Sync 1 DAGs
[2024-07-01T09:50:23.542-0400] {logging_mixin.py:188} INFO - [2024-07-01T09:50:23.542-0400] {dag.py:3954} INFO - Setting next_dagrun for example_setup_teardown_taskflow to 2024-06-30 00:00:00+00:00, run_after=2024-07-01 00:00:00+00:00
[2024-07-01T09:50:23.555-0400] {processor.py:183} INFO - Processing /Users/christophercunningham/airflow_workspace/data-flow/data_flow_env/lib/python3.12/site-packages/airflow/example_dags/example_setup_teardown_taskflow.py took 0.138 seconds
[2024-07-01T09:52:12.255-0400] {processor.py:161} INFO - Started process (PID=15899) to work on /Users/christophercunningham/airflow_workspace/data-flow/data_flow_env/lib/python3.12/site-packages/airflow/example_dags/example_setup_teardown_taskflow.py
[2024-07-01T09:52:12.256-0400] {processor.py:830} INFO - Processing file /Users/christophercunningham/airflow_workspace/data-flow/data_flow_env/lib/python3.12/site-packages/airflow/example_dags/example_setup_teardown_taskflow.py for tasks to queue
[2024-07-01T09:52:12.257-0400] {logging_mixin.py:188} INFO - [2024-07-01T09:52:12.257-0400] {dagbag.py:545} INFO - Filling up the DagBag from /Users/christophercunningham/airflow_workspace/data-flow/data_flow_env/lib/python3.12/site-packages/airflow/example_dags/example_setup_teardown_taskflow.py
[2024-07-01T09:52:12.288-0400] {processor.py:840} INFO - DAG(s) 'example_setup_teardown_taskflow' retrieved from /Users/christophercunningham/airflow_workspace/data-flow/data_flow_env/lib/python3.12/site-packages/airflow/example_dags/example_setup_teardown_taskflow.py
[2024-07-01T09:52:12.372-0400] {logging_mixin.py:188} INFO - [2024-07-01T09:52:12.371-0400] {dag.py:3096} INFO - Sync 1 DAGs
[2024-07-01T09:52:12.384-0400] {logging_mixin.py:188} INFO - [2024-07-01T09:52:12.384-0400] {dag.py:3954} INFO - Setting next_dagrun for example_setup_teardown_taskflow to 2024-06-30 00:00:00+00:00, run_after=2024-07-01 00:00:00+00:00
[2024-07-01T09:52:12.397-0400] {processor.py:183} INFO - Processing /Users/christophercunningham/airflow_workspace/data-flow/data_flow_env/lib/python3.12/site-packages/airflow/example_dags/example_setup_teardown_taskflow.py took 0.147 seconds
[2024-07-01T09:53:51.953-0400] {processor.py:161} INFO - Started process (PID=16063) to work on /Users/christophercunningham/airflow_workspace/data-flow/data_flow_env/lib/python3.12/site-packages/airflow/example_dags/example_setup_teardown_taskflow.py
[2024-07-01T09:53:51.954-0400] {processor.py:830} INFO - Processing file /Users/christophercunningham/airflow_workspace/data-flow/data_flow_env/lib/python3.12/site-packages/airflow/example_dags/example_setup_teardown_taskflow.py for tasks to queue
[2024-07-01T09:53:51.955-0400] {logging_mixin.py:188} INFO - [2024-07-01T09:53:51.955-0400] {dagbag.py:545} INFO - Filling up the DagBag from /Users/christophercunningham/airflow_workspace/data-flow/data_flow_env/lib/python3.12/site-packages/airflow/example_dags/example_setup_teardown_taskflow.py
[2024-07-01T09:53:51.987-0400] {processor.py:840} INFO - DAG(s) 'example_setup_teardown_taskflow' retrieved from /Users/christophercunningham/airflow_workspace/data-flow/data_flow_env/lib/python3.12/site-packages/airflow/example_dags/example_setup_teardown_taskflow.py
[2024-07-01T09:53:52.061-0400] {logging_mixin.py:188} INFO - [2024-07-01T09:53:52.060-0400] {dag.py:3096} INFO - Sync 1 DAGs
[2024-07-01T09:53:52.072-0400] {logging_mixin.py:188} INFO - [2024-07-01T09:53:52.072-0400] {dag.py:3954} INFO - Setting next_dagrun for example_setup_teardown_taskflow to 2024-06-30 00:00:00+00:00, run_after=2024-07-01 00:00:00+00:00
[2024-07-01T09:53:52.085-0400] {processor.py:183} INFO - Processing /Users/christophercunningham/airflow_workspace/data-flow/data_flow_env/lib/python3.12/site-packages/airflow/example_dags/example_setup_teardown_taskflow.py took 0.137 seconds
[2024-07-01T09:55:32.154-0400] {processor.py:161} INFO - Started process (PID=16292) to work on /Users/christophercunningham/airflow_workspace/data-flow/data_flow_env/lib/python3.12/site-packages/airflow/example_dags/example_setup_teardown_taskflow.py
[2024-07-01T09:55:32.156-0400] {processor.py:830} INFO - Processing file /Users/christophercunningham/airflow_workspace/data-flow/data_flow_env/lib/python3.12/site-packages/airflow/example_dags/example_setup_teardown_taskflow.py for tasks to queue
[2024-07-01T09:55:32.157-0400] {logging_mixin.py:188} INFO - [2024-07-01T09:55:32.157-0400] {dagbag.py:545} INFO - Filling up the DagBag from /Users/christophercunningham/airflow_workspace/data-flow/data_flow_env/lib/python3.12/site-packages/airflow/example_dags/example_setup_teardown_taskflow.py
[2024-07-01T09:55:32.185-0400] {processor.py:840} INFO - DAG(s) 'example_setup_teardown_taskflow' retrieved from /Users/christophercunningham/airflow_workspace/data-flow/data_flow_env/lib/python3.12/site-packages/airflow/example_dags/example_setup_teardown_taskflow.py
[2024-07-01T09:55:32.258-0400] {logging_mixin.py:188} INFO - [2024-07-01T09:55:32.257-0400] {dag.py:3096} INFO - Sync 1 DAGs
[2024-07-01T09:55:32.270-0400] {logging_mixin.py:188} INFO - [2024-07-01T09:55:32.270-0400] {dag.py:3954} INFO - Setting next_dagrun for example_setup_teardown_taskflow to 2024-06-30 00:00:00+00:00, run_after=2024-07-01 00:00:00+00:00
[2024-07-01T09:55:32.283-0400] {processor.py:183} INFO - Processing /Users/christophercunningham/airflow_workspace/data-flow/data_flow_env/lib/python3.12/site-packages/airflow/example_dags/example_setup_teardown_taskflow.py took 0.133 seconds
[2024-07-01T09:57:13.841-0400] {processor.py:161} INFO - Started process (PID=16506) to work on /Users/christophercunningham/airflow_workspace/data-flow/data_flow_env/lib/python3.12/site-packages/airflow/example_dags/example_setup_teardown_taskflow.py
[2024-07-01T09:57:13.842-0400] {processor.py:830} INFO - Processing file /Users/christophercunningham/airflow_workspace/data-flow/data_flow_env/lib/python3.12/site-packages/airflow/example_dags/example_setup_teardown_taskflow.py for tasks to queue
[2024-07-01T09:57:13.843-0400] {logging_mixin.py:188} INFO - [2024-07-01T09:57:13.843-0400] {dagbag.py:545} INFO - Filling up the DagBag from /Users/christophercunningham/airflow_workspace/data-flow/data_flow_env/lib/python3.12/site-packages/airflow/example_dags/example_setup_teardown_taskflow.py
[2024-07-01T09:57:13.878-0400] {processor.py:840} INFO - DAG(s) 'example_setup_teardown_taskflow' retrieved from /Users/christophercunningham/airflow_workspace/data-flow/data_flow_env/lib/python3.12/site-packages/airflow/example_dags/example_setup_teardown_taskflow.py
[2024-07-01T09:57:13.957-0400] {logging_mixin.py:188} INFO - [2024-07-01T09:57:13.957-0400] {dag.py:3096} INFO - Sync 1 DAGs
[2024-07-01T09:57:13.970-0400] {logging_mixin.py:188} INFO - [2024-07-01T09:57:13.970-0400] {dag.py:3954} INFO - Setting next_dagrun for example_setup_teardown_taskflow to 2024-06-30 00:00:00+00:00, run_after=2024-07-01 00:00:00+00:00
[2024-07-01T09:57:13.983-0400] {processor.py:183} INFO - Processing /Users/christophercunningham/airflow_workspace/data-flow/data_flow_env/lib/python3.12/site-packages/airflow/example_dags/example_setup_teardown_taskflow.py took 0.147 seconds
[2024-07-01T09:58:57.397-0400] {processor.py:161} INFO - Started process (PID=16733) to work on /Users/christophercunningham/airflow_workspace/data-flow/data_flow_env/lib/python3.12/site-packages/airflow/example_dags/example_setup_teardown_taskflow.py
[2024-07-01T09:58:57.398-0400] {processor.py:830} INFO - Processing file /Users/christophercunningham/airflow_workspace/data-flow/data_flow_env/lib/python3.12/site-packages/airflow/example_dags/example_setup_teardown_taskflow.py for tasks to queue
[2024-07-01T09:58:57.399-0400] {logging_mixin.py:188} INFO - [2024-07-01T09:58:57.399-0400] {dagbag.py:545} INFO - Filling up the DagBag from /Users/christophercunningham/airflow_workspace/data-flow/data_flow_env/lib/python3.12/site-packages/airflow/example_dags/example_setup_teardown_taskflow.py
[2024-07-01T09:58:57.432-0400] {processor.py:840} INFO - DAG(s) 'example_setup_teardown_taskflow' retrieved from /Users/christophercunningham/airflow_workspace/data-flow/data_flow_env/lib/python3.12/site-packages/airflow/example_dags/example_setup_teardown_taskflow.py
[2024-07-01T09:58:57.513-0400] {logging_mixin.py:188} INFO - [2024-07-01T09:58:57.513-0400] {dag.py:3096} INFO - Sync 1 DAGs
[2024-07-01T09:58:57.525-0400] {logging_mixin.py:188} INFO - [2024-07-01T09:58:57.525-0400] {dag.py:3954} INFO - Setting next_dagrun for example_setup_teardown_taskflow to 2024-06-30 00:00:00+00:00, run_after=2024-07-01 00:00:00+00:00
[2024-07-01T09:58:57.538-0400] {processor.py:183} INFO - Processing /Users/christophercunningham/airflow_workspace/data-flow/data_flow_env/lib/python3.12/site-packages/airflow/example_dags/example_setup_teardown_taskflow.py took 0.145 seconds
[2024-07-01T10:00:40.216-0400] {processor.py:161} INFO - Started process (PID=16990) to work on /Users/christophercunningham/airflow_workspace/data-flow/data_flow_env/lib/python3.12/site-packages/airflow/example_dags/example_setup_teardown_taskflow.py
[2024-07-01T10:00:40.218-0400] {processor.py:830} INFO - Processing file /Users/christophercunningham/airflow_workspace/data-flow/data_flow_env/lib/python3.12/site-packages/airflow/example_dags/example_setup_teardown_taskflow.py for tasks to queue
[2024-07-01T10:00:40.218-0400] {logging_mixin.py:188} INFO - [2024-07-01T10:00:40.218-0400] {dagbag.py:545} INFO - Filling up the DagBag from /Users/christophercunningham/airflow_workspace/data-flow/data_flow_env/lib/python3.12/site-packages/airflow/example_dags/example_setup_teardown_taskflow.py
[2024-07-01T10:00:40.248-0400] {processor.py:840} INFO - DAG(s) 'example_setup_teardown_taskflow' retrieved from /Users/christophercunningham/airflow_workspace/data-flow/data_flow_env/lib/python3.12/site-packages/airflow/example_dags/example_setup_teardown_taskflow.py
[2024-07-01T10:00:40.324-0400] {logging_mixin.py:188} INFO - [2024-07-01T10:00:40.324-0400] {dag.py:3096} INFO - Sync 1 DAGs
[2024-07-01T10:00:40.337-0400] {logging_mixin.py:188} INFO - [2024-07-01T10:00:40.336-0400] {dag.py:3954} INFO - Setting next_dagrun for example_setup_teardown_taskflow to 2024-06-30 00:00:00+00:00, run_after=2024-07-01 00:00:00+00:00
[2024-07-01T10:00:40.349-0400] {processor.py:183} INFO - Processing /Users/christophercunningham/airflow_workspace/data-flow/data_flow_env/lib/python3.12/site-packages/airflow/example_dags/example_setup_teardown_taskflow.py took 0.137 seconds
[2024-07-01T10:02:22.759-0400] {processor.py:161} INFO - Started process (PID=17200) to work on /Users/christophercunningham/airflow_workspace/data-flow/data_flow_env/lib/python3.12/site-packages/airflow/example_dags/example_setup_teardown_taskflow.py
[2024-07-01T10:02:22.760-0400] {processor.py:830} INFO - Processing file /Users/christophercunningham/airflow_workspace/data-flow/data_flow_env/lib/python3.12/site-packages/airflow/example_dags/example_setup_teardown_taskflow.py for tasks to queue
[2024-07-01T10:02:22.761-0400] {logging_mixin.py:188} INFO - [2024-07-01T10:02:22.761-0400] {dagbag.py:545} INFO - Filling up the DagBag from /Users/christophercunningham/airflow_workspace/data-flow/data_flow_env/lib/python3.12/site-packages/airflow/example_dags/example_setup_teardown_taskflow.py
[2024-07-01T10:02:22.790-0400] {processor.py:840} INFO - DAG(s) 'example_setup_teardown_taskflow' retrieved from /Users/christophercunningham/airflow_workspace/data-flow/data_flow_env/lib/python3.12/site-packages/airflow/example_dags/example_setup_teardown_taskflow.py
[2024-07-01T10:02:22.869-0400] {logging_mixin.py:188} INFO - [2024-07-01T10:02:22.869-0400] {dag.py:3096} INFO - Sync 1 DAGs
[2024-07-01T10:02:22.881-0400] {logging_mixin.py:188} INFO - [2024-07-01T10:02:22.881-0400] {dag.py:3954} INFO - Setting next_dagrun for example_setup_teardown_taskflow to 2024-06-30 00:00:00+00:00, run_after=2024-07-01 00:00:00+00:00
[2024-07-01T10:02:22.894-0400] {processor.py:183} INFO - Processing /Users/christophercunningham/airflow_workspace/data-flow/data_flow_env/lib/python3.12/site-packages/airflow/example_dags/example_setup_teardown_taskflow.py took 0.139 seconds
[2024-07-01T10:04:09.270-0400] {processor.py:161} INFO - Started process (PID=17414) to work on /Users/christophercunningham/airflow_workspace/data-flow/data_flow_env/lib/python3.12/site-packages/airflow/example_dags/example_setup_teardown_taskflow.py
[2024-07-01T10:04:09.271-0400] {processor.py:830} INFO - Processing file /Users/christophercunningham/airflow_workspace/data-flow/data_flow_env/lib/python3.12/site-packages/airflow/example_dags/example_setup_teardown_taskflow.py for tasks to queue
[2024-07-01T10:04:09.272-0400] {logging_mixin.py:188} INFO - [2024-07-01T10:04:09.271-0400] {dagbag.py:545} INFO - Filling up the DagBag from /Users/christophercunningham/airflow_workspace/data-flow/data_flow_env/lib/python3.12/site-packages/airflow/example_dags/example_setup_teardown_taskflow.py
[2024-07-01T10:04:09.308-0400] {processor.py:840} INFO - DAG(s) 'example_setup_teardown_taskflow' retrieved from /Users/christophercunningham/airflow_workspace/data-flow/data_flow_env/lib/python3.12/site-packages/airflow/example_dags/example_setup_teardown_taskflow.py
[2024-07-01T10:04:09.389-0400] {logging_mixin.py:188} INFO - [2024-07-01T10:04:09.388-0400] {dag.py:3096} INFO - Sync 1 DAGs
[2024-07-01T10:04:09.401-0400] {logging_mixin.py:188} INFO - [2024-07-01T10:04:09.401-0400] {dag.py:3954} INFO - Setting next_dagrun for example_setup_teardown_taskflow to 2024-06-30 00:00:00+00:00, run_after=2024-07-01 00:00:00+00:00
[2024-07-01T10:04:09.415-0400] {processor.py:183} INFO - Processing /Users/christophercunningham/airflow_workspace/data-flow/data_flow_env/lib/python3.12/site-packages/airflow/example_dags/example_setup_teardown_taskflow.py took 0.149 seconds
[2024-07-01T10:06:00.343-0400] {processor.py:161} INFO - Started process (PID=17645) to work on /Users/christophercunningham/airflow_workspace/data-flow/data_flow_env/lib/python3.12/site-packages/airflow/example_dags/example_setup_teardown_taskflow.py
[2024-07-01T10:06:00.346-0400] {processor.py:830} INFO - Processing file /Users/christophercunningham/airflow_workspace/data-flow/data_flow_env/lib/python3.12/site-packages/airflow/example_dags/example_setup_teardown_taskflow.py for tasks to queue
[2024-07-01T10:06:00.347-0400] {logging_mixin.py:188} INFO - [2024-07-01T10:06:00.347-0400] {dagbag.py:545} INFO - Filling up the DagBag from /Users/christophercunningham/airflow_workspace/data-flow/data_flow_env/lib/python3.12/site-packages/airflow/example_dags/example_setup_teardown_taskflow.py
[2024-07-01T10:06:00.377-0400] {processor.py:840} INFO - DAG(s) 'example_setup_teardown_taskflow' retrieved from /Users/christophercunningham/airflow_workspace/data-flow/data_flow_env/lib/python3.12/site-packages/airflow/example_dags/example_setup_teardown_taskflow.py
[2024-07-01T10:06:00.458-0400] {logging_mixin.py:188} INFO - [2024-07-01T10:06:00.458-0400] {dag.py:3096} INFO - Sync 1 DAGs
[2024-07-01T10:06:00.470-0400] {logging_mixin.py:188} INFO - [2024-07-01T10:06:00.470-0400] {dag.py:3954} INFO - Setting next_dagrun for example_setup_teardown_taskflow to 2024-06-30 00:00:00+00:00, run_after=2024-07-01 00:00:00+00:00
[2024-07-01T10:06:00.483-0400] {processor.py:183} INFO - Processing /Users/christophercunningham/airflow_workspace/data-flow/data_flow_env/lib/python3.12/site-packages/airflow/example_dags/example_setup_teardown_taskflow.py took 0.144 seconds
[2024-07-01T10:07:50.484-0400] {processor.py:161} INFO - Started process (PID=17878) to work on /Users/christophercunningham/airflow_workspace/data-flow/data_flow_env/lib/python3.12/site-packages/airflow/example_dags/example_setup_teardown_taskflow.py
[2024-07-01T10:07:50.486-0400] {processor.py:830} INFO - Processing file /Users/christophercunningham/airflow_workspace/data-flow/data_flow_env/lib/python3.12/site-packages/airflow/example_dags/example_setup_teardown_taskflow.py for tasks to queue
[2024-07-01T10:07:50.486-0400] {logging_mixin.py:188} INFO - [2024-07-01T10:07:50.486-0400] {dagbag.py:545} INFO - Filling up the DagBag from /Users/christophercunningham/airflow_workspace/data-flow/data_flow_env/lib/python3.12/site-packages/airflow/example_dags/example_setup_teardown_taskflow.py
[2024-07-01T10:07:50.525-0400] {processor.py:840} INFO - DAG(s) 'example_setup_teardown_taskflow' retrieved from /Users/christophercunningham/airflow_workspace/data-flow/data_flow_env/lib/python3.12/site-packages/airflow/example_dags/example_setup_teardown_taskflow.py
[2024-07-01T10:07:50.617-0400] {logging_mixin.py:188} INFO - [2024-07-01T10:07:50.617-0400] {dag.py:3096} INFO - Sync 1 DAGs
[2024-07-01T10:07:50.632-0400] {logging_mixin.py:188} INFO - [2024-07-01T10:07:50.632-0400] {dag.py:3954} INFO - Setting next_dagrun for example_setup_teardown_taskflow to 2024-06-30 00:00:00+00:00, run_after=2024-07-01 00:00:00+00:00
[2024-07-01T10:07:50.648-0400] {processor.py:183} INFO - Processing /Users/christophercunningham/airflow_workspace/data-flow/data_flow_env/lib/python3.12/site-packages/airflow/example_dags/example_setup_teardown_taskflow.py took 0.167 seconds
[2024-07-01T10:09:36.702-0400] {processor.py:161} INFO - Started process (PID=18094) to work on /Users/christophercunningham/airflow_workspace/data-flow/data_flow_env/lib/python3.12/site-packages/airflow/example_dags/example_setup_teardown_taskflow.py
[2024-07-01T10:09:36.703-0400] {processor.py:830} INFO - Processing file /Users/christophercunningham/airflow_workspace/data-flow/data_flow_env/lib/python3.12/site-packages/airflow/example_dags/example_setup_teardown_taskflow.py for tasks to queue
[2024-07-01T10:09:36.704-0400] {logging_mixin.py:188} INFO - [2024-07-01T10:09:36.704-0400] {dagbag.py:545} INFO - Filling up the DagBag from /Users/christophercunningham/airflow_workspace/data-flow/data_flow_env/lib/python3.12/site-packages/airflow/example_dags/example_setup_teardown_taskflow.py
[2024-07-01T10:09:36.733-0400] {processor.py:840} INFO - DAG(s) 'example_setup_teardown_taskflow' retrieved from /Users/christophercunningham/airflow_workspace/data-flow/data_flow_env/lib/python3.12/site-packages/airflow/example_dags/example_setup_teardown_taskflow.py
[2024-07-01T10:09:36.809-0400] {logging_mixin.py:188} INFO - [2024-07-01T10:09:36.809-0400] {dag.py:3096} INFO - Sync 1 DAGs
[2024-07-01T10:09:36.822-0400] {logging_mixin.py:188} INFO - [2024-07-01T10:09:36.822-0400] {dag.py:3954} INFO - Setting next_dagrun for example_setup_teardown_taskflow to 2024-06-30 00:00:00+00:00, run_after=2024-07-01 00:00:00+00:00
[2024-07-01T10:09:36.834-0400] {processor.py:183} INFO - Processing /Users/christophercunningham/airflow_workspace/data-flow/data_flow_env/lib/python3.12/site-packages/airflow/example_dags/example_setup_teardown_taskflow.py took 0.137 seconds
[2024-07-01T10:11:19.430-0400] {processor.py:161} INFO - Started process (PID=18354) to work on /Users/christophercunningham/airflow_workspace/data-flow/data_flow_env/lib/python3.12/site-packages/airflow/example_dags/example_setup_teardown_taskflow.py
[2024-07-01T10:11:19.432-0400] {processor.py:830} INFO - Processing file /Users/christophercunningham/airflow_workspace/data-flow/data_flow_env/lib/python3.12/site-packages/airflow/example_dags/example_setup_teardown_taskflow.py for tasks to queue
[2024-07-01T10:11:19.433-0400] {logging_mixin.py:188} INFO - [2024-07-01T10:11:19.432-0400] {dagbag.py:545} INFO - Filling up the DagBag from /Users/christophercunningham/airflow_workspace/data-flow/data_flow_env/lib/python3.12/site-packages/airflow/example_dags/example_setup_teardown_taskflow.py
[2024-07-01T10:11:19.464-0400] {processor.py:840} INFO - DAG(s) 'example_setup_teardown_taskflow' retrieved from /Users/christophercunningham/airflow_workspace/data-flow/data_flow_env/lib/python3.12/site-packages/airflow/example_dags/example_setup_teardown_taskflow.py
[2024-07-01T10:11:19.540-0400] {logging_mixin.py:188} INFO - [2024-07-01T10:11:19.539-0400] {dag.py:3096} INFO - Sync 1 DAGs
[2024-07-01T10:11:19.551-0400] {logging_mixin.py:188} INFO - [2024-07-01T10:11:19.551-0400] {dag.py:3954} INFO - Setting next_dagrun for example_setup_teardown_taskflow to 2024-06-30 00:00:00+00:00, run_after=2024-07-01 00:00:00+00:00
[2024-07-01T10:11:19.568-0400] {processor.py:183} INFO - Processing /Users/christophercunningham/airflow_workspace/data-flow/data_flow_env/lib/python3.12/site-packages/airflow/example_dags/example_setup_teardown_taskflow.py took 0.142 seconds
[2024-07-01T10:12:59.124-0400] {processor.py:161} INFO - Started process (PID=18559) to work on /Users/christophercunningham/airflow_workspace/data-flow/data_flow_env/lib/python3.12/site-packages/airflow/example_dags/example_setup_teardown_taskflow.py
[2024-07-01T10:12:59.125-0400] {processor.py:830} INFO - Processing file /Users/christophercunningham/airflow_workspace/data-flow/data_flow_env/lib/python3.12/site-packages/airflow/example_dags/example_setup_teardown_taskflow.py for tasks to queue
[2024-07-01T10:12:59.125-0400] {logging_mixin.py:188} INFO - [2024-07-01T10:12:59.125-0400] {dagbag.py:545} INFO - Filling up the DagBag from /Users/christophercunningham/airflow_workspace/data-flow/data_flow_env/lib/python3.12/site-packages/airflow/example_dags/example_setup_teardown_taskflow.py
[2024-07-01T10:12:59.156-0400] {processor.py:840} INFO - DAG(s) 'example_setup_teardown_taskflow' retrieved from /Users/christophercunningham/airflow_workspace/data-flow/data_flow_env/lib/python3.12/site-packages/airflow/example_dags/example_setup_teardown_taskflow.py
[2024-07-01T10:12:59.229-0400] {logging_mixin.py:188} INFO - [2024-07-01T10:12:59.229-0400] {dag.py:3096} INFO - Sync 1 DAGs
[2024-07-01T10:12:59.241-0400] {logging_mixin.py:188} INFO - [2024-07-01T10:12:59.241-0400] {dag.py:3954} INFO - Setting next_dagrun for example_setup_teardown_taskflow to 2024-06-30 00:00:00+00:00, run_after=2024-07-01 00:00:00+00:00
[2024-07-01T10:12:59.253-0400] {processor.py:183} INFO - Processing /Users/christophercunningham/airflow_workspace/data-flow/data_flow_env/lib/python3.12/site-packages/airflow/example_dags/example_setup_teardown_taskflow.py took 0.135 seconds
[2024-07-01T10:14:46.228-0400] {processor.py:161} INFO - Started process (PID=18816) to work on /Users/christophercunningham/airflow_workspace/data-flow/data_flow_env/lib/python3.12/site-packages/airflow/example_dags/example_setup_teardown_taskflow.py
[2024-07-01T10:14:46.229-0400] {processor.py:830} INFO - Processing file /Users/christophercunningham/airflow_workspace/data-flow/data_flow_env/lib/python3.12/site-packages/airflow/example_dags/example_setup_teardown_taskflow.py for tasks to queue
[2024-07-01T10:14:46.230-0400] {logging_mixin.py:188} INFO - [2024-07-01T10:14:46.230-0400] {dagbag.py:545} INFO - Filling up the DagBag from /Users/christophercunningham/airflow_workspace/data-flow/data_flow_env/lib/python3.12/site-packages/airflow/example_dags/example_setup_teardown_taskflow.py
[2024-07-01T10:14:46.268-0400] {processor.py:840} INFO - DAG(s) 'example_setup_teardown_taskflow' retrieved from /Users/christophercunningham/airflow_workspace/data-flow/data_flow_env/lib/python3.12/site-packages/airflow/example_dags/example_setup_teardown_taskflow.py
[2024-07-01T10:14:46.360-0400] {logging_mixin.py:188} INFO - [2024-07-01T10:14:46.359-0400] {dag.py:3096} INFO - Sync 1 DAGs
[2024-07-01T10:14:46.372-0400] {logging_mixin.py:188} INFO - [2024-07-01T10:14:46.372-0400] {dag.py:3954} INFO - Setting next_dagrun for example_setup_teardown_taskflow to 2024-06-30 00:00:00+00:00, run_after=2024-07-01 00:00:00+00:00
[2024-07-01T10:14:46.385-0400] {processor.py:183} INFO - Processing /Users/christophercunningham/airflow_workspace/data-flow/data_flow_env/lib/python3.12/site-packages/airflow/example_dags/example_setup_teardown_taskflow.py took 0.161 seconds
[2024-07-01T10:16:31.831-0400] {processor.py:161} INFO - Started process (PID=19060) to work on /Users/christophercunningham/airflow_workspace/data-flow/data_flow_env/lib/python3.12/site-packages/airflow/example_dags/example_setup_teardown_taskflow.py
[2024-07-01T10:16:31.833-0400] {processor.py:830} INFO - Processing file /Users/christophercunningham/airflow_workspace/data-flow/data_flow_env/lib/python3.12/site-packages/airflow/example_dags/example_setup_teardown_taskflow.py for tasks to queue
[2024-07-01T10:16:31.834-0400] {logging_mixin.py:188} INFO - [2024-07-01T10:16:31.833-0400] {dagbag.py:545} INFO - Filling up the DagBag from /Users/christophercunningham/airflow_workspace/data-flow/data_flow_env/lib/python3.12/site-packages/airflow/example_dags/example_setup_teardown_taskflow.py
[2024-07-01T10:16:31.867-0400] {processor.py:840} INFO - DAG(s) 'example_setup_teardown_taskflow' retrieved from /Users/christophercunningham/airflow_workspace/data-flow/data_flow_env/lib/python3.12/site-packages/airflow/example_dags/example_setup_teardown_taskflow.py
[2024-07-01T10:16:31.946-0400] {logging_mixin.py:188} INFO - [2024-07-01T10:16:31.946-0400] {dag.py:3096} INFO - Sync 1 DAGs
[2024-07-01T10:16:31.958-0400] {logging_mixin.py:188} INFO - [2024-07-01T10:16:31.958-0400] {dag.py:3954} INFO - Setting next_dagrun for example_setup_teardown_taskflow to 2024-06-30 00:00:00+00:00, run_after=2024-07-01 00:00:00+00:00
[2024-07-01T10:16:31.974-0400] {processor.py:183} INFO - Processing /Users/christophercunningham/airflow_workspace/data-flow/data_flow_env/lib/python3.12/site-packages/airflow/example_dags/example_setup_teardown_taskflow.py took 0.149 seconds
[2024-07-01T10:18:23.445-0400] {processor.py:161} INFO - Started process (PID=19270) to work on /Users/christophercunningham/airflow_workspace/data-flow/data_flow_env/lib/python3.12/site-packages/airflow/example_dags/example_setup_teardown_taskflow.py
[2024-07-01T10:18:23.445-0400] {processor.py:830} INFO - Processing file /Users/christophercunningham/airflow_workspace/data-flow/data_flow_env/lib/python3.12/site-packages/airflow/example_dags/example_setup_teardown_taskflow.py for tasks to queue
[2024-07-01T10:18:23.446-0400] {logging_mixin.py:188} INFO - [2024-07-01T10:18:23.446-0400] {dagbag.py:545} INFO - Filling up the DagBag from /Users/christophercunningham/airflow_workspace/data-flow/data_flow_env/lib/python3.12/site-packages/airflow/example_dags/example_setup_teardown_taskflow.py
[2024-07-01T10:18:23.479-0400] {processor.py:840} INFO - DAG(s) 'example_setup_teardown_taskflow' retrieved from /Users/christophercunningham/airflow_workspace/data-flow/data_flow_env/lib/python3.12/site-packages/airflow/example_dags/example_setup_teardown_taskflow.py
[2024-07-01T10:18:23.563-0400] {logging_mixin.py:188} INFO - [2024-07-01T10:18:23.562-0400] {dag.py:3096} INFO - Sync 1 DAGs
[2024-07-01T10:18:23.575-0400] {logging_mixin.py:188} INFO - [2024-07-01T10:18:23.575-0400] {dag.py:3954} INFO - Setting next_dagrun for example_setup_teardown_taskflow to 2024-06-30 00:00:00+00:00, run_after=2024-07-01 00:00:00+00:00
[2024-07-01T10:18:23.588-0400] {processor.py:183} INFO - Processing /Users/christophercunningham/airflow_workspace/data-flow/data_flow_env/lib/python3.12/site-packages/airflow/example_dags/example_setup_teardown_taskflow.py took 0.147 seconds
[2024-07-01T10:39:40.565-0400] {processor.py:161} INFO - Started process (PID=21206) to work on /Users/christophercunningham/airflow_workspace/data-flow/data_flow_env/lib/python3.12/site-packages/airflow/example_dags/example_setup_teardown_taskflow.py
[2024-07-01T10:39:40.566-0400] {processor.py:830} INFO - Processing file /Users/christophercunningham/airflow_workspace/data-flow/data_flow_env/lib/python3.12/site-packages/airflow/example_dags/example_setup_teardown_taskflow.py for tasks to queue
[2024-07-01T10:39:40.567-0400] {logging_mixin.py:188} INFO - [2024-07-01T10:39:40.567-0400] {dagbag.py:545} INFO - Filling up the DagBag from /Users/christophercunningham/airflow_workspace/data-flow/data_flow_env/lib/python3.12/site-packages/airflow/example_dags/example_setup_teardown_taskflow.py
[2024-07-01T10:39:40.601-0400] {processor.py:840} INFO - DAG(s) 'example_setup_teardown_taskflow' retrieved from /Users/christophercunningham/airflow_workspace/data-flow/data_flow_env/lib/python3.12/site-packages/airflow/example_dags/example_setup_teardown_taskflow.py
[2024-07-01T10:39:40.805-0400] {logging_mixin.py:188} INFO - [2024-07-01T10:39:40.805-0400] {dag.py:3096} INFO - Sync 1 DAGs
[2024-07-01T10:39:40.818-0400] {logging_mixin.py:188} INFO - [2024-07-01T10:39:40.818-0400] {dag.py:3954} INFO - Setting next_dagrun for example_setup_teardown_taskflow to 2024-06-30 00:00:00+00:00, run_after=2024-07-01 00:00:00+00:00
[2024-07-01T10:39:40.834-0400] {processor.py:183} INFO - Processing /Users/christophercunningham/airflow_workspace/data-flow/data_flow_env/lib/python3.12/site-packages/airflow/example_dags/example_setup_teardown_taskflow.py took 0.272 seconds
