[2024-07-01T09:31:38.511-0400] {processor.py:161} INFO - Started process (PID=13841) to work on /Users/christophercunningham/airflow_workspace/data-flow/data_flow_env/lib/python3.12/site-packages/airflow/example_dags/example_trigger_target_dag.py
[2024-07-01T09:31:38.512-0400] {processor.py:830} INFO - Processing file /Users/christophercunningham/airflow_workspace/data-flow/data_flow_env/lib/python3.12/site-packages/airflow/example_dags/example_trigger_target_dag.py for tasks to queue
[2024-07-01T09:31:38.512-0400] {logging_mixin.py:188} INFO - [2024-07-01T09:31:38.512-0400] {dagbag.py:545} INFO - Filling up the DagBag from /Users/christophercunningham/airflow_workspace/data-flow/data_flow_env/lib/python3.12/site-packages/airflow/example_dags/example_trigger_target_dag.py
[2024-07-01T09:31:38.546-0400] {processor.py:840} INFO - DAG(s) 'example_trigger_target_dag' retrieved from /Users/christophercunningham/airflow_workspace/data-flow/data_flow_env/lib/python3.12/site-packages/airflow/example_dags/example_trigger_target_dag.py
[2024-07-01T09:31:38.773-0400] {logging_mixin.py:188} INFO - [2024-07-01T09:31:38.773-0400] {dag.py:3096} INFO - Sync 1 DAGs
[2024-07-01T09:31:38.784-0400] {logging_mixin.py:188} INFO - [2024-07-01T09:31:38.783-0400] {dag.py:3954} INFO - Setting next_dagrun for example_trigger_target_dag to None, run_after=None
[2024-07-01T09:31:38.802-0400] {processor.py:183} INFO - Processing /Users/christophercunningham/airflow_workspace/data-flow/data_flow_env/lib/python3.12/site-packages/airflow/example_dags/example_trigger_target_dag.py took 0.294 seconds
[2024-07-01T09:33:57.040-0400] {processor.py:161} INFO - Started process (PID=14120) to work on /Users/christophercunningham/airflow_workspace/data-flow/data_flow_env/lib/python3.12/site-packages/airflow/example_dags/example_trigger_target_dag.py
[2024-07-01T09:33:57.041-0400] {processor.py:830} INFO - Processing file /Users/christophercunningham/airflow_workspace/data-flow/data_flow_env/lib/python3.12/site-packages/airflow/example_dags/example_trigger_target_dag.py for tasks to queue
[2024-07-01T09:33:57.043-0400] {logging_mixin.py:188} INFO - [2024-07-01T09:33:57.042-0400] {dagbag.py:545} INFO - Filling up the DagBag from /Users/christophercunningham/airflow_workspace/data-flow/data_flow_env/lib/python3.12/site-packages/airflow/example_dags/example_trigger_target_dag.py
[2024-07-01T09:33:57.073-0400] {processor.py:840} INFO - DAG(s) 'example_trigger_target_dag' retrieved from /Users/christophercunningham/airflow_workspace/data-flow/data_flow_env/lib/python3.12/site-packages/airflow/example_dags/example_trigger_target_dag.py
[2024-07-01T09:33:57.151-0400] {logging_mixin.py:188} INFO - [2024-07-01T09:33:57.151-0400] {dag.py:3096} INFO - Sync 1 DAGs
[2024-07-01T09:33:57.158-0400] {logging_mixin.py:188} INFO - [2024-07-01T09:33:57.158-0400] {dag.py:3954} INFO - Setting next_dagrun for example_trigger_target_dag to None, run_after=None
[2024-07-01T09:33:57.172-0400] {processor.py:183} INFO - Processing /Users/christophercunningham/airflow_workspace/data-flow/data_flow_env/lib/python3.12/site-packages/airflow/example_dags/example_trigger_target_dag.py took 0.137 seconds
[2024-07-01T09:35:40.758-0400] {processor.py:161} INFO - Started process (PID=14270) to work on /Users/christophercunningham/airflow_workspace/data-flow/data_flow_env/lib/python3.12/site-packages/airflow/example_dags/example_trigger_target_dag.py
[2024-07-01T09:35:40.759-0400] {processor.py:830} INFO - Processing file /Users/christophercunningham/airflow_workspace/data-flow/data_flow_env/lib/python3.12/site-packages/airflow/example_dags/example_trigger_target_dag.py for tasks to queue
[2024-07-01T09:35:40.759-0400] {logging_mixin.py:188} INFO - [2024-07-01T09:35:40.759-0400] {dagbag.py:545} INFO - Filling up the DagBag from /Users/christophercunningham/airflow_workspace/data-flow/data_flow_env/lib/python3.12/site-packages/airflow/example_dags/example_trigger_target_dag.py
[2024-07-01T09:35:40.785-0400] {processor.py:840} INFO - DAG(s) 'example_trigger_target_dag' retrieved from /Users/christophercunningham/airflow_workspace/data-flow/data_flow_env/lib/python3.12/site-packages/airflow/example_dags/example_trigger_target_dag.py
[2024-07-01T09:35:40.858-0400] {logging_mixin.py:188} INFO - [2024-07-01T09:35:40.857-0400] {dag.py:3096} INFO - Sync 1 DAGs
[2024-07-01T09:35:40.865-0400] {logging_mixin.py:188} INFO - [2024-07-01T09:35:40.865-0400] {dag.py:3954} INFO - Setting next_dagrun for example_trigger_target_dag to None, run_after=None
[2024-07-01T09:35:40.880-0400] {processor.py:183} INFO - Processing /Users/christophercunningham/airflow_workspace/data-flow/data_flow_env/lib/python3.12/site-packages/airflow/example_dags/example_trigger_target_dag.py took 0.127 seconds
[2024-07-01T09:37:25.505-0400] {processor.py:161} INFO - Started process (PID=14442) to work on /Users/christophercunningham/airflow_workspace/data-flow/data_flow_env/lib/python3.12/site-packages/airflow/example_dags/example_trigger_target_dag.py
[2024-07-01T09:37:25.507-0400] {processor.py:830} INFO - Processing file /Users/christophercunningham/airflow_workspace/data-flow/data_flow_env/lib/python3.12/site-packages/airflow/example_dags/example_trigger_target_dag.py for tasks to queue
[2024-07-01T09:37:25.508-0400] {logging_mixin.py:188} INFO - [2024-07-01T09:37:25.507-0400] {dagbag.py:545} INFO - Filling up the DagBag from /Users/christophercunningham/airflow_workspace/data-flow/data_flow_env/lib/python3.12/site-packages/airflow/example_dags/example_trigger_target_dag.py
[2024-07-01T09:37:25.533-0400] {processor.py:840} INFO - DAG(s) 'example_trigger_target_dag' retrieved from /Users/christophercunningham/airflow_workspace/data-flow/data_flow_env/lib/python3.12/site-packages/airflow/example_dags/example_trigger_target_dag.py
[2024-07-01T09:37:25.605-0400] {logging_mixin.py:188} INFO - [2024-07-01T09:37:25.604-0400] {dag.py:3096} INFO - Sync 1 DAGs
[2024-07-01T09:37:25.612-0400] {logging_mixin.py:188} INFO - [2024-07-01T09:37:25.612-0400] {dag.py:3954} INFO - Setting next_dagrun for example_trigger_target_dag to None, run_after=None
[2024-07-01T09:37:25.624-0400] {processor.py:183} INFO - Processing /Users/christophercunningham/airflow_workspace/data-flow/data_flow_env/lib/python3.12/site-packages/airflow/example_dags/example_trigger_target_dag.py took 0.123 seconds
[2024-07-01T09:39:13.257-0400] {processor.py:161} INFO - Started process (PID=14601) to work on /Users/christophercunningham/airflow_workspace/data-flow/data_flow_env/lib/python3.12/site-packages/airflow/example_dags/example_trigger_target_dag.py
[2024-07-01T09:39:13.259-0400] {processor.py:830} INFO - Processing file /Users/christophercunningham/airflow_workspace/data-flow/data_flow_env/lib/python3.12/site-packages/airflow/example_dags/example_trigger_target_dag.py for tasks to queue
[2024-07-01T09:39:13.260-0400] {logging_mixin.py:188} INFO - [2024-07-01T09:39:13.260-0400] {dagbag.py:545} INFO - Filling up the DagBag from /Users/christophercunningham/airflow_workspace/data-flow/data_flow_env/lib/python3.12/site-packages/airflow/example_dags/example_trigger_target_dag.py
[2024-07-01T09:39:13.291-0400] {processor.py:840} INFO - DAG(s) 'example_trigger_target_dag' retrieved from /Users/christophercunningham/airflow_workspace/data-flow/data_flow_env/lib/python3.12/site-packages/airflow/example_dags/example_trigger_target_dag.py
[2024-07-01T09:39:13.370-0400] {logging_mixin.py:188} INFO - [2024-07-01T09:39:13.370-0400] {dag.py:3096} INFO - Sync 1 DAGs
[2024-07-01T09:39:13.379-0400] {logging_mixin.py:188} INFO - [2024-07-01T09:39:13.379-0400] {dag.py:3954} INFO - Setting next_dagrun for example_trigger_target_dag to None, run_after=None
[2024-07-01T09:39:13.394-0400] {processor.py:183} INFO - Processing /Users/christophercunningham/airflow_workspace/data-flow/data_flow_env/lib/python3.12/site-packages/airflow/example_dags/example_trigger_target_dag.py took 0.141 seconds
[2024-07-01T09:40:57.880-0400] {processor.py:161} INFO - Started process (PID=14816) to work on /Users/christophercunningham/airflow_workspace/data-flow/data_flow_env/lib/python3.12/site-packages/airflow/example_dags/example_trigger_target_dag.py
[2024-07-01T09:40:57.881-0400] {processor.py:830} INFO - Processing file /Users/christophercunningham/airflow_workspace/data-flow/data_flow_env/lib/python3.12/site-packages/airflow/example_dags/example_trigger_target_dag.py for tasks to queue
[2024-07-01T09:40:57.882-0400] {logging_mixin.py:188} INFO - [2024-07-01T09:40:57.882-0400] {dagbag.py:545} INFO - Filling up the DagBag from /Users/christophercunningham/airflow_workspace/data-flow/data_flow_env/lib/python3.12/site-packages/airflow/example_dags/example_trigger_target_dag.py
[2024-07-01T09:40:57.909-0400] {processor.py:840} INFO - DAG(s) 'example_trigger_target_dag' retrieved from /Users/christophercunningham/airflow_workspace/data-flow/data_flow_env/lib/python3.12/site-packages/airflow/example_dags/example_trigger_target_dag.py
[2024-07-01T09:40:57.982-0400] {logging_mixin.py:188} INFO - [2024-07-01T09:40:57.982-0400] {dag.py:3096} INFO - Sync 1 DAGs
[2024-07-01T09:40:57.990-0400] {logging_mixin.py:188} INFO - [2024-07-01T09:40:57.989-0400] {dag.py:3954} INFO - Setting next_dagrun for example_trigger_target_dag to None, run_after=None
[2024-07-01T09:40:58.002-0400] {processor.py:183} INFO - Processing /Users/christophercunningham/airflow_workspace/data-flow/data_flow_env/lib/python3.12/site-packages/airflow/example_dags/example_trigger_target_dag.py took 0.127 seconds
[2024-07-01T09:42:44.343-0400] {processor.py:161} INFO - Started process (PID=14988) to work on /Users/christophercunningham/airflow_workspace/data-flow/data_flow_env/lib/python3.12/site-packages/airflow/example_dags/example_trigger_target_dag.py
[2024-07-01T09:42:44.345-0400] {processor.py:830} INFO - Processing file /Users/christophercunningham/airflow_workspace/data-flow/data_flow_env/lib/python3.12/site-packages/airflow/example_dags/example_trigger_target_dag.py for tasks to queue
[2024-07-01T09:42:44.346-0400] {logging_mixin.py:188} INFO - [2024-07-01T09:42:44.345-0400] {dagbag.py:545} INFO - Filling up the DagBag from /Users/christophercunningham/airflow_workspace/data-flow/data_flow_env/lib/python3.12/site-packages/airflow/example_dags/example_trigger_target_dag.py
[2024-07-01T09:42:44.372-0400] {processor.py:840} INFO - DAG(s) 'example_trigger_target_dag' retrieved from /Users/christophercunningham/airflow_workspace/data-flow/data_flow_env/lib/python3.12/site-packages/airflow/example_dags/example_trigger_target_dag.py
[2024-07-01T09:42:44.446-0400] {logging_mixin.py:188} INFO - [2024-07-01T09:42:44.446-0400] {dag.py:3096} INFO - Sync 1 DAGs
[2024-07-01T09:42:44.453-0400] {logging_mixin.py:188} INFO - [2024-07-01T09:42:44.453-0400] {dag.py:3954} INFO - Setting next_dagrun for example_trigger_target_dag to None, run_after=None
[2024-07-01T09:42:44.466-0400] {processor.py:183} INFO - Processing /Users/christophercunningham/airflow_workspace/data-flow/data_flow_env/lib/python3.12/site-packages/airflow/example_dags/example_trigger_target_dag.py took 0.127 seconds
[2024-07-01T09:44:35.184-0400] {processor.py:161} INFO - Started process (PID=15163) to work on /Users/christophercunningham/airflow_workspace/data-flow/data_flow_env/lib/python3.12/site-packages/airflow/example_dags/example_trigger_target_dag.py
[2024-07-01T09:44:35.186-0400] {processor.py:830} INFO - Processing file /Users/christophercunningham/airflow_workspace/data-flow/data_flow_env/lib/python3.12/site-packages/airflow/example_dags/example_trigger_target_dag.py for tasks to queue
[2024-07-01T09:44:35.186-0400] {logging_mixin.py:188} INFO - [2024-07-01T09:44:35.186-0400] {dagbag.py:545} INFO - Filling up the DagBag from /Users/christophercunningham/airflow_workspace/data-flow/data_flow_env/lib/python3.12/site-packages/airflow/example_dags/example_trigger_target_dag.py
[2024-07-01T09:44:35.217-0400] {processor.py:840} INFO - DAG(s) 'example_trigger_target_dag' retrieved from /Users/christophercunningham/airflow_workspace/data-flow/data_flow_env/lib/python3.12/site-packages/airflow/example_dags/example_trigger_target_dag.py
[2024-07-01T09:44:35.291-0400] {logging_mixin.py:188} INFO - [2024-07-01T09:44:35.291-0400] {dag.py:3096} INFO - Sync 1 DAGs
[2024-07-01T09:44:35.299-0400] {logging_mixin.py:188} INFO - [2024-07-01T09:44:35.299-0400] {dag.py:3954} INFO - Setting next_dagrun for example_trigger_target_dag to None, run_after=None
[2024-07-01T09:44:35.312-0400] {processor.py:183} INFO - Processing /Users/christophercunningham/airflow_workspace/data-flow/data_flow_env/lib/python3.12/site-packages/airflow/example_dags/example_trigger_target_dag.py took 0.133 seconds
[2024-07-01T09:46:22.873-0400] {processor.py:161} INFO - Started process (PID=15327) to work on /Users/christophercunningham/airflow_workspace/data-flow/data_flow_env/lib/python3.12/site-packages/airflow/example_dags/example_trigger_target_dag.py
[2024-07-01T09:46:22.874-0400] {processor.py:830} INFO - Processing file /Users/christophercunningham/airflow_workspace/data-flow/data_flow_env/lib/python3.12/site-packages/airflow/example_dags/example_trigger_target_dag.py for tasks to queue
[2024-07-01T09:46:22.875-0400] {logging_mixin.py:188} INFO - [2024-07-01T09:46:22.875-0400] {dagbag.py:545} INFO - Filling up the DagBag from /Users/christophercunningham/airflow_workspace/data-flow/data_flow_env/lib/python3.12/site-packages/airflow/example_dags/example_trigger_target_dag.py
[2024-07-01T09:46:22.902-0400] {processor.py:840} INFO - DAG(s) 'example_trigger_target_dag' retrieved from /Users/christophercunningham/airflow_workspace/data-flow/data_flow_env/lib/python3.12/site-packages/airflow/example_dags/example_trigger_target_dag.py
[2024-07-01T09:46:22.977-0400] {logging_mixin.py:188} INFO - [2024-07-01T09:46:22.977-0400] {dag.py:3096} INFO - Sync 1 DAGs
[2024-07-01T09:46:22.984-0400] {logging_mixin.py:188} INFO - [2024-07-01T09:46:22.984-0400] {dag.py:3954} INFO - Setting next_dagrun for example_trigger_target_dag to None, run_after=None
[2024-07-01T09:46:22.997-0400] {processor.py:183} INFO - Processing /Users/christophercunningham/airflow_workspace/data-flow/data_flow_env/lib/python3.12/site-packages/airflow/example_dags/example_trigger_target_dag.py took 0.129 seconds
[2024-07-01T09:48:08.954-0400] {processor.py:161} INFO - Started process (PID=15479) to work on /Users/christophercunningham/airflow_workspace/data-flow/data_flow_env/lib/python3.12/site-packages/airflow/example_dags/example_trigger_target_dag.py
[2024-07-01T09:48:08.956-0400] {processor.py:830} INFO - Processing file /Users/christophercunningham/airflow_workspace/data-flow/data_flow_env/lib/python3.12/site-packages/airflow/example_dags/example_trigger_target_dag.py for tasks to queue
[2024-07-01T09:48:08.957-0400] {logging_mixin.py:188} INFO - [2024-07-01T09:48:08.957-0400] {dagbag.py:545} INFO - Filling up the DagBag from /Users/christophercunningham/airflow_workspace/data-flow/data_flow_env/lib/python3.12/site-packages/airflow/example_dags/example_trigger_target_dag.py
[2024-07-01T09:48:08.984-0400] {processor.py:840} INFO - DAG(s) 'example_trigger_target_dag' retrieved from /Users/christophercunningham/airflow_workspace/data-flow/data_flow_env/lib/python3.12/site-packages/airflow/example_dags/example_trigger_target_dag.py
[2024-07-01T09:48:09.054-0400] {logging_mixin.py:188} INFO - [2024-07-01T09:48:09.054-0400] {dag.py:3096} INFO - Sync 1 DAGs
[2024-07-01T09:48:09.061-0400] {logging_mixin.py:188} INFO - [2024-07-01T09:48:09.061-0400] {dag.py:3954} INFO - Setting next_dagrun for example_trigger_target_dag to None, run_after=None
[2024-07-01T09:48:09.074-0400] {processor.py:183} INFO - Processing /Users/christophercunningham/airflow_workspace/data-flow/data_flow_env/lib/python3.12/site-packages/airflow/example_dags/example_trigger_target_dag.py took 0.125 seconds
[2024-07-01T09:49:57.059-0400] {processor.py:161} INFO - Started process (PID=15637) to work on /Users/christophercunningham/airflow_workspace/data-flow/data_flow_env/lib/python3.12/site-packages/airflow/example_dags/example_trigger_target_dag.py
[2024-07-01T09:49:57.060-0400] {processor.py:830} INFO - Processing file /Users/christophercunningham/airflow_workspace/data-flow/data_flow_env/lib/python3.12/site-packages/airflow/example_dags/example_trigger_target_dag.py for tasks to queue
[2024-07-01T09:49:57.061-0400] {logging_mixin.py:188} INFO - [2024-07-01T09:49:57.061-0400] {dagbag.py:545} INFO - Filling up the DagBag from /Users/christophercunningham/airflow_workspace/data-flow/data_flow_env/lib/python3.12/site-packages/airflow/example_dags/example_trigger_target_dag.py
[2024-07-01T09:49:57.089-0400] {processor.py:840} INFO - DAG(s) 'example_trigger_target_dag' retrieved from /Users/christophercunningham/airflow_workspace/data-flow/data_flow_env/lib/python3.12/site-packages/airflow/example_dags/example_trigger_target_dag.py
[2024-07-01T09:49:57.160-0400] {logging_mixin.py:188} INFO - [2024-07-01T09:49:57.160-0400] {dag.py:3096} INFO - Sync 1 DAGs
[2024-07-01T09:49:57.168-0400] {logging_mixin.py:188} INFO - [2024-07-01T09:49:57.168-0400] {dag.py:3954} INFO - Setting next_dagrun for example_trigger_target_dag to None, run_after=None
[2024-07-01T09:49:57.181-0400] {processor.py:183} INFO - Processing /Users/christophercunningham/airflow_workspace/data-flow/data_flow_env/lib/python3.12/site-packages/airflow/example_dags/example_trigger_target_dag.py took 0.126 seconds
[2024-07-01T09:51:45.509-0400] {processor.py:161} INFO - Started process (PID=15856) to work on /Users/christophercunningham/airflow_workspace/data-flow/data_flow_env/lib/python3.12/site-packages/airflow/example_dags/example_trigger_target_dag.py
[2024-07-01T09:51:45.510-0400] {processor.py:830} INFO - Processing file /Users/christophercunningham/airflow_workspace/data-flow/data_flow_env/lib/python3.12/site-packages/airflow/example_dags/example_trigger_target_dag.py for tasks to queue
[2024-07-01T09:51:45.511-0400] {logging_mixin.py:188} INFO - [2024-07-01T09:51:45.511-0400] {dagbag.py:545} INFO - Filling up the DagBag from /Users/christophercunningham/airflow_workspace/data-flow/data_flow_env/lib/python3.12/site-packages/airflow/example_dags/example_trigger_target_dag.py
[2024-07-01T09:51:45.539-0400] {processor.py:840} INFO - DAG(s) 'example_trigger_target_dag' retrieved from /Users/christophercunningham/airflow_workspace/data-flow/data_flow_env/lib/python3.12/site-packages/airflow/example_dags/example_trigger_target_dag.py
[2024-07-01T09:51:45.622-0400] {logging_mixin.py:188} INFO - [2024-07-01T09:51:45.621-0400] {dag.py:3096} INFO - Sync 1 DAGs
[2024-07-01T09:51:45.629-0400] {logging_mixin.py:188} INFO - [2024-07-01T09:51:45.628-0400] {dag.py:3954} INFO - Setting next_dagrun for example_trigger_target_dag to None, run_after=None
[2024-07-01T09:51:45.641-0400] {processor.py:183} INFO - Processing /Users/christophercunningham/airflow_workspace/data-flow/data_flow_env/lib/python3.12/site-packages/airflow/example_dags/example_trigger_target_dag.py took 0.137 seconds
[2024-07-01T09:53:28.694-0400] {processor.py:161} INFO - Started process (PID=16015) to work on /Users/christophercunningham/airflow_workspace/data-flow/data_flow_env/lib/python3.12/site-packages/airflow/example_dags/example_trigger_target_dag.py
[2024-07-01T09:53:28.695-0400] {processor.py:830} INFO - Processing file /Users/christophercunningham/airflow_workspace/data-flow/data_flow_env/lib/python3.12/site-packages/airflow/example_dags/example_trigger_target_dag.py for tasks to queue
[2024-07-01T09:53:28.696-0400] {logging_mixin.py:188} INFO - [2024-07-01T09:53:28.696-0400] {dagbag.py:545} INFO - Filling up the DagBag from /Users/christophercunningham/airflow_workspace/data-flow/data_flow_env/lib/python3.12/site-packages/airflow/example_dags/example_trigger_target_dag.py
[2024-07-01T09:53:28.726-0400] {processor.py:840} INFO - DAG(s) 'example_trigger_target_dag' retrieved from /Users/christophercunningham/airflow_workspace/data-flow/data_flow_env/lib/python3.12/site-packages/airflow/example_dags/example_trigger_target_dag.py
[2024-07-01T09:53:28.802-0400] {logging_mixin.py:188} INFO - [2024-07-01T09:53:28.802-0400] {dag.py:3096} INFO - Sync 1 DAGs
[2024-07-01T09:53:28.810-0400] {logging_mixin.py:188} INFO - [2024-07-01T09:53:28.810-0400] {dag.py:3954} INFO - Setting next_dagrun for example_trigger_target_dag to None, run_after=None
[2024-07-01T09:53:28.822-0400] {processor.py:183} INFO - Processing /Users/christophercunningham/airflow_workspace/data-flow/data_flow_env/lib/python3.12/site-packages/airflow/example_dags/example_trigger_target_dag.py took 0.131 seconds
[2024-07-01T09:55:09.025-0400] {processor.py:161} INFO - Started process (PID=16239) to work on /Users/christophercunningham/airflow_workspace/data-flow/data_flow_env/lib/python3.12/site-packages/airflow/example_dags/example_trigger_target_dag.py
[2024-07-01T09:55:09.027-0400] {processor.py:830} INFO - Processing file /Users/christophercunningham/airflow_workspace/data-flow/data_flow_env/lib/python3.12/site-packages/airflow/example_dags/example_trigger_target_dag.py for tasks to queue
[2024-07-01T09:55:09.027-0400] {logging_mixin.py:188} INFO - [2024-07-01T09:55:09.027-0400] {dagbag.py:545} INFO - Filling up the DagBag from /Users/christophercunningham/airflow_workspace/data-flow/data_flow_env/lib/python3.12/site-packages/airflow/example_dags/example_trigger_target_dag.py
[2024-07-01T09:55:09.060-0400] {processor.py:840} INFO - DAG(s) 'example_trigger_target_dag' retrieved from /Users/christophercunningham/airflow_workspace/data-flow/data_flow_env/lib/python3.12/site-packages/airflow/example_dags/example_trigger_target_dag.py
[2024-07-01T09:55:09.138-0400] {logging_mixin.py:188} INFO - [2024-07-01T09:55:09.138-0400] {dag.py:3096} INFO - Sync 1 DAGs
[2024-07-01T09:55:09.149-0400] {logging_mixin.py:188} INFO - [2024-07-01T09:55:09.148-0400] {dag.py:3954} INFO - Setting next_dagrun for example_trigger_target_dag to None, run_after=None
[2024-07-01T09:55:09.162-0400] {processor.py:183} INFO - Processing /Users/christophercunningham/airflow_workspace/data-flow/data_flow_env/lib/python3.12/site-packages/airflow/example_dags/example_trigger_target_dag.py took 0.142 seconds
[2024-07-01T09:56:50.250-0400] {processor.py:161} INFO - Started process (PID=16452) to work on /Users/christophercunningham/airflow_workspace/data-flow/data_flow_env/lib/python3.12/site-packages/airflow/example_dags/example_trigger_target_dag.py
[2024-07-01T09:56:50.251-0400] {processor.py:830} INFO - Processing file /Users/christophercunningham/airflow_workspace/data-flow/data_flow_env/lib/python3.12/site-packages/airflow/example_dags/example_trigger_target_dag.py for tasks to queue
[2024-07-01T09:56:50.252-0400] {logging_mixin.py:188} INFO - [2024-07-01T09:56:50.252-0400] {dagbag.py:545} INFO - Filling up the DagBag from /Users/christophercunningham/airflow_workspace/data-flow/data_flow_env/lib/python3.12/site-packages/airflow/example_dags/example_trigger_target_dag.py
[2024-07-01T09:56:50.279-0400] {processor.py:840} INFO - DAG(s) 'example_trigger_target_dag' retrieved from /Users/christophercunningham/airflow_workspace/data-flow/data_flow_env/lib/python3.12/site-packages/airflow/example_dags/example_trigger_target_dag.py
[2024-07-01T09:56:50.350-0400] {logging_mixin.py:188} INFO - [2024-07-01T09:56:50.350-0400] {dag.py:3096} INFO - Sync 1 DAGs
[2024-07-01T09:56:50.358-0400] {logging_mixin.py:188} INFO - [2024-07-01T09:56:50.357-0400] {dag.py:3954} INFO - Setting next_dagrun for example_trigger_target_dag to None, run_after=None
[2024-07-01T09:56:50.375-0400] {processor.py:183} INFO - Processing /Users/christophercunningham/airflow_workspace/data-flow/data_flow_env/lib/python3.12/site-packages/airflow/example_dags/example_trigger_target_dag.py took 0.129 seconds
[2024-07-01T09:58:31.175-0400] {processor.py:161} INFO - Started process (PID=16676) to work on /Users/christophercunningham/airflow_workspace/data-flow/data_flow_env/lib/python3.12/site-packages/airflow/example_dags/example_trigger_target_dag.py
[2024-07-01T09:58:31.177-0400] {processor.py:830} INFO - Processing file /Users/christophercunningham/airflow_workspace/data-flow/data_flow_env/lib/python3.12/site-packages/airflow/example_dags/example_trigger_target_dag.py for tasks to queue
[2024-07-01T09:58:31.178-0400] {logging_mixin.py:188} INFO - [2024-07-01T09:58:31.178-0400] {dagbag.py:545} INFO - Filling up the DagBag from /Users/christophercunningham/airflow_workspace/data-flow/data_flow_env/lib/python3.12/site-packages/airflow/example_dags/example_trigger_target_dag.py
[2024-07-01T09:58:31.205-0400] {processor.py:840} INFO - DAG(s) 'example_trigger_target_dag' retrieved from /Users/christophercunningham/airflow_workspace/data-flow/data_flow_env/lib/python3.12/site-packages/airflow/example_dags/example_trigger_target_dag.py
[2024-07-01T09:58:31.280-0400] {logging_mixin.py:188} INFO - [2024-07-01T09:58:31.279-0400] {dag.py:3096} INFO - Sync 1 DAGs
[2024-07-01T09:58:31.287-0400] {logging_mixin.py:188} INFO - [2024-07-01T09:58:31.287-0400] {dag.py:3954} INFO - Setting next_dagrun for example_trigger_target_dag to None, run_after=None
[2024-07-01T09:58:31.300-0400] {processor.py:183} INFO - Processing /Users/christophercunningham/airflow_workspace/data-flow/data_flow_env/lib/python3.12/site-packages/airflow/example_dags/example_trigger_target_dag.py took 0.130 seconds
[2024-07-01T10:00:13.472-0400] {processor.py:161} INFO - Started process (PID=16937) to work on /Users/christophercunningham/airflow_workspace/data-flow/data_flow_env/lib/python3.12/site-packages/airflow/example_dags/example_trigger_target_dag.py
[2024-07-01T10:00:13.473-0400] {processor.py:830} INFO - Processing file /Users/christophercunningham/airflow_workspace/data-flow/data_flow_env/lib/python3.12/site-packages/airflow/example_dags/example_trigger_target_dag.py for tasks to queue
[2024-07-01T10:00:13.474-0400] {logging_mixin.py:188} INFO - [2024-07-01T10:00:13.473-0400] {dagbag.py:545} INFO - Filling up the DagBag from /Users/christophercunningham/airflow_workspace/data-flow/data_flow_env/lib/python3.12/site-packages/airflow/example_dags/example_trigger_target_dag.py
[2024-07-01T10:00:13.504-0400] {processor.py:840} INFO - DAG(s) 'example_trigger_target_dag' retrieved from /Users/christophercunningham/airflow_workspace/data-flow/data_flow_env/lib/python3.12/site-packages/airflow/example_dags/example_trigger_target_dag.py
[2024-07-01T10:00:13.579-0400] {logging_mixin.py:188} INFO - [2024-07-01T10:00:13.579-0400] {dag.py:3096} INFO - Sync 1 DAGs
[2024-07-01T10:00:13.587-0400] {logging_mixin.py:188} INFO - [2024-07-01T10:00:13.587-0400] {dag.py:3954} INFO - Setting next_dagrun for example_trigger_target_dag to None, run_after=None
[2024-07-01T10:00:13.601-0400] {processor.py:183} INFO - Processing /Users/christophercunningham/airflow_workspace/data-flow/data_flow_env/lib/python3.12/site-packages/airflow/example_dags/example_trigger_target_dag.py took 0.132 seconds
[2024-07-01T10:01:55.910-0400] {processor.py:161} INFO - Started process (PID=17146) to work on /Users/christophercunningham/airflow_workspace/data-flow/data_flow_env/lib/python3.12/site-packages/airflow/example_dags/example_trigger_target_dag.py
[2024-07-01T10:01:55.911-0400] {processor.py:830} INFO - Processing file /Users/christophercunningham/airflow_workspace/data-flow/data_flow_env/lib/python3.12/site-packages/airflow/example_dags/example_trigger_target_dag.py for tasks to queue
[2024-07-01T10:01:55.912-0400] {logging_mixin.py:188} INFO - [2024-07-01T10:01:55.911-0400] {dagbag.py:545} INFO - Filling up the DagBag from /Users/christophercunningham/airflow_workspace/data-flow/data_flow_env/lib/python3.12/site-packages/airflow/example_dags/example_trigger_target_dag.py
[2024-07-01T10:01:55.940-0400] {processor.py:840} INFO - DAG(s) 'example_trigger_target_dag' retrieved from /Users/christophercunningham/airflow_workspace/data-flow/data_flow_env/lib/python3.12/site-packages/airflow/example_dags/example_trigger_target_dag.py
[2024-07-01T10:01:56.021-0400] {logging_mixin.py:188} INFO - [2024-07-01T10:01:56.021-0400] {dag.py:3096} INFO - Sync 1 DAGs
[2024-07-01T10:01:56.028-0400] {logging_mixin.py:188} INFO - [2024-07-01T10:01:56.028-0400] {dag.py:3954} INFO - Setting next_dagrun for example_trigger_target_dag to None, run_after=None
[2024-07-01T10:01:56.045-0400] {processor.py:183} INFO - Processing /Users/christophercunningham/airflow_workspace/data-flow/data_flow_env/lib/python3.12/site-packages/airflow/example_dags/example_trigger_target_dag.py took 0.139 seconds
[2024-07-01T10:03:42.415-0400] {processor.py:161} INFO - Started process (PID=17361) to work on /Users/christophercunningham/airflow_workspace/data-flow/data_flow_env/lib/python3.12/site-packages/airflow/example_dags/example_trigger_target_dag.py
[2024-07-01T10:03:42.416-0400] {processor.py:830} INFO - Processing file /Users/christophercunningham/airflow_workspace/data-flow/data_flow_env/lib/python3.12/site-packages/airflow/example_dags/example_trigger_target_dag.py for tasks to queue
[2024-07-01T10:03:42.417-0400] {logging_mixin.py:188} INFO - [2024-07-01T10:03:42.417-0400] {dagbag.py:545} INFO - Filling up the DagBag from /Users/christophercunningham/airflow_workspace/data-flow/data_flow_env/lib/python3.12/site-packages/airflow/example_dags/example_trigger_target_dag.py
[2024-07-01T10:03:42.449-0400] {processor.py:840} INFO - DAG(s) 'example_trigger_target_dag' retrieved from /Users/christophercunningham/airflow_workspace/data-flow/data_flow_env/lib/python3.12/site-packages/airflow/example_dags/example_trigger_target_dag.py
[2024-07-01T10:03:42.528-0400] {logging_mixin.py:188} INFO - [2024-07-01T10:03:42.528-0400] {dag.py:3096} INFO - Sync 1 DAGs
[2024-07-01T10:03:42.535-0400] {logging_mixin.py:188} INFO - [2024-07-01T10:03:42.535-0400] {dag.py:3954} INFO - Setting next_dagrun for example_trigger_target_dag to None, run_after=None
[2024-07-01T10:03:42.548-0400] {processor.py:183} INFO - Processing /Users/christophercunningham/airflow_workspace/data-flow/data_flow_env/lib/python3.12/site-packages/airflow/example_dags/example_trigger_target_dag.py took 0.137 seconds
[2024-07-01T10:05:33.494-0400] {processor.py:161} INFO - Started process (PID=17593) to work on /Users/christophercunningham/airflow_workspace/data-flow/data_flow_env/lib/python3.12/site-packages/airflow/example_dags/example_trigger_target_dag.py
[2024-07-01T10:05:33.495-0400] {processor.py:830} INFO - Processing file /Users/christophercunningham/airflow_workspace/data-flow/data_flow_env/lib/python3.12/site-packages/airflow/example_dags/example_trigger_target_dag.py for tasks to queue
[2024-07-01T10:05:33.495-0400] {logging_mixin.py:188} INFO - [2024-07-01T10:05:33.495-0400] {dagbag.py:545} INFO - Filling up the DagBag from /Users/christophercunningham/airflow_workspace/data-flow/data_flow_env/lib/python3.12/site-packages/airflow/example_dags/example_trigger_target_dag.py
[2024-07-01T10:05:33.527-0400] {processor.py:840} INFO - DAG(s) 'example_trigger_target_dag' retrieved from /Users/christophercunningham/airflow_workspace/data-flow/data_flow_env/lib/python3.12/site-packages/airflow/example_dags/example_trigger_target_dag.py
[2024-07-01T10:05:33.603-0400] {logging_mixin.py:188} INFO - [2024-07-01T10:05:33.602-0400] {dag.py:3096} INFO - Sync 1 DAGs
[2024-07-01T10:05:33.611-0400] {logging_mixin.py:188} INFO - [2024-07-01T10:05:33.610-0400] {dag.py:3954} INFO - Setting next_dagrun for example_trigger_target_dag to None, run_after=None
[2024-07-01T10:05:33.627-0400] {processor.py:183} INFO - Processing /Users/christophercunningham/airflow_workspace/data-flow/data_flow_env/lib/python3.12/site-packages/airflow/example_dags/example_trigger_target_dag.py took 0.137 seconds
[2024-07-01T10:07:23.524-0400] {processor.py:161} INFO - Started process (PID=17824) to work on /Users/christophercunningham/airflow_workspace/data-flow/data_flow_env/lib/python3.12/site-packages/airflow/example_dags/example_trigger_target_dag.py
[2024-07-01T10:07:23.526-0400] {processor.py:830} INFO - Processing file /Users/christophercunningham/airflow_workspace/data-flow/data_flow_env/lib/python3.12/site-packages/airflow/example_dags/example_trigger_target_dag.py for tasks to queue
[2024-07-01T10:07:23.526-0400] {logging_mixin.py:188} INFO - [2024-07-01T10:07:23.526-0400] {dagbag.py:545} INFO - Filling up the DagBag from /Users/christophercunningham/airflow_workspace/data-flow/data_flow_env/lib/python3.12/site-packages/airflow/example_dags/example_trigger_target_dag.py
[2024-07-01T10:07:23.557-0400] {processor.py:840} INFO - DAG(s) 'example_trigger_target_dag' retrieved from /Users/christophercunningham/airflow_workspace/data-flow/data_flow_env/lib/python3.12/site-packages/airflow/example_dags/example_trigger_target_dag.py
[2024-07-01T10:07:23.631-0400] {logging_mixin.py:188} INFO - [2024-07-01T10:07:23.631-0400] {dag.py:3096} INFO - Sync 1 DAGs
[2024-07-01T10:07:23.639-0400] {logging_mixin.py:188} INFO - [2024-07-01T10:07:23.638-0400] {dag.py:3954} INFO - Setting next_dagrun for example_trigger_target_dag to None, run_after=None
[2024-07-01T10:07:23.652-0400] {processor.py:183} INFO - Processing /Users/christophercunningham/airflow_workspace/data-flow/data_flow_env/lib/python3.12/site-packages/airflow/example_dags/example_trigger_target_dag.py took 0.132 seconds
[2024-07-01T10:09:10.967-0400] {processor.py:161} INFO - Started process (PID=18043) to work on /Users/christophercunningham/airflow_workspace/data-flow/data_flow_env/lib/python3.12/site-packages/airflow/example_dags/example_trigger_target_dag.py
[2024-07-01T10:09:10.968-0400] {processor.py:830} INFO - Processing file /Users/christophercunningham/airflow_workspace/data-flow/data_flow_env/lib/python3.12/site-packages/airflow/example_dags/example_trigger_target_dag.py for tasks to queue
[2024-07-01T10:09:10.969-0400] {logging_mixin.py:188} INFO - [2024-07-01T10:09:10.969-0400] {dagbag.py:545} INFO - Filling up the DagBag from /Users/christophercunningham/airflow_workspace/data-flow/data_flow_env/lib/python3.12/site-packages/airflow/example_dags/example_trigger_target_dag.py
[2024-07-01T10:09:10.999-0400] {processor.py:840} INFO - DAG(s) 'example_trigger_target_dag' retrieved from /Users/christophercunningham/airflow_workspace/data-flow/data_flow_env/lib/python3.12/site-packages/airflow/example_dags/example_trigger_target_dag.py
[2024-07-01T10:09:11.083-0400] {logging_mixin.py:188} INFO - [2024-07-01T10:09:11.082-0400] {dag.py:3096} INFO - Sync 1 DAGs
[2024-07-01T10:09:11.091-0400] {logging_mixin.py:188} INFO - [2024-07-01T10:09:11.091-0400] {dag.py:3954} INFO - Setting next_dagrun for example_trigger_target_dag to None, run_after=None
[2024-07-01T10:09:11.106-0400] {processor.py:183} INFO - Processing /Users/christophercunningham/airflow_workspace/data-flow/data_flow_env/lib/python3.12/site-packages/airflow/example_dags/example_trigger_target_dag.py took 0.143 seconds
[2024-07-01T10:10:53.538-0400] {processor.py:161} INFO - Started process (PID=18298) to work on /Users/christophercunningham/airflow_workspace/data-flow/data_flow_env/lib/python3.12/site-packages/airflow/example_dags/example_trigger_target_dag.py
[2024-07-01T10:10:53.539-0400] {processor.py:830} INFO - Processing file /Users/christophercunningham/airflow_workspace/data-flow/data_flow_env/lib/python3.12/site-packages/airflow/example_dags/example_trigger_target_dag.py for tasks to queue
[2024-07-01T10:10:53.540-0400] {logging_mixin.py:188} INFO - [2024-07-01T10:10:53.540-0400] {dagbag.py:545} INFO - Filling up the DagBag from /Users/christophercunningham/airflow_workspace/data-flow/data_flow_env/lib/python3.12/site-packages/airflow/example_dags/example_trigger_target_dag.py
[2024-07-01T10:10:53.568-0400] {processor.py:840} INFO - DAG(s) 'example_trigger_target_dag' retrieved from /Users/christophercunningham/airflow_workspace/data-flow/data_flow_env/lib/python3.12/site-packages/airflow/example_dags/example_trigger_target_dag.py
[2024-07-01T10:10:53.640-0400] {logging_mixin.py:188} INFO - [2024-07-01T10:10:53.639-0400] {dag.py:3096} INFO - Sync 1 DAGs
[2024-07-01T10:10:53.647-0400] {logging_mixin.py:188} INFO - [2024-07-01T10:10:53.647-0400] {dag.py:3954} INFO - Setting next_dagrun for example_trigger_target_dag to None, run_after=None
[2024-07-01T10:10:53.659-0400] {processor.py:183} INFO - Processing /Users/christophercunningham/airflow_workspace/data-flow/data_flow_env/lib/python3.12/site-packages/airflow/example_dags/example_trigger_target_dag.py took 0.126 seconds
[2024-07-01T10:12:33.397-0400] {processor.py:161} INFO - Started process (PID=18504) to work on /Users/christophercunningham/airflow_workspace/data-flow/data_flow_env/lib/python3.12/site-packages/airflow/example_dags/example_trigger_target_dag.py
[2024-07-01T10:12:33.398-0400] {processor.py:830} INFO - Processing file /Users/christophercunningham/airflow_workspace/data-flow/data_flow_env/lib/python3.12/site-packages/airflow/example_dags/example_trigger_target_dag.py for tasks to queue
[2024-07-01T10:12:33.398-0400] {logging_mixin.py:188} INFO - [2024-07-01T10:12:33.398-0400] {dagbag.py:545} INFO - Filling up the DagBag from /Users/christophercunningham/airflow_workspace/data-flow/data_flow_env/lib/python3.12/site-packages/airflow/example_dags/example_trigger_target_dag.py
[2024-07-01T10:12:33.427-0400] {processor.py:840} INFO - DAG(s) 'example_trigger_target_dag' retrieved from /Users/christophercunningham/airflow_workspace/data-flow/data_flow_env/lib/python3.12/site-packages/airflow/example_dags/example_trigger_target_dag.py
[2024-07-01T10:12:33.504-0400] {logging_mixin.py:188} INFO - [2024-07-01T10:12:33.504-0400] {dag.py:3096} INFO - Sync 1 DAGs
[2024-07-01T10:12:33.512-0400] {logging_mixin.py:188} INFO - [2024-07-01T10:12:33.512-0400] {dag.py:3954} INFO - Setting next_dagrun for example_trigger_target_dag to None, run_after=None
[2024-07-01T10:12:33.527-0400] {processor.py:183} INFO - Processing /Users/christophercunningham/airflow_workspace/data-flow/data_flow_env/lib/python3.12/site-packages/airflow/example_dags/example_trigger_target_dag.py took 0.136 seconds
[2024-07-01T10:14:19.768-0400] {processor.py:161} INFO - Started process (PID=18769) to work on /Users/christophercunningham/airflow_workspace/data-flow/data_flow_env/lib/python3.12/site-packages/airflow/example_dags/example_trigger_target_dag.py
[2024-07-01T10:14:19.769-0400] {processor.py:830} INFO - Processing file /Users/christophercunningham/airflow_workspace/data-flow/data_flow_env/lib/python3.12/site-packages/airflow/example_dags/example_trigger_target_dag.py for tasks to queue
[2024-07-01T10:14:19.770-0400] {logging_mixin.py:188} INFO - [2024-07-01T10:14:19.770-0400] {dagbag.py:545} INFO - Filling up the DagBag from /Users/christophercunningham/airflow_workspace/data-flow/data_flow_env/lib/python3.12/site-packages/airflow/example_dags/example_trigger_target_dag.py
[2024-07-01T10:14:19.797-0400] {processor.py:840} INFO - DAG(s) 'example_trigger_target_dag' retrieved from /Users/christophercunningham/airflow_workspace/data-flow/data_flow_env/lib/python3.12/site-packages/airflow/example_dags/example_trigger_target_dag.py
[2024-07-01T10:14:19.872-0400] {logging_mixin.py:188} INFO - [2024-07-01T10:14:19.871-0400] {dag.py:3096} INFO - Sync 1 DAGs
[2024-07-01T10:14:19.879-0400] {logging_mixin.py:188} INFO - [2024-07-01T10:14:19.879-0400] {dag.py:3954} INFO - Setting next_dagrun for example_trigger_target_dag to None, run_after=None
[2024-07-01T10:14:19.893-0400] {processor.py:183} INFO - Processing /Users/christophercunningham/airflow_workspace/data-flow/data_flow_env/lib/python3.12/site-packages/airflow/example_dags/example_trigger_target_dag.py took 0.130 seconds
[2024-07-01T10:16:08.532-0400] {processor.py:161} INFO - Started process (PID=19018) to work on /Users/christophercunningham/airflow_workspace/data-flow/data_flow_env/lib/python3.12/site-packages/airflow/example_dags/example_trigger_target_dag.py
[2024-07-01T10:16:08.534-0400] {processor.py:830} INFO - Processing file /Users/christophercunningham/airflow_workspace/data-flow/data_flow_env/lib/python3.12/site-packages/airflow/example_dags/example_trigger_target_dag.py for tasks to queue
[2024-07-01T10:16:08.535-0400] {logging_mixin.py:188} INFO - [2024-07-01T10:16:08.535-0400] {dagbag.py:545} INFO - Filling up the DagBag from /Users/christophercunningham/airflow_workspace/data-flow/data_flow_env/lib/python3.12/site-packages/airflow/example_dags/example_trigger_target_dag.py
[2024-07-01T10:16:08.563-0400] {processor.py:840} INFO - DAG(s) 'example_trigger_target_dag' retrieved from /Users/christophercunningham/airflow_workspace/data-flow/data_flow_env/lib/python3.12/site-packages/airflow/example_dags/example_trigger_target_dag.py
[2024-07-01T10:16:08.639-0400] {logging_mixin.py:188} INFO - [2024-07-01T10:16:08.639-0400] {dag.py:3096} INFO - Sync 1 DAGs
[2024-07-01T10:16:08.647-0400] {logging_mixin.py:188} INFO - [2024-07-01T10:16:08.647-0400] {dag.py:3954} INFO - Setting next_dagrun for example_trigger_target_dag to None, run_after=None
[2024-07-01T10:16:08.662-0400] {processor.py:183} INFO - Processing /Users/christophercunningham/airflow_workspace/data-flow/data_flow_env/lib/python3.12/site-packages/airflow/example_dags/example_trigger_target_dag.py took 0.135 seconds
[2024-07-01T10:17:56.434-0400] {processor.py:161} INFO - Started process (PID=19216) to work on /Users/christophercunningham/airflow_workspace/data-flow/data_flow_env/lib/python3.12/site-packages/airflow/example_dags/example_trigger_target_dag.py
[2024-07-01T10:17:56.435-0400] {processor.py:830} INFO - Processing file /Users/christophercunningham/airflow_workspace/data-flow/data_flow_env/lib/python3.12/site-packages/airflow/example_dags/example_trigger_target_dag.py for tasks to queue
[2024-07-01T10:17:56.436-0400] {logging_mixin.py:188} INFO - [2024-07-01T10:17:56.436-0400] {dagbag.py:545} INFO - Filling up the DagBag from /Users/christophercunningham/airflow_workspace/data-flow/data_flow_env/lib/python3.12/site-packages/airflow/example_dags/example_trigger_target_dag.py
[2024-07-01T10:17:56.464-0400] {processor.py:840} INFO - DAG(s) 'example_trigger_target_dag' retrieved from /Users/christophercunningham/airflow_workspace/data-flow/data_flow_env/lib/python3.12/site-packages/airflow/example_dags/example_trigger_target_dag.py
[2024-07-01T10:17:56.540-0400] {logging_mixin.py:188} INFO - [2024-07-01T10:17:56.540-0400] {dag.py:3096} INFO - Sync 1 DAGs
[2024-07-01T10:17:56.549-0400] {logging_mixin.py:188} INFO - [2024-07-01T10:17:56.549-0400] {dag.py:3954} INFO - Setting next_dagrun for example_trigger_target_dag to None, run_after=None
[2024-07-01T10:17:56.564-0400] {processor.py:183} INFO - Processing /Users/christophercunningham/airflow_workspace/data-flow/data_flow_env/lib/python3.12/site-packages/airflow/example_dags/example_trigger_target_dag.py took 0.135 seconds
[2024-07-01T10:39:12.464-0400] {processor.py:161} INFO - Started process (PID=21141) to work on /Users/christophercunningham/airflow_workspace/data-flow/data_flow_env/lib/python3.12/site-packages/airflow/example_dags/example_trigger_target_dag.py
[2024-07-01T10:39:12.465-0400] {processor.py:830} INFO - Processing file /Users/christophercunningham/airflow_workspace/data-flow/data_flow_env/lib/python3.12/site-packages/airflow/example_dags/example_trigger_target_dag.py for tasks to queue
[2024-07-01T10:39:12.466-0400] {logging_mixin.py:188} INFO - [2024-07-01T10:39:12.466-0400] {dagbag.py:545} INFO - Filling up the DagBag from /Users/christophercunningham/airflow_workspace/data-flow/data_flow_env/lib/python3.12/site-packages/airflow/example_dags/example_trigger_target_dag.py
[2024-07-01T10:39:12.497-0400] {processor.py:840} INFO - DAG(s) 'example_trigger_target_dag' retrieved from /Users/christophercunningham/airflow_workspace/data-flow/data_flow_env/lib/python3.12/site-packages/airflow/example_dags/example_trigger_target_dag.py
[2024-07-01T10:39:12.689-0400] {logging_mixin.py:188} INFO - [2024-07-01T10:39:12.689-0400] {dag.py:3096} INFO - Sync 1 DAGs
[2024-07-01T10:39:12.696-0400] {logging_mixin.py:188} INFO - [2024-07-01T10:39:12.696-0400] {dag.py:3954} INFO - Setting next_dagrun for example_trigger_target_dag to None, run_after=None
[2024-07-01T10:39:12.711-0400] {processor.py:183} INFO - Processing /Users/christophercunningham/airflow_workspace/data-flow/data_flow_env/lib/python3.12/site-packages/airflow/example_dags/example_trigger_target_dag.py took 0.250 seconds
