[2024-07-01T09:33:19.897-0400] {processor.py:161} INFO - Started process (PID=14051) to work on /Users/christophercunningham/airflow_workspace/data-flow/data_flow_env/lib/python3.12/site-packages/airflow/example_dags/example_bash_operator.py
[2024-07-01T09:33:19.899-0400] {processor.py:830} INFO - Processing file /Users/christophercunningham/airflow_workspace/data-flow/data_flow_env/lib/python3.12/site-packages/airflow/example_dags/example_bash_operator.py for tasks to queue
[2024-07-01T09:33:19.900-0400] {logging_mixin.py:188} INFO - [2024-07-01T09:33:19.900-0400] {dagbag.py:545} INFO - Filling up the DagBag from /Users/christophercunningham/airflow_workspace/data-flow/data_flow_env/lib/python3.12/site-packages/airflow/example_dags/example_bash_operator.py
[2024-07-01T09:33:19.911-0400] {processor.py:840} INFO - DAG(s) 'example_bash_operator' retrieved from /Users/christophercunningham/airflow_workspace/data-flow/data_flow_env/lib/python3.12/site-packages/airflow/example_dags/example_bash_operator.py
[2024-07-01T09:33:20.076-0400] {logging_mixin.py:188} INFO - [2024-07-01T09:33:20.076-0400] {dag.py:3096} INFO - Sync 1 DAGs
[2024-07-01T09:33:20.090-0400] {logging_mixin.py:188} INFO - [2024-07-01T09:33:20.090-0400] {dag.py:3954} INFO - Setting next_dagrun for example_bash_operator to 2024-06-30 00:00:00+00:00, run_after=2024-07-01 00:00:00+00:00
[2024-07-01T09:33:20.159-0400] {processor.py:183} INFO - Processing /Users/christophercunningham/airflow_workspace/data-flow/data_flow_env/lib/python3.12/site-packages/airflow/example_dags/example_bash_operator.py took 0.267 seconds
[2024-07-01T09:36:46.237-0400] {processor.py:161} INFO - Started process (PID=14366) to work on /Users/christophercunningham/airflow_workspace/data-flow/data_flow_env/lib/python3.12/site-packages/airflow/example_dags/example_bash_operator.py
[2024-07-01T09:36:46.238-0400] {processor.py:830} INFO - Processing file /Users/christophercunningham/airflow_workspace/data-flow/data_flow_env/lib/python3.12/site-packages/airflow/example_dags/example_bash_operator.py for tasks to queue
[2024-07-01T09:36:46.238-0400] {logging_mixin.py:188} INFO - [2024-07-01T09:36:46.238-0400] {dagbag.py:545} INFO - Filling up the DagBag from /Users/christophercunningham/airflow_workspace/data-flow/data_flow_env/lib/python3.12/site-packages/airflow/example_dags/example_bash_operator.py
[2024-07-01T09:36:46.249-0400] {processor.py:840} INFO - DAG(s) 'example_bash_operator' retrieved from /Users/christophercunningham/airflow_workspace/data-flow/data_flow_env/lib/python3.12/site-packages/airflow/example_dags/example_bash_operator.py
[2024-07-01T09:36:46.329-0400] {logging_mixin.py:188} INFO - [2024-07-01T09:36:46.329-0400] {dag.py:3096} INFO - Sync 1 DAGs
[2024-07-01T09:36:46.340-0400] {logging_mixin.py:188} INFO - [2024-07-01T09:36:46.340-0400] {dag.py:3954} INFO - Setting next_dagrun for example_bash_operator to 2024-06-30 00:00:00+00:00, run_after=2024-07-01 00:00:00+00:00
[2024-07-01T09:36:46.353-0400] {processor.py:183} INFO - Processing /Users/christophercunningham/airflow_workspace/data-flow/data_flow_env/lib/python3.12/site-packages/airflow/example_dags/example_bash_operator.py took 0.121 seconds
[2024-07-01T09:40:19.206-0400] {processor.py:161} INFO - Started process (PID=14754) to work on /Users/christophercunningham/airflow_workspace/data-flow/data_flow_env/lib/python3.12/site-packages/airflow/example_dags/example_bash_operator.py
[2024-07-01T09:40:19.207-0400] {processor.py:830} INFO - Processing file /Users/christophercunningham/airflow_workspace/data-flow/data_flow_env/lib/python3.12/site-packages/airflow/example_dags/example_bash_operator.py for tasks to queue
[2024-07-01T09:40:19.208-0400] {logging_mixin.py:188} INFO - [2024-07-01T09:40:19.208-0400] {dagbag.py:545} INFO - Filling up the DagBag from /Users/christophercunningham/airflow_workspace/data-flow/data_flow_env/lib/python3.12/site-packages/airflow/example_dags/example_bash_operator.py
[2024-07-01T09:40:19.218-0400] {processor.py:840} INFO - DAG(s) 'example_bash_operator' retrieved from /Users/christophercunningham/airflow_workspace/data-flow/data_flow_env/lib/python3.12/site-packages/airflow/example_dags/example_bash_operator.py
[2024-07-01T09:40:19.305-0400] {logging_mixin.py:188} INFO - [2024-07-01T09:40:19.304-0400] {dag.py:3096} INFO - Sync 1 DAGs
[2024-07-01T09:40:19.317-0400] {logging_mixin.py:188} INFO - [2024-07-01T09:40:19.316-0400] {dag.py:3954} INFO - Setting next_dagrun for example_bash_operator to 2024-06-30 00:00:00+00:00, run_after=2024-07-01 00:00:00+00:00
[2024-07-01T09:40:19.329-0400] {processor.py:183} INFO - Processing /Users/christophercunningham/airflow_workspace/data-flow/data_flow_env/lib/python3.12/site-packages/airflow/example_dags/example_bash_operator.py took 0.128 seconds
[2024-07-01T09:43:55.242-0400] {processor.py:161} INFO - Started process (PID=15104) to work on /Users/christophercunningham/airflow_workspace/data-flow/data_flow_env/lib/python3.12/site-packages/airflow/example_dags/example_bash_operator.py
[2024-07-01T09:43:55.244-0400] {processor.py:830} INFO - Processing file /Users/christophercunningham/airflow_workspace/data-flow/data_flow_env/lib/python3.12/site-packages/airflow/example_dags/example_bash_operator.py for tasks to queue
[2024-07-01T09:43:55.244-0400] {logging_mixin.py:188} INFO - [2024-07-01T09:43:55.244-0400] {dagbag.py:545} INFO - Filling up the DagBag from /Users/christophercunningham/airflow_workspace/data-flow/data_flow_env/lib/python3.12/site-packages/airflow/example_dags/example_bash_operator.py
[2024-07-01T09:43:55.256-0400] {processor.py:840} INFO - DAG(s) 'example_bash_operator' retrieved from /Users/christophercunningham/airflow_workspace/data-flow/data_flow_env/lib/python3.12/site-packages/airflow/example_dags/example_bash_operator.py
[2024-07-01T09:43:55.349-0400] {logging_mixin.py:188} INFO - [2024-07-01T09:43:55.349-0400] {dag.py:3096} INFO - Sync 1 DAGs
[2024-07-01T09:43:55.361-0400] {logging_mixin.py:188} INFO - [2024-07-01T09:43:55.361-0400] {dag.py:3954} INFO - Setting next_dagrun for example_bash_operator to 2024-06-30 00:00:00+00:00, run_after=2024-07-01 00:00:00+00:00
[2024-07-01T09:43:55.374-0400] {processor.py:183} INFO - Processing /Users/christophercunningham/airflow_workspace/data-flow/data_flow_env/lib/python3.12/site-packages/airflow/example_dags/example_bash_operator.py took 0.135 seconds
[2024-07-01T09:47:29.217-0400] {processor.py:161} INFO - Started process (PID=15424) to work on /Users/christophercunningham/airflow_workspace/data-flow/data_flow_env/lib/python3.12/site-packages/airflow/example_dags/example_bash_operator.py
[2024-07-01T09:47:29.218-0400] {processor.py:830} INFO - Processing file /Users/christophercunningham/airflow_workspace/data-flow/data_flow_env/lib/python3.12/site-packages/airflow/example_dags/example_bash_operator.py for tasks to queue
[2024-07-01T09:47:29.219-0400] {logging_mixin.py:188} INFO - [2024-07-01T09:47:29.219-0400] {dagbag.py:545} INFO - Filling up the DagBag from /Users/christophercunningham/airflow_workspace/data-flow/data_flow_env/lib/python3.12/site-packages/airflow/example_dags/example_bash_operator.py
[2024-07-01T09:47:29.228-0400] {processor.py:840} INFO - DAG(s) 'example_bash_operator' retrieved from /Users/christophercunningham/airflow_workspace/data-flow/data_flow_env/lib/python3.12/site-packages/airflow/example_dags/example_bash_operator.py
[2024-07-01T09:47:29.313-0400] {logging_mixin.py:188} INFO - [2024-07-01T09:47:29.312-0400] {dag.py:3096} INFO - Sync 1 DAGs
[2024-07-01T09:47:29.326-0400] {logging_mixin.py:188} INFO - [2024-07-01T09:47:29.326-0400] {dag.py:3954} INFO - Setting next_dagrun for example_bash_operator to 2024-06-30 00:00:00+00:00, run_after=2024-07-01 00:00:00+00:00
[2024-07-01T09:47:29.341-0400] {processor.py:183} INFO - Processing /Users/christophercunningham/airflow_workspace/data-flow/data_flow_env/lib/python3.12/site-packages/airflow/example_dags/example_bash_operator.py took 0.129 seconds
[2024-07-01T09:51:07.001-0400] {processor.py:161} INFO - Started process (PID=15791) to work on /Users/christophercunningham/airflow_workspace/data-flow/data_flow_env/lib/python3.12/site-packages/airflow/example_dags/example_bash_operator.py
[2024-07-01T09:51:07.002-0400] {processor.py:830} INFO - Processing file /Users/christophercunningham/airflow_workspace/data-flow/data_flow_env/lib/python3.12/site-packages/airflow/example_dags/example_bash_operator.py for tasks to queue
[2024-07-01T09:51:07.003-0400] {logging_mixin.py:188} INFO - [2024-07-01T09:51:07.003-0400] {dagbag.py:545} INFO - Filling up the DagBag from /Users/christophercunningham/airflow_workspace/data-flow/data_flow_env/lib/python3.12/site-packages/airflow/example_dags/example_bash_operator.py
[2024-07-01T09:51:07.015-0400] {processor.py:840} INFO - DAG(s) 'example_bash_operator' retrieved from /Users/christophercunningham/airflow_workspace/data-flow/data_flow_env/lib/python3.12/site-packages/airflow/example_dags/example_bash_operator.py
[2024-07-01T09:51:07.106-0400] {logging_mixin.py:188} INFO - [2024-07-01T09:51:07.106-0400] {dag.py:3096} INFO - Sync 1 DAGs
[2024-07-01T09:51:07.119-0400] {logging_mixin.py:188} INFO - [2024-07-01T09:51:07.119-0400] {dag.py:3954} INFO - Setting next_dagrun for example_bash_operator to 2024-06-30 00:00:00+00:00, run_after=2024-07-01 00:00:00+00:00
[2024-07-01T09:51:07.134-0400] {processor.py:183} INFO - Processing /Users/christophercunningham/airflow_workspace/data-flow/data_flow_env/lib/python3.12/site-packages/airflow/example_dags/example_bash_operator.py took 0.135 seconds
[2024-07-01T09:54:28.961-0400] {processor.py:161} INFO - Started process (PID=16151) to work on /Users/christophercunningham/airflow_workspace/data-flow/data_flow_env/lib/python3.12/site-packages/airflow/example_dags/example_bash_operator.py
[2024-07-01T09:54:28.963-0400] {processor.py:830} INFO - Processing file /Users/christophercunningham/airflow_workspace/data-flow/data_flow_env/lib/python3.12/site-packages/airflow/example_dags/example_bash_operator.py for tasks to queue
[2024-07-01T09:54:28.964-0400] {logging_mixin.py:188} INFO - [2024-07-01T09:54:28.964-0400] {dagbag.py:545} INFO - Filling up the DagBag from /Users/christophercunningham/airflow_workspace/data-flow/data_flow_env/lib/python3.12/site-packages/airflow/example_dags/example_bash_operator.py
[2024-07-01T09:54:28.975-0400] {processor.py:840} INFO - DAG(s) 'example_bash_operator' retrieved from /Users/christophercunningham/airflow_workspace/data-flow/data_flow_env/lib/python3.12/site-packages/airflow/example_dags/example_bash_operator.py
[2024-07-01T09:54:29.060-0400] {logging_mixin.py:188} INFO - [2024-07-01T09:54:29.060-0400] {dag.py:3096} INFO - Sync 1 DAGs
[2024-07-01T09:54:29.072-0400] {logging_mixin.py:188} INFO - [2024-07-01T09:54:29.072-0400] {dag.py:3954} INFO - Setting next_dagrun for example_bash_operator to 2024-06-30 00:00:00+00:00, run_after=2024-07-01 00:00:00+00:00
[2024-07-01T09:54:29.084-0400] {processor.py:183} INFO - Processing /Users/christophercunningham/airflow_workspace/data-flow/data_flow_env/lib/python3.12/site-packages/airflow/example_dags/example_bash_operator.py took 0.129 seconds
[2024-07-01T09:57:51.997-0400] {processor.py:161} INFO - Started process (PID=16593) to work on /Users/christophercunningham/airflow_workspace/data-flow/data_flow_env/lib/python3.12/site-packages/airflow/example_dags/example_bash_operator.py
[2024-07-01T09:57:51.999-0400] {processor.py:830} INFO - Processing file /Users/christophercunningham/airflow_workspace/data-flow/data_flow_env/lib/python3.12/site-packages/airflow/example_dags/example_bash_operator.py for tasks to queue
[2024-07-01T09:57:51.999-0400] {logging_mixin.py:188} INFO - [2024-07-01T09:57:51.999-0400] {dagbag.py:545} INFO - Filling up the DagBag from /Users/christophercunningham/airflow_workspace/data-flow/data_flow_env/lib/python3.12/site-packages/airflow/example_dags/example_bash_operator.py
[2024-07-01T09:57:52.008-0400] {processor.py:840} INFO - DAG(s) 'example_bash_operator' retrieved from /Users/christophercunningham/airflow_workspace/data-flow/data_flow_env/lib/python3.12/site-packages/airflow/example_dags/example_bash_operator.py
[2024-07-01T09:57:52.090-0400] {logging_mixin.py:188} INFO - [2024-07-01T09:57:52.090-0400] {dag.py:3096} INFO - Sync 1 DAGs
[2024-07-01T09:57:52.102-0400] {logging_mixin.py:188} INFO - [2024-07-01T09:57:52.102-0400] {dag.py:3954} INFO - Setting next_dagrun for example_bash_operator to 2024-06-30 00:00:00+00:00, run_after=2024-07-01 00:00:00+00:00
[2024-07-01T09:57:52.115-0400] {processor.py:183} INFO - Processing /Users/christophercunningham/airflow_workspace/data-flow/data_flow_env/lib/python3.12/site-packages/airflow/example_dags/example_bash_operator.py took 0.122 seconds
[2024-07-01T10:01:17.917-0400] {processor.py:161} INFO - Started process (PID=17069) to work on /Users/christophercunningham/airflow_workspace/data-flow/data_flow_env/lib/python3.12/site-packages/airflow/example_dags/example_bash_operator.py
[2024-07-01T10:01:17.919-0400] {processor.py:830} INFO - Processing file /Users/christophercunningham/airflow_workspace/data-flow/data_flow_env/lib/python3.12/site-packages/airflow/example_dags/example_bash_operator.py for tasks to queue
[2024-07-01T10:01:17.919-0400] {logging_mixin.py:188} INFO - [2024-07-01T10:01:17.919-0400] {dagbag.py:545} INFO - Filling up the DagBag from /Users/christophercunningham/airflow_workspace/data-flow/data_flow_env/lib/python3.12/site-packages/airflow/example_dags/example_bash_operator.py
[2024-07-01T10:01:17.931-0400] {processor.py:840} INFO - DAG(s) 'example_bash_operator' retrieved from /Users/christophercunningham/airflow_workspace/data-flow/data_flow_env/lib/python3.12/site-packages/airflow/example_dags/example_bash_operator.py
[2024-07-01T10:01:18.015-0400] {logging_mixin.py:188} INFO - [2024-07-01T10:01:18.015-0400] {dag.py:3096} INFO - Sync 1 DAGs
[2024-07-01T10:01:18.027-0400] {logging_mixin.py:188} INFO - [2024-07-01T10:01:18.027-0400] {dag.py:3954} INFO - Setting next_dagrun for example_bash_operator to 2024-06-30 00:00:00+00:00, run_after=2024-07-01 00:00:00+00:00
[2024-07-01T10:01:18.041-0400] {processor.py:183} INFO - Processing /Users/christophercunningham/airflow_workspace/data-flow/data_flow_env/lib/python3.12/site-packages/airflow/example_dags/example_bash_operator.py took 0.129 seconds
[2024-07-01T10:04:51.944-0400] {processor.py:161} INFO - Started process (PID=17497) to work on /Users/christophercunningham/airflow_workspace/data-flow/data_flow_env/lib/python3.12/site-packages/airflow/example_dags/example_bash_operator.py
[2024-07-01T10:04:51.946-0400] {processor.py:830} INFO - Processing file /Users/christophercunningham/airflow_workspace/data-flow/data_flow_env/lib/python3.12/site-packages/airflow/example_dags/example_bash_operator.py for tasks to queue
[2024-07-01T10:04:51.946-0400] {logging_mixin.py:188} INFO - [2024-07-01T10:04:51.946-0400] {dagbag.py:545} INFO - Filling up the DagBag from /Users/christophercunningham/airflow_workspace/data-flow/data_flow_env/lib/python3.12/site-packages/airflow/example_dags/example_bash_operator.py
[2024-07-01T10:04:51.957-0400] {processor.py:840} INFO - DAG(s) 'example_bash_operator' retrieved from /Users/christophercunningham/airflow_workspace/data-flow/data_flow_env/lib/python3.12/site-packages/airflow/example_dags/example_bash_operator.py
[2024-07-01T10:04:52.043-0400] {logging_mixin.py:188} INFO - [2024-07-01T10:04:52.043-0400] {dag.py:3096} INFO - Sync 1 DAGs
[2024-07-01T10:04:52.055-0400] {logging_mixin.py:188} INFO - [2024-07-01T10:04:52.055-0400] {dag.py:3954} INFO - Setting next_dagrun for example_bash_operator to 2024-06-30 00:00:00+00:00, run_after=2024-07-01 00:00:00+00:00
[2024-07-01T10:04:52.071-0400] {processor.py:183} INFO - Processing /Users/christophercunningham/airflow_workspace/data-flow/data_flow_env/lib/python3.12/site-packages/airflow/example_dags/example_bash_operator.py took 0.131 seconds
[2024-07-01T10:08:33.798-0400] {processor.py:161} INFO - Started process (PID=17969) to work on /Users/christophercunningham/airflow_workspace/data-flow/data_flow_env/lib/python3.12/site-packages/airflow/example_dags/example_bash_operator.py
[2024-07-01T10:08:33.801-0400] {processor.py:830} INFO - Processing file /Users/christophercunningham/airflow_workspace/data-flow/data_flow_env/lib/python3.12/site-packages/airflow/example_dags/example_bash_operator.py for tasks to queue
[2024-07-01T10:08:33.802-0400] {logging_mixin.py:188} INFO - [2024-07-01T10:08:33.801-0400] {dagbag.py:545} INFO - Filling up the DagBag from /Users/christophercunningham/airflow_workspace/data-flow/data_flow_env/lib/python3.12/site-packages/airflow/example_dags/example_bash_operator.py
[2024-07-01T10:08:33.811-0400] {processor.py:840} INFO - DAG(s) 'example_bash_operator' retrieved from /Users/christophercunningham/airflow_workspace/data-flow/data_flow_env/lib/python3.12/site-packages/airflow/example_dags/example_bash_operator.py
[2024-07-01T10:08:33.894-0400] {logging_mixin.py:188} INFO - [2024-07-01T10:08:33.893-0400] {dag.py:3096} INFO - Sync 1 DAGs
[2024-07-01T10:08:33.906-0400] {logging_mixin.py:188} INFO - [2024-07-01T10:08:33.906-0400] {dag.py:3954} INFO - Setting next_dagrun for example_bash_operator to 2024-06-30 00:00:00+00:00, run_after=2024-07-01 00:00:00+00:00
[2024-07-01T10:08:33.919-0400] {processor.py:183} INFO - Processing /Users/christophercunningham/airflow_workspace/data-flow/data_flow_env/lib/python3.12/site-packages/airflow/example_dags/example_bash_operator.py took 0.126 seconds
[2024-07-01T10:11:57.723-0400] {processor.py:161} INFO - Started process (PID=18429) to work on /Users/christophercunningham/airflow_workspace/data-flow/data_flow_env/lib/python3.12/site-packages/airflow/example_dags/example_bash_operator.py
[2024-07-01T10:11:57.724-0400] {processor.py:830} INFO - Processing file /Users/christophercunningham/airflow_workspace/data-flow/data_flow_env/lib/python3.12/site-packages/airflow/example_dags/example_bash_operator.py for tasks to queue
[2024-07-01T10:11:57.725-0400] {logging_mixin.py:188} INFO - [2024-07-01T10:11:57.725-0400] {dagbag.py:545} INFO - Filling up the DagBag from /Users/christophercunningham/airflow_workspace/data-flow/data_flow_env/lib/python3.12/site-packages/airflow/example_dags/example_bash_operator.py
[2024-07-01T10:11:57.734-0400] {processor.py:840} INFO - DAG(s) 'example_bash_operator' retrieved from /Users/christophercunningham/airflow_workspace/data-flow/data_flow_env/lib/python3.12/site-packages/airflow/example_dags/example_bash_operator.py
[2024-07-01T10:11:57.816-0400] {logging_mixin.py:188} INFO - [2024-07-01T10:11:57.816-0400] {dag.py:3096} INFO - Sync 1 DAGs
[2024-07-01T10:11:57.828-0400] {logging_mixin.py:188} INFO - [2024-07-01T10:11:57.828-0400] {dag.py:3954} INFO - Setting next_dagrun for example_bash_operator to 2024-06-30 00:00:00+00:00, run_after=2024-07-01 00:00:00+00:00
[2024-07-01T10:11:57.841-0400] {processor.py:183} INFO - Processing /Users/christophercunningham/airflow_workspace/data-flow/data_flow_env/lib/python3.12/site-packages/airflow/example_dags/example_bash_operator.py took 0.123 seconds
[2024-07-01T10:15:29.064-0400] {processor.py:161} INFO - Started process (PID=18905) to work on /Users/christophercunningham/airflow_workspace/data-flow/data_flow_env/lib/python3.12/site-packages/airflow/example_dags/example_bash_operator.py
[2024-07-01T10:15:29.065-0400] {processor.py:830} INFO - Processing file /Users/christophercunningham/airflow_workspace/data-flow/data_flow_env/lib/python3.12/site-packages/airflow/example_dags/example_bash_operator.py for tasks to queue
[2024-07-01T10:15:29.066-0400] {logging_mixin.py:188} INFO - [2024-07-01T10:15:29.066-0400] {dagbag.py:545} INFO - Filling up the DagBag from /Users/christophercunningham/airflow_workspace/data-flow/data_flow_env/lib/python3.12/site-packages/airflow/example_dags/example_bash_operator.py
[2024-07-01T10:15:29.077-0400] {processor.py:840} INFO - DAG(s) 'example_bash_operator' retrieved from /Users/christophercunningham/airflow_workspace/data-flow/data_flow_env/lib/python3.12/site-packages/airflow/example_dags/example_bash_operator.py
[2024-07-01T10:15:29.166-0400] {logging_mixin.py:188} INFO - [2024-07-01T10:15:29.166-0400] {dag.py:3096} INFO - Sync 1 DAGs
[2024-07-01T10:15:29.180-0400] {logging_mixin.py:188} INFO - [2024-07-01T10:15:29.180-0400] {dag.py:3954} INFO - Setting next_dagrun for example_bash_operator to 2024-06-30 00:00:00+00:00, run_after=2024-07-01 00:00:00+00:00
[2024-07-01T10:15:29.197-0400] {processor.py:183} INFO - Processing /Users/christophercunningham/airflow_workspace/data-flow/data_flow_env/lib/python3.12/site-packages/airflow/example_dags/example_bash_operator.py took 0.135 seconds
