[2024-07-01T09:32:12.369-0400] {processor.py:161} INFO - Started process (PID=13915) to work on /Users/christophercunningham/airflow_workspace/data-flow/data_flow_env/lib/python3.12/site-packages/airflow/example_dags/example_sensors.py
[2024-07-01T09:32:12.371-0400] {processor.py:830} INFO - Processing file /Users/christophercunningham/airflow_workspace/data-flow/data_flow_env/lib/python3.12/site-packages/airflow/example_dags/example_sensors.py for tasks to queue
[2024-07-01T09:32:12.372-0400] {logging_mixin.py:188} INFO - [2024-07-01T09:32:12.372-0400] {dagbag.py:545} INFO - Filling up the DagBag from /Users/christophercunningham/airflow_workspace/data-flow/data_flow_env/lib/python3.12/site-packages/airflow/example_dags/example_sensors.py
[2024-07-01T09:32:12.385-0400] {processor.py:840} INFO - DAG(s) 'example_sensors' retrieved from /Users/christophercunningham/airflow_workspace/data-flow/data_flow_env/lib/python3.12/site-packages/airflow/example_dags/example_sensors.py
[2024-07-01T09:32:12.545-0400] {logging_mixin.py:188} INFO - [2024-07-01T09:32:12.545-0400] {dag.py:3096} INFO - Sync 1 DAGs
[2024-07-01T09:32:12.554-0400] {logging_mixin.py:188} INFO - [2024-07-01T09:32:12.554-0400] {dag.py:3954} INFO - Setting next_dagrun for example_sensors to None, run_after=None
[2024-07-01T09:32:12.623-0400] {processor.py:183} INFO - Processing /Users/christophercunningham/airflow_workspace/data-flow/data_flow_env/lib/python3.12/site-packages/airflow/example_dags/example_sensors.py took 0.259 seconds
[2024-07-01T09:34:26.733-0400] {processor.py:161} INFO - Started process (PID=14166) to work on /Users/christophercunningham/airflow_workspace/data-flow/data_flow_env/lib/python3.12/site-packages/airflow/example_dags/example_sensors.py
[2024-07-01T09:34:26.734-0400] {processor.py:830} INFO - Processing file /Users/christophercunningham/airflow_workspace/data-flow/data_flow_env/lib/python3.12/site-packages/airflow/example_dags/example_sensors.py for tasks to queue
[2024-07-01T09:34:26.734-0400] {logging_mixin.py:188} INFO - [2024-07-01T09:34:26.734-0400] {dagbag.py:545} INFO - Filling up the DagBag from /Users/christophercunningham/airflow_workspace/data-flow/data_flow_env/lib/python3.12/site-packages/airflow/example_dags/example_sensors.py
[2024-07-01T09:34:26.749-0400] {processor.py:840} INFO - DAG(s) 'example_sensors' retrieved from /Users/christophercunningham/airflow_workspace/data-flow/data_flow_env/lib/python3.12/site-packages/airflow/example_dags/example_sensors.py
[2024-07-01T09:34:26.837-0400] {logging_mixin.py:188} INFO - [2024-07-01T09:34:26.837-0400] {dag.py:3096} INFO - Sync 1 DAGs
[2024-07-01T09:34:26.844-0400] {logging_mixin.py:188} INFO - [2024-07-01T09:34:26.844-0400] {dag.py:3954} INFO - Setting next_dagrun for example_sensors to None, run_after=None
[2024-07-01T09:34:26.860-0400] {processor.py:183} INFO - Processing /Users/christophercunningham/airflow_workspace/data-flow/data_flow_env/lib/python3.12/site-packages/airflow/example_dags/example_sensors.py took 0.132 seconds
[2024-07-01T09:36:11.689-0400] {processor.py:161} INFO - Started process (PID=14317) to work on /Users/christophercunningham/airflow_workspace/data-flow/data_flow_env/lib/python3.12/site-packages/airflow/example_dags/example_sensors.py
[2024-07-01T09:36:11.690-0400] {processor.py:830} INFO - Processing file /Users/christophercunningham/airflow_workspace/data-flow/data_flow_env/lib/python3.12/site-packages/airflow/example_dags/example_sensors.py for tasks to queue
[2024-07-01T09:36:11.691-0400] {logging_mixin.py:188} INFO - [2024-07-01T09:36:11.691-0400] {dagbag.py:545} INFO - Filling up the DagBag from /Users/christophercunningham/airflow_workspace/data-flow/data_flow_env/lib/python3.12/site-packages/airflow/example_dags/example_sensors.py
[2024-07-01T09:36:11.703-0400] {processor.py:840} INFO - DAG(s) 'example_sensors' retrieved from /Users/christophercunningham/airflow_workspace/data-flow/data_flow_env/lib/python3.12/site-packages/airflow/example_dags/example_sensors.py
[2024-07-01T09:36:11.795-0400] {logging_mixin.py:188} INFO - [2024-07-01T09:36:11.795-0400] {dag.py:3096} INFO - Sync 1 DAGs
[2024-07-01T09:36:11.802-0400] {logging_mixin.py:188} INFO - [2024-07-01T09:36:11.801-0400] {dag.py:3954} INFO - Setting next_dagrun for example_sensors to None, run_after=None
[2024-07-01T09:36:11.815-0400] {processor.py:183} INFO - Processing /Users/christophercunningham/airflow_workspace/data-flow/data_flow_env/lib/python3.12/site-packages/airflow/example_dags/example_sensors.py took 0.131 seconds
[2024-07-01T09:37:56.794-0400] {processor.py:161} INFO - Started process (PID=14484) to work on /Users/christophercunningham/airflow_workspace/data-flow/data_flow_env/lib/python3.12/site-packages/airflow/example_dags/example_sensors.py
[2024-07-01T09:37:56.796-0400] {processor.py:830} INFO - Processing file /Users/christophercunningham/airflow_workspace/data-flow/data_flow_env/lib/python3.12/site-packages/airflow/example_dags/example_sensors.py for tasks to queue
[2024-07-01T09:37:56.797-0400] {logging_mixin.py:188} INFO - [2024-07-01T09:37:56.796-0400] {dagbag.py:545} INFO - Filling up the DagBag from /Users/christophercunningham/airflow_workspace/data-flow/data_flow_env/lib/python3.12/site-packages/airflow/example_dags/example_sensors.py
[2024-07-01T09:37:56.808-0400] {processor.py:840} INFO - DAG(s) 'example_sensors' retrieved from /Users/christophercunningham/airflow_workspace/data-flow/data_flow_env/lib/python3.12/site-packages/airflow/example_dags/example_sensors.py
[2024-07-01T09:37:56.895-0400] {logging_mixin.py:188} INFO - [2024-07-01T09:37:56.895-0400] {dag.py:3096} INFO - Sync 1 DAGs
[2024-07-01T09:37:56.902-0400] {logging_mixin.py:188} INFO - [2024-07-01T09:37:56.901-0400] {dag.py:3954} INFO - Setting next_dagrun for example_sensors to None, run_after=None
[2024-07-01T09:37:56.915-0400] {processor.py:183} INFO - Processing /Users/christophercunningham/airflow_workspace/data-flow/data_flow_env/lib/python3.12/site-packages/airflow/example_dags/example_sensors.py took 0.125 seconds
[2024-07-01T09:39:45.287-0400] {processor.py:161} INFO - Started process (PID=14656) to work on /Users/christophercunningham/airflow_workspace/data-flow/data_flow_env/lib/python3.12/site-packages/airflow/example_dags/example_sensors.py
[2024-07-01T09:39:45.289-0400] {processor.py:830} INFO - Processing file /Users/christophercunningham/airflow_workspace/data-flow/data_flow_env/lib/python3.12/site-packages/airflow/example_dags/example_sensors.py for tasks to queue
[2024-07-01T09:39:45.289-0400] {logging_mixin.py:188} INFO - [2024-07-01T09:39:45.289-0400] {dagbag.py:545} INFO - Filling up the DagBag from /Users/christophercunningham/airflow_workspace/data-flow/data_flow_env/lib/python3.12/site-packages/airflow/example_dags/example_sensors.py
[2024-07-01T09:39:45.304-0400] {processor.py:840} INFO - DAG(s) 'example_sensors' retrieved from /Users/christophercunningham/airflow_workspace/data-flow/data_flow_env/lib/python3.12/site-packages/airflow/example_dags/example_sensors.py
[2024-07-01T09:39:45.393-0400] {logging_mixin.py:188} INFO - [2024-07-01T09:39:45.393-0400] {dag.py:3096} INFO - Sync 1 DAGs
[2024-07-01T09:39:45.399-0400] {logging_mixin.py:188} INFO - [2024-07-01T09:39:45.399-0400] {dag.py:3954} INFO - Setting next_dagrun for example_sensors to None, run_after=None
[2024-07-01T09:39:45.412-0400] {processor.py:183} INFO - Processing /Users/christophercunningham/airflow_workspace/data-flow/data_flow_env/lib/python3.12/site-packages/airflow/example_dags/example_sensors.py took 0.130 seconds
[2024-07-01T09:41:29.431-0400] {processor.py:161} INFO - Started process (PID=14873) to work on /Users/christophercunningham/airflow_workspace/data-flow/data_flow_env/lib/python3.12/site-packages/airflow/example_dags/example_sensors.py
[2024-07-01T09:41:29.432-0400] {processor.py:830} INFO - Processing file /Users/christophercunningham/airflow_workspace/data-flow/data_flow_env/lib/python3.12/site-packages/airflow/example_dags/example_sensors.py for tasks to queue
[2024-07-01T09:41:29.432-0400] {logging_mixin.py:188} INFO - [2024-07-01T09:41:29.432-0400] {dagbag.py:545} INFO - Filling up the DagBag from /Users/christophercunningham/airflow_workspace/data-flow/data_flow_env/lib/python3.12/site-packages/airflow/example_dags/example_sensors.py
[2024-07-01T09:41:29.447-0400] {processor.py:840} INFO - DAG(s) 'example_sensors' retrieved from /Users/christophercunningham/airflow_workspace/data-flow/data_flow_env/lib/python3.12/site-packages/airflow/example_dags/example_sensors.py
[2024-07-01T09:41:29.539-0400] {logging_mixin.py:188} INFO - [2024-07-01T09:41:29.539-0400] {dag.py:3096} INFO - Sync 1 DAGs
[2024-07-01T09:41:29.546-0400] {logging_mixin.py:188} INFO - [2024-07-01T09:41:29.545-0400] {dag.py:3954} INFO - Setting next_dagrun for example_sensors to None, run_after=None
[2024-07-01T09:41:29.558-0400] {processor.py:183} INFO - Processing /Users/christophercunningham/airflow_workspace/data-flow/data_flow_env/lib/python3.12/site-packages/airflow/example_dags/example_sensors.py took 0.132 seconds
[2024-07-01T09:43:16.253-0400] {processor.py:161} INFO - Started process (PID=15033) to work on /Users/christophercunningham/airflow_workspace/data-flow/data_flow_env/lib/python3.12/site-packages/airflow/example_dags/example_sensors.py
[2024-07-01T09:43:16.255-0400] {processor.py:830} INFO - Processing file /Users/christophercunningham/airflow_workspace/data-flow/data_flow_env/lib/python3.12/site-packages/airflow/example_dags/example_sensors.py for tasks to queue
[2024-07-01T09:43:16.256-0400] {logging_mixin.py:188} INFO - [2024-07-01T09:43:16.255-0400] {dagbag.py:545} INFO - Filling up the DagBag from /Users/christophercunningham/airflow_workspace/data-flow/data_flow_env/lib/python3.12/site-packages/airflow/example_dags/example_sensors.py
[2024-07-01T09:43:16.271-0400] {processor.py:840} INFO - DAG(s) 'example_sensors' retrieved from /Users/christophercunningham/airflow_workspace/data-flow/data_flow_env/lib/python3.12/site-packages/airflow/example_dags/example_sensors.py
[2024-07-01T09:43:16.361-0400] {logging_mixin.py:188} INFO - [2024-07-01T09:43:16.361-0400] {dag.py:3096} INFO - Sync 1 DAGs
[2024-07-01T09:43:16.367-0400] {logging_mixin.py:188} INFO - [2024-07-01T09:43:16.367-0400] {dag.py:3954} INFO - Setting next_dagrun for example_sensors to None, run_after=None
[2024-07-01T09:43:16.383-0400] {processor.py:183} INFO - Processing /Users/christophercunningham/airflow_workspace/data-flow/data_flow_env/lib/python3.12/site-packages/airflow/example_dags/example_sensors.py took 0.134 seconds
[2024-07-01T09:45:06.439-0400] {processor.py:161} INFO - Started process (PID=15210) to work on /Users/christophercunningham/airflow_workspace/data-flow/data_flow_env/lib/python3.12/site-packages/airflow/example_dags/example_sensors.py
[2024-07-01T09:45:06.441-0400] {processor.py:830} INFO - Processing file /Users/christophercunningham/airflow_workspace/data-flow/data_flow_env/lib/python3.12/site-packages/airflow/example_dags/example_sensors.py for tasks to queue
[2024-07-01T09:45:06.442-0400] {logging_mixin.py:188} INFO - [2024-07-01T09:45:06.441-0400] {dagbag.py:545} INFO - Filling up the DagBag from /Users/christophercunningham/airflow_workspace/data-flow/data_flow_env/lib/python3.12/site-packages/airflow/example_dags/example_sensors.py
[2024-07-01T09:45:06.457-0400] {processor.py:840} INFO - DAG(s) 'example_sensors' retrieved from /Users/christophercunningham/airflow_workspace/data-flow/data_flow_env/lib/python3.12/site-packages/airflow/example_dags/example_sensors.py
[2024-07-01T09:45:06.548-0400] {logging_mixin.py:188} INFO - [2024-07-01T09:45:06.548-0400] {dag.py:3096} INFO - Sync 1 DAGs
[2024-07-01T09:45:06.555-0400] {logging_mixin.py:188} INFO - [2024-07-01T09:45:06.555-0400] {dag.py:3954} INFO - Setting next_dagrun for example_sensors to None, run_after=None
[2024-07-01T09:45:06.573-0400] {processor.py:183} INFO - Processing /Users/christophercunningham/airflow_workspace/data-flow/data_flow_env/lib/python3.12/site-packages/airflow/example_dags/example_sensors.py took 0.140 seconds
[2024-07-01T09:46:54.015-0400] {processor.py:161} INFO - Started process (PID=15374) to work on /Users/christophercunningham/airflow_workspace/data-flow/data_flow_env/lib/python3.12/site-packages/airflow/example_dags/example_sensors.py
[2024-07-01T09:46:54.016-0400] {processor.py:830} INFO - Processing file /Users/christophercunningham/airflow_workspace/data-flow/data_flow_env/lib/python3.12/site-packages/airflow/example_dags/example_sensors.py for tasks to queue
[2024-07-01T09:46:54.017-0400] {logging_mixin.py:188} INFO - [2024-07-01T09:46:54.017-0400] {dagbag.py:545} INFO - Filling up the DagBag from /Users/christophercunningham/airflow_workspace/data-flow/data_flow_env/lib/python3.12/site-packages/airflow/example_dags/example_sensors.py
[2024-07-01T09:46:54.029-0400] {processor.py:840} INFO - DAG(s) 'example_sensors' retrieved from /Users/christophercunningham/airflow_workspace/data-flow/data_flow_env/lib/python3.12/site-packages/airflow/example_dags/example_sensors.py
[2024-07-01T09:46:54.121-0400] {logging_mixin.py:188} INFO - [2024-07-01T09:46:54.121-0400] {dag.py:3096} INFO - Sync 1 DAGs
[2024-07-01T09:46:54.127-0400] {logging_mixin.py:188} INFO - [2024-07-01T09:46:54.127-0400] {dag.py:3954} INFO - Setting next_dagrun for example_sensors to None, run_after=None
[2024-07-01T09:46:54.141-0400] {processor.py:183} INFO - Processing /Users/christophercunningham/airflow_workspace/data-flow/data_flow_env/lib/python3.12/site-packages/airflow/example_dags/example_sensors.py took 0.131 seconds
[2024-07-01T09:48:40.411-0400] {processor.py:161} INFO - Started process (PID=15528) to work on /Users/christophercunningham/airflow_workspace/data-flow/data_flow_env/lib/python3.12/site-packages/airflow/example_dags/example_sensors.py
[2024-07-01T09:48:40.413-0400] {processor.py:830} INFO - Processing file /Users/christophercunningham/airflow_workspace/data-flow/data_flow_env/lib/python3.12/site-packages/airflow/example_dags/example_sensors.py for tasks to queue
[2024-07-01T09:48:40.414-0400] {logging_mixin.py:188} INFO - [2024-07-01T09:48:40.414-0400] {dagbag.py:545} INFO - Filling up the DagBag from /Users/christophercunningham/airflow_workspace/data-flow/data_flow_env/lib/python3.12/site-packages/airflow/example_dags/example_sensors.py
[2024-07-01T09:48:40.426-0400] {processor.py:840} INFO - DAG(s) 'example_sensors' retrieved from /Users/christophercunningham/airflow_workspace/data-flow/data_flow_env/lib/python3.12/site-packages/airflow/example_dags/example_sensors.py
[2024-07-01T09:48:40.516-0400] {logging_mixin.py:188} INFO - [2024-07-01T09:48:40.516-0400] {dag.py:3096} INFO - Sync 1 DAGs
[2024-07-01T09:48:40.522-0400] {logging_mixin.py:188} INFO - [2024-07-01T09:48:40.522-0400] {dag.py:3954} INFO - Setting next_dagrun for example_sensors to None, run_after=None
[2024-07-01T09:48:40.537-0400] {processor.py:183} INFO - Processing /Users/christophercunningham/airflow_workspace/data-flow/data_flow_env/lib/python3.12/site-packages/airflow/example_dags/example_sensors.py took 0.131 seconds
[2024-07-01T09:50:28.621-0400] {processor.py:161} INFO - Started process (PID=15730) to work on /Users/christophercunningham/airflow_workspace/data-flow/data_flow_env/lib/python3.12/site-packages/airflow/example_dags/example_sensors.py
[2024-07-01T09:50:28.621-0400] {processor.py:830} INFO - Processing file /Users/christophercunningham/airflow_workspace/data-flow/data_flow_env/lib/python3.12/site-packages/airflow/example_dags/example_sensors.py for tasks to queue
[2024-07-01T09:50:28.622-0400] {logging_mixin.py:188} INFO - [2024-07-01T09:50:28.622-0400] {dagbag.py:545} INFO - Filling up the DagBag from /Users/christophercunningham/airflow_workspace/data-flow/data_flow_env/lib/python3.12/site-packages/airflow/example_dags/example_sensors.py
[2024-07-01T09:50:28.635-0400] {processor.py:840} INFO - DAG(s) 'example_sensors' retrieved from /Users/christophercunningham/airflow_workspace/data-flow/data_flow_env/lib/python3.12/site-packages/airflow/example_dags/example_sensors.py
[2024-07-01T09:50:28.725-0400] {logging_mixin.py:188} INFO - [2024-07-01T09:50:28.725-0400] {dag.py:3096} INFO - Sync 1 DAGs
[2024-07-01T09:50:28.732-0400] {logging_mixin.py:188} INFO - [2024-07-01T09:50:28.732-0400] {dag.py:3954} INFO - Setting next_dagrun for example_sensors to None, run_after=None
[2024-07-01T09:50:28.745-0400] {processor.py:183} INFO - Processing /Users/christophercunningham/airflow_workspace/data-flow/data_flow_env/lib/python3.12/site-packages/airflow/example_dags/example_sensors.py took 0.128 seconds
[2024-07-01T09:52:18.001-0400] {processor.py:161} INFO - Started process (PID=15908) to work on /Users/christophercunningham/airflow_workspace/data-flow/data_flow_env/lib/python3.12/site-packages/airflow/example_dags/example_sensors.py
[2024-07-01T09:52:18.003-0400] {processor.py:830} INFO - Processing file /Users/christophercunningham/airflow_workspace/data-flow/data_flow_env/lib/python3.12/site-packages/airflow/example_dags/example_sensors.py for tasks to queue
[2024-07-01T09:52:18.003-0400] {logging_mixin.py:188} INFO - [2024-07-01T09:52:18.003-0400] {dagbag.py:545} INFO - Filling up the DagBag from /Users/christophercunningham/airflow_workspace/data-flow/data_flow_env/lib/python3.12/site-packages/airflow/example_dags/example_sensors.py
[2024-07-01T09:52:18.017-0400] {processor.py:840} INFO - DAG(s) 'example_sensors' retrieved from /Users/christophercunningham/airflow_workspace/data-flow/data_flow_env/lib/python3.12/site-packages/airflow/example_dags/example_sensors.py
[2024-07-01T09:52:18.108-0400] {logging_mixin.py:188} INFO - [2024-07-01T09:52:18.108-0400] {dag.py:3096} INFO - Sync 1 DAGs
[2024-07-01T09:52:18.115-0400] {logging_mixin.py:188} INFO - [2024-07-01T09:52:18.114-0400] {dag.py:3954} INFO - Setting next_dagrun for example_sensors to None, run_after=None
[2024-07-01T09:52:18.127-0400] {processor.py:183} INFO - Processing /Users/christophercunningham/airflow_workspace/data-flow/data_flow_env/lib/python3.12/site-packages/airflow/example_dags/example_sensors.py took 0.131 seconds
[2024-07-01T09:53:56.857-0400] {processor.py:161} INFO - Started process (PID=16074) to work on /Users/christophercunningham/airflow_workspace/data-flow/data_flow_env/lib/python3.12/site-packages/airflow/example_dags/example_sensors.py
[2024-07-01T09:53:56.859-0400] {processor.py:830} INFO - Processing file /Users/christophercunningham/airflow_workspace/data-flow/data_flow_env/lib/python3.12/site-packages/airflow/example_dags/example_sensors.py for tasks to queue
[2024-07-01T09:53:56.859-0400] {logging_mixin.py:188} INFO - [2024-07-01T09:53:56.859-0400] {dagbag.py:545} INFO - Filling up the DagBag from /Users/christophercunningham/airflow_workspace/data-flow/data_flow_env/lib/python3.12/site-packages/airflow/example_dags/example_sensors.py
[2024-07-01T09:53:56.873-0400] {processor.py:840} INFO - DAG(s) 'example_sensors' retrieved from /Users/christophercunningham/airflow_workspace/data-flow/data_flow_env/lib/python3.12/site-packages/airflow/example_dags/example_sensors.py
[2024-07-01T09:53:56.966-0400] {logging_mixin.py:188} INFO - [2024-07-01T09:53:56.966-0400] {dag.py:3096} INFO - Sync 1 DAGs
[2024-07-01T09:53:56.973-0400] {logging_mixin.py:188} INFO - [2024-07-01T09:53:56.972-0400] {dag.py:3954} INFO - Setting next_dagrun for example_sensors to None, run_after=None
[2024-07-01T09:53:56.987-0400] {processor.py:183} INFO - Processing /Users/christophercunningham/airflow_workspace/data-flow/data_flow_env/lib/python3.12/site-packages/airflow/example_dags/example_sensors.py took 0.135 seconds
[2024-07-01T09:55:37.336-0400] {processor.py:161} INFO - Started process (PID=16301) to work on /Users/christophercunningham/airflow_workspace/data-flow/data_flow_env/lib/python3.12/site-packages/airflow/example_dags/example_sensors.py
[2024-07-01T09:55:37.337-0400] {processor.py:830} INFO - Processing file /Users/christophercunningham/airflow_workspace/data-flow/data_flow_env/lib/python3.12/site-packages/airflow/example_dags/example_sensors.py for tasks to queue
[2024-07-01T09:55:37.338-0400] {logging_mixin.py:188} INFO - [2024-07-01T09:55:37.337-0400] {dagbag.py:545} INFO - Filling up the DagBag from /Users/christophercunningham/airflow_workspace/data-flow/data_flow_env/lib/python3.12/site-packages/airflow/example_dags/example_sensors.py
[2024-07-01T09:55:37.352-0400] {processor.py:840} INFO - DAG(s) 'example_sensors' retrieved from /Users/christophercunningham/airflow_workspace/data-flow/data_flow_env/lib/python3.12/site-packages/airflow/example_dags/example_sensors.py
[2024-07-01T09:55:37.442-0400] {logging_mixin.py:188} INFO - [2024-07-01T09:55:37.441-0400] {dag.py:3096} INFO - Sync 1 DAGs
[2024-07-01T09:55:37.448-0400] {logging_mixin.py:188} INFO - [2024-07-01T09:55:37.448-0400] {dag.py:3954} INFO - Setting next_dagrun for example_sensors to None, run_after=None
[2024-07-01T09:55:37.462-0400] {processor.py:183} INFO - Processing /Users/christophercunningham/airflow_workspace/data-flow/data_flow_env/lib/python3.12/site-packages/airflow/example_dags/example_sensors.py took 0.130 seconds
[2024-07-01T09:57:18.226-0400] {processor.py:161} INFO - Started process (PID=16512) to work on /Users/christophercunningham/airflow_workspace/data-flow/data_flow_env/lib/python3.12/site-packages/airflow/example_dags/example_sensors.py
[2024-07-01T09:57:18.227-0400] {processor.py:830} INFO - Processing file /Users/christophercunningham/airflow_workspace/data-flow/data_flow_env/lib/python3.12/site-packages/airflow/example_dags/example_sensors.py for tasks to queue
[2024-07-01T09:57:18.228-0400] {logging_mixin.py:188} INFO - [2024-07-01T09:57:18.228-0400] {dagbag.py:545} INFO - Filling up the DagBag from /Users/christophercunningham/airflow_workspace/data-flow/data_flow_env/lib/python3.12/site-packages/airflow/example_dags/example_sensors.py
[2024-07-01T09:57:18.239-0400] {processor.py:840} INFO - DAG(s) 'example_sensors' retrieved from /Users/christophercunningham/airflow_workspace/data-flow/data_flow_env/lib/python3.12/site-packages/airflow/example_dags/example_sensors.py
[2024-07-01T09:57:18.327-0400] {logging_mixin.py:188} INFO - [2024-07-01T09:57:18.327-0400] {dag.py:3096} INFO - Sync 1 DAGs
[2024-07-01T09:57:18.334-0400] {logging_mixin.py:188} INFO - [2024-07-01T09:57:18.334-0400] {dag.py:3954} INFO - Setting next_dagrun for example_sensors to None, run_after=None
[2024-07-01T09:57:18.346-0400] {processor.py:183} INFO - Processing /Users/christophercunningham/airflow_workspace/data-flow/data_flow_env/lib/python3.12/site-packages/airflow/example_dags/example_sensors.py took 0.125 seconds
[2024-07-01T09:59:02.527-0400] {processor.py:161} INFO - Started process (PID=16744) to work on /Users/christophercunningham/airflow_workspace/data-flow/data_flow_env/lib/python3.12/site-packages/airflow/example_dags/example_sensors.py
[2024-07-01T09:59:02.529-0400] {processor.py:830} INFO - Processing file /Users/christophercunningham/airflow_workspace/data-flow/data_flow_env/lib/python3.12/site-packages/airflow/example_dags/example_sensors.py for tasks to queue
[2024-07-01T09:59:02.529-0400] {logging_mixin.py:188} INFO - [2024-07-01T09:59:02.529-0400] {dagbag.py:545} INFO - Filling up the DagBag from /Users/christophercunningham/airflow_workspace/data-flow/data_flow_env/lib/python3.12/site-packages/airflow/example_dags/example_sensors.py
[2024-07-01T09:59:02.540-0400] {processor.py:840} INFO - DAG(s) 'example_sensors' retrieved from /Users/christophercunningham/airflow_workspace/data-flow/data_flow_env/lib/python3.12/site-packages/airflow/example_dags/example_sensors.py
[2024-07-01T09:59:02.630-0400] {logging_mixin.py:188} INFO - [2024-07-01T09:59:02.630-0400] {dag.py:3096} INFO - Sync 1 DAGs
[2024-07-01T09:59:02.636-0400] {logging_mixin.py:188} INFO - [2024-07-01T09:59:02.636-0400] {dag.py:3954} INFO - Setting next_dagrun for example_sensors to None, run_after=None
[2024-07-01T09:59:02.649-0400] {processor.py:183} INFO - Processing /Users/christophercunningham/airflow_workspace/data-flow/data_flow_env/lib/python3.12/site-packages/airflow/example_dags/example_sensors.py took 0.126 seconds
[2024-07-01T10:00:45.483-0400] {processor.py:161} INFO - Started process (PID=17002) to work on /Users/christophercunningham/airflow_workspace/data-flow/data_flow_env/lib/python3.12/site-packages/airflow/example_dags/example_sensors.py
[2024-07-01T10:00:45.484-0400] {processor.py:830} INFO - Processing file /Users/christophercunningham/airflow_workspace/data-flow/data_flow_env/lib/python3.12/site-packages/airflow/example_dags/example_sensors.py for tasks to queue
[2024-07-01T10:00:45.485-0400] {logging_mixin.py:188} INFO - [2024-07-01T10:00:45.485-0400] {dagbag.py:545} INFO - Filling up the DagBag from /Users/christophercunningham/airflow_workspace/data-flow/data_flow_env/lib/python3.12/site-packages/airflow/example_dags/example_sensors.py
[2024-07-01T10:00:45.498-0400] {processor.py:840} INFO - DAG(s) 'example_sensors' retrieved from /Users/christophercunningham/airflow_workspace/data-flow/data_flow_env/lib/python3.12/site-packages/airflow/example_dags/example_sensors.py
[2024-07-01T10:00:45.593-0400] {logging_mixin.py:188} INFO - [2024-07-01T10:00:45.593-0400] {dag.py:3096} INFO - Sync 1 DAGs
[2024-07-01T10:00:45.600-0400] {logging_mixin.py:188} INFO - [2024-07-01T10:00:45.600-0400] {dag.py:3954} INFO - Setting next_dagrun for example_sensors to None, run_after=None
[2024-07-01T10:00:45.613-0400] {processor.py:183} INFO - Processing /Users/christophercunningham/airflow_workspace/data-flow/data_flow_env/lib/python3.12/site-packages/airflow/example_dags/example_sensors.py took 0.134 seconds
[2024-07-01T10:02:28.189-0400] {processor.py:161} INFO - Started process (PID=17211) to work on /Users/christophercunningham/airflow_workspace/data-flow/data_flow_env/lib/python3.12/site-packages/airflow/example_dags/example_sensors.py
[2024-07-01T10:02:28.190-0400] {processor.py:830} INFO - Processing file /Users/christophercunningham/airflow_workspace/data-flow/data_flow_env/lib/python3.12/site-packages/airflow/example_dags/example_sensors.py for tasks to queue
[2024-07-01T10:02:28.191-0400] {logging_mixin.py:188} INFO - [2024-07-01T10:02:28.191-0400] {dagbag.py:545} INFO - Filling up the DagBag from /Users/christophercunningham/airflow_workspace/data-flow/data_flow_env/lib/python3.12/site-packages/airflow/example_dags/example_sensors.py
[2024-07-01T10:02:28.205-0400] {processor.py:840} INFO - DAG(s) 'example_sensors' retrieved from /Users/christophercunningham/airflow_workspace/data-flow/data_flow_env/lib/python3.12/site-packages/airflow/example_dags/example_sensors.py
[2024-07-01T10:02:28.300-0400] {logging_mixin.py:188} INFO - [2024-07-01T10:02:28.300-0400] {dag.py:3096} INFO - Sync 1 DAGs
[2024-07-01T10:02:28.307-0400] {logging_mixin.py:188} INFO - [2024-07-01T10:02:28.307-0400] {dag.py:3954} INFO - Setting next_dagrun for example_sensors to None, run_after=None
[2024-07-01T10:02:28.319-0400] {processor.py:183} INFO - Processing /Users/christophercunningham/airflow_workspace/data-flow/data_flow_env/lib/python3.12/site-packages/airflow/example_dags/example_sensors.py took 0.135 seconds
[2024-07-01T10:04:14.615-0400] {processor.py:161} INFO - Started process (PID=17425) to work on /Users/christophercunningham/airflow_workspace/data-flow/data_flow_env/lib/python3.12/site-packages/airflow/example_dags/example_sensors.py
[2024-07-01T10:04:14.617-0400] {processor.py:830} INFO - Processing file /Users/christophercunningham/airflow_workspace/data-flow/data_flow_env/lib/python3.12/site-packages/airflow/example_dags/example_sensors.py for tasks to queue
[2024-07-01T10:04:14.617-0400] {logging_mixin.py:188} INFO - [2024-07-01T10:04:14.617-0400] {dagbag.py:545} INFO - Filling up the DagBag from /Users/christophercunningham/airflow_workspace/data-flow/data_flow_env/lib/python3.12/site-packages/airflow/example_dags/example_sensors.py
[2024-07-01T10:04:14.634-0400] {processor.py:840} INFO - DAG(s) 'example_sensors' retrieved from /Users/christophercunningham/airflow_workspace/data-flow/data_flow_env/lib/python3.12/site-packages/airflow/example_dags/example_sensors.py
[2024-07-01T10:04:14.732-0400] {logging_mixin.py:188} INFO - [2024-07-01T10:04:14.732-0400] {dag.py:3096} INFO - Sync 1 DAGs
[2024-07-01T10:04:14.739-0400] {logging_mixin.py:188} INFO - [2024-07-01T10:04:14.739-0400] {dag.py:3954} INFO - Setting next_dagrun for example_sensors to None, run_after=None
[2024-07-01T10:04:14.754-0400] {processor.py:183} INFO - Processing /Users/christophercunningham/airflow_workspace/data-flow/data_flow_env/lib/python3.12/site-packages/airflow/example_dags/example_sensors.py took 0.144 seconds
[2024-07-01T10:06:05.660-0400] {processor.py:161} INFO - Started process (PID=17657) to work on /Users/christophercunningham/airflow_workspace/data-flow/data_flow_env/lib/python3.12/site-packages/airflow/example_dags/example_sensors.py
[2024-07-01T10:06:05.662-0400] {processor.py:830} INFO - Processing file /Users/christophercunningham/airflow_workspace/data-flow/data_flow_env/lib/python3.12/site-packages/airflow/example_dags/example_sensors.py for tasks to queue
[2024-07-01T10:06:05.662-0400] {logging_mixin.py:188} INFO - [2024-07-01T10:06:05.662-0400] {dagbag.py:545} INFO - Filling up the DagBag from /Users/christophercunningham/airflow_workspace/data-flow/data_flow_env/lib/python3.12/site-packages/airflow/example_dags/example_sensors.py
[2024-07-01T10:06:05.677-0400] {processor.py:840} INFO - DAG(s) 'example_sensors' retrieved from /Users/christophercunningham/airflow_workspace/data-flow/data_flow_env/lib/python3.12/site-packages/airflow/example_dags/example_sensors.py
[2024-07-01T10:06:05.774-0400] {logging_mixin.py:188} INFO - [2024-07-01T10:06:05.774-0400] {dag.py:3096} INFO - Sync 1 DAGs
[2024-07-01T10:06:05.781-0400] {logging_mixin.py:188} INFO - [2024-07-01T10:06:05.781-0400] {dag.py:3954} INFO - Setting next_dagrun for example_sensors to None, run_after=None
[2024-07-01T10:06:05.794-0400] {processor.py:183} INFO - Processing /Users/christophercunningham/airflow_workspace/data-flow/data_flow_env/lib/python3.12/site-packages/airflow/example_dags/example_sensors.py took 0.137 seconds
[2024-07-01T10:07:55.903-0400] {processor.py:161} INFO - Started process (PID=17890) to work on /Users/christophercunningham/airflow_workspace/data-flow/data_flow_env/lib/python3.12/site-packages/airflow/example_dags/example_sensors.py
[2024-07-01T10:07:55.904-0400] {processor.py:830} INFO - Processing file /Users/christophercunningham/airflow_workspace/data-flow/data_flow_env/lib/python3.12/site-packages/airflow/example_dags/example_sensors.py for tasks to queue
[2024-07-01T10:07:55.905-0400] {logging_mixin.py:188} INFO - [2024-07-01T10:07:55.904-0400] {dagbag.py:545} INFO - Filling up the DagBag from /Users/christophercunningham/airflow_workspace/data-flow/data_flow_env/lib/python3.12/site-packages/airflow/example_dags/example_sensors.py
[2024-07-01T10:07:55.920-0400] {processor.py:840} INFO - DAG(s) 'example_sensors' retrieved from /Users/christophercunningham/airflow_workspace/data-flow/data_flow_env/lib/python3.12/site-packages/airflow/example_dags/example_sensors.py
[2024-07-01T10:07:56.021-0400] {logging_mixin.py:188} INFO - [2024-07-01T10:07:56.021-0400] {dag.py:3096} INFO - Sync 1 DAGs
[2024-07-01T10:07:56.028-0400] {logging_mixin.py:188} INFO - [2024-07-01T10:07:56.028-0400] {dag.py:3954} INFO - Setting next_dagrun for example_sensors to None, run_after=None
[2024-07-01T10:07:56.042-0400] {processor.py:183} INFO - Processing /Users/christophercunningham/airflow_workspace/data-flow/data_flow_env/lib/python3.12/site-packages/airflow/example_dags/example_sensors.py took 0.143 seconds
[2024-07-01T10:09:41.871-0400] {processor.py:161} INFO - Started process (PID=18103) to work on /Users/christophercunningham/airflow_workspace/data-flow/data_flow_env/lib/python3.12/site-packages/airflow/example_dags/example_sensors.py
[2024-07-01T10:09:41.872-0400] {processor.py:830} INFO - Processing file /Users/christophercunningham/airflow_workspace/data-flow/data_flow_env/lib/python3.12/site-packages/airflow/example_dags/example_sensors.py for tasks to queue
[2024-07-01T10:09:41.872-0400] {logging_mixin.py:188} INFO - [2024-07-01T10:09:41.872-0400] {dagbag.py:545} INFO - Filling up the DagBag from /Users/christophercunningham/airflow_workspace/data-flow/data_flow_env/lib/python3.12/site-packages/airflow/example_dags/example_sensors.py
[2024-07-01T10:09:41.883-0400] {processor.py:840} INFO - DAG(s) 'example_sensors' retrieved from /Users/christophercunningham/airflow_workspace/data-flow/data_flow_env/lib/python3.12/site-packages/airflow/example_dags/example_sensors.py
[2024-07-01T10:09:41.975-0400] {logging_mixin.py:188} INFO - [2024-07-01T10:09:41.975-0400] {dag.py:3096} INFO - Sync 1 DAGs
[2024-07-01T10:09:41.981-0400] {logging_mixin.py:188} INFO - [2024-07-01T10:09:41.981-0400] {dag.py:3954} INFO - Setting next_dagrun for example_sensors to None, run_after=None
[2024-07-01T10:09:41.994-0400] {processor.py:183} INFO - Processing /Users/christophercunningham/airflow_workspace/data-flow/data_flow_env/lib/python3.12/site-packages/airflow/example_dags/example_sensors.py took 0.129 seconds
[2024-07-01T10:11:24.589-0400] {processor.py:161} INFO - Started process (PID=18365) to work on /Users/christophercunningham/airflow_workspace/data-flow/data_flow_env/lib/python3.12/site-packages/airflow/example_dags/example_sensors.py
[2024-07-01T10:11:24.590-0400] {processor.py:830} INFO - Processing file /Users/christophercunningham/airflow_workspace/data-flow/data_flow_env/lib/python3.12/site-packages/airflow/example_dags/example_sensors.py for tasks to queue
[2024-07-01T10:11:24.591-0400] {logging_mixin.py:188} INFO - [2024-07-01T10:11:24.591-0400] {dagbag.py:545} INFO - Filling up the DagBag from /Users/christophercunningham/airflow_workspace/data-flow/data_flow_env/lib/python3.12/site-packages/airflow/example_dags/example_sensors.py
[2024-07-01T10:11:24.604-0400] {processor.py:840} INFO - DAG(s) 'example_sensors' retrieved from /Users/christophercunningham/airflow_workspace/data-flow/data_flow_env/lib/python3.12/site-packages/airflow/example_dags/example_sensors.py
[2024-07-01T10:11:24.694-0400] {logging_mixin.py:188} INFO - [2024-07-01T10:11:24.694-0400] {dag.py:3096} INFO - Sync 1 DAGs
[2024-07-01T10:11:24.701-0400] {logging_mixin.py:188} INFO - [2024-07-01T10:11:24.701-0400] {dag.py:3954} INFO - Setting next_dagrun for example_sensors to None, run_after=None
[2024-07-01T10:11:24.716-0400] {processor.py:183} INFO - Processing /Users/christophercunningham/airflow_workspace/data-flow/data_flow_env/lib/python3.12/site-packages/airflow/example_dags/example_sensors.py took 0.131 seconds
[2024-07-01T10:13:04.319-0400] {processor.py:161} INFO - Started process (PID=18572) to work on /Users/christophercunningham/airflow_workspace/data-flow/data_flow_env/lib/python3.12/site-packages/airflow/example_dags/example_sensors.py
[2024-07-01T10:13:04.320-0400] {processor.py:830} INFO - Processing file /Users/christophercunningham/airflow_workspace/data-flow/data_flow_env/lib/python3.12/site-packages/airflow/example_dags/example_sensors.py for tasks to queue
[2024-07-01T10:13:04.321-0400] {logging_mixin.py:188} INFO - [2024-07-01T10:13:04.321-0400] {dagbag.py:545} INFO - Filling up the DagBag from /Users/christophercunningham/airflow_workspace/data-flow/data_flow_env/lib/python3.12/site-packages/airflow/example_dags/example_sensors.py
[2024-07-01T10:13:04.333-0400] {processor.py:840} INFO - DAG(s) 'example_sensors' retrieved from /Users/christophercunningham/airflow_workspace/data-flow/data_flow_env/lib/python3.12/site-packages/airflow/example_dags/example_sensors.py
[2024-07-01T10:13:04.430-0400] {logging_mixin.py:188} INFO - [2024-07-01T10:13:04.430-0400] {dag.py:3096} INFO - Sync 1 DAGs
[2024-07-01T10:13:04.436-0400] {logging_mixin.py:188} INFO - [2024-07-01T10:13:04.436-0400] {dag.py:3954} INFO - Setting next_dagrun for example_sensors to None, run_after=None
[2024-07-01T10:13:04.450-0400] {processor.py:183} INFO - Processing /Users/christophercunningham/airflow_workspace/data-flow/data_flow_env/lib/python3.12/site-packages/airflow/example_dags/example_sensors.py took 0.136 seconds
[2024-07-01T10:14:51.295-0400] {processor.py:161} INFO - Started process (PID=18826) to work on /Users/christophercunningham/airflow_workspace/data-flow/data_flow_env/lib/python3.12/site-packages/airflow/example_dags/example_sensors.py
[2024-07-01T10:14:51.297-0400] {processor.py:830} INFO - Processing file /Users/christophercunningham/airflow_workspace/data-flow/data_flow_env/lib/python3.12/site-packages/airflow/example_dags/example_sensors.py for tasks to queue
[2024-07-01T10:14:51.298-0400] {logging_mixin.py:188} INFO - [2024-07-01T10:14:51.298-0400] {dagbag.py:545} INFO - Filling up the DagBag from /Users/christophercunningham/airflow_workspace/data-flow/data_flow_env/lib/python3.12/site-packages/airflow/example_dags/example_sensors.py
[2024-07-01T10:14:51.322-0400] {processor.py:840} INFO - DAG(s) 'example_sensors' retrieved from /Users/christophercunningham/airflow_workspace/data-flow/data_flow_env/lib/python3.12/site-packages/airflow/example_dags/example_sensors.py
[2024-07-01T10:14:51.441-0400] {logging_mixin.py:188} INFO - [2024-07-01T10:14:51.441-0400] {dag.py:3096} INFO - Sync 1 DAGs
[2024-07-01T10:14:51.449-0400] {logging_mixin.py:188} INFO - [2024-07-01T10:14:51.448-0400] {dag.py:3954} INFO - Setting next_dagrun for example_sensors to None, run_after=None
[2024-07-01T10:14:51.468-0400] {processor.py:183} INFO - Processing /Users/christophercunningham/airflow_workspace/data-flow/data_flow_env/lib/python3.12/site-packages/airflow/example_dags/example_sensors.py took 0.177 seconds
[2024-07-01T10:16:36.588-0400] {processor.py:161} INFO - Started process (PID=19069) to work on /Users/christophercunningham/airflow_workspace/data-flow/data_flow_env/lib/python3.12/site-packages/airflow/example_dags/example_sensors.py
[2024-07-01T10:16:36.590-0400] {processor.py:830} INFO - Processing file /Users/christophercunningham/airflow_workspace/data-flow/data_flow_env/lib/python3.12/site-packages/airflow/example_dags/example_sensors.py for tasks to queue
[2024-07-01T10:16:36.591-0400] {logging_mixin.py:188} INFO - [2024-07-01T10:16:36.591-0400] {dagbag.py:545} INFO - Filling up the DagBag from /Users/christophercunningham/airflow_workspace/data-flow/data_flow_env/lib/python3.12/site-packages/airflow/example_dags/example_sensors.py
[2024-07-01T10:16:36.604-0400] {processor.py:840} INFO - DAG(s) 'example_sensors' retrieved from /Users/christophercunningham/airflow_workspace/data-flow/data_flow_env/lib/python3.12/site-packages/airflow/example_dags/example_sensors.py
[2024-07-01T10:16:36.702-0400] {logging_mixin.py:188} INFO - [2024-07-01T10:16:36.702-0400] {dag.py:3096} INFO - Sync 1 DAGs
[2024-07-01T10:16:36.708-0400] {logging_mixin.py:188} INFO - [2024-07-01T10:16:36.708-0400] {dag.py:3954} INFO - Setting next_dagrun for example_sensors to None, run_after=None
[2024-07-01T10:16:36.722-0400] {processor.py:183} INFO - Processing /Users/christophercunningham/airflow_workspace/data-flow/data_flow_env/lib/python3.12/site-packages/airflow/example_dags/example_sensors.py took 0.139 seconds
[2024-07-01T10:18:29.006-0400] {processor.py:161} INFO - Started process (PID=19283) to work on /Users/christophercunningham/airflow_workspace/data-flow/data_flow_env/lib/python3.12/site-packages/airflow/example_dags/example_sensors.py
[2024-07-01T10:18:29.007-0400] {processor.py:830} INFO - Processing file /Users/christophercunningham/airflow_workspace/data-flow/data_flow_env/lib/python3.12/site-packages/airflow/example_dags/example_sensors.py for tasks to queue
[2024-07-01T10:18:29.007-0400] {logging_mixin.py:188} INFO - [2024-07-01T10:18:29.007-0400] {dagbag.py:545} INFO - Filling up the DagBag from /Users/christophercunningham/airflow_workspace/data-flow/data_flow_env/lib/python3.12/site-packages/airflow/example_dags/example_sensors.py
[2024-07-01T10:18:29.020-0400] {processor.py:840} INFO - DAG(s) 'example_sensors' retrieved from /Users/christophercunningham/airflow_workspace/data-flow/data_flow_env/lib/python3.12/site-packages/airflow/example_dags/example_sensors.py
[2024-07-01T10:18:29.128-0400] {logging_mixin.py:188} INFO - [2024-07-01T10:18:29.128-0400] {dag.py:3096} INFO - Sync 1 DAGs
[2024-07-01T10:18:29.137-0400] {logging_mixin.py:188} INFO - [2024-07-01T10:18:29.137-0400] {dag.py:3954} INFO - Setting next_dagrun for example_sensors to None, run_after=None
[2024-07-01T10:18:29.153-0400] {processor.py:183} INFO - Processing /Users/christophercunningham/airflow_workspace/data-flow/data_flow_env/lib/python3.12/site-packages/airflow/example_dags/example_sensors.py took 0.152 seconds
[2024-07-01T10:39:45.979-0400] {processor.py:161} INFO - Started process (PID=21216) to work on /Users/christophercunningham/airflow_workspace/data-flow/data_flow_env/lib/python3.12/site-packages/airflow/example_dags/example_sensors.py
[2024-07-01T10:39:45.981-0400] {processor.py:830} INFO - Processing file /Users/christophercunningham/airflow_workspace/data-flow/data_flow_env/lib/python3.12/site-packages/airflow/example_dags/example_sensors.py for tasks to queue
[2024-07-01T10:39:45.982-0400] {logging_mixin.py:188} INFO - [2024-07-01T10:39:45.982-0400] {dagbag.py:545} INFO - Filling up the DagBag from /Users/christophercunningham/airflow_workspace/data-flow/data_flow_env/lib/python3.12/site-packages/airflow/example_dags/example_sensors.py
[2024-07-01T10:39:45.993-0400] {processor.py:840} INFO - DAG(s) 'example_sensors' retrieved from /Users/christophercunningham/airflow_workspace/data-flow/data_flow_env/lib/python3.12/site-packages/airflow/example_dags/example_sensors.py
[2024-07-01T10:39:46.162-0400] {logging_mixin.py:188} INFO - [2024-07-01T10:39:46.162-0400] {dag.py:3096} INFO - Sync 1 DAGs
[2024-07-01T10:39:46.170-0400] {logging_mixin.py:188} INFO - [2024-07-01T10:39:46.170-0400] {dag.py:3954} INFO - Setting next_dagrun for example_sensors to None, run_after=None
[2024-07-01T10:39:46.223-0400] {processor.py:183} INFO - Processing /Users/christophercunningham/airflow_workspace/data-flow/data_flow_env/lib/python3.12/site-packages/airflow/example_dags/example_sensors.py took 0.248 seconds
