[2024-07-01T09:33:14.271-0400] {processor.py:161} INFO - Started process (PID=14040) to work on /Users/christophercunningham/airflow_workspace/data-flow/data_flow_env/lib/python3.12/site-packages/airflow/example_dags/example_branch_day_of_week_operator.py
[2024-07-01T09:33:14.272-0400] {processor.py:830} INFO - Processing file /Users/christophercunningham/airflow_workspace/data-flow/data_flow_env/lib/python3.12/site-packages/airflow/example_dags/example_branch_day_of_week_operator.py for tasks to queue
[2024-07-01T09:33:14.272-0400] {logging_mixin.py:188} INFO - [2024-07-01T09:33:14.272-0400] {dagbag.py:545} INFO - Filling up the DagBag from /Users/christophercunningham/airflow_workspace/data-flow/data_flow_env/lib/python3.12/site-packages/airflow/example_dags/example_branch_day_of_week_operator.py
[2024-07-01T09:33:14.282-0400] {processor.py:840} INFO - DAG(s) 'example_weekday_branch_operator' retrieved from /Users/christophercunningham/airflow_workspace/data-flow/data_flow_env/lib/python3.12/site-packages/airflow/example_dags/example_branch_day_of_week_operator.py
[2024-07-01T09:33:14.447-0400] {logging_mixin.py:188} INFO - [2024-07-01T09:33:14.447-0400] {dag.py:3096} INFO - Sync 1 DAGs
[2024-07-01T09:33:14.462-0400] {logging_mixin.py:188} INFO - [2024-07-01T09:33:14.462-0400] {dag.py:3954} INFO - Setting next_dagrun for example_weekday_branch_operator to 2024-06-30 00:00:00+00:00, run_after=2024-07-01 00:00:00+00:00
[2024-07-01T09:33:14.544-0400] {processor.py:183} INFO - Processing /Users/christophercunningham/airflow_workspace/data-flow/data_flow_env/lib/python3.12/site-packages/airflow/example_dags/example_branch_day_of_week_operator.py took 0.277 seconds
[2024-07-01T09:36:41.105-0400] {processor.py:161} INFO - Started process (PID=14360) to work on /Users/christophercunningham/airflow_workspace/data-flow/data_flow_env/lib/python3.12/site-packages/airflow/example_dags/example_branch_day_of_week_operator.py
[2024-07-01T09:36:41.106-0400] {processor.py:830} INFO - Processing file /Users/christophercunningham/airflow_workspace/data-flow/data_flow_env/lib/python3.12/site-packages/airflow/example_dags/example_branch_day_of_week_operator.py for tasks to queue
[2024-07-01T09:36:41.107-0400] {logging_mixin.py:188} INFO - [2024-07-01T09:36:41.107-0400] {dagbag.py:545} INFO - Filling up the DagBag from /Users/christophercunningham/airflow_workspace/data-flow/data_flow_env/lib/python3.12/site-packages/airflow/example_dags/example_branch_day_of_week_operator.py
[2024-07-01T09:36:41.115-0400] {processor.py:840} INFO - DAG(s) 'example_weekday_branch_operator' retrieved from /Users/christophercunningham/airflow_workspace/data-flow/data_flow_env/lib/python3.12/site-packages/airflow/example_dags/example_branch_day_of_week_operator.py
[2024-07-01T09:36:41.192-0400] {logging_mixin.py:188} INFO - [2024-07-01T09:36:41.192-0400] {dag.py:3096} INFO - Sync 1 DAGs
[2024-07-01T09:36:41.204-0400] {logging_mixin.py:188} INFO - [2024-07-01T09:36:41.204-0400] {dag.py:3954} INFO - Setting next_dagrun for example_weekday_branch_operator to 2024-06-30 00:00:00+00:00, run_after=2024-07-01 00:00:00+00:00
[2024-07-01T09:36:41.217-0400] {processor.py:183} INFO - Processing /Users/christophercunningham/airflow_workspace/data-flow/data_flow_env/lib/python3.12/site-packages/airflow/example_dags/example_branch_day_of_week_operator.py took 0.117 seconds
[2024-07-01T09:40:13.953-0400] {processor.py:161} INFO - Started process (PID=14745) to work on /Users/christophercunningham/airflow_workspace/data-flow/data_flow_env/lib/python3.12/site-packages/airflow/example_dags/example_branch_day_of_week_operator.py
[2024-07-01T09:40:13.954-0400] {processor.py:830} INFO - Processing file /Users/christophercunningham/airflow_workspace/data-flow/data_flow_env/lib/python3.12/site-packages/airflow/example_dags/example_branch_day_of_week_operator.py for tasks to queue
[2024-07-01T09:40:13.955-0400] {logging_mixin.py:188} INFO - [2024-07-01T09:40:13.955-0400] {dagbag.py:545} INFO - Filling up the DagBag from /Users/christophercunningham/airflow_workspace/data-flow/data_flow_env/lib/python3.12/site-packages/airflow/example_dags/example_branch_day_of_week_operator.py
[2024-07-01T09:40:13.964-0400] {processor.py:840} INFO - DAG(s) 'example_weekday_branch_operator' retrieved from /Users/christophercunningham/airflow_workspace/data-flow/data_flow_env/lib/python3.12/site-packages/airflow/example_dags/example_branch_day_of_week_operator.py
[2024-07-01T09:40:14.038-0400] {logging_mixin.py:188} INFO - [2024-07-01T09:40:14.038-0400] {dag.py:3096} INFO - Sync 1 DAGs
[2024-07-01T09:40:14.050-0400] {logging_mixin.py:188} INFO - [2024-07-01T09:40:14.050-0400] {dag.py:3954} INFO - Setting next_dagrun for example_weekday_branch_operator to 2024-06-30 00:00:00+00:00, run_after=2024-07-01 00:00:00+00:00
[2024-07-01T09:40:14.062-0400] {processor.py:183} INFO - Processing /Users/christophercunningham/airflow_workspace/data-flow/data_flow_env/lib/python3.12/site-packages/airflow/example_dags/example_branch_day_of_week_operator.py took 0.114 seconds
[2024-07-01T09:43:49.779-0400] {processor.py:161} INFO - Started process (PID=15098) to work on /Users/christophercunningham/airflow_workspace/data-flow/data_flow_env/lib/python3.12/site-packages/airflow/example_dags/example_branch_day_of_week_operator.py
[2024-07-01T09:43:49.781-0400] {processor.py:830} INFO - Processing file /Users/christophercunningham/airflow_workspace/data-flow/data_flow_env/lib/python3.12/site-packages/airflow/example_dags/example_branch_day_of_week_operator.py for tasks to queue
[2024-07-01T09:43:49.781-0400] {logging_mixin.py:188} INFO - [2024-07-01T09:43:49.781-0400] {dagbag.py:545} INFO - Filling up the DagBag from /Users/christophercunningham/airflow_workspace/data-flow/data_flow_env/lib/python3.12/site-packages/airflow/example_dags/example_branch_day_of_week_operator.py
[2024-07-01T09:43:49.791-0400] {processor.py:840} INFO - DAG(s) 'example_weekday_branch_operator' retrieved from /Users/christophercunningham/airflow_workspace/data-flow/data_flow_env/lib/python3.12/site-packages/airflow/example_dags/example_branch_day_of_week_operator.py
[2024-07-01T09:43:49.883-0400] {logging_mixin.py:188} INFO - [2024-07-01T09:43:49.883-0400] {dag.py:3096} INFO - Sync 1 DAGs
[2024-07-01T09:43:49.898-0400] {logging_mixin.py:188} INFO - [2024-07-01T09:43:49.898-0400] {dag.py:3954} INFO - Setting next_dagrun for example_weekday_branch_operator to 2024-06-30 00:00:00+00:00, run_after=2024-07-01 00:00:00+00:00
[2024-07-01T09:43:49.914-0400] {processor.py:183} INFO - Processing /Users/christophercunningham/airflow_workspace/data-flow/data_flow_env/lib/python3.12/site-packages/airflow/example_dags/example_branch_day_of_week_operator.py took 0.137 seconds
[2024-07-01T09:47:23.967-0400] {processor.py:161} INFO - Started process (PID=15415) to work on /Users/christophercunningham/airflow_workspace/data-flow/data_flow_env/lib/python3.12/site-packages/airflow/example_dags/example_branch_day_of_week_operator.py
[2024-07-01T09:47:23.968-0400] {processor.py:830} INFO - Processing file /Users/christophercunningham/airflow_workspace/data-flow/data_flow_env/lib/python3.12/site-packages/airflow/example_dags/example_branch_day_of_week_operator.py for tasks to queue
[2024-07-01T09:47:23.969-0400] {logging_mixin.py:188} INFO - [2024-07-01T09:47:23.968-0400] {dagbag.py:545} INFO - Filling up the DagBag from /Users/christophercunningham/airflow_workspace/data-flow/data_flow_env/lib/python3.12/site-packages/airflow/example_dags/example_branch_day_of_week_operator.py
[2024-07-01T09:47:23.978-0400] {processor.py:840} INFO - DAG(s) 'example_weekday_branch_operator' retrieved from /Users/christophercunningham/airflow_workspace/data-flow/data_flow_env/lib/python3.12/site-packages/airflow/example_dags/example_branch_day_of_week_operator.py
[2024-07-01T09:47:24.060-0400] {logging_mixin.py:188} INFO - [2024-07-01T09:47:24.060-0400] {dag.py:3096} INFO - Sync 1 DAGs
[2024-07-01T09:47:24.072-0400] {logging_mixin.py:188} INFO - [2024-07-01T09:47:24.072-0400] {dag.py:3954} INFO - Setting next_dagrun for example_weekday_branch_operator to 2024-06-30 00:00:00+00:00, run_after=2024-07-01 00:00:00+00:00
[2024-07-01T09:47:24.085-0400] {processor.py:183} INFO - Processing /Users/christophercunningham/airflow_workspace/data-flow/data_flow_env/lib/python3.12/site-packages/airflow/example_dags/example_branch_day_of_week_operator.py took 0.122 seconds
[2024-07-01T09:51:01.265-0400] {processor.py:161} INFO - Started process (PID=15781) to work on /Users/christophercunningham/airflow_workspace/data-flow/data_flow_env/lib/python3.12/site-packages/airflow/example_dags/example_branch_day_of_week_operator.py
[2024-07-01T09:51:01.266-0400] {processor.py:830} INFO - Processing file /Users/christophercunningham/airflow_workspace/data-flow/data_flow_env/lib/python3.12/site-packages/airflow/example_dags/example_branch_day_of_week_operator.py for tasks to queue
[2024-07-01T09:51:01.267-0400] {logging_mixin.py:188} INFO - [2024-07-01T09:51:01.267-0400] {dagbag.py:545} INFO - Filling up the DagBag from /Users/christophercunningham/airflow_workspace/data-flow/data_flow_env/lib/python3.12/site-packages/airflow/example_dags/example_branch_day_of_week_operator.py
[2024-07-01T09:51:01.276-0400] {processor.py:840} INFO - DAG(s) 'example_weekday_branch_operator' retrieved from /Users/christophercunningham/airflow_workspace/data-flow/data_flow_env/lib/python3.12/site-packages/airflow/example_dags/example_branch_day_of_week_operator.py
[2024-07-01T09:51:01.350-0400] {logging_mixin.py:188} INFO - [2024-07-01T09:51:01.349-0400] {dag.py:3096} INFO - Sync 1 DAGs
[2024-07-01T09:51:01.361-0400] {logging_mixin.py:188} INFO - [2024-07-01T09:51:01.361-0400] {dag.py:3954} INFO - Setting next_dagrun for example_weekday_branch_operator to 2024-06-30 00:00:00+00:00, run_after=2024-07-01 00:00:00+00:00
[2024-07-01T09:51:01.378-0400] {processor.py:183} INFO - Processing /Users/christophercunningham/airflow_workspace/data-flow/data_flow_env/lib/python3.12/site-packages/airflow/example_dags/example_branch_day_of_week_operator.py took 0.118 seconds
[2024-07-01T09:54:23.212-0400] {processor.py:161} INFO - Started process (PID=16136) to work on /Users/christophercunningham/airflow_workspace/data-flow/data_flow_env/lib/python3.12/site-packages/airflow/example_dags/example_branch_day_of_week_operator.py
[2024-07-01T09:54:23.213-0400] {processor.py:830} INFO - Processing file /Users/christophercunningham/airflow_workspace/data-flow/data_flow_env/lib/python3.12/site-packages/airflow/example_dags/example_branch_day_of_week_operator.py for tasks to queue
[2024-07-01T09:54:23.214-0400] {logging_mixin.py:188} INFO - [2024-07-01T09:54:23.214-0400] {dagbag.py:545} INFO - Filling up the DagBag from /Users/christophercunningham/airflow_workspace/data-flow/data_flow_env/lib/python3.12/site-packages/airflow/example_dags/example_branch_day_of_week_operator.py
[2024-07-01T09:54:23.223-0400] {processor.py:840} INFO - DAG(s) 'example_weekday_branch_operator' retrieved from /Users/christophercunningham/airflow_workspace/data-flow/data_flow_env/lib/python3.12/site-packages/airflow/example_dags/example_branch_day_of_week_operator.py
[2024-07-01T09:54:23.299-0400] {logging_mixin.py:188} INFO - [2024-07-01T09:54:23.299-0400] {dag.py:3096} INFO - Sync 1 DAGs
[2024-07-01T09:54:23.310-0400] {logging_mixin.py:188} INFO - [2024-07-01T09:54:23.310-0400] {dag.py:3954} INFO - Setting next_dagrun for example_weekday_branch_operator to 2024-06-30 00:00:00+00:00, run_after=2024-07-01 00:00:00+00:00
[2024-07-01T09:54:23.323-0400] {processor.py:183} INFO - Processing /Users/christophercunningham/airflow_workspace/data-flow/data_flow_env/lib/python3.12/site-packages/airflow/example_dags/example_branch_day_of_week_operator.py took 0.117 seconds
[2024-07-01T09:57:46.834-0400] {processor.py:161} INFO - Started process (PID=16582) to work on /Users/christophercunningham/airflow_workspace/data-flow/data_flow_env/lib/python3.12/site-packages/airflow/example_dags/example_branch_day_of_week_operator.py
[2024-07-01T09:57:46.836-0400] {processor.py:830} INFO - Processing file /Users/christophercunningham/airflow_workspace/data-flow/data_flow_env/lib/python3.12/site-packages/airflow/example_dags/example_branch_day_of_week_operator.py for tasks to queue
[2024-07-01T09:57:46.837-0400] {logging_mixin.py:188} INFO - [2024-07-01T09:57:46.836-0400] {dagbag.py:545} INFO - Filling up the DagBag from /Users/christophercunningham/airflow_workspace/data-flow/data_flow_env/lib/python3.12/site-packages/airflow/example_dags/example_branch_day_of_week_operator.py
[2024-07-01T09:57:46.844-0400] {processor.py:840} INFO - DAG(s) 'example_weekday_branch_operator' retrieved from /Users/christophercunningham/airflow_workspace/data-flow/data_flow_env/lib/python3.12/site-packages/airflow/example_dags/example_branch_day_of_week_operator.py
[2024-07-01T09:57:46.918-0400] {logging_mixin.py:188} INFO - [2024-07-01T09:57:46.917-0400] {dag.py:3096} INFO - Sync 1 DAGs
[2024-07-01T09:57:46.930-0400] {logging_mixin.py:188} INFO - [2024-07-01T09:57:46.929-0400] {dag.py:3954} INFO - Setting next_dagrun for example_weekday_branch_operator to 2024-06-30 00:00:00+00:00, run_after=2024-07-01 00:00:00+00:00
[2024-07-01T09:57:46.943-0400] {processor.py:183} INFO - Processing /Users/christophercunningham/airflow_workspace/data-flow/data_flow_env/lib/python3.12/site-packages/airflow/example_dags/example_branch_day_of_week_operator.py took 0.114 seconds
[2024-07-01T10:01:12.703-0400] {processor.py:161} INFO - Started process (PID=17060) to work on /Users/christophercunningham/airflow_workspace/data-flow/data_flow_env/lib/python3.12/site-packages/airflow/example_dags/example_branch_day_of_week_operator.py
[2024-07-01T10:01:12.704-0400] {processor.py:830} INFO - Processing file /Users/christophercunningham/airflow_workspace/data-flow/data_flow_env/lib/python3.12/site-packages/airflow/example_dags/example_branch_day_of_week_operator.py for tasks to queue
[2024-07-01T10:01:12.705-0400] {logging_mixin.py:188} INFO - [2024-07-01T10:01:12.704-0400] {dagbag.py:545} INFO - Filling up the DagBag from /Users/christophercunningham/airflow_workspace/data-flow/data_flow_env/lib/python3.12/site-packages/airflow/example_dags/example_branch_day_of_week_operator.py
[2024-07-01T10:01:12.712-0400] {processor.py:840} INFO - DAG(s) 'example_weekday_branch_operator' retrieved from /Users/christophercunningham/airflow_workspace/data-flow/data_flow_env/lib/python3.12/site-packages/airflow/example_dags/example_branch_day_of_week_operator.py
[2024-07-01T10:01:12.789-0400] {logging_mixin.py:188} INFO - [2024-07-01T10:01:12.788-0400] {dag.py:3096} INFO - Sync 1 DAGs
[2024-07-01T10:01:12.800-0400] {logging_mixin.py:188} INFO - [2024-07-01T10:01:12.800-0400] {dag.py:3954} INFO - Setting next_dagrun for example_weekday_branch_operator to 2024-06-30 00:00:00+00:00, run_after=2024-07-01 00:00:00+00:00
[2024-07-01T10:01:12.814-0400] {processor.py:183} INFO - Processing /Users/christophercunningham/airflow_workspace/data-flow/data_flow_env/lib/python3.12/site-packages/airflow/example_dags/example_branch_day_of_week_operator.py took 0.116 seconds
[2024-07-01T10:04:46.193-0400] {processor.py:161} INFO - Started process (PID=17488) to work on /Users/christophercunningham/airflow_workspace/data-flow/data_flow_env/lib/python3.12/site-packages/airflow/example_dags/example_branch_day_of_week_operator.py
[2024-07-01T10:04:46.195-0400] {processor.py:830} INFO - Processing file /Users/christophercunningham/airflow_workspace/data-flow/data_flow_env/lib/python3.12/site-packages/airflow/example_dags/example_branch_day_of_week_operator.py for tasks to queue
[2024-07-01T10:04:46.195-0400] {logging_mixin.py:188} INFO - [2024-07-01T10:04:46.195-0400] {dagbag.py:545} INFO - Filling up the DagBag from /Users/christophercunningham/airflow_workspace/data-flow/data_flow_env/lib/python3.12/site-packages/airflow/example_dags/example_branch_day_of_week_operator.py
[2024-07-01T10:04:46.205-0400] {processor.py:840} INFO - DAG(s) 'example_weekday_branch_operator' retrieved from /Users/christophercunningham/airflow_workspace/data-flow/data_flow_env/lib/python3.12/site-packages/airflow/example_dags/example_branch_day_of_week_operator.py
[2024-07-01T10:04:46.653-0400] {logging_mixin.py:188} INFO - [2024-07-01T10:04:46.653-0400] {dag.py:3096} INFO - Sync 1 DAGs
[2024-07-01T10:04:46.666-0400] {logging_mixin.py:188} INFO - [2024-07-01T10:04:46.666-0400] {dag.py:3954} INFO - Setting next_dagrun for example_weekday_branch_operator to 2024-06-30 00:00:00+00:00, run_after=2024-07-01 00:00:00+00:00
[2024-07-01T10:04:46.680-0400] {processor.py:183} INFO - Processing /Users/christophercunningham/airflow_workspace/data-flow/data_flow_env/lib/python3.12/site-packages/airflow/example_dags/example_branch_day_of_week_operator.py took 0.492 seconds
[2024-07-01T10:08:28.671-0400] {processor.py:161} INFO - Started process (PID=17958) to work on /Users/christophercunningham/airflow_workspace/data-flow/data_flow_env/lib/python3.12/site-packages/airflow/example_dags/example_branch_day_of_week_operator.py
[2024-07-01T10:08:28.673-0400] {processor.py:830} INFO - Processing file /Users/christophercunningham/airflow_workspace/data-flow/data_flow_env/lib/python3.12/site-packages/airflow/example_dags/example_branch_day_of_week_operator.py for tasks to queue
[2024-07-01T10:08:28.674-0400] {logging_mixin.py:188} INFO - [2024-07-01T10:08:28.673-0400] {dagbag.py:545} INFO - Filling up the DagBag from /Users/christophercunningham/airflow_workspace/data-flow/data_flow_env/lib/python3.12/site-packages/airflow/example_dags/example_branch_day_of_week_operator.py
[2024-07-01T10:08:28.682-0400] {processor.py:840} INFO - DAG(s) 'example_weekday_branch_operator' retrieved from /Users/christophercunningham/airflow_workspace/data-flow/data_flow_env/lib/python3.12/site-packages/airflow/example_dags/example_branch_day_of_week_operator.py
[2024-07-01T10:08:28.758-0400] {logging_mixin.py:188} INFO - [2024-07-01T10:08:28.757-0400] {dag.py:3096} INFO - Sync 1 DAGs
[2024-07-01T10:08:28.782-0400] {logging_mixin.py:188} INFO - [2024-07-01T10:08:28.782-0400] {dag.py:3954} INFO - Setting next_dagrun for example_weekday_branch_operator to 2024-06-30 00:00:00+00:00, run_after=2024-07-01 00:00:00+00:00
[2024-07-01T10:08:28.796-0400] {processor.py:183} INFO - Processing /Users/christophercunningham/airflow_workspace/data-flow/data_flow_env/lib/python3.12/site-packages/airflow/example_dags/example_branch_day_of_week_operator.py took 0.130 seconds
[2024-07-01T10:11:52.623-0400] {processor.py:161} INFO - Started process (PID=18420) to work on /Users/christophercunningham/airflow_workspace/data-flow/data_flow_env/lib/python3.12/site-packages/airflow/example_dags/example_branch_day_of_week_operator.py
[2024-07-01T10:11:52.624-0400] {processor.py:830} INFO - Processing file /Users/christophercunningham/airflow_workspace/data-flow/data_flow_env/lib/python3.12/site-packages/airflow/example_dags/example_branch_day_of_week_operator.py for tasks to queue
[2024-07-01T10:11:52.625-0400] {logging_mixin.py:188} INFO - [2024-07-01T10:11:52.625-0400] {dagbag.py:545} INFO - Filling up the DagBag from /Users/christophercunningham/airflow_workspace/data-flow/data_flow_env/lib/python3.12/site-packages/airflow/example_dags/example_branch_day_of_week_operator.py
[2024-07-01T10:11:52.633-0400] {processor.py:840} INFO - DAG(s) 'example_weekday_branch_operator' retrieved from /Users/christophercunningham/airflow_workspace/data-flow/data_flow_env/lib/python3.12/site-packages/airflow/example_dags/example_branch_day_of_week_operator.py
[2024-07-01T10:11:52.714-0400] {logging_mixin.py:188} INFO - [2024-07-01T10:11:52.714-0400] {dag.py:3096} INFO - Sync 1 DAGs
[2024-07-01T10:11:52.726-0400] {logging_mixin.py:188} INFO - [2024-07-01T10:11:52.726-0400] {dag.py:3954} INFO - Setting next_dagrun for example_weekday_branch_operator to 2024-06-30 00:00:00+00:00, run_after=2024-07-01 00:00:00+00:00
[2024-07-01T10:11:52.738-0400] {processor.py:183} INFO - Processing /Users/christophercunningham/airflow_workspace/data-flow/data_flow_env/lib/python3.12/site-packages/airflow/example_dags/example_branch_day_of_week_operator.py took 0.120 seconds
[2024-07-01T10:15:25.114-0400] {processor.py:161} INFO - Started process (PID=18898) to work on /Users/christophercunningham/airflow_workspace/data-flow/data_flow_env/lib/python3.12/site-packages/airflow/example_dags/example_branch_day_of_week_operator.py
[2024-07-01T10:15:25.116-0400] {processor.py:830} INFO - Processing file /Users/christophercunningham/airflow_workspace/data-flow/data_flow_env/lib/python3.12/site-packages/airflow/example_dags/example_branch_day_of_week_operator.py for tasks to queue
[2024-07-01T10:15:25.117-0400] {logging_mixin.py:188} INFO - [2024-07-01T10:15:25.116-0400] {dagbag.py:545} INFO - Filling up the DagBag from /Users/christophercunningham/airflow_workspace/data-flow/data_flow_env/lib/python3.12/site-packages/airflow/example_dags/example_branch_day_of_week_operator.py
[2024-07-01T10:15:25.125-0400] {processor.py:840} INFO - DAG(s) 'example_weekday_branch_operator' retrieved from /Users/christophercunningham/airflow_workspace/data-flow/data_flow_env/lib/python3.12/site-packages/airflow/example_dags/example_branch_day_of_week_operator.py
[2024-07-01T10:15:25.202-0400] {logging_mixin.py:188} INFO - [2024-07-01T10:15:25.202-0400] {dag.py:3096} INFO - Sync 1 DAGs
[2024-07-01T10:15:25.214-0400] {logging_mixin.py:188} INFO - [2024-07-01T10:15:25.214-0400] {dag.py:3954} INFO - Setting next_dagrun for example_weekday_branch_operator to 2024-06-30 00:00:00+00:00, run_after=2024-07-01 00:00:00+00:00
[2024-07-01T10:15:25.228-0400] {processor.py:183} INFO - Processing /Users/christophercunningham/airflow_workspace/data-flow/data_flow_env/lib/python3.12/site-packages/airflow/example_dags/example_branch_day_of_week_operator.py took 0.119 seconds
