[2024-07-01T09:33:22.824-0400] {processor.py:161} INFO - Started process (PID=14056) to work on /Users/christophercunningham/airflow_workspace/data-flow/data_flow_env/lib/python3.12/site-packages/airflow/example_dags/example_bash_decorator.py
[2024-07-01T09:33:22.825-0400] {processor.py:830} INFO - Processing file /Users/christophercunningham/airflow_workspace/data-flow/data_flow_env/lib/python3.12/site-packages/airflow/example_dags/example_bash_decorator.py for tasks to queue
[2024-07-01T09:33:22.826-0400] {logging_mixin.py:188} INFO - [2024-07-01T09:33:22.826-0400] {dagbag.py:545} INFO - Filling up the DagBag from /Users/christophercunningham/airflow_workspace/data-flow/data_flow_env/lib/python3.12/site-packages/airflow/example_dags/example_bash_decorator.py
[2024-07-01T09:33:22.861-0400] {processor.py:840} INFO - DAG(s) 'example_bash_decorator' retrieved from /Users/christophercunningham/airflow_workspace/data-flow/data_flow_env/lib/python3.12/site-packages/airflow/example_dags/example_bash_decorator.py
[2024-07-01T09:33:23.046-0400] {logging_mixin.py:188} INFO - [2024-07-01T09:33:23.045-0400] {dag.py:3096} INFO - Sync 1 DAGs
[2024-07-01T09:33:23.053-0400] {logging_mixin.py:188} INFO - [2024-07-01T09:33:23.053-0400] {dag.py:3954} INFO - Setting next_dagrun for example_bash_decorator to None, run_after=None
[2024-07-01T09:33:23.068-0400] {processor.py:183} INFO - Processing /Users/christophercunningham/airflow_workspace/data-flow/data_flow_env/lib/python3.12/site-packages/airflow/example_dags/example_bash_decorator.py took 0.248 seconds
[2024-07-01T09:36:48.849-0400] {processor.py:161} INFO - Started process (PID=14371) to work on /Users/christophercunningham/airflow_workspace/data-flow/data_flow_env/lib/python3.12/site-packages/airflow/example_dags/example_bash_decorator.py
[2024-07-01T09:36:48.850-0400] {processor.py:830} INFO - Processing file /Users/christophercunningham/airflow_workspace/data-flow/data_flow_env/lib/python3.12/site-packages/airflow/example_dags/example_bash_decorator.py for tasks to queue
[2024-07-01T09:36:48.852-0400] {logging_mixin.py:188} INFO - [2024-07-01T09:36:48.851-0400] {dagbag.py:545} INFO - Filling up the DagBag from /Users/christophercunningham/airflow_workspace/data-flow/data_flow_env/lib/python3.12/site-packages/airflow/example_dags/example_bash_decorator.py
[2024-07-01T09:36:48.885-0400] {processor.py:840} INFO - DAG(s) 'example_bash_decorator' retrieved from /Users/christophercunningham/airflow_workspace/data-flow/data_flow_env/lib/python3.12/site-packages/airflow/example_dags/example_bash_decorator.py
[2024-07-01T09:36:49.070-0400] {logging_mixin.py:188} INFO - [2024-07-01T09:36:49.070-0400] {dag.py:3096} INFO - Sync 1 DAGs
[2024-07-01T09:36:49.079-0400] {logging_mixin.py:188} INFO - [2024-07-01T09:36:49.079-0400] {dag.py:3954} INFO - Setting next_dagrun for example_bash_decorator to None, run_after=None
[2024-07-01T09:36:49.094-0400] {processor.py:183} INFO - Processing /Users/christophercunningham/airflow_workspace/data-flow/data_flow_env/lib/python3.12/site-packages/airflow/example_dags/example_bash_decorator.py took 0.250 seconds
[2024-07-01T09:40:21.796-0400] {processor.py:161} INFO - Started process (PID=14759) to work on /Users/christophercunningham/airflow_workspace/data-flow/data_flow_env/lib/python3.12/site-packages/airflow/example_dags/example_bash_decorator.py
[2024-07-01T09:40:21.798-0400] {processor.py:830} INFO - Processing file /Users/christophercunningham/airflow_workspace/data-flow/data_flow_env/lib/python3.12/site-packages/airflow/example_dags/example_bash_decorator.py for tasks to queue
[2024-07-01T09:40:21.798-0400] {logging_mixin.py:188} INFO - [2024-07-01T09:40:21.798-0400] {dagbag.py:545} INFO - Filling up the DagBag from /Users/christophercunningham/airflow_workspace/data-flow/data_flow_env/lib/python3.12/site-packages/airflow/example_dags/example_bash_decorator.py
[2024-07-01T09:40:21.847-0400] {processor.py:840} INFO - DAG(s) 'example_bash_decorator' retrieved from /Users/christophercunningham/airflow_workspace/data-flow/data_flow_env/lib/python3.12/site-packages/airflow/example_dags/example_bash_decorator.py
[2024-07-01T09:40:22.076-0400] {logging_mixin.py:188} INFO - [2024-07-01T09:40:22.075-0400] {dag.py:3096} INFO - Sync 1 DAGs
[2024-07-01T09:40:22.082-0400] {logging_mixin.py:188} INFO - [2024-07-01T09:40:22.082-0400] {dag.py:3954} INFO - Setting next_dagrun for example_bash_decorator to None, run_after=None
[2024-07-01T09:40:22.094-0400] {processor.py:183} INFO - Processing /Users/christophercunningham/airflow_workspace/data-flow/data_flow_env/lib/python3.12/site-packages/airflow/example_dags/example_bash_decorator.py took 0.303 seconds
[2024-07-01T09:43:58.064-0400] {processor.py:161} INFO - Started process (PID=15109) to work on /Users/christophercunningham/airflow_workspace/data-flow/data_flow_env/lib/python3.12/site-packages/airflow/example_dags/example_bash_decorator.py
[2024-07-01T09:43:58.065-0400] {processor.py:830} INFO - Processing file /Users/christophercunningham/airflow_workspace/data-flow/data_flow_env/lib/python3.12/site-packages/airflow/example_dags/example_bash_decorator.py for tasks to queue
[2024-07-01T09:43:58.066-0400] {logging_mixin.py:188} INFO - [2024-07-01T09:43:58.066-0400] {dagbag.py:545} INFO - Filling up the DagBag from /Users/christophercunningham/airflow_workspace/data-flow/data_flow_env/lib/python3.12/site-packages/airflow/example_dags/example_bash_decorator.py
[2024-07-01T09:43:58.103-0400] {processor.py:840} INFO - DAG(s) 'example_bash_decorator' retrieved from /Users/christophercunningham/airflow_workspace/data-flow/data_flow_env/lib/python3.12/site-packages/airflow/example_dags/example_bash_decorator.py
[2024-07-01T09:43:58.321-0400] {logging_mixin.py:188} INFO - [2024-07-01T09:43:58.321-0400] {dag.py:3096} INFO - Sync 1 DAGs
[2024-07-01T09:43:58.330-0400] {logging_mixin.py:188} INFO - [2024-07-01T09:43:58.330-0400] {dag.py:3954} INFO - Setting next_dagrun for example_bash_decorator to None, run_after=None
[2024-07-01T09:43:58.346-0400] {processor.py:183} INFO - Processing /Users/christophercunningham/airflow_workspace/data-flow/data_flow_env/lib/python3.12/site-packages/airflow/example_dags/example_bash_decorator.py took 0.285 seconds
[2024-07-01T09:47:31.826-0400] {processor.py:161} INFO - Started process (PID=15427) to work on /Users/christophercunningham/airflow_workspace/data-flow/data_flow_env/lib/python3.12/site-packages/airflow/example_dags/example_bash_decorator.py
[2024-07-01T09:47:31.827-0400] {processor.py:830} INFO - Processing file /Users/christophercunningham/airflow_workspace/data-flow/data_flow_env/lib/python3.12/site-packages/airflow/example_dags/example_bash_decorator.py for tasks to queue
[2024-07-01T09:47:31.828-0400] {logging_mixin.py:188} INFO - [2024-07-01T09:47:31.828-0400] {dagbag.py:545} INFO - Filling up the DagBag from /Users/christophercunningham/airflow_workspace/data-flow/data_flow_env/lib/python3.12/site-packages/airflow/example_dags/example_bash_decorator.py
[2024-07-01T09:47:31.861-0400] {processor.py:840} INFO - DAG(s) 'example_bash_decorator' retrieved from /Users/christophercunningham/airflow_workspace/data-flow/data_flow_env/lib/python3.12/site-packages/airflow/example_dags/example_bash_decorator.py
[2024-07-01T09:47:32.041-0400] {logging_mixin.py:188} INFO - [2024-07-01T09:47:32.041-0400] {dag.py:3096} INFO - Sync 1 DAGs
[2024-07-01T09:47:32.050-0400] {logging_mixin.py:188} INFO - [2024-07-01T09:47:32.050-0400] {dag.py:3954} INFO - Setting next_dagrun for example_bash_decorator to None, run_after=None
[2024-07-01T09:47:32.066-0400] {processor.py:183} INFO - Processing /Users/christophercunningham/airflow_workspace/data-flow/data_flow_env/lib/python3.12/site-packages/airflow/example_dags/example_bash_decorator.py took 0.244 seconds
[2024-07-01T09:51:10.310-0400] {processor.py:161} INFO - Started process (PID=15796) to work on /Users/christophercunningham/airflow_workspace/data-flow/data_flow_env/lib/python3.12/site-packages/airflow/example_dags/example_bash_decorator.py
[2024-07-01T09:51:10.311-0400] {processor.py:830} INFO - Processing file /Users/christophercunningham/airflow_workspace/data-flow/data_flow_env/lib/python3.12/site-packages/airflow/example_dags/example_bash_decorator.py for tasks to queue
[2024-07-01T09:51:10.312-0400] {logging_mixin.py:188} INFO - [2024-07-01T09:51:10.312-0400] {dagbag.py:545} INFO - Filling up the DagBag from /Users/christophercunningham/airflow_workspace/data-flow/data_flow_env/lib/python3.12/site-packages/airflow/example_dags/example_bash_decorator.py
[2024-07-01T09:51:10.388-0400] {processor.py:840} INFO - DAG(s) 'example_bash_decorator' retrieved from /Users/christophercunningham/airflow_workspace/data-flow/data_flow_env/lib/python3.12/site-packages/airflow/example_dags/example_bash_decorator.py
[2024-07-01T09:51:10.682-0400] {logging_mixin.py:188} INFO - [2024-07-01T09:51:10.682-0400] {dag.py:3096} INFO - Sync 1 DAGs
[2024-07-01T09:51:10.693-0400] {logging_mixin.py:188} INFO - [2024-07-01T09:51:10.692-0400] {dag.py:3954} INFO - Setting next_dagrun for example_bash_decorator to None, run_after=None
[2024-07-01T09:51:10.711-0400] {processor.py:183} INFO - Processing /Users/christophercunningham/airflow_workspace/data-flow/data_flow_env/lib/python3.12/site-packages/airflow/example_dags/example_bash_decorator.py took 0.405 seconds
[2024-07-01T09:54:31.593-0400] {processor.py:161} INFO - Started process (PID=16154) to work on /Users/christophercunningham/airflow_workspace/data-flow/data_flow_env/lib/python3.12/site-packages/airflow/example_dags/example_bash_decorator.py
[2024-07-01T09:54:31.595-0400] {processor.py:830} INFO - Processing file /Users/christophercunningham/airflow_workspace/data-flow/data_flow_env/lib/python3.12/site-packages/airflow/example_dags/example_bash_decorator.py for tasks to queue
[2024-07-01T09:54:31.595-0400] {logging_mixin.py:188} INFO - [2024-07-01T09:54:31.595-0400] {dagbag.py:545} INFO - Filling up the DagBag from /Users/christophercunningham/airflow_workspace/data-flow/data_flow_env/lib/python3.12/site-packages/airflow/example_dags/example_bash_decorator.py
[2024-07-01T09:54:31.633-0400] {processor.py:840} INFO - DAG(s) 'example_bash_decorator' retrieved from /Users/christophercunningham/airflow_workspace/data-flow/data_flow_env/lib/python3.12/site-packages/airflow/example_dags/example_bash_decorator.py
[2024-07-01T09:54:31.819-0400] {logging_mixin.py:188} INFO - [2024-07-01T09:54:31.819-0400] {dag.py:3096} INFO - Sync 1 DAGs
[2024-07-01T09:54:31.828-0400] {logging_mixin.py:188} INFO - [2024-07-01T09:54:31.828-0400] {dag.py:3954} INFO - Setting next_dagrun for example_bash_decorator to None, run_after=None
[2024-07-01T09:54:31.845-0400] {processor.py:183} INFO - Processing /Users/christophercunningham/airflow_workspace/data-flow/data_flow_env/lib/python3.12/site-packages/airflow/example_dags/example_bash_decorator.py took 0.256 seconds
[2024-07-01T09:57:54.554-0400] {processor.py:161} INFO - Started process (PID=16599) to work on /Users/christophercunningham/airflow_workspace/data-flow/data_flow_env/lib/python3.12/site-packages/airflow/example_dags/example_bash_decorator.py
[2024-07-01T09:57:54.555-0400] {processor.py:830} INFO - Processing file /Users/christophercunningham/airflow_workspace/data-flow/data_flow_env/lib/python3.12/site-packages/airflow/example_dags/example_bash_decorator.py for tasks to queue
[2024-07-01T09:57:54.556-0400] {logging_mixin.py:188} INFO - [2024-07-01T09:57:54.555-0400] {dagbag.py:545} INFO - Filling up the DagBag from /Users/christophercunningham/airflow_workspace/data-flow/data_flow_env/lib/python3.12/site-packages/airflow/example_dags/example_bash_decorator.py
[2024-07-01T09:57:54.588-0400] {processor.py:840} INFO - DAG(s) 'example_bash_decorator' retrieved from /Users/christophercunningham/airflow_workspace/data-flow/data_flow_env/lib/python3.12/site-packages/airflow/example_dags/example_bash_decorator.py
[2024-07-01T09:57:54.765-0400] {logging_mixin.py:188} INFO - [2024-07-01T09:57:54.765-0400] {dag.py:3096} INFO - Sync 1 DAGs
[2024-07-01T09:57:54.774-0400] {logging_mixin.py:188} INFO - [2024-07-01T09:57:54.774-0400] {dag.py:3954} INFO - Setting next_dagrun for example_bash_decorator to None, run_after=None
[2024-07-01T09:57:54.789-0400] {processor.py:183} INFO - Processing /Users/christophercunningham/airflow_workspace/data-flow/data_flow_env/lib/python3.12/site-packages/airflow/example_dags/example_bash_decorator.py took 0.241 seconds
[2024-07-01T10:01:19.658-0400] {processor.py:161} INFO - Started process (PID=17072) to work on /Users/christophercunningham/airflow_workspace/data-flow/data_flow_env/lib/python3.12/site-packages/airflow/example_dags/example_bash_decorator.py
[2024-07-01T10:01:19.659-0400] {processor.py:830} INFO - Processing file /Users/christophercunningham/airflow_workspace/data-flow/data_flow_env/lib/python3.12/site-packages/airflow/example_dags/example_bash_decorator.py for tasks to queue
[2024-07-01T10:01:19.660-0400] {logging_mixin.py:188} INFO - [2024-07-01T10:01:19.659-0400] {dagbag.py:545} INFO - Filling up the DagBag from /Users/christophercunningham/airflow_workspace/data-flow/data_flow_env/lib/python3.12/site-packages/airflow/example_dags/example_bash_decorator.py
[2024-07-01T10:01:19.697-0400] {processor.py:840} INFO - DAG(s) 'example_bash_decorator' retrieved from /Users/christophercunningham/airflow_workspace/data-flow/data_flow_env/lib/python3.12/site-packages/airflow/example_dags/example_bash_decorator.py
[2024-07-01T10:01:19.886-0400] {logging_mixin.py:188} INFO - [2024-07-01T10:01:19.885-0400] {dag.py:3096} INFO - Sync 1 DAGs
[2024-07-01T10:01:19.895-0400] {logging_mixin.py:188} INFO - [2024-07-01T10:01:19.895-0400] {dag.py:3954} INFO - Setting next_dagrun for example_bash_decorator to None, run_after=None
[2024-07-01T10:01:19.913-0400] {processor.py:183} INFO - Processing /Users/christophercunningham/airflow_workspace/data-flow/data_flow_env/lib/python3.12/site-packages/airflow/example_dags/example_bash_decorator.py took 0.258 seconds
[2024-07-01T10:04:54.606-0400] {processor.py:161} INFO - Started process (PID=17505) to work on /Users/christophercunningham/airflow_workspace/data-flow/data_flow_env/lib/python3.12/site-packages/airflow/example_dags/example_bash_decorator.py
[2024-07-01T10:04:54.607-0400] {processor.py:830} INFO - Processing file /Users/christophercunningham/airflow_workspace/data-flow/data_flow_env/lib/python3.12/site-packages/airflow/example_dags/example_bash_decorator.py for tasks to queue
[2024-07-01T10:04:54.608-0400] {logging_mixin.py:188} INFO - [2024-07-01T10:04:54.608-0400] {dagbag.py:545} INFO - Filling up the DagBag from /Users/christophercunningham/airflow_workspace/data-flow/data_flow_env/lib/python3.12/site-packages/airflow/example_dags/example_bash_decorator.py
[2024-07-01T10:04:54.644-0400] {processor.py:840} INFO - DAG(s) 'example_bash_decorator' retrieved from /Users/christophercunningham/airflow_workspace/data-flow/data_flow_env/lib/python3.12/site-packages/airflow/example_dags/example_bash_decorator.py
[2024-07-01T10:04:54.831-0400] {logging_mixin.py:188} INFO - [2024-07-01T10:04:54.831-0400] {dag.py:3096} INFO - Sync 1 DAGs
[2024-07-01T10:04:54.840-0400] {logging_mixin.py:188} INFO - [2024-07-01T10:04:54.840-0400] {dag.py:3954} INFO - Setting next_dagrun for example_bash_decorator to None, run_after=None
[2024-07-01T10:04:54.858-0400] {processor.py:183} INFO - Processing /Users/christophercunningham/airflow_workspace/data-flow/data_flow_env/lib/python3.12/site-packages/airflow/example_dags/example_bash_decorator.py took 0.256 seconds
[2024-07-01T10:08:36.355-0400] {processor.py:161} INFO - Started process (PID=17972) to work on /Users/christophercunningham/airflow_workspace/data-flow/data_flow_env/lib/python3.12/site-packages/airflow/example_dags/example_bash_decorator.py
[2024-07-01T10:08:36.358-0400] {processor.py:830} INFO - Processing file /Users/christophercunningham/airflow_workspace/data-flow/data_flow_env/lib/python3.12/site-packages/airflow/example_dags/example_bash_decorator.py for tasks to queue
[2024-07-01T10:08:36.358-0400] {logging_mixin.py:188} INFO - [2024-07-01T10:08:36.358-0400] {dagbag.py:545} INFO - Filling up the DagBag from /Users/christophercunningham/airflow_workspace/data-flow/data_flow_env/lib/python3.12/site-packages/airflow/example_dags/example_bash_decorator.py
[2024-07-01T10:08:36.389-0400] {processor.py:840} INFO - DAG(s) 'example_bash_decorator' retrieved from /Users/christophercunningham/airflow_workspace/data-flow/data_flow_env/lib/python3.12/site-packages/airflow/example_dags/example_bash_decorator.py
[2024-07-01T10:08:36.570-0400] {logging_mixin.py:188} INFO - [2024-07-01T10:08:36.570-0400] {dag.py:3096} INFO - Sync 1 DAGs
[2024-07-01T10:08:36.579-0400] {logging_mixin.py:188} INFO - [2024-07-01T10:08:36.579-0400] {dag.py:3954} INFO - Setting next_dagrun for example_bash_decorator to None, run_after=None
[2024-07-01T10:08:36.595-0400] {processor.py:183} INFO - Processing /Users/christophercunningham/airflow_workspace/data-flow/data_flow_env/lib/python3.12/site-packages/airflow/example_dags/example_bash_decorator.py took 0.245 seconds
[2024-07-01T10:11:59.939-0400] {processor.py:161} INFO - Started process (PID=18435) to work on /Users/christophercunningham/airflow_workspace/data-flow/data_flow_env/lib/python3.12/site-packages/airflow/example_dags/example_bash_decorator.py
[2024-07-01T10:11:59.940-0400] {processor.py:830} INFO - Processing file /Users/christophercunningham/airflow_workspace/data-flow/data_flow_env/lib/python3.12/site-packages/airflow/example_dags/example_bash_decorator.py for tasks to queue
[2024-07-01T10:11:59.941-0400] {logging_mixin.py:188} INFO - [2024-07-01T10:11:59.940-0400] {dagbag.py:545} INFO - Filling up the DagBag from /Users/christophercunningham/airflow_workspace/data-flow/data_flow_env/lib/python3.12/site-packages/airflow/example_dags/example_bash_decorator.py
[2024-07-01T10:11:59.974-0400] {processor.py:840} INFO - DAG(s) 'example_bash_decorator' retrieved from /Users/christophercunningham/airflow_workspace/data-flow/data_flow_env/lib/python3.12/site-packages/airflow/example_dags/example_bash_decorator.py
[2024-07-01T10:12:00.162-0400] {logging_mixin.py:188} INFO - [2024-07-01T10:12:00.162-0400] {dag.py:3096} INFO - Sync 1 DAGs
[2024-07-01T10:12:00.171-0400] {logging_mixin.py:188} INFO - [2024-07-01T10:12:00.171-0400] {dag.py:3954} INFO - Setting next_dagrun for example_bash_decorator to None, run_after=None
[2024-07-01T10:12:00.187-0400] {processor.py:183} INFO - Processing /Users/christophercunningham/airflow_workspace/data-flow/data_flow_env/lib/python3.12/site-packages/airflow/example_dags/example_bash_decorator.py took 0.254 seconds
[2024-07-01T10:15:31.857-0400] {processor.py:161} INFO - Started process (PID=18910) to work on /Users/christophercunningham/airflow_workspace/data-flow/data_flow_env/lib/python3.12/site-packages/airflow/example_dags/example_bash_decorator.py
[2024-07-01T10:15:31.858-0400] {processor.py:830} INFO - Processing file /Users/christophercunningham/airflow_workspace/data-flow/data_flow_env/lib/python3.12/site-packages/airflow/example_dags/example_bash_decorator.py for tasks to queue
[2024-07-01T10:15:31.859-0400] {logging_mixin.py:188} INFO - [2024-07-01T10:15:31.858-0400] {dagbag.py:545} INFO - Filling up the DagBag from /Users/christophercunningham/airflow_workspace/data-flow/data_flow_env/lib/python3.12/site-packages/airflow/example_dags/example_bash_decorator.py
[2024-07-01T10:15:31.900-0400] {processor.py:840} INFO - DAG(s) 'example_bash_decorator' retrieved from /Users/christophercunningham/airflow_workspace/data-flow/data_flow_env/lib/python3.12/site-packages/airflow/example_dags/example_bash_decorator.py
[2024-07-01T10:15:32.212-0400] {logging_mixin.py:188} INFO - [2024-07-01T10:15:32.212-0400] {dag.py:3096} INFO - Sync 1 DAGs
[2024-07-01T10:15:32.222-0400] {logging_mixin.py:188} INFO - [2024-07-01T10:15:32.221-0400] {dag.py:3954} INFO - Setting next_dagrun for example_bash_decorator to None, run_after=None
[2024-07-01T10:15:32.239-0400] {processor.py:183} INFO - Processing /Users/christophercunningham/airflow_workspace/data-flow/data_flow_env/lib/python3.12/site-packages/airflow/example_dags/example_bash_decorator.py took 0.386 seconds
