[2024-07-01T09:31:52.631-0400] {processor.py:161} INFO - Started process (PID=13871) to work on /Users/christophercunningham/airflow_workspace/data-flow/data_flow_env/lib/python3.12/site-packages/airflow/example_dags/example_subdag_operator.py
[2024-07-01T09:31:52.632-0400] {processor.py:830} INFO - Processing file /Users/christophercunningham/airflow_workspace/data-flow/data_flow_env/lib/python3.12/site-packages/airflow/example_dags/example_subdag_operator.py for tasks to queue
[2024-07-01T09:31:52.633-0400] {logging_mixin.py:188} INFO - [2024-07-01T09:31:52.633-0400] {dagbag.py:545} INFO - Filling up the DagBag from /Users/christophercunningham/airflow_workspace/data-flow/data_flow_env/lib/python3.12/site-packages/airflow/example_dags/example_subdag_operator.py
[2024-07-01T09:31:52.710-0400] {processor.py:840} INFO - DAG(s) 'example_subdag_operator.section-1', 'example_subdag_operator.section-2', 'example_subdag_operator' retrieved from /Users/christophercunningham/airflow_workspace/data-flow/data_flow_env/lib/python3.12/site-packages/airflow/example_dags/example_subdag_operator.py
[2024-07-01T09:31:52.799-0400] {logging_mixin.py:188} INFO - [2024-07-01T09:31:52.799-0400] {dag.py:3096} INFO - Sync 3 DAGs
[2024-07-01T09:31:52.818-0400] {logging_mixin.py:188} INFO - [2024-07-01T09:31:52.818-0400] {dag.py:3954} INFO - Setting next_dagrun for example_subdag_operator to 2022-01-01 00:00:00+00:00, run_after=2022-01-01 00:00:00+00:00
[2024-07-01T09:31:52.820-0400] {logging_mixin.py:188} INFO - [2024-07-01T09:31:52.820-0400] {dag.py:3954} INFO - Setting next_dagrun for example_subdag_operator.section-1 to None, run_after=None
[2024-07-01T09:31:52.820-0400] {logging_mixin.py:188} INFO - [2024-07-01T09:31:52.820-0400] {dag.py:3954} INFO - Setting next_dagrun for example_subdag_operator.section-2 to None, run_after=None
[2024-07-01T09:31:52.873-0400] {logging_mixin.py:188} INFO - [2024-07-01T09:31:52.872-0400] {dag.py:3096} INFO - Sync 2 DAGs
[2024-07-01T09:31:52.876-0400] {logging_mixin.py:188} INFO - [2024-07-01T09:31:52.876-0400] {dag.py:3954} INFO - Setting next_dagrun for example_subdag_operator.section-1 to None, run_after=None
[2024-07-01T09:31:52.877-0400] {logging_mixin.py:188} INFO - [2024-07-01T09:31:52.877-0400] {dag.py:3954} INFO - Setting next_dagrun for example_subdag_operator.section-2 to None, run_after=None
[2024-07-01T09:31:52.890-0400] {processor.py:183} INFO - Processing /Users/christophercunningham/airflow_workspace/data-flow/data_flow_env/lib/python3.12/site-packages/airflow/example_dags/example_subdag_operator.py took 0.263 seconds
[2024-07-01T09:34:10.117-0400] {processor.py:161} INFO - Started process (PID=14141) to work on /Users/christophercunningham/airflow_workspace/data-flow/data_flow_env/lib/python3.12/site-packages/airflow/example_dags/example_subdag_operator.py
[2024-07-01T09:34:10.118-0400] {processor.py:830} INFO - Processing file /Users/christophercunningham/airflow_workspace/data-flow/data_flow_env/lib/python3.12/site-packages/airflow/example_dags/example_subdag_operator.py for tasks to queue
[2024-07-01T09:34:10.119-0400] {logging_mixin.py:188} INFO - [2024-07-01T09:34:10.119-0400] {dagbag.py:545} INFO - Filling up the DagBag from /Users/christophercunningham/airflow_workspace/data-flow/data_flow_env/lib/python3.12/site-packages/airflow/example_dags/example_subdag_operator.py
[2024-07-01T09:34:10.190-0400] {processor.py:840} INFO - DAG(s) 'example_subdag_operator.section-1', 'example_subdag_operator.section-2', 'example_subdag_operator' retrieved from /Users/christophercunningham/airflow_workspace/data-flow/data_flow_env/lib/python3.12/site-packages/airflow/example_dags/example_subdag_operator.py
[2024-07-01T09:34:10.220-0400] {logging_mixin.py:188} INFO - [2024-07-01T09:34:10.220-0400] {dag.py:3096} INFO - Sync 3 DAGs
[2024-07-01T09:34:10.232-0400] {logging_mixin.py:188} INFO - [2024-07-01T09:34:10.231-0400] {dag.py:3954} INFO - Setting next_dagrun for example_subdag_operator to 2022-01-01 00:00:00+00:00, run_after=2022-01-01 00:00:00+00:00
[2024-07-01T09:34:10.234-0400] {logging_mixin.py:188} INFO - [2024-07-01T09:34:10.234-0400] {dag.py:3954} INFO - Setting next_dagrun for example_subdag_operator.section-1 to None, run_after=None
[2024-07-01T09:34:10.234-0400] {logging_mixin.py:188} INFO - [2024-07-01T09:34:10.234-0400] {dag.py:3954} INFO - Setting next_dagrun for example_subdag_operator.section-2 to None, run_after=None
[2024-07-01T09:34:10.238-0400] {logging_mixin.py:188} INFO - [2024-07-01T09:34:10.238-0400] {dag.py:3096} INFO - Sync 2 DAGs
[2024-07-01T09:34:10.240-0400] {logging_mixin.py:188} INFO - [2024-07-01T09:34:10.240-0400] {dag.py:3954} INFO - Setting next_dagrun for example_subdag_operator.section-1 to None, run_after=None
[2024-07-01T09:34:10.241-0400] {logging_mixin.py:188} INFO - [2024-07-01T09:34:10.241-0400] {dag.py:3954} INFO - Setting next_dagrun for example_subdag_operator.section-2 to None, run_after=None
[2024-07-01T09:34:10.249-0400] {processor.py:183} INFO - Processing /Users/christophercunningham/airflow_workspace/data-flow/data_flow_env/lib/python3.12/site-packages/airflow/example_dags/example_subdag_operator.py took 0.137 seconds
[2024-07-01T09:35:53.257-0400] {processor.py:161} INFO - Started process (PID=14287) to work on /Users/christophercunningham/airflow_workspace/data-flow/data_flow_env/lib/python3.12/site-packages/airflow/example_dags/example_subdag_operator.py
[2024-07-01T09:35:53.258-0400] {processor.py:830} INFO - Processing file /Users/christophercunningham/airflow_workspace/data-flow/data_flow_env/lib/python3.12/site-packages/airflow/example_dags/example_subdag_operator.py for tasks to queue
[2024-07-01T09:35:53.259-0400] {logging_mixin.py:188} INFO - [2024-07-01T09:35:53.259-0400] {dagbag.py:545} INFO - Filling up the DagBag from /Users/christophercunningham/airflow_workspace/data-flow/data_flow_env/lib/python3.12/site-packages/airflow/example_dags/example_subdag_operator.py
[2024-07-01T09:35:53.332-0400] {processor.py:840} INFO - DAG(s) 'example_subdag_operator.section-1', 'example_subdag_operator.section-2', 'example_subdag_operator' retrieved from /Users/christophercunningham/airflow_workspace/data-flow/data_flow_env/lib/python3.12/site-packages/airflow/example_dags/example_subdag_operator.py
[2024-07-01T09:35:53.365-0400] {logging_mixin.py:188} INFO - [2024-07-01T09:35:53.365-0400] {dag.py:3096} INFO - Sync 3 DAGs
[2024-07-01T09:35:53.377-0400] {logging_mixin.py:188} INFO - [2024-07-01T09:35:53.376-0400] {dag.py:3954} INFO - Setting next_dagrun for example_subdag_operator to 2022-01-01 00:00:00+00:00, run_after=2022-01-01 00:00:00+00:00
[2024-07-01T09:35:53.379-0400] {logging_mixin.py:188} INFO - [2024-07-01T09:35:53.379-0400] {dag.py:3954} INFO - Setting next_dagrun for example_subdag_operator.section-1 to None, run_after=None
[2024-07-01T09:35:53.379-0400] {logging_mixin.py:188} INFO - [2024-07-01T09:35:53.379-0400] {dag.py:3954} INFO - Setting next_dagrun for example_subdag_operator.section-2 to None, run_after=None
[2024-07-01T09:35:53.383-0400] {logging_mixin.py:188} INFO - [2024-07-01T09:35:53.383-0400] {dag.py:3096} INFO - Sync 2 DAGs
[2024-07-01T09:35:53.385-0400] {logging_mixin.py:188} INFO - [2024-07-01T09:35:53.385-0400] {dag.py:3954} INFO - Setting next_dagrun for example_subdag_operator.section-1 to None, run_after=None
[2024-07-01T09:35:53.386-0400] {logging_mixin.py:188} INFO - [2024-07-01T09:35:53.385-0400] {dag.py:3954} INFO - Setting next_dagrun for example_subdag_operator.section-2 to None, run_after=None
[2024-07-01T09:35:53.397-0400] {processor.py:183} INFO - Processing /Users/christophercunningham/airflow_workspace/data-flow/data_flow_env/lib/python3.12/site-packages/airflow/example_dags/example_subdag_operator.py took 0.145 seconds
[2024-07-01T09:37:38.465-0400] {processor.py:161} INFO - Started process (PID=14459) to work on /Users/christophercunningham/airflow_workspace/data-flow/data_flow_env/lib/python3.12/site-packages/airflow/example_dags/example_subdag_operator.py
[2024-07-01T09:37:38.466-0400] {processor.py:830} INFO - Processing file /Users/christophercunningham/airflow_workspace/data-flow/data_flow_env/lib/python3.12/site-packages/airflow/example_dags/example_subdag_operator.py for tasks to queue
[2024-07-01T09:37:38.467-0400] {logging_mixin.py:188} INFO - [2024-07-01T09:37:38.467-0400] {dagbag.py:545} INFO - Filling up the DagBag from /Users/christophercunningham/airflow_workspace/data-flow/data_flow_env/lib/python3.12/site-packages/airflow/example_dags/example_subdag_operator.py
[2024-07-01T09:37:38.537-0400] {processor.py:840} INFO - DAG(s) 'example_subdag_operator.section-1', 'example_subdag_operator.section-2', 'example_subdag_operator' retrieved from /Users/christophercunningham/airflow_workspace/data-flow/data_flow_env/lib/python3.12/site-packages/airflow/example_dags/example_subdag_operator.py
[2024-07-01T09:37:38.569-0400] {logging_mixin.py:188} INFO - [2024-07-01T09:37:38.569-0400] {dag.py:3096} INFO - Sync 3 DAGs
[2024-07-01T09:37:38.581-0400] {logging_mixin.py:188} INFO - [2024-07-01T09:37:38.581-0400] {dag.py:3954} INFO - Setting next_dagrun for example_subdag_operator to 2022-01-01 00:00:00+00:00, run_after=2022-01-01 00:00:00+00:00
[2024-07-01T09:37:38.583-0400] {logging_mixin.py:188} INFO - [2024-07-01T09:37:38.583-0400] {dag.py:3954} INFO - Setting next_dagrun for example_subdag_operator.section-1 to None, run_after=None
[2024-07-01T09:37:38.584-0400] {logging_mixin.py:188} INFO - [2024-07-01T09:37:38.584-0400] {dag.py:3954} INFO - Setting next_dagrun for example_subdag_operator.section-2 to None, run_after=None
[2024-07-01T09:37:38.587-0400] {logging_mixin.py:188} INFO - [2024-07-01T09:37:38.587-0400] {dag.py:3096} INFO - Sync 2 DAGs
[2024-07-01T09:37:38.590-0400] {logging_mixin.py:188} INFO - [2024-07-01T09:37:38.590-0400] {dag.py:3954} INFO - Setting next_dagrun for example_subdag_operator.section-1 to None, run_after=None
[2024-07-01T09:37:38.590-0400] {logging_mixin.py:188} INFO - [2024-07-01T09:37:38.590-0400] {dag.py:3954} INFO - Setting next_dagrun for example_subdag_operator.section-2 to None, run_after=None
[2024-07-01T09:37:38.601-0400] {processor.py:183} INFO - Processing /Users/christophercunningham/airflow_workspace/data-flow/data_flow_env/lib/python3.12/site-packages/airflow/example_dags/example_subdag_operator.py took 0.140 seconds
[2024-07-01T09:39:26.749-0400] {processor.py:161} INFO - Started process (PID=14629) to work on /Users/christophercunningham/airflow_workspace/data-flow/data_flow_env/lib/python3.12/site-packages/airflow/example_dags/example_subdag_operator.py
[2024-07-01T09:39:26.750-0400] {processor.py:830} INFO - Processing file /Users/christophercunningham/airflow_workspace/data-flow/data_flow_env/lib/python3.12/site-packages/airflow/example_dags/example_subdag_operator.py for tasks to queue
[2024-07-01T09:39:26.750-0400] {logging_mixin.py:188} INFO - [2024-07-01T09:39:26.750-0400] {dagbag.py:545} INFO - Filling up the DagBag from /Users/christophercunningham/airflow_workspace/data-flow/data_flow_env/lib/python3.12/site-packages/airflow/example_dags/example_subdag_operator.py
[2024-07-01T09:39:26.824-0400] {processor.py:840} INFO - DAG(s) 'example_subdag_operator.section-1', 'example_subdag_operator.section-2', 'example_subdag_operator' retrieved from /Users/christophercunningham/airflow_workspace/data-flow/data_flow_env/lib/python3.12/site-packages/airflow/example_dags/example_subdag_operator.py
[2024-07-01T09:39:26.857-0400] {logging_mixin.py:188} INFO - [2024-07-01T09:39:26.857-0400] {dag.py:3096} INFO - Sync 3 DAGs
[2024-07-01T09:39:26.869-0400] {logging_mixin.py:188} INFO - [2024-07-01T09:39:26.869-0400] {dag.py:3954} INFO - Setting next_dagrun for example_subdag_operator to 2022-01-01 00:00:00+00:00, run_after=2022-01-01 00:00:00+00:00
[2024-07-01T09:39:26.871-0400] {logging_mixin.py:188} INFO - [2024-07-01T09:39:26.871-0400] {dag.py:3954} INFO - Setting next_dagrun for example_subdag_operator.section-1 to None, run_after=None
[2024-07-01T09:39:26.872-0400] {logging_mixin.py:188} INFO - [2024-07-01T09:39:26.872-0400] {dag.py:3954} INFO - Setting next_dagrun for example_subdag_operator.section-2 to None, run_after=None
[2024-07-01T09:39:26.876-0400] {logging_mixin.py:188} INFO - [2024-07-01T09:39:26.875-0400] {dag.py:3096} INFO - Sync 2 DAGs
[2024-07-01T09:39:26.878-0400] {logging_mixin.py:188} INFO - [2024-07-01T09:39:26.878-0400] {dag.py:3954} INFO - Setting next_dagrun for example_subdag_operator.section-1 to None, run_after=None
[2024-07-01T09:39:26.878-0400] {logging_mixin.py:188} INFO - [2024-07-01T09:39:26.878-0400] {dag.py:3954} INFO - Setting next_dagrun for example_subdag_operator.section-2 to None, run_after=None
[2024-07-01T09:39:26.886-0400] {processor.py:183} INFO - Processing /Users/christophercunningham/airflow_workspace/data-flow/data_flow_env/lib/python3.12/site-packages/airflow/example_dags/example_subdag_operator.py took 0.142 seconds
[2024-07-01T09:41:10.824-0400] {processor.py:161} INFO - Started process (PID=14840) to work on /Users/christophercunningham/airflow_workspace/data-flow/data_flow_env/lib/python3.12/site-packages/airflow/example_dags/example_subdag_operator.py
[2024-07-01T09:41:10.827-0400] {processor.py:830} INFO - Processing file /Users/christophercunningham/airflow_workspace/data-flow/data_flow_env/lib/python3.12/site-packages/airflow/example_dags/example_subdag_operator.py for tasks to queue
[2024-07-01T09:41:10.827-0400] {logging_mixin.py:188} INFO - [2024-07-01T09:41:10.827-0400] {dagbag.py:545} INFO - Filling up the DagBag from /Users/christophercunningham/airflow_workspace/data-flow/data_flow_env/lib/python3.12/site-packages/airflow/example_dags/example_subdag_operator.py
[2024-07-01T09:41:10.899-0400] {processor.py:840} INFO - DAG(s) 'example_subdag_operator.section-1', 'example_subdag_operator.section-2', 'example_subdag_operator' retrieved from /Users/christophercunningham/airflow_workspace/data-flow/data_flow_env/lib/python3.12/site-packages/airflow/example_dags/example_subdag_operator.py
[2024-07-01T09:41:10.936-0400] {logging_mixin.py:188} INFO - [2024-07-01T09:41:10.936-0400] {dag.py:3096} INFO - Sync 3 DAGs
[2024-07-01T09:41:10.950-0400] {logging_mixin.py:188} INFO - [2024-07-01T09:41:10.949-0400] {dag.py:3954} INFO - Setting next_dagrun for example_subdag_operator to 2022-01-01 00:00:00+00:00, run_after=2022-01-01 00:00:00+00:00
[2024-07-01T09:41:10.952-0400] {logging_mixin.py:188} INFO - [2024-07-01T09:41:10.952-0400] {dag.py:3954} INFO - Setting next_dagrun for example_subdag_operator.section-1 to None, run_after=None
[2024-07-01T09:41:10.953-0400] {logging_mixin.py:188} INFO - [2024-07-01T09:41:10.953-0400] {dag.py:3954} INFO - Setting next_dagrun for example_subdag_operator.section-2 to None, run_after=None
[2024-07-01T09:41:10.957-0400] {logging_mixin.py:188} INFO - [2024-07-01T09:41:10.957-0400] {dag.py:3096} INFO - Sync 2 DAGs
[2024-07-01T09:41:10.960-0400] {logging_mixin.py:188} INFO - [2024-07-01T09:41:10.960-0400] {dag.py:3954} INFO - Setting next_dagrun for example_subdag_operator.section-1 to None, run_after=None
[2024-07-01T09:41:10.961-0400] {logging_mixin.py:188} INFO - [2024-07-01T09:41:10.961-0400] {dag.py:3954} INFO - Setting next_dagrun for example_subdag_operator.section-2 to None, run_after=None
[2024-07-01T09:41:10.971-0400] {processor.py:183} INFO - Processing /Users/christophercunningham/airflow_workspace/data-flow/data_flow_env/lib/python3.12/site-packages/airflow/example_dags/example_subdag_operator.py took 0.151 seconds
[2024-07-01T09:42:57.488-0400] {processor.py:161} INFO - Started process (PID=15006) to work on /Users/christophercunningham/airflow_workspace/data-flow/data_flow_env/lib/python3.12/site-packages/airflow/example_dags/example_subdag_operator.py
[2024-07-01T09:42:57.489-0400] {processor.py:830} INFO - Processing file /Users/christophercunningham/airflow_workspace/data-flow/data_flow_env/lib/python3.12/site-packages/airflow/example_dags/example_subdag_operator.py for tasks to queue
[2024-07-01T09:42:57.490-0400] {logging_mixin.py:188} INFO - [2024-07-01T09:42:57.490-0400] {dagbag.py:545} INFO - Filling up the DagBag from /Users/christophercunningham/airflow_workspace/data-flow/data_flow_env/lib/python3.12/site-packages/airflow/example_dags/example_subdag_operator.py
[2024-07-01T09:42:57.561-0400] {processor.py:840} INFO - DAG(s) 'example_subdag_operator.section-1', 'example_subdag_operator.section-2', 'example_subdag_operator' retrieved from /Users/christophercunningham/airflow_workspace/data-flow/data_flow_env/lib/python3.12/site-packages/airflow/example_dags/example_subdag_operator.py
[2024-07-01T09:42:57.592-0400] {logging_mixin.py:188} INFO - [2024-07-01T09:42:57.592-0400] {dag.py:3096} INFO - Sync 3 DAGs
[2024-07-01T09:42:57.604-0400] {logging_mixin.py:188} INFO - [2024-07-01T09:42:57.604-0400] {dag.py:3954} INFO - Setting next_dagrun for example_subdag_operator to 2022-01-01 00:00:00+00:00, run_after=2022-01-01 00:00:00+00:00
[2024-07-01T09:42:57.606-0400] {logging_mixin.py:188} INFO - [2024-07-01T09:42:57.606-0400] {dag.py:3954} INFO - Setting next_dagrun for example_subdag_operator.section-1 to None, run_after=None
[2024-07-01T09:42:57.607-0400] {logging_mixin.py:188} INFO - [2024-07-01T09:42:57.607-0400] {dag.py:3954} INFO - Setting next_dagrun for example_subdag_operator.section-2 to None, run_after=None
[2024-07-01T09:42:57.611-0400] {logging_mixin.py:188} INFO - [2024-07-01T09:42:57.611-0400] {dag.py:3096} INFO - Sync 2 DAGs
[2024-07-01T09:42:57.613-0400] {logging_mixin.py:188} INFO - [2024-07-01T09:42:57.613-0400] {dag.py:3954} INFO - Setting next_dagrun for example_subdag_operator.section-1 to None, run_after=None
[2024-07-01T09:42:57.614-0400] {logging_mixin.py:188} INFO - [2024-07-01T09:42:57.613-0400] {dag.py:3954} INFO - Setting next_dagrun for example_subdag_operator.section-2 to None, run_after=None
[2024-07-01T09:42:57.622-0400] {processor.py:183} INFO - Processing /Users/christophercunningham/airflow_workspace/data-flow/data_flow_env/lib/python3.12/site-packages/airflow/example_dags/example_subdag_operator.py took 0.139 seconds
[2024-07-01T09:44:48.205-0400] {processor.py:161} INFO - Started process (PID=15183) to work on /Users/christophercunningham/airflow_workspace/data-flow/data_flow_env/lib/python3.12/site-packages/airflow/example_dags/example_subdag_operator.py
[2024-07-01T09:44:48.207-0400] {processor.py:830} INFO - Processing file /Users/christophercunningham/airflow_workspace/data-flow/data_flow_env/lib/python3.12/site-packages/airflow/example_dags/example_subdag_operator.py for tasks to queue
[2024-07-01T09:44:48.208-0400] {logging_mixin.py:188} INFO - [2024-07-01T09:44:48.208-0400] {dagbag.py:545} INFO - Filling up the DagBag from /Users/christophercunningham/airflow_workspace/data-flow/data_flow_env/lib/python3.12/site-packages/airflow/example_dags/example_subdag_operator.py
[2024-07-01T09:44:48.281-0400] {processor.py:840} INFO - DAG(s) 'example_subdag_operator.section-1', 'example_subdag_operator.section-2', 'example_subdag_operator' retrieved from /Users/christophercunningham/airflow_workspace/data-flow/data_flow_env/lib/python3.12/site-packages/airflow/example_dags/example_subdag_operator.py
[2024-07-01T09:44:48.316-0400] {logging_mixin.py:188} INFO - [2024-07-01T09:44:48.315-0400] {dag.py:3096} INFO - Sync 3 DAGs
[2024-07-01T09:44:48.327-0400] {logging_mixin.py:188} INFO - [2024-07-01T09:44:48.327-0400] {dag.py:3954} INFO - Setting next_dagrun for example_subdag_operator to 2022-01-01 00:00:00+00:00, run_after=2022-01-01 00:00:00+00:00
[2024-07-01T09:44:48.330-0400] {logging_mixin.py:188} INFO - [2024-07-01T09:44:48.329-0400] {dag.py:3954} INFO - Setting next_dagrun for example_subdag_operator.section-1 to None, run_after=None
[2024-07-01T09:44:48.330-0400] {logging_mixin.py:188} INFO - [2024-07-01T09:44:48.330-0400] {dag.py:3954} INFO - Setting next_dagrun for example_subdag_operator.section-2 to None, run_after=None
[2024-07-01T09:44:48.334-0400] {logging_mixin.py:188} INFO - [2024-07-01T09:44:48.334-0400] {dag.py:3096} INFO - Sync 2 DAGs
[2024-07-01T09:44:48.336-0400] {logging_mixin.py:188} INFO - [2024-07-01T09:44:48.336-0400] {dag.py:3954} INFO - Setting next_dagrun for example_subdag_operator.section-1 to None, run_after=None
[2024-07-01T09:44:48.337-0400] {logging_mixin.py:188} INFO - [2024-07-01T09:44:48.337-0400] {dag.py:3954} INFO - Setting next_dagrun for example_subdag_operator.section-2 to None, run_after=None
[2024-07-01T09:44:48.345-0400] {processor.py:183} INFO - Processing /Users/christophercunningham/airflow_workspace/data-flow/data_flow_env/lib/python3.12/site-packages/airflow/example_dags/example_subdag_operator.py took 0.145 seconds
[2024-07-01T09:46:35.868-0400] {processor.py:161} INFO - Started process (PID=15349) to work on /Users/christophercunningham/airflow_workspace/data-flow/data_flow_env/lib/python3.12/site-packages/airflow/example_dags/example_subdag_operator.py
[2024-07-01T09:46:35.869-0400] {processor.py:830} INFO - Processing file /Users/christophercunningham/airflow_workspace/data-flow/data_flow_env/lib/python3.12/site-packages/airflow/example_dags/example_subdag_operator.py for tasks to queue
[2024-07-01T09:46:35.870-0400] {logging_mixin.py:188} INFO - [2024-07-01T09:46:35.870-0400] {dagbag.py:545} INFO - Filling up the DagBag from /Users/christophercunningham/airflow_workspace/data-flow/data_flow_env/lib/python3.12/site-packages/airflow/example_dags/example_subdag_operator.py
[2024-07-01T09:46:35.943-0400] {processor.py:840} INFO - DAG(s) 'example_subdag_operator.section-1', 'example_subdag_operator.section-2', 'example_subdag_operator' retrieved from /Users/christophercunningham/airflow_workspace/data-flow/data_flow_env/lib/python3.12/site-packages/airflow/example_dags/example_subdag_operator.py
[2024-07-01T09:46:35.974-0400] {logging_mixin.py:188} INFO - [2024-07-01T09:46:35.974-0400] {dag.py:3096} INFO - Sync 3 DAGs
[2024-07-01T09:46:35.986-0400] {logging_mixin.py:188} INFO - [2024-07-01T09:46:35.986-0400] {dag.py:3954} INFO - Setting next_dagrun for example_subdag_operator to 2022-01-01 00:00:00+00:00, run_after=2022-01-01 00:00:00+00:00
[2024-07-01T09:46:35.988-0400] {logging_mixin.py:188} INFO - [2024-07-01T09:46:35.988-0400] {dag.py:3954} INFO - Setting next_dagrun for example_subdag_operator.section-1 to None, run_after=None
[2024-07-01T09:46:35.989-0400] {logging_mixin.py:188} INFO - [2024-07-01T09:46:35.988-0400] {dag.py:3954} INFO - Setting next_dagrun for example_subdag_operator.section-2 to None, run_after=None
[2024-07-01T09:46:35.992-0400] {logging_mixin.py:188} INFO - [2024-07-01T09:46:35.992-0400] {dag.py:3096} INFO - Sync 2 DAGs
[2024-07-01T09:46:35.995-0400] {logging_mixin.py:188} INFO - [2024-07-01T09:46:35.995-0400] {dag.py:3954} INFO - Setting next_dagrun for example_subdag_operator.section-1 to None, run_after=None
[2024-07-01T09:46:35.995-0400] {logging_mixin.py:188} INFO - [2024-07-01T09:46:35.995-0400] {dag.py:3954} INFO - Setting next_dagrun for example_subdag_operator.section-2 to None, run_after=None
[2024-07-01T09:46:36.004-0400] {processor.py:183} INFO - Processing /Users/christophercunningham/airflow_workspace/data-flow/data_flow_env/lib/python3.12/site-packages/airflow/example_dags/example_subdag_operator.py took 0.142 seconds
[2024-07-01T09:48:22.071-0400] {processor.py:161} INFO - Started process (PID=15503) to work on /Users/christophercunningham/airflow_workspace/data-flow/data_flow_env/lib/python3.12/site-packages/airflow/example_dags/example_subdag_operator.py
[2024-07-01T09:48:22.071-0400] {processor.py:830} INFO - Processing file /Users/christophercunningham/airflow_workspace/data-flow/data_flow_env/lib/python3.12/site-packages/airflow/example_dags/example_subdag_operator.py for tasks to queue
[2024-07-01T09:48:22.072-0400] {logging_mixin.py:188} INFO - [2024-07-01T09:48:22.072-0400] {dagbag.py:545} INFO - Filling up the DagBag from /Users/christophercunningham/airflow_workspace/data-flow/data_flow_env/lib/python3.12/site-packages/airflow/example_dags/example_subdag_operator.py
[2024-07-01T09:48:22.144-0400] {processor.py:840} INFO - DAG(s) 'example_subdag_operator.section-1', 'example_subdag_operator.section-2', 'example_subdag_operator' retrieved from /Users/christophercunningham/airflow_workspace/data-flow/data_flow_env/lib/python3.12/site-packages/airflow/example_dags/example_subdag_operator.py
[2024-07-01T09:48:22.177-0400] {logging_mixin.py:188} INFO - [2024-07-01T09:48:22.177-0400] {dag.py:3096} INFO - Sync 3 DAGs
[2024-07-01T09:48:22.188-0400] {logging_mixin.py:188} INFO - [2024-07-01T09:48:22.188-0400] {dag.py:3954} INFO - Setting next_dagrun for example_subdag_operator to 2022-01-01 00:00:00+00:00, run_after=2022-01-01 00:00:00+00:00
[2024-07-01T09:48:22.191-0400] {logging_mixin.py:188} INFO - [2024-07-01T09:48:22.190-0400] {dag.py:3954} INFO - Setting next_dagrun for example_subdag_operator.section-1 to None, run_after=None
[2024-07-01T09:48:22.191-0400] {logging_mixin.py:188} INFO - [2024-07-01T09:48:22.191-0400] {dag.py:3954} INFO - Setting next_dagrun for example_subdag_operator.section-2 to None, run_after=None
[2024-07-01T09:48:22.195-0400] {logging_mixin.py:188} INFO - [2024-07-01T09:48:22.195-0400] {dag.py:3096} INFO - Sync 2 DAGs
[2024-07-01T09:48:22.197-0400] {logging_mixin.py:188} INFO - [2024-07-01T09:48:22.197-0400] {dag.py:3954} INFO - Setting next_dagrun for example_subdag_operator.section-1 to None, run_after=None
[2024-07-01T09:48:22.197-0400] {logging_mixin.py:188} INFO - [2024-07-01T09:48:22.197-0400] {dag.py:3954} INFO - Setting next_dagrun for example_subdag_operator.section-2 to None, run_after=None
[2024-07-01T09:48:22.206-0400] {processor.py:183} INFO - Processing /Users/christophercunningham/airflow_workspace/data-flow/data_flow_env/lib/python3.12/site-packages/airflow/example_dags/example_subdag_operator.py took 0.140 seconds
[2024-07-01T09:50:10.229-0400] {processor.py:161} INFO - Started process (PID=15694) to work on /Users/christophercunningham/airflow_workspace/data-flow/data_flow_env/lib/python3.12/site-packages/airflow/example_dags/example_subdag_operator.py
[2024-07-01T09:50:10.230-0400] {processor.py:830} INFO - Processing file /Users/christophercunningham/airflow_workspace/data-flow/data_flow_env/lib/python3.12/site-packages/airflow/example_dags/example_subdag_operator.py for tasks to queue
[2024-07-01T09:50:10.231-0400] {logging_mixin.py:188} INFO - [2024-07-01T09:50:10.230-0400] {dagbag.py:545} INFO - Filling up the DagBag from /Users/christophercunningham/airflow_workspace/data-flow/data_flow_env/lib/python3.12/site-packages/airflow/example_dags/example_subdag_operator.py
[2024-07-01T09:50:10.302-0400] {processor.py:840} INFO - DAG(s) 'example_subdag_operator.section-1', 'example_subdag_operator.section-2', 'example_subdag_operator' retrieved from /Users/christophercunningham/airflow_workspace/data-flow/data_flow_env/lib/python3.12/site-packages/airflow/example_dags/example_subdag_operator.py
[2024-07-01T09:50:10.339-0400] {logging_mixin.py:188} INFO - [2024-07-01T09:50:10.338-0400] {dag.py:3096} INFO - Sync 3 DAGs
[2024-07-01T09:50:10.350-0400] {logging_mixin.py:188} INFO - [2024-07-01T09:50:10.350-0400] {dag.py:3954} INFO - Setting next_dagrun for example_subdag_operator to 2022-01-01 00:00:00+00:00, run_after=2022-01-01 00:00:00+00:00
[2024-07-01T09:50:10.352-0400] {logging_mixin.py:188} INFO - [2024-07-01T09:50:10.352-0400] {dag.py:3954} INFO - Setting next_dagrun for example_subdag_operator.section-1 to None, run_after=None
[2024-07-01T09:50:10.353-0400] {logging_mixin.py:188} INFO - [2024-07-01T09:50:10.353-0400] {dag.py:3954} INFO - Setting next_dagrun for example_subdag_operator.section-2 to None, run_after=None
[2024-07-01T09:50:10.357-0400] {logging_mixin.py:188} INFO - [2024-07-01T09:50:10.357-0400] {dag.py:3096} INFO - Sync 2 DAGs
[2024-07-01T09:50:10.359-0400] {logging_mixin.py:188} INFO - [2024-07-01T09:50:10.359-0400] {dag.py:3954} INFO - Setting next_dagrun for example_subdag_operator.section-1 to None, run_after=None
[2024-07-01T09:50:10.360-0400] {logging_mixin.py:188} INFO - [2024-07-01T09:50:10.359-0400] {dag.py:3954} INFO - Setting next_dagrun for example_subdag_operator.section-2 to None, run_after=None
[2024-07-01T09:50:10.368-0400] {processor.py:183} INFO - Processing /Users/christophercunningham/airflow_workspace/data-flow/data_flow_env/lib/python3.12/site-packages/airflow/example_dags/example_subdag_operator.py took 0.144 seconds
[2024-07-01T09:51:58.693-0400] {processor.py:161} INFO - Started process (PID=15878) to work on /Users/christophercunningham/airflow_workspace/data-flow/data_flow_env/lib/python3.12/site-packages/airflow/example_dags/example_subdag_operator.py
[2024-07-01T09:51:58.695-0400] {processor.py:830} INFO - Processing file /Users/christophercunningham/airflow_workspace/data-flow/data_flow_env/lib/python3.12/site-packages/airflow/example_dags/example_subdag_operator.py for tasks to queue
[2024-07-01T09:51:58.696-0400] {logging_mixin.py:188} INFO - [2024-07-01T09:51:58.695-0400] {dagbag.py:545} INFO - Filling up the DagBag from /Users/christophercunningham/airflow_workspace/data-flow/data_flow_env/lib/python3.12/site-packages/airflow/example_dags/example_subdag_operator.py
[2024-07-01T09:51:58.776-0400] {processor.py:840} INFO - DAG(s) 'example_subdag_operator.section-1', 'example_subdag_operator.section-2', 'example_subdag_operator' retrieved from /Users/christophercunningham/airflow_workspace/data-flow/data_flow_env/lib/python3.12/site-packages/airflow/example_dags/example_subdag_operator.py
[2024-07-01T09:51:58.812-0400] {logging_mixin.py:188} INFO - [2024-07-01T09:51:58.811-0400] {dag.py:3096} INFO - Sync 3 DAGs
[2024-07-01T09:51:58.825-0400] {logging_mixin.py:188} INFO - [2024-07-01T09:51:58.825-0400] {dag.py:3954} INFO - Setting next_dagrun for example_subdag_operator to 2022-01-01 00:00:00+00:00, run_after=2022-01-01 00:00:00+00:00
[2024-07-01T09:51:58.827-0400] {logging_mixin.py:188} INFO - [2024-07-01T09:51:58.827-0400] {dag.py:3954} INFO - Setting next_dagrun for example_subdag_operator.section-1 to None, run_after=None
[2024-07-01T09:51:58.828-0400] {logging_mixin.py:188} INFO - [2024-07-01T09:51:58.828-0400] {dag.py:3954} INFO - Setting next_dagrun for example_subdag_operator.section-2 to None, run_after=None
[2024-07-01T09:51:58.833-0400] {logging_mixin.py:188} INFO - [2024-07-01T09:51:58.833-0400] {dag.py:3096} INFO - Sync 2 DAGs
[2024-07-01T09:51:58.836-0400] {logging_mixin.py:188} INFO - [2024-07-01T09:51:58.836-0400] {dag.py:3954} INFO - Setting next_dagrun for example_subdag_operator.section-1 to None, run_after=None
[2024-07-01T09:51:58.836-0400] {logging_mixin.py:188} INFO - [2024-07-01T09:51:58.836-0400] {dag.py:3954} INFO - Setting next_dagrun for example_subdag_operator.section-2 to None, run_after=None
[2024-07-01T09:51:58.846-0400] {processor.py:183} INFO - Processing /Users/christophercunningham/airflow_workspace/data-flow/data_flow_env/lib/python3.12/site-packages/airflow/example_dags/example_subdag_operator.py took 0.155 seconds
[2024-07-01T09:53:40.351-0400] {processor.py:161} INFO - Started process (PID=16042) to work on /Users/christophercunningham/airflow_workspace/data-flow/data_flow_env/lib/python3.12/site-packages/airflow/example_dags/example_subdag_operator.py
[2024-07-01T09:53:40.353-0400] {processor.py:830} INFO - Processing file /Users/christophercunningham/airflow_workspace/data-flow/data_flow_env/lib/python3.12/site-packages/airflow/example_dags/example_subdag_operator.py for tasks to queue
[2024-07-01T09:53:40.353-0400] {logging_mixin.py:188} INFO - [2024-07-01T09:53:40.353-0400] {dagbag.py:545} INFO - Filling up the DagBag from /Users/christophercunningham/airflow_workspace/data-flow/data_flow_env/lib/python3.12/site-packages/airflow/example_dags/example_subdag_operator.py
[2024-07-01T09:53:40.428-0400] {processor.py:840} INFO - DAG(s) 'example_subdag_operator.section-1', 'example_subdag_operator.section-2', 'example_subdag_operator' retrieved from /Users/christophercunningham/airflow_workspace/data-flow/data_flow_env/lib/python3.12/site-packages/airflow/example_dags/example_subdag_operator.py
[2024-07-01T09:53:40.459-0400] {logging_mixin.py:188} INFO - [2024-07-01T09:53:40.459-0400] {dag.py:3096} INFO - Sync 3 DAGs
[2024-07-01T09:53:40.472-0400] {logging_mixin.py:188} INFO - [2024-07-01T09:53:40.472-0400] {dag.py:3954} INFO - Setting next_dagrun for example_subdag_operator to 2022-01-01 00:00:00+00:00, run_after=2022-01-01 00:00:00+00:00
[2024-07-01T09:53:40.474-0400] {logging_mixin.py:188} INFO - [2024-07-01T09:53:40.474-0400] {dag.py:3954} INFO - Setting next_dagrun for example_subdag_operator.section-1 to None, run_after=None
[2024-07-01T09:53:40.475-0400] {logging_mixin.py:188} INFO - [2024-07-01T09:53:40.475-0400] {dag.py:3954} INFO - Setting next_dagrun for example_subdag_operator.section-2 to None, run_after=None
[2024-07-01T09:53:40.479-0400] {logging_mixin.py:188} INFO - [2024-07-01T09:53:40.479-0400] {dag.py:3096} INFO - Sync 2 DAGs
[2024-07-01T09:53:40.482-0400] {logging_mixin.py:188} INFO - [2024-07-01T09:53:40.482-0400] {dag.py:3954} INFO - Setting next_dagrun for example_subdag_operator.section-1 to None, run_after=None
[2024-07-01T09:53:40.483-0400] {logging_mixin.py:188} INFO - [2024-07-01T09:53:40.482-0400] {dag.py:3954} INFO - Setting next_dagrun for example_subdag_operator.section-2 to None, run_after=None
[2024-07-01T09:53:40.492-0400] {processor.py:183} INFO - Processing /Users/christophercunningham/airflow_workspace/data-flow/data_flow_env/lib/python3.12/site-packages/airflow/example_dags/example_subdag_operator.py took 0.146 seconds
[2024-07-01T09:55:20.574-0400] {processor.py:161} INFO - Started process (PID=16268) to work on /Users/christophercunningham/airflow_workspace/data-flow/data_flow_env/lib/python3.12/site-packages/airflow/example_dags/example_subdag_operator.py
[2024-07-01T09:55:20.576-0400] {processor.py:830} INFO - Processing file /Users/christophercunningham/airflow_workspace/data-flow/data_flow_env/lib/python3.12/site-packages/airflow/example_dags/example_subdag_operator.py for tasks to queue
[2024-07-01T09:55:20.577-0400] {logging_mixin.py:188} INFO - [2024-07-01T09:55:20.577-0400] {dagbag.py:545} INFO - Filling up the DagBag from /Users/christophercunningham/airflow_workspace/data-flow/data_flow_env/lib/python3.12/site-packages/airflow/example_dags/example_subdag_operator.py
[2024-07-01T09:55:20.647-0400] {processor.py:840} INFO - DAG(s) 'example_subdag_operator.section-1', 'example_subdag_operator.section-2', 'example_subdag_operator' retrieved from /Users/christophercunningham/airflow_workspace/data-flow/data_flow_env/lib/python3.12/site-packages/airflow/example_dags/example_subdag_operator.py
[2024-07-01T09:55:20.678-0400] {logging_mixin.py:188} INFO - [2024-07-01T09:55:20.678-0400] {dag.py:3096} INFO - Sync 3 DAGs
[2024-07-01T09:55:20.689-0400] {logging_mixin.py:188} INFO - [2024-07-01T09:55:20.689-0400] {dag.py:3954} INFO - Setting next_dagrun for example_subdag_operator to 2022-01-01 00:00:00+00:00, run_after=2022-01-01 00:00:00+00:00
[2024-07-01T09:55:20.691-0400] {logging_mixin.py:188} INFO - [2024-07-01T09:55:20.691-0400] {dag.py:3954} INFO - Setting next_dagrun for example_subdag_operator.section-1 to None, run_after=None
[2024-07-01T09:55:20.692-0400] {logging_mixin.py:188} INFO - [2024-07-01T09:55:20.692-0400] {dag.py:3954} INFO - Setting next_dagrun for example_subdag_operator.section-2 to None, run_after=None
[2024-07-01T09:55:20.695-0400] {logging_mixin.py:188} INFO - [2024-07-01T09:55:20.695-0400] {dag.py:3096} INFO - Sync 2 DAGs
[2024-07-01T09:55:20.698-0400] {logging_mixin.py:188} INFO - [2024-07-01T09:55:20.697-0400] {dag.py:3954} INFO - Setting next_dagrun for example_subdag_operator.section-1 to None, run_after=None
[2024-07-01T09:55:20.698-0400] {logging_mixin.py:188} INFO - [2024-07-01T09:55:20.698-0400] {dag.py:3954} INFO - Setting next_dagrun for example_subdag_operator.section-2 to None, run_after=None
[2024-07-01T09:55:20.706-0400] {processor.py:183} INFO - Processing /Users/christophercunningham/airflow_workspace/data-flow/data_flow_env/lib/python3.12/site-packages/airflow/example_dags/example_subdag_operator.py took 0.137 seconds
[2024-07-01T09:57:01.633-0400] {processor.py:161} INFO - Started process (PID=16476) to work on /Users/christophercunningham/airflow_workspace/data-flow/data_flow_env/lib/python3.12/site-packages/airflow/example_dags/example_subdag_operator.py
[2024-07-01T09:57:01.633-0400] {processor.py:830} INFO - Processing file /Users/christophercunningham/airflow_workspace/data-flow/data_flow_env/lib/python3.12/site-packages/airflow/example_dags/example_subdag_operator.py for tasks to queue
[2024-07-01T09:57:01.634-0400] {logging_mixin.py:188} INFO - [2024-07-01T09:57:01.634-0400] {dagbag.py:545} INFO - Filling up the DagBag from /Users/christophercunningham/airflow_workspace/data-flow/data_flow_env/lib/python3.12/site-packages/airflow/example_dags/example_subdag_operator.py
[2024-07-01T09:57:01.711-0400] {processor.py:840} INFO - DAG(s) 'example_subdag_operator.section-1', 'example_subdag_operator.section-2', 'example_subdag_operator' retrieved from /Users/christophercunningham/airflow_workspace/data-flow/data_flow_env/lib/python3.12/site-packages/airflow/example_dags/example_subdag_operator.py
[2024-07-01T09:57:01.743-0400] {logging_mixin.py:188} INFO - [2024-07-01T09:57:01.742-0400] {dag.py:3096} INFO - Sync 3 DAGs
[2024-07-01T09:57:01.755-0400] {logging_mixin.py:188} INFO - [2024-07-01T09:57:01.755-0400] {dag.py:3954} INFO - Setting next_dagrun for example_subdag_operator to 2022-01-01 00:00:00+00:00, run_after=2022-01-01 00:00:00+00:00
[2024-07-01T09:57:01.757-0400] {logging_mixin.py:188} INFO - [2024-07-01T09:57:01.757-0400] {dag.py:3954} INFO - Setting next_dagrun for example_subdag_operator.section-1 to None, run_after=None
[2024-07-01T09:57:01.758-0400] {logging_mixin.py:188} INFO - [2024-07-01T09:57:01.758-0400] {dag.py:3954} INFO - Setting next_dagrun for example_subdag_operator.section-2 to None, run_after=None
[2024-07-01T09:57:01.762-0400] {logging_mixin.py:188} INFO - [2024-07-01T09:57:01.762-0400] {dag.py:3096} INFO - Sync 2 DAGs
[2024-07-01T09:57:01.765-0400] {logging_mixin.py:188} INFO - [2024-07-01T09:57:01.764-0400] {dag.py:3954} INFO - Setting next_dagrun for example_subdag_operator.section-1 to None, run_after=None
[2024-07-01T09:57:01.765-0400] {logging_mixin.py:188} INFO - [2024-07-01T09:57:01.765-0400] {dag.py:3954} INFO - Setting next_dagrun for example_subdag_operator.section-2 to None, run_after=None
[2024-07-01T09:57:01.774-0400] {processor.py:183} INFO - Processing /Users/christophercunningham/airflow_workspace/data-flow/data_flow_env/lib/python3.12/site-packages/airflow/example_dags/example_subdag_operator.py took 0.146 seconds
[2024-07-01T09:58:44.170-0400] {processor.py:161} INFO - Started process (PID=16699) to work on /Users/christophercunningham/airflow_workspace/data-flow/data_flow_env/lib/python3.12/site-packages/airflow/example_dags/example_subdag_operator.py
[2024-07-01T09:58:44.171-0400] {processor.py:830} INFO - Processing file /Users/christophercunningham/airflow_workspace/data-flow/data_flow_env/lib/python3.12/site-packages/airflow/example_dags/example_subdag_operator.py for tasks to queue
[2024-07-01T09:58:44.172-0400] {logging_mixin.py:188} INFO - [2024-07-01T09:58:44.171-0400] {dagbag.py:545} INFO - Filling up the DagBag from /Users/christophercunningham/airflow_workspace/data-flow/data_flow_env/lib/python3.12/site-packages/airflow/example_dags/example_subdag_operator.py
[2024-07-01T09:58:44.253-0400] {processor.py:840} INFO - DAG(s) 'example_subdag_operator.section-1', 'example_subdag_operator.section-2', 'example_subdag_operator' retrieved from /Users/christophercunningham/airflow_workspace/data-flow/data_flow_env/lib/python3.12/site-packages/airflow/example_dags/example_subdag_operator.py
[2024-07-01T09:58:44.289-0400] {logging_mixin.py:188} INFO - [2024-07-01T09:58:44.288-0400] {dag.py:3096} INFO - Sync 3 DAGs
[2024-07-01T09:58:44.301-0400] {logging_mixin.py:188} INFO - [2024-07-01T09:58:44.301-0400] {dag.py:3954} INFO - Setting next_dagrun for example_subdag_operator to 2022-01-01 00:00:00+00:00, run_after=2022-01-01 00:00:00+00:00
[2024-07-01T09:58:44.303-0400] {logging_mixin.py:188} INFO - [2024-07-01T09:58:44.303-0400] {dag.py:3954} INFO - Setting next_dagrun for example_subdag_operator.section-1 to None, run_after=None
[2024-07-01T09:58:44.304-0400] {logging_mixin.py:188} INFO - [2024-07-01T09:58:44.304-0400] {dag.py:3954} INFO - Setting next_dagrun for example_subdag_operator.section-2 to None, run_after=None
[2024-07-01T09:58:44.308-0400] {logging_mixin.py:188} INFO - [2024-07-01T09:58:44.308-0400] {dag.py:3096} INFO - Sync 2 DAGs
[2024-07-01T09:58:44.311-0400] {logging_mixin.py:188} INFO - [2024-07-01T09:58:44.311-0400] {dag.py:3954} INFO - Setting next_dagrun for example_subdag_operator.section-1 to None, run_after=None
[2024-07-01T09:58:44.311-0400] {logging_mixin.py:188} INFO - [2024-07-01T09:58:44.311-0400] {dag.py:3954} INFO - Setting next_dagrun for example_subdag_operator.section-2 to None, run_after=None
[2024-07-01T09:58:44.320-0400] {processor.py:183} INFO - Processing /Users/christophercunningham/airflow_workspace/data-flow/data_flow_env/lib/python3.12/site-packages/airflow/example_dags/example_subdag_operator.py took 0.154 seconds
[2024-07-01T10:00:26.787-0400] {processor.py:161} INFO - Started process (PID=16965) to work on /Users/christophercunningham/airflow_workspace/data-flow/data_flow_env/lib/python3.12/site-packages/airflow/example_dags/example_subdag_operator.py
[2024-07-01T10:00:26.788-0400] {processor.py:830} INFO - Processing file /Users/christophercunningham/airflow_workspace/data-flow/data_flow_env/lib/python3.12/site-packages/airflow/example_dags/example_subdag_operator.py for tasks to queue
[2024-07-01T10:00:26.788-0400] {logging_mixin.py:188} INFO - [2024-07-01T10:00:26.788-0400] {dagbag.py:545} INFO - Filling up the DagBag from /Users/christophercunningham/airflow_workspace/data-flow/data_flow_env/lib/python3.12/site-packages/airflow/example_dags/example_subdag_operator.py
[2024-07-01T10:00:26.860-0400] {processor.py:840} INFO - DAG(s) 'example_subdag_operator.section-1', 'example_subdag_operator.section-2', 'example_subdag_operator' retrieved from /Users/christophercunningham/airflow_workspace/data-flow/data_flow_env/lib/python3.12/site-packages/airflow/example_dags/example_subdag_operator.py
[2024-07-01T10:00:26.892-0400] {logging_mixin.py:188} INFO - [2024-07-01T10:00:26.892-0400] {dag.py:3096} INFO - Sync 3 DAGs
[2024-07-01T10:00:26.904-0400] {logging_mixin.py:188} INFO - [2024-07-01T10:00:26.903-0400] {dag.py:3954} INFO - Setting next_dagrun for example_subdag_operator to 2022-01-01 00:00:00+00:00, run_after=2022-01-01 00:00:00+00:00
[2024-07-01T10:00:26.906-0400] {logging_mixin.py:188} INFO - [2024-07-01T10:00:26.906-0400] {dag.py:3954} INFO - Setting next_dagrun for example_subdag_operator.section-1 to None, run_after=None
[2024-07-01T10:00:26.906-0400] {logging_mixin.py:188} INFO - [2024-07-01T10:00:26.906-0400] {dag.py:3954} INFO - Setting next_dagrun for example_subdag_operator.section-2 to None, run_after=None
[2024-07-01T10:00:26.910-0400] {logging_mixin.py:188} INFO - [2024-07-01T10:00:26.910-0400] {dag.py:3096} INFO - Sync 2 DAGs
[2024-07-01T10:00:26.912-0400] {logging_mixin.py:188} INFO - [2024-07-01T10:00:26.912-0400] {dag.py:3954} INFO - Setting next_dagrun for example_subdag_operator.section-1 to None, run_after=None
[2024-07-01T10:00:26.913-0400] {logging_mixin.py:188} INFO - [2024-07-01T10:00:26.912-0400] {dag.py:3954} INFO - Setting next_dagrun for example_subdag_operator.section-2 to None, run_after=None
[2024-07-01T10:00:26.920-0400] {processor.py:183} INFO - Processing /Users/christophercunningham/airflow_workspace/data-flow/data_flow_env/lib/python3.12/site-packages/airflow/example_dags/example_subdag_operator.py took 0.138 seconds
[2024-07-01T10:02:09.283-0400] {processor.py:161} INFO - Started process (PID=17171) to work on /Users/christophercunningham/airflow_workspace/data-flow/data_flow_env/lib/python3.12/site-packages/airflow/example_dags/example_subdag_operator.py
[2024-07-01T10:02:09.284-0400] {processor.py:830} INFO - Processing file /Users/christophercunningham/airflow_workspace/data-flow/data_flow_env/lib/python3.12/site-packages/airflow/example_dags/example_subdag_operator.py for tasks to queue
[2024-07-01T10:02:09.284-0400] {logging_mixin.py:188} INFO - [2024-07-01T10:02:09.284-0400] {dagbag.py:545} INFO - Filling up the DagBag from /Users/christophercunningham/airflow_workspace/data-flow/data_flow_env/lib/python3.12/site-packages/airflow/example_dags/example_subdag_operator.py
[2024-07-01T10:02:09.360-0400] {processor.py:840} INFO - DAG(s) 'example_subdag_operator.section-1', 'example_subdag_operator.section-2', 'example_subdag_operator' retrieved from /Users/christophercunningham/airflow_workspace/data-flow/data_flow_env/lib/python3.12/site-packages/airflow/example_dags/example_subdag_operator.py
[2024-07-01T10:02:09.391-0400] {logging_mixin.py:188} INFO - [2024-07-01T10:02:09.391-0400] {dag.py:3096} INFO - Sync 3 DAGs
[2024-07-01T10:02:09.404-0400] {logging_mixin.py:188} INFO - [2024-07-01T10:02:09.404-0400] {dag.py:3954} INFO - Setting next_dagrun for example_subdag_operator to 2022-01-01 00:00:00+00:00, run_after=2022-01-01 00:00:00+00:00
[2024-07-01T10:02:09.406-0400] {logging_mixin.py:188} INFO - [2024-07-01T10:02:09.406-0400] {dag.py:3954} INFO - Setting next_dagrun for example_subdag_operator.section-1 to None, run_after=None
[2024-07-01T10:02:09.407-0400] {logging_mixin.py:188} INFO - [2024-07-01T10:02:09.407-0400] {dag.py:3954} INFO - Setting next_dagrun for example_subdag_operator.section-2 to None, run_after=None
[2024-07-01T10:02:09.411-0400] {logging_mixin.py:188} INFO - [2024-07-01T10:02:09.411-0400] {dag.py:3096} INFO - Sync 2 DAGs
[2024-07-01T10:02:09.414-0400] {logging_mixin.py:188} INFO - [2024-07-01T10:02:09.414-0400] {dag.py:3954} INFO - Setting next_dagrun for example_subdag_operator.section-1 to None, run_after=None
[2024-07-01T10:02:09.415-0400] {logging_mixin.py:188} INFO - [2024-07-01T10:02:09.415-0400] {dag.py:3954} INFO - Setting next_dagrun for example_subdag_operator.section-2 to None, run_after=None
[2024-07-01T10:02:09.424-0400] {processor.py:183} INFO - Processing /Users/christophercunningham/airflow_workspace/data-flow/data_flow_env/lib/python3.12/site-packages/airflow/example_dags/example_subdag_operator.py took 0.146 seconds
[2024-07-01T10:03:55.784-0400] {processor.py:161} INFO - Started process (PID=17386) to work on /Users/christophercunningham/airflow_workspace/data-flow/data_flow_env/lib/python3.12/site-packages/airflow/example_dags/example_subdag_operator.py
[2024-07-01T10:03:55.786-0400] {processor.py:830} INFO - Processing file /Users/christophercunningham/airflow_workspace/data-flow/data_flow_env/lib/python3.12/site-packages/airflow/example_dags/example_subdag_operator.py for tasks to queue
[2024-07-01T10:03:55.786-0400] {logging_mixin.py:188} INFO - [2024-07-01T10:03:55.786-0400] {dagbag.py:545} INFO - Filling up the DagBag from /Users/christophercunningham/airflow_workspace/data-flow/data_flow_env/lib/python3.12/site-packages/airflow/example_dags/example_subdag_operator.py
[2024-07-01T10:03:55.864-0400] {processor.py:840} INFO - DAG(s) 'example_subdag_operator.section-1', 'example_subdag_operator.section-2', 'example_subdag_operator' retrieved from /Users/christophercunningham/airflow_workspace/data-flow/data_flow_env/lib/python3.12/site-packages/airflow/example_dags/example_subdag_operator.py
[2024-07-01T10:03:55.894-0400] {logging_mixin.py:188} INFO - [2024-07-01T10:03:55.894-0400] {dag.py:3096} INFO - Sync 3 DAGs
[2024-07-01T10:03:55.908-0400] {logging_mixin.py:188} INFO - [2024-07-01T10:03:55.907-0400] {dag.py:3954} INFO - Setting next_dagrun for example_subdag_operator to 2022-01-01 00:00:00+00:00, run_after=2022-01-01 00:00:00+00:00
[2024-07-01T10:03:55.910-0400] {logging_mixin.py:188} INFO - [2024-07-01T10:03:55.910-0400] {dag.py:3954} INFO - Setting next_dagrun for example_subdag_operator.section-1 to None, run_after=None
[2024-07-01T10:03:55.911-0400] {logging_mixin.py:188} INFO - [2024-07-01T10:03:55.911-0400] {dag.py:3954} INFO - Setting next_dagrun for example_subdag_operator.section-2 to None, run_after=None
[2024-07-01T10:03:55.915-0400] {logging_mixin.py:188} INFO - [2024-07-01T10:03:55.915-0400] {dag.py:3096} INFO - Sync 2 DAGs
[2024-07-01T10:03:55.918-0400] {logging_mixin.py:188} INFO - [2024-07-01T10:03:55.917-0400] {dag.py:3954} INFO - Setting next_dagrun for example_subdag_operator.section-1 to None, run_after=None
[2024-07-01T10:03:55.918-0400] {logging_mixin.py:188} INFO - [2024-07-01T10:03:55.918-0400] {dag.py:3954} INFO - Setting next_dagrun for example_subdag_operator.section-2 to None, run_after=None
[2024-07-01T10:03:55.928-0400] {processor.py:183} INFO - Processing /Users/christophercunningham/airflow_workspace/data-flow/data_flow_env/lib/python3.12/site-packages/airflow/example_dags/example_subdag_operator.py took 0.149 seconds
[2024-07-01T10:05:46.971-0400] {processor.py:161} INFO - Started process (PID=17619) to work on /Users/christophercunningham/airflow_workspace/data-flow/data_flow_env/lib/python3.12/site-packages/airflow/example_dags/example_subdag_operator.py
[2024-07-01T10:05:46.973-0400] {processor.py:830} INFO - Processing file /Users/christophercunningham/airflow_workspace/data-flow/data_flow_env/lib/python3.12/site-packages/airflow/example_dags/example_subdag_operator.py for tasks to queue
[2024-07-01T10:05:46.974-0400] {logging_mixin.py:188} INFO - [2024-07-01T10:05:46.973-0400] {dagbag.py:545} INFO - Filling up the DagBag from /Users/christophercunningham/airflow_workspace/data-flow/data_flow_env/lib/python3.12/site-packages/airflow/example_dags/example_subdag_operator.py
[2024-07-01T10:05:47.054-0400] {processor.py:840} INFO - DAG(s) 'example_subdag_operator.section-1', 'example_subdag_operator.section-2', 'example_subdag_operator' retrieved from /Users/christophercunningham/airflow_workspace/data-flow/data_flow_env/lib/python3.12/site-packages/airflow/example_dags/example_subdag_operator.py
[2024-07-01T10:05:47.088-0400] {logging_mixin.py:188} INFO - [2024-07-01T10:05:47.088-0400] {dag.py:3096} INFO - Sync 3 DAGs
[2024-07-01T10:05:47.100-0400] {logging_mixin.py:188} INFO - [2024-07-01T10:05:47.100-0400] {dag.py:3954} INFO - Setting next_dagrun for example_subdag_operator to 2022-01-01 00:00:00+00:00, run_after=2022-01-01 00:00:00+00:00
[2024-07-01T10:05:47.102-0400] {logging_mixin.py:188} INFO - [2024-07-01T10:05:47.102-0400] {dag.py:3954} INFO - Setting next_dagrun for example_subdag_operator.section-1 to None, run_after=None
[2024-07-01T10:05:47.103-0400] {logging_mixin.py:188} INFO - [2024-07-01T10:05:47.103-0400] {dag.py:3954} INFO - Setting next_dagrun for example_subdag_operator.section-2 to None, run_after=None
[2024-07-01T10:05:47.106-0400] {logging_mixin.py:188} INFO - [2024-07-01T10:05:47.106-0400] {dag.py:3096} INFO - Sync 2 DAGs
[2024-07-01T10:05:47.109-0400] {logging_mixin.py:188} INFO - [2024-07-01T10:05:47.109-0400] {dag.py:3954} INFO - Setting next_dagrun for example_subdag_operator.section-1 to None, run_after=None
[2024-07-01T10:05:47.109-0400] {logging_mixin.py:188} INFO - [2024-07-01T10:05:47.109-0400] {dag.py:3954} INFO - Setting next_dagrun for example_subdag_operator.section-2 to None, run_after=None
[2024-07-01T10:05:47.119-0400] {processor.py:183} INFO - Processing /Users/christophercunningham/airflow_workspace/data-flow/data_flow_env/lib/python3.12/site-packages/airflow/example_dags/example_subdag_operator.py took 0.153 seconds
[2024-07-01T10:07:37.022-0400] {processor.py:161} INFO - Started process (PID=17851) to work on /Users/christophercunningham/airflow_workspace/data-flow/data_flow_env/lib/python3.12/site-packages/airflow/example_dags/example_subdag_operator.py
[2024-07-01T10:07:37.023-0400] {processor.py:830} INFO - Processing file /Users/christophercunningham/airflow_workspace/data-flow/data_flow_env/lib/python3.12/site-packages/airflow/example_dags/example_subdag_operator.py for tasks to queue
[2024-07-01T10:07:37.024-0400] {logging_mixin.py:188} INFO - [2024-07-01T10:07:37.023-0400] {dagbag.py:545} INFO - Filling up the DagBag from /Users/christophercunningham/airflow_workspace/data-flow/data_flow_env/lib/python3.12/site-packages/airflow/example_dags/example_subdag_operator.py
[2024-07-01T10:07:37.102-0400] {processor.py:840} INFO - DAG(s) 'example_subdag_operator.section-1', 'example_subdag_operator.section-2', 'example_subdag_operator' retrieved from /Users/christophercunningham/airflow_workspace/data-flow/data_flow_env/lib/python3.12/site-packages/airflow/example_dags/example_subdag_operator.py
[2024-07-01T10:07:37.133-0400] {logging_mixin.py:188} INFO - [2024-07-01T10:07:37.133-0400] {dag.py:3096} INFO - Sync 3 DAGs
[2024-07-01T10:07:37.145-0400] {logging_mixin.py:188} INFO - [2024-07-01T10:07:37.145-0400] {dag.py:3954} INFO - Setting next_dagrun for example_subdag_operator to 2022-01-01 00:00:00+00:00, run_after=2022-01-01 00:00:00+00:00
[2024-07-01T10:07:37.147-0400] {logging_mixin.py:188} INFO - [2024-07-01T10:07:37.147-0400] {dag.py:3954} INFO - Setting next_dagrun for example_subdag_operator.section-1 to None, run_after=None
[2024-07-01T10:07:37.148-0400] {logging_mixin.py:188} INFO - [2024-07-01T10:07:37.148-0400] {dag.py:3954} INFO - Setting next_dagrun for example_subdag_operator.section-2 to None, run_after=None
[2024-07-01T10:07:37.152-0400] {logging_mixin.py:188} INFO - [2024-07-01T10:07:37.152-0400] {dag.py:3096} INFO - Sync 2 DAGs
[2024-07-01T10:07:37.154-0400] {logging_mixin.py:188} INFO - [2024-07-01T10:07:37.154-0400] {dag.py:3954} INFO - Setting next_dagrun for example_subdag_operator.section-1 to None, run_after=None
[2024-07-01T10:07:37.155-0400] {logging_mixin.py:188} INFO - [2024-07-01T10:07:37.155-0400] {dag.py:3954} INFO - Setting next_dagrun for example_subdag_operator.section-2 to None, run_after=None
[2024-07-01T10:07:37.163-0400] {processor.py:183} INFO - Processing /Users/christophercunningham/airflow_workspace/data-flow/data_flow_env/lib/python3.12/site-packages/airflow/example_dags/example_subdag_operator.py took 0.147 seconds
[2024-07-01T10:09:23.822-0400] {processor.py:161} INFO - Started process (PID=18069) to work on /Users/christophercunningham/airflow_workspace/data-flow/data_flow_env/lib/python3.12/site-packages/airflow/example_dags/example_subdag_operator.py
[2024-07-01T10:09:23.823-0400] {processor.py:830} INFO - Processing file /Users/christophercunningham/airflow_workspace/data-flow/data_flow_env/lib/python3.12/site-packages/airflow/example_dags/example_subdag_operator.py for tasks to queue
[2024-07-01T10:09:23.823-0400] {logging_mixin.py:188} INFO - [2024-07-01T10:09:23.823-0400] {dagbag.py:545} INFO - Filling up the DagBag from /Users/christophercunningham/airflow_workspace/data-flow/data_flow_env/lib/python3.12/site-packages/airflow/example_dags/example_subdag_operator.py
[2024-07-01T10:09:23.893-0400] {processor.py:840} INFO - DAG(s) 'example_subdag_operator.section-1', 'example_subdag_operator.section-2', 'example_subdag_operator' retrieved from /Users/christophercunningham/airflow_workspace/data-flow/data_flow_env/lib/python3.12/site-packages/airflow/example_dags/example_subdag_operator.py
[2024-07-01T10:09:23.923-0400] {logging_mixin.py:188} INFO - [2024-07-01T10:09:23.923-0400] {dag.py:3096} INFO - Sync 3 DAGs
[2024-07-01T10:09:23.934-0400] {logging_mixin.py:188} INFO - [2024-07-01T10:09:23.934-0400] {dag.py:3954} INFO - Setting next_dagrun for example_subdag_operator to 2022-01-01 00:00:00+00:00, run_after=2022-01-01 00:00:00+00:00
[2024-07-01T10:09:23.937-0400] {logging_mixin.py:188} INFO - [2024-07-01T10:09:23.936-0400] {dag.py:3954} INFO - Setting next_dagrun for example_subdag_operator.section-1 to None, run_after=None
[2024-07-01T10:09:23.937-0400] {logging_mixin.py:188} INFO - [2024-07-01T10:09:23.937-0400] {dag.py:3954} INFO - Setting next_dagrun for example_subdag_operator.section-2 to None, run_after=None
[2024-07-01T10:09:23.941-0400] {logging_mixin.py:188} INFO - [2024-07-01T10:09:23.941-0400] {dag.py:3096} INFO - Sync 2 DAGs
[2024-07-01T10:09:23.943-0400] {logging_mixin.py:188} INFO - [2024-07-01T10:09:23.943-0400] {dag.py:3954} INFO - Setting next_dagrun for example_subdag_operator.section-1 to None, run_after=None
[2024-07-01T10:09:23.943-0400] {logging_mixin.py:188} INFO - [2024-07-01T10:09:23.943-0400] {dag.py:3954} INFO - Setting next_dagrun for example_subdag_operator.section-2 to None, run_after=None
[2024-07-01T10:09:23.952-0400] {processor.py:183} INFO - Processing /Users/christophercunningham/airflow_workspace/data-flow/data_flow_env/lib/python3.12/site-packages/airflow/example_dags/example_subdag_operator.py took 0.135 seconds
[2024-07-01T10:11:06.513-0400] {processor.py:161} INFO - Started process (PID=18324) to work on /Users/christophercunningham/airflow_workspace/data-flow/data_flow_env/lib/python3.12/site-packages/airflow/example_dags/example_subdag_operator.py
[2024-07-01T10:11:06.514-0400] {processor.py:830} INFO - Processing file /Users/christophercunningham/airflow_workspace/data-flow/data_flow_env/lib/python3.12/site-packages/airflow/example_dags/example_subdag_operator.py for tasks to queue
[2024-07-01T10:11:06.515-0400] {logging_mixin.py:188} INFO - [2024-07-01T10:11:06.515-0400] {dagbag.py:545} INFO - Filling up the DagBag from /Users/christophercunningham/airflow_workspace/data-flow/data_flow_env/lib/python3.12/site-packages/airflow/example_dags/example_subdag_operator.py
[2024-07-01T10:11:06.584-0400] {processor.py:840} INFO - DAG(s) 'example_subdag_operator.section-1', 'example_subdag_operator.section-2', 'example_subdag_operator' retrieved from /Users/christophercunningham/airflow_workspace/data-flow/data_flow_env/lib/python3.12/site-packages/airflow/example_dags/example_subdag_operator.py
[2024-07-01T10:11:06.614-0400] {logging_mixin.py:188} INFO - [2024-07-01T10:11:06.613-0400] {dag.py:3096} INFO - Sync 3 DAGs
[2024-07-01T10:11:06.637-0400] {logging_mixin.py:188} INFO - [2024-07-01T10:11:06.637-0400] {dag.py:3954} INFO - Setting next_dagrun for example_subdag_operator to 2022-01-01 00:00:00+00:00, run_after=2022-01-01 00:00:00+00:00
[2024-07-01T10:11:06.640-0400] {logging_mixin.py:188} INFO - [2024-07-01T10:11:06.640-0400] {dag.py:3954} INFO - Setting next_dagrun for example_subdag_operator.section-1 to None, run_after=None
[2024-07-01T10:11:06.641-0400] {logging_mixin.py:188} INFO - [2024-07-01T10:11:06.641-0400] {dag.py:3954} INFO - Setting next_dagrun for example_subdag_operator.section-2 to None, run_after=None
[2024-07-01T10:11:06.646-0400] {logging_mixin.py:188} INFO - [2024-07-01T10:11:06.645-0400] {dag.py:3096} INFO - Sync 2 DAGs
[2024-07-01T10:11:06.649-0400] {logging_mixin.py:188} INFO - [2024-07-01T10:11:06.648-0400] {dag.py:3954} INFO - Setting next_dagrun for example_subdag_operator.section-1 to None, run_after=None
[2024-07-01T10:11:06.649-0400] {logging_mixin.py:188} INFO - [2024-07-01T10:11:06.649-0400] {dag.py:3954} INFO - Setting next_dagrun for example_subdag_operator.section-2 to None, run_after=None
[2024-07-01T10:11:06.658-0400] {processor.py:183} INFO - Processing /Users/christophercunningham/airflow_workspace/data-flow/data_flow_env/lib/python3.12/site-packages/airflow/example_dags/example_subdag_operator.py took 0.151 seconds
[2024-07-01T10:12:46.082-0400] {processor.py:161} INFO - Started process (PID=18530) to work on /Users/christophercunningham/airflow_workspace/data-flow/data_flow_env/lib/python3.12/site-packages/airflow/example_dags/example_subdag_operator.py
[2024-07-01T10:12:46.083-0400] {processor.py:830} INFO - Processing file /Users/christophercunningham/airflow_workspace/data-flow/data_flow_env/lib/python3.12/site-packages/airflow/example_dags/example_subdag_operator.py for tasks to queue
[2024-07-01T10:12:46.084-0400] {logging_mixin.py:188} INFO - [2024-07-01T10:12:46.084-0400] {dagbag.py:545} INFO - Filling up the DagBag from /Users/christophercunningham/airflow_workspace/data-flow/data_flow_env/lib/python3.12/site-packages/airflow/example_dags/example_subdag_operator.py
[2024-07-01T10:12:46.154-0400] {processor.py:840} INFO - DAG(s) 'example_subdag_operator.section-1', 'example_subdag_operator.section-2', 'example_subdag_operator' retrieved from /Users/christophercunningham/airflow_workspace/data-flow/data_flow_env/lib/python3.12/site-packages/airflow/example_dags/example_subdag_operator.py
[2024-07-01T10:12:46.184-0400] {logging_mixin.py:188} INFO - [2024-07-01T10:12:46.184-0400] {dag.py:3096} INFO - Sync 3 DAGs
[2024-07-01T10:12:46.195-0400] {logging_mixin.py:188} INFO - [2024-07-01T10:12:46.195-0400] {dag.py:3954} INFO - Setting next_dagrun for example_subdag_operator to 2022-01-01 00:00:00+00:00, run_after=2022-01-01 00:00:00+00:00
[2024-07-01T10:12:46.197-0400] {logging_mixin.py:188} INFO - [2024-07-01T10:12:46.197-0400] {dag.py:3954} INFO - Setting next_dagrun for example_subdag_operator.section-1 to None, run_after=None
[2024-07-01T10:12:46.198-0400] {logging_mixin.py:188} INFO - [2024-07-01T10:12:46.197-0400] {dag.py:3954} INFO - Setting next_dagrun for example_subdag_operator.section-2 to None, run_after=None
[2024-07-01T10:12:46.201-0400] {logging_mixin.py:188} INFO - [2024-07-01T10:12:46.201-0400] {dag.py:3096} INFO - Sync 2 DAGs
[2024-07-01T10:12:46.203-0400] {logging_mixin.py:188} INFO - [2024-07-01T10:12:46.203-0400] {dag.py:3954} INFO - Setting next_dagrun for example_subdag_operator.section-1 to None, run_after=None
[2024-07-01T10:12:46.204-0400] {logging_mixin.py:188} INFO - [2024-07-01T10:12:46.204-0400] {dag.py:3954} INFO - Setting next_dagrun for example_subdag_operator.section-2 to None, run_after=None
[2024-07-01T10:12:46.212-0400] {processor.py:183} INFO - Processing /Users/christophercunningham/airflow_workspace/data-flow/data_flow_env/lib/python3.12/site-packages/airflow/example_dags/example_subdag_operator.py took 0.135 seconds
[2024-07-01T10:14:33.902-0400] {processor.py:161} INFO - Started process (PID=18790) to work on /Users/christophercunningham/airflow_workspace/data-flow/data_flow_env/lib/python3.12/site-packages/airflow/example_dags/example_subdag_operator.py
[2024-07-01T10:14:33.903-0400] {processor.py:830} INFO - Processing file /Users/christophercunningham/airflow_workspace/data-flow/data_flow_env/lib/python3.12/site-packages/airflow/example_dags/example_subdag_operator.py for tasks to queue
[2024-07-01T10:14:33.904-0400] {logging_mixin.py:188} INFO - [2024-07-01T10:14:33.904-0400] {dagbag.py:545} INFO - Filling up the DagBag from /Users/christophercunningham/airflow_workspace/data-flow/data_flow_env/lib/python3.12/site-packages/airflow/example_dags/example_subdag_operator.py
[2024-07-01T10:14:34.023-0400] {processor.py:840} INFO - DAG(s) 'example_subdag_operator.section-1', 'example_subdag_operator.section-2', 'example_subdag_operator' retrieved from /Users/christophercunningham/airflow_workspace/data-flow/data_flow_env/lib/python3.12/site-packages/airflow/example_dags/example_subdag_operator.py
[2024-07-01T10:14:34.076-0400] {logging_mixin.py:188} INFO - [2024-07-01T10:14:34.076-0400] {dag.py:3096} INFO - Sync 3 DAGs
[2024-07-01T10:14:34.093-0400] {logging_mixin.py:188} INFO - [2024-07-01T10:14:34.092-0400] {dag.py:3954} INFO - Setting next_dagrun for example_subdag_operator to 2022-01-01 00:00:00+00:00, run_after=2022-01-01 00:00:00+00:00
[2024-07-01T10:14:34.097-0400] {logging_mixin.py:188} INFO - [2024-07-01T10:14:34.097-0400] {dag.py:3954} INFO - Setting next_dagrun for example_subdag_operator.section-1 to None, run_after=None
[2024-07-01T10:14:34.098-0400] {logging_mixin.py:188} INFO - [2024-07-01T10:14:34.098-0400] {dag.py:3954} INFO - Setting next_dagrun for example_subdag_operator.section-2 to None, run_after=None
[2024-07-01T10:14:34.103-0400] {logging_mixin.py:188} INFO - [2024-07-01T10:14:34.103-0400] {dag.py:3096} INFO - Sync 2 DAGs
[2024-07-01T10:14:34.107-0400] {logging_mixin.py:188} INFO - [2024-07-01T10:14:34.107-0400] {dag.py:3954} INFO - Setting next_dagrun for example_subdag_operator.section-1 to None, run_after=None
[2024-07-01T10:14:34.107-0400] {logging_mixin.py:188} INFO - [2024-07-01T10:14:34.107-0400] {dag.py:3954} INFO - Setting next_dagrun for example_subdag_operator.section-2 to None, run_after=None
[2024-07-01T10:14:34.118-0400] {processor.py:183} INFO - Processing /Users/christophercunningham/airflow_workspace/data-flow/data_flow_env/lib/python3.12/site-packages/airflow/example_dags/example_subdag_operator.py took 0.221 seconds
[2024-07-01T10:16:20.166-0400] {processor.py:161} INFO - Started process (PID=19043) to work on /Users/christophercunningham/airflow_workspace/data-flow/data_flow_env/lib/python3.12/site-packages/airflow/example_dags/example_subdag_operator.py
[2024-07-01T10:16:20.167-0400] {processor.py:830} INFO - Processing file /Users/christophercunningham/airflow_workspace/data-flow/data_flow_env/lib/python3.12/site-packages/airflow/example_dags/example_subdag_operator.py for tasks to queue
[2024-07-01T10:16:20.168-0400] {logging_mixin.py:188} INFO - [2024-07-01T10:16:20.167-0400] {dagbag.py:545} INFO - Filling up the DagBag from /Users/christophercunningham/airflow_workspace/data-flow/data_flow_env/lib/python3.12/site-packages/airflow/example_dags/example_subdag_operator.py
[2024-07-01T10:16:20.242-0400] {processor.py:840} INFO - DAG(s) 'example_subdag_operator.section-1', 'example_subdag_operator.section-2', 'example_subdag_operator' retrieved from /Users/christophercunningham/airflow_workspace/data-flow/data_flow_env/lib/python3.12/site-packages/airflow/example_dags/example_subdag_operator.py
[2024-07-01T10:16:20.275-0400] {logging_mixin.py:188} INFO - [2024-07-01T10:16:20.274-0400] {dag.py:3096} INFO - Sync 3 DAGs
[2024-07-01T10:16:20.287-0400] {logging_mixin.py:188} INFO - [2024-07-01T10:16:20.286-0400] {dag.py:3954} INFO - Setting next_dagrun for example_subdag_operator to 2022-01-01 00:00:00+00:00, run_after=2022-01-01 00:00:00+00:00
[2024-07-01T10:16:20.289-0400] {logging_mixin.py:188} INFO - [2024-07-01T10:16:20.289-0400] {dag.py:3954} INFO - Setting next_dagrun for example_subdag_operator.section-1 to None, run_after=None
[2024-07-01T10:16:20.290-0400] {logging_mixin.py:188} INFO - [2024-07-01T10:16:20.289-0400] {dag.py:3954} INFO - Setting next_dagrun for example_subdag_operator.section-2 to None, run_after=None
[2024-07-01T10:16:20.293-0400] {logging_mixin.py:188} INFO - [2024-07-01T10:16:20.293-0400] {dag.py:3096} INFO - Sync 2 DAGs
[2024-07-01T10:16:20.296-0400] {logging_mixin.py:188} INFO - [2024-07-01T10:16:20.296-0400] {dag.py:3954} INFO - Setting next_dagrun for example_subdag_operator.section-1 to None, run_after=None
[2024-07-01T10:16:20.296-0400] {logging_mixin.py:188} INFO - [2024-07-01T10:16:20.296-0400] {dag.py:3954} INFO - Setting next_dagrun for example_subdag_operator.section-2 to None, run_after=None
[2024-07-01T10:16:20.305-0400] {processor.py:183} INFO - Processing /Users/christophercunningham/airflow_workspace/data-flow/data_flow_env/lib/python3.12/site-packages/airflow/example_dags/example_subdag_operator.py took 0.144 seconds
[2024-07-01T10:18:09.994-0400] {processor.py:161} INFO - Started process (PID=19248) to work on /Users/christophercunningham/airflow_workspace/data-flow/data_flow_env/lib/python3.12/site-packages/airflow/example_dags/example_subdag_operator.py
[2024-07-01T10:18:09.995-0400] {processor.py:830} INFO - Processing file /Users/christophercunningham/airflow_workspace/data-flow/data_flow_env/lib/python3.12/site-packages/airflow/example_dags/example_subdag_operator.py for tasks to queue
[2024-07-01T10:18:09.995-0400] {logging_mixin.py:188} INFO - [2024-07-01T10:18:09.995-0400] {dagbag.py:545} INFO - Filling up the DagBag from /Users/christophercunningham/airflow_workspace/data-flow/data_flow_env/lib/python3.12/site-packages/airflow/example_dags/example_subdag_operator.py
[2024-07-01T10:18:10.069-0400] {processor.py:840} INFO - DAG(s) 'example_subdag_operator.section-1', 'example_subdag_operator.section-2', 'example_subdag_operator' retrieved from /Users/christophercunningham/airflow_workspace/data-flow/data_flow_env/lib/python3.12/site-packages/airflow/example_dags/example_subdag_operator.py
[2024-07-01T10:18:10.101-0400] {logging_mixin.py:188} INFO - [2024-07-01T10:18:10.100-0400] {dag.py:3096} INFO - Sync 3 DAGs
[2024-07-01T10:18:10.112-0400] {logging_mixin.py:188} INFO - [2024-07-01T10:18:10.112-0400] {dag.py:3954} INFO - Setting next_dagrun for example_subdag_operator to 2022-01-01 00:00:00+00:00, run_after=2022-01-01 00:00:00+00:00
[2024-07-01T10:18:10.114-0400] {logging_mixin.py:188} INFO - [2024-07-01T10:18:10.114-0400] {dag.py:3954} INFO - Setting next_dagrun for example_subdag_operator.section-1 to None, run_after=None
[2024-07-01T10:18:10.115-0400] {logging_mixin.py:188} INFO - [2024-07-01T10:18:10.115-0400] {dag.py:3954} INFO - Setting next_dagrun for example_subdag_operator.section-2 to None, run_after=None
[2024-07-01T10:18:10.118-0400] {logging_mixin.py:188} INFO - [2024-07-01T10:18:10.118-0400] {dag.py:3096} INFO - Sync 2 DAGs
[2024-07-01T10:18:10.121-0400] {logging_mixin.py:188} INFO - [2024-07-01T10:18:10.121-0400] {dag.py:3954} INFO - Setting next_dagrun for example_subdag_operator.section-1 to None, run_after=None
[2024-07-01T10:18:10.121-0400] {logging_mixin.py:188} INFO - [2024-07-01T10:18:10.121-0400] {dag.py:3954} INFO - Setting next_dagrun for example_subdag_operator.section-2 to None, run_after=None
[2024-07-01T10:18:10.129-0400] {processor.py:183} INFO - Processing /Users/christophercunningham/airflow_workspace/data-flow/data_flow_env/lib/python3.12/site-packages/airflow/example_dags/example_subdag_operator.py took 0.139 seconds
[2024-07-01T10:39:26.255-0400] {processor.py:161} INFO - Started process (PID=21175) to work on /Users/christophercunningham/airflow_workspace/data-flow/data_flow_env/lib/python3.12/site-packages/airflow/example_dags/example_subdag_operator.py
[2024-07-01T10:39:26.257-0400] {processor.py:830} INFO - Processing file /Users/christophercunningham/airflow_workspace/data-flow/data_flow_env/lib/python3.12/site-packages/airflow/example_dags/example_subdag_operator.py for tasks to queue
[2024-07-01T10:39:26.258-0400] {logging_mixin.py:188} INFO - [2024-07-01T10:39:26.258-0400] {dagbag.py:545} INFO - Filling up the DagBag from /Users/christophercunningham/airflow_workspace/data-flow/data_flow_env/lib/python3.12/site-packages/airflow/example_dags/example_subdag_operator.py
[2024-07-01T10:39:26.328-0400] {processor.py:840} INFO - DAG(s) 'example_subdag_operator.section-1', 'example_subdag_operator.section-2', 'example_subdag_operator' retrieved from /Users/christophercunningham/airflow_workspace/data-flow/data_flow_env/lib/python3.12/site-packages/airflow/example_dags/example_subdag_operator.py
[2024-07-01T10:39:26.426-0400] {logging_mixin.py:188} INFO - [2024-07-01T10:39:26.426-0400] {dag.py:3096} INFO - Sync 3 DAGs
[2024-07-01T10:39:26.438-0400] {logging_mixin.py:188} INFO - [2024-07-01T10:39:26.438-0400] {dag.py:3954} INFO - Setting next_dagrun for example_subdag_operator to 2022-01-01 00:00:00+00:00, run_after=2022-01-01 00:00:00+00:00
[2024-07-01T10:39:26.440-0400] {logging_mixin.py:188} INFO - [2024-07-01T10:39:26.440-0400] {dag.py:3954} INFO - Setting next_dagrun for example_subdag_operator.section-1 to None, run_after=None
[2024-07-01T10:39:26.440-0400] {logging_mixin.py:188} INFO - [2024-07-01T10:39:26.440-0400] {dag.py:3954} INFO - Setting next_dagrun for example_subdag_operator.section-2 to None, run_after=None
[2024-07-01T10:39:26.484-0400] {logging_mixin.py:188} INFO - [2024-07-01T10:39:26.484-0400] {dag.py:3096} INFO - Sync 2 DAGs
[2024-07-01T10:39:26.487-0400] {logging_mixin.py:188} INFO - [2024-07-01T10:39:26.487-0400] {dag.py:3954} INFO - Setting next_dagrun for example_subdag_operator.section-1 to None, run_after=None
[2024-07-01T10:39:26.487-0400] {logging_mixin.py:188} INFO - [2024-07-01T10:39:26.487-0400] {dag.py:3954} INFO - Setting next_dagrun for example_subdag_operator.section-2 to None, run_after=None
[2024-07-01T10:39:26.497-0400] {processor.py:183} INFO - Processing /Users/christophercunningham/airflow_workspace/data-flow/data_flow_env/lib/python3.12/site-packages/airflow/example_dags/example_subdag_operator.py took 0.246 seconds
