[2024-07-01T09:32:50.510-0400] {processor.py:161} INFO - Started process (PID=13990) to work on /Users/christophercunningham/airflow_workspace/data-flow/data_flow_env/lib/python3.12/site-packages/airflow/example_dags/example_dynamic_task_mapping.py
[2024-07-01T09:32:50.511-0400] {processor.py:830} INFO - Processing file /Users/christophercunningham/airflow_workspace/data-flow/data_flow_env/lib/python3.12/site-packages/airflow/example_dags/example_dynamic_task_mapping.py for tasks to queue
[2024-07-01T09:32:50.512-0400] {logging_mixin.py:188} INFO - [2024-07-01T09:32:50.512-0400] {dagbag.py:545} INFO - Filling up the DagBag from /Users/christophercunningham/airflow_workspace/data-flow/data_flow_env/lib/python3.12/site-packages/airflow/example_dags/example_dynamic_task_mapping.py
[2024-07-01T09:32:50.544-0400] {processor.py:840} INFO - DAG(s) 'example_dynamic_task_mapping' retrieved from /Users/christophercunningham/airflow_workspace/data-flow/data_flow_env/lib/python3.12/site-packages/airflow/example_dags/example_dynamic_task_mapping.py
[2024-07-01T09:32:50.734-0400] {logging_mixin.py:188} INFO - [2024-07-01T09:32:50.733-0400] {dag.py:3096} INFO - Sync 1 DAGs
[2024-07-01T09:32:50.750-0400] {logging_mixin.py:188} INFO - [2024-07-01T09:32:50.750-0400] {dag.py:3954} INFO - Setting next_dagrun for example_dynamic_task_mapping to 2022-03-04 00:00:00+00:00, run_after=2022-03-05 00:00:00+00:00
[2024-07-01T09:32:50.767-0400] {processor.py:183} INFO - Processing /Users/christophercunningham/airflow_workspace/data-flow/data_flow_env/lib/python3.12/site-packages/airflow/example_dags/example_dynamic_task_mapping.py took 0.260 seconds
[2024-07-01T09:35:03.517-0400] {processor.py:161} INFO - Started process (PID=14216) to work on /Users/christophercunningham/airflow_workspace/data-flow/data_flow_env/lib/python3.12/site-packages/airflow/example_dags/example_dynamic_task_mapping.py
[2024-07-01T09:35:03.519-0400] {processor.py:830} INFO - Processing file /Users/christophercunningham/airflow_workspace/data-flow/data_flow_env/lib/python3.12/site-packages/airflow/example_dags/example_dynamic_task_mapping.py for tasks to queue
[2024-07-01T09:35:03.519-0400] {logging_mixin.py:188} INFO - [2024-07-01T09:35:03.519-0400] {dagbag.py:545} INFO - Filling up the DagBag from /Users/christophercunningham/airflow_workspace/data-flow/data_flow_env/lib/python3.12/site-packages/airflow/example_dags/example_dynamic_task_mapping.py
[2024-07-01T09:35:03.547-0400] {processor.py:840} INFO - DAG(s) 'example_dynamic_task_mapping' retrieved from /Users/christophercunningham/airflow_workspace/data-flow/data_flow_env/lib/python3.12/site-packages/airflow/example_dags/example_dynamic_task_mapping.py
[2024-07-01T09:35:03.619-0400] {logging_mixin.py:188} INFO - [2024-07-01T09:35:03.619-0400] {dag.py:3096} INFO - Sync 1 DAGs
[2024-07-01T09:35:03.631-0400] {logging_mixin.py:188} INFO - [2024-07-01T09:35:03.631-0400] {dag.py:3954} INFO - Setting next_dagrun for example_dynamic_task_mapping to 2022-03-04 00:00:00+00:00, run_after=2022-03-05 00:00:00+00:00
[2024-07-01T09:35:03.643-0400] {processor.py:183} INFO - Processing /Users/christophercunningham/airflow_workspace/data-flow/data_flow_env/lib/python3.12/site-packages/airflow/example_dags/example_dynamic_task_mapping.py took 0.131 seconds
[2024-07-01T09:38:30.836-0400] {processor.py:161} INFO - Started process (PID=14534) to work on /Users/christophercunningham/airflow_workspace/data-flow/data_flow_env/lib/python3.12/site-packages/airflow/example_dags/example_dynamic_task_mapping.py
[2024-07-01T09:38:30.837-0400] {processor.py:830} INFO - Processing file /Users/christophercunningham/airflow_workspace/data-flow/data_flow_env/lib/python3.12/site-packages/airflow/example_dags/example_dynamic_task_mapping.py for tasks to queue
[2024-07-01T09:38:30.838-0400] {logging_mixin.py:188} INFO - [2024-07-01T09:38:30.837-0400] {dagbag.py:545} INFO - Filling up the DagBag from /Users/christophercunningham/airflow_workspace/data-flow/data_flow_env/lib/python3.12/site-packages/airflow/example_dags/example_dynamic_task_mapping.py
[2024-07-01T09:38:30.866-0400] {processor.py:840} INFO - DAG(s) 'example_dynamic_task_mapping' retrieved from /Users/christophercunningham/airflow_workspace/data-flow/data_flow_env/lib/python3.12/site-packages/airflow/example_dags/example_dynamic_task_mapping.py
[2024-07-01T09:38:30.938-0400] {logging_mixin.py:188} INFO - [2024-07-01T09:38:30.938-0400] {dag.py:3096} INFO - Sync 1 DAGs
[2024-07-01T09:38:30.950-0400] {logging_mixin.py:188} INFO - [2024-07-01T09:38:30.950-0400] {dag.py:3954} INFO - Setting next_dagrun for example_dynamic_task_mapping to 2022-03-04 00:00:00+00:00, run_after=2022-03-05 00:00:00+00:00
[2024-07-01T09:38:30.964-0400] {processor.py:183} INFO - Processing /Users/christophercunningham/airflow_workspace/data-flow/data_flow_env/lib/python3.12/site-packages/airflow/example_dags/example_dynamic_task_mapping.py took 0.133 seconds
[2024-07-01T09:42:01.488-0400] {processor.py:161} INFO - Started process (PID=14919) to work on /Users/christophercunningham/airflow_workspace/data-flow/data_flow_env/lib/python3.12/site-packages/airflow/example_dags/example_dynamic_task_mapping.py
[2024-07-01T09:42:01.489-0400] {processor.py:830} INFO - Processing file /Users/christophercunningham/airflow_workspace/data-flow/data_flow_env/lib/python3.12/site-packages/airflow/example_dags/example_dynamic_task_mapping.py for tasks to queue
[2024-07-01T09:42:01.490-0400] {logging_mixin.py:188} INFO - [2024-07-01T09:42:01.489-0400] {dagbag.py:545} INFO - Filling up the DagBag from /Users/christophercunningham/airflow_workspace/data-flow/data_flow_env/lib/python3.12/site-packages/airflow/example_dags/example_dynamic_task_mapping.py
[2024-07-01T09:42:01.519-0400] {processor.py:840} INFO - DAG(s) 'example_dynamic_task_mapping' retrieved from /Users/christophercunningham/airflow_workspace/data-flow/data_flow_env/lib/python3.12/site-packages/airflow/example_dags/example_dynamic_task_mapping.py
[2024-07-01T09:42:01.594-0400] {logging_mixin.py:188} INFO - [2024-07-01T09:42:01.594-0400] {dag.py:3096} INFO - Sync 1 DAGs
[2024-07-01T09:42:01.610-0400] {logging_mixin.py:188} INFO - [2024-07-01T09:42:01.610-0400] {dag.py:3954} INFO - Setting next_dagrun for example_dynamic_task_mapping to 2022-03-04 00:00:00+00:00, run_after=2022-03-05 00:00:00+00:00
[2024-07-01T09:42:01.623-0400] {processor.py:183} INFO - Processing /Users/christophercunningham/airflow_workspace/data-flow/data_flow_env/lib/python3.12/site-packages/airflow/example_dags/example_dynamic_task_mapping.py took 0.140 seconds
[2024-07-01T09:45:40.643-0400] {processor.py:161} INFO - Started process (PID=15257) to work on /Users/christophercunningham/airflow_workspace/data-flow/data_flow_env/lib/python3.12/site-packages/airflow/example_dags/example_dynamic_task_mapping.py
[2024-07-01T09:45:40.644-0400] {processor.py:830} INFO - Processing file /Users/christophercunningham/airflow_workspace/data-flow/data_flow_env/lib/python3.12/site-packages/airflow/example_dags/example_dynamic_task_mapping.py for tasks to queue
[2024-07-01T09:45:40.645-0400] {logging_mixin.py:188} INFO - [2024-07-01T09:45:40.645-0400] {dagbag.py:545} INFO - Filling up the DagBag from /Users/christophercunningham/airflow_workspace/data-flow/data_flow_env/lib/python3.12/site-packages/airflow/example_dags/example_dynamic_task_mapping.py
[2024-07-01T09:45:40.674-0400] {processor.py:840} INFO - DAG(s) 'example_dynamic_task_mapping' retrieved from /Users/christophercunningham/airflow_workspace/data-flow/data_flow_env/lib/python3.12/site-packages/airflow/example_dags/example_dynamic_task_mapping.py
[2024-07-01T09:45:40.746-0400] {logging_mixin.py:188} INFO - [2024-07-01T09:45:40.745-0400] {dag.py:3096} INFO - Sync 1 DAGs
[2024-07-01T09:45:40.758-0400] {logging_mixin.py:188} INFO - [2024-07-01T09:45:40.758-0400] {dag.py:3954} INFO - Setting next_dagrun for example_dynamic_task_mapping to 2022-03-04 00:00:00+00:00, run_after=2022-03-05 00:00:00+00:00
[2024-07-01T09:45:40.770-0400] {processor.py:183} INFO - Processing /Users/christophercunningham/airflow_workspace/data-flow/data_flow_env/lib/python3.12/site-packages/airflow/example_dags/example_dynamic_task_mapping.py took 0.132 seconds
[2024-07-01T09:49:14.822-0400] {processor.py:161} INFO - Started process (PID=15579) to work on /Users/christophercunningham/airflow_workspace/data-flow/data_flow_env/lib/python3.12/site-packages/airflow/example_dags/example_dynamic_task_mapping.py
[2024-07-01T09:49:14.823-0400] {processor.py:830} INFO - Processing file /Users/christophercunningham/airflow_workspace/data-flow/data_flow_env/lib/python3.12/site-packages/airflow/example_dags/example_dynamic_task_mapping.py for tasks to queue
[2024-07-01T09:49:14.824-0400] {logging_mixin.py:188} INFO - [2024-07-01T09:49:14.824-0400] {dagbag.py:545} INFO - Filling up the DagBag from /Users/christophercunningham/airflow_workspace/data-flow/data_flow_env/lib/python3.12/site-packages/airflow/example_dags/example_dynamic_task_mapping.py
[2024-07-01T09:49:14.853-0400] {processor.py:840} INFO - DAG(s) 'example_dynamic_task_mapping' retrieved from /Users/christophercunningham/airflow_workspace/data-flow/data_flow_env/lib/python3.12/site-packages/airflow/example_dags/example_dynamic_task_mapping.py
[2024-07-01T09:49:14.926-0400] {logging_mixin.py:188} INFO - [2024-07-01T09:49:14.926-0400] {dag.py:3096} INFO - Sync 1 DAGs
[2024-07-01T09:49:14.938-0400] {logging_mixin.py:188} INFO - [2024-07-01T09:49:14.937-0400] {dag.py:3954} INFO - Setting next_dagrun for example_dynamic_task_mapping to 2022-03-04 00:00:00+00:00, run_after=2022-03-05 00:00:00+00:00
[2024-07-01T09:49:14.951-0400] {processor.py:183} INFO - Processing /Users/christophercunningham/airflow_workspace/data-flow/data_flow_env/lib/python3.12/site-packages/airflow/example_dags/example_dynamic_task_mapping.py took 0.134 seconds
[2024-07-01T09:52:48.383-0400] {processor.py:161} INFO - Started process (PID=15952) to work on /Users/christophercunningham/airflow_workspace/data-flow/data_flow_env/lib/python3.12/site-packages/airflow/example_dags/example_dynamic_task_mapping.py
[2024-07-01T09:52:48.385-0400] {processor.py:830} INFO - Processing file /Users/christophercunningham/airflow_workspace/data-flow/data_flow_env/lib/python3.12/site-packages/airflow/example_dags/example_dynamic_task_mapping.py for tasks to queue
[2024-07-01T09:52:48.385-0400] {logging_mixin.py:188} INFO - [2024-07-01T09:52:48.385-0400] {dagbag.py:545} INFO - Filling up the DagBag from /Users/christophercunningham/airflow_workspace/data-flow/data_flow_env/lib/python3.12/site-packages/airflow/example_dags/example_dynamic_task_mapping.py
[2024-07-01T09:52:48.413-0400] {processor.py:840} INFO - DAG(s) 'example_dynamic_task_mapping' retrieved from /Users/christophercunningham/airflow_workspace/data-flow/data_flow_env/lib/python3.12/site-packages/airflow/example_dags/example_dynamic_task_mapping.py
[2024-07-01T09:52:48.488-0400] {logging_mixin.py:188} INFO - [2024-07-01T09:52:48.488-0400] {dag.py:3096} INFO - Sync 1 DAGs
[2024-07-01T09:52:48.500-0400] {logging_mixin.py:188} INFO - [2024-07-01T09:52:48.500-0400] {dag.py:3954} INFO - Setting next_dagrun for example_dynamic_task_mapping to 2022-03-04 00:00:00+00:00, run_after=2022-03-05 00:00:00+00:00
[2024-07-01T09:52:48.513-0400] {processor.py:183} INFO - Processing /Users/christophercunningham/airflow_workspace/data-flow/data_flow_env/lib/python3.12/site-packages/airflow/example_dags/example_dynamic_task_mapping.py took 0.136 seconds
[2024-07-01T09:56:11.043-0400] {processor.py:161} INFO - Started process (PID=16371) to work on /Users/christophercunningham/airflow_workspace/data-flow/data_flow_env/lib/python3.12/site-packages/airflow/example_dags/example_dynamic_task_mapping.py
[2024-07-01T09:56:11.045-0400] {processor.py:830} INFO - Processing file /Users/christophercunningham/airflow_workspace/data-flow/data_flow_env/lib/python3.12/site-packages/airflow/example_dags/example_dynamic_task_mapping.py for tasks to queue
[2024-07-01T09:56:11.046-0400] {logging_mixin.py:188} INFO - [2024-07-01T09:56:11.045-0400] {dagbag.py:545} INFO - Filling up the DagBag from /Users/christophercunningham/airflow_workspace/data-flow/data_flow_env/lib/python3.12/site-packages/airflow/example_dags/example_dynamic_task_mapping.py
[2024-07-01T09:56:11.075-0400] {processor.py:840} INFO - DAG(s) 'example_dynamic_task_mapping' retrieved from /Users/christophercunningham/airflow_workspace/data-flow/data_flow_env/lib/python3.12/site-packages/airflow/example_dags/example_dynamic_task_mapping.py
[2024-07-01T09:56:11.149-0400] {logging_mixin.py:188} INFO - [2024-07-01T09:56:11.149-0400] {dag.py:3096} INFO - Sync 1 DAGs
[2024-07-01T09:56:11.161-0400] {logging_mixin.py:188} INFO - [2024-07-01T09:56:11.161-0400] {dag.py:3954} INFO - Setting next_dagrun for example_dynamic_task_mapping to 2022-03-04 00:00:00+00:00, run_after=2022-03-05 00:00:00+00:00
[2024-07-01T09:56:11.173-0400] {processor.py:183} INFO - Processing /Users/christophercunningham/airflow_workspace/data-flow/data_flow_env/lib/python3.12/site-packages/airflow/example_dags/example_dynamic_task_mapping.py took 0.134 seconds
[2024-07-01T09:59:31.828-0400] {processor.py:161} INFO - Started process (PID=16812) to work on /Users/christophercunningham/airflow_workspace/data-flow/data_flow_env/lib/python3.12/site-packages/airflow/example_dags/example_dynamic_task_mapping.py
[2024-07-01T09:59:31.830-0400] {processor.py:830} INFO - Processing file /Users/christophercunningham/airflow_workspace/data-flow/data_flow_env/lib/python3.12/site-packages/airflow/example_dags/example_dynamic_task_mapping.py for tasks to queue
[2024-07-01T09:59:31.830-0400] {logging_mixin.py:188} INFO - [2024-07-01T09:59:31.830-0400] {dagbag.py:545} INFO - Filling up the DagBag from /Users/christophercunningham/airflow_workspace/data-flow/data_flow_env/lib/python3.12/site-packages/airflow/example_dags/example_dynamic_task_mapping.py
[2024-07-01T09:59:31.859-0400] {processor.py:840} INFO - DAG(s) 'example_dynamic_task_mapping' retrieved from /Users/christophercunningham/airflow_workspace/data-flow/data_flow_env/lib/python3.12/site-packages/airflow/example_dags/example_dynamic_task_mapping.py
[2024-07-01T09:59:31.933-0400] {logging_mixin.py:188} INFO - [2024-07-01T09:59:31.933-0400] {dag.py:3096} INFO - Sync 1 DAGs
[2024-07-01T09:59:31.945-0400] {logging_mixin.py:188} INFO - [2024-07-01T09:59:31.945-0400] {dag.py:3954} INFO - Setting next_dagrun for example_dynamic_task_mapping to 2022-03-04 00:00:00+00:00, run_after=2022-03-05 00:00:00+00:00
[2024-07-01T09:59:31.959-0400] {processor.py:183} INFO - Processing /Users/christophercunningham/airflow_workspace/data-flow/data_flow_env/lib/python3.12/site-packages/airflow/example_dags/example_dynamic_task_mapping.py took 0.135 seconds
[2024-07-01T10:03:00.310-0400] {processor.py:161} INFO - Started process (PID=17275) to work on /Users/christophercunningham/airflow_workspace/data-flow/data_flow_env/lib/python3.12/site-packages/airflow/example_dags/example_dynamic_task_mapping.py
[2024-07-01T10:03:00.312-0400] {processor.py:830} INFO - Processing file /Users/christophercunningham/airflow_workspace/data-flow/data_flow_env/lib/python3.12/site-packages/airflow/example_dags/example_dynamic_task_mapping.py for tasks to queue
[2024-07-01T10:03:00.312-0400] {logging_mixin.py:188} INFO - [2024-07-01T10:03:00.312-0400] {dagbag.py:545} INFO - Filling up the DagBag from /Users/christophercunningham/airflow_workspace/data-flow/data_flow_env/lib/python3.12/site-packages/airflow/example_dags/example_dynamic_task_mapping.py
[2024-07-01T10:03:00.343-0400] {processor.py:840} INFO - DAG(s) 'example_dynamic_task_mapping' retrieved from /Users/christophercunningham/airflow_workspace/data-flow/data_flow_env/lib/python3.12/site-packages/airflow/example_dags/example_dynamic_task_mapping.py
[2024-07-01T10:03:00.422-0400] {logging_mixin.py:188} INFO - [2024-07-01T10:03:00.422-0400] {dag.py:3096} INFO - Sync 1 DAGs
[2024-07-01T10:03:00.434-0400] {logging_mixin.py:188} INFO - [2024-07-01T10:03:00.434-0400] {dag.py:3954} INFO - Setting next_dagrun for example_dynamic_task_mapping to 2022-03-04 00:00:00+00:00, run_after=2022-03-05 00:00:00+00:00
[2024-07-01T10:03:00.447-0400] {processor.py:183} INFO - Processing /Users/christophercunningham/airflow_workspace/data-flow/data_flow_env/lib/python3.12/site-packages/airflow/example_dags/example_dynamic_task_mapping.py took 0.142 seconds
[2024-07-01T10:06:40.590-0400] {processor.py:161} INFO - Started process (PID=17730) to work on /Users/christophercunningham/airflow_workspace/data-flow/data_flow_env/lib/python3.12/site-packages/airflow/example_dags/example_dynamic_task_mapping.py
[2024-07-01T10:06:40.592-0400] {processor.py:830} INFO - Processing file /Users/christophercunningham/airflow_workspace/data-flow/data_flow_env/lib/python3.12/site-packages/airflow/example_dags/example_dynamic_task_mapping.py for tasks to queue
[2024-07-01T10:06:40.592-0400] {logging_mixin.py:188} INFO - [2024-07-01T10:06:40.592-0400] {dagbag.py:545} INFO - Filling up the DagBag from /Users/christophercunningham/airflow_workspace/data-flow/data_flow_env/lib/python3.12/site-packages/airflow/example_dags/example_dynamic_task_mapping.py
[2024-07-01T10:06:40.624-0400] {processor.py:840} INFO - DAG(s) 'example_dynamic_task_mapping' retrieved from /Users/christophercunningham/airflow_workspace/data-flow/data_flow_env/lib/python3.12/site-packages/airflow/example_dags/example_dynamic_task_mapping.py
[2024-07-01T10:06:40.701-0400] {logging_mixin.py:188} INFO - [2024-07-01T10:06:40.700-0400] {dag.py:3096} INFO - Sync 1 DAGs
[2024-07-01T10:06:40.713-0400] {logging_mixin.py:188} INFO - [2024-07-01T10:06:40.713-0400] {dag.py:3954} INFO - Setting next_dagrun for example_dynamic_task_mapping to 2022-03-04 00:00:00+00:00, run_after=2022-03-05 00:00:00+00:00
[2024-07-01T10:06:40.729-0400] {processor.py:183} INFO - Processing /Users/christophercunningham/airflow_workspace/data-flow/data_flow_env/lib/python3.12/site-packages/airflow/example_dags/example_dynamic_task_mapping.py took 0.144 seconds
[2024-07-01T10:10:15.662-0400] {processor.py:161} INFO - Started process (PID=18221) to work on /Users/christophercunningham/airflow_workspace/data-flow/data_flow_env/lib/python3.12/site-packages/airflow/example_dags/example_dynamic_task_mapping.py
[2024-07-01T10:10:15.664-0400] {processor.py:830} INFO - Processing file /Users/christophercunningham/airflow_workspace/data-flow/data_flow_env/lib/python3.12/site-packages/airflow/example_dags/example_dynamic_task_mapping.py for tasks to queue
[2024-07-01T10:10:15.665-0400] {logging_mixin.py:188} INFO - [2024-07-01T10:10:15.665-0400] {dagbag.py:545} INFO - Filling up the DagBag from /Users/christophercunningham/airflow_workspace/data-flow/data_flow_env/lib/python3.12/site-packages/airflow/example_dags/example_dynamic_task_mapping.py
[2024-07-01T10:10:15.691-0400] {processor.py:840} INFO - DAG(s) 'example_dynamic_task_mapping' retrieved from /Users/christophercunningham/airflow_workspace/data-flow/data_flow_env/lib/python3.12/site-packages/airflow/example_dags/example_dynamic_task_mapping.py
[2024-07-01T10:10:15.763-0400] {logging_mixin.py:188} INFO - [2024-07-01T10:10:15.763-0400] {dag.py:3096} INFO - Sync 1 DAGs
[2024-07-01T10:10:15.775-0400] {logging_mixin.py:188} INFO - [2024-07-01T10:10:15.774-0400] {dag.py:3954} INFO - Setting next_dagrun for example_dynamic_task_mapping to 2022-03-04 00:00:00+00:00, run_after=2022-03-05 00:00:00+00:00
[2024-07-01T10:10:15.787-0400] {processor.py:183} INFO - Processing /Users/christophercunningham/airflow_workspace/data-flow/data_flow_env/lib/python3.12/site-packages/airflow/example_dags/example_dynamic_task_mapping.py took 0.129 seconds
[2024-07-01T10:13:36.215-0400] {processor.py:161} INFO - Started process (PID=18684) to work on /Users/christophercunningham/airflow_workspace/data-flow/data_flow_env/lib/python3.12/site-packages/airflow/example_dags/example_dynamic_task_mapping.py
[2024-07-01T10:13:36.216-0400] {processor.py:830} INFO - Processing file /Users/christophercunningham/airflow_workspace/data-flow/data_flow_env/lib/python3.12/site-packages/airflow/example_dags/example_dynamic_task_mapping.py for tasks to queue
[2024-07-01T10:13:36.217-0400] {logging_mixin.py:188} INFO - [2024-07-01T10:13:36.217-0400] {dagbag.py:545} INFO - Filling up the DagBag from /Users/christophercunningham/airflow_workspace/data-flow/data_flow_env/lib/python3.12/site-packages/airflow/example_dags/example_dynamic_task_mapping.py
[2024-07-01T10:13:36.245-0400] {processor.py:840} INFO - DAG(s) 'example_dynamic_task_mapping' retrieved from /Users/christophercunningham/airflow_workspace/data-flow/data_flow_env/lib/python3.12/site-packages/airflow/example_dags/example_dynamic_task_mapping.py
[2024-07-01T10:13:36.326-0400] {logging_mixin.py:188} INFO - [2024-07-01T10:13:36.326-0400] {dag.py:3096} INFO - Sync 1 DAGs
[2024-07-01T10:13:36.338-0400] {logging_mixin.py:188} INFO - [2024-07-01T10:13:36.338-0400] {dag.py:3954} INFO - Setting next_dagrun for example_dynamic_task_mapping to 2022-03-04 00:00:00+00:00, run_after=2022-03-05 00:00:00+00:00
[2024-07-01T10:13:36.351-0400] {processor.py:183} INFO - Processing /Users/christophercunningham/airflow_workspace/data-flow/data_flow_env/lib/python3.12/site-packages/airflow/example_dags/example_dynamic_task_mapping.py took 0.140 seconds
[2024-07-01T10:17:12.454-0400] {processor.py:161} INFO - Started process (PID=19133) to work on /Users/christophercunningham/airflow_workspace/data-flow/data_flow_env/lib/python3.12/site-packages/airflow/example_dags/example_dynamic_task_mapping.py
[2024-07-01T10:17:12.455-0400] {processor.py:830} INFO - Processing file /Users/christophercunningham/airflow_workspace/data-flow/data_flow_env/lib/python3.12/site-packages/airflow/example_dags/example_dynamic_task_mapping.py for tasks to queue
[2024-07-01T10:17:12.456-0400] {logging_mixin.py:188} INFO - [2024-07-01T10:17:12.455-0400] {dagbag.py:545} INFO - Filling up the DagBag from /Users/christophercunningham/airflow_workspace/data-flow/data_flow_env/lib/python3.12/site-packages/airflow/example_dags/example_dynamic_task_mapping.py
[2024-07-01T10:17:12.486-0400] {processor.py:840} INFO - DAG(s) 'example_dynamic_task_mapping' retrieved from /Users/christophercunningham/airflow_workspace/data-flow/data_flow_env/lib/python3.12/site-packages/airflow/example_dags/example_dynamic_task_mapping.py
[2024-07-01T10:17:12.558-0400] {logging_mixin.py:188} INFO - [2024-07-01T10:17:12.557-0400] {dag.py:3096} INFO - Sync 1 DAGs
[2024-07-01T10:17:12.569-0400] {logging_mixin.py:188} INFO - [2024-07-01T10:17:12.569-0400] {dag.py:3954} INFO - Setting next_dagrun for example_dynamic_task_mapping to 2022-03-04 00:00:00+00:00, run_after=2022-03-05 00:00:00+00:00
[2024-07-01T10:17:12.582-0400] {processor.py:183} INFO - Processing /Users/christophercunningham/airflow_workspace/data-flow/data_flow_env/lib/python3.12/site-packages/airflow/example_dags/example_dynamic_task_mapping.py took 0.131 seconds
