[2024-07-01T09:32:20.959-0400] {processor.py:161} INFO - Started process (PID=13931) to work on /Users/christophercunningham/airflow_workspace/data-flow/data_flow_env/lib/python3.12/site-packages/airflow/example_dags/example_python_decorator.py
[2024-07-01T09:32:20.961-0400] {processor.py:830} INFO - Processing file /Users/christophercunningham/airflow_workspace/data-flow/data_flow_env/lib/python3.12/site-packages/airflow/example_dags/example_python_decorator.py for tasks to queue
[2024-07-01T09:32:20.962-0400] {logging_mixin.py:188} INFO - [2024-07-01T09:32:20.962-0400] {dagbag.py:545} INFO - Filling up the DagBag from /Users/christophercunningham/airflow_workspace/data-flow/data_flow_env/lib/python3.12/site-packages/airflow/example_dags/example_python_decorator.py
[2024-07-01T09:32:20.992-0400] {processor.py:840} INFO - DAG(s) 'example_python_decorator' retrieved from /Users/christophercunningham/airflow_workspace/data-flow/data_flow_env/lib/python3.12/site-packages/airflow/example_dags/example_python_decorator.py
[2024-07-01T09:32:21.169-0400] {logging_mixin.py:188} INFO - [2024-07-01T09:32:21.169-0400] {dag.py:3096} INFO - Sync 1 DAGs
[2024-07-01T09:32:21.178-0400] {logging_mixin.py:188} INFO - [2024-07-01T09:32:21.178-0400] {dag.py:3954} INFO - Setting next_dagrun for example_python_decorator to None, run_after=None
[2024-07-01T09:32:21.195-0400] {processor.py:183} INFO - Processing /Users/christophercunningham/airflow_workspace/data-flow/data_flow_env/lib/python3.12/site-packages/airflow/example_dags/example_python_decorator.py took 0.240 seconds
[2024-07-01T09:34:34.696-0400] {processor.py:161} INFO - Started process (PID=14175) to work on /Users/christophercunningham/airflow_workspace/data-flow/data_flow_env/lib/python3.12/site-packages/airflow/example_dags/example_python_decorator.py
[2024-07-01T09:34:34.698-0400] {processor.py:830} INFO - Processing file /Users/christophercunningham/airflow_workspace/data-flow/data_flow_env/lib/python3.12/site-packages/airflow/example_dags/example_python_decorator.py for tasks to queue
[2024-07-01T09:34:34.699-0400] {logging_mixin.py:188} INFO - [2024-07-01T09:34:34.698-0400] {dagbag.py:545} INFO - Filling up the DagBag from /Users/christophercunningham/airflow_workspace/data-flow/data_flow_env/lib/python3.12/site-packages/airflow/example_dags/example_python_decorator.py
[2024-07-01T09:34:34.730-0400] {processor.py:840} INFO - DAG(s) 'example_python_decorator' retrieved from /Users/christophercunningham/airflow_workspace/data-flow/data_flow_env/lib/python3.12/site-packages/airflow/example_dags/example_python_decorator.py
[2024-07-01T09:34:34.907-0400] {logging_mixin.py:188} INFO - [2024-07-01T09:34:34.906-0400] {dag.py:3096} INFO - Sync 1 DAGs
[2024-07-01T09:34:34.916-0400] {logging_mixin.py:188} INFO - [2024-07-01T09:34:34.915-0400] {dag.py:3954} INFO - Setting next_dagrun for example_python_decorator to None, run_after=None
[2024-07-01T09:34:34.933-0400] {processor.py:183} INFO - Processing /Users/christophercunningham/airflow_workspace/data-flow/data_flow_env/lib/python3.12/site-packages/airflow/example_dags/example_python_decorator.py took 0.242 seconds
[2024-07-01T09:36:19.550-0400] {processor.py:161} INFO - Started process (PID=14328) to work on /Users/christophercunningham/airflow_workspace/data-flow/data_flow_env/lib/python3.12/site-packages/airflow/example_dags/example_python_decorator.py
[2024-07-01T09:36:19.551-0400] {processor.py:830} INFO - Processing file /Users/christophercunningham/airflow_workspace/data-flow/data_flow_env/lib/python3.12/site-packages/airflow/example_dags/example_python_decorator.py for tasks to queue
[2024-07-01T09:36:19.552-0400] {logging_mixin.py:188} INFO - [2024-07-01T09:36:19.552-0400] {dagbag.py:545} INFO - Filling up the DagBag from /Users/christophercunningham/airflow_workspace/data-flow/data_flow_env/lib/python3.12/site-packages/airflow/example_dags/example_python_decorator.py
[2024-07-01T09:36:19.584-0400] {processor.py:840} INFO - DAG(s) 'example_python_decorator' retrieved from /Users/christophercunningham/airflow_workspace/data-flow/data_flow_env/lib/python3.12/site-packages/airflow/example_dags/example_python_decorator.py
[2024-07-01T09:36:19.764-0400] {logging_mixin.py:188} INFO - [2024-07-01T09:36:19.764-0400] {dag.py:3096} INFO - Sync 1 DAGs
[2024-07-01T09:36:19.773-0400] {logging_mixin.py:188} INFO - [2024-07-01T09:36:19.773-0400] {dag.py:3954} INFO - Setting next_dagrun for example_python_decorator to None, run_after=None
[2024-07-01T09:36:19.790-0400] {processor.py:183} INFO - Processing /Users/christophercunningham/airflow_workspace/data-flow/data_flow_env/lib/python3.12/site-packages/airflow/example_dags/example_python_decorator.py took 0.245 seconds
[2024-07-01T09:38:04.719-0400] {processor.py:161} INFO - Started process (PID=14495) to work on /Users/christophercunningham/airflow_workspace/data-flow/data_flow_env/lib/python3.12/site-packages/airflow/example_dags/example_python_decorator.py
[2024-07-01T09:38:04.738-0400] {processor.py:830} INFO - Processing file /Users/christophercunningham/airflow_workspace/data-flow/data_flow_env/lib/python3.12/site-packages/airflow/example_dags/example_python_decorator.py for tasks to queue
[2024-07-01T09:38:04.739-0400] {logging_mixin.py:188} INFO - [2024-07-01T09:38:04.739-0400] {dagbag.py:545} INFO - Filling up the DagBag from /Users/christophercunningham/airflow_workspace/data-flow/data_flow_env/lib/python3.12/site-packages/airflow/example_dags/example_python_decorator.py
[2024-07-01T09:38:04.778-0400] {processor.py:840} INFO - DAG(s) 'example_python_decorator' retrieved from /Users/christophercunningham/airflow_workspace/data-flow/data_flow_env/lib/python3.12/site-packages/airflow/example_dags/example_python_decorator.py
[2024-07-01T09:38:04.962-0400] {logging_mixin.py:188} INFO - [2024-07-01T09:38:04.961-0400] {dag.py:3096} INFO - Sync 1 DAGs
[2024-07-01T09:38:04.971-0400] {logging_mixin.py:188} INFO - [2024-07-01T09:38:04.971-0400] {dag.py:3954} INFO - Setting next_dagrun for example_python_decorator to None, run_after=None
[2024-07-01T09:38:04.988-0400] {processor.py:183} INFO - Processing /Users/christophercunningham/airflow_workspace/data-flow/data_flow_env/lib/python3.12/site-packages/airflow/example_dags/example_python_decorator.py took 0.275 seconds
[2024-07-01T09:39:53.357-0400] {processor.py:161} INFO - Started process (PID=14667) to work on /Users/christophercunningham/airflow_workspace/data-flow/data_flow_env/lib/python3.12/site-packages/airflow/example_dags/example_python_decorator.py
[2024-07-01T09:39:53.359-0400] {processor.py:830} INFO - Processing file /Users/christophercunningham/airflow_workspace/data-flow/data_flow_env/lib/python3.12/site-packages/airflow/example_dags/example_python_decorator.py for tasks to queue
[2024-07-01T09:39:53.360-0400] {logging_mixin.py:188} INFO - [2024-07-01T09:39:53.360-0400] {dagbag.py:545} INFO - Filling up the DagBag from /Users/christophercunningham/airflow_workspace/data-flow/data_flow_env/lib/python3.12/site-packages/airflow/example_dags/example_python_decorator.py
[2024-07-01T09:39:53.393-0400] {processor.py:840} INFO - DAG(s) 'example_python_decorator' retrieved from /Users/christophercunningham/airflow_workspace/data-flow/data_flow_env/lib/python3.12/site-packages/airflow/example_dags/example_python_decorator.py
[2024-07-01T09:39:53.580-0400] {logging_mixin.py:188} INFO - [2024-07-01T09:39:53.580-0400] {dag.py:3096} INFO - Sync 1 DAGs
[2024-07-01T09:39:53.592-0400] {logging_mixin.py:188} INFO - [2024-07-01T09:39:53.591-0400] {dag.py:3954} INFO - Setting next_dagrun for example_python_decorator to None, run_after=None
[2024-07-01T09:39:53.609-0400] {processor.py:183} INFO - Processing /Users/christophercunningham/airflow_workspace/data-flow/data_flow_env/lib/python3.12/site-packages/airflow/example_dags/example_python_decorator.py took 0.257 seconds
[2024-07-01T09:43:24.350-0400] {processor.py:161} INFO - Started process (PID=15046) to work on /Users/christophercunningham/airflow_workspace/data-flow/data_flow_env/lib/python3.12/site-packages/airflow/example_dags/example_python_decorator.py
[2024-07-01T09:43:24.352-0400] {processor.py:830} INFO - Processing file /Users/christophercunningham/airflow_workspace/data-flow/data_flow_env/lib/python3.12/site-packages/airflow/example_dags/example_python_decorator.py for tasks to queue
[2024-07-01T09:43:24.353-0400] {logging_mixin.py:188} INFO - [2024-07-01T09:43:24.352-0400] {dagbag.py:545} INFO - Filling up the DagBag from /Users/christophercunningham/airflow_workspace/data-flow/data_flow_env/lib/python3.12/site-packages/airflow/example_dags/example_python_decorator.py
[2024-07-01T09:43:24.385-0400] {processor.py:840} INFO - DAG(s) 'example_python_decorator' retrieved from /Users/christophercunningham/airflow_workspace/data-flow/data_flow_env/lib/python3.12/site-packages/airflow/example_dags/example_python_decorator.py
[2024-07-01T09:43:24.566-0400] {logging_mixin.py:188} INFO - [2024-07-01T09:43:24.566-0400] {dag.py:3096} INFO - Sync 1 DAGs
[2024-07-01T09:43:24.573-0400] {logging_mixin.py:188} INFO - [2024-07-01T09:43:24.573-0400] {dag.py:3954} INFO - Setting next_dagrun for example_python_decorator to None, run_after=None
[2024-07-01T09:43:24.586-0400] {processor.py:183} INFO - Processing /Users/christophercunningham/airflow_workspace/data-flow/data_flow_env/lib/python3.12/site-packages/airflow/example_dags/example_python_decorator.py took 0.239 seconds
[2024-07-01T09:45:14.444-0400] {processor.py:161} INFO - Started process (PID=15221) to work on /Users/christophercunningham/airflow_workspace/data-flow/data_flow_env/lib/python3.12/site-packages/airflow/example_dags/example_python_decorator.py
[2024-07-01T09:45:14.446-0400] {processor.py:830} INFO - Processing file /Users/christophercunningham/airflow_workspace/data-flow/data_flow_env/lib/python3.12/site-packages/airflow/example_dags/example_python_decorator.py for tasks to queue
[2024-07-01T09:45:14.447-0400] {logging_mixin.py:188} INFO - [2024-07-01T09:45:14.447-0400] {dagbag.py:545} INFO - Filling up the DagBag from /Users/christophercunningham/airflow_workspace/data-flow/data_flow_env/lib/python3.12/site-packages/airflow/example_dags/example_python_decorator.py
[2024-07-01T09:45:14.478-0400] {processor.py:840} INFO - DAG(s) 'example_python_decorator' retrieved from /Users/christophercunningham/airflow_workspace/data-flow/data_flow_env/lib/python3.12/site-packages/airflow/example_dags/example_python_decorator.py
[2024-07-01T09:45:14.661-0400] {logging_mixin.py:188} INFO - [2024-07-01T09:45:14.661-0400] {dag.py:3096} INFO - Sync 1 DAGs
[2024-07-01T09:45:14.669-0400] {logging_mixin.py:188} INFO - [2024-07-01T09:45:14.669-0400] {dag.py:3954} INFO - Setting next_dagrun for example_python_decorator to None, run_after=None
[2024-07-01T09:45:14.684-0400] {processor.py:183} INFO - Processing /Users/christophercunningham/airflow_workspace/data-flow/data_flow_env/lib/python3.12/site-packages/airflow/example_dags/example_python_decorator.py took 0.244 seconds
[2024-07-01T09:47:01.977-0400] {processor.py:161} INFO - Started process (PID=15383) to work on /Users/christophercunningham/airflow_workspace/data-flow/data_flow_env/lib/python3.12/site-packages/airflow/example_dags/example_python_decorator.py
[2024-07-01T09:47:01.978-0400] {processor.py:830} INFO - Processing file /Users/christophercunningham/airflow_workspace/data-flow/data_flow_env/lib/python3.12/site-packages/airflow/example_dags/example_python_decorator.py for tasks to queue
[2024-07-01T09:47:01.979-0400] {logging_mixin.py:188} INFO - [2024-07-01T09:47:01.979-0400] {dagbag.py:545} INFO - Filling up the DagBag from /Users/christophercunningham/airflow_workspace/data-flow/data_flow_env/lib/python3.12/site-packages/airflow/example_dags/example_python_decorator.py
[2024-07-01T09:47:02.010-0400] {processor.py:840} INFO - DAG(s) 'example_python_decorator' retrieved from /Users/christophercunningham/airflow_workspace/data-flow/data_flow_env/lib/python3.12/site-packages/airflow/example_dags/example_python_decorator.py
[2024-07-01T09:47:02.190-0400] {logging_mixin.py:188} INFO - [2024-07-01T09:47:02.190-0400] {dag.py:3096} INFO - Sync 1 DAGs
[2024-07-01T09:47:02.199-0400] {logging_mixin.py:188} INFO - [2024-07-01T09:47:02.199-0400] {dag.py:3954} INFO - Setting next_dagrun for example_python_decorator to None, run_after=None
[2024-07-01T09:47:02.215-0400] {processor.py:183} INFO - Processing /Users/christophercunningham/airflow_workspace/data-flow/data_flow_env/lib/python3.12/site-packages/airflow/example_dags/example_python_decorator.py took 0.243 seconds
[2024-07-01T09:48:48.356-0400] {processor.py:161} INFO - Started process (PID=15539) to work on /Users/christophercunningham/airflow_workspace/data-flow/data_flow_env/lib/python3.12/site-packages/airflow/example_dags/example_python_decorator.py
[2024-07-01T09:48:48.357-0400] {processor.py:830} INFO - Processing file /Users/christophercunningham/airflow_workspace/data-flow/data_flow_env/lib/python3.12/site-packages/airflow/example_dags/example_python_decorator.py for tasks to queue
[2024-07-01T09:48:48.358-0400] {logging_mixin.py:188} INFO - [2024-07-01T09:48:48.358-0400] {dagbag.py:545} INFO - Filling up the DagBag from /Users/christophercunningham/airflow_workspace/data-flow/data_flow_env/lib/python3.12/site-packages/airflow/example_dags/example_python_decorator.py
[2024-07-01T09:48:48.391-0400] {processor.py:840} INFO - DAG(s) 'example_python_decorator' retrieved from /Users/christophercunningham/airflow_workspace/data-flow/data_flow_env/lib/python3.12/site-packages/airflow/example_dags/example_python_decorator.py
[2024-07-01T09:48:48.578-0400] {logging_mixin.py:188} INFO - [2024-07-01T09:48:48.577-0400] {dag.py:3096} INFO - Sync 1 DAGs
[2024-07-01T09:48:48.587-0400] {logging_mixin.py:188} INFO - [2024-07-01T09:48:48.586-0400] {dag.py:3954} INFO - Setting next_dagrun for example_python_decorator to None, run_after=None
[2024-07-01T09:48:48.606-0400] {processor.py:183} INFO - Processing /Users/christophercunningham/airflow_workspace/data-flow/data_flow_env/lib/python3.12/site-packages/airflow/example_dags/example_python_decorator.py took 0.256 seconds
[2024-07-01T09:50:36.753-0400] {processor.py:161} INFO - Started process (PID=15748) to work on /Users/christophercunningham/airflow_workspace/data-flow/data_flow_env/lib/python3.12/site-packages/airflow/example_dags/example_python_decorator.py
[2024-07-01T09:50:36.754-0400] {processor.py:830} INFO - Processing file /Users/christophercunningham/airflow_workspace/data-flow/data_flow_env/lib/python3.12/site-packages/airflow/example_dags/example_python_decorator.py for tasks to queue
[2024-07-01T09:50:36.755-0400] {logging_mixin.py:188} INFO - [2024-07-01T09:50:36.755-0400] {dagbag.py:545} INFO - Filling up the DagBag from /Users/christophercunningham/airflow_workspace/data-flow/data_flow_env/lib/python3.12/site-packages/airflow/example_dags/example_python_decorator.py
[2024-07-01T09:50:36.789-0400] {processor.py:840} INFO - DAG(s) 'example_python_decorator' retrieved from /Users/christophercunningham/airflow_workspace/data-flow/data_flow_env/lib/python3.12/site-packages/airflow/example_dags/example_python_decorator.py
[2024-07-01T09:50:36.975-0400] {logging_mixin.py:188} INFO - [2024-07-01T09:50:36.975-0400] {dag.py:3096} INFO - Sync 1 DAGs
[2024-07-01T09:50:36.985-0400] {logging_mixin.py:188} INFO - [2024-07-01T09:50:36.984-0400] {dag.py:3954} INFO - Setting next_dagrun for example_python_decorator to None, run_after=None
[2024-07-01T09:50:37.001-0400] {processor.py:183} INFO - Processing /Users/christophercunningham/airflow_workspace/data-flow/data_flow_env/lib/python3.12/site-packages/airflow/example_dags/example_python_decorator.py took 0.253 seconds
[2024-07-01T09:52:25.313-0400] {processor.py:161} INFO - Started process (PID=15919) to work on /Users/christophercunningham/airflow_workspace/data-flow/data_flow_env/lib/python3.12/site-packages/airflow/example_dags/example_python_decorator.py
[2024-07-01T09:52:25.314-0400] {processor.py:830} INFO - Processing file /Users/christophercunningham/airflow_workspace/data-flow/data_flow_env/lib/python3.12/site-packages/airflow/example_dags/example_python_decorator.py for tasks to queue
[2024-07-01T09:52:25.315-0400] {logging_mixin.py:188} INFO - [2024-07-01T09:52:25.315-0400] {dagbag.py:545} INFO - Filling up the DagBag from /Users/christophercunningham/airflow_workspace/data-flow/data_flow_env/lib/python3.12/site-packages/airflow/example_dags/example_python_decorator.py
[2024-07-01T09:52:25.346-0400] {processor.py:840} INFO - DAG(s) 'example_python_decorator' retrieved from /Users/christophercunningham/airflow_workspace/data-flow/data_flow_env/lib/python3.12/site-packages/airflow/example_dags/example_python_decorator.py
[2024-07-01T09:52:25.523-0400] {logging_mixin.py:188} INFO - [2024-07-01T09:52:25.523-0400] {dag.py:3096} INFO - Sync 1 DAGs
[2024-07-01T09:52:25.532-0400] {logging_mixin.py:188} INFO - [2024-07-01T09:52:25.532-0400] {dag.py:3954} INFO - Setting next_dagrun for example_python_decorator to None, run_after=None
[2024-07-01T09:52:25.549-0400] {processor.py:183} INFO - Processing /Users/christophercunningham/airflow_workspace/data-flow/data_flow_env/lib/python3.12/site-packages/airflow/example_dags/example_python_decorator.py took 0.242 seconds
[2024-07-01T09:55:45.140-0400] {processor.py:161} INFO - Started process (PID=16318) to work on /Users/christophercunningham/airflow_workspace/data-flow/data_flow_env/lib/python3.12/site-packages/airflow/example_dags/example_python_decorator.py
[2024-07-01T09:55:45.142-0400] {processor.py:830} INFO - Processing file /Users/christophercunningham/airflow_workspace/data-flow/data_flow_env/lib/python3.12/site-packages/airflow/example_dags/example_python_decorator.py for tasks to queue
[2024-07-01T09:55:45.143-0400] {logging_mixin.py:188} INFO - [2024-07-01T09:55:45.143-0400] {dagbag.py:545} INFO - Filling up the DagBag from /Users/christophercunningham/airflow_workspace/data-flow/data_flow_env/lib/python3.12/site-packages/airflow/example_dags/example_python_decorator.py
[2024-07-01T09:55:45.174-0400] {processor.py:840} INFO - DAG(s) 'example_python_decorator' retrieved from /Users/christophercunningham/airflow_workspace/data-flow/data_flow_env/lib/python3.12/site-packages/airflow/example_dags/example_python_decorator.py
[2024-07-01T09:55:45.354-0400] {logging_mixin.py:188} INFO - [2024-07-01T09:55:45.354-0400] {dag.py:3096} INFO - Sync 1 DAGs
[2024-07-01T09:55:45.363-0400] {logging_mixin.py:188} INFO - [2024-07-01T09:55:45.363-0400] {dag.py:3954} INFO - Setting next_dagrun for example_python_decorator to None, run_after=None
[2024-07-01T09:55:45.382-0400] {processor.py:183} INFO - Processing /Users/christophercunningham/airflow_workspace/data-flow/data_flow_env/lib/python3.12/site-packages/airflow/example_dags/example_python_decorator.py took 0.247 seconds
[2024-07-01T09:57:25.668-0400] {processor.py:161} INFO - Started process (PID=16529) to work on /Users/christophercunningham/airflow_workspace/data-flow/data_flow_env/lib/python3.12/site-packages/airflow/example_dags/example_python_decorator.py
[2024-07-01T09:57:25.670-0400] {processor.py:830} INFO - Processing file /Users/christophercunningham/airflow_workspace/data-flow/data_flow_env/lib/python3.12/site-packages/airflow/example_dags/example_python_decorator.py for tasks to queue
[2024-07-01T09:57:25.670-0400] {logging_mixin.py:188} INFO - [2024-07-01T09:57:25.670-0400] {dagbag.py:545} INFO - Filling up the DagBag from /Users/christophercunningham/airflow_workspace/data-flow/data_flow_env/lib/python3.12/site-packages/airflow/example_dags/example_python_decorator.py
[2024-07-01T09:57:25.701-0400] {processor.py:840} INFO - DAG(s) 'example_python_decorator' retrieved from /Users/christophercunningham/airflow_workspace/data-flow/data_flow_env/lib/python3.12/site-packages/airflow/example_dags/example_python_decorator.py
[2024-07-01T09:57:25.883-0400] {logging_mixin.py:188} INFO - [2024-07-01T09:57:25.882-0400] {dag.py:3096} INFO - Sync 1 DAGs
[2024-07-01T09:57:25.892-0400] {logging_mixin.py:188} INFO - [2024-07-01T09:57:25.892-0400] {dag.py:3954} INFO - Setting next_dagrun for example_python_decorator to None, run_after=None
[2024-07-01T09:57:25.910-0400] {processor.py:183} INFO - Processing /Users/christophercunningham/airflow_workspace/data-flow/data_flow_env/lib/python3.12/site-packages/airflow/example_dags/example_python_decorator.py took 0.247 seconds
[2024-07-01T10:00:50.784-0400] {processor.py:161} INFO - Started process (PID=17013) to work on /Users/christophercunningham/airflow_workspace/data-flow/data_flow_env/lib/python3.12/site-packages/airflow/example_dags/example_python_decorator.py
[2024-07-01T10:00:50.786-0400] {processor.py:830} INFO - Processing file /Users/christophercunningham/airflow_workspace/data-flow/data_flow_env/lib/python3.12/site-packages/airflow/example_dags/example_python_decorator.py for tasks to queue
[2024-07-01T10:00:50.787-0400] {logging_mixin.py:188} INFO - [2024-07-01T10:00:50.787-0400] {dagbag.py:545} INFO - Filling up the DagBag from /Users/christophercunningham/airflow_workspace/data-flow/data_flow_env/lib/python3.12/site-packages/airflow/example_dags/example_python_decorator.py
[2024-07-01T10:00:50.817-0400] {processor.py:840} INFO - DAG(s) 'example_python_decorator' retrieved from /Users/christophercunningham/airflow_workspace/data-flow/data_flow_env/lib/python3.12/site-packages/airflow/example_dags/example_python_decorator.py
[2024-07-01T10:00:51.012-0400] {logging_mixin.py:188} INFO - [2024-07-01T10:00:51.012-0400] {dag.py:3096} INFO - Sync 1 DAGs
[2024-07-01T10:00:51.021-0400] {logging_mixin.py:188} INFO - [2024-07-01T10:00:51.021-0400] {dag.py:3954} INFO - Setting next_dagrun for example_python_decorator to None, run_after=None
[2024-07-01T10:00:51.038-0400] {processor.py:183} INFO - Processing /Users/christophercunningham/airflow_workspace/data-flow/data_flow_env/lib/python3.12/site-packages/airflow/example_dags/example_python_decorator.py took 0.258 seconds
[2024-07-01T10:04:22.715-0400] {processor.py:161} INFO - Started process (PID=17442) to work on /Users/christophercunningham/airflow_workspace/data-flow/data_flow_env/lib/python3.12/site-packages/airflow/example_dags/example_python_decorator.py
[2024-07-01T10:04:22.716-0400] {processor.py:830} INFO - Processing file /Users/christophercunningham/airflow_workspace/data-flow/data_flow_env/lib/python3.12/site-packages/airflow/example_dags/example_python_decorator.py for tasks to queue
[2024-07-01T10:04:22.717-0400] {logging_mixin.py:188} INFO - [2024-07-01T10:04:22.717-0400] {dagbag.py:545} INFO - Filling up the DagBag from /Users/christophercunningham/airflow_workspace/data-flow/data_flow_env/lib/python3.12/site-packages/airflow/example_dags/example_python_decorator.py
[2024-07-01T10:04:22.750-0400] {processor.py:840} INFO - DAG(s) 'example_python_decorator' retrieved from /Users/christophercunningham/airflow_workspace/data-flow/data_flow_env/lib/python3.12/site-packages/airflow/example_dags/example_python_decorator.py
[2024-07-01T10:04:22.934-0400] {logging_mixin.py:188} INFO - [2024-07-01T10:04:22.933-0400] {dag.py:3096} INFO - Sync 1 DAGs
[2024-07-01T10:04:22.943-0400] {logging_mixin.py:188} INFO - [2024-07-01T10:04:22.943-0400] {dag.py:3954} INFO - Setting next_dagrun for example_python_decorator to None, run_after=None
[2024-07-01T10:04:22.962-0400] {processor.py:183} INFO - Processing /Users/christophercunningham/airflow_workspace/data-flow/data_flow_env/lib/python3.12/site-packages/airflow/example_dags/example_python_decorator.py took 0.251 seconds
[2024-07-01T10:06:13.958-0400] {processor.py:161} INFO - Started process (PID=17678) to work on /Users/christophercunningham/airflow_workspace/data-flow/data_flow_env/lib/python3.12/site-packages/airflow/example_dags/example_python_decorator.py
[2024-07-01T10:06:13.960-0400] {processor.py:830} INFO - Processing file /Users/christophercunningham/airflow_workspace/data-flow/data_flow_env/lib/python3.12/site-packages/airflow/example_dags/example_python_decorator.py for tasks to queue
[2024-07-01T10:06:13.960-0400] {logging_mixin.py:188} INFO - [2024-07-01T10:06:13.960-0400] {dagbag.py:545} INFO - Filling up the DagBag from /Users/christophercunningham/airflow_workspace/data-flow/data_flow_env/lib/python3.12/site-packages/airflow/example_dags/example_python_decorator.py
[2024-07-01T10:06:13.995-0400] {processor.py:840} INFO - DAG(s) 'example_python_decorator' retrieved from /Users/christophercunningham/airflow_workspace/data-flow/data_flow_env/lib/python3.12/site-packages/airflow/example_dags/example_python_decorator.py
[2024-07-01T10:06:14.187-0400] {logging_mixin.py:188} INFO - [2024-07-01T10:06:14.187-0400] {dag.py:3096} INFO - Sync 1 DAGs
[2024-07-01T10:06:14.196-0400] {logging_mixin.py:188} INFO - [2024-07-01T10:06:14.196-0400] {dag.py:3954} INFO - Setting next_dagrun for example_python_decorator to None, run_after=None
[2024-07-01T10:06:14.215-0400] {processor.py:183} INFO - Processing /Users/christophercunningham/airflow_workspace/data-flow/data_flow_env/lib/python3.12/site-packages/airflow/example_dags/example_python_decorator.py took 0.260 seconds
[2024-07-01T10:08:03.985-0400] {processor.py:161} INFO - Started process (PID=17907) to work on /Users/christophercunningham/airflow_workspace/data-flow/data_flow_env/lib/python3.12/site-packages/airflow/example_dags/example_python_decorator.py
[2024-07-01T10:08:03.987-0400] {processor.py:830} INFO - Processing file /Users/christophercunningham/airflow_workspace/data-flow/data_flow_env/lib/python3.12/site-packages/airflow/example_dags/example_python_decorator.py for tasks to queue
[2024-07-01T10:08:03.987-0400] {logging_mixin.py:188} INFO - [2024-07-01T10:08:03.987-0400] {dagbag.py:545} INFO - Filling up the DagBag from /Users/christophercunningham/airflow_workspace/data-flow/data_flow_env/lib/python3.12/site-packages/airflow/example_dags/example_python_decorator.py
[2024-07-01T10:08:04.019-0400] {processor.py:840} INFO - DAG(s) 'example_python_decorator' retrieved from /Users/christophercunningham/airflow_workspace/data-flow/data_flow_env/lib/python3.12/site-packages/airflow/example_dags/example_python_decorator.py
[2024-07-01T10:08:04.207-0400] {logging_mixin.py:188} INFO - [2024-07-01T10:08:04.206-0400] {dag.py:3096} INFO - Sync 1 DAGs
[2024-07-01T10:08:04.216-0400] {logging_mixin.py:188} INFO - [2024-07-01T10:08:04.216-0400] {dag.py:3954} INFO - Setting next_dagrun for example_python_decorator to None, run_after=None
[2024-07-01T10:08:04.234-0400] {processor.py:183} INFO - Processing /Users/christophercunningham/airflow_workspace/data-flow/data_flow_env/lib/python3.12/site-packages/airflow/example_dags/example_python_decorator.py took 0.255 seconds
[2024-07-01T10:09:49.722-0400] {processor.py:161} INFO - Started process (PID=18121) to work on /Users/christophercunningham/airflow_workspace/data-flow/data_flow_env/lib/python3.12/site-packages/airflow/example_dags/example_python_decorator.py
[2024-07-01T10:09:49.723-0400] {processor.py:830} INFO - Processing file /Users/christophercunningham/airflow_workspace/data-flow/data_flow_env/lib/python3.12/site-packages/airflow/example_dags/example_python_decorator.py for tasks to queue
[2024-07-01T10:09:49.723-0400] {logging_mixin.py:188} INFO - [2024-07-01T10:09:49.723-0400] {dagbag.py:545} INFO - Filling up the DagBag from /Users/christophercunningham/airflow_workspace/data-flow/data_flow_env/lib/python3.12/site-packages/airflow/example_dags/example_python_decorator.py
[2024-07-01T10:09:49.755-0400] {processor.py:840} INFO - DAG(s) 'example_python_decorator' retrieved from /Users/christophercunningham/airflow_workspace/data-flow/data_flow_env/lib/python3.12/site-packages/airflow/example_dags/example_python_decorator.py
[2024-07-01T10:09:49.930-0400] {logging_mixin.py:188} INFO - [2024-07-01T10:09:49.929-0400] {dag.py:3096} INFO - Sync 1 DAGs
[2024-07-01T10:09:49.938-0400] {logging_mixin.py:188} INFO - [2024-07-01T10:09:49.938-0400] {dag.py:3954} INFO - Setting next_dagrun for example_python_decorator to None, run_after=None
[2024-07-01T10:09:49.954-0400] {processor.py:183} INFO - Processing /Users/christophercunningham/airflow_workspace/data-flow/data_flow_env/lib/python3.12/site-packages/airflow/example_dags/example_python_decorator.py took 0.237 seconds
[2024-07-01T10:11:32.494-0400] {processor.py:161} INFO - Started process (PID=18379) to work on /Users/christophercunningham/airflow_workspace/data-flow/data_flow_env/lib/python3.12/site-packages/airflow/example_dags/example_python_decorator.py
[2024-07-01T10:11:32.495-0400] {processor.py:830} INFO - Processing file /Users/christophercunningham/airflow_workspace/data-flow/data_flow_env/lib/python3.12/site-packages/airflow/example_dags/example_python_decorator.py for tasks to queue
[2024-07-01T10:11:32.496-0400] {logging_mixin.py:188} INFO - [2024-07-01T10:11:32.496-0400] {dagbag.py:545} INFO - Filling up the DagBag from /Users/christophercunningham/airflow_workspace/data-flow/data_flow_env/lib/python3.12/site-packages/airflow/example_dags/example_python_decorator.py
[2024-07-01T10:11:32.531-0400] {processor.py:840} INFO - DAG(s) 'example_python_decorator' retrieved from /Users/christophercunningham/airflow_workspace/data-flow/data_flow_env/lib/python3.12/site-packages/airflow/example_dags/example_python_decorator.py
[2024-07-01T10:11:32.750-0400] {logging_mixin.py:188} INFO - [2024-07-01T10:11:32.750-0400] {dag.py:3096} INFO - Sync 1 DAGs
[2024-07-01T10:11:32.759-0400] {logging_mixin.py:188} INFO - [2024-07-01T10:11:32.759-0400] {dag.py:3954} INFO - Setting next_dagrun for example_python_decorator to None, run_after=None
[2024-07-01T10:11:32.776-0400] {processor.py:183} INFO - Processing /Users/christophercunningham/airflow_workspace/data-flow/data_flow_env/lib/python3.12/site-packages/airflow/example_dags/example_python_decorator.py took 0.285 seconds
[2024-07-01T10:14:59.846-0400] {processor.py:161} INFO - Started process (PID=18843) to work on /Users/christophercunningham/airflow_workspace/data-flow/data_flow_env/lib/python3.12/site-packages/airflow/example_dags/example_python_decorator.py
[2024-07-01T10:14:59.848-0400] {processor.py:830} INFO - Processing file /Users/christophercunningham/airflow_workspace/data-flow/data_flow_env/lib/python3.12/site-packages/airflow/example_dags/example_python_decorator.py for tasks to queue
[2024-07-01T10:14:59.848-0400] {logging_mixin.py:188} INFO - [2024-07-01T10:14:59.848-0400] {dagbag.py:545} INFO - Filling up the DagBag from /Users/christophercunningham/airflow_workspace/data-flow/data_flow_env/lib/python3.12/site-packages/airflow/example_dags/example_python_decorator.py
[2024-07-01T10:14:59.885-0400] {processor.py:840} INFO - DAG(s) 'example_python_decorator' retrieved from /Users/christophercunningham/airflow_workspace/data-flow/data_flow_env/lib/python3.12/site-packages/airflow/example_dags/example_python_decorator.py
[2024-07-01T10:15:00.105-0400] {logging_mixin.py:188} INFO - [2024-07-01T10:15:00.105-0400] {dag.py:3096} INFO - Sync 1 DAGs
[2024-07-01T10:15:00.112-0400] {logging_mixin.py:188} INFO - [2024-07-01T10:15:00.112-0400] {dag.py:3954} INFO - Setting next_dagrun for example_python_decorator to None, run_after=None
[2024-07-01T10:15:00.127-0400] {processor.py:183} INFO - Processing /Users/christophercunningham/airflow_workspace/data-flow/data_flow_env/lib/python3.12/site-packages/airflow/example_dags/example_python_decorator.py took 0.284 seconds
[2024-07-01T10:16:44.804-0400] {processor.py:161} INFO - Started process (PID=19080) to work on /Users/christophercunningham/airflow_workspace/data-flow/data_flow_env/lib/python3.12/site-packages/airflow/example_dags/example_python_decorator.py
[2024-07-01T10:16:44.805-0400] {processor.py:830} INFO - Processing file /Users/christophercunningham/airflow_workspace/data-flow/data_flow_env/lib/python3.12/site-packages/airflow/example_dags/example_python_decorator.py for tasks to queue
[2024-07-01T10:16:44.806-0400] {logging_mixin.py:188} INFO - [2024-07-01T10:16:44.805-0400] {dagbag.py:545} INFO - Filling up the DagBag from /Users/christophercunningham/airflow_workspace/data-flow/data_flow_env/lib/python3.12/site-packages/airflow/example_dags/example_python_decorator.py
[2024-07-01T10:16:44.845-0400] {processor.py:840} INFO - DAG(s) 'example_python_decorator' retrieved from /Users/christophercunningham/airflow_workspace/data-flow/data_flow_env/lib/python3.12/site-packages/airflow/example_dags/example_python_decorator.py
[2024-07-01T10:16:45.060-0400] {logging_mixin.py:188} INFO - [2024-07-01T10:16:45.060-0400] {dag.py:3096} INFO - Sync 1 DAGs
[2024-07-01T10:16:45.069-0400] {logging_mixin.py:188} INFO - [2024-07-01T10:16:45.069-0400] {dag.py:3954} INFO - Setting next_dagrun for example_python_decorator to None, run_after=None
[2024-07-01T10:16:45.087-0400] {processor.py:183} INFO - Processing /Users/christophercunningham/airflow_workspace/data-flow/data_flow_env/lib/python3.12/site-packages/airflow/example_dags/example_python_decorator.py took 0.287 seconds
[2024-07-01T10:39:54.475-0400] {processor.py:161} INFO - Started process (PID=21230) to work on /Users/christophercunningham/airflow_workspace/data-flow/data_flow_env/lib/python3.12/site-packages/airflow/example_dags/example_python_decorator.py
[2024-07-01T10:39:54.476-0400] {processor.py:830} INFO - Processing file /Users/christophercunningham/airflow_workspace/data-flow/data_flow_env/lib/python3.12/site-packages/airflow/example_dags/example_python_decorator.py for tasks to queue
[2024-07-01T10:39:54.477-0400] {logging_mixin.py:188} INFO - [2024-07-01T10:39:54.477-0400] {dagbag.py:545} INFO - Filling up the DagBag from /Users/christophercunningham/airflow_workspace/data-flow/data_flow_env/lib/python3.12/site-packages/airflow/example_dags/example_python_decorator.py
[2024-07-01T10:39:54.512-0400] {processor.py:840} INFO - DAG(s) 'example_python_decorator' retrieved from /Users/christophercunningham/airflow_workspace/data-flow/data_flow_env/lib/python3.12/site-packages/airflow/example_dags/example_python_decorator.py
[2024-07-01T10:39:54.712-0400] {logging_mixin.py:188} INFO - [2024-07-01T10:39:54.711-0400] {dag.py:3096} INFO - Sync 1 DAGs
[2024-07-01T10:39:54.719-0400] {logging_mixin.py:188} INFO - [2024-07-01T10:39:54.719-0400] {dag.py:3954} INFO - Setting next_dagrun for example_python_decorator to None, run_after=None
[2024-07-01T10:39:54.734-0400] {processor.py:183} INFO - Processing /Users/christophercunningham/airflow_workspace/data-flow/data_flow_env/lib/python3.12/site-packages/airflow/example_dags/example_python_decorator.py took 0.262 seconds
