[2024-07-01T09:31:50.114-0400] {processor.py:161} INFO - Started process (PID=13864) to work on /Users/christophercunningham/airflow_workspace/data-flow/data_flow_env/lib/python3.12/site-packages/airflow/example_dags/example_task_group.py
[2024-07-01T09:31:50.116-0400] {processor.py:830} INFO - Processing file /Users/christophercunningham/airflow_workspace/data-flow/data_flow_env/lib/python3.12/site-packages/airflow/example_dags/example_task_group.py for tasks to queue
[2024-07-01T09:31:50.117-0400] {logging_mixin.py:188} INFO - [2024-07-01T09:31:50.117-0400] {dagbag.py:545} INFO - Filling up the DagBag from /Users/christophercunningham/airflow_workspace/data-flow/data_flow_env/lib/python3.12/site-packages/airflow/example_dags/example_task_group.py
[2024-07-01T09:31:50.125-0400] {processor.py:840} INFO - DAG(s) 'example_task_group' retrieved from /Users/christophercunningham/airflow_workspace/data-flow/data_flow_env/lib/python3.12/site-packages/airflow/example_dags/example_task_group.py
[2024-07-01T09:31:50.275-0400] {logging_mixin.py:188} INFO - [2024-07-01T09:31:50.275-0400] {dag.py:3096} INFO - Sync 1 DAGs
[2024-07-01T09:31:50.288-0400] {logging_mixin.py:188} INFO - [2024-07-01T09:31:50.288-0400] {dag.py:3954} INFO - Setting next_dagrun for example_task_group to 2024-06-30 00:00:00+00:00, run_after=2024-07-01 00:00:00+00:00
[2024-07-01T09:31:50.349-0400] {processor.py:183} INFO - Processing /Users/christophercunningham/airflow_workspace/data-flow/data_flow_env/lib/python3.12/site-packages/airflow/example_dags/example_task_group.py took 0.239 seconds
[2024-07-01T09:34:07.508-0400] {processor.py:161} INFO - Started process (PID=14138) to work on /Users/christophercunningham/airflow_workspace/data-flow/data_flow_env/lib/python3.12/site-packages/airflow/example_dags/example_task_group.py
[2024-07-01T09:34:07.509-0400] {processor.py:830} INFO - Processing file /Users/christophercunningham/airflow_workspace/data-flow/data_flow_env/lib/python3.12/site-packages/airflow/example_dags/example_task_group.py for tasks to queue
[2024-07-01T09:34:07.510-0400] {logging_mixin.py:188} INFO - [2024-07-01T09:34:07.510-0400] {dagbag.py:545} INFO - Filling up the DagBag from /Users/christophercunningham/airflow_workspace/data-flow/data_flow_env/lib/python3.12/site-packages/airflow/example_dags/example_task_group.py
[2024-07-01T09:34:07.517-0400] {processor.py:840} INFO - DAG(s) 'example_task_group' retrieved from /Users/christophercunningham/airflow_workspace/data-flow/data_flow_env/lib/python3.12/site-packages/airflow/example_dags/example_task_group.py
[2024-07-01T09:34:07.601-0400] {logging_mixin.py:188} INFO - [2024-07-01T09:34:07.600-0400] {dag.py:3096} INFO - Sync 1 DAGs
[2024-07-01T09:34:07.614-0400] {logging_mixin.py:188} INFO - [2024-07-01T09:34:07.614-0400] {dag.py:3954} INFO - Setting next_dagrun for example_task_group to 2024-06-30 00:00:00+00:00, run_after=2024-07-01 00:00:00+00:00
[2024-07-01T09:34:07.628-0400] {processor.py:183} INFO - Processing /Users/christophercunningham/airflow_workspace/data-flow/data_flow_env/lib/python3.12/site-packages/airflow/example_dags/example_task_group.py took 0.126 seconds
[2024-07-01T09:35:50.640-0400] {processor.py:161} INFO - Started process (PID=14284) to work on /Users/christophercunningham/airflow_workspace/data-flow/data_flow_env/lib/python3.12/site-packages/airflow/example_dags/example_task_group.py
[2024-07-01T09:35:50.642-0400] {processor.py:830} INFO - Processing file /Users/christophercunningham/airflow_workspace/data-flow/data_flow_env/lib/python3.12/site-packages/airflow/example_dags/example_task_group.py for tasks to queue
[2024-07-01T09:35:50.643-0400] {logging_mixin.py:188} INFO - [2024-07-01T09:35:50.643-0400] {dagbag.py:545} INFO - Filling up the DagBag from /Users/christophercunningham/airflow_workspace/data-flow/data_flow_env/lib/python3.12/site-packages/airflow/example_dags/example_task_group.py
[2024-07-01T09:35:50.650-0400] {processor.py:840} INFO - DAG(s) 'example_task_group' retrieved from /Users/christophercunningham/airflow_workspace/data-flow/data_flow_env/lib/python3.12/site-packages/airflow/example_dags/example_task_group.py
[2024-07-01T09:35:50.725-0400] {logging_mixin.py:188} INFO - [2024-07-01T09:35:50.724-0400] {dag.py:3096} INFO - Sync 1 DAGs
[2024-07-01T09:35:50.736-0400] {logging_mixin.py:188} INFO - [2024-07-01T09:35:50.736-0400] {dag.py:3954} INFO - Setting next_dagrun for example_task_group to 2024-06-30 00:00:00+00:00, run_after=2024-07-01 00:00:00+00:00
[2024-07-01T09:35:50.749-0400] {processor.py:183} INFO - Processing /Users/christophercunningham/airflow_workspace/data-flow/data_flow_env/lib/python3.12/site-packages/airflow/example_dags/example_task_group.py took 0.113 seconds
[2024-07-01T09:37:35.864-0400] {processor.py:161} INFO - Started process (PID=14456) to work on /Users/christophercunningham/airflow_workspace/data-flow/data_flow_env/lib/python3.12/site-packages/airflow/example_dags/example_task_group.py
[2024-07-01T09:37:35.865-0400] {processor.py:830} INFO - Processing file /Users/christophercunningham/airflow_workspace/data-flow/data_flow_env/lib/python3.12/site-packages/airflow/example_dags/example_task_group.py for tasks to queue
[2024-07-01T09:37:35.866-0400] {logging_mixin.py:188} INFO - [2024-07-01T09:37:35.866-0400] {dagbag.py:545} INFO - Filling up the DagBag from /Users/christophercunningham/airflow_workspace/data-flow/data_flow_env/lib/python3.12/site-packages/airflow/example_dags/example_task_group.py
[2024-07-01T09:37:35.873-0400] {processor.py:840} INFO - DAG(s) 'example_task_group' retrieved from /Users/christophercunningham/airflow_workspace/data-flow/data_flow_env/lib/python3.12/site-packages/airflow/example_dags/example_task_group.py
[2024-07-01T09:37:35.952-0400] {logging_mixin.py:188} INFO - [2024-07-01T09:37:35.951-0400] {dag.py:3096} INFO - Sync 1 DAGs
[2024-07-01T09:37:35.963-0400] {logging_mixin.py:188} INFO - [2024-07-01T09:37:35.963-0400] {dag.py:3954} INFO - Setting next_dagrun for example_task_group to 2024-06-30 00:00:00+00:00, run_after=2024-07-01 00:00:00+00:00
[2024-07-01T09:37:35.976-0400] {processor.py:183} INFO - Processing /Users/christophercunningham/airflow_workspace/data-flow/data_flow_env/lib/python3.12/site-packages/airflow/example_dags/example_task_group.py took 0.118 seconds
[2024-07-01T09:39:24.143-0400] {processor.py:161} INFO - Started process (PID=14626) to work on /Users/christophercunningham/airflow_workspace/data-flow/data_flow_env/lib/python3.12/site-packages/airflow/example_dags/example_task_group.py
[2024-07-01T09:39:24.144-0400] {processor.py:830} INFO - Processing file /Users/christophercunningham/airflow_workspace/data-flow/data_flow_env/lib/python3.12/site-packages/airflow/example_dags/example_task_group.py for tasks to queue
[2024-07-01T09:39:24.145-0400] {logging_mixin.py:188} INFO - [2024-07-01T09:39:24.145-0400] {dagbag.py:545} INFO - Filling up the DagBag from /Users/christophercunningham/airflow_workspace/data-flow/data_flow_env/lib/python3.12/site-packages/airflow/example_dags/example_task_group.py
[2024-07-01T09:39:24.153-0400] {processor.py:840} INFO - DAG(s) 'example_task_group' retrieved from /Users/christophercunningham/airflow_workspace/data-flow/data_flow_env/lib/python3.12/site-packages/airflow/example_dags/example_task_group.py
[2024-07-01T09:39:24.235-0400] {logging_mixin.py:188} INFO - [2024-07-01T09:39:24.234-0400] {dag.py:3096} INFO - Sync 1 DAGs
[2024-07-01T09:39:24.246-0400] {logging_mixin.py:188} INFO - [2024-07-01T09:39:24.246-0400] {dag.py:3954} INFO - Setting next_dagrun for example_task_group to 2024-06-30 00:00:00+00:00, run_after=2024-07-01 00:00:00+00:00
[2024-07-01T09:39:24.259-0400] {processor.py:183} INFO - Processing /Users/christophercunningham/airflow_workspace/data-flow/data_flow_env/lib/python3.12/site-packages/airflow/example_dags/example_task_group.py took 0.121 seconds
[2024-07-01T09:41:08.170-0400] {processor.py:161} INFO - Started process (PID=14833) to work on /Users/christophercunningham/airflow_workspace/data-flow/data_flow_env/lib/python3.12/site-packages/airflow/example_dags/example_task_group.py
[2024-07-01T09:41:08.172-0400] {processor.py:830} INFO - Processing file /Users/christophercunningham/airflow_workspace/data-flow/data_flow_env/lib/python3.12/site-packages/airflow/example_dags/example_task_group.py for tasks to queue
[2024-07-01T09:41:08.174-0400] {logging_mixin.py:188} INFO - [2024-07-01T09:41:08.173-0400] {dagbag.py:545} INFO - Filling up the DagBag from /Users/christophercunningham/airflow_workspace/data-flow/data_flow_env/lib/python3.12/site-packages/airflow/example_dags/example_task_group.py
[2024-07-01T09:41:08.181-0400] {processor.py:840} INFO - DAG(s) 'example_task_group' retrieved from /Users/christophercunningham/airflow_workspace/data-flow/data_flow_env/lib/python3.12/site-packages/airflow/example_dags/example_task_group.py
[2024-07-01T09:41:08.259-0400] {logging_mixin.py:188} INFO - [2024-07-01T09:41:08.259-0400] {dag.py:3096} INFO - Sync 1 DAGs
[2024-07-01T09:41:08.271-0400] {logging_mixin.py:188} INFO - [2024-07-01T09:41:08.271-0400] {dag.py:3954} INFO - Setting next_dagrun for example_task_group to 2024-06-30 00:00:00+00:00, run_after=2024-07-01 00:00:00+00:00
[2024-07-01T09:41:08.283-0400] {processor.py:183} INFO - Processing /Users/christophercunningham/airflow_workspace/data-flow/data_flow_env/lib/python3.12/site-packages/airflow/example_dags/example_task_group.py took 0.117 seconds
[2024-07-01T09:42:54.881-0400] {processor.py:161} INFO - Started process (PID=15003) to work on /Users/christophercunningham/airflow_workspace/data-flow/data_flow_env/lib/python3.12/site-packages/airflow/example_dags/example_task_group.py
[2024-07-01T09:42:54.882-0400] {processor.py:830} INFO - Processing file /Users/christophercunningham/airflow_workspace/data-flow/data_flow_env/lib/python3.12/site-packages/airflow/example_dags/example_task_group.py for tasks to queue
[2024-07-01T09:42:54.882-0400] {logging_mixin.py:188} INFO - [2024-07-01T09:42:54.882-0400] {dagbag.py:545} INFO - Filling up the DagBag from /Users/christophercunningham/airflow_workspace/data-flow/data_flow_env/lib/python3.12/site-packages/airflow/example_dags/example_task_group.py
[2024-07-01T09:42:54.890-0400] {processor.py:840} INFO - DAG(s) 'example_task_group' retrieved from /Users/christophercunningham/airflow_workspace/data-flow/data_flow_env/lib/python3.12/site-packages/airflow/example_dags/example_task_group.py
[2024-07-01T09:42:54.975-0400] {logging_mixin.py:188} INFO - [2024-07-01T09:42:54.975-0400] {dag.py:3096} INFO - Sync 1 DAGs
[2024-07-01T09:42:54.987-0400] {logging_mixin.py:188} INFO - [2024-07-01T09:42:54.987-0400] {dag.py:3954} INFO - Setting next_dagrun for example_task_group to 2024-06-30 00:00:00+00:00, run_after=2024-07-01 00:00:00+00:00
[2024-07-01T09:42:55.000-0400] {processor.py:183} INFO - Processing /Users/christophercunningham/airflow_workspace/data-flow/data_flow_env/lib/python3.12/site-packages/airflow/example_dags/example_task_group.py took 0.124 seconds
[2024-07-01T09:44:45.572-0400] {processor.py:161} INFO - Started process (PID=15178) to work on /Users/christophercunningham/airflow_workspace/data-flow/data_flow_env/lib/python3.12/site-packages/airflow/example_dags/example_task_group.py
[2024-07-01T09:44:45.573-0400] {processor.py:830} INFO - Processing file /Users/christophercunningham/airflow_workspace/data-flow/data_flow_env/lib/python3.12/site-packages/airflow/example_dags/example_task_group.py for tasks to queue
[2024-07-01T09:44:45.574-0400] {logging_mixin.py:188} INFO - [2024-07-01T09:44:45.573-0400] {dagbag.py:545} INFO - Filling up the DagBag from /Users/christophercunningham/airflow_workspace/data-flow/data_flow_env/lib/python3.12/site-packages/airflow/example_dags/example_task_group.py
[2024-07-01T09:44:45.581-0400] {processor.py:840} INFO - DAG(s) 'example_task_group' retrieved from /Users/christophercunningham/airflow_workspace/data-flow/data_flow_env/lib/python3.12/site-packages/airflow/example_dags/example_task_group.py
[2024-07-01T09:44:45.662-0400] {logging_mixin.py:188} INFO - [2024-07-01T09:44:45.662-0400] {dag.py:3096} INFO - Sync 1 DAGs
[2024-07-01T09:44:45.673-0400] {logging_mixin.py:188} INFO - [2024-07-01T09:44:45.673-0400] {dag.py:3954} INFO - Setting next_dagrun for example_task_group to 2024-06-30 00:00:00+00:00, run_after=2024-07-01 00:00:00+00:00
[2024-07-01T09:44:45.690-0400] {processor.py:183} INFO - Processing /Users/christophercunningham/airflow_workspace/data-flow/data_flow_env/lib/python3.12/site-packages/airflow/example_dags/example_task_group.py took 0.123 seconds
[2024-07-01T09:46:33.283-0400] {processor.py:161} INFO - Started process (PID=15344) to work on /Users/christophercunningham/airflow_workspace/data-flow/data_flow_env/lib/python3.12/site-packages/airflow/example_dags/example_task_group.py
[2024-07-01T09:46:33.284-0400] {processor.py:830} INFO - Processing file /Users/christophercunningham/airflow_workspace/data-flow/data_flow_env/lib/python3.12/site-packages/airflow/example_dags/example_task_group.py for tasks to queue
[2024-07-01T09:46:33.285-0400] {logging_mixin.py:188} INFO - [2024-07-01T09:46:33.284-0400] {dagbag.py:545} INFO - Filling up the DagBag from /Users/christophercunningham/airflow_workspace/data-flow/data_flow_env/lib/python3.12/site-packages/airflow/example_dags/example_task_group.py
[2024-07-01T09:46:33.291-0400] {processor.py:840} INFO - DAG(s) 'example_task_group' retrieved from /Users/christophercunningham/airflow_workspace/data-flow/data_flow_env/lib/python3.12/site-packages/airflow/example_dags/example_task_group.py
[2024-07-01T09:46:33.372-0400] {logging_mixin.py:188} INFO - [2024-07-01T09:46:33.371-0400] {dag.py:3096} INFO - Sync 1 DAGs
[2024-07-01T09:46:33.383-0400] {logging_mixin.py:188} INFO - [2024-07-01T09:46:33.383-0400] {dag.py:3954} INFO - Setting next_dagrun for example_task_group to 2024-06-30 00:00:00+00:00, run_after=2024-07-01 00:00:00+00:00
[2024-07-01T09:46:33.396-0400] {processor.py:183} INFO - Processing /Users/christophercunningham/airflow_workspace/data-flow/data_flow_env/lib/python3.12/site-packages/airflow/example_dags/example_task_group.py took 0.118 seconds
[2024-07-01T09:48:19.511-0400] {processor.py:161} INFO - Started process (PID=15500) to work on /Users/christophercunningham/airflow_workspace/data-flow/data_flow_env/lib/python3.12/site-packages/airflow/example_dags/example_task_group.py
[2024-07-01T09:48:19.512-0400] {processor.py:830} INFO - Processing file /Users/christophercunningham/airflow_workspace/data-flow/data_flow_env/lib/python3.12/site-packages/airflow/example_dags/example_task_group.py for tasks to queue
[2024-07-01T09:48:19.513-0400] {logging_mixin.py:188} INFO - [2024-07-01T09:48:19.513-0400] {dagbag.py:545} INFO - Filling up the DagBag from /Users/christophercunningham/airflow_workspace/data-flow/data_flow_env/lib/python3.12/site-packages/airflow/example_dags/example_task_group.py
[2024-07-01T09:48:19.521-0400] {processor.py:840} INFO - DAG(s) 'example_task_group' retrieved from /Users/christophercunningham/airflow_workspace/data-flow/data_flow_env/lib/python3.12/site-packages/airflow/example_dags/example_task_group.py
[2024-07-01T09:48:19.595-0400] {logging_mixin.py:188} INFO - [2024-07-01T09:48:19.595-0400] {dag.py:3096} INFO - Sync 1 DAGs
[2024-07-01T09:48:19.606-0400] {logging_mixin.py:188} INFO - [2024-07-01T09:48:19.606-0400] {dag.py:3954} INFO - Setting next_dagrun for example_task_group to 2024-06-30 00:00:00+00:00, run_after=2024-07-01 00:00:00+00:00
[2024-07-01T09:48:19.619-0400] {processor.py:183} INFO - Processing /Users/christophercunningham/airflow_workspace/data-flow/data_flow_env/lib/python3.12/site-packages/airflow/example_dags/example_task_group.py took 0.113 seconds
[2024-07-01T09:50:07.608-0400] {processor.py:161} INFO - Started process (PID=15688) to work on /Users/christophercunningham/airflow_workspace/data-flow/data_flow_env/lib/python3.12/site-packages/airflow/example_dags/example_task_group.py
[2024-07-01T09:50:07.609-0400] {processor.py:830} INFO - Processing file /Users/christophercunningham/airflow_workspace/data-flow/data_flow_env/lib/python3.12/site-packages/airflow/example_dags/example_task_group.py for tasks to queue
[2024-07-01T09:50:07.610-0400] {logging_mixin.py:188} INFO - [2024-07-01T09:50:07.610-0400] {dagbag.py:545} INFO - Filling up the DagBag from /Users/christophercunningham/airflow_workspace/data-flow/data_flow_env/lib/python3.12/site-packages/airflow/example_dags/example_task_group.py
[2024-07-01T09:50:07.618-0400] {processor.py:840} INFO - DAG(s) 'example_task_group' retrieved from /Users/christophercunningham/airflow_workspace/data-flow/data_flow_env/lib/python3.12/site-packages/airflow/example_dags/example_task_group.py
[2024-07-01T09:50:07.696-0400] {logging_mixin.py:188} INFO - [2024-07-01T09:50:07.696-0400] {dag.py:3096} INFO - Sync 1 DAGs
[2024-07-01T09:50:07.708-0400] {logging_mixin.py:188} INFO - [2024-07-01T09:50:07.708-0400] {dag.py:3954} INFO - Setting next_dagrun for example_task_group to 2024-06-30 00:00:00+00:00, run_after=2024-07-01 00:00:00+00:00
[2024-07-01T09:50:07.720-0400] {processor.py:183} INFO - Processing /Users/christophercunningham/airflow_workspace/data-flow/data_flow_env/lib/python3.12/site-packages/airflow/example_dags/example_task_group.py took 0.117 seconds
[2024-07-01T09:51:56.014-0400] {processor.py:161} INFO - Started process (PID=15873) to work on /Users/christophercunningham/airflow_workspace/data-flow/data_flow_env/lib/python3.12/site-packages/airflow/example_dags/example_task_group.py
[2024-07-01T09:51:56.015-0400] {processor.py:830} INFO - Processing file /Users/christophercunningham/airflow_workspace/data-flow/data_flow_env/lib/python3.12/site-packages/airflow/example_dags/example_task_group.py for tasks to queue
[2024-07-01T09:51:56.016-0400] {logging_mixin.py:188} INFO - [2024-07-01T09:51:56.016-0400] {dagbag.py:545} INFO - Filling up the DagBag from /Users/christophercunningham/airflow_workspace/data-flow/data_flow_env/lib/python3.12/site-packages/airflow/example_dags/example_task_group.py
[2024-07-01T09:51:56.023-0400] {processor.py:840} INFO - DAG(s) 'example_task_group' retrieved from /Users/christophercunningham/airflow_workspace/data-flow/data_flow_env/lib/python3.12/site-packages/airflow/example_dags/example_task_group.py
[2024-07-01T09:51:56.103-0400] {logging_mixin.py:188} INFO - [2024-07-01T09:51:56.102-0400] {dag.py:3096} INFO - Sync 1 DAGs
[2024-07-01T09:51:56.114-0400] {logging_mixin.py:188} INFO - [2024-07-01T09:51:56.114-0400] {dag.py:3954} INFO - Setting next_dagrun for example_task_group to 2024-06-30 00:00:00+00:00, run_after=2024-07-01 00:00:00+00:00
[2024-07-01T09:51:56.127-0400] {processor.py:183} INFO - Processing /Users/christophercunningham/airflow_workspace/data-flow/data_flow_env/lib/python3.12/site-packages/airflow/example_dags/example_task_group.py took 0.118 seconds
[2024-07-01T09:53:38.524-0400] {processor.py:161} INFO - Started process (PID=16039) to work on /Users/christophercunningham/airflow_workspace/data-flow/data_flow_env/lib/python3.12/site-packages/airflow/example_dags/example_task_group.py
[2024-07-01T09:53:38.525-0400] {processor.py:830} INFO - Processing file /Users/christophercunningham/airflow_workspace/data-flow/data_flow_env/lib/python3.12/site-packages/airflow/example_dags/example_task_group.py for tasks to queue
[2024-07-01T09:53:38.526-0400] {logging_mixin.py:188} INFO - [2024-07-01T09:53:38.526-0400] {dagbag.py:545} INFO - Filling up the DagBag from /Users/christophercunningham/airflow_workspace/data-flow/data_flow_env/lib/python3.12/site-packages/airflow/example_dags/example_task_group.py
[2024-07-01T09:53:38.534-0400] {processor.py:840} INFO - DAG(s) 'example_task_group' retrieved from /Users/christophercunningham/airflow_workspace/data-flow/data_flow_env/lib/python3.12/site-packages/airflow/example_dags/example_task_group.py
[2024-07-01T09:53:38.622-0400] {logging_mixin.py:188} INFO - [2024-07-01T09:53:38.622-0400] {dag.py:3096} INFO - Sync 1 DAGs
[2024-07-01T09:53:38.635-0400] {logging_mixin.py:188} INFO - [2024-07-01T09:53:38.635-0400] {dag.py:3954} INFO - Setting next_dagrun for example_task_group to 2024-06-30 00:00:00+00:00, run_after=2024-07-01 00:00:00+00:00
[2024-07-01T09:53:38.650-0400] {processor.py:183} INFO - Processing /Users/christophercunningham/airflow_workspace/data-flow/data_flow_env/lib/python3.12/site-packages/airflow/example_dags/example_task_group.py took 0.129 seconds
[2024-07-01T09:55:18.014-0400] {processor.py:161} INFO - Started process (PID=16263) to work on /Users/christophercunningham/airflow_workspace/data-flow/data_flow_env/lib/python3.12/site-packages/airflow/example_dags/example_task_group.py
[2024-07-01T09:55:18.016-0400] {processor.py:830} INFO - Processing file /Users/christophercunningham/airflow_workspace/data-flow/data_flow_env/lib/python3.12/site-packages/airflow/example_dags/example_task_group.py for tasks to queue
[2024-07-01T09:55:18.016-0400] {logging_mixin.py:188} INFO - [2024-07-01T09:55:18.016-0400] {dagbag.py:545} INFO - Filling up the DagBag from /Users/christophercunningham/airflow_workspace/data-flow/data_flow_env/lib/python3.12/site-packages/airflow/example_dags/example_task_group.py
[2024-07-01T09:55:18.023-0400] {processor.py:840} INFO - DAG(s) 'example_task_group' retrieved from /Users/christophercunningham/airflow_workspace/data-flow/data_flow_env/lib/python3.12/site-packages/airflow/example_dags/example_task_group.py
[2024-07-01T09:55:18.099-0400] {logging_mixin.py:188} INFO - [2024-07-01T09:55:18.099-0400] {dag.py:3096} INFO - Sync 1 DAGs
[2024-07-01T09:55:18.111-0400] {logging_mixin.py:188} INFO - [2024-07-01T09:55:18.110-0400] {dag.py:3954} INFO - Setting next_dagrun for example_task_group to 2024-06-30 00:00:00+00:00, run_after=2024-07-01 00:00:00+00:00
[2024-07-01T09:55:18.128-0400] {processor.py:183} INFO - Processing /Users/christophercunningham/airflow_workspace/data-flow/data_flow_env/lib/python3.12/site-packages/airflow/example_dags/example_task_group.py took 0.118 seconds
[2024-07-01T09:56:59.600-0400] {processor.py:161} INFO - Started process (PID=16472) to work on /Users/christophercunningham/airflow_workspace/data-flow/data_flow_env/lib/python3.12/site-packages/airflow/example_dags/example_task_group.py
[2024-07-01T09:56:59.601-0400] {processor.py:830} INFO - Processing file /Users/christophercunningham/airflow_workspace/data-flow/data_flow_env/lib/python3.12/site-packages/airflow/example_dags/example_task_group.py for tasks to queue
[2024-07-01T09:56:59.602-0400] {logging_mixin.py:188} INFO - [2024-07-01T09:56:59.602-0400] {dagbag.py:545} INFO - Filling up the DagBag from /Users/christophercunningham/airflow_workspace/data-flow/data_flow_env/lib/python3.12/site-packages/airflow/example_dags/example_task_group.py
[2024-07-01T09:56:59.610-0400] {processor.py:840} INFO - DAG(s) 'example_task_group' retrieved from /Users/christophercunningham/airflow_workspace/data-flow/data_flow_env/lib/python3.12/site-packages/airflow/example_dags/example_task_group.py
[2024-07-01T09:56:59.691-0400] {logging_mixin.py:188} INFO - [2024-07-01T09:56:59.691-0400] {dag.py:3096} INFO - Sync 1 DAGs
[2024-07-01T09:56:59.703-0400] {logging_mixin.py:188} INFO - [2024-07-01T09:56:59.702-0400] {dag.py:3954} INFO - Setting next_dagrun for example_task_group to 2024-06-30 00:00:00+00:00, run_after=2024-07-01 00:00:00+00:00
[2024-07-01T09:56:59.716-0400] {processor.py:183} INFO - Processing /Users/christophercunningham/airflow_workspace/data-flow/data_flow_env/lib/python3.12/site-packages/airflow/example_dags/example_task_group.py took 0.121 seconds
[2024-07-01T09:58:41.547-0400] {processor.py:161} INFO - Started process (PID=16696) to work on /Users/christophercunningham/airflow_workspace/data-flow/data_flow_env/lib/python3.12/site-packages/airflow/example_dags/example_task_group.py
[2024-07-01T09:58:41.549-0400] {processor.py:830} INFO - Processing file /Users/christophercunningham/airflow_workspace/data-flow/data_flow_env/lib/python3.12/site-packages/airflow/example_dags/example_task_group.py for tasks to queue
[2024-07-01T09:58:41.549-0400] {logging_mixin.py:188} INFO - [2024-07-01T09:58:41.549-0400] {dagbag.py:545} INFO - Filling up the DagBag from /Users/christophercunningham/airflow_workspace/data-flow/data_flow_env/lib/python3.12/site-packages/airflow/example_dags/example_task_group.py
[2024-07-01T09:58:41.556-0400] {processor.py:840} INFO - DAG(s) 'example_task_group' retrieved from /Users/christophercunningham/airflow_workspace/data-flow/data_flow_env/lib/python3.12/site-packages/airflow/example_dags/example_task_group.py
[2024-07-01T09:58:41.634-0400] {logging_mixin.py:188} INFO - [2024-07-01T09:58:41.634-0400] {dag.py:3096} INFO - Sync 1 DAGs
[2024-07-01T09:58:41.645-0400] {logging_mixin.py:188} INFO - [2024-07-01T09:58:41.645-0400] {dag.py:3954} INFO - Setting next_dagrun for example_task_group to 2024-06-30 00:00:00+00:00, run_after=2024-07-01 00:00:00+00:00
[2024-07-01T09:58:41.661-0400] {processor.py:183} INFO - Processing /Users/christophercunningham/airflow_workspace/data-flow/data_flow_env/lib/python3.12/site-packages/airflow/example_dags/example_task_group.py took 0.118 seconds
[2024-07-01T10:00:24.165-0400] {processor.py:161} INFO - Started process (PID=16959) to work on /Users/christophercunningham/airflow_workspace/data-flow/data_flow_env/lib/python3.12/site-packages/airflow/example_dags/example_task_group.py
[2024-07-01T10:00:24.165-0400] {processor.py:830} INFO - Processing file /Users/christophercunningham/airflow_workspace/data-flow/data_flow_env/lib/python3.12/site-packages/airflow/example_dags/example_task_group.py for tasks to queue
[2024-07-01T10:00:24.166-0400] {logging_mixin.py:188} INFO - [2024-07-01T10:00:24.166-0400] {dagbag.py:545} INFO - Filling up the DagBag from /Users/christophercunningham/airflow_workspace/data-flow/data_flow_env/lib/python3.12/site-packages/airflow/example_dags/example_task_group.py
[2024-07-01T10:00:24.174-0400] {processor.py:840} INFO - DAG(s) 'example_task_group' retrieved from /Users/christophercunningham/airflow_workspace/data-flow/data_flow_env/lib/python3.12/site-packages/airflow/example_dags/example_task_group.py
[2024-07-01T10:00:24.250-0400] {logging_mixin.py:188} INFO - [2024-07-01T10:00:24.249-0400] {dag.py:3096} INFO - Sync 1 DAGs
[2024-07-01T10:00:24.261-0400] {logging_mixin.py:188} INFO - [2024-07-01T10:00:24.261-0400] {dag.py:3954} INFO - Setting next_dagrun for example_task_group to 2024-06-30 00:00:00+00:00, run_after=2024-07-01 00:00:00+00:00
[2024-07-01T10:00:24.274-0400] {processor.py:183} INFO - Processing /Users/christophercunningham/airflow_workspace/data-flow/data_flow_env/lib/python3.12/site-packages/airflow/example_dags/example_task_group.py took 0.113 seconds
[2024-07-01T10:02:06.583-0400] {processor.py:161} INFO - Started process (PID=17166) to work on /Users/christophercunningham/airflow_workspace/data-flow/data_flow_env/lib/python3.12/site-packages/airflow/example_dags/example_task_group.py
[2024-07-01T10:02:06.584-0400] {processor.py:830} INFO - Processing file /Users/christophercunningham/airflow_workspace/data-flow/data_flow_env/lib/python3.12/site-packages/airflow/example_dags/example_task_group.py for tasks to queue
[2024-07-01T10:02:06.584-0400] {logging_mixin.py:188} INFO - [2024-07-01T10:02:06.584-0400] {dagbag.py:545} INFO - Filling up the DagBag from /Users/christophercunningham/airflow_workspace/data-flow/data_flow_env/lib/python3.12/site-packages/airflow/example_dags/example_task_group.py
[2024-07-01T10:02:06.591-0400] {processor.py:840} INFO - DAG(s) 'example_task_group' retrieved from /Users/christophercunningham/airflow_workspace/data-flow/data_flow_env/lib/python3.12/site-packages/airflow/example_dags/example_task_group.py
[2024-07-01T10:02:06.690-0400] {logging_mixin.py:188} INFO - [2024-07-01T10:02:06.689-0400] {dag.py:3096} INFO - Sync 1 DAGs
[2024-07-01T10:02:06.703-0400] {logging_mixin.py:188} INFO - [2024-07-01T10:02:06.703-0400] {dag.py:3954} INFO - Setting next_dagrun for example_task_group to 2024-06-30 00:00:00+00:00, run_after=2024-07-01 00:00:00+00:00
[2024-07-01T10:02:06.717-0400] {processor.py:183} INFO - Processing /Users/christophercunningham/airflow_workspace/data-flow/data_flow_env/lib/python3.12/site-packages/airflow/example_dags/example_task_group.py took 0.140 seconds
[2024-07-01T10:03:53.102-0400] {processor.py:161} INFO - Started process (PID=17383) to work on /Users/christophercunningham/airflow_workspace/data-flow/data_flow_env/lib/python3.12/site-packages/airflow/example_dags/example_task_group.py
[2024-07-01T10:03:53.105-0400] {processor.py:830} INFO - Processing file /Users/christophercunningham/airflow_workspace/data-flow/data_flow_env/lib/python3.12/site-packages/airflow/example_dags/example_task_group.py for tasks to queue
[2024-07-01T10:03:53.106-0400] {logging_mixin.py:188} INFO - [2024-07-01T10:03:53.106-0400] {dagbag.py:545} INFO - Filling up the DagBag from /Users/christophercunningham/airflow_workspace/data-flow/data_flow_env/lib/python3.12/site-packages/airflow/example_dags/example_task_group.py
[2024-07-01T10:03:53.114-0400] {processor.py:840} INFO - DAG(s) 'example_task_group' retrieved from /Users/christophercunningham/airflow_workspace/data-flow/data_flow_env/lib/python3.12/site-packages/airflow/example_dags/example_task_group.py
[2024-07-01T10:03:53.193-0400] {logging_mixin.py:188} INFO - [2024-07-01T10:03:53.193-0400] {dag.py:3096} INFO - Sync 1 DAGs
[2024-07-01T10:03:53.206-0400] {logging_mixin.py:188} INFO - [2024-07-01T10:03:53.205-0400] {dag.py:3954} INFO - Setting next_dagrun for example_task_group to 2024-06-30 00:00:00+00:00, run_after=2024-07-01 00:00:00+00:00
[2024-07-01T10:03:53.218-0400] {processor.py:183} INFO - Processing /Users/christophercunningham/airflow_workspace/data-flow/data_flow_env/lib/python3.12/site-packages/airflow/example_dags/example_task_group.py took 0.121 seconds
[2024-07-01T10:05:44.292-0400] {processor.py:161} INFO - Started process (PID=17614) to work on /Users/christophercunningham/airflow_workspace/data-flow/data_flow_env/lib/python3.12/site-packages/airflow/example_dags/example_task_group.py
[2024-07-01T10:05:44.294-0400] {processor.py:830} INFO - Processing file /Users/christophercunningham/airflow_workspace/data-flow/data_flow_env/lib/python3.12/site-packages/airflow/example_dags/example_task_group.py for tasks to queue
[2024-07-01T10:05:44.295-0400] {logging_mixin.py:188} INFO - [2024-07-01T10:05:44.294-0400] {dagbag.py:545} INFO - Filling up the DagBag from /Users/christophercunningham/airflow_workspace/data-flow/data_flow_env/lib/python3.12/site-packages/airflow/example_dags/example_task_group.py
[2024-07-01T10:05:44.303-0400] {processor.py:840} INFO - DAG(s) 'example_task_group' retrieved from /Users/christophercunningham/airflow_workspace/data-flow/data_flow_env/lib/python3.12/site-packages/airflow/example_dags/example_task_group.py
[2024-07-01T10:05:44.388-0400] {logging_mixin.py:188} INFO - [2024-07-01T10:05:44.387-0400] {dag.py:3096} INFO - Sync 1 DAGs
[2024-07-01T10:05:44.399-0400] {logging_mixin.py:188} INFO - [2024-07-01T10:05:44.399-0400] {dag.py:3954} INFO - Setting next_dagrun for example_task_group to 2024-06-30 00:00:00+00:00, run_after=2024-07-01 00:00:00+00:00
[2024-07-01T10:05:44.414-0400] {processor.py:183} INFO - Processing /Users/christophercunningham/airflow_workspace/data-flow/data_flow_env/lib/python3.12/site-packages/airflow/example_dags/example_task_group.py took 0.126 seconds
[2024-07-01T10:07:34.301-0400] {processor.py:161} INFO - Started process (PID=17842) to work on /Users/christophercunningham/airflow_workspace/data-flow/data_flow_env/lib/python3.12/site-packages/airflow/example_dags/example_task_group.py
[2024-07-01T10:07:34.303-0400] {processor.py:830} INFO - Processing file /Users/christophercunningham/airflow_workspace/data-flow/data_flow_env/lib/python3.12/site-packages/airflow/example_dags/example_task_group.py for tasks to queue
[2024-07-01T10:07:34.304-0400] {logging_mixin.py:188} INFO - [2024-07-01T10:07:34.304-0400] {dagbag.py:545} INFO - Filling up the DagBag from /Users/christophercunningham/airflow_workspace/data-flow/data_flow_env/lib/python3.12/site-packages/airflow/example_dags/example_task_group.py
[2024-07-01T10:07:34.311-0400] {processor.py:840} INFO - DAG(s) 'example_task_group' retrieved from /Users/christophercunningham/airflow_workspace/data-flow/data_flow_env/lib/python3.12/site-packages/airflow/example_dags/example_task_group.py
[2024-07-01T10:07:34.388-0400] {logging_mixin.py:188} INFO - [2024-07-01T10:07:34.387-0400] {dag.py:3096} INFO - Sync 1 DAGs
[2024-07-01T10:07:34.399-0400] {logging_mixin.py:188} INFO - [2024-07-01T10:07:34.399-0400] {dag.py:3954} INFO - Setting next_dagrun for example_task_group to 2024-06-30 00:00:00+00:00, run_after=2024-07-01 00:00:00+00:00
[2024-07-01T10:07:34.412-0400] {processor.py:183} INFO - Processing /Users/christophercunningham/airflow_workspace/data-flow/data_flow_env/lib/python3.12/site-packages/airflow/example_dags/example_task_group.py took 0.115 seconds
[2024-07-01T10:09:21.248-0400] {processor.py:161} INFO - Started process (PID=18063) to work on /Users/christophercunningham/airflow_workspace/data-flow/data_flow_env/lib/python3.12/site-packages/airflow/example_dags/example_task_group.py
[2024-07-01T10:09:21.250-0400] {processor.py:830} INFO - Processing file /Users/christophercunningham/airflow_workspace/data-flow/data_flow_env/lib/python3.12/site-packages/airflow/example_dags/example_task_group.py for tasks to queue
[2024-07-01T10:09:21.251-0400] {logging_mixin.py:188} INFO - [2024-07-01T10:09:21.251-0400] {dagbag.py:545} INFO - Filling up the DagBag from /Users/christophercunningham/airflow_workspace/data-flow/data_flow_env/lib/python3.12/site-packages/airflow/example_dags/example_task_group.py
[2024-07-01T10:09:21.258-0400] {processor.py:840} INFO - DAG(s) 'example_task_group' retrieved from /Users/christophercunningham/airflow_workspace/data-flow/data_flow_env/lib/python3.12/site-packages/airflow/example_dags/example_task_group.py
[2024-07-01T10:09:21.332-0400] {logging_mixin.py:188} INFO - [2024-07-01T10:09:21.332-0400] {dag.py:3096} INFO - Sync 1 DAGs
[2024-07-01T10:09:21.343-0400] {logging_mixin.py:188} INFO - [2024-07-01T10:09:21.343-0400] {dag.py:3954} INFO - Setting next_dagrun for example_task_group to 2024-06-30 00:00:00+00:00, run_after=2024-07-01 00:00:00+00:00
[2024-07-01T10:09:21.356-0400] {processor.py:183} INFO - Processing /Users/christophercunningham/airflow_workspace/data-flow/data_flow_env/lib/python3.12/site-packages/airflow/example_dags/example_task_group.py took 0.113 seconds
[2024-07-01T10:11:03.898-0400] {processor.py:161} INFO - Started process (PID=18318) to work on /Users/christophercunningham/airflow_workspace/data-flow/data_flow_env/lib/python3.12/site-packages/airflow/example_dags/example_task_group.py
[2024-07-01T10:11:03.900-0400] {processor.py:830} INFO - Processing file /Users/christophercunningham/airflow_workspace/data-flow/data_flow_env/lib/python3.12/site-packages/airflow/example_dags/example_task_group.py for tasks to queue
[2024-07-01T10:11:03.901-0400] {logging_mixin.py:188} INFO - [2024-07-01T10:11:03.900-0400] {dagbag.py:545} INFO - Filling up the DagBag from /Users/christophercunningham/airflow_workspace/data-flow/data_flow_env/lib/python3.12/site-packages/airflow/example_dags/example_task_group.py
[2024-07-01T10:11:03.908-0400] {processor.py:840} INFO - DAG(s) 'example_task_group' retrieved from /Users/christophercunningham/airflow_workspace/data-flow/data_flow_env/lib/python3.12/site-packages/airflow/example_dags/example_task_group.py
[2024-07-01T10:11:03.985-0400] {logging_mixin.py:188} INFO - [2024-07-01T10:11:03.985-0400] {dag.py:3096} INFO - Sync 1 DAGs
[2024-07-01T10:11:03.996-0400] {logging_mixin.py:188} INFO - [2024-07-01T10:11:03.996-0400] {dag.py:3954} INFO - Setting next_dagrun for example_task_group to 2024-06-30 00:00:00+00:00, run_after=2024-07-01 00:00:00+00:00
[2024-07-01T10:11:04.009-0400] {processor.py:183} INFO - Processing /Users/christophercunningham/airflow_workspace/data-flow/data_flow_env/lib/python3.12/site-packages/airflow/example_dags/example_task_group.py took 0.116 seconds
[2024-07-01T10:12:43.307-0400] {processor.py:161} INFO - Started process (PID=18524) to work on /Users/christophercunningham/airflow_workspace/data-flow/data_flow_env/lib/python3.12/site-packages/airflow/example_dags/example_task_group.py
[2024-07-01T10:12:43.308-0400] {processor.py:830} INFO - Processing file /Users/christophercunningham/airflow_workspace/data-flow/data_flow_env/lib/python3.12/site-packages/airflow/example_dags/example_task_group.py for tasks to queue
[2024-07-01T10:12:43.309-0400] {logging_mixin.py:188} INFO - [2024-07-01T10:12:43.308-0400] {dagbag.py:545} INFO - Filling up the DagBag from /Users/christophercunningham/airflow_workspace/data-flow/data_flow_env/lib/python3.12/site-packages/airflow/example_dags/example_task_group.py
[2024-07-01T10:12:43.316-0400] {processor.py:840} INFO - DAG(s) 'example_task_group' retrieved from /Users/christophercunningham/airflow_workspace/data-flow/data_flow_env/lib/python3.12/site-packages/airflow/example_dags/example_task_group.py
[2024-07-01T10:12:43.410-0400] {logging_mixin.py:188} INFO - [2024-07-01T10:12:43.410-0400] {dag.py:3096} INFO - Sync 1 DAGs
[2024-07-01T10:12:43.424-0400] {logging_mixin.py:188} INFO - [2024-07-01T10:12:43.424-0400] {dag.py:3954} INFO - Setting next_dagrun for example_task_group to 2024-06-30 00:00:00+00:00, run_after=2024-07-01 00:00:00+00:00
[2024-07-01T10:12:43.440-0400] {processor.py:183} INFO - Processing /Users/christophercunningham/airflow_workspace/data-flow/data_flow_env/lib/python3.12/site-packages/airflow/example_dags/example_task_group.py took 0.137 seconds
[2024-07-01T10:14:30.549-0400] {processor.py:161} INFO - Started process (PID=18786) to work on /Users/christophercunningham/airflow_workspace/data-flow/data_flow_env/lib/python3.12/site-packages/airflow/example_dags/example_task_group.py
[2024-07-01T10:14:30.550-0400] {processor.py:830} INFO - Processing file /Users/christophercunningham/airflow_workspace/data-flow/data_flow_env/lib/python3.12/site-packages/airflow/example_dags/example_task_group.py for tasks to queue
[2024-07-01T10:14:30.551-0400] {logging_mixin.py:188} INFO - [2024-07-01T10:14:30.551-0400] {dagbag.py:545} INFO - Filling up the DagBag from /Users/christophercunningham/airflow_workspace/data-flow/data_flow_env/lib/python3.12/site-packages/airflow/example_dags/example_task_group.py
[2024-07-01T10:14:30.561-0400] {processor.py:840} INFO - DAG(s) 'example_task_group' retrieved from /Users/christophercunningham/airflow_workspace/data-flow/data_flow_env/lib/python3.12/site-packages/airflow/example_dags/example_task_group.py
[2024-07-01T10:14:30.672-0400] {logging_mixin.py:188} INFO - [2024-07-01T10:14:30.672-0400] {dag.py:3096} INFO - Sync 1 DAGs
[2024-07-01T10:14:30.689-0400] {logging_mixin.py:188} INFO - [2024-07-01T10:14:30.688-0400] {dag.py:3954} INFO - Setting next_dagrun for example_task_group to 2024-06-30 00:00:00+00:00, run_after=2024-07-01 00:00:00+00:00
[2024-07-01T10:14:30.704-0400] {processor.py:183} INFO - Processing /Users/christophercunningham/airflow_workspace/data-flow/data_flow_env/lib/python3.12/site-packages/airflow/example_dags/example_task_group.py took 0.159 seconds
[2024-07-01T10:16:17.939-0400] {processor.py:161} INFO - Started process (PID=19039) to work on /Users/christophercunningham/airflow_workspace/data-flow/data_flow_env/lib/python3.12/site-packages/airflow/example_dags/example_task_group.py
[2024-07-01T10:16:17.941-0400] {processor.py:830} INFO - Processing file /Users/christophercunningham/airflow_workspace/data-flow/data_flow_env/lib/python3.12/site-packages/airflow/example_dags/example_task_group.py for tasks to queue
[2024-07-01T10:16:17.941-0400] {logging_mixin.py:188} INFO - [2024-07-01T10:16:17.941-0400] {dagbag.py:545} INFO - Filling up the DagBag from /Users/christophercunningham/airflow_workspace/data-flow/data_flow_env/lib/python3.12/site-packages/airflow/example_dags/example_task_group.py
[2024-07-01T10:16:17.949-0400] {processor.py:840} INFO - DAG(s) 'example_task_group' retrieved from /Users/christophercunningham/airflow_workspace/data-flow/data_flow_env/lib/python3.12/site-packages/airflow/example_dags/example_task_group.py
[2024-07-01T10:16:18.038-0400] {logging_mixin.py:188} INFO - [2024-07-01T10:16:18.038-0400] {dag.py:3096} INFO - Sync 1 DAGs
[2024-07-01T10:16:18.052-0400] {logging_mixin.py:188} INFO - [2024-07-01T10:16:18.052-0400] {dag.py:3954} INFO - Setting next_dagrun for example_task_group to 2024-06-30 00:00:00+00:00, run_after=2024-07-01 00:00:00+00:00
[2024-07-01T10:16:18.067-0400] {processor.py:183} INFO - Processing /Users/christophercunningham/airflow_workspace/data-flow/data_flow_env/lib/python3.12/site-packages/airflow/example_dags/example_task_group.py took 0.132 seconds
[2024-07-01T10:18:07.257-0400] {processor.py:161} INFO - Started process (PID=19238) to work on /Users/christophercunningham/airflow_workspace/data-flow/data_flow_env/lib/python3.12/site-packages/airflow/example_dags/example_task_group.py
[2024-07-01T10:18:07.258-0400] {processor.py:830} INFO - Processing file /Users/christophercunningham/airflow_workspace/data-flow/data_flow_env/lib/python3.12/site-packages/airflow/example_dags/example_task_group.py for tasks to queue
[2024-07-01T10:18:07.258-0400] {logging_mixin.py:188} INFO - [2024-07-01T10:18:07.258-0400] {dagbag.py:545} INFO - Filling up the DagBag from /Users/christophercunningham/airflow_workspace/data-flow/data_flow_env/lib/python3.12/site-packages/airflow/example_dags/example_task_group.py
[2024-07-01T10:18:07.266-0400] {processor.py:840} INFO - DAG(s) 'example_task_group' retrieved from /Users/christophercunningham/airflow_workspace/data-flow/data_flow_env/lib/python3.12/site-packages/airflow/example_dags/example_task_group.py
[2024-07-01T10:18:07.351-0400] {logging_mixin.py:188} INFO - [2024-07-01T10:18:07.351-0400] {dag.py:3096} INFO - Sync 1 DAGs
[2024-07-01T10:18:07.363-0400] {logging_mixin.py:188} INFO - [2024-07-01T10:18:07.362-0400] {dag.py:3954} INFO - Setting next_dagrun for example_task_group to 2024-06-30 00:00:00+00:00, run_after=2024-07-01 00:00:00+00:00
[2024-07-01T10:18:07.376-0400] {processor.py:183} INFO - Processing /Users/christophercunningham/airflow_workspace/data-flow/data_flow_env/lib/python3.12/site-packages/airflow/example_dags/example_task_group.py took 0.122 seconds
[2024-07-01T10:39:23.542-0400] {processor.py:161} INFO - Started process (PID=21167) to work on /Users/christophercunningham/airflow_workspace/data-flow/data_flow_env/lib/python3.12/site-packages/airflow/example_dags/example_task_group.py
[2024-07-01T10:39:23.543-0400] {processor.py:830} INFO - Processing file /Users/christophercunningham/airflow_workspace/data-flow/data_flow_env/lib/python3.12/site-packages/airflow/example_dags/example_task_group.py for tasks to queue
[2024-07-01T10:39:23.544-0400] {logging_mixin.py:188} INFO - [2024-07-01T10:39:23.544-0400] {dagbag.py:545} INFO - Filling up the DagBag from /Users/christophercunningham/airflow_workspace/data-flow/data_flow_env/lib/python3.12/site-packages/airflow/example_dags/example_task_group.py
[2024-07-01T10:39:23.551-0400] {processor.py:840} INFO - DAG(s) 'example_task_group' retrieved from /Users/christophercunningham/airflow_workspace/data-flow/data_flow_env/lib/python3.12/site-packages/airflow/example_dags/example_task_group.py
[2024-07-01T10:39:23.697-0400] {logging_mixin.py:188} INFO - [2024-07-01T10:39:23.697-0400] {dag.py:3096} INFO - Sync 1 DAGs
[2024-07-01T10:39:23.709-0400] {logging_mixin.py:188} INFO - [2024-07-01T10:39:23.709-0400] {dag.py:3954} INFO - Setting next_dagrun for example_task_group to 2024-06-30 00:00:00+00:00, run_after=2024-07-01 00:00:00+00:00
[2024-07-01T10:39:23.761-0400] {processor.py:183} INFO - Processing /Users/christophercunningham/airflow_workspace/data-flow/data_flow_env/lib/python3.12/site-packages/airflow/example_dags/example_task_group.py took 0.224 seconds
