[2024-07-01T09:32:29.089-0400] {processor.py:161} INFO - Started process (PID=13950) to work on /Users/christophercunningham/airflow_workspace/data-flow/data_flow_env/lib/python3.12/site-packages/airflow/example_dags/example_params_trigger_ui.py
[2024-07-01T09:32:29.090-0400] {processor.py:830} INFO - Processing file /Users/christophercunningham/airflow_workspace/data-flow/data_flow_env/lib/python3.12/site-packages/airflow/example_dags/example_params_trigger_ui.py for tasks to queue
[2024-07-01T09:32:29.091-0400] {logging_mixin.py:188} INFO - [2024-07-01T09:32:29.091-0400] {dagbag.py:545} INFO - Filling up the DagBag from /Users/christophercunningham/airflow_workspace/data-flow/data_flow_env/lib/python3.12/site-packages/airflow/example_dags/example_params_trigger_ui.py
[2024-07-01T09:32:29.121-0400] {processor.py:840} INFO - DAG(s) 'example_params_trigger_ui' retrieved from /Users/christophercunningham/airflow_workspace/data-flow/data_flow_env/lib/python3.12/site-packages/airflow/example_dags/example_params_trigger_ui.py
[2024-07-01T09:32:29.319-0400] {logging_mixin.py:188} INFO - [2024-07-01T09:32:29.319-0400] {dag.py:3096} INFO - Sync 1 DAGs
[2024-07-01T09:32:29.328-0400] {logging_mixin.py:188} INFO - [2024-07-01T09:32:29.328-0400] {dag.py:3954} INFO - Setting next_dagrun for example_params_trigger_ui to None, run_after=None
[2024-07-01T09:32:29.344-0400] {processor.py:183} INFO - Processing /Users/christophercunningham/airflow_workspace/data-flow/data_flow_env/lib/python3.12/site-packages/airflow/example_dags/example_params_trigger_ui.py took 0.259 seconds
[2024-07-01T09:34:42.901-0400] {processor.py:161} INFO - Started process (PID=14186) to work on /Users/christophercunningham/airflow_workspace/data-flow/data_flow_env/lib/python3.12/site-packages/airflow/example_dags/example_params_trigger_ui.py
[2024-07-01T09:34:42.903-0400] {processor.py:830} INFO - Processing file /Users/christophercunningham/airflow_workspace/data-flow/data_flow_env/lib/python3.12/site-packages/airflow/example_dags/example_params_trigger_ui.py for tasks to queue
[2024-07-01T09:34:42.904-0400] {logging_mixin.py:188} INFO - [2024-07-01T09:34:42.904-0400] {dagbag.py:545} INFO - Filling up the DagBag from /Users/christophercunningham/airflow_workspace/data-flow/data_flow_env/lib/python3.12/site-packages/airflow/example_dags/example_params_trigger_ui.py
[2024-07-01T09:34:42.939-0400] {processor.py:840} INFO - DAG(s) 'example_params_trigger_ui' retrieved from /Users/christophercunningham/airflow_workspace/data-flow/data_flow_env/lib/python3.12/site-packages/airflow/example_dags/example_params_trigger_ui.py
[2024-07-01T09:34:43.035-0400] {logging_mixin.py:188} INFO - [2024-07-01T09:34:43.034-0400] {dag.py:3096} INFO - Sync 1 DAGs
[2024-07-01T09:34:43.042-0400] {logging_mixin.py:188} INFO - [2024-07-01T09:34:43.042-0400] {dag.py:3954} INFO - Setting next_dagrun for example_params_trigger_ui to None, run_after=None
[2024-07-01T09:34:43.054-0400] {processor.py:183} INFO - Processing /Users/christophercunningham/airflow_workspace/data-flow/data_flow_env/lib/python3.12/site-packages/airflow/example_dags/example_params_trigger_ui.py took 0.159 seconds
[2024-07-01T09:38:10.187-0400] {processor.py:161} INFO - Started process (PID=14505) to work on /Users/christophercunningham/airflow_workspace/data-flow/data_flow_env/lib/python3.12/site-packages/airflow/example_dags/example_params_trigger_ui.py
[2024-07-01T09:38:10.188-0400] {processor.py:830} INFO - Processing file /Users/christophercunningham/airflow_workspace/data-flow/data_flow_env/lib/python3.12/site-packages/airflow/example_dags/example_params_trigger_ui.py for tasks to queue
[2024-07-01T09:38:10.189-0400] {logging_mixin.py:188} INFO - [2024-07-01T09:38:10.189-0400] {dagbag.py:545} INFO - Filling up the DagBag from /Users/christophercunningham/airflow_workspace/data-flow/data_flow_env/lib/python3.12/site-packages/airflow/example_dags/example_params_trigger_ui.py
[2024-07-01T09:38:10.221-0400] {processor.py:840} INFO - DAG(s) 'example_params_trigger_ui' retrieved from /Users/christophercunningham/airflow_workspace/data-flow/data_flow_env/lib/python3.12/site-packages/airflow/example_dags/example_params_trigger_ui.py
[2024-07-01T09:38:10.313-0400] {logging_mixin.py:188} INFO - [2024-07-01T09:38:10.313-0400] {dag.py:3096} INFO - Sync 1 DAGs
[2024-07-01T09:38:10.320-0400] {logging_mixin.py:188} INFO - [2024-07-01T09:38:10.320-0400] {dag.py:3954} INFO - Setting next_dagrun for example_params_trigger_ui to None, run_after=None
[2024-07-01T09:38:10.336-0400] {processor.py:183} INFO - Processing /Users/christophercunningham/airflow_workspace/data-flow/data_flow_env/lib/python3.12/site-packages/airflow/example_dags/example_params_trigger_ui.py took 0.155 seconds
[2024-07-01T09:41:40.089-0400] {processor.py:161} INFO - Started process (PID=14887) to work on /Users/christophercunningham/airflow_workspace/data-flow/data_flow_env/lib/python3.12/site-packages/airflow/example_dags/example_params_trigger_ui.py
[2024-07-01T09:41:40.090-0400] {processor.py:830} INFO - Processing file /Users/christophercunningham/airflow_workspace/data-flow/data_flow_env/lib/python3.12/site-packages/airflow/example_dags/example_params_trigger_ui.py for tasks to queue
[2024-07-01T09:41:40.091-0400] {logging_mixin.py:188} INFO - [2024-07-01T09:41:40.091-0400] {dagbag.py:545} INFO - Filling up the DagBag from /Users/christophercunningham/airflow_workspace/data-flow/data_flow_env/lib/python3.12/site-packages/airflow/example_dags/example_params_trigger_ui.py
[2024-07-01T09:41:40.123-0400] {processor.py:840} INFO - DAG(s) 'example_params_trigger_ui' retrieved from /Users/christophercunningham/airflow_workspace/data-flow/data_flow_env/lib/python3.12/site-packages/airflow/example_dags/example_params_trigger_ui.py
[2024-07-01T09:41:40.217-0400] {logging_mixin.py:188} INFO - [2024-07-01T09:41:40.216-0400] {dag.py:3096} INFO - Sync 1 DAGs
[2024-07-01T09:41:40.224-0400] {logging_mixin.py:188} INFO - [2024-07-01T09:41:40.224-0400] {dag.py:3954} INFO - Setting next_dagrun for example_params_trigger_ui to None, run_after=None
[2024-07-01T09:41:40.238-0400] {processor.py:183} INFO - Processing /Users/christophercunningham/airflow_workspace/data-flow/data_flow_env/lib/python3.12/site-packages/airflow/example_dags/example_params_trigger_ui.py took 0.154 seconds
[2024-07-01T09:45:19.850-0400] {processor.py:161} INFO - Started process (PID=15227) to work on /Users/christophercunningham/airflow_workspace/data-flow/data_flow_env/lib/python3.12/site-packages/airflow/example_dags/example_params_trigger_ui.py
[2024-07-01T09:45:19.852-0400] {processor.py:830} INFO - Processing file /Users/christophercunningham/airflow_workspace/data-flow/data_flow_env/lib/python3.12/site-packages/airflow/example_dags/example_params_trigger_ui.py for tasks to queue
[2024-07-01T09:45:19.853-0400] {logging_mixin.py:188} INFO - [2024-07-01T09:45:19.852-0400] {dagbag.py:545} INFO - Filling up the DagBag from /Users/christophercunningham/airflow_workspace/data-flow/data_flow_env/lib/python3.12/site-packages/airflow/example_dags/example_params_trigger_ui.py
[2024-07-01T09:45:19.885-0400] {processor.py:840} INFO - DAG(s) 'example_params_trigger_ui' retrieved from /Users/christophercunningham/airflow_workspace/data-flow/data_flow_env/lib/python3.12/site-packages/airflow/example_dags/example_params_trigger_ui.py
[2024-07-01T09:45:19.979-0400] {logging_mixin.py:188} INFO - [2024-07-01T09:45:19.979-0400] {dag.py:3096} INFO - Sync 1 DAGs
[2024-07-01T09:45:19.986-0400] {logging_mixin.py:188} INFO - [2024-07-01T09:45:19.986-0400] {dag.py:3954} INFO - Setting next_dagrun for example_params_trigger_ui to None, run_after=None
[2024-07-01T09:45:19.999-0400] {processor.py:183} INFO - Processing /Users/christophercunningham/airflow_workspace/data-flow/data_flow_env/lib/python3.12/site-packages/airflow/example_dags/example_params_trigger_ui.py took 0.153 seconds
[2024-07-01T09:48:53.728-0400] {processor.py:161} INFO - Started process (PID=15545) to work on /Users/christophercunningham/airflow_workspace/data-flow/data_flow_env/lib/python3.12/site-packages/airflow/example_dags/example_params_trigger_ui.py
[2024-07-01T09:48:53.729-0400] {processor.py:830} INFO - Processing file /Users/christophercunningham/airflow_workspace/data-flow/data_flow_env/lib/python3.12/site-packages/airflow/example_dags/example_params_trigger_ui.py for tasks to queue
[2024-07-01T09:48:53.730-0400] {logging_mixin.py:188} INFO - [2024-07-01T09:48:53.730-0400] {dagbag.py:545} INFO - Filling up the DagBag from /Users/christophercunningham/airflow_workspace/data-flow/data_flow_env/lib/python3.12/site-packages/airflow/example_dags/example_params_trigger_ui.py
[2024-07-01T09:48:53.763-0400] {processor.py:840} INFO - DAG(s) 'example_params_trigger_ui' retrieved from /Users/christophercunningham/airflow_workspace/data-flow/data_flow_env/lib/python3.12/site-packages/airflow/example_dags/example_params_trigger_ui.py
[2024-07-01T09:48:53.862-0400] {logging_mixin.py:188} INFO - [2024-07-01T09:48:53.862-0400] {dag.py:3096} INFO - Sync 1 DAGs
[2024-07-01T09:48:53.870-0400] {logging_mixin.py:188} INFO - [2024-07-01T09:48:53.870-0400] {dag.py:3954} INFO - Setting next_dagrun for example_params_trigger_ui to None, run_after=None
[2024-07-01T09:48:53.882-0400] {processor.py:183} INFO - Processing /Users/christophercunningham/airflow_workspace/data-flow/data_flow_env/lib/python3.12/site-packages/airflow/example_dags/example_params_trigger_ui.py took 0.159 seconds
[2024-07-01T09:52:30.083-0400] {processor.py:161} INFO - Started process (PID=15925) to work on /Users/christophercunningham/airflow_workspace/data-flow/data_flow_env/lib/python3.12/site-packages/airflow/example_dags/example_params_trigger_ui.py
[2024-07-01T09:52:30.084-0400] {processor.py:830} INFO - Processing file /Users/christophercunningham/airflow_workspace/data-flow/data_flow_env/lib/python3.12/site-packages/airflow/example_dags/example_params_trigger_ui.py for tasks to queue
[2024-07-01T09:52:30.085-0400] {logging_mixin.py:188} INFO - [2024-07-01T09:52:30.085-0400] {dagbag.py:545} INFO - Filling up the DagBag from /Users/christophercunningham/airflow_workspace/data-flow/data_flow_env/lib/python3.12/site-packages/airflow/example_dags/example_params_trigger_ui.py
[2024-07-01T09:52:30.116-0400] {processor.py:840} INFO - DAG(s) 'example_params_trigger_ui' retrieved from /Users/christophercunningham/airflow_workspace/data-flow/data_flow_env/lib/python3.12/site-packages/airflow/example_dags/example_params_trigger_ui.py
[2024-07-01T09:52:30.210-0400] {logging_mixin.py:188} INFO - [2024-07-01T09:52:30.210-0400] {dag.py:3096} INFO - Sync 1 DAGs
[2024-07-01T09:52:30.218-0400] {logging_mixin.py:188} INFO - [2024-07-01T09:52:30.218-0400] {dag.py:3954} INFO - Setting next_dagrun for example_params_trigger_ui to None, run_after=None
[2024-07-01T09:52:30.232-0400] {processor.py:183} INFO - Processing /Users/christophercunningham/airflow_workspace/data-flow/data_flow_env/lib/python3.12/site-packages/airflow/example_dags/example_params_trigger_ui.py took 0.153 seconds
[2024-07-01T09:55:50.445-0400] {processor.py:161} INFO - Started process (PID=16329) to work on /Users/christophercunningham/airflow_workspace/data-flow/data_flow_env/lib/python3.12/site-packages/airflow/example_dags/example_params_trigger_ui.py
[2024-07-01T09:55:50.447-0400] {processor.py:830} INFO - Processing file /Users/christophercunningham/airflow_workspace/data-flow/data_flow_env/lib/python3.12/site-packages/airflow/example_dags/example_params_trigger_ui.py for tasks to queue
[2024-07-01T09:55:50.448-0400] {logging_mixin.py:188} INFO - [2024-07-01T09:55:50.448-0400] {dagbag.py:545} INFO - Filling up the DagBag from /Users/christophercunningham/airflow_workspace/data-flow/data_flow_env/lib/python3.12/site-packages/airflow/example_dags/example_params_trigger_ui.py
[2024-07-01T09:55:50.482-0400] {processor.py:840} INFO - DAG(s) 'example_params_trigger_ui' retrieved from /Users/christophercunningham/airflow_workspace/data-flow/data_flow_env/lib/python3.12/site-packages/airflow/example_dags/example_params_trigger_ui.py
[2024-07-01T09:55:50.576-0400] {logging_mixin.py:188} INFO - [2024-07-01T09:55:50.576-0400] {dag.py:3096} INFO - Sync 1 DAGs
[2024-07-01T09:55:50.584-0400] {logging_mixin.py:188} INFO - [2024-07-01T09:55:50.584-0400] {dag.py:3954} INFO - Setting next_dagrun for example_params_trigger_ui to None, run_after=None
[2024-07-01T09:55:50.597-0400] {processor.py:183} INFO - Processing /Users/christophercunningham/airflow_workspace/data-flow/data_flow_env/lib/python3.12/site-packages/airflow/example_dags/example_params_trigger_ui.py took 0.156 seconds
[2024-07-01T09:59:13.186-0400] {processor.py:161} INFO - Started process (PID=16768) to work on /Users/christophercunningham/airflow_workspace/data-flow/data_flow_env/lib/python3.12/site-packages/airflow/example_dags/example_params_trigger_ui.py
[2024-07-01T09:59:13.187-0400] {processor.py:830} INFO - Processing file /Users/christophercunningham/airflow_workspace/data-flow/data_flow_env/lib/python3.12/site-packages/airflow/example_dags/example_params_trigger_ui.py for tasks to queue
[2024-07-01T09:59:13.187-0400] {logging_mixin.py:188} INFO - [2024-07-01T09:59:13.187-0400] {dagbag.py:545} INFO - Filling up the DagBag from /Users/christophercunningham/airflow_workspace/data-flow/data_flow_env/lib/python3.12/site-packages/airflow/example_dags/example_params_trigger_ui.py
[2024-07-01T09:59:13.220-0400] {processor.py:840} INFO - DAG(s) 'example_params_trigger_ui' retrieved from /Users/christophercunningham/airflow_workspace/data-flow/data_flow_env/lib/python3.12/site-packages/airflow/example_dags/example_params_trigger_ui.py
[2024-07-01T09:59:13.321-0400] {logging_mixin.py:188} INFO - [2024-07-01T09:59:13.321-0400] {dag.py:3096} INFO - Sync 1 DAGs
[2024-07-01T09:59:13.330-0400] {logging_mixin.py:188} INFO - [2024-07-01T09:59:13.330-0400] {dag.py:3954} INFO - Setting next_dagrun for example_params_trigger_ui to None, run_after=None
[2024-07-01T09:59:13.343-0400] {processor.py:183} INFO - Processing /Users/christophercunningham/airflow_workspace/data-flow/data_flow_env/lib/python3.12/site-packages/airflow/example_dags/example_params_trigger_ui.py took 0.161 seconds
[2024-07-01T10:02:39.103-0400] {processor.py:161} INFO - Started process (PID=17231) to work on /Users/christophercunningham/airflow_workspace/data-flow/data_flow_env/lib/python3.12/site-packages/airflow/example_dags/example_params_trigger_ui.py
[2024-07-01T10:02:39.105-0400] {processor.py:830} INFO - Processing file /Users/christophercunningham/airflow_workspace/data-flow/data_flow_env/lib/python3.12/site-packages/airflow/example_dags/example_params_trigger_ui.py for tasks to queue
[2024-07-01T10:02:39.106-0400] {logging_mixin.py:188} INFO - [2024-07-01T10:02:39.106-0400] {dagbag.py:545} INFO - Filling up the DagBag from /Users/christophercunningham/airflow_workspace/data-flow/data_flow_env/lib/python3.12/site-packages/airflow/example_dags/example_params_trigger_ui.py
[2024-07-01T10:02:39.139-0400] {processor.py:840} INFO - DAG(s) 'example_params_trigger_ui' retrieved from /Users/christophercunningham/airflow_workspace/data-flow/data_flow_env/lib/python3.12/site-packages/airflow/example_dags/example_params_trigger_ui.py
[2024-07-01T10:02:39.235-0400] {logging_mixin.py:188} INFO - [2024-07-01T10:02:39.235-0400] {dag.py:3096} INFO - Sync 1 DAGs
[2024-07-01T10:02:39.242-0400] {logging_mixin.py:188} INFO - [2024-07-01T10:02:39.242-0400] {dag.py:3954} INFO - Setting next_dagrun for example_params_trigger_ui to None, run_after=None
[2024-07-01T10:02:39.255-0400] {processor.py:183} INFO - Processing /Users/christophercunningham/airflow_workspace/data-flow/data_flow_env/lib/python3.12/site-packages/airflow/example_dags/example_params_trigger_ui.py took 0.156 seconds
[2024-07-01T10:06:19.507-0400] {processor.py:161} INFO - Started process (PID=17689) to work on /Users/christophercunningham/airflow_workspace/data-flow/data_flow_env/lib/python3.12/site-packages/airflow/example_dags/example_params_trigger_ui.py
[2024-07-01T10:06:19.508-0400] {processor.py:830} INFO - Processing file /Users/christophercunningham/airflow_workspace/data-flow/data_flow_env/lib/python3.12/site-packages/airflow/example_dags/example_params_trigger_ui.py for tasks to queue
[2024-07-01T10:06:19.509-0400] {logging_mixin.py:188} INFO - [2024-07-01T10:06:19.509-0400] {dagbag.py:545} INFO - Filling up the DagBag from /Users/christophercunningham/airflow_workspace/data-flow/data_flow_env/lib/python3.12/site-packages/airflow/example_dags/example_params_trigger_ui.py
[2024-07-01T10:06:19.540-0400] {processor.py:840} INFO - DAG(s) 'example_params_trigger_ui' retrieved from /Users/christophercunningham/airflow_workspace/data-flow/data_flow_env/lib/python3.12/site-packages/airflow/example_dags/example_params_trigger_ui.py
[2024-07-01T10:06:19.635-0400] {logging_mixin.py:188} INFO - [2024-07-01T10:06:19.635-0400] {dag.py:3096} INFO - Sync 1 DAGs
[2024-07-01T10:06:19.642-0400] {logging_mixin.py:188} INFO - [2024-07-01T10:06:19.642-0400] {dag.py:3954} INFO - Setting next_dagrun for example_params_trigger_ui to None, run_after=None
[2024-07-01T10:06:19.654-0400] {processor.py:183} INFO - Processing /Users/christophercunningham/airflow_workspace/data-flow/data_flow_env/lib/python3.12/site-packages/airflow/example_dags/example_params_trigger_ui.py took 0.153 seconds
[2024-07-01T10:09:54.986-0400] {processor.py:161} INFO - Started process (PID=18132) to work on /Users/christophercunningham/airflow_workspace/data-flow/data_flow_env/lib/python3.12/site-packages/airflow/example_dags/example_params_trigger_ui.py
[2024-07-01T10:09:54.988-0400] {processor.py:830} INFO - Processing file /Users/christophercunningham/airflow_workspace/data-flow/data_flow_env/lib/python3.12/site-packages/airflow/example_dags/example_params_trigger_ui.py for tasks to queue
[2024-07-01T10:09:54.988-0400] {logging_mixin.py:188} INFO - [2024-07-01T10:09:54.988-0400] {dagbag.py:545} INFO - Filling up the DagBag from /Users/christophercunningham/airflow_workspace/data-flow/data_flow_env/lib/python3.12/site-packages/airflow/example_dags/example_params_trigger_ui.py
[2024-07-01T10:09:55.021-0400] {processor.py:840} INFO - DAG(s) 'example_params_trigger_ui' retrieved from /Users/christophercunningham/airflow_workspace/data-flow/data_flow_env/lib/python3.12/site-packages/airflow/example_dags/example_params_trigger_ui.py
[2024-07-01T10:09:55.116-0400] {logging_mixin.py:188} INFO - [2024-07-01T10:09:55.116-0400] {dag.py:3096} INFO - Sync 1 DAGs
[2024-07-01T10:09:55.123-0400] {logging_mixin.py:188} INFO - [2024-07-01T10:09:55.123-0400] {dag.py:3954} INFO - Setting next_dagrun for example_params_trigger_ui to None, run_after=None
[2024-07-01T10:09:55.139-0400] {processor.py:183} INFO - Processing /Users/christophercunningham/airflow_workspace/data-flow/data_flow_env/lib/python3.12/site-packages/airflow/example_dags/example_params_trigger_ui.py took 0.157 seconds
[2024-07-01T10:13:15.009-0400] {processor.py:161} INFO - Started process (PID=18607) to work on /Users/christophercunningham/airflow_workspace/data-flow/data_flow_env/lib/python3.12/site-packages/airflow/example_dags/example_params_trigger_ui.py
[2024-07-01T10:13:15.011-0400] {processor.py:830} INFO - Processing file /Users/christophercunningham/airflow_workspace/data-flow/data_flow_env/lib/python3.12/site-packages/airflow/example_dags/example_params_trigger_ui.py for tasks to queue
[2024-07-01T10:13:15.012-0400] {logging_mixin.py:188} INFO - [2024-07-01T10:13:15.011-0400] {dagbag.py:545} INFO - Filling up the DagBag from /Users/christophercunningham/airflow_workspace/data-flow/data_flow_env/lib/python3.12/site-packages/airflow/example_dags/example_params_trigger_ui.py
[2024-07-01T10:13:15.042-0400] {processor.py:840} INFO - DAG(s) 'example_params_trigger_ui' retrieved from /Users/christophercunningham/airflow_workspace/data-flow/data_flow_env/lib/python3.12/site-packages/airflow/example_dags/example_params_trigger_ui.py
[2024-07-01T10:13:15.137-0400] {logging_mixin.py:188} INFO - [2024-07-01T10:13:15.137-0400] {dag.py:3096} INFO - Sync 1 DAGs
[2024-07-01T10:13:15.144-0400] {logging_mixin.py:188} INFO - [2024-07-01T10:13:15.144-0400] {dag.py:3954} INFO - Setting next_dagrun for example_params_trigger_ui to None, run_after=None
[2024-07-01T10:13:15.161-0400] {processor.py:183} INFO - Processing /Users/christophercunningham/airflow_workspace/data-flow/data_flow_env/lib/python3.12/site-packages/airflow/example_dags/example_params_trigger_ui.py took 0.156 seconds
[2024-07-01T10:16:50.197-0400] {processor.py:161} INFO - Started process (PID=19089) to work on /Users/christophercunningham/airflow_workspace/data-flow/data_flow_env/lib/python3.12/site-packages/airflow/example_dags/example_params_trigger_ui.py
[2024-07-01T10:16:50.199-0400] {processor.py:830} INFO - Processing file /Users/christophercunningham/airflow_workspace/data-flow/data_flow_env/lib/python3.12/site-packages/airflow/example_dags/example_params_trigger_ui.py for tasks to queue
[2024-07-01T10:16:50.199-0400] {logging_mixin.py:188} INFO - [2024-07-01T10:16:50.199-0400] {dagbag.py:545} INFO - Filling up the DagBag from /Users/christophercunningham/airflow_workspace/data-flow/data_flow_env/lib/python3.12/site-packages/airflow/example_dags/example_params_trigger_ui.py
[2024-07-01T10:16:50.229-0400] {processor.py:840} INFO - DAG(s) 'example_params_trigger_ui' retrieved from /Users/christophercunningham/airflow_workspace/data-flow/data_flow_env/lib/python3.12/site-packages/airflow/example_dags/example_params_trigger_ui.py
[2024-07-01T10:16:50.320-0400] {logging_mixin.py:188} INFO - [2024-07-01T10:16:50.320-0400] {dag.py:3096} INFO - Sync 1 DAGs
[2024-07-01T10:16:50.327-0400] {logging_mixin.py:188} INFO - [2024-07-01T10:16:50.327-0400] {dag.py:3954} INFO - Setting next_dagrun for example_params_trigger_ui to None, run_after=None
[2024-07-01T10:16:50.341-0400] {processor.py:183} INFO - Processing /Users/christophercunningham/airflow_workspace/data-flow/data_flow_env/lib/python3.12/site-packages/airflow/example_dags/example_params_trigger_ui.py took 0.149 seconds
[2024-07-01T10:40:03.694-0400] {processor.py:161} INFO - Started process (PID=21253) to work on /Users/christophercunningham/airflow_workspace/data-flow/data_flow_env/lib/python3.12/site-packages/airflow/example_dags/example_params_trigger_ui.py
[2024-07-01T10:40:03.696-0400] {processor.py:830} INFO - Processing file /Users/christophercunningham/airflow_workspace/data-flow/data_flow_env/lib/python3.12/site-packages/airflow/example_dags/example_params_trigger_ui.py for tasks to queue
[2024-07-01T10:40:03.696-0400] {logging_mixin.py:188} INFO - [2024-07-01T10:40:03.696-0400] {dagbag.py:545} INFO - Filling up the DagBag from /Users/christophercunningham/airflow_workspace/data-flow/data_flow_env/lib/python3.12/site-packages/airflow/example_dags/example_params_trigger_ui.py
[2024-07-01T10:40:03.730-0400] {processor.py:840} INFO - DAG(s) 'example_params_trigger_ui' retrieved from /Users/christophercunningham/airflow_workspace/data-flow/data_flow_env/lib/python3.12/site-packages/airflow/example_dags/example_params_trigger_ui.py
[2024-07-01T10:40:03.948-0400] {logging_mixin.py:188} INFO - [2024-07-01T10:40:03.948-0400] {dag.py:3096} INFO - Sync 1 DAGs
[2024-07-01T10:40:03.956-0400] {logging_mixin.py:188} INFO - [2024-07-01T10:40:03.956-0400] {dag.py:3954} INFO - Setting next_dagrun for example_params_trigger_ui to None, run_after=None
[2024-07-01T10:40:03.971-0400] {processor.py:183} INFO - Processing /Users/christophercunningham/airflow_workspace/data-flow/data_flow_env/lib/python3.12/site-packages/airflow/example_dags/example_params_trigger_ui.py took 0.280 seconds
