[2024-07-01T09:31:41.473-0400] {processor.py:161} INFO - Started process (PID=13846) to work on /Users/christophercunningham/airflow_workspace/data-flow/data_flow_env/lib/python3.12/site-packages/airflow/example_dags/example_trigger_controller_dag.py
[2024-07-01T09:31:41.475-0400] {processor.py:830} INFO - Processing file /Users/christophercunningham/airflow_workspace/data-flow/data_flow_env/lib/python3.12/site-packages/airflow/example_dags/example_trigger_controller_dag.py for tasks to queue
[2024-07-01T09:31:41.476-0400] {logging_mixin.py:188} INFO - [2024-07-01T09:31:41.475-0400] {dagbag.py:545} INFO - Filling up the DagBag from /Users/christophercunningham/airflow_workspace/data-flow/data_flow_env/lib/python3.12/site-packages/airflow/example_dags/example_trigger_controller_dag.py
[2024-07-01T09:31:41.486-0400] {processor.py:840} INFO - DAG(s) 'example_trigger_controller_dag' retrieved from /Users/christophercunningham/airflow_workspace/data-flow/data_flow_env/lib/python3.12/site-packages/airflow/example_dags/example_trigger_controller_dag.py
[2024-07-01T09:31:41.629-0400] {logging_mixin.py:188} INFO - [2024-07-01T09:31:41.629-0400] {dag.py:3096} INFO - Sync 1 DAGs
[2024-07-01T09:31:41.640-0400] {logging_mixin.py:188} INFO - [2024-07-01T09:31:41.639-0400] {dag.py:3954} INFO - Setting next_dagrun for example_trigger_controller_dag to 2021-01-01 00:00:00+00:00, run_after=2021-01-01 00:00:00+00:00
[2024-07-01T09:31:41.654-0400] {processor.py:183} INFO - Processing /Users/christophercunningham/airflow_workspace/data-flow/data_flow_env/lib/python3.12/site-packages/airflow/example_dags/example_trigger_controller_dag.py took 0.186 seconds
[2024-07-01T09:33:59.929-0400] {processor.py:161} INFO - Started process (PID=14123) to work on /Users/christophercunningham/airflow_workspace/data-flow/data_flow_env/lib/python3.12/site-packages/airflow/example_dags/example_trigger_controller_dag.py
[2024-07-01T09:33:59.930-0400] {processor.py:830} INFO - Processing file /Users/christophercunningham/airflow_workspace/data-flow/data_flow_env/lib/python3.12/site-packages/airflow/example_dags/example_trigger_controller_dag.py for tasks to queue
[2024-07-01T09:33:59.931-0400] {logging_mixin.py:188} INFO - [2024-07-01T09:33:59.931-0400] {dagbag.py:545} INFO - Filling up the DagBag from /Users/christophercunningham/airflow_workspace/data-flow/data_flow_env/lib/python3.12/site-packages/airflow/example_dags/example_trigger_controller_dag.py
[2024-07-01T09:33:59.945-0400] {processor.py:840} INFO - DAG(s) 'example_trigger_controller_dag' retrieved from /Users/christophercunningham/airflow_workspace/data-flow/data_flow_env/lib/python3.12/site-packages/airflow/example_dags/example_trigger_controller_dag.py
[2024-07-01T09:34:00.033-0400] {logging_mixin.py:188} INFO - [2024-07-01T09:34:00.033-0400] {dag.py:3096} INFO - Sync 1 DAGs
[2024-07-01T09:34:00.048-0400] {logging_mixin.py:188} INFO - [2024-07-01T09:34:00.048-0400] {dag.py:3954} INFO - Setting next_dagrun for example_trigger_controller_dag to 2021-01-01 00:00:00+00:00, run_after=2021-01-01 00:00:00+00:00
[2024-07-01T09:34:00.065-0400] {processor.py:183} INFO - Processing /Users/christophercunningham/airflow_workspace/data-flow/data_flow_env/lib/python3.12/site-packages/airflow/example_dags/example_trigger_controller_dag.py took 0.141 seconds
[2024-07-01T09:35:43.034-0400] {processor.py:161} INFO - Started process (PID=14273) to work on /Users/christophercunningham/airflow_workspace/data-flow/data_flow_env/lib/python3.12/site-packages/airflow/example_dags/example_trigger_controller_dag.py
[2024-07-01T09:35:43.036-0400] {processor.py:830} INFO - Processing file /Users/christophercunningham/airflow_workspace/data-flow/data_flow_env/lib/python3.12/site-packages/airflow/example_dags/example_trigger_controller_dag.py for tasks to queue
[2024-07-01T09:35:43.036-0400] {logging_mixin.py:188} INFO - [2024-07-01T09:35:43.036-0400] {dagbag.py:545} INFO - Filling up the DagBag from /Users/christophercunningham/airflow_workspace/data-flow/data_flow_env/lib/python3.12/site-packages/airflow/example_dags/example_trigger_controller_dag.py
[2024-07-01T09:35:43.047-0400] {processor.py:840} INFO - DAG(s) 'example_trigger_controller_dag' retrieved from /Users/christophercunningham/airflow_workspace/data-flow/data_flow_env/lib/python3.12/site-packages/airflow/example_dags/example_trigger_controller_dag.py
[2024-07-01T09:35:43.115-0400] {logging_mixin.py:188} INFO - [2024-07-01T09:35:43.115-0400] {dag.py:3096} INFO - Sync 1 DAGs
[2024-07-01T09:35:43.125-0400] {logging_mixin.py:188} INFO - [2024-07-01T09:35:43.125-0400] {dag.py:3954} INFO - Setting next_dagrun for example_trigger_controller_dag to 2021-01-01 00:00:00+00:00, run_after=2021-01-01 00:00:00+00:00
[2024-07-01T09:35:43.138-0400] {processor.py:183} INFO - Processing /Users/christophercunningham/airflow_workspace/data-flow/data_flow_env/lib/python3.12/site-packages/airflow/example_dags/example_trigger_controller_dag.py took 0.109 seconds
[2024-07-01T09:37:28.052-0400] {processor.py:161} INFO - Started process (PID=14445) to work on /Users/christophercunningham/airflow_workspace/data-flow/data_flow_env/lib/python3.12/site-packages/airflow/example_dags/example_trigger_controller_dag.py
[2024-07-01T09:37:28.054-0400] {processor.py:830} INFO - Processing file /Users/christophercunningham/airflow_workspace/data-flow/data_flow_env/lib/python3.12/site-packages/airflow/example_dags/example_trigger_controller_dag.py for tasks to queue
[2024-07-01T09:37:28.055-0400] {logging_mixin.py:188} INFO - [2024-07-01T09:37:28.054-0400] {dagbag.py:545} INFO - Filling up the DagBag from /Users/christophercunningham/airflow_workspace/data-flow/data_flow_env/lib/python3.12/site-packages/airflow/example_dags/example_trigger_controller_dag.py
[2024-07-01T09:37:28.064-0400] {processor.py:840} INFO - DAG(s) 'example_trigger_controller_dag' retrieved from /Users/christophercunningham/airflow_workspace/data-flow/data_flow_env/lib/python3.12/site-packages/airflow/example_dags/example_trigger_controller_dag.py
[2024-07-01T09:37:28.131-0400] {logging_mixin.py:188} INFO - [2024-07-01T09:37:28.131-0400] {dag.py:3096} INFO - Sync 1 DAGs
[2024-07-01T09:37:28.141-0400] {logging_mixin.py:188} INFO - [2024-07-01T09:37:28.141-0400] {dag.py:3954} INFO - Setting next_dagrun for example_trigger_controller_dag to 2021-01-01 00:00:00+00:00, run_after=2021-01-01 00:00:00+00:00
[2024-07-01T09:37:28.154-0400] {processor.py:183} INFO - Processing /Users/christophercunningham/airflow_workspace/data-flow/data_flow_env/lib/python3.12/site-packages/airflow/example_dags/example_trigger_controller_dag.py took 0.106 seconds
[2024-07-01T09:39:15.950-0400] {processor.py:161} INFO - Started process (PID=14606) to work on /Users/christophercunningham/airflow_workspace/data-flow/data_flow_env/lib/python3.12/site-packages/airflow/example_dags/example_trigger_controller_dag.py
[2024-07-01T09:39:15.952-0400] {processor.py:830} INFO - Processing file /Users/christophercunningham/airflow_workspace/data-flow/data_flow_env/lib/python3.12/site-packages/airflow/example_dags/example_trigger_controller_dag.py for tasks to queue
[2024-07-01T09:39:15.953-0400] {logging_mixin.py:188} INFO - [2024-07-01T09:39:15.953-0400] {dagbag.py:545} INFO - Filling up the DagBag from /Users/christophercunningham/airflow_workspace/data-flow/data_flow_env/lib/python3.12/site-packages/airflow/example_dags/example_trigger_controller_dag.py
[2024-07-01T09:39:15.964-0400] {processor.py:840} INFO - DAG(s) 'example_trigger_controller_dag' retrieved from /Users/christophercunningham/airflow_workspace/data-flow/data_flow_env/lib/python3.12/site-packages/airflow/example_dags/example_trigger_controller_dag.py
[2024-07-01T09:39:16.043-0400] {logging_mixin.py:188} INFO - [2024-07-01T09:39:16.043-0400] {dag.py:3096} INFO - Sync 1 DAGs
[2024-07-01T09:39:16.060-0400] {logging_mixin.py:188} INFO - [2024-07-01T09:39:16.059-0400] {dag.py:3954} INFO - Setting next_dagrun for example_trigger_controller_dag to 2021-01-01 00:00:00+00:00, run_after=2021-01-01 00:00:00+00:00
[2024-07-01T09:39:16.073-0400] {processor.py:183} INFO - Processing /Users/christophercunningham/airflow_workspace/data-flow/data_flow_env/lib/python3.12/site-packages/airflow/example_dags/example_trigger_controller_dag.py took 0.126 seconds
[2024-07-01T09:41:00.518-0400] {processor.py:161} INFO - Started process (PID=14821) to work on /Users/christophercunningham/airflow_workspace/data-flow/data_flow_env/lib/python3.12/site-packages/airflow/example_dags/example_trigger_controller_dag.py
[2024-07-01T09:41:00.521-0400] {processor.py:830} INFO - Processing file /Users/christophercunningham/airflow_workspace/data-flow/data_flow_env/lib/python3.12/site-packages/airflow/example_dags/example_trigger_controller_dag.py for tasks to queue
[2024-07-01T09:41:00.522-0400] {logging_mixin.py:188} INFO - [2024-07-01T09:41:00.521-0400] {dagbag.py:545} INFO - Filling up the DagBag from /Users/christophercunningham/airflow_workspace/data-flow/data_flow_env/lib/python3.12/site-packages/airflow/example_dags/example_trigger_controller_dag.py
[2024-07-01T09:41:00.531-0400] {processor.py:840} INFO - DAG(s) 'example_trigger_controller_dag' retrieved from /Users/christophercunningham/airflow_workspace/data-flow/data_flow_env/lib/python3.12/site-packages/airflow/example_dags/example_trigger_controller_dag.py
[2024-07-01T09:41:00.609-0400] {logging_mixin.py:188} INFO - [2024-07-01T09:41:00.609-0400] {dag.py:3096} INFO - Sync 1 DAGs
[2024-07-01T09:41:00.621-0400] {logging_mixin.py:188} INFO - [2024-07-01T09:41:00.621-0400] {dag.py:3954} INFO - Setting next_dagrun for example_trigger_controller_dag to 2021-01-01 00:00:00+00:00, run_after=2021-01-01 00:00:00+00:00
[2024-07-01T09:41:00.634-0400] {processor.py:183} INFO - Processing /Users/christophercunningham/airflow_workspace/data-flow/data_flow_env/lib/python3.12/site-packages/airflow/example_dags/example_trigger_controller_dag.py took 0.121 seconds
[2024-07-01T09:42:46.969-0400] {processor.py:161} INFO - Started process (PID=14991) to work on /Users/christophercunningham/airflow_workspace/data-flow/data_flow_env/lib/python3.12/site-packages/airflow/example_dags/example_trigger_controller_dag.py
[2024-07-01T09:42:46.970-0400] {processor.py:830} INFO - Processing file /Users/christophercunningham/airflow_workspace/data-flow/data_flow_env/lib/python3.12/site-packages/airflow/example_dags/example_trigger_controller_dag.py for tasks to queue
[2024-07-01T09:42:46.970-0400] {logging_mixin.py:188} INFO - [2024-07-01T09:42:46.970-0400] {dagbag.py:545} INFO - Filling up the DagBag from /Users/christophercunningham/airflow_workspace/data-flow/data_flow_env/lib/python3.12/site-packages/airflow/example_dags/example_trigger_controller_dag.py
[2024-07-01T09:42:46.981-0400] {processor.py:840} INFO - DAG(s) 'example_trigger_controller_dag' retrieved from /Users/christophercunningham/airflow_workspace/data-flow/data_flow_env/lib/python3.12/site-packages/airflow/example_dags/example_trigger_controller_dag.py
[2024-07-01T09:42:47.059-0400] {logging_mixin.py:188} INFO - [2024-07-01T09:42:47.059-0400] {dag.py:3096} INFO - Sync 1 DAGs
[2024-07-01T09:42:47.070-0400] {logging_mixin.py:188} INFO - [2024-07-01T09:42:47.070-0400] {dag.py:3954} INFO - Setting next_dagrun for example_trigger_controller_dag to 2021-01-01 00:00:00+00:00, run_after=2021-01-01 00:00:00+00:00
[2024-07-01T09:42:47.083-0400] {processor.py:183} INFO - Processing /Users/christophercunningham/airflow_workspace/data-flow/data_flow_env/lib/python3.12/site-packages/airflow/example_dags/example_trigger_controller_dag.py took 0.117 seconds
[2024-07-01T09:44:37.803-0400] {processor.py:161} INFO - Started process (PID=15166) to work on /Users/christophercunningham/airflow_workspace/data-flow/data_flow_env/lib/python3.12/site-packages/airflow/example_dags/example_trigger_controller_dag.py
[2024-07-01T09:44:37.805-0400] {processor.py:830} INFO - Processing file /Users/christophercunningham/airflow_workspace/data-flow/data_flow_env/lib/python3.12/site-packages/airflow/example_dags/example_trigger_controller_dag.py for tasks to queue
[2024-07-01T09:44:37.806-0400] {logging_mixin.py:188} INFO - [2024-07-01T09:44:37.806-0400] {dagbag.py:545} INFO - Filling up the DagBag from /Users/christophercunningham/airflow_workspace/data-flow/data_flow_env/lib/python3.12/site-packages/airflow/example_dags/example_trigger_controller_dag.py
[2024-07-01T09:44:37.815-0400] {processor.py:840} INFO - DAG(s) 'example_trigger_controller_dag' retrieved from /Users/christophercunningham/airflow_workspace/data-flow/data_flow_env/lib/python3.12/site-packages/airflow/example_dags/example_trigger_controller_dag.py
[2024-07-01T09:44:37.885-0400] {logging_mixin.py:188} INFO - [2024-07-01T09:44:37.885-0400] {dag.py:3096} INFO - Sync 1 DAGs
[2024-07-01T09:44:37.896-0400] {logging_mixin.py:188} INFO - [2024-07-01T09:44:37.896-0400] {dag.py:3954} INFO - Setting next_dagrun for example_trigger_controller_dag to 2021-01-01 00:00:00+00:00, run_after=2021-01-01 00:00:00+00:00
[2024-07-01T09:44:37.908-0400] {processor.py:183} INFO - Processing /Users/christophercunningham/airflow_workspace/data-flow/data_flow_env/lib/python3.12/site-packages/airflow/example_dags/example_trigger_controller_dag.py took 0.109 seconds
[2024-07-01T09:46:25.482-0400] {processor.py:161} INFO - Started process (PID=15332) to work on /Users/christophercunningham/airflow_workspace/data-flow/data_flow_env/lib/python3.12/site-packages/airflow/example_dags/example_trigger_controller_dag.py
[2024-07-01T09:46:25.484-0400] {processor.py:830} INFO - Processing file /Users/christophercunningham/airflow_workspace/data-flow/data_flow_env/lib/python3.12/site-packages/airflow/example_dags/example_trigger_controller_dag.py for tasks to queue
[2024-07-01T09:46:25.484-0400] {logging_mixin.py:188} INFO - [2024-07-01T09:46:25.484-0400] {dagbag.py:545} INFO - Filling up the DagBag from /Users/christophercunningham/airflow_workspace/data-flow/data_flow_env/lib/python3.12/site-packages/airflow/example_dags/example_trigger_controller_dag.py
[2024-07-01T09:46:25.493-0400] {processor.py:840} INFO - DAG(s) 'example_trigger_controller_dag' retrieved from /Users/christophercunningham/airflow_workspace/data-flow/data_flow_env/lib/python3.12/site-packages/airflow/example_dags/example_trigger_controller_dag.py
[2024-07-01T09:46:25.564-0400] {logging_mixin.py:188} INFO - [2024-07-01T09:46:25.564-0400] {dag.py:3096} INFO - Sync 1 DAGs
[2024-07-01T09:46:25.575-0400] {logging_mixin.py:188} INFO - [2024-07-01T09:46:25.574-0400] {dag.py:3954} INFO - Setting next_dagrun for example_trigger_controller_dag to 2021-01-01 00:00:00+00:00, run_after=2021-01-01 00:00:00+00:00
[2024-07-01T09:46:25.587-0400] {processor.py:183} INFO - Processing /Users/christophercunningham/airflow_workspace/data-flow/data_flow_env/lib/python3.12/site-packages/airflow/example_dags/example_trigger_controller_dag.py took 0.109 seconds
[2024-07-01T09:48:11.611-0400] {processor.py:161} INFO - Started process (PID=15484) to work on /Users/christophercunningham/airflow_workspace/data-flow/data_flow_env/lib/python3.12/site-packages/airflow/example_dags/example_trigger_controller_dag.py
[2024-07-01T09:48:11.613-0400] {processor.py:830} INFO - Processing file /Users/christophercunningham/airflow_workspace/data-flow/data_flow_env/lib/python3.12/site-packages/airflow/example_dags/example_trigger_controller_dag.py for tasks to queue
[2024-07-01T09:48:11.614-0400] {logging_mixin.py:188} INFO - [2024-07-01T09:48:11.614-0400] {dagbag.py:545} INFO - Filling up the DagBag from /Users/christophercunningham/airflow_workspace/data-flow/data_flow_env/lib/python3.12/site-packages/airflow/example_dags/example_trigger_controller_dag.py
[2024-07-01T09:48:11.625-0400] {processor.py:840} INFO - DAG(s) 'example_trigger_controller_dag' retrieved from /Users/christophercunningham/airflow_workspace/data-flow/data_flow_env/lib/python3.12/site-packages/airflow/example_dags/example_trigger_controller_dag.py
[2024-07-01T09:48:11.699-0400] {logging_mixin.py:188} INFO - [2024-07-01T09:48:11.698-0400] {dag.py:3096} INFO - Sync 1 DAGs
[2024-07-01T09:48:11.709-0400] {logging_mixin.py:188} INFO - [2024-07-01T09:48:11.709-0400] {dag.py:3954} INFO - Setting next_dagrun for example_trigger_controller_dag to 2021-01-01 00:00:00+00:00, run_after=2021-01-01 00:00:00+00:00
[2024-07-01T09:48:11.727-0400] {processor.py:183} INFO - Processing /Users/christophercunningham/airflow_workspace/data-flow/data_flow_env/lib/python3.12/site-packages/airflow/example_dags/example_trigger_controller_dag.py took 0.121 seconds
[2024-07-01T09:49:59.686-0400] {processor.py:161} INFO - Started process (PID=15640) to work on /Users/christophercunningham/airflow_workspace/data-flow/data_flow_env/lib/python3.12/site-packages/airflow/example_dags/example_trigger_controller_dag.py
[2024-07-01T09:49:59.687-0400] {processor.py:830} INFO - Processing file /Users/christophercunningham/airflow_workspace/data-flow/data_flow_env/lib/python3.12/site-packages/airflow/example_dags/example_trigger_controller_dag.py for tasks to queue
[2024-07-01T09:49:59.687-0400] {logging_mixin.py:188} INFO - [2024-07-01T09:49:59.687-0400] {dagbag.py:545} INFO - Filling up the DagBag from /Users/christophercunningham/airflow_workspace/data-flow/data_flow_env/lib/python3.12/site-packages/airflow/example_dags/example_trigger_controller_dag.py
[2024-07-01T09:49:59.697-0400] {processor.py:840} INFO - DAG(s) 'example_trigger_controller_dag' retrieved from /Users/christophercunningham/airflow_workspace/data-flow/data_flow_env/lib/python3.12/site-packages/airflow/example_dags/example_trigger_controller_dag.py
[2024-07-01T09:49:59.776-0400] {logging_mixin.py:188} INFO - [2024-07-01T09:49:59.776-0400] {dag.py:3096} INFO - Sync 1 DAGs
[2024-07-01T09:49:59.788-0400] {logging_mixin.py:188} INFO - [2024-07-01T09:49:59.788-0400] {dag.py:3954} INFO - Setting next_dagrun for example_trigger_controller_dag to 2021-01-01 00:00:00+00:00, run_after=2021-01-01 00:00:00+00:00
[2024-07-01T09:49:59.801-0400] {processor.py:183} INFO - Processing /Users/christophercunningham/airflow_workspace/data-flow/data_flow_env/lib/python3.12/site-packages/airflow/example_dags/example_trigger_controller_dag.py took 0.118 seconds
[2024-07-01T09:51:48.080-0400] {processor.py:161} INFO - Started process (PID=15862) to work on /Users/christophercunningham/airflow_workspace/data-flow/data_flow_env/lib/python3.12/site-packages/airflow/example_dags/example_trigger_controller_dag.py
[2024-07-01T09:51:48.081-0400] {processor.py:830} INFO - Processing file /Users/christophercunningham/airflow_workspace/data-flow/data_flow_env/lib/python3.12/site-packages/airflow/example_dags/example_trigger_controller_dag.py for tasks to queue
[2024-07-01T09:51:48.082-0400] {logging_mixin.py:188} INFO - [2024-07-01T09:51:48.082-0400] {dagbag.py:545} INFO - Filling up the DagBag from /Users/christophercunningham/airflow_workspace/data-flow/data_flow_env/lib/python3.12/site-packages/airflow/example_dags/example_trigger_controller_dag.py
[2024-07-01T09:51:48.091-0400] {processor.py:840} INFO - DAG(s) 'example_trigger_controller_dag' retrieved from /Users/christophercunningham/airflow_workspace/data-flow/data_flow_env/lib/python3.12/site-packages/airflow/example_dags/example_trigger_controller_dag.py
[2024-07-01T09:51:48.164-0400] {logging_mixin.py:188} INFO - [2024-07-01T09:51:48.164-0400] {dag.py:3096} INFO - Sync 1 DAGs
[2024-07-01T09:51:48.175-0400] {logging_mixin.py:188} INFO - [2024-07-01T09:51:48.175-0400] {dag.py:3954} INFO - Setting next_dagrun for example_trigger_controller_dag to 2021-01-01 00:00:00+00:00, run_after=2021-01-01 00:00:00+00:00
[2024-07-01T09:51:48.188-0400] {processor.py:183} INFO - Processing /Users/christophercunningham/airflow_workspace/data-flow/data_flow_env/lib/python3.12/site-packages/airflow/example_dags/example_trigger_controller_dag.py took 0.113 seconds
[2024-07-01T09:53:31.128-0400] {processor.py:161} INFO - Started process (PID=16018) to work on /Users/christophercunningham/airflow_workspace/data-flow/data_flow_env/lib/python3.12/site-packages/airflow/example_dags/example_trigger_controller_dag.py
[2024-07-01T09:53:31.130-0400] {processor.py:830} INFO - Processing file /Users/christophercunningham/airflow_workspace/data-flow/data_flow_env/lib/python3.12/site-packages/airflow/example_dags/example_trigger_controller_dag.py for tasks to queue
[2024-07-01T09:53:31.130-0400] {logging_mixin.py:188} INFO - [2024-07-01T09:53:31.130-0400] {dagbag.py:545} INFO - Filling up the DagBag from /Users/christophercunningham/airflow_workspace/data-flow/data_flow_env/lib/python3.12/site-packages/airflow/example_dags/example_trigger_controller_dag.py
[2024-07-01T09:53:31.142-0400] {processor.py:840} INFO - DAG(s) 'example_trigger_controller_dag' retrieved from /Users/christophercunningham/airflow_workspace/data-flow/data_flow_env/lib/python3.12/site-packages/airflow/example_dags/example_trigger_controller_dag.py
[2024-07-01T09:53:31.213-0400] {logging_mixin.py:188} INFO - [2024-07-01T09:53:31.213-0400] {dag.py:3096} INFO - Sync 1 DAGs
[2024-07-01T09:53:31.224-0400] {logging_mixin.py:188} INFO - [2024-07-01T09:53:31.224-0400] {dag.py:3954} INFO - Setting next_dagrun for example_trigger_controller_dag to 2021-01-01 00:00:00+00:00, run_after=2021-01-01 00:00:00+00:00
[2024-07-01T09:53:31.236-0400] {processor.py:183} INFO - Processing /Users/christophercunningham/airflow_workspace/data-flow/data_flow_env/lib/python3.12/site-packages/airflow/example_dags/example_trigger_controller_dag.py took 0.113 seconds
[2024-07-01T09:55:11.653-0400] {processor.py:161} INFO - Started process (PID=16244) to work on /Users/christophercunningham/airflow_workspace/data-flow/data_flow_env/lib/python3.12/site-packages/airflow/example_dags/example_trigger_controller_dag.py
[2024-07-01T09:55:11.655-0400] {processor.py:830} INFO - Processing file /Users/christophercunningham/airflow_workspace/data-flow/data_flow_env/lib/python3.12/site-packages/airflow/example_dags/example_trigger_controller_dag.py for tasks to queue
[2024-07-01T09:55:11.656-0400] {logging_mixin.py:188} INFO - [2024-07-01T09:55:11.655-0400] {dagbag.py:545} INFO - Filling up the DagBag from /Users/christophercunningham/airflow_workspace/data-flow/data_flow_env/lib/python3.12/site-packages/airflow/example_dags/example_trigger_controller_dag.py
[2024-07-01T09:55:11.664-0400] {processor.py:840} INFO - DAG(s) 'example_trigger_controller_dag' retrieved from /Users/christophercunningham/airflow_workspace/data-flow/data_flow_env/lib/python3.12/site-packages/airflow/example_dags/example_trigger_controller_dag.py
[2024-07-01T09:55:11.734-0400] {logging_mixin.py:188} INFO - [2024-07-01T09:55:11.733-0400] {dag.py:3096} INFO - Sync 1 DAGs
[2024-07-01T09:55:11.744-0400] {logging_mixin.py:188} INFO - [2024-07-01T09:55:11.744-0400] {dag.py:3954} INFO - Setting next_dagrun for example_trigger_controller_dag to 2021-01-01 00:00:00+00:00, run_after=2021-01-01 00:00:00+00:00
[2024-07-01T09:55:11.757-0400] {processor.py:183} INFO - Processing /Users/christophercunningham/airflow_workspace/data-flow/data_flow_env/lib/python3.12/site-packages/airflow/example_dags/example_trigger_controller_dag.py took 0.109 seconds
[2024-07-01T09:56:52.851-0400] {processor.py:161} INFO - Started process (PID=16457) to work on /Users/christophercunningham/airflow_workspace/data-flow/data_flow_env/lib/python3.12/site-packages/airflow/example_dags/example_trigger_controller_dag.py
[2024-07-01T09:56:52.852-0400] {processor.py:830} INFO - Processing file /Users/christophercunningham/airflow_workspace/data-flow/data_flow_env/lib/python3.12/site-packages/airflow/example_dags/example_trigger_controller_dag.py for tasks to queue
[2024-07-01T09:56:52.853-0400] {logging_mixin.py:188} INFO - [2024-07-01T09:56:52.853-0400] {dagbag.py:545} INFO - Filling up the DagBag from /Users/christophercunningham/airflow_workspace/data-flow/data_flow_env/lib/python3.12/site-packages/airflow/example_dags/example_trigger_controller_dag.py
[2024-07-01T09:56:52.863-0400] {processor.py:840} INFO - DAG(s) 'example_trigger_controller_dag' retrieved from /Users/christophercunningham/airflow_workspace/data-flow/data_flow_env/lib/python3.12/site-packages/airflow/example_dags/example_trigger_controller_dag.py
[2024-07-01T09:56:52.932-0400] {logging_mixin.py:188} INFO - [2024-07-01T09:56:52.932-0400] {dag.py:3096} INFO - Sync 1 DAGs
[2024-07-01T09:56:52.944-0400] {logging_mixin.py:188} INFO - [2024-07-01T09:56:52.944-0400] {dag.py:3954} INFO - Setting next_dagrun for example_trigger_controller_dag to 2021-01-01 00:00:00+00:00, run_after=2021-01-01 00:00:00+00:00
[2024-07-01T09:56:52.958-0400] {processor.py:183} INFO - Processing /Users/christophercunningham/airflow_workspace/data-flow/data_flow_env/lib/python3.12/site-packages/airflow/example_dags/example_trigger_controller_dag.py took 0.112 seconds
[2024-07-01T09:58:33.805-0400] {processor.py:161} INFO - Started process (PID=16679) to work on /Users/christophercunningham/airflow_workspace/data-flow/data_flow_env/lib/python3.12/site-packages/airflow/example_dags/example_trigger_controller_dag.py
[2024-07-01T09:58:33.807-0400] {processor.py:830} INFO - Processing file /Users/christophercunningham/airflow_workspace/data-flow/data_flow_env/lib/python3.12/site-packages/airflow/example_dags/example_trigger_controller_dag.py for tasks to queue
[2024-07-01T09:58:33.807-0400] {logging_mixin.py:188} INFO - [2024-07-01T09:58:33.807-0400] {dagbag.py:545} INFO - Filling up the DagBag from /Users/christophercunningham/airflow_workspace/data-flow/data_flow_env/lib/python3.12/site-packages/airflow/example_dags/example_trigger_controller_dag.py
[2024-07-01T09:58:33.816-0400] {processor.py:840} INFO - DAG(s) 'example_trigger_controller_dag' retrieved from /Users/christophercunningham/airflow_workspace/data-flow/data_flow_env/lib/python3.12/site-packages/airflow/example_dags/example_trigger_controller_dag.py
[2024-07-01T09:58:33.885-0400] {logging_mixin.py:188} INFO - [2024-07-01T09:58:33.885-0400] {dag.py:3096} INFO - Sync 1 DAGs
[2024-07-01T09:58:33.896-0400] {logging_mixin.py:188} INFO - [2024-07-01T09:58:33.896-0400] {dag.py:3954} INFO - Setting next_dagrun for example_trigger_controller_dag to 2021-01-01 00:00:00+00:00, run_after=2021-01-01 00:00:00+00:00
[2024-07-01T09:58:33.913-0400] {processor.py:183} INFO - Processing /Users/christophercunningham/airflow_workspace/data-flow/data_flow_env/lib/python3.12/site-packages/airflow/example_dags/example_trigger_controller_dag.py took 0.112 seconds
[2024-07-01T10:00:16.176-0400] {processor.py:161} INFO - Started process (PID=16945) to work on /Users/christophercunningham/airflow_workspace/data-flow/data_flow_env/lib/python3.12/site-packages/airflow/example_dags/example_trigger_controller_dag.py
[2024-07-01T10:00:16.178-0400] {processor.py:830} INFO - Processing file /Users/christophercunningham/airflow_workspace/data-flow/data_flow_env/lib/python3.12/site-packages/airflow/example_dags/example_trigger_controller_dag.py for tasks to queue
[2024-07-01T10:00:16.179-0400] {logging_mixin.py:188} INFO - [2024-07-01T10:00:16.179-0400] {dagbag.py:545} INFO - Filling up the DagBag from /Users/christophercunningham/airflow_workspace/data-flow/data_flow_env/lib/python3.12/site-packages/airflow/example_dags/example_trigger_controller_dag.py
[2024-07-01T10:00:16.191-0400] {processor.py:840} INFO - DAG(s) 'example_trigger_controller_dag' retrieved from /Users/christophercunningham/airflow_workspace/data-flow/data_flow_env/lib/python3.12/site-packages/airflow/example_dags/example_trigger_controller_dag.py
[2024-07-01T10:00:16.270-0400] {logging_mixin.py:188} INFO - [2024-07-01T10:00:16.270-0400] {dag.py:3096} INFO - Sync 1 DAGs
[2024-07-01T10:00:16.283-0400] {logging_mixin.py:188} INFO - [2024-07-01T10:00:16.283-0400] {dag.py:3954} INFO - Setting next_dagrun for example_trigger_controller_dag to 2021-01-01 00:00:00+00:00, run_after=2021-01-01 00:00:00+00:00
[2024-07-01T10:00:16.297-0400] {processor.py:183} INFO - Processing /Users/christophercunningham/airflow_workspace/data-flow/data_flow_env/lib/python3.12/site-packages/airflow/example_dags/example_trigger_controller_dag.py took 0.125 seconds
[2024-07-01T10:01:58.565-0400] {processor.py:161} INFO - Started process (PID=17149) to work on /Users/christophercunningham/airflow_workspace/data-flow/data_flow_env/lib/python3.12/site-packages/airflow/example_dags/example_trigger_controller_dag.py
[2024-07-01T10:01:58.566-0400] {processor.py:830} INFO - Processing file /Users/christophercunningham/airflow_workspace/data-flow/data_flow_env/lib/python3.12/site-packages/airflow/example_dags/example_trigger_controller_dag.py for tasks to queue
[2024-07-01T10:01:58.566-0400] {logging_mixin.py:188} INFO - [2024-07-01T10:01:58.566-0400] {dagbag.py:545} INFO - Filling up the DagBag from /Users/christophercunningham/airflow_workspace/data-flow/data_flow_env/lib/python3.12/site-packages/airflow/example_dags/example_trigger_controller_dag.py
[2024-07-01T10:01:58.576-0400] {processor.py:840} INFO - DAG(s) 'example_trigger_controller_dag' retrieved from /Users/christophercunningham/airflow_workspace/data-flow/data_flow_env/lib/python3.12/site-packages/airflow/example_dags/example_trigger_controller_dag.py
[2024-07-01T10:01:58.650-0400] {logging_mixin.py:188} INFO - [2024-07-01T10:01:58.649-0400] {dag.py:3096} INFO - Sync 1 DAGs
[2024-07-01T10:01:58.661-0400] {logging_mixin.py:188} INFO - [2024-07-01T10:01:58.661-0400] {dag.py:3954} INFO - Setting next_dagrun for example_trigger_controller_dag to 2021-01-01 00:00:00+00:00, run_after=2021-01-01 00:00:00+00:00
[2024-07-01T10:01:58.673-0400] {processor.py:183} INFO - Processing /Users/christophercunningham/airflow_workspace/data-flow/data_flow_env/lib/python3.12/site-packages/airflow/example_dags/example_trigger_controller_dag.py took 0.112 seconds
[2024-07-01T10:03:45.183-0400] {processor.py:161} INFO - Started process (PID=17366) to work on /Users/christophercunningham/airflow_workspace/data-flow/data_flow_env/lib/python3.12/site-packages/airflow/example_dags/example_trigger_controller_dag.py
[2024-07-01T10:03:45.184-0400] {processor.py:830} INFO - Processing file /Users/christophercunningham/airflow_workspace/data-flow/data_flow_env/lib/python3.12/site-packages/airflow/example_dags/example_trigger_controller_dag.py for tasks to queue
[2024-07-01T10:03:45.185-0400] {logging_mixin.py:188} INFO - [2024-07-01T10:03:45.185-0400] {dagbag.py:545} INFO - Filling up the DagBag from /Users/christophercunningham/airflow_workspace/data-flow/data_flow_env/lib/python3.12/site-packages/airflow/example_dags/example_trigger_controller_dag.py
[2024-07-01T10:03:45.194-0400] {processor.py:840} INFO - DAG(s) 'example_trigger_controller_dag' retrieved from /Users/christophercunningham/airflow_workspace/data-flow/data_flow_env/lib/python3.12/site-packages/airflow/example_dags/example_trigger_controller_dag.py
[2024-07-01T10:03:45.268-0400] {logging_mixin.py:188} INFO - [2024-07-01T10:03:45.268-0400] {dag.py:3096} INFO - Sync 1 DAGs
[2024-07-01T10:03:45.280-0400] {logging_mixin.py:188} INFO - [2024-07-01T10:03:45.279-0400] {dag.py:3954} INFO - Setting next_dagrun for example_trigger_controller_dag to 2021-01-01 00:00:00+00:00, run_after=2021-01-01 00:00:00+00:00
[2024-07-01T10:03:45.293-0400] {processor.py:183} INFO - Processing /Users/christophercunningham/airflow_workspace/data-flow/data_flow_env/lib/python3.12/site-packages/airflow/example_dags/example_trigger_controller_dag.py took 0.116 seconds
[2024-07-01T10:05:36.192-0400] {processor.py:161} INFO - Started process (PID=17596) to work on /Users/christophercunningham/airflow_workspace/data-flow/data_flow_env/lib/python3.12/site-packages/airflow/example_dags/example_trigger_controller_dag.py
[2024-07-01T10:05:36.193-0400] {processor.py:830} INFO - Processing file /Users/christophercunningham/airflow_workspace/data-flow/data_flow_env/lib/python3.12/site-packages/airflow/example_dags/example_trigger_controller_dag.py for tasks to queue
[2024-07-01T10:05:36.194-0400] {logging_mixin.py:188} INFO - [2024-07-01T10:05:36.194-0400] {dagbag.py:545} INFO - Filling up the DagBag from /Users/christophercunningham/airflow_workspace/data-flow/data_flow_env/lib/python3.12/site-packages/airflow/example_dags/example_trigger_controller_dag.py
[2024-07-01T10:05:36.205-0400] {processor.py:840} INFO - DAG(s) 'example_trigger_controller_dag' retrieved from /Users/christophercunningham/airflow_workspace/data-flow/data_flow_env/lib/python3.12/site-packages/airflow/example_dags/example_trigger_controller_dag.py
[2024-07-01T10:05:36.280-0400] {logging_mixin.py:188} INFO - [2024-07-01T10:05:36.280-0400] {dag.py:3096} INFO - Sync 1 DAGs
[2024-07-01T10:05:36.291-0400] {logging_mixin.py:188} INFO - [2024-07-01T10:05:36.291-0400] {dag.py:3954} INFO - Setting next_dagrun for example_trigger_controller_dag to 2021-01-01 00:00:00+00:00, run_after=2021-01-01 00:00:00+00:00
[2024-07-01T10:05:36.304-0400] {processor.py:183} INFO - Processing /Users/christophercunningham/airflow_workspace/data-flow/data_flow_env/lib/python3.12/site-packages/airflow/example_dags/example_trigger_controller_dag.py took 0.117 seconds
[2024-07-01T10:07:26.275-0400] {processor.py:161} INFO - Started process (PID=17827) to work on /Users/christophercunningham/airflow_workspace/data-flow/data_flow_env/lib/python3.12/site-packages/airflow/example_dags/example_trigger_controller_dag.py
[2024-07-01T10:07:26.276-0400] {processor.py:830} INFO - Processing file /Users/christophercunningham/airflow_workspace/data-flow/data_flow_env/lib/python3.12/site-packages/airflow/example_dags/example_trigger_controller_dag.py for tasks to queue
[2024-07-01T10:07:26.277-0400] {logging_mixin.py:188} INFO - [2024-07-01T10:07:26.277-0400] {dagbag.py:545} INFO - Filling up the DagBag from /Users/christophercunningham/airflow_workspace/data-flow/data_flow_env/lib/python3.12/site-packages/airflow/example_dags/example_trigger_controller_dag.py
[2024-07-01T10:07:26.287-0400] {processor.py:840} INFO - DAG(s) 'example_trigger_controller_dag' retrieved from /Users/christophercunningham/airflow_workspace/data-flow/data_flow_env/lib/python3.12/site-packages/airflow/example_dags/example_trigger_controller_dag.py
[2024-07-01T10:07:26.377-0400] {logging_mixin.py:188} INFO - [2024-07-01T10:07:26.377-0400] {dag.py:3096} INFO - Sync 1 DAGs
[2024-07-01T10:07:26.394-0400] {logging_mixin.py:188} INFO - [2024-07-01T10:07:26.393-0400] {dag.py:3954} INFO - Setting next_dagrun for example_trigger_controller_dag to 2021-01-01 00:00:00+00:00, run_after=2021-01-01 00:00:00+00:00
[2024-07-01T10:07:26.410-0400] {processor.py:183} INFO - Processing /Users/christophercunningham/airflow_workspace/data-flow/data_flow_env/lib/python3.12/site-packages/airflow/example_dags/example_trigger_controller_dag.py took 0.138 seconds
[2024-07-01T10:09:13.580-0400] {processor.py:161} INFO - Started process (PID=18049) to work on /Users/christophercunningham/airflow_workspace/data-flow/data_flow_env/lib/python3.12/site-packages/airflow/example_dags/example_trigger_controller_dag.py
[2024-07-01T10:09:13.581-0400] {processor.py:830} INFO - Processing file /Users/christophercunningham/airflow_workspace/data-flow/data_flow_env/lib/python3.12/site-packages/airflow/example_dags/example_trigger_controller_dag.py for tasks to queue
[2024-07-01T10:09:13.582-0400] {logging_mixin.py:188} INFO - [2024-07-01T10:09:13.581-0400] {dagbag.py:545} INFO - Filling up the DagBag from /Users/christophercunningham/airflow_workspace/data-flow/data_flow_env/lib/python3.12/site-packages/airflow/example_dags/example_trigger_controller_dag.py
[2024-07-01T10:09:13.590-0400] {processor.py:840} INFO - DAG(s) 'example_trigger_controller_dag' retrieved from /Users/christophercunningham/airflow_workspace/data-flow/data_flow_env/lib/python3.12/site-packages/airflow/example_dags/example_trigger_controller_dag.py
[2024-07-01T10:09:13.660-0400] {logging_mixin.py:188} INFO - [2024-07-01T10:09:13.660-0400] {dag.py:3096} INFO - Sync 1 DAGs
[2024-07-01T10:09:13.672-0400] {logging_mixin.py:188} INFO - [2024-07-01T10:09:13.671-0400] {dag.py:3954} INFO - Setting next_dagrun for example_trigger_controller_dag to 2021-01-01 00:00:00+00:00, run_after=2021-01-01 00:00:00+00:00
[2024-07-01T10:09:13.688-0400] {processor.py:183} INFO - Processing /Users/christophercunningham/airflow_workspace/data-flow/data_flow_env/lib/python3.12/site-packages/airflow/example_dags/example_trigger_controller_dag.py took 0.111 seconds
[2024-07-01T10:10:56.121-0400] {processor.py:161} INFO - Started process (PID=18304) to work on /Users/christophercunningham/airflow_workspace/data-flow/data_flow_env/lib/python3.12/site-packages/airflow/example_dags/example_trigger_controller_dag.py
[2024-07-01T10:10:56.122-0400] {processor.py:830} INFO - Processing file /Users/christophercunningham/airflow_workspace/data-flow/data_flow_env/lib/python3.12/site-packages/airflow/example_dags/example_trigger_controller_dag.py for tasks to queue
[2024-07-01T10:10:56.123-0400] {logging_mixin.py:188} INFO - [2024-07-01T10:10:56.122-0400] {dagbag.py:545} INFO - Filling up the DagBag from /Users/christophercunningham/airflow_workspace/data-flow/data_flow_env/lib/python3.12/site-packages/airflow/example_dags/example_trigger_controller_dag.py
[2024-07-01T10:10:56.132-0400] {processor.py:840} INFO - DAG(s) 'example_trigger_controller_dag' retrieved from /Users/christophercunningham/airflow_workspace/data-flow/data_flow_env/lib/python3.12/site-packages/airflow/example_dags/example_trigger_controller_dag.py
[2024-07-01T10:10:56.203-0400] {logging_mixin.py:188} INFO - [2024-07-01T10:10:56.203-0400] {dag.py:3096} INFO - Sync 1 DAGs
[2024-07-01T10:10:56.214-0400] {logging_mixin.py:188} INFO - [2024-07-01T10:10:56.214-0400] {dag.py:3954} INFO - Setting next_dagrun for example_trigger_controller_dag to 2021-01-01 00:00:00+00:00, run_after=2021-01-01 00:00:00+00:00
[2024-07-01T10:10:56.227-0400] {processor.py:183} INFO - Processing /Users/christophercunningham/airflow_workspace/data-flow/data_flow_env/lib/python3.12/site-packages/airflow/example_dags/example_trigger_controller_dag.py took 0.110 seconds
[2024-07-01T10:12:36.005-0400] {processor.py:161} INFO - Started process (PID=18510) to work on /Users/christophercunningham/airflow_workspace/data-flow/data_flow_env/lib/python3.12/site-packages/airflow/example_dags/example_trigger_controller_dag.py
[2024-07-01T10:12:36.006-0400] {processor.py:830} INFO - Processing file /Users/christophercunningham/airflow_workspace/data-flow/data_flow_env/lib/python3.12/site-packages/airflow/example_dags/example_trigger_controller_dag.py for tasks to queue
[2024-07-01T10:12:36.007-0400] {logging_mixin.py:188} INFO - [2024-07-01T10:12:36.006-0400] {dagbag.py:545} INFO - Filling up the DagBag from /Users/christophercunningham/airflow_workspace/data-flow/data_flow_env/lib/python3.12/site-packages/airflow/example_dags/example_trigger_controller_dag.py
[2024-07-01T10:12:36.016-0400] {processor.py:840} INFO - DAG(s) 'example_trigger_controller_dag' retrieved from /Users/christophercunningham/airflow_workspace/data-flow/data_flow_env/lib/python3.12/site-packages/airflow/example_dags/example_trigger_controller_dag.py
[2024-07-01T10:12:36.087-0400] {logging_mixin.py:188} INFO - [2024-07-01T10:12:36.087-0400] {dag.py:3096} INFO - Sync 1 DAGs
[2024-07-01T10:12:36.098-0400] {logging_mixin.py:188} INFO - [2024-07-01T10:12:36.098-0400] {dag.py:3954} INFO - Setting next_dagrun for example_trigger_controller_dag to 2021-01-01 00:00:00+00:00, run_after=2021-01-01 00:00:00+00:00
[2024-07-01T10:12:36.112-0400] {processor.py:183} INFO - Processing /Users/christophercunningham/airflow_workspace/data-flow/data_flow_env/lib/python3.12/site-packages/airflow/example_dags/example_trigger_controller_dag.py took 0.111 seconds
[2024-07-01T10:14:22.449-0400] {processor.py:161} INFO - Started process (PID=18775) to work on /Users/christophercunningham/airflow_workspace/data-flow/data_flow_env/lib/python3.12/site-packages/airflow/example_dags/example_trigger_controller_dag.py
[2024-07-01T10:14:22.452-0400] {processor.py:830} INFO - Processing file /Users/christophercunningham/airflow_workspace/data-flow/data_flow_env/lib/python3.12/site-packages/airflow/example_dags/example_trigger_controller_dag.py for tasks to queue
[2024-07-01T10:14:22.453-0400] {logging_mixin.py:188} INFO - [2024-07-01T10:14:22.452-0400] {dagbag.py:545} INFO - Filling up the DagBag from /Users/christophercunningham/airflow_workspace/data-flow/data_flow_env/lib/python3.12/site-packages/airflow/example_dags/example_trigger_controller_dag.py
[2024-07-01T10:14:22.463-0400] {processor.py:840} INFO - DAG(s) 'example_trigger_controller_dag' retrieved from /Users/christophercunningham/airflow_workspace/data-flow/data_flow_env/lib/python3.12/site-packages/airflow/example_dags/example_trigger_controller_dag.py
[2024-07-01T10:14:22.538-0400] {logging_mixin.py:188} INFO - [2024-07-01T10:14:22.538-0400] {dag.py:3096} INFO - Sync 1 DAGs
[2024-07-01T10:14:22.549-0400] {logging_mixin.py:188} INFO - [2024-07-01T10:14:22.549-0400] {dag.py:3954} INFO - Setting next_dagrun for example_trigger_controller_dag to 2021-01-01 00:00:00+00:00, run_after=2021-01-01 00:00:00+00:00
[2024-07-01T10:14:22.562-0400] {processor.py:183} INFO - Processing /Users/christophercunningham/airflow_workspace/data-flow/data_flow_env/lib/python3.12/site-packages/airflow/example_dags/example_trigger_controller_dag.py took 0.117 seconds
[2024-07-01T10:16:11.372-0400] {processor.py:161} INFO - Started process (PID=19026) to work on /Users/christophercunningham/airflow_workspace/data-flow/data_flow_env/lib/python3.12/site-packages/airflow/example_dags/example_trigger_controller_dag.py
[2024-07-01T10:16:11.374-0400] {processor.py:830} INFO - Processing file /Users/christophercunningham/airflow_workspace/data-flow/data_flow_env/lib/python3.12/site-packages/airflow/example_dags/example_trigger_controller_dag.py for tasks to queue
[2024-07-01T10:16:11.374-0400] {logging_mixin.py:188} INFO - [2024-07-01T10:16:11.374-0400] {dagbag.py:545} INFO - Filling up the DagBag from /Users/christophercunningham/airflow_workspace/data-flow/data_flow_env/lib/python3.12/site-packages/airflow/example_dags/example_trigger_controller_dag.py
[2024-07-01T10:16:11.384-0400] {processor.py:840} INFO - DAG(s) 'example_trigger_controller_dag' retrieved from /Users/christophercunningham/airflow_workspace/data-flow/data_flow_env/lib/python3.12/site-packages/airflow/example_dags/example_trigger_controller_dag.py
[2024-07-01T10:16:11.453-0400] {logging_mixin.py:188} INFO - [2024-07-01T10:16:11.453-0400] {dag.py:3096} INFO - Sync 1 DAGs
[2024-07-01T10:16:11.463-0400] {logging_mixin.py:188} INFO - [2024-07-01T10:16:11.463-0400] {dag.py:3954} INFO - Setting next_dagrun for example_trigger_controller_dag to 2021-01-01 00:00:00+00:00, run_after=2021-01-01 00:00:00+00:00
[2024-07-01T10:16:11.477-0400] {processor.py:183} INFO - Processing /Users/christophercunningham/airflow_workspace/data-flow/data_flow_env/lib/python3.12/site-packages/airflow/example_dags/example_trigger_controller_dag.py took 0.109 seconds
[2024-07-01T10:17:59.042-0400] {processor.py:161} INFO - Started process (PID=19219) to work on /Users/christophercunningham/airflow_workspace/data-flow/data_flow_env/lib/python3.12/site-packages/airflow/example_dags/example_trigger_controller_dag.py
[2024-07-01T10:17:59.044-0400] {processor.py:830} INFO - Processing file /Users/christophercunningham/airflow_workspace/data-flow/data_flow_env/lib/python3.12/site-packages/airflow/example_dags/example_trigger_controller_dag.py for tasks to queue
[2024-07-01T10:17:59.045-0400] {logging_mixin.py:188} INFO - [2024-07-01T10:17:59.045-0400] {dagbag.py:545} INFO - Filling up the DagBag from /Users/christophercunningham/airflow_workspace/data-flow/data_flow_env/lib/python3.12/site-packages/airflow/example_dags/example_trigger_controller_dag.py
[2024-07-01T10:17:59.054-0400] {processor.py:840} INFO - DAG(s) 'example_trigger_controller_dag' retrieved from /Users/christophercunningham/airflow_workspace/data-flow/data_flow_env/lib/python3.12/site-packages/airflow/example_dags/example_trigger_controller_dag.py
[2024-07-01T10:17:59.122-0400] {logging_mixin.py:188} INFO - [2024-07-01T10:17:59.122-0400] {dag.py:3096} INFO - Sync 1 DAGs
[2024-07-01T10:17:59.134-0400] {logging_mixin.py:188} INFO - [2024-07-01T10:17:59.134-0400] {dag.py:3954} INFO - Setting next_dagrun for example_trigger_controller_dag to 2021-01-01 00:00:00+00:00, run_after=2021-01-01 00:00:00+00:00
[2024-07-01T10:17:59.146-0400] {processor.py:183} INFO - Processing /Users/christophercunningham/airflow_workspace/data-flow/data_flow_env/lib/python3.12/site-packages/airflow/example_dags/example_trigger_controller_dag.py took 0.108 seconds
[2024-07-01T10:39:15.121-0400] {processor.py:161} INFO - Started process (PID=21148) to work on /Users/christophercunningham/airflow_workspace/data-flow/data_flow_env/lib/python3.12/site-packages/airflow/example_dags/example_trigger_controller_dag.py
[2024-07-01T10:39:15.123-0400] {processor.py:830} INFO - Processing file /Users/christophercunningham/airflow_workspace/data-flow/data_flow_env/lib/python3.12/site-packages/airflow/example_dags/example_trigger_controller_dag.py for tasks to queue
[2024-07-01T10:39:15.123-0400] {logging_mixin.py:188} INFO - [2024-07-01T10:39:15.123-0400] {dagbag.py:545} INFO - Filling up the DagBag from /Users/christophercunningham/airflow_workspace/data-flow/data_flow_env/lib/python3.12/site-packages/airflow/example_dags/example_trigger_controller_dag.py
[2024-07-01T10:39:15.133-0400] {processor.py:840} INFO - DAG(s) 'example_trigger_controller_dag' retrieved from /Users/christophercunningham/airflow_workspace/data-flow/data_flow_env/lib/python3.12/site-packages/airflow/example_dags/example_trigger_controller_dag.py
[2024-07-01T10:39:15.283-0400] {logging_mixin.py:188} INFO - [2024-07-01T10:39:15.283-0400] {dag.py:3096} INFO - Sync 1 DAGs
[2024-07-01T10:39:15.295-0400] {logging_mixin.py:188} INFO - [2024-07-01T10:39:15.295-0400] {dag.py:3954} INFO - Setting next_dagrun for example_trigger_controller_dag to 2021-01-01 00:00:00+00:00, run_after=2021-01-01 00:00:00+00:00
[2024-07-01T10:39:15.311-0400] {processor.py:183} INFO - Processing /Users/christophercunningham/airflow_workspace/data-flow/data_flow_env/lib/python3.12/site-packages/airflow/example_dags/example_trigger_controller_dag.py took 0.192 seconds
