[2024-07-01T09:31:44.216-0400] {processor.py:161} INFO - Started process (PID=13851) to work on /Users/christophercunningham/airflow_workspace/data-flow/data_flow_env/lib/python3.12/site-packages/airflow/example_dags/example_time_delta_sensor_async.py
[2024-07-01T09:31:44.218-0400] {processor.py:830} INFO - Processing file /Users/christophercunningham/airflow_workspace/data-flow/data_flow_env/lib/python3.12/site-packages/airflow/example_dags/example_time_delta_sensor_async.py for tasks to queue
[2024-07-01T09:31:44.219-0400] {logging_mixin.py:188} INFO - [2024-07-01T09:31:44.218-0400] {dagbag.py:545} INFO - Filling up the DagBag from /Users/christophercunningham/airflow_workspace/data-flow/data_flow_env/lib/python3.12/site-packages/airflow/example_dags/example_time_delta_sensor_async.py
[2024-07-01T09:31:44.228-0400] {processor.py:840} INFO - DAG(s) 'example_time_delta_sensor_async' retrieved from /Users/christophercunningham/airflow_workspace/data-flow/data_flow_env/lib/python3.12/site-packages/airflow/example_dags/example_time_delta_sensor_async.py
[2024-07-01T09:31:44.434-0400] {logging_mixin.py:188} INFO - [2024-07-01T09:31:44.434-0400] {dag.py:3096} INFO - Sync 1 DAGs
[2024-07-01T09:31:44.442-0400] {logging_mixin.py:188} INFO - [2024-07-01T09:31:44.442-0400] {dag.py:3954} INFO - Setting next_dagrun for example_time_delta_sensor_async to None, run_after=None
[2024-07-01T09:31:44.460-0400] {processor.py:183} INFO - Processing /Users/christophercunningham/airflow_workspace/data-flow/data_flow_env/lib/python3.12/site-packages/airflow/example_dags/example_time_delta_sensor_async.py took 0.248 seconds
[2024-07-01T09:34:02.885-0400] {processor.py:161} INFO - Started process (PID=14130) to work on /Users/christophercunningham/airflow_workspace/data-flow/data_flow_env/lib/python3.12/site-packages/airflow/example_dags/example_time_delta_sensor_async.py
[2024-07-01T09:34:02.888-0400] {processor.py:830} INFO - Processing file /Users/christophercunningham/airflow_workspace/data-flow/data_flow_env/lib/python3.12/site-packages/airflow/example_dags/example_time_delta_sensor_async.py for tasks to queue
[2024-07-01T09:34:02.888-0400] {logging_mixin.py:188} INFO - [2024-07-01T09:34:02.888-0400] {dagbag.py:545} INFO - Filling up the DagBag from /Users/christophercunningham/airflow_workspace/data-flow/data_flow_env/lib/python3.12/site-packages/airflow/example_dags/example_time_delta_sensor_async.py
[2024-07-01T09:34:02.897-0400] {processor.py:840} INFO - DAG(s) 'example_time_delta_sensor_async' retrieved from /Users/christophercunningham/airflow_workspace/data-flow/data_flow_env/lib/python3.12/site-packages/airflow/example_dags/example_time_delta_sensor_async.py
[2024-07-01T09:34:02.986-0400] {logging_mixin.py:188} INFO - [2024-07-01T09:34:02.986-0400] {dag.py:3096} INFO - Sync 1 DAGs
[2024-07-01T09:34:02.993-0400] {logging_mixin.py:188} INFO - [2024-07-01T09:34:02.993-0400] {dag.py:3954} INFO - Setting next_dagrun for example_time_delta_sensor_async to None, run_after=None
[2024-07-01T09:34:03.007-0400] {processor.py:183} INFO - Processing /Users/christophercunningham/airflow_workspace/data-flow/data_flow_env/lib/python3.12/site-packages/airflow/example_dags/example_time_delta_sensor_async.py took 0.127 seconds
[2024-07-01T09:35:45.581-0400] {processor.py:161} INFO - Started process (PID=14276) to work on /Users/christophercunningham/airflow_workspace/data-flow/data_flow_env/lib/python3.12/site-packages/airflow/example_dags/example_time_delta_sensor_async.py
[2024-07-01T09:35:45.582-0400] {processor.py:830} INFO - Processing file /Users/christophercunningham/airflow_workspace/data-flow/data_flow_env/lib/python3.12/site-packages/airflow/example_dags/example_time_delta_sensor_async.py for tasks to queue
[2024-07-01T09:35:45.582-0400] {logging_mixin.py:188} INFO - [2024-07-01T09:35:45.582-0400] {dagbag.py:545} INFO - Filling up the DagBag from /Users/christophercunningham/airflow_workspace/data-flow/data_flow_env/lib/python3.12/site-packages/airflow/example_dags/example_time_delta_sensor_async.py
[2024-07-01T09:35:45.589-0400] {processor.py:840} INFO - DAG(s) 'example_time_delta_sensor_async' retrieved from /Users/christophercunningham/airflow_workspace/data-flow/data_flow_env/lib/python3.12/site-packages/airflow/example_dags/example_time_delta_sensor_async.py
[2024-07-01T09:35:45.674-0400] {logging_mixin.py:188} INFO - [2024-07-01T09:35:45.674-0400] {dag.py:3096} INFO - Sync 1 DAGs
[2024-07-01T09:35:45.680-0400] {logging_mixin.py:188} INFO - [2024-07-01T09:35:45.680-0400] {dag.py:3954} INFO - Setting next_dagrun for example_time_delta_sensor_async to None, run_after=None
[2024-07-01T09:35:45.693-0400] {processor.py:183} INFO - Processing /Users/christophercunningham/airflow_workspace/data-flow/data_flow_env/lib/python3.12/site-packages/airflow/example_dags/example_time_delta_sensor_async.py took 0.117 seconds
[2024-07-01T09:37:30.664-0400] {processor.py:161} INFO - Started process (PID=14448) to work on /Users/christophercunningham/airflow_workspace/data-flow/data_flow_env/lib/python3.12/site-packages/airflow/example_dags/example_time_delta_sensor_async.py
[2024-07-01T09:37:30.665-0400] {processor.py:830} INFO - Processing file /Users/christophercunningham/airflow_workspace/data-flow/data_flow_env/lib/python3.12/site-packages/airflow/example_dags/example_time_delta_sensor_async.py for tasks to queue
[2024-07-01T09:37:30.666-0400] {logging_mixin.py:188} INFO - [2024-07-01T09:37:30.666-0400] {dagbag.py:545} INFO - Filling up the DagBag from /Users/christophercunningham/airflow_workspace/data-flow/data_flow_env/lib/python3.12/site-packages/airflow/example_dags/example_time_delta_sensor_async.py
[2024-07-01T09:37:30.672-0400] {processor.py:840} INFO - DAG(s) 'example_time_delta_sensor_async' retrieved from /Users/christophercunningham/airflow_workspace/data-flow/data_flow_env/lib/python3.12/site-packages/airflow/example_dags/example_time_delta_sensor_async.py
[2024-07-01T09:37:30.760-0400] {logging_mixin.py:188} INFO - [2024-07-01T09:37:30.760-0400] {dag.py:3096} INFO - Sync 1 DAGs
[2024-07-01T09:37:30.767-0400] {logging_mixin.py:188} INFO - [2024-07-01T09:37:30.767-0400] {dag.py:3954} INFO - Setting next_dagrun for example_time_delta_sensor_async to None, run_after=None
[2024-07-01T09:37:30.781-0400] {processor.py:183} INFO - Processing /Users/christophercunningham/airflow_workspace/data-flow/data_flow_env/lib/python3.12/site-packages/airflow/example_dags/example_time_delta_sensor_async.py took 0.123 seconds
[2024-07-01T09:39:18.719-0400] {processor.py:161} INFO - Started process (PID=14610) to work on /Users/christophercunningham/airflow_workspace/data-flow/data_flow_env/lib/python3.12/site-packages/airflow/example_dags/example_time_delta_sensor_async.py
[2024-07-01T09:39:18.720-0400] {processor.py:830} INFO - Processing file /Users/christophercunningham/airflow_workspace/data-flow/data_flow_env/lib/python3.12/site-packages/airflow/example_dags/example_time_delta_sensor_async.py for tasks to queue
[2024-07-01T09:39:18.720-0400] {logging_mixin.py:188} INFO - [2024-07-01T09:39:18.720-0400] {dagbag.py:545} INFO - Filling up the DagBag from /Users/christophercunningham/airflow_workspace/data-flow/data_flow_env/lib/python3.12/site-packages/airflow/example_dags/example_time_delta_sensor_async.py
[2024-07-01T09:39:18.728-0400] {processor.py:840} INFO - DAG(s) 'example_time_delta_sensor_async' retrieved from /Users/christophercunningham/airflow_workspace/data-flow/data_flow_env/lib/python3.12/site-packages/airflow/example_dags/example_time_delta_sensor_async.py
[2024-07-01T09:39:18.827-0400] {logging_mixin.py:188} INFO - [2024-07-01T09:39:18.827-0400] {dag.py:3096} INFO - Sync 1 DAGs
[2024-07-01T09:39:18.834-0400] {logging_mixin.py:188} INFO - [2024-07-01T09:39:18.834-0400] {dag.py:3954} INFO - Setting next_dagrun for example_time_delta_sensor_async to None, run_after=None
[2024-07-01T09:39:18.848-0400] {processor.py:183} INFO - Processing /Users/christophercunningham/airflow_workspace/data-flow/data_flow_env/lib/python3.12/site-packages/airflow/example_dags/example_time_delta_sensor_async.py took 0.133 seconds
[2024-07-01T09:41:03.143-0400] {processor.py:161} INFO - Started process (PID=14824) to work on /Users/christophercunningham/airflow_workspace/data-flow/data_flow_env/lib/python3.12/site-packages/airflow/example_dags/example_time_delta_sensor_async.py
[2024-07-01T09:41:03.145-0400] {processor.py:830} INFO - Processing file /Users/christophercunningham/airflow_workspace/data-flow/data_flow_env/lib/python3.12/site-packages/airflow/example_dags/example_time_delta_sensor_async.py for tasks to queue
[2024-07-01T09:41:03.145-0400] {logging_mixin.py:188} INFO - [2024-07-01T09:41:03.145-0400] {dagbag.py:545} INFO - Filling up the DagBag from /Users/christophercunningham/airflow_workspace/data-flow/data_flow_env/lib/python3.12/site-packages/airflow/example_dags/example_time_delta_sensor_async.py
[2024-07-01T09:41:03.153-0400] {processor.py:840} INFO - DAG(s) 'example_time_delta_sensor_async' retrieved from /Users/christophercunningham/airflow_workspace/data-flow/data_flow_env/lib/python3.12/site-packages/airflow/example_dags/example_time_delta_sensor_async.py
[2024-07-01T09:41:03.239-0400] {logging_mixin.py:188} INFO - [2024-07-01T09:41:03.239-0400] {dag.py:3096} INFO - Sync 1 DAGs
[2024-07-01T09:41:03.245-0400] {logging_mixin.py:188} INFO - [2024-07-01T09:41:03.245-0400] {dag.py:3954} INFO - Setting next_dagrun for example_time_delta_sensor_async to None, run_after=None
[2024-07-01T09:41:03.262-0400] {processor.py:183} INFO - Processing /Users/christophercunningham/airflow_workspace/data-flow/data_flow_env/lib/python3.12/site-packages/airflow/example_dags/example_time_delta_sensor_async.py took 0.123 seconds
[2024-07-01T09:42:49.631-0400] {processor.py:161} INFO - Started process (PID=14994) to work on /Users/christophercunningham/airflow_workspace/data-flow/data_flow_env/lib/python3.12/site-packages/airflow/example_dags/example_time_delta_sensor_async.py
[2024-07-01T09:42:49.632-0400] {processor.py:830} INFO - Processing file /Users/christophercunningham/airflow_workspace/data-flow/data_flow_env/lib/python3.12/site-packages/airflow/example_dags/example_time_delta_sensor_async.py for tasks to queue
[2024-07-01T09:42:49.632-0400] {logging_mixin.py:188} INFO - [2024-07-01T09:42:49.632-0400] {dagbag.py:545} INFO - Filling up the DagBag from /Users/christophercunningham/airflow_workspace/data-flow/data_flow_env/lib/python3.12/site-packages/airflow/example_dags/example_time_delta_sensor_async.py
[2024-07-01T09:42:49.639-0400] {processor.py:840} INFO - DAG(s) 'example_time_delta_sensor_async' retrieved from /Users/christophercunningham/airflow_workspace/data-flow/data_flow_env/lib/python3.12/site-packages/airflow/example_dags/example_time_delta_sensor_async.py
[2024-07-01T09:42:49.724-0400] {logging_mixin.py:188} INFO - [2024-07-01T09:42:49.724-0400] {dag.py:3096} INFO - Sync 1 DAGs
[2024-07-01T09:42:49.731-0400] {logging_mixin.py:188} INFO - [2024-07-01T09:42:49.730-0400] {dag.py:3954} INFO - Setting next_dagrun for example_time_delta_sensor_async to None, run_after=None
[2024-07-01T09:42:49.745-0400] {processor.py:183} INFO - Processing /Users/christophercunningham/airflow_workspace/data-flow/data_flow_env/lib/python3.12/site-packages/airflow/example_dags/example_time_delta_sensor_async.py took 0.119 seconds
[2024-07-01T09:44:40.362-0400] {processor.py:161} INFO - Started process (PID=15172) to work on /Users/christophercunningham/airflow_workspace/data-flow/data_flow_env/lib/python3.12/site-packages/airflow/example_dags/example_time_delta_sensor_async.py
[2024-07-01T09:44:40.363-0400] {processor.py:830} INFO - Processing file /Users/christophercunningham/airflow_workspace/data-flow/data_flow_env/lib/python3.12/site-packages/airflow/example_dags/example_time_delta_sensor_async.py for tasks to queue
[2024-07-01T09:44:40.364-0400] {logging_mixin.py:188} INFO - [2024-07-01T09:44:40.364-0400] {dagbag.py:545} INFO - Filling up the DagBag from /Users/christophercunningham/airflow_workspace/data-flow/data_flow_env/lib/python3.12/site-packages/airflow/example_dags/example_time_delta_sensor_async.py
[2024-07-01T09:44:40.372-0400] {processor.py:840} INFO - DAG(s) 'example_time_delta_sensor_async' retrieved from /Users/christophercunningham/airflow_workspace/data-flow/data_flow_env/lib/python3.12/site-packages/airflow/example_dags/example_time_delta_sensor_async.py
[2024-07-01T09:44:40.456-0400] {logging_mixin.py:188} INFO - [2024-07-01T09:44:40.455-0400] {dag.py:3096} INFO - Sync 1 DAGs
[2024-07-01T09:44:40.462-0400] {logging_mixin.py:188} INFO - [2024-07-01T09:44:40.462-0400] {dag.py:3954} INFO - Setting next_dagrun for example_time_delta_sensor_async to None, run_after=None
[2024-07-01T09:44:40.475-0400] {processor.py:183} INFO - Processing /Users/christophercunningham/airflow_workspace/data-flow/data_flow_env/lib/python3.12/site-packages/airflow/example_dags/example_time_delta_sensor_async.py took 0.117 seconds
[2024-07-01T09:46:28.048-0400] {processor.py:161} INFO - Started process (PID=15337) to work on /Users/christophercunningham/airflow_workspace/data-flow/data_flow_env/lib/python3.12/site-packages/airflow/example_dags/example_time_delta_sensor_async.py
[2024-07-01T09:46:28.049-0400] {processor.py:830} INFO - Processing file /Users/christophercunningham/airflow_workspace/data-flow/data_flow_env/lib/python3.12/site-packages/airflow/example_dags/example_time_delta_sensor_async.py for tasks to queue
[2024-07-01T09:46:28.049-0400] {logging_mixin.py:188} INFO - [2024-07-01T09:46:28.049-0400] {dagbag.py:545} INFO - Filling up the DagBag from /Users/christophercunningham/airflow_workspace/data-flow/data_flow_env/lib/python3.12/site-packages/airflow/example_dags/example_time_delta_sensor_async.py
[2024-07-01T09:46:28.057-0400] {processor.py:840} INFO - DAG(s) 'example_time_delta_sensor_async' retrieved from /Users/christophercunningham/airflow_workspace/data-flow/data_flow_env/lib/python3.12/site-packages/airflow/example_dags/example_time_delta_sensor_async.py
[2024-07-01T09:46:28.140-0400] {logging_mixin.py:188} INFO - [2024-07-01T09:46:28.140-0400] {dag.py:3096} INFO - Sync 1 DAGs
[2024-07-01T09:46:28.147-0400] {logging_mixin.py:188} INFO - [2024-07-01T09:46:28.147-0400] {dag.py:3954} INFO - Setting next_dagrun for example_time_delta_sensor_async to None, run_after=None
[2024-07-01T09:46:28.163-0400] {processor.py:183} INFO - Processing /Users/christophercunningham/airflow_workspace/data-flow/data_flow_env/lib/python3.12/site-packages/airflow/example_dags/example_time_delta_sensor_async.py took 0.120 seconds
[2024-07-01T09:48:14.286-0400] {processor.py:161} INFO - Started process (PID=15492) to work on /Users/christophercunningham/airflow_workspace/data-flow/data_flow_env/lib/python3.12/site-packages/airflow/example_dags/example_time_delta_sensor_async.py
[2024-07-01T09:48:14.287-0400] {processor.py:830} INFO - Processing file /Users/christophercunningham/airflow_workspace/data-flow/data_flow_env/lib/python3.12/site-packages/airflow/example_dags/example_time_delta_sensor_async.py for tasks to queue
[2024-07-01T09:48:14.288-0400] {logging_mixin.py:188} INFO - [2024-07-01T09:48:14.288-0400] {dagbag.py:545} INFO - Filling up the DagBag from /Users/christophercunningham/airflow_workspace/data-flow/data_flow_env/lib/python3.12/site-packages/airflow/example_dags/example_time_delta_sensor_async.py
[2024-07-01T09:48:14.294-0400] {processor.py:840} INFO - DAG(s) 'example_time_delta_sensor_async' retrieved from /Users/christophercunningham/airflow_workspace/data-flow/data_flow_env/lib/python3.12/site-packages/airflow/example_dags/example_time_delta_sensor_async.py
[2024-07-01T09:48:14.382-0400] {logging_mixin.py:188} INFO - [2024-07-01T09:48:14.382-0400] {dag.py:3096} INFO - Sync 1 DAGs
[2024-07-01T09:48:14.389-0400] {logging_mixin.py:188} INFO - [2024-07-01T09:48:14.388-0400] {dag.py:3954} INFO - Setting next_dagrun for example_time_delta_sensor_async to None, run_after=None
[2024-07-01T09:48:14.406-0400] {processor.py:183} INFO - Processing /Users/christophercunningham/airflow_workspace/data-flow/data_flow_env/lib/python3.12/site-packages/airflow/example_dags/example_time_delta_sensor_async.py took 0.125 seconds
[2024-07-01T09:50:02.309-0400] {processor.py:161} INFO - Started process (PID=15652) to work on /Users/christophercunningham/airflow_workspace/data-flow/data_flow_env/lib/python3.12/site-packages/airflow/example_dags/example_time_delta_sensor_async.py
[2024-07-01T09:50:02.310-0400] {processor.py:830} INFO - Processing file /Users/christophercunningham/airflow_workspace/data-flow/data_flow_env/lib/python3.12/site-packages/airflow/example_dags/example_time_delta_sensor_async.py for tasks to queue
[2024-07-01T09:50:02.311-0400] {logging_mixin.py:188} INFO - [2024-07-01T09:50:02.311-0400] {dagbag.py:545} INFO - Filling up the DagBag from /Users/christophercunningham/airflow_workspace/data-flow/data_flow_env/lib/python3.12/site-packages/airflow/example_dags/example_time_delta_sensor_async.py
[2024-07-01T09:50:02.319-0400] {processor.py:840} INFO - DAG(s) 'example_time_delta_sensor_async' retrieved from /Users/christophercunningham/airflow_workspace/data-flow/data_flow_env/lib/python3.12/site-packages/airflow/example_dags/example_time_delta_sensor_async.py
[2024-07-01T09:50:02.411-0400] {logging_mixin.py:188} INFO - [2024-07-01T09:50:02.410-0400] {dag.py:3096} INFO - Sync 1 DAGs
[2024-07-01T09:50:02.417-0400] {logging_mixin.py:188} INFO - [2024-07-01T09:50:02.417-0400] {dag.py:3954} INFO - Setting next_dagrun for example_time_delta_sensor_async to None, run_after=None
[2024-07-01T09:50:02.430-0400] {processor.py:183} INFO - Processing /Users/christophercunningham/airflow_workspace/data-flow/data_flow_env/lib/python3.12/site-packages/airflow/example_dags/example_time_delta_sensor_async.py took 0.125 seconds
[2024-07-01T09:51:50.718-0400] {processor.py:161} INFO - Started process (PID=15867) to work on /Users/christophercunningham/airflow_workspace/data-flow/data_flow_env/lib/python3.12/site-packages/airflow/example_dags/example_time_delta_sensor_async.py
[2024-07-01T09:51:50.719-0400] {processor.py:830} INFO - Processing file /Users/christophercunningham/airflow_workspace/data-flow/data_flow_env/lib/python3.12/site-packages/airflow/example_dags/example_time_delta_sensor_async.py for tasks to queue
[2024-07-01T09:51:50.720-0400] {logging_mixin.py:188} INFO - [2024-07-01T09:51:50.720-0400] {dagbag.py:545} INFO - Filling up the DagBag from /Users/christophercunningham/airflow_workspace/data-flow/data_flow_env/lib/python3.12/site-packages/airflow/example_dags/example_time_delta_sensor_async.py
[2024-07-01T09:51:50.728-0400] {processor.py:840} INFO - DAG(s) 'example_time_delta_sensor_async' retrieved from /Users/christophercunningham/airflow_workspace/data-flow/data_flow_env/lib/python3.12/site-packages/airflow/example_dags/example_time_delta_sensor_async.py
[2024-07-01T09:51:50.821-0400] {logging_mixin.py:188} INFO - [2024-07-01T09:51:50.821-0400] {dag.py:3096} INFO - Sync 1 DAGs
[2024-07-01T09:51:50.828-0400] {logging_mixin.py:188} INFO - [2024-07-01T09:51:50.828-0400] {dag.py:3954} INFO - Setting next_dagrun for example_time_delta_sensor_async to None, run_after=None
[2024-07-01T09:51:50.841-0400] {processor.py:183} INFO - Processing /Users/christophercunningham/airflow_workspace/data-flow/data_flow_env/lib/python3.12/site-packages/airflow/example_dags/example_time_delta_sensor_async.py took 0.127 seconds
[2024-07-01T09:53:33.089-0400] {processor.py:161} INFO - Started process (PID=16025) to work on /Users/christophercunningham/airflow_workspace/data-flow/data_flow_env/lib/python3.12/site-packages/airflow/example_dags/example_time_delta_sensor_async.py
[2024-07-01T09:53:33.090-0400] {processor.py:830} INFO - Processing file /Users/christophercunningham/airflow_workspace/data-flow/data_flow_env/lib/python3.12/site-packages/airflow/example_dags/example_time_delta_sensor_async.py for tasks to queue
[2024-07-01T09:53:33.090-0400] {logging_mixin.py:188} INFO - [2024-07-01T09:53:33.090-0400] {dagbag.py:545} INFO - Filling up the DagBag from /Users/christophercunningham/airflow_workspace/data-flow/data_flow_env/lib/python3.12/site-packages/airflow/example_dags/example_time_delta_sensor_async.py
[2024-07-01T09:53:33.101-0400] {processor.py:840} INFO - DAG(s) 'example_time_delta_sensor_async' retrieved from /Users/christophercunningham/airflow_workspace/data-flow/data_flow_env/lib/python3.12/site-packages/airflow/example_dags/example_time_delta_sensor_async.py
[2024-07-01T09:53:33.216-0400] {logging_mixin.py:188} INFO - [2024-07-01T09:53:33.216-0400] {dag.py:3096} INFO - Sync 1 DAGs
[2024-07-01T09:53:33.225-0400] {logging_mixin.py:188} INFO - [2024-07-01T09:53:33.225-0400] {dag.py:3954} INFO - Setting next_dagrun for example_time_delta_sensor_async to None, run_after=None
[2024-07-01T09:53:33.241-0400] {processor.py:183} INFO - Processing /Users/christophercunningham/airflow_workspace/data-flow/data_flow_env/lib/python3.12/site-packages/airflow/example_dags/example_time_delta_sensor_async.py took 0.157 seconds
[2024-07-01T09:55:14.227-0400] {processor.py:161} INFO - Started process (PID=16250) to work on /Users/christophercunningham/airflow_workspace/data-flow/data_flow_env/lib/python3.12/site-packages/airflow/example_dags/example_time_delta_sensor_async.py
[2024-07-01T09:55:14.228-0400] {processor.py:830} INFO - Processing file /Users/christophercunningham/airflow_workspace/data-flow/data_flow_env/lib/python3.12/site-packages/airflow/example_dags/example_time_delta_sensor_async.py for tasks to queue
[2024-07-01T09:55:14.229-0400] {logging_mixin.py:188} INFO - [2024-07-01T09:55:14.229-0400] {dagbag.py:545} INFO - Filling up the DagBag from /Users/christophercunningham/airflow_workspace/data-flow/data_flow_env/lib/python3.12/site-packages/airflow/example_dags/example_time_delta_sensor_async.py
[2024-07-01T09:55:14.236-0400] {processor.py:840} INFO - DAG(s) 'example_time_delta_sensor_async' retrieved from /Users/christophercunningham/airflow_workspace/data-flow/data_flow_env/lib/python3.12/site-packages/airflow/example_dags/example_time_delta_sensor_async.py
[2024-07-01T09:55:14.322-0400] {logging_mixin.py:188} INFO - [2024-07-01T09:55:14.322-0400] {dag.py:3096} INFO - Sync 1 DAGs
[2024-07-01T09:55:14.328-0400] {logging_mixin.py:188} INFO - [2024-07-01T09:55:14.328-0400] {dag.py:3954} INFO - Setting next_dagrun for example_time_delta_sensor_async to None, run_after=None
[2024-07-01T09:55:14.342-0400] {processor.py:183} INFO - Processing /Users/christophercunningham/airflow_workspace/data-flow/data_flow_env/lib/python3.12/site-packages/airflow/example_dags/example_time_delta_sensor_async.py took 0.119 seconds
[2024-07-01T09:56:54.714-0400] {processor.py:161} INFO - Started process (PID=16463) to work on /Users/christophercunningham/airflow_workspace/data-flow/data_flow_env/lib/python3.12/site-packages/airflow/example_dags/example_time_delta_sensor_async.py
[2024-07-01T09:56:54.715-0400] {processor.py:830} INFO - Processing file /Users/christophercunningham/airflow_workspace/data-flow/data_flow_env/lib/python3.12/site-packages/airflow/example_dags/example_time_delta_sensor_async.py for tasks to queue
[2024-07-01T09:56:54.716-0400] {logging_mixin.py:188} INFO - [2024-07-01T09:56:54.715-0400] {dagbag.py:545} INFO - Filling up the DagBag from /Users/christophercunningham/airflow_workspace/data-flow/data_flow_env/lib/python3.12/site-packages/airflow/example_dags/example_time_delta_sensor_async.py
[2024-07-01T09:56:54.722-0400] {processor.py:840} INFO - DAG(s) 'example_time_delta_sensor_async' retrieved from /Users/christophercunningham/airflow_workspace/data-flow/data_flow_env/lib/python3.12/site-packages/airflow/example_dags/example_time_delta_sensor_async.py
[2024-07-01T09:56:54.809-0400] {logging_mixin.py:188} INFO - [2024-07-01T09:56:54.809-0400] {dag.py:3096} INFO - Sync 1 DAGs
[2024-07-01T09:56:54.815-0400] {logging_mixin.py:188} INFO - [2024-07-01T09:56:54.815-0400] {dag.py:3954} INFO - Setting next_dagrun for example_time_delta_sensor_async to None, run_after=None
[2024-07-01T09:56:54.827-0400] {processor.py:183} INFO - Processing /Users/christophercunningham/airflow_workspace/data-flow/data_flow_env/lib/python3.12/site-packages/airflow/example_dags/example_time_delta_sensor_async.py took 0.118 seconds
[2024-07-01T09:58:36.364-0400] {processor.py:161} INFO - Started process (PID=16687) to work on /Users/christophercunningham/airflow_workspace/data-flow/data_flow_env/lib/python3.12/site-packages/airflow/example_dags/example_time_delta_sensor_async.py
[2024-07-01T09:58:36.365-0400] {processor.py:830} INFO - Processing file /Users/christophercunningham/airflow_workspace/data-flow/data_flow_env/lib/python3.12/site-packages/airflow/example_dags/example_time_delta_sensor_async.py for tasks to queue
[2024-07-01T09:58:36.366-0400] {logging_mixin.py:188} INFO - [2024-07-01T09:58:36.366-0400] {dagbag.py:545} INFO - Filling up the DagBag from /Users/christophercunningham/airflow_workspace/data-flow/data_flow_env/lib/python3.12/site-packages/airflow/example_dags/example_time_delta_sensor_async.py
[2024-07-01T09:58:36.372-0400] {processor.py:840} INFO - DAG(s) 'example_time_delta_sensor_async' retrieved from /Users/christophercunningham/airflow_workspace/data-flow/data_flow_env/lib/python3.12/site-packages/airflow/example_dags/example_time_delta_sensor_async.py
[2024-07-01T09:58:36.457-0400] {logging_mixin.py:188} INFO - [2024-07-01T09:58:36.456-0400] {dag.py:3096} INFO - Sync 1 DAGs
[2024-07-01T09:58:36.463-0400] {logging_mixin.py:188} INFO - [2024-07-01T09:58:36.463-0400] {dag.py:3954} INFO - Setting next_dagrun for example_time_delta_sensor_async to None, run_after=None
[2024-07-01T09:58:36.481-0400] {processor.py:183} INFO - Processing /Users/christophercunningham/airflow_workspace/data-flow/data_flow_env/lib/python3.12/site-packages/airflow/example_dags/example_time_delta_sensor_async.py took 0.122 seconds
[2024-07-01T10:00:18.847-0400] {processor.py:161} INFO - Started process (PID=16948) to work on /Users/christophercunningham/airflow_workspace/data-flow/data_flow_env/lib/python3.12/site-packages/airflow/example_dags/example_time_delta_sensor_async.py
[2024-07-01T10:00:18.847-0400] {processor.py:830} INFO - Processing file /Users/christophercunningham/airflow_workspace/data-flow/data_flow_env/lib/python3.12/site-packages/airflow/example_dags/example_time_delta_sensor_async.py for tasks to queue
[2024-07-01T10:00:18.848-0400] {logging_mixin.py:188} INFO - [2024-07-01T10:00:18.848-0400] {dagbag.py:545} INFO - Filling up the DagBag from /Users/christophercunningham/airflow_workspace/data-flow/data_flow_env/lib/python3.12/site-packages/airflow/example_dags/example_time_delta_sensor_async.py
[2024-07-01T10:00:18.855-0400] {processor.py:840} INFO - DAG(s) 'example_time_delta_sensor_async' retrieved from /Users/christophercunningham/airflow_workspace/data-flow/data_flow_env/lib/python3.12/site-packages/airflow/example_dags/example_time_delta_sensor_async.py
[2024-07-01T10:00:18.948-0400] {logging_mixin.py:188} INFO - [2024-07-01T10:00:18.948-0400] {dag.py:3096} INFO - Sync 1 DAGs
[2024-07-01T10:00:18.956-0400] {logging_mixin.py:188} INFO - [2024-07-01T10:00:18.955-0400] {dag.py:3954} INFO - Setting next_dagrun for example_time_delta_sensor_async to None, run_after=None
[2024-07-01T10:00:18.970-0400] {processor.py:183} INFO - Processing /Users/christophercunningham/airflow_workspace/data-flow/data_flow_env/lib/python3.12/site-packages/airflow/example_dags/example_time_delta_sensor_async.py took 0.127 seconds
[2024-07-01T10:02:01.204-0400] {processor.py:161} INFO - Started process (PID=17155) to work on /Users/christophercunningham/airflow_workspace/data-flow/data_flow_env/lib/python3.12/site-packages/airflow/example_dags/example_time_delta_sensor_async.py
[2024-07-01T10:02:01.205-0400] {processor.py:830} INFO - Processing file /Users/christophercunningham/airflow_workspace/data-flow/data_flow_env/lib/python3.12/site-packages/airflow/example_dags/example_time_delta_sensor_async.py for tasks to queue
[2024-07-01T10:02:01.206-0400] {logging_mixin.py:188} INFO - [2024-07-01T10:02:01.205-0400] {dagbag.py:545} INFO - Filling up the DagBag from /Users/christophercunningham/airflow_workspace/data-flow/data_flow_env/lib/python3.12/site-packages/airflow/example_dags/example_time_delta_sensor_async.py
[2024-07-01T10:02:01.212-0400] {processor.py:840} INFO - DAG(s) 'example_time_delta_sensor_async' retrieved from /Users/christophercunningham/airflow_workspace/data-flow/data_flow_env/lib/python3.12/site-packages/airflow/example_dags/example_time_delta_sensor_async.py
[2024-07-01T10:02:01.314-0400] {logging_mixin.py:188} INFO - [2024-07-01T10:02:01.314-0400] {dag.py:3096} INFO - Sync 1 DAGs
[2024-07-01T10:02:01.321-0400] {logging_mixin.py:188} INFO - [2024-07-01T10:02:01.321-0400] {dag.py:3954} INFO - Setting next_dagrun for example_time_delta_sensor_async to None, run_after=None
[2024-07-01T10:02:01.334-0400] {processor.py:183} INFO - Processing /Users/christophercunningham/airflow_workspace/data-flow/data_flow_env/lib/python3.12/site-packages/airflow/example_dags/example_time_delta_sensor_async.py took 0.134 seconds
[2024-07-01T10:03:47.822-0400] {processor.py:161} INFO - Started process (PID=17372) to work on /Users/christophercunningham/airflow_workspace/data-flow/data_flow_env/lib/python3.12/site-packages/airflow/example_dags/example_time_delta_sensor_async.py
[2024-07-01T10:03:47.823-0400] {processor.py:830} INFO - Processing file /Users/christophercunningham/airflow_workspace/data-flow/data_flow_env/lib/python3.12/site-packages/airflow/example_dags/example_time_delta_sensor_async.py for tasks to queue
[2024-07-01T10:03:47.823-0400] {logging_mixin.py:188} INFO - [2024-07-01T10:03:47.823-0400] {dagbag.py:545} INFO - Filling up the DagBag from /Users/christophercunningham/airflow_workspace/data-flow/data_flow_env/lib/python3.12/site-packages/airflow/example_dags/example_time_delta_sensor_async.py
[2024-07-01T10:03:47.831-0400] {processor.py:840} INFO - DAG(s) 'example_time_delta_sensor_async' retrieved from /Users/christophercunningham/airflow_workspace/data-flow/data_flow_env/lib/python3.12/site-packages/airflow/example_dags/example_time_delta_sensor_async.py
[2024-07-01T10:03:47.918-0400] {logging_mixin.py:188} INFO - [2024-07-01T10:03:47.917-0400] {dag.py:3096} INFO - Sync 1 DAGs
[2024-07-01T10:03:47.924-0400] {logging_mixin.py:188} INFO - [2024-07-01T10:03:47.924-0400] {dag.py:3954} INFO - Setting next_dagrun for example_time_delta_sensor_async to None, run_after=None
[2024-07-01T10:03:47.940-0400] {processor.py:183} INFO - Processing /Users/christophercunningham/airflow_workspace/data-flow/data_flow_env/lib/python3.12/site-packages/airflow/example_dags/example_time_delta_sensor_async.py took 0.123 seconds
[2024-07-01T10:05:38.886-0400] {processor.py:161} INFO - Started process (PID=17605) to work on /Users/christophercunningham/airflow_workspace/data-flow/data_flow_env/lib/python3.12/site-packages/airflow/example_dags/example_time_delta_sensor_async.py
[2024-07-01T10:05:38.887-0400] {processor.py:830} INFO - Processing file /Users/christophercunningham/airflow_workspace/data-flow/data_flow_env/lib/python3.12/site-packages/airflow/example_dags/example_time_delta_sensor_async.py for tasks to queue
[2024-07-01T10:05:38.888-0400] {logging_mixin.py:188} INFO - [2024-07-01T10:05:38.888-0400] {dagbag.py:545} INFO - Filling up the DagBag from /Users/christophercunningham/airflow_workspace/data-flow/data_flow_env/lib/python3.12/site-packages/airflow/example_dags/example_time_delta_sensor_async.py
[2024-07-01T10:05:38.896-0400] {processor.py:840} INFO - DAG(s) 'example_time_delta_sensor_async' retrieved from /Users/christophercunningham/airflow_workspace/data-flow/data_flow_env/lib/python3.12/site-packages/airflow/example_dags/example_time_delta_sensor_async.py
[2024-07-01T10:05:38.991-0400] {logging_mixin.py:188} INFO - [2024-07-01T10:05:38.991-0400] {dag.py:3096} INFO - Sync 1 DAGs
[2024-07-01T10:05:38.998-0400] {logging_mixin.py:188} INFO - [2024-07-01T10:05:38.998-0400] {dag.py:3954} INFO - Setting next_dagrun for example_time_delta_sensor_async to None, run_after=None
[2024-07-01T10:05:39.016-0400] {processor.py:183} INFO - Processing /Users/christophercunningham/airflow_workspace/data-flow/data_flow_env/lib/python3.12/site-packages/airflow/example_dags/example_time_delta_sensor_async.py took 0.134 seconds
[2024-07-01T10:07:28.958-0400] {processor.py:161} INFO - Started process (PID=17833) to work on /Users/christophercunningham/airflow_workspace/data-flow/data_flow_env/lib/python3.12/site-packages/airflow/example_dags/example_time_delta_sensor_async.py
[2024-07-01T10:07:28.959-0400] {processor.py:830} INFO - Processing file /Users/christophercunningham/airflow_workspace/data-flow/data_flow_env/lib/python3.12/site-packages/airflow/example_dags/example_time_delta_sensor_async.py for tasks to queue
[2024-07-01T10:07:28.960-0400] {logging_mixin.py:188} INFO - [2024-07-01T10:07:28.960-0400] {dagbag.py:545} INFO - Filling up the DagBag from /Users/christophercunningham/airflow_workspace/data-flow/data_flow_env/lib/python3.12/site-packages/airflow/example_dags/example_time_delta_sensor_async.py
[2024-07-01T10:07:28.967-0400] {processor.py:840} INFO - DAG(s) 'example_time_delta_sensor_async' retrieved from /Users/christophercunningham/airflow_workspace/data-flow/data_flow_env/lib/python3.12/site-packages/airflow/example_dags/example_time_delta_sensor_async.py
[2024-07-01T10:07:29.056-0400] {logging_mixin.py:188} INFO - [2024-07-01T10:07:29.056-0400] {dag.py:3096} INFO - Sync 1 DAGs
[2024-07-01T10:07:29.063-0400] {logging_mixin.py:188} INFO - [2024-07-01T10:07:29.063-0400] {dag.py:3954} INFO - Setting next_dagrun for example_time_delta_sensor_async to None, run_after=None
[2024-07-01T10:07:29.078-0400] {processor.py:183} INFO - Processing /Users/christophercunningham/airflow_workspace/data-flow/data_flow_env/lib/python3.12/site-packages/airflow/example_dags/example_time_delta_sensor_async.py took 0.125 seconds
[2024-07-01T10:09:16.104-0400] {processor.py:161} INFO - Started process (PID=18054) to work on /Users/christophercunningham/airflow_workspace/data-flow/data_flow_env/lib/python3.12/site-packages/airflow/example_dags/example_time_delta_sensor_async.py
[2024-07-01T10:09:16.106-0400] {processor.py:830} INFO - Processing file /Users/christophercunningham/airflow_workspace/data-flow/data_flow_env/lib/python3.12/site-packages/airflow/example_dags/example_time_delta_sensor_async.py for tasks to queue
[2024-07-01T10:09:16.107-0400] {logging_mixin.py:188} INFO - [2024-07-01T10:09:16.106-0400] {dagbag.py:545} INFO - Filling up the DagBag from /Users/christophercunningham/airflow_workspace/data-flow/data_flow_env/lib/python3.12/site-packages/airflow/example_dags/example_time_delta_sensor_async.py
[2024-07-01T10:09:16.113-0400] {processor.py:840} INFO - DAG(s) 'example_time_delta_sensor_async' retrieved from /Users/christophercunningham/airflow_workspace/data-flow/data_flow_env/lib/python3.12/site-packages/airflow/example_dags/example_time_delta_sensor_async.py
[2024-07-01T10:09:16.201-0400] {logging_mixin.py:188} INFO - [2024-07-01T10:09:16.200-0400] {dag.py:3096} INFO - Sync 1 DAGs
[2024-07-01T10:09:16.207-0400] {logging_mixin.py:188} INFO - [2024-07-01T10:09:16.207-0400] {dag.py:3954} INFO - Setting next_dagrun for example_time_delta_sensor_async to None, run_after=None
[2024-07-01T10:09:16.225-0400] {processor.py:183} INFO - Processing /Users/christophercunningham/airflow_workspace/data-flow/data_flow_env/lib/python3.12/site-packages/airflow/example_dags/example_time_delta_sensor_async.py took 0.126 seconds
[2024-07-01T10:10:58.734-0400] {processor.py:161} INFO - Started process (PID=18307) to work on /Users/christophercunningham/airflow_workspace/data-flow/data_flow_env/lib/python3.12/site-packages/airflow/example_dags/example_time_delta_sensor_async.py
[2024-07-01T10:10:58.735-0400] {processor.py:830} INFO - Processing file /Users/christophercunningham/airflow_workspace/data-flow/data_flow_env/lib/python3.12/site-packages/airflow/example_dags/example_time_delta_sensor_async.py for tasks to queue
[2024-07-01T10:10:58.736-0400] {logging_mixin.py:188} INFO - [2024-07-01T10:10:58.736-0400] {dagbag.py:545} INFO - Filling up the DagBag from /Users/christophercunningham/airflow_workspace/data-flow/data_flow_env/lib/python3.12/site-packages/airflow/example_dags/example_time_delta_sensor_async.py
[2024-07-01T10:10:58.742-0400] {processor.py:840} INFO - DAG(s) 'example_time_delta_sensor_async' retrieved from /Users/christophercunningham/airflow_workspace/data-flow/data_flow_env/lib/python3.12/site-packages/airflow/example_dags/example_time_delta_sensor_async.py
[2024-07-01T10:10:58.828-0400] {logging_mixin.py:188} INFO - [2024-07-01T10:10:58.828-0400] {dag.py:3096} INFO - Sync 1 DAGs
[2024-07-01T10:10:58.835-0400] {logging_mixin.py:188} INFO - [2024-07-01T10:10:58.835-0400] {dag.py:3954} INFO - Setting next_dagrun for example_time_delta_sensor_async to None, run_after=None
[2024-07-01T10:10:58.849-0400] {processor.py:183} INFO - Processing /Users/christophercunningham/airflow_workspace/data-flow/data_flow_env/lib/python3.12/site-packages/airflow/example_dags/example_time_delta_sensor_async.py took 0.119 seconds
[2024-07-01T10:12:38.197-0400] {processor.py:161} INFO - Started process (PID=18513) to work on /Users/christophercunningham/airflow_workspace/data-flow/data_flow_env/lib/python3.12/site-packages/airflow/example_dags/example_time_delta_sensor_async.py
[2024-07-01T10:12:38.199-0400] {processor.py:830} INFO - Processing file /Users/christophercunningham/airflow_workspace/data-flow/data_flow_env/lib/python3.12/site-packages/airflow/example_dags/example_time_delta_sensor_async.py for tasks to queue
[2024-07-01T10:12:38.200-0400] {logging_mixin.py:188} INFO - [2024-07-01T10:12:38.200-0400] {dagbag.py:545} INFO - Filling up the DagBag from /Users/christophercunningham/airflow_workspace/data-flow/data_flow_env/lib/python3.12/site-packages/airflow/example_dags/example_time_delta_sensor_async.py
[2024-07-01T10:12:38.208-0400] {processor.py:840} INFO - DAG(s) 'example_time_delta_sensor_async' retrieved from /Users/christophercunningham/airflow_workspace/data-flow/data_flow_env/lib/python3.12/site-packages/airflow/example_dags/example_time_delta_sensor_async.py
[2024-07-01T10:12:38.308-0400] {logging_mixin.py:188} INFO - [2024-07-01T10:12:38.308-0400] {dag.py:3096} INFO - Sync 1 DAGs
[2024-07-01T10:12:38.315-0400] {logging_mixin.py:188} INFO - [2024-07-01T10:12:38.315-0400] {dag.py:3954} INFO - Setting next_dagrun for example_time_delta_sensor_async to None, run_after=None
[2024-07-01T10:12:38.331-0400] {processor.py:183} INFO - Processing /Users/christophercunningham/airflow_workspace/data-flow/data_flow_env/lib/python3.12/site-packages/airflow/example_dags/example_time_delta_sensor_async.py took 0.138 seconds
[2024-07-01T10:14:25.126-0400] {processor.py:161} INFO - Started process (PID=18778) to work on /Users/christophercunningham/airflow_workspace/data-flow/data_flow_env/lib/python3.12/site-packages/airflow/example_dags/example_time_delta_sensor_async.py
[2024-07-01T10:14:25.128-0400] {processor.py:830} INFO - Processing file /Users/christophercunningham/airflow_workspace/data-flow/data_flow_env/lib/python3.12/site-packages/airflow/example_dags/example_time_delta_sensor_async.py for tasks to queue
[2024-07-01T10:14:25.128-0400] {logging_mixin.py:188} INFO - [2024-07-01T10:14:25.128-0400] {dagbag.py:545} INFO - Filling up the DagBag from /Users/christophercunningham/airflow_workspace/data-flow/data_flow_env/lib/python3.12/site-packages/airflow/example_dags/example_time_delta_sensor_async.py
[2024-07-01T10:14:25.136-0400] {processor.py:840} INFO - DAG(s) 'example_time_delta_sensor_async' retrieved from /Users/christophercunningham/airflow_workspace/data-flow/data_flow_env/lib/python3.12/site-packages/airflow/example_dags/example_time_delta_sensor_async.py
[2024-07-01T10:14:25.226-0400] {logging_mixin.py:188} INFO - [2024-07-01T10:14:25.226-0400] {dag.py:3096} INFO - Sync 1 DAGs
[2024-07-01T10:14:25.234-0400] {logging_mixin.py:188} INFO - [2024-07-01T10:14:25.234-0400] {dag.py:3954} INFO - Setting next_dagrun for example_time_delta_sensor_async to None, run_after=None
[2024-07-01T10:14:25.249-0400] {processor.py:183} INFO - Processing /Users/christophercunningham/airflow_workspace/data-flow/data_flow_env/lib/python3.12/site-packages/airflow/example_dags/example_time_delta_sensor_async.py took 0.127 seconds
[2024-07-01T10:16:13.453-0400] {processor.py:161} INFO - Started process (PID=19029) to work on /Users/christophercunningham/airflow_workspace/data-flow/data_flow_env/lib/python3.12/site-packages/airflow/example_dags/example_time_delta_sensor_async.py
[2024-07-01T10:16:13.454-0400] {processor.py:830} INFO - Processing file /Users/christophercunningham/airflow_workspace/data-flow/data_flow_env/lib/python3.12/site-packages/airflow/example_dags/example_time_delta_sensor_async.py for tasks to queue
[2024-07-01T10:16:13.455-0400] {logging_mixin.py:188} INFO - [2024-07-01T10:16:13.454-0400] {dagbag.py:545} INFO - Filling up the DagBag from /Users/christophercunningham/airflow_workspace/data-flow/data_flow_env/lib/python3.12/site-packages/airflow/example_dags/example_time_delta_sensor_async.py
[2024-07-01T10:16:13.462-0400] {processor.py:840} INFO - DAG(s) 'example_time_delta_sensor_async' retrieved from /Users/christophercunningham/airflow_workspace/data-flow/data_flow_env/lib/python3.12/site-packages/airflow/example_dags/example_time_delta_sensor_async.py
[2024-07-01T10:16:13.549-0400] {logging_mixin.py:188} INFO - [2024-07-01T10:16:13.549-0400] {dag.py:3096} INFO - Sync 1 DAGs
[2024-07-01T10:16:13.556-0400] {logging_mixin.py:188} INFO - [2024-07-01T10:16:13.556-0400] {dag.py:3954} INFO - Setting next_dagrun for example_time_delta_sensor_async to None, run_after=None
[2024-07-01T10:16:13.569-0400] {processor.py:183} INFO - Processing /Users/christophercunningham/airflow_workspace/data-flow/data_flow_env/lib/python3.12/site-packages/airflow/example_dags/example_time_delta_sensor_async.py took 0.121 seconds
[2024-07-01T10:18:01.804-0400] {processor.py:161} INFO - Started process (PID=19227) to work on /Users/christophercunningham/airflow_workspace/data-flow/data_flow_env/lib/python3.12/site-packages/airflow/example_dags/example_time_delta_sensor_async.py
[2024-07-01T10:18:01.805-0400] {processor.py:830} INFO - Processing file /Users/christophercunningham/airflow_workspace/data-flow/data_flow_env/lib/python3.12/site-packages/airflow/example_dags/example_time_delta_sensor_async.py for tasks to queue
[2024-07-01T10:18:01.806-0400] {logging_mixin.py:188} INFO - [2024-07-01T10:18:01.806-0400] {dagbag.py:545} INFO - Filling up the DagBag from /Users/christophercunningham/airflow_workspace/data-flow/data_flow_env/lib/python3.12/site-packages/airflow/example_dags/example_time_delta_sensor_async.py
[2024-07-01T10:18:01.812-0400] {processor.py:840} INFO - DAG(s) 'example_time_delta_sensor_async' retrieved from /Users/christophercunningham/airflow_workspace/data-flow/data_flow_env/lib/python3.12/site-packages/airflow/example_dags/example_time_delta_sensor_async.py
[2024-07-01T10:18:01.900-0400] {logging_mixin.py:188} INFO - [2024-07-01T10:18:01.900-0400] {dag.py:3096} INFO - Sync 1 DAGs
[2024-07-01T10:18:01.907-0400] {logging_mixin.py:188} INFO - [2024-07-01T10:18:01.907-0400] {dag.py:3954} INFO - Setting next_dagrun for example_time_delta_sensor_async to None, run_after=None
[2024-07-01T10:18:01.920-0400] {processor.py:183} INFO - Processing /Users/christophercunningham/airflow_workspace/data-flow/data_flow_env/lib/python3.12/site-packages/airflow/example_dags/example_time_delta_sensor_async.py took 0.121 seconds
[2024-07-01T10:39:17.915-0400] {processor.py:161} INFO - Started process (PID=21154) to work on /Users/christophercunningham/airflow_workspace/data-flow/data_flow_env/lib/python3.12/site-packages/airflow/example_dags/example_time_delta_sensor_async.py
[2024-07-01T10:39:17.916-0400] {processor.py:830} INFO - Processing file /Users/christophercunningham/airflow_workspace/data-flow/data_flow_env/lib/python3.12/site-packages/airflow/example_dags/example_time_delta_sensor_async.py for tasks to queue
[2024-07-01T10:39:17.917-0400] {logging_mixin.py:188} INFO - [2024-07-01T10:39:17.917-0400] {dagbag.py:545} INFO - Filling up the DagBag from /Users/christophercunningham/airflow_workspace/data-flow/data_flow_env/lib/python3.12/site-packages/airflow/example_dags/example_time_delta_sensor_async.py
[2024-07-01T10:39:17.924-0400] {processor.py:840} INFO - DAG(s) 'example_time_delta_sensor_async' retrieved from /Users/christophercunningham/airflow_workspace/data-flow/data_flow_env/lib/python3.12/site-packages/airflow/example_dags/example_time_delta_sensor_async.py
[2024-07-01T10:39:18.094-0400] {logging_mixin.py:188} INFO - [2024-07-01T10:39:18.094-0400] {dag.py:3096} INFO - Sync 1 DAGs
[2024-07-01T10:39:18.102-0400] {logging_mixin.py:188} INFO - [2024-07-01T10:39:18.102-0400] {dag.py:3954} INFO - Setting next_dagrun for example_time_delta_sensor_async to None, run_after=None
[2024-07-01T10:39:18.117-0400] {processor.py:183} INFO - Processing /Users/christophercunningham/airflow_workspace/data-flow/data_flow_env/lib/python3.12/site-packages/airflow/example_dags/example_time_delta_sensor_async.py took 0.205 seconds
