[2024-07-01T09:33:08.460-0400] {processor.py:161} INFO - Started process (PID=14029) to work on /Users/christophercunningham/airflow_workspace/data-flow/data_flow_env/lib/python3.12/site-packages/airflow/example_dags/example_branch_operator.py
[2024-07-01T09:33:08.462-0400] {processor.py:830} INFO - Processing file /Users/christophercunningham/airflow_workspace/data-flow/data_flow_env/lib/python3.12/site-packages/airflow/example_dags/example_branch_operator.py for tasks to queue
[2024-07-01T09:33:08.462-0400] {logging_mixin.py:188} INFO - [2024-07-01T09:33:08.462-0400] {dagbag.py:545} INFO - Filling up the DagBag from /Users/christophercunningham/airflow_workspace/data-flow/data_flow_env/lib/python3.12/site-packages/airflow/example_dags/example_branch_operator.py
[2024-07-01T09:33:08.489-0400] {processor.py:840} INFO - DAG(s) 'example_branch_operator' retrieved from /Users/christophercunningham/airflow_workspace/data-flow/data_flow_env/lib/python3.12/site-packages/airflow/example_dags/example_branch_operator.py
[2024-07-01T09:33:08.684-0400] {logging_mixin.py:188} INFO - [2024-07-01T09:33:08.684-0400] {dag.py:3096} INFO - Sync 1 DAGs
[2024-07-01T09:33:08.701-0400] {logging_mixin.py:188} INFO - [2024-07-01T09:33:08.701-0400] {dag.py:3954} INFO - Setting next_dagrun for example_branch_operator to 2024-06-30 00:00:00+00:00, run_after=2024-07-01 00:00:00+00:00
[2024-07-01T09:33:08.717-0400] {processor.py:183} INFO - Processing /Users/christophercunningham/airflow_workspace/data-flow/data_flow_env/lib/python3.12/site-packages/airflow/example_dags/example_branch_operator.py took 0.262 seconds
[2024-07-01T09:36:35.830-0400] {processor.py:161} INFO - Started process (PID=14351) to work on /Users/christophercunningham/airflow_workspace/data-flow/data_flow_env/lib/python3.12/site-packages/airflow/example_dags/example_branch_operator.py
[2024-07-01T09:36:35.831-0400] {processor.py:830} INFO - Processing file /Users/christophercunningham/airflow_workspace/data-flow/data_flow_env/lib/python3.12/site-packages/airflow/example_dags/example_branch_operator.py for tasks to queue
[2024-07-01T09:36:35.832-0400] {logging_mixin.py:188} INFO - [2024-07-01T09:36:35.831-0400] {dagbag.py:545} INFO - Filling up the DagBag from /Users/christophercunningham/airflow_workspace/data-flow/data_flow_env/lib/python3.12/site-packages/airflow/example_dags/example_branch_operator.py
[2024-07-01T09:36:35.861-0400] {processor.py:840} INFO - DAG(s) 'example_branch_operator' retrieved from /Users/christophercunningham/airflow_workspace/data-flow/data_flow_env/lib/python3.12/site-packages/airflow/example_dags/example_branch_operator.py
[2024-07-01T09:36:36.047-0400] {logging_mixin.py:188} INFO - [2024-07-01T09:36:36.046-0400] {dag.py:3096} INFO - Sync 1 DAGs
[2024-07-01T09:36:36.063-0400] {logging_mixin.py:188} INFO - [2024-07-01T09:36:36.063-0400] {dag.py:3954} INFO - Setting next_dagrun for example_branch_operator to 2024-06-30 00:00:00+00:00, run_after=2024-07-01 00:00:00+00:00
[2024-07-01T09:36:36.080-0400] {processor.py:183} INFO - Processing /Users/christophercunningham/airflow_workspace/data-flow/data_flow_env/lib/python3.12/site-packages/airflow/example_dags/example_branch_operator.py took 0.255 seconds
[2024-07-01T09:40:10.176-0400] {processor.py:161} INFO - Started process (PID=14724) to work on /Users/christophercunningham/airflow_workspace/data-flow/data_flow_env/lib/python3.12/site-packages/airflow/example_dags/example_branch_operator.py
[2024-07-01T09:40:10.177-0400] {processor.py:830} INFO - Processing file /Users/christophercunningham/airflow_workspace/data-flow/data_flow_env/lib/python3.12/site-packages/airflow/example_dags/example_branch_operator.py for tasks to queue
[2024-07-01T09:40:10.178-0400] {logging_mixin.py:188} INFO - [2024-07-01T09:40:10.178-0400] {dagbag.py:545} INFO - Filling up the DagBag from /Users/christophercunningham/airflow_workspace/data-flow/data_flow_env/lib/python3.12/site-packages/airflow/example_dags/example_branch_operator.py
[2024-07-01T09:40:10.205-0400] {processor.py:840} INFO - DAG(s) 'example_branch_operator' retrieved from /Users/christophercunningham/airflow_workspace/data-flow/data_flow_env/lib/python3.12/site-packages/airflow/example_dags/example_branch_operator.py
[2024-07-01T09:40:10.401-0400] {logging_mixin.py:188} INFO - [2024-07-01T09:40:10.401-0400] {dag.py:3096} INFO - Sync 1 DAGs
[2024-07-01T09:40:10.415-0400] {logging_mixin.py:188} INFO - [2024-07-01T09:40:10.415-0400] {dag.py:3954} INFO - Setting next_dagrun for example_branch_operator to 2024-06-30 00:00:00+00:00, run_after=2024-07-01 00:00:00+00:00
[2024-07-01T09:40:10.431-0400] {processor.py:183} INFO - Processing /Users/christophercunningham/airflow_workspace/data-flow/data_flow_env/lib/python3.12/site-packages/airflow/example_dags/example_branch_operator.py took 0.260 seconds
[2024-07-01T09:43:44.051-0400] {processor.py:161} INFO - Started process (PID=15089) to work on /Users/christophercunningham/airflow_workspace/data-flow/data_flow_env/lib/python3.12/site-packages/airflow/example_dags/example_branch_operator.py
[2024-07-01T09:43:44.052-0400] {processor.py:830} INFO - Processing file /Users/christophercunningham/airflow_workspace/data-flow/data_flow_env/lib/python3.12/site-packages/airflow/example_dags/example_branch_operator.py for tasks to queue
[2024-07-01T09:43:44.053-0400] {logging_mixin.py:188} INFO - [2024-07-01T09:43:44.053-0400] {dagbag.py:545} INFO - Filling up the DagBag from /Users/christophercunningham/airflow_workspace/data-flow/data_flow_env/lib/python3.12/site-packages/airflow/example_dags/example_branch_operator.py
[2024-07-01T09:43:44.083-0400] {processor.py:840} INFO - DAG(s) 'example_branch_operator' retrieved from /Users/christophercunningham/airflow_workspace/data-flow/data_flow_env/lib/python3.12/site-packages/airflow/example_dags/example_branch_operator.py
[2024-07-01T09:43:44.279-0400] {logging_mixin.py:188} INFO - [2024-07-01T09:43:44.278-0400] {dag.py:3096} INFO - Sync 1 DAGs
[2024-07-01T09:43:44.296-0400] {logging_mixin.py:188} INFO - [2024-07-01T09:43:44.296-0400] {dag.py:3954} INFO - Setting next_dagrun for example_branch_operator to 2024-06-30 00:00:00+00:00, run_after=2024-07-01 00:00:00+00:00
[2024-07-01T09:43:44.313-0400] {processor.py:183} INFO - Processing /Users/christophercunningham/airflow_workspace/data-flow/data_flow_env/lib/python3.12/site-packages/airflow/example_dags/example_branch_operator.py took 0.265 seconds
[2024-07-01T09:47:18.546-0400] {processor.py:161} INFO - Started process (PID=15409) to work on /Users/christophercunningham/airflow_workspace/data-flow/data_flow_env/lib/python3.12/site-packages/airflow/example_dags/example_branch_operator.py
[2024-07-01T09:47:18.548-0400] {processor.py:830} INFO - Processing file /Users/christophercunningham/airflow_workspace/data-flow/data_flow_env/lib/python3.12/site-packages/airflow/example_dags/example_branch_operator.py for tasks to queue
[2024-07-01T09:47:18.548-0400] {logging_mixin.py:188} INFO - [2024-07-01T09:47:18.548-0400] {dagbag.py:545} INFO - Filling up the DagBag from /Users/christophercunningham/airflow_workspace/data-flow/data_flow_env/lib/python3.12/site-packages/airflow/example_dags/example_branch_operator.py
[2024-07-01T09:47:18.577-0400] {processor.py:840} INFO - DAG(s) 'example_branch_operator' retrieved from /Users/christophercunningham/airflow_workspace/data-flow/data_flow_env/lib/python3.12/site-packages/airflow/example_dags/example_branch_operator.py
[2024-07-01T09:47:18.770-0400] {logging_mixin.py:188} INFO - [2024-07-01T09:47:18.769-0400] {dag.py:3096} INFO - Sync 1 DAGs
[2024-07-01T09:47:18.785-0400] {logging_mixin.py:188} INFO - [2024-07-01T09:47:18.785-0400] {dag.py:3954} INFO - Setting next_dagrun for example_branch_operator to 2024-06-30 00:00:00+00:00, run_after=2024-07-01 00:00:00+00:00
[2024-07-01T09:47:18.801-0400] {processor.py:183} INFO - Processing /Users/christophercunningham/airflow_workspace/data-flow/data_flow_env/lib/python3.12/site-packages/airflow/example_dags/example_branch_operator.py took 0.259 seconds
[2024-07-01T09:50:55.865-0400] {processor.py:161} INFO - Started process (PID=15775) to work on /Users/christophercunningham/airflow_workspace/data-flow/data_flow_env/lib/python3.12/site-packages/airflow/example_dags/example_branch_operator.py
[2024-07-01T09:50:55.867-0400] {processor.py:830} INFO - Processing file /Users/christophercunningham/airflow_workspace/data-flow/data_flow_env/lib/python3.12/site-packages/airflow/example_dags/example_branch_operator.py for tasks to queue
[2024-07-01T09:50:55.868-0400] {logging_mixin.py:188} INFO - [2024-07-01T09:50:55.868-0400] {dagbag.py:545} INFO - Filling up the DagBag from /Users/christophercunningham/airflow_workspace/data-flow/data_flow_env/lib/python3.12/site-packages/airflow/example_dags/example_branch_operator.py
[2024-07-01T09:50:55.893-0400] {processor.py:840} INFO - DAG(s) 'example_branch_operator' retrieved from /Users/christophercunningham/airflow_workspace/data-flow/data_flow_env/lib/python3.12/site-packages/airflow/example_dags/example_branch_operator.py
[2024-07-01T09:50:56.079-0400] {logging_mixin.py:188} INFO - [2024-07-01T09:50:56.078-0400] {dag.py:3096} INFO - Sync 1 DAGs
[2024-07-01T09:50:56.095-0400] {logging_mixin.py:188} INFO - [2024-07-01T09:50:56.095-0400] {dag.py:3954} INFO - Setting next_dagrun for example_branch_operator to 2024-06-30 00:00:00+00:00, run_after=2024-07-01 00:00:00+00:00
[2024-07-01T09:50:56.111-0400] {processor.py:183} INFO - Processing /Users/christophercunningham/airflow_workspace/data-flow/data_flow_env/lib/python3.12/site-packages/airflow/example_dags/example_branch_operator.py took 0.250 seconds
[2024-07-01T09:54:17.940-0400] {processor.py:161} INFO - Started process (PID=16120) to work on /Users/christophercunningham/airflow_workspace/data-flow/data_flow_env/lib/python3.12/site-packages/airflow/example_dags/example_branch_operator.py
[2024-07-01T09:54:17.942-0400] {processor.py:830} INFO - Processing file /Users/christophercunningham/airflow_workspace/data-flow/data_flow_env/lib/python3.12/site-packages/airflow/example_dags/example_branch_operator.py for tasks to queue
[2024-07-01T09:54:17.942-0400] {logging_mixin.py:188} INFO - [2024-07-01T09:54:17.942-0400] {dagbag.py:545} INFO - Filling up the DagBag from /Users/christophercunningham/airflow_workspace/data-flow/data_flow_env/lib/python3.12/site-packages/airflow/example_dags/example_branch_operator.py
[2024-07-01T09:54:17.970-0400] {processor.py:840} INFO - DAG(s) 'example_branch_operator' retrieved from /Users/christophercunningham/airflow_workspace/data-flow/data_flow_env/lib/python3.12/site-packages/airflow/example_dags/example_branch_operator.py
[2024-07-01T09:54:18.151-0400] {logging_mixin.py:188} INFO - [2024-07-01T09:54:18.151-0400] {dag.py:3096} INFO - Sync 1 DAGs
[2024-07-01T09:54:18.167-0400] {logging_mixin.py:188} INFO - [2024-07-01T09:54:18.167-0400] {dag.py:3954} INFO - Setting next_dagrun for example_branch_operator to 2024-06-30 00:00:00+00:00, run_after=2024-07-01 00:00:00+00:00
[2024-07-01T09:54:18.183-0400] {processor.py:183} INFO - Processing /Users/christophercunningham/airflow_workspace/data-flow/data_flow_env/lib/python3.12/site-packages/airflow/example_dags/example_branch_operator.py took 0.249 seconds
[2024-07-01T09:57:41.506-0400] {processor.py:161} INFO - Started process (PID=16571) to work on /Users/christophercunningham/airflow_workspace/data-flow/data_flow_env/lib/python3.12/site-packages/airflow/example_dags/example_branch_operator.py
[2024-07-01T09:57:41.507-0400] {processor.py:830} INFO - Processing file /Users/christophercunningham/airflow_workspace/data-flow/data_flow_env/lib/python3.12/site-packages/airflow/example_dags/example_branch_operator.py for tasks to queue
[2024-07-01T09:57:41.507-0400] {logging_mixin.py:188} INFO - [2024-07-01T09:57:41.507-0400] {dagbag.py:545} INFO - Filling up the DagBag from /Users/christophercunningham/airflow_workspace/data-flow/data_flow_env/lib/python3.12/site-packages/airflow/example_dags/example_branch_operator.py
[2024-07-01T09:57:41.535-0400] {processor.py:840} INFO - DAG(s) 'example_branch_operator' retrieved from /Users/christophercunningham/airflow_workspace/data-flow/data_flow_env/lib/python3.12/site-packages/airflow/example_dags/example_branch_operator.py
[2024-07-01T09:57:41.717-0400] {logging_mixin.py:188} INFO - [2024-07-01T09:57:41.716-0400] {dag.py:3096} INFO - Sync 1 DAGs
[2024-07-01T09:57:41.733-0400] {logging_mixin.py:188} INFO - [2024-07-01T09:57:41.733-0400] {dag.py:3954} INFO - Setting next_dagrun for example_branch_operator to 2024-06-30 00:00:00+00:00, run_after=2024-07-01 00:00:00+00:00
[2024-07-01T09:57:41.749-0400] {processor.py:183} INFO - Processing /Users/christophercunningham/airflow_workspace/data-flow/data_flow_env/lib/python3.12/site-packages/airflow/example_dags/example_branch_operator.py took 0.248 seconds
[2024-07-01T10:01:07.421-0400] {processor.py:161} INFO - Started process (PID=17047) to work on /Users/christophercunningham/airflow_workspace/data-flow/data_flow_env/lib/python3.12/site-packages/airflow/example_dags/example_branch_operator.py
[2024-07-01T10:01:07.422-0400] {processor.py:830} INFO - Processing file /Users/christophercunningham/airflow_workspace/data-flow/data_flow_env/lib/python3.12/site-packages/airflow/example_dags/example_branch_operator.py for tasks to queue
[2024-07-01T10:01:07.423-0400] {logging_mixin.py:188} INFO - [2024-07-01T10:01:07.422-0400] {dagbag.py:545} INFO - Filling up the DagBag from /Users/christophercunningham/airflow_workspace/data-flow/data_flow_env/lib/python3.12/site-packages/airflow/example_dags/example_branch_operator.py
[2024-07-01T10:01:07.453-0400] {processor.py:840} INFO - DAG(s) 'example_branch_operator' retrieved from /Users/christophercunningham/airflow_workspace/data-flow/data_flow_env/lib/python3.12/site-packages/airflow/example_dags/example_branch_operator.py
[2024-07-01T10:01:07.643-0400] {logging_mixin.py:188} INFO - [2024-07-01T10:01:07.643-0400] {dag.py:3096} INFO - Sync 1 DAGs
[2024-07-01T10:01:07.660-0400] {logging_mixin.py:188} INFO - [2024-07-01T10:01:07.659-0400] {dag.py:3954} INFO - Setting next_dagrun for example_branch_operator to 2024-06-30 00:00:00+00:00, run_after=2024-07-01 00:00:00+00:00
[2024-07-01T10:01:07.676-0400] {processor.py:183} INFO - Processing /Users/christophercunningham/airflow_workspace/data-flow/data_flow_env/lib/python3.12/site-packages/airflow/example_dags/example_branch_operator.py took 0.260 seconds
[2024-07-01T10:04:40.699-0400] {processor.py:161} INFO - Started process (PID=17477) to work on /Users/christophercunningham/airflow_workspace/data-flow/data_flow_env/lib/python3.12/site-packages/airflow/example_dags/example_branch_operator.py
[2024-07-01T10:04:40.701-0400] {processor.py:830} INFO - Processing file /Users/christophercunningham/airflow_workspace/data-flow/data_flow_env/lib/python3.12/site-packages/airflow/example_dags/example_branch_operator.py for tasks to queue
[2024-07-01T10:04:40.702-0400] {logging_mixin.py:188} INFO - [2024-07-01T10:04:40.702-0400] {dagbag.py:545} INFO - Filling up the DagBag from /Users/christophercunningham/airflow_workspace/data-flow/data_flow_env/lib/python3.12/site-packages/airflow/example_dags/example_branch_operator.py
[2024-07-01T10:04:40.730-0400] {processor.py:840} INFO - DAG(s) 'example_branch_operator' retrieved from /Users/christophercunningham/airflow_workspace/data-flow/data_flow_env/lib/python3.12/site-packages/airflow/example_dags/example_branch_operator.py
[2024-07-01T10:04:40.926-0400] {logging_mixin.py:188} INFO - [2024-07-01T10:04:40.925-0400] {dag.py:3096} INFO - Sync 1 DAGs
[2024-07-01T10:04:40.943-0400] {logging_mixin.py:188} INFO - [2024-07-01T10:04:40.943-0400] {dag.py:3954} INFO - Setting next_dagrun for example_branch_operator to 2024-06-30 00:00:00+00:00, run_after=2024-07-01 00:00:00+00:00
[2024-07-01T10:04:40.961-0400] {processor.py:183} INFO - Processing /Users/christophercunningham/airflow_workspace/data-flow/data_flow_env/lib/python3.12/site-packages/airflow/example_dags/example_branch_operator.py took 0.267 seconds
[2024-07-01T10:08:23.405-0400] {processor.py:161} INFO - Started process (PID=17949) to work on /Users/christophercunningham/airflow_workspace/data-flow/data_flow_env/lib/python3.12/site-packages/airflow/example_dags/example_branch_operator.py
[2024-07-01T10:08:23.407-0400] {processor.py:830} INFO - Processing file /Users/christophercunningham/airflow_workspace/data-flow/data_flow_env/lib/python3.12/site-packages/airflow/example_dags/example_branch_operator.py for tasks to queue
[2024-07-01T10:08:23.408-0400] {logging_mixin.py:188} INFO - [2024-07-01T10:08:23.407-0400] {dagbag.py:545} INFO - Filling up the DagBag from /Users/christophercunningham/airflow_workspace/data-flow/data_flow_env/lib/python3.12/site-packages/airflow/example_dags/example_branch_operator.py
[2024-07-01T10:08:23.433-0400] {processor.py:840} INFO - DAG(s) 'example_branch_operator' retrieved from /Users/christophercunningham/airflow_workspace/data-flow/data_flow_env/lib/python3.12/site-packages/airflow/example_dags/example_branch_operator.py
[2024-07-01T10:08:23.616-0400] {logging_mixin.py:188} INFO - [2024-07-01T10:08:23.615-0400] {dag.py:3096} INFO - Sync 1 DAGs
[2024-07-01T10:08:23.630-0400] {logging_mixin.py:188} INFO - [2024-07-01T10:08:23.630-0400] {dag.py:3954} INFO - Setting next_dagrun for example_branch_operator to 2024-06-30 00:00:00+00:00, run_after=2024-07-01 00:00:00+00:00
[2024-07-01T10:08:23.646-0400] {processor.py:183} INFO - Processing /Users/christophercunningham/airflow_workspace/data-flow/data_flow_env/lib/python3.12/site-packages/airflow/example_dags/example_branch_operator.py took 0.246 seconds
[2024-07-01T10:11:47.344-0400] {processor.py:161} INFO - Started process (PID=18409) to work on /Users/christophercunningham/airflow_workspace/data-flow/data_flow_env/lib/python3.12/site-packages/airflow/example_dags/example_branch_operator.py
[2024-07-01T10:11:47.345-0400] {processor.py:830} INFO - Processing file /Users/christophercunningham/airflow_workspace/data-flow/data_flow_env/lib/python3.12/site-packages/airflow/example_dags/example_branch_operator.py for tasks to queue
[2024-07-01T10:11:47.346-0400] {logging_mixin.py:188} INFO - [2024-07-01T10:11:47.346-0400] {dagbag.py:545} INFO - Filling up the DagBag from /Users/christophercunningham/airflow_workspace/data-flow/data_flow_env/lib/python3.12/site-packages/airflow/example_dags/example_branch_operator.py
[2024-07-01T10:11:47.372-0400] {processor.py:840} INFO - DAG(s) 'example_branch_operator' retrieved from /Users/christophercunningham/airflow_workspace/data-flow/data_flow_env/lib/python3.12/site-packages/airflow/example_dags/example_branch_operator.py
[2024-07-01T10:11:47.561-0400] {logging_mixin.py:188} INFO - [2024-07-01T10:11:47.561-0400] {dag.py:3096} INFO - Sync 1 DAGs
[2024-07-01T10:11:47.579-0400] {logging_mixin.py:188} INFO - [2024-07-01T10:11:47.578-0400] {dag.py:3954} INFO - Setting next_dagrun for example_branch_operator to 2024-06-30 00:00:00+00:00, run_after=2024-07-01 00:00:00+00:00
[2024-07-01T10:11:47.595-0400] {processor.py:183} INFO - Processing /Users/christophercunningham/airflow_workspace/data-flow/data_flow_env/lib/python3.12/site-packages/airflow/example_dags/example_branch_operator.py took 0.256 seconds
[2024-07-01T10:15:19.538-0400] {processor.py:161} INFO - Started process (PID=18887) to work on /Users/christophercunningham/airflow_workspace/data-flow/data_flow_env/lib/python3.12/site-packages/airflow/example_dags/example_branch_operator.py
[2024-07-01T10:15:19.540-0400] {processor.py:830} INFO - Processing file /Users/christophercunningham/airflow_workspace/data-flow/data_flow_env/lib/python3.12/site-packages/airflow/example_dags/example_branch_operator.py for tasks to queue
[2024-07-01T10:15:19.541-0400] {logging_mixin.py:188} INFO - [2024-07-01T10:15:19.541-0400] {dagbag.py:545} INFO - Filling up the DagBag from /Users/christophercunningham/airflow_workspace/data-flow/data_flow_env/lib/python3.12/site-packages/airflow/example_dags/example_branch_operator.py
[2024-07-01T10:15:19.566-0400] {processor.py:840} INFO - DAG(s) 'example_branch_operator' retrieved from /Users/christophercunningham/airflow_workspace/data-flow/data_flow_env/lib/python3.12/site-packages/airflow/example_dags/example_branch_operator.py
[2024-07-01T10:15:19.752-0400] {logging_mixin.py:188} INFO - [2024-07-01T10:15:19.751-0400] {dag.py:3096} INFO - Sync 1 DAGs
[2024-07-01T10:15:19.768-0400] {logging_mixin.py:188} INFO - [2024-07-01T10:15:19.767-0400] {dag.py:3954} INFO - Setting next_dagrun for example_branch_operator to 2024-06-30 00:00:00+00:00, run_after=2024-07-01 00:00:00+00:00
[2024-07-01T10:15:19.783-0400] {processor.py:183} INFO - Processing /Users/christophercunningham/airflow_workspace/data-flow/data_flow_env/lib/python3.12/site-packages/airflow/example_dags/example_branch_operator.py took 0.250 seconds
