[2024-07-01T09:33:17.081-0400] {processor.py:161} INFO - Started process (PID=14045) to work on /Users/christophercunningham/airflow_workspace/data-flow/data_flow_env/lib/python3.12/site-packages/airflow/example_dags/example_branch_datetime_operator.py
[2024-07-01T09:33:17.082-0400] {processor.py:830} INFO - Processing file /Users/christophercunningham/airflow_workspace/data-flow/data_flow_env/lib/python3.12/site-packages/airflow/example_dags/example_branch_datetime_operator.py for tasks to queue
[2024-07-01T09:33:17.083-0400] {logging_mixin.py:188} INFO - [2024-07-01T09:33:17.083-0400] {dagbag.py:545} INFO - Filling up the DagBag from /Users/christophercunningham/airflow_workspace/data-flow/data_flow_env/lib/python3.12/site-packages/airflow/example_dags/example_branch_datetime_operator.py
[2024-07-01T09:33:17.093-0400] {processor.py:840} INFO - DAG(s) 'example_branch_datetime_operator_2', 'example_branch_datetime_operator_3', 'example_branch_datetime_operator' retrieved from /Users/christophercunningham/airflow_workspace/data-flow/data_flow_env/lib/python3.12/site-packages/airflow/example_dags/example_branch_datetime_operator.py
[2024-07-01T09:33:17.238-0400] {logging_mixin.py:188} INFO - [2024-07-01T09:33:17.237-0400] {dag.py:3096} INFO - Sync 3 DAGs
[2024-07-01T09:33:17.250-0400] {logging_mixin.py:188} INFO - [2024-07-01T09:33:17.250-0400] {dag.py:3954} INFO - Setting next_dagrun for example_branch_datetime_operator to 2024-06-30 00:00:00+00:00, run_after=2024-07-01 00:00:00+00:00
[2024-07-01T09:33:17.253-0400] {logging_mixin.py:188} INFO - [2024-07-01T09:33:17.253-0400] {dag.py:3954} INFO - Setting next_dagrun for example_branch_datetime_operator_2 to 2024-06-30 00:00:00+00:00, run_after=2024-07-01 00:00:00+00:00
[2024-07-01T09:33:17.255-0400] {logging_mixin.py:188} INFO - [2024-07-01T09:33:17.255-0400] {dag.py:3954} INFO - Setting next_dagrun for example_branch_datetime_operator_3 to 2024-06-30 00:00:00+00:00, run_after=2024-07-01 00:00:00+00:00
[2024-07-01T09:33:17.312-0400] {processor.py:183} INFO - Processing /Users/christophercunningham/airflow_workspace/data-flow/data_flow_env/lib/python3.12/site-packages/airflow/example_dags/example_branch_datetime_operator.py took 0.236 seconds
[2024-07-01T09:36:43.693-0400] {processor.py:161} INFO - Started process (PID=14363) to work on /Users/christophercunningham/airflow_workspace/data-flow/data_flow_env/lib/python3.12/site-packages/airflow/example_dags/example_branch_datetime_operator.py
[2024-07-01T09:36:43.695-0400] {processor.py:830} INFO - Processing file /Users/christophercunningham/airflow_workspace/data-flow/data_flow_env/lib/python3.12/site-packages/airflow/example_dags/example_branch_datetime_operator.py for tasks to queue
[2024-07-01T09:36:43.696-0400] {logging_mixin.py:188} INFO - [2024-07-01T09:36:43.696-0400] {dagbag.py:545} INFO - Filling up the DagBag from /Users/christophercunningham/airflow_workspace/data-flow/data_flow_env/lib/python3.12/site-packages/airflow/example_dags/example_branch_datetime_operator.py
[2024-07-01T09:36:43.706-0400] {processor.py:840} INFO - DAG(s) 'example_branch_datetime_operator_2', 'example_branch_datetime_operator_3', 'example_branch_datetime_operator' retrieved from /Users/christophercunningham/airflow_workspace/data-flow/data_flow_env/lib/python3.12/site-packages/airflow/example_dags/example_branch_datetime_operator.py
[2024-07-01T09:36:43.784-0400] {logging_mixin.py:188} INFO - [2024-07-01T09:36:43.784-0400] {dag.py:3096} INFO - Sync 3 DAGs
[2024-07-01T09:36:43.797-0400] {logging_mixin.py:188} INFO - [2024-07-01T09:36:43.797-0400] {dag.py:3954} INFO - Setting next_dagrun for example_branch_datetime_operator to 2024-06-30 00:00:00+00:00, run_after=2024-07-01 00:00:00+00:00
[2024-07-01T09:36:43.800-0400] {logging_mixin.py:188} INFO - [2024-07-01T09:36:43.800-0400] {dag.py:3954} INFO - Setting next_dagrun for example_branch_datetime_operator_2 to 2024-06-30 00:00:00+00:00, run_after=2024-07-01 00:00:00+00:00
[2024-07-01T09:36:43.802-0400] {logging_mixin.py:188} INFO - [2024-07-01T09:36:43.802-0400] {dag.py:3954} INFO - Setting next_dagrun for example_branch_datetime_operator_3 to 2024-06-30 00:00:00+00:00, run_after=2024-07-01 00:00:00+00:00
[2024-07-01T09:36:43.813-0400] {processor.py:183} INFO - Processing /Users/christophercunningham/airflow_workspace/data-flow/data_flow_env/lib/python3.12/site-packages/airflow/example_dags/example_branch_datetime_operator.py took 0.124 seconds
[2024-07-01T09:40:16.513-0400] {processor.py:161} INFO - Started process (PID=14750) to work on /Users/christophercunningham/airflow_workspace/data-flow/data_flow_env/lib/python3.12/site-packages/airflow/example_dags/example_branch_datetime_operator.py
[2024-07-01T09:40:16.515-0400] {processor.py:830} INFO - Processing file /Users/christophercunningham/airflow_workspace/data-flow/data_flow_env/lib/python3.12/site-packages/airflow/example_dags/example_branch_datetime_operator.py for tasks to queue
[2024-07-01T09:40:16.516-0400] {logging_mixin.py:188} INFO - [2024-07-01T09:40:16.516-0400] {dagbag.py:545} INFO - Filling up the DagBag from /Users/christophercunningham/airflow_workspace/data-flow/data_flow_env/lib/python3.12/site-packages/airflow/example_dags/example_branch_datetime_operator.py
[2024-07-01T09:40:16.527-0400] {processor.py:840} INFO - DAG(s) 'example_branch_datetime_operator_2', 'example_branch_datetime_operator_3', 'example_branch_datetime_operator' retrieved from /Users/christophercunningham/airflow_workspace/data-flow/data_flow_env/lib/python3.12/site-packages/airflow/example_dags/example_branch_datetime_operator.py
[2024-07-01T09:40:16.607-0400] {logging_mixin.py:188} INFO - [2024-07-01T09:40:16.606-0400] {dag.py:3096} INFO - Sync 3 DAGs
[2024-07-01T09:40:16.625-0400] {logging_mixin.py:188} INFO - [2024-07-01T09:40:16.625-0400] {dag.py:3954} INFO - Setting next_dagrun for example_branch_datetime_operator to 2024-06-30 00:00:00+00:00, run_after=2024-07-01 00:00:00+00:00
[2024-07-01T09:40:16.628-0400] {logging_mixin.py:188} INFO - [2024-07-01T09:40:16.628-0400] {dag.py:3954} INFO - Setting next_dagrun for example_branch_datetime_operator_2 to 2024-06-30 00:00:00+00:00, run_after=2024-07-01 00:00:00+00:00
[2024-07-01T09:40:16.630-0400] {logging_mixin.py:188} INFO - [2024-07-01T09:40:16.630-0400] {dag.py:3954} INFO - Setting next_dagrun for example_branch_datetime_operator_3 to 2024-06-30 00:00:00+00:00, run_after=2024-07-01 00:00:00+00:00
[2024-07-01T09:40:16.646-0400] {processor.py:183} INFO - Processing /Users/christophercunningham/airflow_workspace/data-flow/data_flow_env/lib/python3.12/site-packages/airflow/example_dags/example_branch_datetime_operator.py took 0.136 seconds
[2024-07-01T09:43:52.553-0400] {processor.py:161} INFO - Started process (PID=15101) to work on /Users/christophercunningham/airflow_workspace/data-flow/data_flow_env/lib/python3.12/site-packages/airflow/example_dags/example_branch_datetime_operator.py
[2024-07-01T09:43:52.554-0400] {processor.py:830} INFO - Processing file /Users/christophercunningham/airflow_workspace/data-flow/data_flow_env/lib/python3.12/site-packages/airflow/example_dags/example_branch_datetime_operator.py for tasks to queue
[2024-07-01T09:43:52.555-0400] {logging_mixin.py:188} INFO - [2024-07-01T09:43:52.555-0400] {dagbag.py:545} INFO - Filling up the DagBag from /Users/christophercunningham/airflow_workspace/data-flow/data_flow_env/lib/python3.12/site-packages/airflow/example_dags/example_branch_datetime_operator.py
[2024-07-01T09:43:52.566-0400] {processor.py:840} INFO - DAG(s) 'example_branch_datetime_operator_2', 'example_branch_datetime_operator', 'example_branch_datetime_operator_3' retrieved from /Users/christophercunningham/airflow_workspace/data-flow/data_flow_env/lib/python3.12/site-packages/airflow/example_dags/example_branch_datetime_operator.py
[2024-07-01T09:43:52.662-0400] {logging_mixin.py:188} INFO - [2024-07-01T09:43:52.662-0400] {dag.py:3096} INFO - Sync 3 DAGs
[2024-07-01T09:43:52.677-0400] {logging_mixin.py:188} INFO - [2024-07-01T09:43:52.676-0400] {dag.py:3954} INFO - Setting next_dagrun for example_branch_datetime_operator to 2024-06-30 00:00:00+00:00, run_after=2024-07-01 00:00:00+00:00
[2024-07-01T09:43:52.680-0400] {logging_mixin.py:188} INFO - [2024-07-01T09:43:52.680-0400] {dag.py:3954} INFO - Setting next_dagrun for example_branch_datetime_operator_2 to 2024-06-30 00:00:00+00:00, run_after=2024-07-01 00:00:00+00:00
[2024-07-01T09:43:52.682-0400] {logging_mixin.py:188} INFO - [2024-07-01T09:43:52.682-0400] {dag.py:3954} INFO - Setting next_dagrun for example_branch_datetime_operator_3 to 2024-06-30 00:00:00+00:00, run_after=2024-07-01 00:00:00+00:00
[2024-07-01T09:43:52.696-0400] {processor.py:183} INFO - Processing /Users/christophercunningham/airflow_workspace/data-flow/data_flow_env/lib/python3.12/site-packages/airflow/example_dags/example_branch_datetime_operator.py took 0.147 seconds
[2024-07-01T09:47:26.604-0400] {processor.py:161} INFO - Started process (PID=15421) to work on /Users/christophercunningham/airflow_workspace/data-flow/data_flow_env/lib/python3.12/site-packages/airflow/example_dags/example_branch_datetime_operator.py
[2024-07-01T09:47:26.608-0400] {processor.py:830} INFO - Processing file /Users/christophercunningham/airflow_workspace/data-flow/data_flow_env/lib/python3.12/site-packages/airflow/example_dags/example_branch_datetime_operator.py for tasks to queue
[2024-07-01T09:47:26.608-0400] {logging_mixin.py:188} INFO - [2024-07-01T09:47:26.608-0400] {dagbag.py:545} INFO - Filling up the DagBag from /Users/christophercunningham/airflow_workspace/data-flow/data_flow_env/lib/python3.12/site-packages/airflow/example_dags/example_branch_datetime_operator.py
[2024-07-01T09:47:26.619-0400] {processor.py:840} INFO - DAG(s) 'example_branch_datetime_operator_3', 'example_branch_datetime_operator', 'example_branch_datetime_operator_2' retrieved from /Users/christophercunningham/airflow_workspace/data-flow/data_flow_env/lib/python3.12/site-packages/airflow/example_dags/example_branch_datetime_operator.py
[2024-07-01T09:47:26.701-0400] {logging_mixin.py:188} INFO - [2024-07-01T09:47:26.701-0400] {dag.py:3096} INFO - Sync 3 DAGs
[2024-07-01T09:47:26.713-0400] {logging_mixin.py:188} INFO - [2024-07-01T09:47:26.713-0400] {dag.py:3954} INFO - Setting next_dagrun for example_branch_datetime_operator to 2024-06-30 00:00:00+00:00, run_after=2024-07-01 00:00:00+00:00
[2024-07-01T09:47:26.716-0400] {logging_mixin.py:188} INFO - [2024-07-01T09:47:26.716-0400] {dag.py:3954} INFO - Setting next_dagrun for example_branch_datetime_operator_2 to 2024-06-30 00:00:00+00:00, run_after=2024-07-01 00:00:00+00:00
[2024-07-01T09:47:26.718-0400] {logging_mixin.py:188} INFO - [2024-07-01T09:47:26.718-0400] {dag.py:3954} INFO - Setting next_dagrun for example_branch_datetime_operator_3 to 2024-06-30 00:00:00+00:00, run_after=2024-07-01 00:00:00+00:00
[2024-07-01T09:47:26.730-0400] {processor.py:183} INFO - Processing /Users/christophercunningham/airflow_workspace/data-flow/data_flow_env/lib/python3.12/site-packages/airflow/example_dags/example_branch_datetime_operator.py took 0.132 seconds
[2024-07-01T09:51:04.078-0400] {processor.py:161} INFO - Started process (PID=15786) to work on /Users/christophercunningham/airflow_workspace/data-flow/data_flow_env/lib/python3.12/site-packages/airflow/example_dags/example_branch_datetime_operator.py
[2024-07-01T09:51:04.079-0400] {processor.py:830} INFO - Processing file /Users/christophercunningham/airflow_workspace/data-flow/data_flow_env/lib/python3.12/site-packages/airflow/example_dags/example_branch_datetime_operator.py for tasks to queue
[2024-07-01T09:51:04.080-0400] {logging_mixin.py:188} INFO - [2024-07-01T09:51:04.080-0400] {dagbag.py:545} INFO - Filling up the DagBag from /Users/christophercunningham/airflow_workspace/data-flow/data_flow_env/lib/python3.12/site-packages/airflow/example_dags/example_branch_datetime_operator.py
[2024-07-01T09:51:04.091-0400] {processor.py:840} INFO - DAG(s) 'example_branch_datetime_operator', 'example_branch_datetime_operator_3', 'example_branch_datetime_operator_2' retrieved from /Users/christophercunningham/airflow_workspace/data-flow/data_flow_env/lib/python3.12/site-packages/airflow/example_dags/example_branch_datetime_operator.py
[2024-07-01T09:51:04.178-0400] {logging_mixin.py:188} INFO - [2024-07-01T09:51:04.178-0400] {dag.py:3096} INFO - Sync 3 DAGs
[2024-07-01T09:51:04.192-0400] {logging_mixin.py:188} INFO - [2024-07-01T09:51:04.191-0400] {dag.py:3954} INFO - Setting next_dagrun for example_branch_datetime_operator to 2024-06-30 00:00:00+00:00, run_after=2024-07-01 00:00:00+00:00
[2024-07-01T09:51:04.195-0400] {logging_mixin.py:188} INFO - [2024-07-01T09:51:04.194-0400] {dag.py:3954} INFO - Setting next_dagrun for example_branch_datetime_operator_2 to 2024-06-30 00:00:00+00:00, run_after=2024-07-01 00:00:00+00:00
[2024-07-01T09:51:04.196-0400] {logging_mixin.py:188} INFO - [2024-07-01T09:51:04.196-0400] {dag.py:3954} INFO - Setting next_dagrun for example_branch_datetime_operator_3 to 2024-06-30 00:00:00+00:00, run_after=2024-07-01 00:00:00+00:00
[2024-07-01T09:51:04.208-0400] {processor.py:183} INFO - Processing /Users/christophercunningham/airflow_workspace/data-flow/data_flow_env/lib/python3.12/site-packages/airflow/example_dags/example_branch_datetime_operator.py took 0.133 seconds
[2024-07-01T09:54:25.861-0400] {processor.py:161} INFO - Started process (PID=16139) to work on /Users/christophercunningham/airflow_workspace/data-flow/data_flow_env/lib/python3.12/site-packages/airflow/example_dags/example_branch_datetime_operator.py
[2024-07-01T09:54:25.865-0400] {processor.py:830} INFO - Processing file /Users/christophercunningham/airflow_workspace/data-flow/data_flow_env/lib/python3.12/site-packages/airflow/example_dags/example_branch_datetime_operator.py for tasks to queue
[2024-07-01T09:54:25.867-0400] {logging_mixin.py:188} INFO - [2024-07-01T09:54:25.866-0400] {dagbag.py:545} INFO - Filling up the DagBag from /Users/christophercunningham/airflow_workspace/data-flow/data_flow_env/lib/python3.12/site-packages/airflow/example_dags/example_branch_datetime_operator.py
[2024-07-01T09:54:26.033-0400] {processor.py:840} INFO - DAG(s) 'example_branch_datetime_operator_3', 'example_branch_datetime_operator', 'example_branch_datetime_operator_2' retrieved from /Users/christophercunningham/airflow_workspace/data-flow/data_flow_env/lib/python3.12/site-packages/airflow/example_dags/example_branch_datetime_operator.py
[2024-07-01T09:54:26.298-0400] {logging_mixin.py:188} INFO - [2024-07-01T09:54:26.297-0400] {dag.py:3096} INFO - Sync 3 DAGs
[2024-07-01T09:54:26.317-0400] {logging_mixin.py:188} INFO - [2024-07-01T09:54:26.317-0400] {dag.py:3954} INFO - Setting next_dagrun for example_branch_datetime_operator to 2024-06-30 00:00:00+00:00, run_after=2024-07-01 00:00:00+00:00
[2024-07-01T09:54:26.321-0400] {logging_mixin.py:188} INFO - [2024-07-01T09:54:26.321-0400] {dag.py:3954} INFO - Setting next_dagrun for example_branch_datetime_operator_2 to 2024-06-30 00:00:00+00:00, run_after=2024-07-01 00:00:00+00:00
[2024-07-01T09:54:26.323-0400] {logging_mixin.py:188} INFO - [2024-07-01T09:54:26.323-0400] {dag.py:3954} INFO - Setting next_dagrun for example_branch_datetime_operator_3 to 2024-06-30 00:00:00+00:00, run_after=2024-07-01 00:00:00+00:00
[2024-07-01T09:54:26.337-0400] {processor.py:183} INFO - Processing /Users/christophercunningham/airflow_workspace/data-flow/data_flow_env/lib/python3.12/site-packages/airflow/example_dags/example_branch_datetime_operator.py took 0.482 seconds
[2024-07-01T09:57:49.408-0400] {processor.py:161} INFO - Started process (PID=16588) to work on /Users/christophercunningham/airflow_workspace/data-flow/data_flow_env/lib/python3.12/site-packages/airflow/example_dags/example_branch_datetime_operator.py
[2024-07-01T09:57:49.409-0400] {processor.py:830} INFO - Processing file /Users/christophercunningham/airflow_workspace/data-flow/data_flow_env/lib/python3.12/site-packages/airflow/example_dags/example_branch_datetime_operator.py for tasks to queue
[2024-07-01T09:57:49.409-0400] {logging_mixin.py:188} INFO - [2024-07-01T09:57:49.409-0400] {dagbag.py:545} INFO - Filling up the DagBag from /Users/christophercunningham/airflow_workspace/data-flow/data_flow_env/lib/python3.12/site-packages/airflow/example_dags/example_branch_datetime_operator.py
[2024-07-01T09:57:49.419-0400] {processor.py:840} INFO - DAG(s) 'example_branch_datetime_operator_2', 'example_branch_datetime_operator', 'example_branch_datetime_operator_3' retrieved from /Users/christophercunningham/airflow_workspace/data-flow/data_flow_env/lib/python3.12/site-packages/airflow/example_dags/example_branch_datetime_operator.py
[2024-07-01T09:57:49.498-0400] {logging_mixin.py:188} INFO - [2024-07-01T09:57:49.498-0400] {dag.py:3096} INFO - Sync 3 DAGs
[2024-07-01T09:57:49.511-0400] {logging_mixin.py:188} INFO - [2024-07-01T09:57:49.510-0400] {dag.py:3954} INFO - Setting next_dagrun for example_branch_datetime_operator to 2024-06-30 00:00:00+00:00, run_after=2024-07-01 00:00:00+00:00
[2024-07-01T09:57:49.513-0400] {logging_mixin.py:188} INFO - [2024-07-01T09:57:49.513-0400] {dag.py:3954} INFO - Setting next_dagrun for example_branch_datetime_operator_2 to 2024-06-30 00:00:00+00:00, run_after=2024-07-01 00:00:00+00:00
[2024-07-01T09:57:49.515-0400] {logging_mixin.py:188} INFO - [2024-07-01T09:57:49.515-0400] {dag.py:3954} INFO - Setting next_dagrun for example_branch_datetime_operator_3 to 2024-06-30 00:00:00+00:00, run_after=2024-07-01 00:00:00+00:00
[2024-07-01T09:57:49.526-0400] {processor.py:183} INFO - Processing /Users/christophercunningham/airflow_workspace/data-flow/data_flow_env/lib/python3.12/site-packages/airflow/example_dags/example_branch_datetime_operator.py took 0.123 seconds
[2024-07-01T10:01:15.324-0400] {processor.py:161} INFO - Started process (PID=17063) to work on /Users/christophercunningham/airflow_workspace/data-flow/data_flow_env/lib/python3.12/site-packages/airflow/example_dags/example_branch_datetime_operator.py
[2024-07-01T10:01:15.326-0400] {processor.py:830} INFO - Processing file /Users/christophercunningham/airflow_workspace/data-flow/data_flow_env/lib/python3.12/site-packages/airflow/example_dags/example_branch_datetime_operator.py for tasks to queue
[2024-07-01T10:01:15.327-0400] {logging_mixin.py:188} INFO - [2024-07-01T10:01:15.327-0400] {dagbag.py:545} INFO - Filling up the DagBag from /Users/christophercunningham/airflow_workspace/data-flow/data_flow_env/lib/python3.12/site-packages/airflow/example_dags/example_branch_datetime_operator.py
[2024-07-01T10:01:15.338-0400] {processor.py:840} INFO - DAG(s) 'example_branch_datetime_operator_2', 'example_branch_datetime_operator', 'example_branch_datetime_operator_3' retrieved from /Users/christophercunningham/airflow_workspace/data-flow/data_flow_env/lib/python3.12/site-packages/airflow/example_dags/example_branch_datetime_operator.py
[2024-07-01T10:01:15.420-0400] {logging_mixin.py:188} INFO - [2024-07-01T10:01:15.420-0400] {dag.py:3096} INFO - Sync 3 DAGs
[2024-07-01T10:01:15.433-0400] {logging_mixin.py:188} INFO - [2024-07-01T10:01:15.433-0400] {dag.py:3954} INFO - Setting next_dagrun for example_branch_datetime_operator to 2024-06-30 00:00:00+00:00, run_after=2024-07-01 00:00:00+00:00
[2024-07-01T10:01:15.437-0400] {logging_mixin.py:188} INFO - [2024-07-01T10:01:15.437-0400] {dag.py:3954} INFO - Setting next_dagrun for example_branch_datetime_operator_2 to 2024-06-30 00:00:00+00:00, run_after=2024-07-01 00:00:00+00:00
[2024-07-01T10:01:15.439-0400] {logging_mixin.py:188} INFO - [2024-07-01T10:01:15.438-0400] {dag.py:3954} INFO - Setting next_dagrun for example_branch_datetime_operator_3 to 2024-06-30 00:00:00+00:00, run_after=2024-07-01 00:00:00+00:00
[2024-07-01T10:01:15.453-0400] {processor.py:183} INFO - Processing /Users/christophercunningham/airflow_workspace/data-flow/data_flow_env/lib/python3.12/site-packages/airflow/example_dags/example_branch_datetime_operator.py took 0.133 seconds
[2024-07-01T10:04:49.241-0400] {processor.py:161} INFO - Started process (PID=17494) to work on /Users/christophercunningham/airflow_workspace/data-flow/data_flow_env/lib/python3.12/site-packages/airflow/example_dags/example_branch_datetime_operator.py
[2024-07-01T10:04:49.242-0400] {processor.py:830} INFO - Processing file /Users/christophercunningham/airflow_workspace/data-flow/data_flow_env/lib/python3.12/site-packages/airflow/example_dags/example_branch_datetime_operator.py for tasks to queue
[2024-07-01T10:04:49.243-0400] {logging_mixin.py:188} INFO - [2024-07-01T10:04:49.243-0400] {dagbag.py:545} INFO - Filling up the DagBag from /Users/christophercunningham/airflow_workspace/data-flow/data_flow_env/lib/python3.12/site-packages/airflow/example_dags/example_branch_datetime_operator.py
[2024-07-01T10:04:49.254-0400] {processor.py:840} INFO - DAG(s) 'example_branch_datetime_operator', 'example_branch_datetime_operator_3', 'example_branch_datetime_operator_2' retrieved from /Users/christophercunningham/airflow_workspace/data-flow/data_flow_env/lib/python3.12/site-packages/airflow/example_dags/example_branch_datetime_operator.py
[2024-07-01T10:04:49.340-0400] {logging_mixin.py:188} INFO - [2024-07-01T10:04:49.339-0400] {dag.py:3096} INFO - Sync 3 DAGs
[2024-07-01T10:04:49.352-0400] {logging_mixin.py:188} INFO - [2024-07-01T10:04:49.352-0400] {dag.py:3954} INFO - Setting next_dagrun for example_branch_datetime_operator to 2024-06-30 00:00:00+00:00, run_after=2024-07-01 00:00:00+00:00
[2024-07-01T10:04:49.355-0400] {logging_mixin.py:188} INFO - [2024-07-01T10:04:49.355-0400] {dag.py:3954} INFO - Setting next_dagrun for example_branch_datetime_operator_2 to 2024-06-30 00:00:00+00:00, run_after=2024-07-01 00:00:00+00:00
[2024-07-01T10:04:49.357-0400] {logging_mixin.py:188} INFO - [2024-07-01T10:04:49.357-0400] {dag.py:3954} INFO - Setting next_dagrun for example_branch_datetime_operator_3 to 2024-06-30 00:00:00+00:00, run_after=2024-07-01 00:00:00+00:00
[2024-07-01T10:04:49.369-0400] {processor.py:183} INFO - Processing /Users/christophercunningham/airflow_workspace/data-flow/data_flow_env/lib/python3.12/site-packages/airflow/example_dags/example_branch_datetime_operator.py took 0.131 seconds
[2024-07-01T10:08:31.235-0400] {processor.py:161} INFO - Started process (PID=17961) to work on /Users/christophercunningham/airflow_workspace/data-flow/data_flow_env/lib/python3.12/site-packages/airflow/example_dags/example_branch_datetime_operator.py
[2024-07-01T10:08:31.237-0400] {processor.py:830} INFO - Processing file /Users/christophercunningham/airflow_workspace/data-flow/data_flow_env/lib/python3.12/site-packages/airflow/example_dags/example_branch_datetime_operator.py for tasks to queue
[2024-07-01T10:08:31.237-0400] {logging_mixin.py:188} INFO - [2024-07-01T10:08:31.237-0400] {dagbag.py:545} INFO - Filling up the DagBag from /Users/christophercunningham/airflow_workspace/data-flow/data_flow_env/lib/python3.12/site-packages/airflow/example_dags/example_branch_datetime_operator.py
[2024-07-01T10:08:31.248-0400] {processor.py:840} INFO - DAG(s) 'example_branch_datetime_operator', 'example_branch_datetime_operator_2', 'example_branch_datetime_operator_3' retrieved from /Users/christophercunningham/airflow_workspace/data-flow/data_flow_env/lib/python3.12/site-packages/airflow/example_dags/example_branch_datetime_operator.py
[2024-07-01T10:08:31.326-0400] {logging_mixin.py:188} INFO - [2024-07-01T10:08:31.326-0400] {dag.py:3096} INFO - Sync 3 DAGs
[2024-07-01T10:08:31.339-0400] {logging_mixin.py:188} INFO - [2024-07-01T10:08:31.338-0400] {dag.py:3954} INFO - Setting next_dagrun for example_branch_datetime_operator to 2024-06-30 00:00:00+00:00, run_after=2024-07-01 00:00:00+00:00
[2024-07-01T10:08:31.342-0400] {logging_mixin.py:188} INFO - [2024-07-01T10:08:31.341-0400] {dag.py:3954} INFO - Setting next_dagrun for example_branch_datetime_operator_2 to 2024-06-30 00:00:00+00:00, run_after=2024-07-01 00:00:00+00:00
[2024-07-01T10:08:31.343-0400] {logging_mixin.py:188} INFO - [2024-07-01T10:08:31.343-0400] {dag.py:3954} INFO - Setting next_dagrun for example_branch_datetime_operator_3 to 2024-06-30 00:00:00+00:00, run_after=2024-07-01 00:00:00+00:00
[2024-07-01T10:08:31.359-0400] {processor.py:183} INFO - Processing /Users/christophercunningham/airflow_workspace/data-flow/data_flow_env/lib/python3.12/site-packages/airflow/example_dags/example_branch_datetime_operator.py took 0.128 seconds
[2024-07-01T10:11:55.078-0400] {processor.py:161} INFO - Started process (PID=18426) to work on /Users/christophercunningham/airflow_workspace/data-flow/data_flow_env/lib/python3.12/site-packages/airflow/example_dags/example_branch_datetime_operator.py
[2024-07-01T10:11:55.079-0400] {processor.py:830} INFO - Processing file /Users/christophercunningham/airflow_workspace/data-flow/data_flow_env/lib/python3.12/site-packages/airflow/example_dags/example_branch_datetime_operator.py for tasks to queue
[2024-07-01T10:11:55.080-0400] {logging_mixin.py:188} INFO - [2024-07-01T10:11:55.080-0400] {dagbag.py:545} INFO - Filling up the DagBag from /Users/christophercunningham/airflow_workspace/data-flow/data_flow_env/lib/python3.12/site-packages/airflow/example_dags/example_branch_datetime_operator.py
[2024-07-01T10:11:55.089-0400] {processor.py:840} INFO - DAG(s) 'example_branch_datetime_operator_3', 'example_branch_datetime_operator_2', 'example_branch_datetime_operator' retrieved from /Users/christophercunningham/airflow_workspace/data-flow/data_flow_env/lib/python3.12/site-packages/airflow/example_dags/example_branch_datetime_operator.py
[2024-07-01T10:11:55.172-0400] {logging_mixin.py:188} INFO - [2024-07-01T10:11:55.172-0400] {dag.py:3096} INFO - Sync 3 DAGs
[2024-07-01T10:11:55.185-0400] {logging_mixin.py:188} INFO - [2024-07-01T10:11:55.184-0400] {dag.py:3954} INFO - Setting next_dagrun for example_branch_datetime_operator to 2024-06-30 00:00:00+00:00, run_after=2024-07-01 00:00:00+00:00
[2024-07-01T10:11:55.188-0400] {logging_mixin.py:188} INFO - [2024-07-01T10:11:55.187-0400] {dag.py:3954} INFO - Setting next_dagrun for example_branch_datetime_operator_2 to 2024-06-30 00:00:00+00:00, run_after=2024-07-01 00:00:00+00:00
[2024-07-01T10:11:55.189-0400] {logging_mixin.py:188} INFO - [2024-07-01T10:11:55.189-0400] {dag.py:3954} INFO - Setting next_dagrun for example_branch_datetime_operator_3 to 2024-06-30 00:00:00+00:00, run_after=2024-07-01 00:00:00+00:00
[2024-07-01T10:11:55.201-0400] {processor.py:183} INFO - Processing /Users/christophercunningham/airflow_workspace/data-flow/data_flow_env/lib/python3.12/site-packages/airflow/example_dags/example_branch_datetime_operator.py took 0.128 seconds
[2024-07-01T10:15:27.020-0400] {processor.py:161} INFO - Started process (PID=18899) to work on /Users/christophercunningham/airflow_workspace/data-flow/data_flow_env/lib/python3.12/site-packages/airflow/example_dags/example_branch_datetime_operator.py
[2024-07-01T10:15:27.022-0400] {processor.py:830} INFO - Processing file /Users/christophercunningham/airflow_workspace/data-flow/data_flow_env/lib/python3.12/site-packages/airflow/example_dags/example_branch_datetime_operator.py for tasks to queue
[2024-07-01T10:15:27.023-0400] {logging_mixin.py:188} INFO - [2024-07-01T10:15:27.023-0400] {dagbag.py:545} INFO - Filling up the DagBag from /Users/christophercunningham/airflow_workspace/data-flow/data_flow_env/lib/python3.12/site-packages/airflow/example_dags/example_branch_datetime_operator.py
[2024-07-01T10:15:27.034-0400] {processor.py:840} INFO - DAG(s) 'example_branch_datetime_operator', 'example_branch_datetime_operator_2', 'example_branch_datetime_operator_3' retrieved from /Users/christophercunningham/airflow_workspace/data-flow/data_flow_env/lib/python3.12/site-packages/airflow/example_dags/example_branch_datetime_operator.py
[2024-07-01T10:15:27.114-0400] {logging_mixin.py:188} INFO - [2024-07-01T10:15:27.114-0400] {dag.py:3096} INFO - Sync 3 DAGs
[2024-07-01T10:15:27.127-0400] {logging_mixin.py:188} INFO - [2024-07-01T10:15:27.126-0400] {dag.py:3954} INFO - Setting next_dagrun for example_branch_datetime_operator to 2024-06-30 00:00:00+00:00, run_after=2024-07-01 00:00:00+00:00
[2024-07-01T10:15:27.130-0400] {logging_mixin.py:188} INFO - [2024-07-01T10:15:27.129-0400] {dag.py:3954} INFO - Setting next_dagrun for example_branch_datetime_operator_2 to 2024-06-30 00:00:00+00:00, run_after=2024-07-01 00:00:00+00:00
[2024-07-01T10:15:27.131-0400] {logging_mixin.py:188} INFO - [2024-07-01T10:15:27.131-0400] {dag.py:3954} INFO - Setting next_dagrun for example_branch_datetime_operator_3 to 2024-06-30 00:00:00+00:00, run_after=2024-07-01 00:00:00+00:00
[2024-07-01T10:15:27.142-0400] {processor.py:183} INFO - Processing /Users/christophercunningham/airflow_workspace/data-flow/data_flow_env/lib/python3.12/site-packages/airflow/example_dags/example_branch_datetime_operator.py took 0.126 seconds
