[2024-07-01T09:32:18.216-0400] {processor.py:161} INFO - Started process (PID=13927) to work on /Users/christophercunningham/airflow_workspace/data-flow/data_flow_env/lib/python3.12/site-packages/airflow/example_dags/example_python_operator.py
[2024-07-01T09:32:18.217-0400] {processor.py:830} INFO - Processing file /Users/christophercunningham/airflow_workspace/data-flow/data_flow_env/lib/python3.12/site-packages/airflow/example_dags/example_python_operator.py for tasks to queue
[2024-07-01T09:32:18.218-0400] {logging_mixin.py:188} INFO - [2024-07-01T09:32:18.218-0400] {dagbag.py:545} INFO - Filling up the DagBag from /Users/christophercunningham/airflow_workspace/data-flow/data_flow_env/lib/python3.12/site-packages/airflow/example_dags/example_python_operator.py
[2024-07-01T09:32:18.241-0400] {processor.py:840} INFO - DAG(s) 'example_python_operator' retrieved from /Users/christophercunningham/airflow_workspace/data-flow/data_flow_env/lib/python3.12/site-packages/airflow/example_dags/example_python_operator.py
[2024-07-01T09:32:18.378-0400] {logging_mixin.py:188} INFO - [2024-07-01T09:32:18.378-0400] {dag.py:3096} INFO - Sync 1 DAGs
[2024-07-01T09:32:18.434-0400] {logging_mixin.py:188} INFO - [2024-07-01T09:32:18.433-0400] {dag.py:3954} INFO - Setting next_dagrun for example_python_operator to None, run_after=None
[2024-07-01T09:32:18.453-0400] {processor.py:183} INFO - Processing /Users/christophercunningham/airflow_workspace/data-flow/data_flow_env/lib/python3.12/site-packages/airflow/example_dags/example_python_operator.py took 0.241 seconds
[2024-07-01T09:34:31.958-0400] {processor.py:161} INFO - Started process (PID=14172) to work on /Users/christophercunningham/airflow_workspace/data-flow/data_flow_env/lib/python3.12/site-packages/airflow/example_dags/example_python_operator.py
[2024-07-01T09:34:31.960-0400] {processor.py:830} INFO - Processing file /Users/christophercunningham/airflow_workspace/data-flow/data_flow_env/lib/python3.12/site-packages/airflow/example_dags/example_python_operator.py for tasks to queue
[2024-07-01T09:34:31.960-0400] {logging_mixin.py:188} INFO - [2024-07-01T09:34:31.960-0400] {dagbag.py:545} INFO - Filling up the DagBag from /Users/christophercunningham/airflow_workspace/data-flow/data_flow_env/lib/python3.12/site-packages/airflow/example_dags/example_python_operator.py
[2024-07-01T09:34:31.980-0400] {processor.py:840} INFO - DAG(s) 'example_python_operator' retrieved from /Users/christophercunningham/airflow_workspace/data-flow/data_flow_env/lib/python3.12/site-packages/airflow/example_dags/example_python_operator.py
[2024-07-01T09:34:32.115-0400] {logging_mixin.py:188} INFO - [2024-07-01T09:34:32.115-0400] {dag.py:3096} INFO - Sync 1 DAGs
[2024-07-01T09:34:32.165-0400] {logging_mixin.py:188} INFO - [2024-07-01T09:34:32.164-0400] {dag.py:3954} INFO - Setting next_dagrun for example_python_operator to None, run_after=None
[2024-07-01T09:34:32.185-0400] {processor.py:183} INFO - Processing /Users/christophercunningham/airflow_workspace/data-flow/data_flow_env/lib/python3.12/site-packages/airflow/example_dags/example_python_operator.py took 0.232 seconds
[2024-07-01T09:36:16.824-0400] {processor.py:161} INFO - Started process (PID=14325) to work on /Users/christophercunningham/airflow_workspace/data-flow/data_flow_env/lib/python3.12/site-packages/airflow/example_dags/example_python_operator.py
[2024-07-01T09:36:16.825-0400] {processor.py:830} INFO - Processing file /Users/christophercunningham/airflow_workspace/data-flow/data_flow_env/lib/python3.12/site-packages/airflow/example_dags/example_python_operator.py for tasks to queue
[2024-07-01T09:36:16.825-0400] {logging_mixin.py:188} INFO - [2024-07-01T09:36:16.825-0400] {dagbag.py:545} INFO - Filling up the DagBag from /Users/christophercunningham/airflow_workspace/data-flow/data_flow_env/lib/python3.12/site-packages/airflow/example_dags/example_python_operator.py
[2024-07-01T09:36:16.847-0400] {processor.py:840} INFO - DAG(s) 'example_python_operator' retrieved from /Users/christophercunningham/airflow_workspace/data-flow/data_flow_env/lib/python3.12/site-packages/airflow/example_dags/example_python_operator.py
[2024-07-01T09:36:16.985-0400] {logging_mixin.py:188} INFO - [2024-07-01T09:36:16.985-0400] {dag.py:3096} INFO - Sync 1 DAGs
[2024-07-01T09:36:17.039-0400] {logging_mixin.py:188} INFO - [2024-07-01T09:36:17.039-0400] {dag.py:3954} INFO - Setting next_dagrun for example_python_operator to None, run_after=None
[2024-07-01T09:36:17.058-0400] {processor.py:183} INFO - Processing /Users/christophercunningham/airflow_workspace/data-flow/data_flow_env/lib/python3.12/site-packages/airflow/example_dags/example_python_operator.py took 0.239 seconds
[2024-07-01T09:38:02.003-0400] {processor.py:161} INFO - Started process (PID=14492) to work on /Users/christophercunningham/airflow_workspace/data-flow/data_flow_env/lib/python3.12/site-packages/airflow/example_dags/example_python_operator.py
[2024-07-01T09:38:02.004-0400] {processor.py:830} INFO - Processing file /Users/christophercunningham/airflow_workspace/data-flow/data_flow_env/lib/python3.12/site-packages/airflow/example_dags/example_python_operator.py for tasks to queue
[2024-07-01T09:38:02.005-0400] {logging_mixin.py:188} INFO - [2024-07-01T09:38:02.005-0400] {dagbag.py:545} INFO - Filling up the DagBag from /Users/christophercunningham/airflow_workspace/data-flow/data_flow_env/lib/python3.12/site-packages/airflow/example_dags/example_python_operator.py
[2024-07-01T09:38:02.025-0400] {processor.py:840} INFO - DAG(s) 'example_python_operator' retrieved from /Users/christophercunningham/airflow_workspace/data-flow/data_flow_env/lib/python3.12/site-packages/airflow/example_dags/example_python_operator.py
[2024-07-01T09:38:02.159-0400] {logging_mixin.py:188} INFO - [2024-07-01T09:38:02.159-0400] {dag.py:3096} INFO - Sync 1 DAGs
[2024-07-01T09:38:02.208-0400] {logging_mixin.py:188} INFO - [2024-07-01T09:38:02.208-0400] {dag.py:3954} INFO - Setting next_dagrun for example_python_operator to None, run_after=None
[2024-07-01T09:38:02.226-0400] {processor.py:183} INFO - Processing /Users/christophercunningham/airflow_workspace/data-flow/data_flow_env/lib/python3.12/site-packages/airflow/example_dags/example_python_operator.py took 0.228 seconds
[2024-07-01T09:39:50.548-0400] {processor.py:161} INFO - Started process (PID=14664) to work on /Users/christophercunningham/airflow_workspace/data-flow/data_flow_env/lib/python3.12/site-packages/airflow/example_dags/example_python_operator.py
[2024-07-01T09:39:50.549-0400] {processor.py:830} INFO - Processing file /Users/christophercunningham/airflow_workspace/data-flow/data_flow_env/lib/python3.12/site-packages/airflow/example_dags/example_python_operator.py for tasks to queue
[2024-07-01T09:39:50.550-0400] {logging_mixin.py:188} INFO - [2024-07-01T09:39:50.550-0400] {dagbag.py:545} INFO - Filling up the DagBag from /Users/christophercunningham/airflow_workspace/data-flow/data_flow_env/lib/python3.12/site-packages/airflow/example_dags/example_python_operator.py
[2024-07-01T09:39:50.572-0400] {processor.py:840} INFO - DAG(s) 'example_python_operator' retrieved from /Users/christophercunningham/airflow_workspace/data-flow/data_flow_env/lib/python3.12/site-packages/airflow/example_dags/example_python_operator.py
[2024-07-01T09:39:50.760-0400] {logging_mixin.py:188} INFO - [2024-07-01T09:39:50.760-0400] {dag.py:3096} INFO - Sync 1 DAGs
[2024-07-01T09:39:50.814-0400] {logging_mixin.py:188} INFO - [2024-07-01T09:39:50.814-0400] {dag.py:3954} INFO - Setting next_dagrun for example_python_operator to None, run_after=None
[2024-07-01T09:39:50.834-0400] {processor.py:183} INFO - Processing /Users/christophercunningham/airflow_workspace/data-flow/data_flow_env/lib/python3.12/site-packages/airflow/example_dags/example_python_operator.py took 0.290 seconds
[2024-07-01T09:41:34.633-0400] {processor.py:161} INFO - Started process (PID=14879) to work on /Users/christophercunningham/airflow_workspace/data-flow/data_flow_env/lib/python3.12/site-packages/airflow/example_dags/example_python_operator.py
[2024-07-01T09:41:34.635-0400] {processor.py:830} INFO - Processing file /Users/christophercunningham/airflow_workspace/data-flow/data_flow_env/lib/python3.12/site-packages/airflow/example_dags/example_python_operator.py for tasks to queue
[2024-07-01T09:41:34.635-0400] {logging_mixin.py:188} INFO - [2024-07-01T09:41:34.635-0400] {dagbag.py:545} INFO - Filling up the DagBag from /Users/christophercunningham/airflow_workspace/data-flow/data_flow_env/lib/python3.12/site-packages/airflow/example_dags/example_python_operator.py
[2024-07-01T09:41:34.657-0400] {processor.py:840} INFO - DAG(s) 'example_python_operator' retrieved from /Users/christophercunningham/airflow_workspace/data-flow/data_flow_env/lib/python3.12/site-packages/airflow/example_dags/example_python_operator.py
[2024-07-01T09:41:34.829-0400] {logging_mixin.py:188} INFO - [2024-07-01T09:41:34.829-0400] {dag.py:3096} INFO - Sync 1 DAGs
[2024-07-01T09:41:34.880-0400] {logging_mixin.py:188} INFO - [2024-07-01T09:41:34.880-0400] {dag.py:3954} INFO - Setting next_dagrun for example_python_operator to None, run_after=None
[2024-07-01T09:41:34.897-0400] {processor.py:183} INFO - Processing /Users/christophercunningham/airflow_workspace/data-flow/data_flow_env/lib/python3.12/site-packages/airflow/example_dags/example_python_operator.py took 0.269 seconds
[2024-07-01T09:43:21.555-0400] {processor.py:161} INFO - Started process (PID=15042) to work on /Users/christophercunningham/airflow_workspace/data-flow/data_flow_env/lib/python3.12/site-packages/airflow/example_dags/example_python_operator.py
[2024-07-01T09:43:21.555-0400] {processor.py:830} INFO - Processing file /Users/christophercunningham/airflow_workspace/data-flow/data_flow_env/lib/python3.12/site-packages/airflow/example_dags/example_python_operator.py for tasks to queue
[2024-07-01T09:43:21.556-0400] {logging_mixin.py:188} INFO - [2024-07-01T09:43:21.556-0400] {dagbag.py:545} INFO - Filling up the DagBag from /Users/christophercunningham/airflow_workspace/data-flow/data_flow_env/lib/python3.12/site-packages/airflow/example_dags/example_python_operator.py
[2024-07-01T09:43:21.577-0400] {processor.py:840} INFO - DAG(s) 'example_python_operator' retrieved from /Users/christophercunningham/airflow_workspace/data-flow/data_flow_env/lib/python3.12/site-packages/airflow/example_dags/example_python_operator.py
[2024-07-01T09:43:21.716-0400] {logging_mixin.py:188} INFO - [2024-07-01T09:43:21.715-0400] {dag.py:3096} INFO - Sync 1 DAGs
[2024-07-01T09:43:21.786-0400] {logging_mixin.py:188} INFO - [2024-07-01T09:43:21.786-0400] {dag.py:3954} INFO - Setting next_dagrun for example_python_operator to None, run_after=None
[2024-07-01T09:43:21.804-0400] {processor.py:183} INFO - Processing /Users/christophercunningham/airflow_workspace/data-flow/data_flow_env/lib/python3.12/site-packages/airflow/example_dags/example_python_operator.py took 0.253 seconds
[2024-07-01T09:45:11.712-0400] {processor.py:161} INFO - Started process (PID=15216) to work on /Users/christophercunningham/airflow_workspace/data-flow/data_flow_env/lib/python3.12/site-packages/airflow/example_dags/example_python_operator.py
[2024-07-01T09:45:11.713-0400] {processor.py:830} INFO - Processing file /Users/christophercunningham/airflow_workspace/data-flow/data_flow_env/lib/python3.12/site-packages/airflow/example_dags/example_python_operator.py for tasks to queue
[2024-07-01T09:45:11.714-0400] {logging_mixin.py:188} INFO - [2024-07-01T09:45:11.714-0400] {dagbag.py:545} INFO - Filling up the DagBag from /Users/christophercunningham/airflow_workspace/data-flow/data_flow_env/lib/python3.12/site-packages/airflow/example_dags/example_python_operator.py
[2024-07-01T09:45:11.735-0400] {processor.py:840} INFO - DAG(s) 'example_python_operator' retrieved from /Users/christophercunningham/airflow_workspace/data-flow/data_flow_env/lib/python3.12/site-packages/airflow/example_dags/example_python_operator.py
[2024-07-01T09:45:11.876-0400] {logging_mixin.py:188} INFO - [2024-07-01T09:45:11.876-0400] {dag.py:3096} INFO - Sync 1 DAGs
[2024-07-01T09:45:11.931-0400] {logging_mixin.py:188} INFO - [2024-07-01T09:45:11.931-0400] {dag.py:3954} INFO - Setting next_dagrun for example_python_operator to None, run_after=None
[2024-07-01T09:45:11.949-0400] {processor.py:183} INFO - Processing /Users/christophercunningham/airflow_workspace/data-flow/data_flow_env/lib/python3.12/site-packages/airflow/example_dags/example_python_operator.py took 0.243 seconds
[2024-07-01T09:46:59.214-0400] {processor.py:161} INFO - Started process (PID=15380) to work on /Users/christophercunningham/airflow_workspace/data-flow/data_flow_env/lib/python3.12/site-packages/airflow/example_dags/example_python_operator.py
[2024-07-01T09:46:59.215-0400] {processor.py:830} INFO - Processing file /Users/christophercunningham/airflow_workspace/data-flow/data_flow_env/lib/python3.12/site-packages/airflow/example_dags/example_python_operator.py for tasks to queue
[2024-07-01T09:46:59.216-0400] {logging_mixin.py:188} INFO - [2024-07-01T09:46:59.216-0400] {dagbag.py:545} INFO - Filling up the DagBag from /Users/christophercunningham/airflow_workspace/data-flow/data_flow_env/lib/python3.12/site-packages/airflow/example_dags/example_python_operator.py
[2024-07-01T09:46:59.238-0400] {processor.py:840} INFO - DAG(s) 'example_python_operator' retrieved from /Users/christophercunningham/airflow_workspace/data-flow/data_flow_env/lib/python3.12/site-packages/airflow/example_dags/example_python_operator.py
[2024-07-01T09:46:59.379-0400] {logging_mixin.py:188} INFO - [2024-07-01T09:46:59.379-0400] {dag.py:3096} INFO - Sync 1 DAGs
[2024-07-01T09:46:59.433-0400] {logging_mixin.py:188} INFO - [2024-07-01T09:46:59.433-0400] {dag.py:3954} INFO - Setting next_dagrun for example_python_operator to None, run_after=None
[2024-07-01T09:46:59.452-0400] {processor.py:183} INFO - Processing /Users/christophercunningham/airflow_workspace/data-flow/data_flow_env/lib/python3.12/site-packages/airflow/example_dags/example_python_operator.py took 0.243 seconds
[2024-07-01T09:48:45.620-0400] {processor.py:161} INFO - Started process (PID=15534) to work on /Users/christophercunningham/airflow_workspace/data-flow/data_flow_env/lib/python3.12/site-packages/airflow/example_dags/example_python_operator.py
[2024-07-01T09:48:45.621-0400] {processor.py:830} INFO - Processing file /Users/christophercunningham/airflow_workspace/data-flow/data_flow_env/lib/python3.12/site-packages/airflow/example_dags/example_python_operator.py for tasks to queue
[2024-07-01T09:48:45.621-0400] {logging_mixin.py:188} INFO - [2024-07-01T09:48:45.621-0400] {dagbag.py:545} INFO - Filling up the DagBag from /Users/christophercunningham/airflow_workspace/data-flow/data_flow_env/lib/python3.12/site-packages/airflow/example_dags/example_python_operator.py
[2024-07-01T09:48:45.643-0400] {processor.py:840} INFO - DAG(s) 'example_python_operator' retrieved from /Users/christophercunningham/airflow_workspace/data-flow/data_flow_env/lib/python3.12/site-packages/airflow/example_dags/example_python_operator.py
[2024-07-01T09:48:45.782-0400] {logging_mixin.py:188} INFO - [2024-07-01T09:48:45.782-0400] {dag.py:3096} INFO - Sync 1 DAGs
[2024-07-01T09:48:45.833-0400] {logging_mixin.py:188} INFO - [2024-07-01T09:48:45.833-0400] {dag.py:3954} INFO - Setting next_dagrun for example_python_operator to None, run_after=None
[2024-07-01T09:48:45.852-0400] {processor.py:183} INFO - Processing /Users/christophercunningham/airflow_workspace/data-flow/data_flow_env/lib/python3.12/site-packages/airflow/example_dags/example_python_operator.py took 0.236 seconds
[2024-07-01T09:50:33.959-0400] {processor.py:161} INFO - Started process (PID=15745) to work on /Users/christophercunningham/airflow_workspace/data-flow/data_flow_env/lib/python3.12/site-packages/airflow/example_dags/example_python_operator.py
[2024-07-01T09:50:33.961-0400] {processor.py:830} INFO - Processing file /Users/christophercunningham/airflow_workspace/data-flow/data_flow_env/lib/python3.12/site-packages/airflow/example_dags/example_python_operator.py for tasks to queue
[2024-07-01T09:50:33.962-0400] {logging_mixin.py:188} INFO - [2024-07-01T09:50:33.961-0400] {dagbag.py:545} INFO - Filling up the DagBag from /Users/christophercunningham/airflow_workspace/data-flow/data_flow_env/lib/python3.12/site-packages/airflow/example_dags/example_python_operator.py
[2024-07-01T09:50:33.983-0400] {processor.py:840} INFO - DAG(s) 'example_python_operator' retrieved from /Users/christophercunningham/airflow_workspace/data-flow/data_flow_env/lib/python3.12/site-packages/airflow/example_dags/example_python_operator.py
[2024-07-01T09:50:34.127-0400] {logging_mixin.py:188} INFO - [2024-07-01T09:50:34.126-0400] {dag.py:3096} INFO - Sync 1 DAGs
[2024-07-01T09:50:34.178-0400] {logging_mixin.py:188} INFO - [2024-07-01T09:50:34.177-0400] {dag.py:3954} INFO - Setting next_dagrun for example_python_operator to None, run_after=None
[2024-07-01T09:50:34.197-0400] {processor.py:183} INFO - Processing /Users/christophercunningham/airflow_workspace/data-flow/data_flow_env/lib/python3.12/site-packages/airflow/example_dags/example_python_operator.py took 0.242 seconds
[2024-07-01T09:52:22.520-0400] {processor.py:161} INFO - Started process (PID=15914) to work on /Users/christophercunningham/airflow_workspace/data-flow/data_flow_env/lib/python3.12/site-packages/airflow/example_dags/example_python_operator.py
[2024-07-01T09:52:22.522-0400] {processor.py:830} INFO - Processing file /Users/christophercunningham/airflow_workspace/data-flow/data_flow_env/lib/python3.12/site-packages/airflow/example_dags/example_python_operator.py for tasks to queue
[2024-07-01T09:52:22.523-0400] {logging_mixin.py:188} INFO - [2024-07-01T09:52:22.523-0400] {dagbag.py:545} INFO - Filling up the DagBag from /Users/christophercunningham/airflow_workspace/data-flow/data_flow_env/lib/python3.12/site-packages/airflow/example_dags/example_python_operator.py
[2024-07-01T09:52:22.547-0400] {processor.py:840} INFO - DAG(s) 'example_python_operator' retrieved from /Users/christophercunningham/airflow_workspace/data-flow/data_flow_env/lib/python3.12/site-packages/airflow/example_dags/example_python_operator.py
[2024-07-01T09:52:22.694-0400] {logging_mixin.py:188} INFO - [2024-07-01T09:52:22.694-0400] {dag.py:3096} INFO - Sync 1 DAGs
[2024-07-01T09:52:22.748-0400] {logging_mixin.py:188} INFO - [2024-07-01T09:52:22.748-0400] {dag.py:3954} INFO - Setting next_dagrun for example_python_operator to None, run_after=None
[2024-07-01T09:52:22.766-0400] {processor.py:183} INFO - Processing /Users/christophercunningham/airflow_workspace/data-flow/data_flow_env/lib/python3.12/site-packages/airflow/example_dags/example_python_operator.py took 0.249 seconds
[2024-07-01T09:54:02.057-0400] {processor.py:161} INFO - Started process (PID=16083) to work on /Users/christophercunningham/airflow_workspace/data-flow/data_flow_env/lib/python3.12/site-packages/airflow/example_dags/example_python_operator.py
[2024-07-01T09:54:02.058-0400] {processor.py:830} INFO - Processing file /Users/christophercunningham/airflow_workspace/data-flow/data_flow_env/lib/python3.12/site-packages/airflow/example_dags/example_python_operator.py for tasks to queue
[2024-07-01T09:54:02.059-0400] {logging_mixin.py:188} INFO - [2024-07-01T09:54:02.059-0400] {dagbag.py:545} INFO - Filling up the DagBag from /Users/christophercunningham/airflow_workspace/data-flow/data_flow_env/lib/python3.12/site-packages/airflow/example_dags/example_python_operator.py
[2024-07-01T09:54:02.080-0400] {processor.py:840} INFO - DAG(s) 'example_python_operator' retrieved from /Users/christophercunningham/airflow_workspace/data-flow/data_flow_env/lib/python3.12/site-packages/airflow/example_dags/example_python_operator.py
[2024-07-01T09:54:02.268-0400] {logging_mixin.py:188} INFO - [2024-07-01T09:54:02.268-0400] {dag.py:3096} INFO - Sync 1 DAGs
[2024-07-01T09:54:02.308-0400] {logging_mixin.py:188} INFO - [2024-07-01T09:54:02.308-0400] {dag.py:3954} INFO - Setting next_dagrun for example_python_operator to None, run_after=None
[2024-07-01T09:54:02.321-0400] {processor.py:183} INFO - Processing /Users/christophercunningham/airflow_workspace/data-flow/data_flow_env/lib/python3.12/site-packages/airflow/example_dags/example_python_operator.py took 0.269 seconds
[2024-07-01T09:55:42.437-0400] {processor.py:161} INFO - Started process (PID=16312) to work on /Users/christophercunningham/airflow_workspace/data-flow/data_flow_env/lib/python3.12/site-packages/airflow/example_dags/example_python_operator.py
[2024-07-01T09:55:42.439-0400] {processor.py:830} INFO - Processing file /Users/christophercunningham/airflow_workspace/data-flow/data_flow_env/lib/python3.12/site-packages/airflow/example_dags/example_python_operator.py for tasks to queue
[2024-07-01T09:55:42.439-0400] {logging_mixin.py:188} INFO - [2024-07-01T09:55:42.439-0400] {dagbag.py:545} INFO - Filling up the DagBag from /Users/christophercunningham/airflow_workspace/data-flow/data_flow_env/lib/python3.12/site-packages/airflow/example_dags/example_python_operator.py
[2024-07-01T09:55:42.465-0400] {processor.py:840} INFO - DAG(s) 'example_python_operator' retrieved from /Users/christophercunningham/airflow_workspace/data-flow/data_flow_env/lib/python3.12/site-packages/airflow/example_dags/example_python_operator.py
[2024-07-01T09:55:42.607-0400] {logging_mixin.py:188} INFO - [2024-07-01T09:55:42.607-0400] {dag.py:3096} INFO - Sync 1 DAGs
[2024-07-01T09:55:42.656-0400] {logging_mixin.py:188} INFO - [2024-07-01T09:55:42.656-0400] {dag.py:3954} INFO - Setting next_dagrun for example_python_operator to None, run_after=None
[2024-07-01T09:55:42.674-0400] {processor.py:183} INFO - Processing /Users/christophercunningham/airflow_workspace/data-flow/data_flow_env/lib/python3.12/site-packages/airflow/example_dags/example_python_operator.py took 0.243 seconds
[2024-07-01T09:57:23.007-0400] {processor.py:161} INFO - Started process (PID=16521) to work on /Users/christophercunningham/airflow_workspace/data-flow/data_flow_env/lib/python3.12/site-packages/airflow/example_dags/example_python_operator.py
[2024-07-01T09:57:23.008-0400] {processor.py:830} INFO - Processing file /Users/christophercunningham/airflow_workspace/data-flow/data_flow_env/lib/python3.12/site-packages/airflow/example_dags/example_python_operator.py for tasks to queue
[2024-07-01T09:57:23.009-0400] {logging_mixin.py:188} INFO - [2024-07-01T09:57:23.009-0400] {dagbag.py:545} INFO - Filling up the DagBag from /Users/christophercunningham/airflow_workspace/data-flow/data_flow_env/lib/python3.12/site-packages/airflow/example_dags/example_python_operator.py
[2024-07-01T09:57:23.029-0400] {processor.py:840} INFO - DAG(s) 'example_python_operator' retrieved from /Users/christophercunningham/airflow_workspace/data-flow/data_flow_env/lib/python3.12/site-packages/airflow/example_dags/example_python_operator.py
[2024-07-01T09:57:23.165-0400] {logging_mixin.py:188} INFO - [2024-07-01T09:57:23.165-0400] {dag.py:3096} INFO - Sync 1 DAGs
[2024-07-01T09:57:23.216-0400] {logging_mixin.py:188} INFO - [2024-07-01T09:57:23.216-0400] {dag.py:3954} INFO - Setting next_dagrun for example_python_operator to None, run_after=None
[2024-07-01T09:57:23.234-0400] {processor.py:183} INFO - Processing /Users/christophercunningham/airflow_workspace/data-flow/data_flow_env/lib/python3.12/site-packages/airflow/example_dags/example_python_operator.py took 0.232 seconds
[2024-07-01T09:59:07.822-0400] {processor.py:161} INFO - Started process (PID=16756) to work on /Users/christophercunningham/airflow_workspace/data-flow/data_flow_env/lib/python3.12/site-packages/airflow/example_dags/example_python_operator.py
[2024-07-01T09:59:07.824-0400] {processor.py:830} INFO - Processing file /Users/christophercunningham/airflow_workspace/data-flow/data_flow_env/lib/python3.12/site-packages/airflow/example_dags/example_python_operator.py for tasks to queue
[2024-07-01T09:59:07.825-0400] {logging_mixin.py:188} INFO - [2024-07-01T09:59:07.824-0400] {dagbag.py:545} INFO - Filling up the DagBag from /Users/christophercunningham/airflow_workspace/data-flow/data_flow_env/lib/python3.12/site-packages/airflow/example_dags/example_python_operator.py
[2024-07-01T09:59:07.846-0400] {processor.py:840} INFO - DAG(s) 'example_python_operator' retrieved from /Users/christophercunningham/airflow_workspace/data-flow/data_flow_env/lib/python3.12/site-packages/airflow/example_dags/example_python_operator.py
[2024-07-01T09:59:07.984-0400] {logging_mixin.py:188} INFO - [2024-07-01T09:59:07.984-0400] {dag.py:3096} INFO - Sync 1 DAGs
[2024-07-01T09:59:08.036-0400] {logging_mixin.py:188} INFO - [2024-07-01T09:59:08.036-0400] {dag.py:3954} INFO - Setting next_dagrun for example_python_operator to None, run_after=None
[2024-07-01T09:59:08.053-0400] {processor.py:183} INFO - Processing /Users/christophercunningham/airflow_workspace/data-flow/data_flow_env/lib/python3.12/site-packages/airflow/example_dags/example_python_operator.py took 0.236 seconds
[2024-07-01T10:02:33.609-0400] {processor.py:161} INFO - Started process (PID=17220) to work on /Users/christophercunningham/airflow_workspace/data-flow/data_flow_env/lib/python3.12/site-packages/airflow/example_dags/example_python_operator.py
[2024-07-01T10:02:33.610-0400] {processor.py:830} INFO - Processing file /Users/christophercunningham/airflow_workspace/data-flow/data_flow_env/lib/python3.12/site-packages/airflow/example_dags/example_python_operator.py for tasks to queue
[2024-07-01T10:02:33.611-0400] {logging_mixin.py:188} INFO - [2024-07-01T10:02:33.611-0400] {dagbag.py:545} INFO - Filling up the DagBag from /Users/christophercunningham/airflow_workspace/data-flow/data_flow_env/lib/python3.12/site-packages/airflow/example_dags/example_python_operator.py
[2024-07-01T10:02:33.635-0400] {processor.py:840} INFO - DAG(s) 'example_python_operator' retrieved from /Users/christophercunningham/airflow_workspace/data-flow/data_flow_env/lib/python3.12/site-packages/airflow/example_dags/example_python_operator.py
[2024-07-01T10:02:33.777-0400] {logging_mixin.py:188} INFO - [2024-07-01T10:02:33.776-0400] {dag.py:3096} INFO - Sync 1 DAGs
[2024-07-01T10:02:33.828-0400] {logging_mixin.py:188} INFO - [2024-07-01T10:02:33.828-0400] {dag.py:3954} INFO - Setting next_dagrun for example_python_operator to None, run_after=None
[2024-07-01T10:02:33.846-0400] {processor.py:183} INFO - Processing /Users/christophercunningham/airflow_workspace/data-flow/data_flow_env/lib/python3.12/site-packages/airflow/example_dags/example_python_operator.py took 0.242 seconds
[2024-07-01T10:04:19.939-0400] {processor.py:161} INFO - Started process (PID=17436) to work on /Users/christophercunningham/airflow_workspace/data-flow/data_flow_env/lib/python3.12/site-packages/airflow/example_dags/example_python_operator.py
[2024-07-01T10:04:19.940-0400] {processor.py:830} INFO - Processing file /Users/christophercunningham/airflow_workspace/data-flow/data_flow_env/lib/python3.12/site-packages/airflow/example_dags/example_python_operator.py for tasks to queue
[2024-07-01T10:04:19.941-0400] {logging_mixin.py:188} INFO - [2024-07-01T10:04:19.940-0400] {dagbag.py:545} INFO - Filling up the DagBag from /Users/christophercunningham/airflow_workspace/data-flow/data_flow_env/lib/python3.12/site-packages/airflow/example_dags/example_python_operator.py
[2024-07-01T10:04:19.966-0400] {processor.py:840} INFO - DAG(s) 'example_python_operator' retrieved from /Users/christophercunningham/airflow_workspace/data-flow/data_flow_env/lib/python3.12/site-packages/airflow/example_dags/example_python_operator.py
[2024-07-01T10:04:20.160-0400] {logging_mixin.py:188} INFO - [2024-07-01T10:04:20.160-0400] {dag.py:3096} INFO - Sync 1 DAGs
[2024-07-01T10:04:20.200-0400] {logging_mixin.py:188} INFO - [2024-07-01T10:04:20.200-0400] {dag.py:3954} INFO - Setting next_dagrun for example_python_operator to None, run_after=None
[2024-07-01T10:04:20.214-0400] {processor.py:183} INFO - Processing /Users/christophercunningham/airflow_workspace/data-flow/data_flow_env/lib/python3.12/site-packages/airflow/example_dags/example_python_operator.py took 0.281 seconds
[2024-07-01T10:06:11.066-0400] {processor.py:161} INFO - Started process (PID=17668) to work on /Users/christophercunningham/airflow_workspace/data-flow/data_flow_env/lib/python3.12/site-packages/airflow/example_dags/example_python_operator.py
[2024-07-01T10:06:11.067-0400] {processor.py:830} INFO - Processing file /Users/christophercunningham/airflow_workspace/data-flow/data_flow_env/lib/python3.12/site-packages/airflow/example_dags/example_python_operator.py for tasks to queue
[2024-07-01T10:06:11.067-0400] {logging_mixin.py:188} INFO - [2024-07-01T10:06:11.067-0400] {dagbag.py:545} INFO - Filling up the DagBag from /Users/christophercunningham/airflow_workspace/data-flow/data_flow_env/lib/python3.12/site-packages/airflow/example_dags/example_python_operator.py
[2024-07-01T10:06:11.091-0400] {processor.py:840} INFO - DAG(s) 'example_python_operator' retrieved from /Users/christophercunningham/airflow_workspace/data-flow/data_flow_env/lib/python3.12/site-packages/airflow/example_dags/example_python_operator.py
[2024-07-01T10:06:11.268-0400] {logging_mixin.py:188} INFO - [2024-07-01T10:06:11.267-0400] {dag.py:3096} INFO - Sync 1 DAGs
[2024-07-01T10:06:11.313-0400] {logging_mixin.py:188} INFO - [2024-07-01T10:06:11.313-0400] {dag.py:3954} INFO - Setting next_dagrun for example_python_operator to None, run_after=None
[2024-07-01T10:06:11.328-0400] {processor.py:183} INFO - Processing /Users/christophercunningham/airflow_workspace/data-flow/data_flow_env/lib/python3.12/site-packages/airflow/example_dags/example_python_operator.py took 0.266 seconds
[2024-07-01T10:08:01.204-0400] {processor.py:161} INFO - Started process (PID=17901) to work on /Users/christophercunningham/airflow_workspace/data-flow/data_flow_env/lib/python3.12/site-packages/airflow/example_dags/example_python_operator.py
[2024-07-01T10:08:01.205-0400] {processor.py:830} INFO - Processing file /Users/christophercunningham/airflow_workspace/data-flow/data_flow_env/lib/python3.12/site-packages/airflow/example_dags/example_python_operator.py for tasks to queue
[2024-07-01T10:08:01.206-0400] {logging_mixin.py:188} INFO - [2024-07-01T10:08:01.206-0400] {dagbag.py:545} INFO - Filling up the DagBag from /Users/christophercunningham/airflow_workspace/data-flow/data_flow_env/lib/python3.12/site-packages/airflow/example_dags/example_python_operator.py
[2024-07-01T10:08:01.229-0400] {processor.py:840} INFO - DAG(s) 'example_python_operator' retrieved from /Users/christophercunningham/airflow_workspace/data-flow/data_flow_env/lib/python3.12/site-packages/airflow/example_dags/example_python_operator.py
[2024-07-01T10:08:01.419-0400] {logging_mixin.py:188} INFO - [2024-07-01T10:08:01.419-0400] {dag.py:3096} INFO - Sync 1 DAGs
[2024-07-01T10:08:01.461-0400] {logging_mixin.py:188} INFO - [2024-07-01T10:08:01.461-0400] {dag.py:3954} INFO - Setting next_dagrun for example_python_operator to None, run_after=None
[2024-07-01T10:08:01.476-0400] {processor.py:183} INFO - Processing /Users/christophercunningham/airflow_workspace/data-flow/data_flow_env/lib/python3.12/site-packages/airflow/example_dags/example_python_operator.py took 0.277 seconds
[2024-07-01T10:09:46.992-0400] {processor.py:161} INFO - Started process (PID=18115) to work on /Users/christophercunningham/airflow_workspace/data-flow/data_flow_env/lib/python3.12/site-packages/airflow/example_dags/example_python_operator.py
[2024-07-01T10:09:46.994-0400] {processor.py:830} INFO - Processing file /Users/christophercunningham/airflow_workspace/data-flow/data_flow_env/lib/python3.12/site-packages/airflow/example_dags/example_python_operator.py for tasks to queue
[2024-07-01T10:09:46.994-0400] {logging_mixin.py:188} INFO - [2024-07-01T10:09:46.994-0400] {dagbag.py:545} INFO - Filling up the DagBag from /Users/christophercunningham/airflow_workspace/data-flow/data_flow_env/lib/python3.12/site-packages/airflow/example_dags/example_python_operator.py
[2024-07-01T10:09:47.016-0400] {processor.py:840} INFO - DAG(s) 'example_python_operator' retrieved from /Users/christophercunningham/airflow_workspace/data-flow/data_flow_env/lib/python3.12/site-packages/airflow/example_dags/example_python_operator.py
[2024-07-01T10:09:47.157-0400] {logging_mixin.py:188} INFO - [2024-07-01T10:09:47.156-0400] {dag.py:3096} INFO - Sync 1 DAGs
[2024-07-01T10:09:47.211-0400] {logging_mixin.py:188} INFO - [2024-07-01T10:09:47.211-0400] {dag.py:3954} INFO - Setting next_dagrun for example_python_operator to None, run_after=None
[2024-07-01T10:09:47.229-0400] {processor.py:183} INFO - Processing /Users/christophercunningham/airflow_workspace/data-flow/data_flow_env/lib/python3.12/site-packages/airflow/example_dags/example_python_operator.py took 0.242 seconds
[2024-07-01T10:11:29.745-0400] {processor.py:161} INFO - Started process (PID=18376) to work on /Users/christophercunningham/airflow_workspace/data-flow/data_flow_env/lib/python3.12/site-packages/airflow/example_dags/example_python_operator.py
[2024-07-01T10:11:29.747-0400] {processor.py:830} INFO - Processing file /Users/christophercunningham/airflow_workspace/data-flow/data_flow_env/lib/python3.12/site-packages/airflow/example_dags/example_python_operator.py for tasks to queue
[2024-07-01T10:11:29.747-0400] {logging_mixin.py:188} INFO - [2024-07-01T10:11:29.747-0400] {dagbag.py:545} INFO - Filling up the DagBag from /Users/christophercunningham/airflow_workspace/data-flow/data_flow_env/lib/python3.12/site-packages/airflow/example_dags/example_python_operator.py
[2024-07-01T10:11:29.769-0400] {processor.py:840} INFO - DAG(s) 'example_python_operator' retrieved from /Users/christophercunningham/airflow_workspace/data-flow/data_flow_env/lib/python3.12/site-packages/airflow/example_dags/example_python_operator.py
[2024-07-01T10:11:29.904-0400] {logging_mixin.py:188} INFO - [2024-07-01T10:11:29.904-0400] {dag.py:3096} INFO - Sync 1 DAGs
[2024-07-01T10:11:29.955-0400] {logging_mixin.py:188} INFO - [2024-07-01T10:11:29.955-0400] {dag.py:3954} INFO - Setting next_dagrun for example_python_operator to None, run_after=None
[2024-07-01T10:11:29.974-0400] {processor.py:183} INFO - Processing /Users/christophercunningham/airflow_workspace/data-flow/data_flow_env/lib/python3.12/site-packages/airflow/example_dags/example_python_operator.py took 0.233 seconds
[2024-07-01T10:13:09.664-0400] {processor.py:161} INFO - Started process (PID=18594) to work on /Users/christophercunningham/airflow_workspace/data-flow/data_flow_env/lib/python3.12/site-packages/airflow/example_dags/example_python_operator.py
[2024-07-01T10:13:09.666-0400] {processor.py:830} INFO - Processing file /Users/christophercunningham/airflow_workspace/data-flow/data_flow_env/lib/python3.12/site-packages/airflow/example_dags/example_python_operator.py for tasks to queue
[2024-07-01T10:13:09.666-0400] {logging_mixin.py:188} INFO - [2024-07-01T10:13:09.666-0400] {dagbag.py:545} INFO - Filling up the DagBag from /Users/christophercunningham/airflow_workspace/data-flow/data_flow_env/lib/python3.12/site-packages/airflow/example_dags/example_python_operator.py
[2024-07-01T10:13:09.686-0400] {processor.py:840} INFO - DAG(s) 'example_python_operator' retrieved from /Users/christophercunningham/airflow_workspace/data-flow/data_flow_env/lib/python3.12/site-packages/airflow/example_dags/example_python_operator.py
[2024-07-01T10:13:09.832-0400] {logging_mixin.py:188} INFO - [2024-07-01T10:13:09.832-0400] {dag.py:3096} INFO - Sync 1 DAGs
[2024-07-01T10:13:09.889-0400] {logging_mixin.py:188} INFO - [2024-07-01T10:13:09.889-0400] {dag.py:3954} INFO - Setting next_dagrun for example_python_operator to None, run_after=None
[2024-07-01T10:13:09.908-0400] {processor.py:183} INFO - Processing /Users/christophercunningham/airflow_workspace/data-flow/data_flow_env/lib/python3.12/site-packages/airflow/example_dags/example_python_operator.py took 0.248 seconds
[2024-07-01T10:14:57.080-0400] {processor.py:161} INFO - Started process (PID=18837) to work on /Users/christophercunningham/airflow_workspace/data-flow/data_flow_env/lib/python3.12/site-packages/airflow/example_dags/example_python_operator.py
[2024-07-01T10:14:57.081-0400] {processor.py:830} INFO - Processing file /Users/christophercunningham/airflow_workspace/data-flow/data_flow_env/lib/python3.12/site-packages/airflow/example_dags/example_python_operator.py for tasks to queue
[2024-07-01T10:14:57.082-0400] {logging_mixin.py:188} INFO - [2024-07-01T10:14:57.082-0400] {dagbag.py:545} INFO - Filling up the DagBag from /Users/christophercunningham/airflow_workspace/data-flow/data_flow_env/lib/python3.12/site-packages/airflow/example_dags/example_python_operator.py
[2024-07-01T10:14:57.107-0400] {processor.py:840} INFO - DAG(s) 'example_python_operator' retrieved from /Users/christophercunningham/airflow_workspace/data-flow/data_flow_env/lib/python3.12/site-packages/airflow/example_dags/example_python_operator.py
[2024-07-01T10:14:57.302-0400] {logging_mixin.py:188} INFO - [2024-07-01T10:14:57.302-0400] {dag.py:3096} INFO - Sync 1 DAGs
[2024-07-01T10:14:57.360-0400] {logging_mixin.py:188} INFO - [2024-07-01T10:14:57.359-0400] {dag.py:3954} INFO - Setting next_dagrun for example_python_operator to None, run_after=None
[2024-07-01T10:14:57.375-0400] {processor.py:183} INFO - Processing /Users/christophercunningham/airflow_workspace/data-flow/data_flow_env/lib/python3.12/site-packages/airflow/example_dags/example_python_operator.py took 0.300 seconds
[2024-07-01T10:16:41.892-0400] {processor.py:161} INFO - Started process (PID=19075) to work on /Users/christophercunningham/airflow_workspace/data-flow/data_flow_env/lib/python3.12/site-packages/airflow/example_dags/example_python_operator.py
[2024-07-01T10:16:41.894-0400] {processor.py:830} INFO - Processing file /Users/christophercunningham/airflow_workspace/data-flow/data_flow_env/lib/python3.12/site-packages/airflow/example_dags/example_python_operator.py for tasks to queue
[2024-07-01T10:16:41.895-0400] {logging_mixin.py:188} INFO - [2024-07-01T10:16:41.895-0400] {dagbag.py:545} INFO - Filling up the DagBag from /Users/christophercunningham/airflow_workspace/data-flow/data_flow_env/lib/python3.12/site-packages/airflow/example_dags/example_python_operator.py
[2024-07-01T10:16:41.916-0400] {processor.py:840} INFO - DAG(s) 'example_python_operator' retrieved from /Users/christophercunningham/airflow_workspace/data-flow/data_flow_env/lib/python3.12/site-packages/airflow/example_dags/example_python_operator.py
[2024-07-01T10:16:42.050-0400] {logging_mixin.py:188} INFO - [2024-07-01T10:16:42.049-0400] {dag.py:3096} INFO - Sync 1 DAGs
[2024-07-01T10:16:42.101-0400] {logging_mixin.py:188} INFO - [2024-07-01T10:16:42.101-0400] {dag.py:3954} INFO - Setting next_dagrun for example_python_operator to None, run_after=None
[2024-07-01T10:16:42.119-0400] {processor.py:183} INFO - Processing /Users/christophercunningham/airflow_workspace/data-flow/data_flow_env/lib/python3.12/site-packages/airflow/example_dags/example_python_operator.py took 0.232 seconds
[2024-07-01T10:39:51.668-0400] {processor.py:161} INFO - Started process (PID=21226) to work on /Users/christophercunningham/airflow_workspace/data-flow/data_flow_env/lib/python3.12/site-packages/airflow/example_dags/example_python_operator.py
[2024-07-01T10:39:51.669-0400] {processor.py:830} INFO - Processing file /Users/christophercunningham/airflow_workspace/data-flow/data_flow_env/lib/python3.12/site-packages/airflow/example_dags/example_python_operator.py for tasks to queue
[2024-07-01T10:39:51.670-0400] {logging_mixin.py:188} INFO - [2024-07-01T10:39:51.670-0400] {dagbag.py:545} INFO - Filling up the DagBag from /Users/christophercunningham/airflow_workspace/data-flow/data_flow_env/lib/python3.12/site-packages/airflow/example_dags/example_python_operator.py
[2024-07-01T10:39:51.693-0400] {processor.py:840} INFO - DAG(s) 'example_python_operator' retrieved from /Users/christophercunningham/airflow_workspace/data-flow/data_flow_env/lib/python3.12/site-packages/airflow/example_dags/example_python_operator.py
[2024-07-01T10:39:51.850-0400] {logging_mixin.py:188} INFO - [2024-07-01T10:39:51.849-0400] {dag.py:3096} INFO - Sync 1 DAGs
[2024-07-01T10:39:51.899-0400] {logging_mixin.py:188} INFO - [2024-07-01T10:39:51.899-0400] {dag.py:3954} INFO - Setting next_dagrun for example_python_operator to None, run_after=None
[2024-07-01T10:39:51.913-0400] {processor.py:183} INFO - Processing /Users/christophercunningham/airflow_workspace/data-flow/data_flow_env/lib/python3.12/site-packages/airflow/example_dags/example_python_operator.py took 0.248 seconds
