[2024-07-01T09:32:01.029-0400] {processor.py:161} INFO - Started process (PID=13890) to work on /Users/christophercunningham/airflow_workspace/data-flow/data_flow_env/lib/python3.12/site-packages/airflow/example_dags/example_short_circuit_operator.py
[2024-07-01T09:32:01.030-0400] {processor.py:830} INFO - Processing file /Users/christophercunningham/airflow_workspace/data-flow/data_flow_env/lib/python3.12/site-packages/airflow/example_dags/example_short_circuit_operator.py for tasks to queue
[2024-07-01T09:32:01.031-0400] {logging_mixin.py:188} INFO - [2024-07-01T09:32:01.031-0400] {dagbag.py:545} INFO - Filling up the DagBag from /Users/christophercunningham/airflow_workspace/data-flow/data_flow_env/lib/python3.12/site-packages/airflow/example_dags/example_short_circuit_operator.py
[2024-07-01T09:32:01.051-0400] {processor.py:840} INFO - DAG(s) 'example_short_circuit_operator' retrieved from /Users/christophercunningham/airflow_workspace/data-flow/data_flow_env/lib/python3.12/site-packages/airflow/example_dags/example_short_circuit_operator.py
[2024-07-01T09:32:01.200-0400] {logging_mixin.py:188} INFO - [2024-07-01T09:32:01.199-0400] {dag.py:3096} INFO - Sync 1 DAGs
[2024-07-01T09:32:01.263-0400] {logging_mixin.py:188} INFO - [2024-07-01T09:32:01.263-0400] {dag.py:3954} INFO - Setting next_dagrun for example_short_circuit_operator to 2024-06-30 00:00:00+00:00, run_after=2024-07-01 00:00:00+00:00
[2024-07-01T09:32:01.281-0400] {processor.py:183} INFO - Processing /Users/christophercunningham/airflow_workspace/data-flow/data_flow_env/lib/python3.12/site-packages/airflow/example_dags/example_short_circuit_operator.py took 0.257 seconds
[2024-07-01T09:34:17.458-0400] {processor.py:161} INFO - Started process (PID=14152) to work on /Users/christophercunningham/airflow_workspace/data-flow/data_flow_env/lib/python3.12/site-packages/airflow/example_dags/example_short_circuit_operator.py
[2024-07-01T09:34:17.460-0400] {processor.py:830} INFO - Processing file /Users/christophercunningham/airflow_workspace/data-flow/data_flow_env/lib/python3.12/site-packages/airflow/example_dags/example_short_circuit_operator.py for tasks to queue
[2024-07-01T09:34:17.460-0400] {logging_mixin.py:188} INFO - [2024-07-01T09:34:17.460-0400] {dagbag.py:545} INFO - Filling up the DagBag from /Users/christophercunningham/airflow_workspace/data-flow/data_flow_env/lib/python3.12/site-packages/airflow/example_dags/example_short_circuit_operator.py
[2024-07-01T09:34:17.483-0400] {processor.py:840} INFO - DAG(s) 'example_short_circuit_operator' retrieved from /Users/christophercunningham/airflow_workspace/data-flow/data_flow_env/lib/python3.12/site-packages/airflow/example_dags/example_short_circuit_operator.py
[2024-07-01T09:34:17.566-0400] {logging_mixin.py:188} INFO - [2024-07-01T09:34:17.565-0400] {dag.py:3096} INFO - Sync 1 DAGs
[2024-07-01T09:34:17.577-0400] {logging_mixin.py:188} INFO - [2024-07-01T09:34:17.577-0400] {dag.py:3954} INFO - Setting next_dagrun for example_short_circuit_operator to 2024-06-30 00:00:00+00:00, run_after=2024-07-01 00:00:00+00:00
[2024-07-01T09:34:17.591-0400] {processor.py:183} INFO - Processing /Users/christophercunningham/airflow_workspace/data-flow/data_flow_env/lib/python3.12/site-packages/airflow/example_dags/example_short_circuit_operator.py took 0.138 seconds
[2024-07-01T09:36:01.063-0400] {processor.py:161} INFO - Started process (PID=14298) to work on /Users/christophercunningham/airflow_workspace/data-flow/data_flow_env/lib/python3.12/site-packages/airflow/example_dags/example_short_circuit_operator.py
[2024-07-01T09:36:01.064-0400] {processor.py:830} INFO - Processing file /Users/christophercunningham/airflow_workspace/data-flow/data_flow_env/lib/python3.12/site-packages/airflow/example_dags/example_short_circuit_operator.py for tasks to queue
[2024-07-01T09:36:01.065-0400] {logging_mixin.py:188} INFO - [2024-07-01T09:36:01.065-0400] {dagbag.py:545} INFO - Filling up the DagBag from /Users/christophercunningham/airflow_workspace/data-flow/data_flow_env/lib/python3.12/site-packages/airflow/example_dags/example_short_circuit_operator.py
[2024-07-01T09:36:01.084-0400] {processor.py:840} INFO - DAG(s) 'example_short_circuit_operator' retrieved from /Users/christophercunningham/airflow_workspace/data-flow/data_flow_env/lib/python3.12/site-packages/airflow/example_dags/example_short_circuit_operator.py
[2024-07-01T09:36:01.159-0400] {logging_mixin.py:188} INFO - [2024-07-01T09:36:01.158-0400] {dag.py:3096} INFO - Sync 1 DAGs
[2024-07-01T09:36:01.170-0400] {logging_mixin.py:188} INFO - [2024-07-01T09:36:01.169-0400] {dag.py:3954} INFO - Setting next_dagrun for example_short_circuit_operator to 2024-06-30 00:00:00+00:00, run_after=2024-07-01 00:00:00+00:00
[2024-07-01T09:36:01.183-0400] {processor.py:183} INFO - Processing /Users/christophercunningham/airflow_workspace/data-flow/data_flow_env/lib/python3.12/site-packages/airflow/example_dags/example_short_circuit_operator.py took 0.125 seconds
[2024-07-01T09:37:46.333-0400] {processor.py:161} INFO - Started process (PID=14470) to work on /Users/christophercunningham/airflow_workspace/data-flow/data_flow_env/lib/python3.12/site-packages/airflow/example_dags/example_short_circuit_operator.py
[2024-07-01T09:37:46.335-0400] {processor.py:830} INFO - Processing file /Users/christophercunningham/airflow_workspace/data-flow/data_flow_env/lib/python3.12/site-packages/airflow/example_dags/example_short_circuit_operator.py for tasks to queue
[2024-07-01T09:37:46.335-0400] {logging_mixin.py:188} INFO - [2024-07-01T09:37:46.335-0400] {dagbag.py:545} INFO - Filling up the DagBag from /Users/christophercunningham/airflow_workspace/data-flow/data_flow_env/lib/python3.12/site-packages/airflow/example_dags/example_short_circuit_operator.py
[2024-07-01T09:37:46.356-0400] {processor.py:840} INFO - DAG(s) 'example_short_circuit_operator' retrieved from /Users/christophercunningham/airflow_workspace/data-flow/data_flow_env/lib/python3.12/site-packages/airflow/example_dags/example_short_circuit_operator.py
[2024-07-01T09:37:46.433-0400] {logging_mixin.py:188} INFO - [2024-07-01T09:37:46.432-0400] {dag.py:3096} INFO - Sync 1 DAGs
[2024-07-01T09:37:46.443-0400] {logging_mixin.py:188} INFO - [2024-07-01T09:37:46.443-0400] {dag.py:3954} INFO - Setting next_dagrun for example_short_circuit_operator to 2024-06-30 00:00:00+00:00, run_after=2024-07-01 00:00:00+00:00
[2024-07-01T09:37:46.457-0400] {processor.py:183} INFO - Processing /Users/christophercunningham/airflow_workspace/data-flow/data_flow_env/lib/python3.12/site-packages/airflow/example_dags/example_short_circuit_operator.py took 0.129 seconds
[2024-07-01T09:39:34.574-0400] {processor.py:161} INFO - Started process (PID=14640) to work on /Users/christophercunningham/airflow_workspace/data-flow/data_flow_env/lib/python3.12/site-packages/airflow/example_dags/example_short_circuit_operator.py
[2024-07-01T09:39:34.576-0400] {processor.py:830} INFO - Processing file /Users/christophercunningham/airflow_workspace/data-flow/data_flow_env/lib/python3.12/site-packages/airflow/example_dags/example_short_circuit_operator.py for tasks to queue
[2024-07-01T09:39:34.576-0400] {logging_mixin.py:188} INFO - [2024-07-01T09:39:34.576-0400] {dagbag.py:545} INFO - Filling up the DagBag from /Users/christophercunningham/airflow_workspace/data-flow/data_flow_env/lib/python3.12/site-packages/airflow/example_dags/example_short_circuit_operator.py
[2024-07-01T09:39:34.600-0400] {processor.py:840} INFO - DAG(s) 'example_short_circuit_operator' retrieved from /Users/christophercunningham/airflow_workspace/data-flow/data_flow_env/lib/python3.12/site-packages/airflow/example_dags/example_short_circuit_operator.py
[2024-07-01T09:39:34.679-0400] {logging_mixin.py:188} INFO - [2024-07-01T09:39:34.679-0400] {dag.py:3096} INFO - Sync 1 DAGs
[2024-07-01T09:39:34.691-0400] {logging_mixin.py:188} INFO - [2024-07-01T09:39:34.691-0400] {dag.py:3954} INFO - Setting next_dagrun for example_short_circuit_operator to 2024-06-30 00:00:00+00:00, run_after=2024-07-01 00:00:00+00:00
[2024-07-01T09:39:34.704-0400] {processor.py:183} INFO - Processing /Users/christophercunningham/airflow_workspace/data-flow/data_flow_env/lib/python3.12/site-packages/airflow/example_dags/example_short_circuit_operator.py took 0.135 seconds
[2024-07-01T09:41:19.013-0400] {processor.py:161} INFO - Started process (PID=14855) to work on /Users/christophercunningham/airflow_workspace/data-flow/data_flow_env/lib/python3.12/site-packages/airflow/example_dags/example_short_circuit_operator.py
[2024-07-01T09:41:19.015-0400] {processor.py:830} INFO - Processing file /Users/christophercunningham/airflow_workspace/data-flow/data_flow_env/lib/python3.12/site-packages/airflow/example_dags/example_short_circuit_operator.py for tasks to queue
[2024-07-01T09:41:19.016-0400] {logging_mixin.py:188} INFO - [2024-07-01T09:41:19.016-0400] {dagbag.py:545} INFO - Filling up the DagBag from /Users/christophercunningham/airflow_workspace/data-flow/data_flow_env/lib/python3.12/site-packages/airflow/example_dags/example_short_circuit_operator.py
[2024-07-01T09:41:19.036-0400] {processor.py:840} INFO - DAG(s) 'example_short_circuit_operator' retrieved from /Users/christophercunningham/airflow_workspace/data-flow/data_flow_env/lib/python3.12/site-packages/airflow/example_dags/example_short_circuit_operator.py
[2024-07-01T09:41:19.110-0400] {logging_mixin.py:188} INFO - [2024-07-01T09:41:19.110-0400] {dag.py:3096} INFO - Sync 1 DAGs
[2024-07-01T09:41:19.122-0400] {logging_mixin.py:188} INFO - [2024-07-01T09:41:19.121-0400] {dag.py:3954} INFO - Setting next_dagrun for example_short_circuit_operator to 2024-06-30 00:00:00+00:00, run_after=2024-07-01 00:00:00+00:00
[2024-07-01T09:41:19.136-0400] {processor.py:183} INFO - Processing /Users/christophercunningham/airflow_workspace/data-flow/data_flow_env/lib/python3.12/site-packages/airflow/example_dags/example_short_circuit_operator.py took 0.128 seconds
[2024-07-01T09:43:05.536-0400] {processor.py:161} INFO - Started process (PID=15017) to work on /Users/christophercunningham/airflow_workspace/data-flow/data_flow_env/lib/python3.12/site-packages/airflow/example_dags/example_short_circuit_operator.py
[2024-07-01T09:43:05.537-0400] {processor.py:830} INFO - Processing file /Users/christophercunningham/airflow_workspace/data-flow/data_flow_env/lib/python3.12/site-packages/airflow/example_dags/example_short_circuit_operator.py for tasks to queue
[2024-07-01T09:43:05.538-0400] {logging_mixin.py:188} INFO - [2024-07-01T09:43:05.538-0400] {dagbag.py:545} INFO - Filling up the DagBag from /Users/christophercunningham/airflow_workspace/data-flow/data_flow_env/lib/python3.12/site-packages/airflow/example_dags/example_short_circuit_operator.py
[2024-07-01T09:43:05.561-0400] {processor.py:840} INFO - DAG(s) 'example_short_circuit_operator' retrieved from /Users/christophercunningham/airflow_workspace/data-flow/data_flow_env/lib/python3.12/site-packages/airflow/example_dags/example_short_circuit_operator.py
[2024-07-01T09:43:05.638-0400] {logging_mixin.py:188} INFO - [2024-07-01T09:43:05.638-0400] {dag.py:3096} INFO - Sync 1 DAGs
[2024-07-01T09:43:05.649-0400] {logging_mixin.py:188} INFO - [2024-07-01T09:43:05.649-0400] {dag.py:3954} INFO - Setting next_dagrun for example_short_circuit_operator to 2024-06-30 00:00:00+00:00, run_after=2024-07-01 00:00:00+00:00
[2024-07-01T09:43:05.663-0400] {processor.py:183} INFO - Processing /Users/christophercunningham/airflow_workspace/data-flow/data_flow_env/lib/python3.12/site-packages/airflow/example_dags/example_short_circuit_operator.py took 0.132 seconds
[2024-07-01T09:44:55.992-0400] {processor.py:161} INFO - Started process (PID=15192) to work on /Users/christophercunningham/airflow_workspace/data-flow/data_flow_env/lib/python3.12/site-packages/airflow/example_dags/example_short_circuit_operator.py
[2024-07-01T09:44:55.994-0400] {processor.py:830} INFO - Processing file /Users/christophercunningham/airflow_workspace/data-flow/data_flow_env/lib/python3.12/site-packages/airflow/example_dags/example_short_circuit_operator.py for tasks to queue
[2024-07-01T09:44:55.995-0400] {logging_mixin.py:188} INFO - [2024-07-01T09:44:55.995-0400] {dagbag.py:545} INFO - Filling up the DagBag from /Users/christophercunningham/airflow_workspace/data-flow/data_flow_env/lib/python3.12/site-packages/airflow/example_dags/example_short_circuit_operator.py
[2024-07-01T09:44:56.016-0400] {processor.py:840} INFO - DAG(s) 'example_short_circuit_operator' retrieved from /Users/christophercunningham/airflow_workspace/data-flow/data_flow_env/lib/python3.12/site-packages/airflow/example_dags/example_short_circuit_operator.py
[2024-07-01T09:44:56.090-0400] {logging_mixin.py:188} INFO - [2024-07-01T09:44:56.090-0400] {dag.py:3096} INFO - Sync 1 DAGs
[2024-07-01T09:44:56.101-0400] {logging_mixin.py:188} INFO - [2024-07-01T09:44:56.101-0400] {dag.py:3954} INFO - Setting next_dagrun for example_short_circuit_operator to 2024-06-30 00:00:00+00:00, run_after=2024-07-01 00:00:00+00:00
[2024-07-01T09:44:56.114-0400] {processor.py:183} INFO - Processing /Users/christophercunningham/airflow_workspace/data-flow/data_flow_env/lib/python3.12/site-packages/airflow/example_dags/example_short_circuit_operator.py took 0.127 seconds
[2024-07-01T09:46:43.607-0400] {processor.py:161} INFO - Started process (PID=15358) to work on /Users/christophercunningham/airflow_workspace/data-flow/data_flow_env/lib/python3.12/site-packages/airflow/example_dags/example_short_circuit_operator.py
[2024-07-01T09:46:43.608-0400] {processor.py:830} INFO - Processing file /Users/christophercunningham/airflow_workspace/data-flow/data_flow_env/lib/python3.12/site-packages/airflow/example_dags/example_short_circuit_operator.py for tasks to queue
[2024-07-01T09:46:43.609-0400] {logging_mixin.py:188} INFO - [2024-07-01T09:46:43.609-0400] {dagbag.py:545} INFO - Filling up the DagBag from /Users/christophercunningham/airflow_workspace/data-flow/data_flow_env/lib/python3.12/site-packages/airflow/example_dags/example_short_circuit_operator.py
[2024-07-01T09:46:43.631-0400] {processor.py:840} INFO - DAG(s) 'example_short_circuit_operator' retrieved from /Users/christophercunningham/airflow_workspace/data-flow/data_flow_env/lib/python3.12/site-packages/airflow/example_dags/example_short_circuit_operator.py
[2024-07-01T09:46:43.704-0400] {logging_mixin.py:188} INFO - [2024-07-01T09:46:43.704-0400] {dag.py:3096} INFO - Sync 1 DAGs
[2024-07-01T09:46:43.715-0400] {logging_mixin.py:188} INFO - [2024-07-01T09:46:43.715-0400] {dag.py:3954} INFO - Setting next_dagrun for example_short_circuit_operator to 2024-06-30 00:00:00+00:00, run_after=2024-07-01 00:00:00+00:00
[2024-07-01T09:46:43.729-0400] {processor.py:183} INFO - Processing /Users/christophercunningham/airflow_workspace/data-flow/data_flow_env/lib/python3.12/site-packages/airflow/example_dags/example_short_circuit_operator.py took 0.126 seconds
[2024-07-01T09:48:29.904-0400] {processor.py:161} INFO - Started process (PID=15514) to work on /Users/christophercunningham/airflow_workspace/data-flow/data_flow_env/lib/python3.12/site-packages/airflow/example_dags/example_short_circuit_operator.py
[2024-07-01T09:48:29.905-0400] {processor.py:830} INFO - Processing file /Users/christophercunningham/airflow_workspace/data-flow/data_flow_env/lib/python3.12/site-packages/airflow/example_dags/example_short_circuit_operator.py for tasks to queue
[2024-07-01T09:48:29.906-0400] {logging_mixin.py:188} INFO - [2024-07-01T09:48:29.906-0400] {dagbag.py:545} INFO - Filling up the DagBag from /Users/christophercunningham/airflow_workspace/data-flow/data_flow_env/lib/python3.12/site-packages/airflow/example_dags/example_short_circuit_operator.py
[2024-07-01T09:48:29.927-0400] {processor.py:840} INFO - DAG(s) 'example_short_circuit_operator' retrieved from /Users/christophercunningham/airflow_workspace/data-flow/data_flow_env/lib/python3.12/site-packages/airflow/example_dags/example_short_circuit_operator.py
[2024-07-01T09:48:30.005-0400] {logging_mixin.py:188} INFO - [2024-07-01T09:48:30.005-0400] {dag.py:3096} INFO - Sync 1 DAGs
[2024-07-01T09:48:30.017-0400] {logging_mixin.py:188} INFO - [2024-07-01T09:48:30.017-0400] {dag.py:3954} INFO - Setting next_dagrun for example_short_circuit_operator to 2024-06-30 00:00:00+00:00, run_after=2024-07-01 00:00:00+00:00
[2024-07-01T09:48:30.030-0400] {processor.py:183} INFO - Processing /Users/christophercunningham/airflow_workspace/data-flow/data_flow_env/lib/python3.12/site-packages/airflow/example_dags/example_short_circuit_operator.py took 0.131 seconds
[2024-07-01T09:50:18.153-0400] {processor.py:161} INFO - Started process (PID=15714) to work on /Users/christophercunningham/airflow_workspace/data-flow/data_flow_env/lib/python3.12/site-packages/airflow/example_dags/example_short_circuit_operator.py
[2024-07-01T09:50:18.154-0400] {processor.py:830} INFO - Processing file /Users/christophercunningham/airflow_workspace/data-flow/data_flow_env/lib/python3.12/site-packages/airflow/example_dags/example_short_circuit_operator.py for tasks to queue
[2024-07-01T09:50:18.154-0400] {logging_mixin.py:188} INFO - [2024-07-01T09:50:18.154-0400] {dagbag.py:545} INFO - Filling up the DagBag from /Users/christophercunningham/airflow_workspace/data-flow/data_flow_env/lib/python3.12/site-packages/airflow/example_dags/example_short_circuit_operator.py
[2024-07-01T09:50:18.175-0400] {processor.py:840} INFO - DAG(s) 'example_short_circuit_operator' retrieved from /Users/christophercunningham/airflow_workspace/data-flow/data_flow_env/lib/python3.12/site-packages/airflow/example_dags/example_short_circuit_operator.py
[2024-07-01T09:50:18.251-0400] {logging_mixin.py:188} INFO - [2024-07-01T09:50:18.251-0400] {dag.py:3096} INFO - Sync 1 DAGs
[2024-07-01T09:50:18.263-0400] {logging_mixin.py:188} INFO - [2024-07-01T09:50:18.263-0400] {dag.py:3954} INFO - Setting next_dagrun for example_short_circuit_operator to 2024-06-30 00:00:00+00:00, run_after=2024-07-01 00:00:00+00:00
[2024-07-01T09:50:18.278-0400] {processor.py:183} INFO - Processing /Users/christophercunningham/airflow_workspace/data-flow/data_flow_env/lib/python3.12/site-packages/airflow/example_dags/example_short_circuit_operator.py took 0.130 seconds
[2024-07-01T09:52:06.813-0400] {processor.py:161} INFO - Started process (PID=15891) to work on /Users/christophercunningham/airflow_workspace/data-flow/data_flow_env/lib/python3.12/site-packages/airflow/example_dags/example_short_circuit_operator.py
[2024-07-01T09:52:06.815-0400] {processor.py:830} INFO - Processing file /Users/christophercunningham/airflow_workspace/data-flow/data_flow_env/lib/python3.12/site-packages/airflow/example_dags/example_short_circuit_operator.py for tasks to queue
[2024-07-01T09:52:06.815-0400] {logging_mixin.py:188} INFO - [2024-07-01T09:52:06.815-0400] {dagbag.py:545} INFO - Filling up the DagBag from /Users/christophercunningham/airflow_workspace/data-flow/data_flow_env/lib/python3.12/site-packages/airflow/example_dags/example_short_circuit_operator.py
[2024-07-01T09:52:06.838-0400] {processor.py:840} INFO - DAG(s) 'example_short_circuit_operator' retrieved from /Users/christophercunningham/airflow_workspace/data-flow/data_flow_env/lib/python3.12/site-packages/airflow/example_dags/example_short_circuit_operator.py
[2024-07-01T09:52:06.922-0400] {logging_mixin.py:188} INFO - [2024-07-01T09:52:06.922-0400] {dag.py:3096} INFO - Sync 1 DAGs
[2024-07-01T09:52:06.935-0400] {logging_mixin.py:188} INFO - [2024-07-01T09:52:06.935-0400] {dag.py:3954} INFO - Setting next_dagrun for example_short_circuit_operator to 2024-06-30 00:00:00+00:00, run_after=2024-07-01 00:00:00+00:00
[2024-07-01T09:52:06.949-0400] {processor.py:183} INFO - Processing /Users/christophercunningham/airflow_workspace/data-flow/data_flow_env/lib/python3.12/site-packages/airflow/example_dags/example_short_circuit_operator.py took 0.141 seconds
[2024-07-01T09:53:47.675-0400] {processor.py:161} INFO - Started process (PID=16057) to work on /Users/christophercunningham/airflow_workspace/data-flow/data_flow_env/lib/python3.12/site-packages/airflow/example_dags/example_short_circuit_operator.py
[2024-07-01T09:53:47.677-0400] {processor.py:830} INFO - Processing file /Users/christophercunningham/airflow_workspace/data-flow/data_flow_env/lib/python3.12/site-packages/airflow/example_dags/example_short_circuit_operator.py for tasks to queue
[2024-07-01T09:53:47.677-0400] {logging_mixin.py:188} INFO - [2024-07-01T09:53:47.677-0400] {dagbag.py:545} INFO - Filling up the DagBag from /Users/christophercunningham/airflow_workspace/data-flow/data_flow_env/lib/python3.12/site-packages/airflow/example_dags/example_short_circuit_operator.py
[2024-07-01T09:53:47.698-0400] {processor.py:840} INFO - DAG(s) 'example_short_circuit_operator' retrieved from /Users/christophercunningham/airflow_workspace/data-flow/data_flow_env/lib/python3.12/site-packages/airflow/example_dags/example_short_circuit_operator.py
[2024-07-01T09:53:47.772-0400] {logging_mixin.py:188} INFO - [2024-07-01T09:53:47.772-0400] {dag.py:3096} INFO - Sync 1 DAGs
[2024-07-01T09:53:47.783-0400] {logging_mixin.py:188} INFO - [2024-07-01T09:53:47.783-0400] {dag.py:3954} INFO - Setting next_dagrun for example_short_circuit_operator to 2024-06-30 00:00:00+00:00, run_after=2024-07-01 00:00:00+00:00
[2024-07-01T09:53:47.796-0400] {processor.py:183} INFO - Processing /Users/christophercunningham/airflow_workspace/data-flow/data_flow_env/lib/python3.12/site-packages/airflow/example_dags/example_short_circuit_operator.py took 0.126 seconds
[2024-07-01T09:55:27.965-0400] {processor.py:161} INFO - Started process (PID=16285) to work on /Users/christophercunningham/airflow_workspace/data-flow/data_flow_env/lib/python3.12/site-packages/airflow/example_dags/example_short_circuit_operator.py
[2024-07-01T09:55:27.968-0400] {processor.py:830} INFO - Processing file /Users/christophercunningham/airflow_workspace/data-flow/data_flow_env/lib/python3.12/site-packages/airflow/example_dags/example_short_circuit_operator.py for tasks to queue
[2024-07-01T09:55:27.969-0400] {logging_mixin.py:188} INFO - [2024-07-01T09:55:27.969-0400] {dagbag.py:545} INFO - Filling up the DagBag from /Users/christophercunningham/airflow_workspace/data-flow/data_flow_env/lib/python3.12/site-packages/airflow/example_dags/example_short_circuit_operator.py
[2024-07-01T09:55:27.992-0400] {processor.py:840} INFO - DAG(s) 'example_short_circuit_operator' retrieved from /Users/christophercunningham/airflow_workspace/data-flow/data_flow_env/lib/python3.12/site-packages/airflow/example_dags/example_short_circuit_operator.py
[2024-07-01T09:55:28.068-0400] {logging_mixin.py:188} INFO - [2024-07-01T09:55:28.068-0400] {dag.py:3096} INFO - Sync 1 DAGs
[2024-07-01T09:55:28.079-0400] {logging_mixin.py:188} INFO - [2024-07-01T09:55:28.079-0400] {dag.py:3954} INFO - Setting next_dagrun for example_short_circuit_operator to 2024-06-30 00:00:00+00:00, run_after=2024-07-01 00:00:00+00:00
[2024-07-01T09:55:28.097-0400] {processor.py:183} INFO - Processing /Users/christophercunningham/airflow_workspace/data-flow/data_flow_env/lib/python3.12/site-packages/airflow/example_dags/example_short_circuit_operator.py took 0.137 seconds
[2024-07-01T09:57:08.673-0400] {processor.py:161} INFO - Started process (PID=16493) to work on /Users/christophercunningham/airflow_workspace/data-flow/data_flow_env/lib/python3.12/site-packages/airflow/example_dags/example_short_circuit_operator.py
[2024-07-01T09:57:08.674-0400] {processor.py:830} INFO - Processing file /Users/christophercunningham/airflow_workspace/data-flow/data_flow_env/lib/python3.12/site-packages/airflow/example_dags/example_short_circuit_operator.py for tasks to queue
[2024-07-01T09:57:08.675-0400] {logging_mixin.py:188} INFO - [2024-07-01T09:57:08.675-0400] {dagbag.py:545} INFO - Filling up the DagBag from /Users/christophercunningham/airflow_workspace/data-flow/data_flow_env/lib/python3.12/site-packages/airflow/example_dags/example_short_circuit_operator.py
[2024-07-01T09:57:08.695-0400] {processor.py:840} INFO - DAG(s) 'example_short_circuit_operator' retrieved from /Users/christophercunningham/airflow_workspace/data-flow/data_flow_env/lib/python3.12/site-packages/airflow/example_dags/example_short_circuit_operator.py
[2024-07-01T09:57:08.768-0400] {logging_mixin.py:188} INFO - [2024-07-01T09:57:08.768-0400] {dag.py:3096} INFO - Sync 1 DAGs
[2024-07-01T09:57:08.779-0400] {logging_mixin.py:188} INFO - [2024-07-01T09:57:08.779-0400] {dag.py:3954} INFO - Setting next_dagrun for example_short_circuit_operator to 2024-06-30 00:00:00+00:00, run_after=2024-07-01 00:00:00+00:00
[2024-07-01T09:57:08.793-0400] {processor.py:183} INFO - Processing /Users/christophercunningham/airflow_workspace/data-flow/data_flow_env/lib/python3.12/site-packages/airflow/example_dags/example_short_circuit_operator.py took 0.124 seconds
[2024-07-01T09:58:52.226-0400] {processor.py:161} INFO - Started process (PID=16720) to work on /Users/christophercunningham/airflow_workspace/data-flow/data_flow_env/lib/python3.12/site-packages/airflow/example_dags/example_short_circuit_operator.py
[2024-07-01T09:58:52.227-0400] {processor.py:830} INFO - Processing file /Users/christophercunningham/airflow_workspace/data-flow/data_flow_env/lib/python3.12/site-packages/airflow/example_dags/example_short_circuit_operator.py for tasks to queue
[2024-07-01T09:58:52.227-0400] {logging_mixin.py:188} INFO - [2024-07-01T09:58:52.227-0400] {dagbag.py:545} INFO - Filling up the DagBag from /Users/christophercunningham/airflow_workspace/data-flow/data_flow_env/lib/python3.12/site-packages/airflow/example_dags/example_short_circuit_operator.py
[2024-07-01T09:58:52.248-0400] {processor.py:840} INFO - DAG(s) 'example_short_circuit_operator' retrieved from /Users/christophercunningham/airflow_workspace/data-flow/data_flow_env/lib/python3.12/site-packages/airflow/example_dags/example_short_circuit_operator.py
[2024-07-01T09:58:52.322-0400] {logging_mixin.py:188} INFO - [2024-07-01T09:58:52.322-0400] {dag.py:3096} INFO - Sync 1 DAGs
[2024-07-01T09:58:52.333-0400] {logging_mixin.py:188} INFO - [2024-07-01T09:58:52.333-0400] {dag.py:3954} INFO - Setting next_dagrun for example_short_circuit_operator to 2024-06-30 00:00:00+00:00, run_after=2024-07-01 00:00:00+00:00
[2024-07-01T09:58:52.346-0400] {processor.py:183} INFO - Processing /Users/christophercunningham/airflow_workspace/data-flow/data_flow_env/lib/python3.12/site-packages/airflow/example_dags/example_short_circuit_operator.py took 0.125 seconds
[2024-07-01T10:00:34.809-0400] {processor.py:161} INFO - Started process (PID=16979) to work on /Users/christophercunningham/airflow_workspace/data-flow/data_flow_env/lib/python3.12/site-packages/airflow/example_dags/example_short_circuit_operator.py
[2024-07-01T10:00:34.810-0400] {processor.py:830} INFO - Processing file /Users/christophercunningham/airflow_workspace/data-flow/data_flow_env/lib/python3.12/site-packages/airflow/example_dags/example_short_circuit_operator.py for tasks to queue
[2024-07-01T10:00:34.811-0400] {logging_mixin.py:188} INFO - [2024-07-01T10:00:34.810-0400] {dagbag.py:545} INFO - Filling up the DagBag from /Users/christophercunningham/airflow_workspace/data-flow/data_flow_env/lib/python3.12/site-packages/airflow/example_dags/example_short_circuit_operator.py
[2024-07-01T10:00:34.835-0400] {processor.py:840} INFO - DAG(s) 'example_short_circuit_operator' retrieved from /Users/christophercunningham/airflow_workspace/data-flow/data_flow_env/lib/python3.12/site-packages/airflow/example_dags/example_short_circuit_operator.py
[2024-07-01T10:00:34.919-0400] {logging_mixin.py:188} INFO - [2024-07-01T10:00:34.918-0400] {dag.py:3096} INFO - Sync 1 DAGs
[2024-07-01T10:00:34.932-0400] {logging_mixin.py:188} INFO - [2024-07-01T10:00:34.932-0400] {dag.py:3954} INFO - Setting next_dagrun for example_short_circuit_operator to 2024-06-30 00:00:00+00:00, run_after=2024-07-01 00:00:00+00:00
[2024-07-01T10:00:34.949-0400] {processor.py:183} INFO - Processing /Users/christophercunningham/airflow_workspace/data-flow/data_flow_env/lib/python3.12/site-packages/airflow/example_dags/example_short_circuit_operator.py took 0.143 seconds
[2024-07-01T10:02:17.337-0400] {processor.py:161} INFO - Started process (PID=17188) to work on /Users/christophercunningham/airflow_workspace/data-flow/data_flow_env/lib/python3.12/site-packages/airflow/example_dags/example_short_circuit_operator.py
[2024-07-01T10:02:17.338-0400] {processor.py:830} INFO - Processing file /Users/christophercunningham/airflow_workspace/data-flow/data_flow_env/lib/python3.12/site-packages/airflow/example_dags/example_short_circuit_operator.py for tasks to queue
[2024-07-01T10:02:17.339-0400] {logging_mixin.py:188} INFO - [2024-07-01T10:02:17.339-0400] {dagbag.py:545} INFO - Filling up the DagBag from /Users/christophercunningham/airflow_workspace/data-flow/data_flow_env/lib/python3.12/site-packages/airflow/example_dags/example_short_circuit_operator.py
[2024-07-01T10:02:17.360-0400] {processor.py:840} INFO - DAG(s) 'example_short_circuit_operator' retrieved from /Users/christophercunningham/airflow_workspace/data-flow/data_flow_env/lib/python3.12/site-packages/airflow/example_dags/example_short_circuit_operator.py
[2024-07-01T10:02:17.436-0400] {logging_mixin.py:188} INFO - [2024-07-01T10:02:17.435-0400] {dag.py:3096} INFO - Sync 1 DAGs
[2024-07-01T10:02:17.448-0400] {logging_mixin.py:188} INFO - [2024-07-01T10:02:17.448-0400] {dag.py:3954} INFO - Setting next_dagrun for example_short_circuit_operator to 2024-06-30 00:00:00+00:00, run_after=2024-07-01 00:00:00+00:00
[2024-07-01T10:02:17.463-0400] {processor.py:183} INFO - Processing /Users/christophercunningham/airflow_workspace/data-flow/data_flow_env/lib/python3.12/site-packages/airflow/example_dags/example_short_circuit_operator.py took 0.131 seconds
[2024-07-01T10:04:03.958-0400] {processor.py:161} INFO - Started process (PID=17403) to work on /Users/christophercunningham/airflow_workspace/data-flow/data_flow_env/lib/python3.12/site-packages/airflow/example_dags/example_short_circuit_operator.py
[2024-07-01T10:04:03.959-0400] {processor.py:830} INFO - Processing file /Users/christophercunningham/airflow_workspace/data-flow/data_flow_env/lib/python3.12/site-packages/airflow/example_dags/example_short_circuit_operator.py for tasks to queue
[2024-07-01T10:04:03.960-0400] {logging_mixin.py:188} INFO - [2024-07-01T10:04:03.959-0400] {dagbag.py:545} INFO - Filling up the DagBag from /Users/christophercunningham/airflow_workspace/data-flow/data_flow_env/lib/python3.12/site-packages/airflow/example_dags/example_short_circuit_operator.py
[2024-07-01T10:04:03.983-0400] {processor.py:840} INFO - DAG(s) 'example_short_circuit_operator' retrieved from /Users/christophercunningham/airflow_workspace/data-flow/data_flow_env/lib/python3.12/site-packages/airflow/example_dags/example_short_circuit_operator.py
[2024-07-01T10:04:04.068-0400] {logging_mixin.py:188} INFO - [2024-07-01T10:04:04.068-0400] {dag.py:3096} INFO - Sync 1 DAGs
[2024-07-01T10:04:04.079-0400] {logging_mixin.py:188} INFO - [2024-07-01T10:04:04.079-0400] {dag.py:3954} INFO - Setting next_dagrun for example_short_circuit_operator to 2024-06-30 00:00:00+00:00, run_after=2024-07-01 00:00:00+00:00
[2024-07-01T10:04:04.092-0400] {processor.py:183} INFO - Processing /Users/christophercunningham/airflow_workspace/data-flow/data_flow_env/lib/python3.12/site-packages/airflow/example_dags/example_short_circuit_operator.py took 0.138 seconds
[2024-07-01T10:05:55.016-0400] {processor.py:161} INFO - Started process (PID=17634) to work on /Users/christophercunningham/airflow_workspace/data-flow/data_flow_env/lib/python3.12/site-packages/airflow/example_dags/example_short_circuit_operator.py
[2024-07-01T10:05:55.017-0400] {processor.py:830} INFO - Processing file /Users/christophercunningham/airflow_workspace/data-flow/data_flow_env/lib/python3.12/site-packages/airflow/example_dags/example_short_circuit_operator.py for tasks to queue
[2024-07-01T10:05:55.018-0400] {logging_mixin.py:188} INFO - [2024-07-01T10:05:55.018-0400] {dagbag.py:545} INFO - Filling up the DagBag from /Users/christophercunningham/airflow_workspace/data-flow/data_flow_env/lib/python3.12/site-packages/airflow/example_dags/example_short_circuit_operator.py
[2024-07-01T10:05:55.039-0400] {processor.py:840} INFO - DAG(s) 'example_short_circuit_operator' retrieved from /Users/christophercunningham/airflow_workspace/data-flow/data_flow_env/lib/python3.12/site-packages/airflow/example_dags/example_short_circuit_operator.py
[2024-07-01T10:05:55.125-0400] {logging_mixin.py:188} INFO - [2024-07-01T10:05:55.124-0400] {dag.py:3096} INFO - Sync 1 DAGs
[2024-07-01T10:05:55.136-0400] {logging_mixin.py:188} INFO - [2024-07-01T10:05:55.136-0400] {dag.py:3954} INFO - Setting next_dagrun for example_short_circuit_operator to 2024-06-30 00:00:00+00:00, run_after=2024-07-01 00:00:00+00:00
[2024-07-01T10:05:55.154-0400] {processor.py:183} INFO - Processing /Users/christophercunningham/airflow_workspace/data-flow/data_flow_env/lib/python3.12/site-packages/airflow/example_dags/example_short_circuit_operator.py took 0.143 seconds
[2024-07-01T10:07:44.943-0400] {processor.py:161} INFO - Started process (PID=17869) to work on /Users/christophercunningham/airflow_workspace/data-flow/data_flow_env/lib/python3.12/site-packages/airflow/example_dags/example_short_circuit_operator.py
[2024-07-01T10:07:44.945-0400] {processor.py:830} INFO - Processing file /Users/christophercunningham/airflow_workspace/data-flow/data_flow_env/lib/python3.12/site-packages/airflow/example_dags/example_short_circuit_operator.py for tasks to queue
[2024-07-01T10:07:44.946-0400] {logging_mixin.py:188} INFO - [2024-07-01T10:07:44.946-0400] {dagbag.py:545} INFO - Filling up the DagBag from /Users/christophercunningham/airflow_workspace/data-flow/data_flow_env/lib/python3.12/site-packages/airflow/example_dags/example_short_circuit_operator.py
[2024-07-01T10:07:44.968-0400] {processor.py:840} INFO - DAG(s) 'example_short_circuit_operator' retrieved from /Users/christophercunningham/airflow_workspace/data-flow/data_flow_env/lib/python3.12/site-packages/airflow/example_dags/example_short_circuit_operator.py
[2024-07-01T10:07:45.046-0400] {logging_mixin.py:188} INFO - [2024-07-01T10:07:45.046-0400] {dag.py:3096} INFO - Sync 1 DAGs
[2024-07-01T10:07:45.058-0400] {logging_mixin.py:188} INFO - [2024-07-01T10:07:45.058-0400] {dag.py:3954} INFO - Setting next_dagrun for example_short_circuit_operator to 2024-06-30 00:00:00+00:00, run_after=2024-07-01 00:00:00+00:00
[2024-07-01T10:07:45.071-0400] {processor.py:183} INFO - Processing /Users/christophercunningham/airflow_workspace/data-flow/data_flow_env/lib/python3.12/site-packages/airflow/example_dags/example_short_circuit_operator.py took 0.133 seconds
[2024-07-01T10:09:31.509-0400] {processor.py:161} INFO - Started process (PID=18083) to work on /Users/christophercunningham/airflow_workspace/data-flow/data_flow_env/lib/python3.12/site-packages/airflow/example_dags/example_short_circuit_operator.py
[2024-07-01T10:09:31.510-0400] {processor.py:830} INFO - Processing file /Users/christophercunningham/airflow_workspace/data-flow/data_flow_env/lib/python3.12/site-packages/airflow/example_dags/example_short_circuit_operator.py for tasks to queue
[2024-07-01T10:09:31.511-0400] {logging_mixin.py:188} INFO - [2024-07-01T10:09:31.511-0400] {dagbag.py:545} INFO - Filling up the DagBag from /Users/christophercunningham/airflow_workspace/data-flow/data_flow_env/lib/python3.12/site-packages/airflow/example_dags/example_short_circuit_operator.py
[2024-07-01T10:09:31.530-0400] {processor.py:840} INFO - DAG(s) 'example_short_circuit_operator' retrieved from /Users/christophercunningham/airflow_workspace/data-flow/data_flow_env/lib/python3.12/site-packages/airflow/example_dags/example_short_circuit_operator.py
[2024-07-01T10:09:31.603-0400] {logging_mixin.py:188} INFO - [2024-07-01T10:09:31.603-0400] {dag.py:3096} INFO - Sync 1 DAGs
[2024-07-01T10:09:31.614-0400] {logging_mixin.py:188} INFO - [2024-07-01T10:09:31.614-0400] {dag.py:3954} INFO - Setting next_dagrun for example_short_circuit_operator to 2024-06-30 00:00:00+00:00, run_after=2024-07-01 00:00:00+00:00
[2024-07-01T10:09:31.629-0400] {processor.py:183} INFO - Processing /Users/christophercunningham/airflow_workspace/data-flow/data_flow_env/lib/python3.12/site-packages/airflow/example_dags/example_short_circuit_operator.py took 0.125 seconds
[2024-07-01T10:11:14.283-0400] {processor.py:161} INFO - Started process (PID=18343) to work on /Users/christophercunningham/airflow_workspace/data-flow/data_flow_env/lib/python3.12/site-packages/airflow/example_dags/example_short_circuit_operator.py
[2024-07-01T10:11:14.284-0400] {processor.py:830} INFO - Processing file /Users/christophercunningham/airflow_workspace/data-flow/data_flow_env/lib/python3.12/site-packages/airflow/example_dags/example_short_circuit_operator.py for tasks to queue
[2024-07-01T10:11:14.285-0400] {logging_mixin.py:188} INFO - [2024-07-01T10:11:14.285-0400] {dagbag.py:545} INFO - Filling up the DagBag from /Users/christophercunningham/airflow_workspace/data-flow/data_flow_env/lib/python3.12/site-packages/airflow/example_dags/example_short_circuit_operator.py
[2024-07-01T10:11:14.305-0400] {processor.py:840} INFO - DAG(s) 'example_short_circuit_operator' retrieved from /Users/christophercunningham/airflow_workspace/data-flow/data_flow_env/lib/python3.12/site-packages/airflow/example_dags/example_short_circuit_operator.py
[2024-07-01T10:11:14.381-0400] {logging_mixin.py:188} INFO - [2024-07-01T10:11:14.381-0400] {dag.py:3096} INFO - Sync 1 DAGs
[2024-07-01T10:11:14.392-0400] {logging_mixin.py:188} INFO - [2024-07-01T10:11:14.392-0400] {dag.py:3954} INFO - Setting next_dagrun for example_short_circuit_operator to 2024-06-30 00:00:00+00:00, run_after=2024-07-01 00:00:00+00:00
[2024-07-01T10:11:14.406-0400] {processor.py:183} INFO - Processing /Users/christophercunningham/airflow_workspace/data-flow/data_flow_env/lib/python3.12/site-packages/airflow/example_dags/example_short_circuit_operator.py took 0.128 seconds
[2024-07-01T10:12:53.967-0400] {processor.py:161} INFO - Started process (PID=18546) to work on /Users/christophercunningham/airflow_workspace/data-flow/data_flow_env/lib/python3.12/site-packages/airflow/example_dags/example_short_circuit_operator.py
[2024-07-01T10:12:53.968-0400] {processor.py:830} INFO - Processing file /Users/christophercunningham/airflow_workspace/data-flow/data_flow_env/lib/python3.12/site-packages/airflow/example_dags/example_short_circuit_operator.py for tasks to queue
[2024-07-01T10:12:53.968-0400] {logging_mixin.py:188} INFO - [2024-07-01T10:12:53.968-0400] {dagbag.py:545} INFO - Filling up the DagBag from /Users/christophercunningham/airflow_workspace/data-flow/data_flow_env/lib/python3.12/site-packages/airflow/example_dags/example_short_circuit_operator.py
[2024-07-01T10:12:53.988-0400] {processor.py:840} INFO - DAG(s) 'example_short_circuit_operator' retrieved from /Users/christophercunningham/airflow_workspace/data-flow/data_flow_env/lib/python3.12/site-packages/airflow/example_dags/example_short_circuit_operator.py
[2024-07-01T10:12:54.064-0400] {logging_mixin.py:188} INFO - [2024-07-01T10:12:54.063-0400] {dag.py:3096} INFO - Sync 1 DAGs
[2024-07-01T10:12:54.075-0400] {logging_mixin.py:188} INFO - [2024-07-01T10:12:54.075-0400] {dag.py:3954} INFO - Setting next_dagrun for example_short_circuit_operator to 2024-06-30 00:00:00+00:00, run_after=2024-07-01 00:00:00+00:00
[2024-07-01T10:12:54.088-0400] {processor.py:183} INFO - Processing /Users/christophercunningham/airflow_workspace/data-flow/data_flow_env/lib/python3.12/site-packages/airflow/example_dags/example_short_circuit_operator.py took 0.126 seconds
[2024-07-01T10:14:41.847-0400] {processor.py:161} INFO - Started process (PID=18803) to work on /Users/christophercunningham/airflow_workspace/data-flow/data_flow_env/lib/python3.12/site-packages/airflow/example_dags/example_short_circuit_operator.py
[2024-07-01T10:14:41.849-0400] {processor.py:830} INFO - Processing file /Users/christophercunningham/airflow_workspace/data-flow/data_flow_env/lib/python3.12/site-packages/airflow/example_dags/example_short_circuit_operator.py for tasks to queue
[2024-07-01T10:14:41.850-0400] {logging_mixin.py:188} INFO - [2024-07-01T10:14:41.850-0400] {dagbag.py:545} INFO - Filling up the DagBag from /Users/christophercunningham/airflow_workspace/data-flow/data_flow_env/lib/python3.12/site-packages/airflow/example_dags/example_short_circuit_operator.py
[2024-07-01T10:14:41.876-0400] {processor.py:840} INFO - DAG(s) 'example_short_circuit_operator' retrieved from /Users/christophercunningham/airflow_workspace/data-flow/data_flow_env/lib/python3.12/site-packages/airflow/example_dags/example_short_circuit_operator.py
[2024-07-01T10:14:41.956-0400] {logging_mixin.py:188} INFO - [2024-07-01T10:14:41.956-0400] {dag.py:3096} INFO - Sync 1 DAGs
[2024-07-01T10:14:41.967-0400] {logging_mixin.py:188} INFO - [2024-07-01T10:14:41.967-0400] {dag.py:3954} INFO - Setting next_dagrun for example_short_circuit_operator to 2024-06-30 00:00:00+00:00, run_after=2024-07-01 00:00:00+00:00
[2024-07-01T10:14:41.982-0400] {processor.py:183} INFO - Processing /Users/christophercunningham/airflow_workspace/data-flow/data_flow_env/lib/python3.12/site-packages/airflow/example_dags/example_short_circuit_operator.py took 0.141 seconds
[2024-07-01T10:16:27.384-0400] {processor.py:161} INFO - Started process (PID=19054) to work on /Users/christophercunningham/airflow_workspace/data-flow/data_flow_env/lib/python3.12/site-packages/airflow/example_dags/example_short_circuit_operator.py
[2024-07-01T10:16:27.388-0400] {processor.py:830} INFO - Processing file /Users/christophercunningham/airflow_workspace/data-flow/data_flow_env/lib/python3.12/site-packages/airflow/example_dags/example_short_circuit_operator.py for tasks to queue
[2024-07-01T10:16:27.389-0400] {logging_mixin.py:188} INFO - [2024-07-01T10:16:27.388-0400] {dagbag.py:545} INFO - Filling up the DagBag from /Users/christophercunningham/airflow_workspace/data-flow/data_flow_env/lib/python3.12/site-packages/airflow/example_dags/example_short_circuit_operator.py
[2024-07-01T10:16:27.412-0400] {processor.py:840} INFO - DAG(s) 'example_short_circuit_operator' retrieved from /Users/christophercunningham/airflow_workspace/data-flow/data_flow_env/lib/python3.12/site-packages/airflow/example_dags/example_short_circuit_operator.py
[2024-07-01T10:16:27.504-0400] {logging_mixin.py:188} INFO - [2024-07-01T10:16:27.503-0400] {dag.py:3096} INFO - Sync 1 DAGs
[2024-07-01T10:16:27.517-0400] {logging_mixin.py:188} INFO - [2024-07-01T10:16:27.517-0400] {dag.py:3954} INFO - Setting next_dagrun for example_short_circuit_operator to 2024-06-30 00:00:00+00:00, run_after=2024-07-01 00:00:00+00:00
[2024-07-01T10:16:27.533-0400] {processor.py:183} INFO - Processing /Users/christophercunningham/airflow_workspace/data-flow/data_flow_env/lib/python3.12/site-packages/airflow/example_dags/example_short_circuit_operator.py took 0.153 seconds
[2024-07-01T10:18:17.994-0400] {processor.py:161} INFO - Started process (PID=19262) to work on /Users/christophercunningham/airflow_workspace/data-flow/data_flow_env/lib/python3.12/site-packages/airflow/example_dags/example_short_circuit_operator.py
[2024-07-01T10:18:17.995-0400] {processor.py:830} INFO - Processing file /Users/christophercunningham/airflow_workspace/data-flow/data_flow_env/lib/python3.12/site-packages/airflow/example_dags/example_short_circuit_operator.py for tasks to queue
[2024-07-01T10:18:17.996-0400] {logging_mixin.py:188} INFO - [2024-07-01T10:18:17.996-0400] {dagbag.py:545} INFO - Filling up the DagBag from /Users/christophercunningham/airflow_workspace/data-flow/data_flow_env/lib/python3.12/site-packages/airflow/example_dags/example_short_circuit_operator.py
[2024-07-01T10:18:18.018-0400] {processor.py:840} INFO - DAG(s) 'example_short_circuit_operator' retrieved from /Users/christophercunningham/airflow_workspace/data-flow/data_flow_env/lib/python3.12/site-packages/airflow/example_dags/example_short_circuit_operator.py
[2024-07-01T10:18:18.097-0400] {logging_mixin.py:188} INFO - [2024-07-01T10:18:18.097-0400] {dag.py:3096} INFO - Sync 1 DAGs
[2024-07-01T10:18:18.109-0400] {logging_mixin.py:188} INFO - [2024-07-01T10:18:18.108-0400] {dag.py:3954} INFO - Setting next_dagrun for example_short_circuit_operator to 2024-06-30 00:00:00+00:00, run_after=2024-07-01 00:00:00+00:00
[2024-07-01T10:18:18.122-0400] {processor.py:183} INFO - Processing /Users/christophercunningham/airflow_workspace/data-flow/data_flow_env/lib/python3.12/site-packages/airflow/example_dags/example_short_circuit_operator.py took 0.132 seconds
[2024-07-01T10:39:34.741-0400] {processor.py:161} INFO - Started process (PID=21193) to work on /Users/christophercunningham/airflow_workspace/data-flow/data_flow_env/lib/python3.12/site-packages/airflow/example_dags/example_short_circuit_operator.py
[2024-07-01T10:39:34.742-0400] {processor.py:830} INFO - Processing file /Users/christophercunningham/airflow_workspace/data-flow/data_flow_env/lib/python3.12/site-packages/airflow/example_dags/example_short_circuit_operator.py for tasks to queue
[2024-07-01T10:39:34.743-0400] {logging_mixin.py:188} INFO - [2024-07-01T10:39:34.743-0400] {dagbag.py:545} INFO - Filling up the DagBag from /Users/christophercunningham/airflow_workspace/data-flow/data_flow_env/lib/python3.12/site-packages/airflow/example_dags/example_short_circuit_operator.py
[2024-07-01T10:39:34.765-0400] {processor.py:840} INFO - DAG(s) 'example_short_circuit_operator' retrieved from /Users/christophercunningham/airflow_workspace/data-flow/data_flow_env/lib/python3.12/site-packages/airflow/example_dags/example_short_circuit_operator.py
[2024-07-01T10:39:34.921-0400] {logging_mixin.py:188} INFO - [2024-07-01T10:39:34.921-0400] {dag.py:3096} INFO - Sync 1 DAGs
[2024-07-01T10:39:34.974-0400] {logging_mixin.py:188} INFO - [2024-07-01T10:39:34.973-0400] {dag.py:3954} INFO - Setting next_dagrun for example_short_circuit_operator to 2024-06-30 00:00:00+00:00, run_after=2024-07-01 00:00:00+00:00
[2024-07-01T10:39:34.989-0400] {processor.py:183} INFO - Processing /Users/christophercunningham/airflow_workspace/data-flow/data_flow_env/lib/python3.12/site-packages/airflow/example_dags/example_short_circuit_operator.py took 0.251 seconds
