[2024-07-01T09:32:42.556-0400] {processor.py:161} INFO - Started process (PID=13976) to work on /Users/christophercunningham/airflow_workspace/data-flow/data_flow_env/lib/python3.12/site-packages/airflow/example_dags/example_kubernetes_executor.py
[2024-07-01T09:32:42.557-0400] {processor.py:830} INFO - Processing file /Users/christophercunningham/airflow_workspace/data-flow/data_flow_env/lib/python3.12/site-packages/airflow/example_dags/example_kubernetes_executor.py for tasks to queue
[2024-07-01T09:32:42.558-0400] {logging_mixin.py:188} INFO - [2024-07-01T09:32:42.558-0400] {dagbag.py:545} INFO - Filling up the DagBag from /Users/christophercunningham/airflow_workspace/data-flow/data_flow_env/lib/python3.12/site-packages/airflow/example_dags/example_kubernetes_executor.py
[2024-07-01T09:32:42.586-0400] {logging_mixin.py:188} INFO - [2024-07-01T09:32:42.585-0400] {example_kubernetes_executor.py:39} WARNING - The example_kubernetes_executor example DAG requires the kubernetes provider. Please install it with: pip install apache-airflow[cncf.kubernetes]
[2024-07-01T09:32:42.586-0400] {processor.py:842} WARNING - No viable dags retrieved from /Users/christophercunningham/airflow_workspace/data-flow/data_flow_env/lib/python3.12/site-packages/airflow/example_dags/example_kubernetes_executor.py
[2024-07-01T09:32:42.647-0400] {processor.py:183} INFO - Processing /Users/christophercunningham/airflow_workspace/data-flow/data_flow_env/lib/python3.12/site-packages/airflow/example_dags/example_kubernetes_executor.py took 0.096 seconds
[2024-07-01T09:34:55.816-0400] {processor.py:161} INFO - Started process (PID=14205) to work on /Users/christophercunningham/airflow_workspace/data-flow/data_flow_env/lib/python3.12/site-packages/airflow/example_dags/example_kubernetes_executor.py
[2024-07-01T09:34:55.818-0400] {processor.py:830} INFO - Processing file /Users/christophercunningham/airflow_workspace/data-flow/data_flow_env/lib/python3.12/site-packages/airflow/example_dags/example_kubernetes_executor.py for tasks to queue
[2024-07-01T09:34:55.819-0400] {logging_mixin.py:188} INFO - [2024-07-01T09:34:55.819-0400] {dagbag.py:545} INFO - Filling up the DagBag from /Users/christophercunningham/airflow_workspace/data-flow/data_flow_env/lib/python3.12/site-packages/airflow/example_dags/example_kubernetes_executor.py
[2024-07-01T09:34:55.845-0400] {logging_mixin.py:188} INFO - [2024-07-01T09:34:55.844-0400] {example_kubernetes_executor.py:39} WARNING - The example_kubernetes_executor example DAG requires the kubernetes provider. Please install it with: pip install apache-airflow[cncf.kubernetes]
[2024-07-01T09:34:55.845-0400] {processor.py:842} WARNING - No viable dags retrieved from /Users/christophercunningham/airflow_workspace/data-flow/data_flow_env/lib/python3.12/site-packages/airflow/example_dags/example_kubernetes_executor.py
[2024-07-01T09:34:55.904-0400] {processor.py:183} INFO - Processing /Users/christophercunningham/airflow_workspace/data-flow/data_flow_env/lib/python3.12/site-packages/airflow/example_dags/example_kubernetes_executor.py took 0.093 seconds
[2024-07-01T09:38:23.113-0400] {processor.py:161} INFO - Started process (PID=14523) to work on /Users/christophercunningham/airflow_workspace/data-flow/data_flow_env/lib/python3.12/site-packages/airflow/example_dags/example_kubernetes_executor.py
[2024-07-01T09:38:23.115-0400] {processor.py:830} INFO - Processing file /Users/christophercunningham/airflow_workspace/data-flow/data_flow_env/lib/python3.12/site-packages/airflow/example_dags/example_kubernetes_executor.py for tasks to queue
[2024-07-01T09:38:23.115-0400] {logging_mixin.py:188} INFO - [2024-07-01T09:38:23.115-0400] {dagbag.py:545} INFO - Filling up the DagBag from /Users/christophercunningham/airflow_workspace/data-flow/data_flow_env/lib/python3.12/site-packages/airflow/example_dags/example_kubernetes_executor.py
[2024-07-01T09:38:23.139-0400] {logging_mixin.py:188} INFO - [2024-07-01T09:38:23.139-0400] {example_kubernetes_executor.py:39} WARNING - The example_kubernetes_executor example DAG requires the kubernetes provider. Please install it with: pip install apache-airflow[cncf.kubernetes]
[2024-07-01T09:38:23.140-0400] {processor.py:842} WARNING - No viable dags retrieved from /Users/christophercunningham/airflow_workspace/data-flow/data_flow_env/lib/python3.12/site-packages/airflow/example_dags/example_kubernetes_executor.py
[2024-07-01T09:38:23.202-0400] {processor.py:183} INFO - Processing /Users/christophercunningham/airflow_workspace/data-flow/data_flow_env/lib/python3.12/site-packages/airflow/example_dags/example_kubernetes_executor.py took 0.094 seconds
[2024-07-01T09:41:53.110-0400] {processor.py:161} INFO - Started process (PID=14904) to work on /Users/christophercunningham/airflow_workspace/data-flow/data_flow_env/lib/python3.12/site-packages/airflow/example_dags/example_kubernetes_executor.py
[2024-07-01T09:41:53.111-0400] {processor.py:830} INFO - Processing file /Users/christophercunningham/airflow_workspace/data-flow/data_flow_env/lib/python3.12/site-packages/airflow/example_dags/example_kubernetes_executor.py for tasks to queue
[2024-07-01T09:41:53.112-0400] {logging_mixin.py:188} INFO - [2024-07-01T09:41:53.112-0400] {dagbag.py:545} INFO - Filling up the DagBag from /Users/christophercunningham/airflow_workspace/data-flow/data_flow_env/lib/python3.12/site-packages/airflow/example_dags/example_kubernetes_executor.py
[2024-07-01T09:41:53.139-0400] {logging_mixin.py:188} INFO - [2024-07-01T09:41:53.139-0400] {example_kubernetes_executor.py:39} WARNING - The example_kubernetes_executor example DAG requires the kubernetes provider. Please install it with: pip install apache-airflow[cncf.kubernetes]
[2024-07-01T09:41:53.139-0400] {processor.py:842} WARNING - No viable dags retrieved from /Users/christophercunningham/airflow_workspace/data-flow/data_flow_env/lib/python3.12/site-packages/airflow/example_dags/example_kubernetes_executor.py
[2024-07-01T09:41:53.202-0400] {processor.py:183} INFO - Processing /Users/christophercunningham/airflow_workspace/data-flow/data_flow_env/lib/python3.12/site-packages/airflow/example_dags/example_kubernetes_executor.py took 0.097 seconds
[2024-07-01T09:45:32.895-0400] {processor.py:161} INFO - Started process (PID=15248) to work on /Users/christophercunningham/airflow_workspace/data-flow/data_flow_env/lib/python3.12/site-packages/airflow/example_dags/example_kubernetes_executor.py
[2024-07-01T09:45:32.896-0400] {processor.py:830} INFO - Processing file /Users/christophercunningham/airflow_workspace/data-flow/data_flow_env/lib/python3.12/site-packages/airflow/example_dags/example_kubernetes_executor.py for tasks to queue
[2024-07-01T09:45:32.897-0400] {logging_mixin.py:188} INFO - [2024-07-01T09:45:32.897-0400] {dagbag.py:545} INFO - Filling up the DagBag from /Users/christophercunningham/airflow_workspace/data-flow/data_flow_env/lib/python3.12/site-packages/airflow/example_dags/example_kubernetes_executor.py
[2024-07-01T09:45:32.924-0400] {logging_mixin.py:188} INFO - [2024-07-01T09:45:32.924-0400] {example_kubernetes_executor.py:39} WARNING - The example_kubernetes_executor example DAG requires the kubernetes provider. Please install it with: pip install apache-airflow[cncf.kubernetes]
[2024-07-01T09:45:32.925-0400] {processor.py:842} WARNING - No viable dags retrieved from /Users/christophercunningham/airflow_workspace/data-flow/data_flow_env/lib/python3.12/site-packages/airflow/example_dags/example_kubernetes_executor.py
[2024-07-01T09:45:32.986-0400] {processor.py:183} INFO - Processing /Users/christophercunningham/airflow_workspace/data-flow/data_flow_env/lib/python3.12/site-packages/airflow/example_dags/example_kubernetes_executor.py took 0.096 seconds
[2024-07-01T09:49:06.895-0400] {processor.py:161} INFO - Started process (PID=15566) to work on /Users/christophercunningham/airflow_workspace/data-flow/data_flow_env/lib/python3.12/site-packages/airflow/example_dags/example_kubernetes_executor.py
[2024-07-01T09:49:06.896-0400] {processor.py:830} INFO - Processing file /Users/christophercunningham/airflow_workspace/data-flow/data_flow_env/lib/python3.12/site-packages/airflow/example_dags/example_kubernetes_executor.py for tasks to queue
[2024-07-01T09:49:06.896-0400] {logging_mixin.py:188} INFO - [2024-07-01T09:49:06.896-0400] {dagbag.py:545} INFO - Filling up the DagBag from /Users/christophercunningham/airflow_workspace/data-flow/data_flow_env/lib/python3.12/site-packages/airflow/example_dags/example_kubernetes_executor.py
[2024-07-01T09:49:06.927-0400] {logging_mixin.py:188} INFO - [2024-07-01T09:49:06.926-0400] {example_kubernetes_executor.py:39} WARNING - The example_kubernetes_executor example DAG requires the kubernetes provider. Please install it with: pip install apache-airflow[cncf.kubernetes]
[2024-07-01T09:49:06.927-0400] {processor.py:842} WARNING - No viable dags retrieved from /Users/christophercunningham/airflow_workspace/data-flow/data_flow_env/lib/python3.12/site-packages/airflow/example_dags/example_kubernetes_executor.py
[2024-07-01T09:49:06.994-0400] {processor.py:183} INFO - Processing /Users/christophercunningham/airflow_workspace/data-flow/data_flow_env/lib/python3.12/site-packages/airflow/example_dags/example_kubernetes_executor.py took 0.102 seconds
[2024-07-01T09:52:41.798-0400] {processor.py:161} INFO - Started process (PID=15942) to work on /Users/christophercunningham/airflow_workspace/data-flow/data_flow_env/lib/python3.12/site-packages/airflow/example_dags/example_kubernetes_executor.py
[2024-07-01T09:52:41.799-0400] {processor.py:830} INFO - Processing file /Users/christophercunningham/airflow_workspace/data-flow/data_flow_env/lib/python3.12/site-packages/airflow/example_dags/example_kubernetes_executor.py for tasks to queue
[2024-07-01T09:52:41.800-0400] {logging_mixin.py:188} INFO - [2024-07-01T09:52:41.800-0400] {dagbag.py:545} INFO - Filling up the DagBag from /Users/christophercunningham/airflow_workspace/data-flow/data_flow_env/lib/python3.12/site-packages/airflow/example_dags/example_kubernetes_executor.py
[2024-07-01T09:52:41.825-0400] {logging_mixin.py:188} INFO - [2024-07-01T09:52:41.824-0400] {example_kubernetes_executor.py:39} WARNING - The example_kubernetes_executor example DAG requires the kubernetes provider. Please install it with: pip install apache-airflow[cncf.kubernetes]
[2024-07-01T09:52:41.825-0400] {processor.py:842} WARNING - No viable dags retrieved from /Users/christophercunningham/airflow_workspace/data-flow/data_flow_env/lib/python3.12/site-packages/airflow/example_dags/example_kubernetes_executor.py
[2024-07-01T09:52:41.884-0400] {processor.py:183} INFO - Processing /Users/christophercunningham/airflow_workspace/data-flow/data_flow_env/lib/python3.12/site-packages/airflow/example_dags/example_kubernetes_executor.py took 0.091 seconds
[2024-07-01T09:56:03.293-0400] {processor.py:161} INFO - Started process (PID=16355) to work on /Users/christophercunningham/airflow_workspace/data-flow/data_flow_env/lib/python3.12/site-packages/airflow/example_dags/example_kubernetes_executor.py
[2024-07-01T09:56:03.295-0400] {processor.py:830} INFO - Processing file /Users/christophercunningham/airflow_workspace/data-flow/data_flow_env/lib/python3.12/site-packages/airflow/example_dags/example_kubernetes_executor.py for tasks to queue
[2024-07-01T09:56:03.296-0400] {logging_mixin.py:188} INFO - [2024-07-01T09:56:03.296-0400] {dagbag.py:545} INFO - Filling up the DagBag from /Users/christophercunningham/airflow_workspace/data-flow/data_flow_env/lib/python3.12/site-packages/airflow/example_dags/example_kubernetes_executor.py
[2024-07-01T09:56:03.321-0400] {logging_mixin.py:188} INFO - [2024-07-01T09:56:03.321-0400] {example_kubernetes_executor.py:39} WARNING - The example_kubernetes_executor example DAG requires the kubernetes provider. Please install it with: pip install apache-airflow[cncf.kubernetes]
[2024-07-01T09:56:03.321-0400] {processor.py:842} WARNING - No viable dags retrieved from /Users/christophercunningham/airflow_workspace/data-flow/data_flow_env/lib/python3.12/site-packages/airflow/example_dags/example_kubernetes_executor.py
[2024-07-01T09:56:03.383-0400] {processor.py:183} INFO - Processing /Users/christophercunningham/airflow_workspace/data-flow/data_flow_env/lib/python3.12/site-packages/airflow/example_dags/example_kubernetes_executor.py took 0.095 seconds
[2024-07-01T09:59:24.558-0400] {processor.py:161} INFO - Started process (PID=16795) to work on /Users/christophercunningham/airflow_workspace/data-flow/data_flow_env/lib/python3.12/site-packages/airflow/example_dags/example_kubernetes_executor.py
[2024-07-01T09:59:24.559-0400] {processor.py:830} INFO - Processing file /Users/christophercunningham/airflow_workspace/data-flow/data_flow_env/lib/python3.12/site-packages/airflow/example_dags/example_kubernetes_executor.py for tasks to queue
[2024-07-01T09:59:24.559-0400] {logging_mixin.py:188} INFO - [2024-07-01T09:59:24.559-0400] {dagbag.py:545} INFO - Filling up the DagBag from /Users/christophercunningham/airflow_workspace/data-flow/data_flow_env/lib/python3.12/site-packages/airflow/example_dags/example_kubernetes_executor.py
[2024-07-01T09:59:24.586-0400] {logging_mixin.py:188} INFO - [2024-07-01T09:59:24.586-0400] {example_kubernetes_executor.py:39} WARNING - The example_kubernetes_executor example DAG requires the kubernetes provider. Please install it with: pip install apache-airflow[cncf.kubernetes]
[2024-07-01T09:59:24.587-0400] {processor.py:842} WARNING - No viable dags retrieved from /Users/christophercunningham/airflow_workspace/data-flow/data_flow_env/lib/python3.12/site-packages/airflow/example_dags/example_kubernetes_executor.py
[2024-07-01T09:59:24.646-0400] {processor.py:183} INFO - Processing /Users/christophercunningham/airflow_workspace/data-flow/data_flow_env/lib/python3.12/site-packages/airflow/example_dags/example_kubernetes_executor.py took 0.094 seconds
[2024-07-01T10:02:52.342-0400] {processor.py:161} INFO - Started process (PID=17259) to work on /Users/christophercunningham/airflow_workspace/data-flow/data_flow_env/lib/python3.12/site-packages/airflow/example_dags/example_kubernetes_executor.py
[2024-07-01T10:02:52.343-0400] {processor.py:830} INFO - Processing file /Users/christophercunningham/airflow_workspace/data-flow/data_flow_env/lib/python3.12/site-packages/airflow/example_dags/example_kubernetes_executor.py for tasks to queue
[2024-07-01T10:02:52.344-0400] {logging_mixin.py:188} INFO - [2024-07-01T10:02:52.344-0400] {dagbag.py:545} INFO - Filling up the DagBag from /Users/christophercunningham/airflow_workspace/data-flow/data_flow_env/lib/python3.12/site-packages/airflow/example_dags/example_kubernetes_executor.py
[2024-07-01T10:02:52.370-0400] {logging_mixin.py:188} INFO - [2024-07-01T10:02:52.370-0400] {example_kubernetes_executor.py:39} WARNING - The example_kubernetes_executor example DAG requires the kubernetes provider. Please install it with: pip install apache-airflow[cncf.kubernetes]
[2024-07-01T10:02:52.370-0400] {processor.py:842} WARNING - No viable dags retrieved from /Users/christophercunningham/airflow_workspace/data-flow/data_flow_env/lib/python3.12/site-packages/airflow/example_dags/example_kubernetes_executor.py
[2024-07-01T10:02:52.431-0400] {processor.py:183} INFO - Processing /Users/christophercunningham/airflow_workspace/data-flow/data_flow_env/lib/python3.12/site-packages/airflow/example_dags/example_kubernetes_executor.py took 0.093 seconds
[2024-07-01T10:06:32.731-0400] {processor.py:161} INFO - Started process (PID=17713) to work on /Users/christophercunningham/airflow_workspace/data-flow/data_flow_env/lib/python3.12/site-packages/airflow/example_dags/example_kubernetes_executor.py
[2024-07-01T10:06:32.732-0400] {processor.py:830} INFO - Processing file /Users/christophercunningham/airflow_workspace/data-flow/data_flow_env/lib/python3.12/site-packages/airflow/example_dags/example_kubernetes_executor.py for tasks to queue
[2024-07-01T10:06:32.733-0400] {logging_mixin.py:188} INFO - [2024-07-01T10:06:32.733-0400] {dagbag.py:545} INFO - Filling up the DagBag from /Users/christophercunningham/airflow_workspace/data-flow/data_flow_env/lib/python3.12/site-packages/airflow/example_dags/example_kubernetes_executor.py
[2024-07-01T10:06:32.760-0400] {logging_mixin.py:188} INFO - [2024-07-01T10:06:32.760-0400] {example_kubernetes_executor.py:39} WARNING - The example_kubernetes_executor example DAG requires the kubernetes provider. Please install it with: pip install apache-airflow[cncf.kubernetes]
[2024-07-01T10:06:32.760-0400] {processor.py:842} WARNING - No viable dags retrieved from /Users/christophercunningham/airflow_workspace/data-flow/data_flow_env/lib/python3.12/site-packages/airflow/example_dags/example_kubernetes_executor.py
[2024-07-01T10:06:32.820-0400] {processor.py:183} INFO - Processing /Users/christophercunningham/airflow_workspace/data-flow/data_flow_env/lib/python3.12/site-packages/airflow/example_dags/example_kubernetes_executor.py took 0.093 seconds
[2024-07-01T10:10:07.988-0400] {processor.py:161} INFO - Started process (PID=18178) to work on /Users/christophercunningham/airflow_workspace/data-flow/data_flow_env/lib/python3.12/site-packages/airflow/example_dags/example_kubernetes_executor.py
[2024-07-01T10:10:07.990-0400] {processor.py:830} INFO - Processing file /Users/christophercunningham/airflow_workspace/data-flow/data_flow_env/lib/python3.12/site-packages/airflow/example_dags/example_kubernetes_executor.py for tasks to queue
[2024-07-01T10:10:07.991-0400] {logging_mixin.py:188} INFO - [2024-07-01T10:10:07.990-0400] {dagbag.py:545} INFO - Filling up the DagBag from /Users/christophercunningham/airflow_workspace/data-flow/data_flow_env/lib/python3.12/site-packages/airflow/example_dags/example_kubernetes_executor.py
[2024-07-01T10:10:08.017-0400] {logging_mixin.py:188} INFO - [2024-07-01T10:10:08.017-0400] {example_kubernetes_executor.py:39} WARNING - The example_kubernetes_executor example DAG requires the kubernetes provider. Please install it with: pip install apache-airflow[cncf.kubernetes]
[2024-07-01T10:10:08.017-0400] {processor.py:842} WARNING - No viable dags retrieved from /Users/christophercunningham/airflow_workspace/data-flow/data_flow_env/lib/python3.12/site-packages/airflow/example_dags/example_kubernetes_executor.py
[2024-07-01T10:10:08.079-0400] {processor.py:183} INFO - Processing /Users/christophercunningham/airflow_workspace/data-flow/data_flow_env/lib/python3.12/site-packages/airflow/example_dags/example_kubernetes_executor.py took 0.096 seconds
[2024-07-01T10:13:27.967-0400] {processor.py:161} INFO - Started process (PID=18652) to work on /Users/christophercunningham/airflow_workspace/data-flow/data_flow_env/lib/python3.12/site-packages/airflow/example_dags/example_kubernetes_executor.py
[2024-07-01T10:13:27.968-0400] {processor.py:830} INFO - Processing file /Users/christophercunningham/airflow_workspace/data-flow/data_flow_env/lib/python3.12/site-packages/airflow/example_dags/example_kubernetes_executor.py for tasks to queue
[2024-07-01T10:13:27.969-0400] {logging_mixin.py:188} INFO - [2024-07-01T10:13:27.969-0400] {dagbag.py:545} INFO - Filling up the DagBag from /Users/christophercunningham/airflow_workspace/data-flow/data_flow_env/lib/python3.12/site-packages/airflow/example_dags/example_kubernetes_executor.py
[2024-07-01T10:13:27.993-0400] {logging_mixin.py:188} INFO - [2024-07-01T10:13:27.993-0400] {example_kubernetes_executor.py:39} WARNING - The example_kubernetes_executor example DAG requires the kubernetes provider. Please install it with: pip install apache-airflow[cncf.kubernetes]
[2024-07-01T10:13:27.994-0400] {processor.py:842} WARNING - No viable dags retrieved from /Users/christophercunningham/airflow_workspace/data-flow/data_flow_env/lib/python3.12/site-packages/airflow/example_dags/example_kubernetes_executor.py
[2024-07-01T10:13:28.052-0400] {processor.py:183} INFO - Processing /Users/christophercunningham/airflow_workspace/data-flow/data_flow_env/lib/python3.12/site-packages/airflow/example_dags/example_kubernetes_executor.py took 0.089 seconds
[2024-07-01T10:17:04.028-0400] {processor.py:161} INFO - Started process (PID=19111) to work on /Users/christophercunningham/airflow_workspace/data-flow/data_flow_env/lib/python3.12/site-packages/airflow/example_dags/example_kubernetes_executor.py
[2024-07-01T10:17:04.030-0400] {processor.py:830} INFO - Processing file /Users/christophercunningham/airflow_workspace/data-flow/data_flow_env/lib/python3.12/site-packages/airflow/example_dags/example_kubernetes_executor.py for tasks to queue
[2024-07-01T10:17:04.031-0400] {logging_mixin.py:188} INFO - [2024-07-01T10:17:04.031-0400] {dagbag.py:545} INFO - Filling up the DagBag from /Users/christophercunningham/airflow_workspace/data-flow/data_flow_env/lib/python3.12/site-packages/airflow/example_dags/example_kubernetes_executor.py
[2024-07-01T10:17:04.058-0400] {logging_mixin.py:188} INFO - [2024-07-01T10:17:04.057-0400] {example_kubernetes_executor.py:39} WARNING - The example_kubernetes_executor example DAG requires the kubernetes provider. Please install it with: pip install apache-airflow[cncf.kubernetes]
[2024-07-01T10:17:04.058-0400] {processor.py:842} WARNING - No viable dags retrieved from /Users/christophercunningham/airflow_workspace/data-flow/data_flow_env/lib/python3.12/site-packages/airflow/example_dags/example_kubernetes_executor.py
[2024-07-01T10:17:04.117-0400] {processor.py:183} INFO - Processing /Users/christophercunningham/airflow_workspace/data-flow/data_flow_env/lib/python3.12/site-packages/airflow/example_dags/example_kubernetes_executor.py took 0.093 seconds
[2024-07-01T10:40:17.702-0400] {processor.py:161} INFO - Started process (PID=21318) to work on /Users/christophercunningham/airflow_workspace/data-flow/data_flow_env/lib/python3.12/site-packages/airflow/example_dags/example_kubernetes_executor.py
[2024-07-01T10:40:17.703-0400] {processor.py:830} INFO - Processing file /Users/christophercunningham/airflow_workspace/data-flow/data_flow_env/lib/python3.12/site-packages/airflow/example_dags/example_kubernetes_executor.py for tasks to queue
[2024-07-01T10:40:17.704-0400] {logging_mixin.py:188} INFO - [2024-07-01T10:40:17.704-0400] {dagbag.py:545} INFO - Filling up the DagBag from /Users/christophercunningham/airflow_workspace/data-flow/data_flow_env/lib/python3.12/site-packages/airflow/example_dags/example_kubernetes_executor.py
[2024-07-01T10:40:18.105-0400] {processor.py:840} INFO - DAG(s) 'example_kubernetes_executor' retrieved from /Users/christophercunningham/airflow_workspace/data-flow/data_flow_env/lib/python3.12/site-packages/airflow/example_dags/example_kubernetes_executor.py
[2024-07-01T10:40:18.226-0400] {logging_mixin.py:188} WARNING - /Users/christophercunningham/airflow_workspace/data-flow/data_flow_env/lib/python3.12/site-packages/airflow/serialization/serialized_objects.py:1673 DeprecationWarning: This module is deprecated. The `cncf.kubernetes` provider before version 7.4.0 uses this module - you should migrate to a newer version of `cncf.kubernetes` to get rid of this warning. If you import the module via `airflow.kubernetes` import, please use `cncf.kubernetes' provider 7.4.0+ and switch all your imports to use `apache.airflow.providers.cncf.kubernetes` to get rid of the warning.
[2024-07-01T10:40:18.311-0400] {logging_mixin.py:188} INFO - [2024-07-01T10:40:18.310-0400] {dag.py:3096} INFO - Sync 1 DAGs
[2024-07-01T10:40:18.319-0400] {logging_mixin.py:188} INFO - [2024-07-01T10:40:18.319-0400] {dag.py:3954} INFO - Setting next_dagrun for example_kubernetes_executor to None, run_after=None
[2024-07-01T10:40:18.334-0400] {processor.py:183} INFO - Processing /Users/christophercunningham/airflow_workspace/data-flow/data_flow_env/lib/python3.12/site-packages/airflow/example_dags/example_kubernetes_executor.py took 0.635 seconds
