[2024-07-01T09:32:15.345-0400] {processor.py:161} INFO - Started process (PID=13921) to work on /Users/christophercunningham/airflow_workspace/data-flow/data_flow_env/lib/python3.12/site-packages/airflow/example_dags/example_sensor_decorator.py
[2024-07-01T09:32:15.347-0400] {processor.py:830} INFO - Processing file /Users/christophercunningham/airflow_workspace/data-flow/data_flow_env/lib/python3.12/site-packages/airflow/example_dags/example_sensor_decorator.py for tasks to queue
[2024-07-01T09:32:15.348-0400] {logging_mixin.py:188} INFO - [2024-07-01T09:32:15.348-0400] {dagbag.py:545} INFO - Filling up the DagBag from /Users/christophercunningham/airflow_workspace/data-flow/data_flow_env/lib/python3.12/site-packages/airflow/example_dags/example_sensor_decorator.py
[2024-07-01T09:32:15.380-0400] {processor.py:840} INFO - DAG(s) 'example_sensor_decorator' retrieved from /Users/christophercunningham/airflow_workspace/data-flow/data_flow_env/lib/python3.12/site-packages/airflow/example_dags/example_sensor_decorator.py
[2024-07-01T09:32:15.574-0400] {logging_mixin.py:188} INFO - [2024-07-01T09:32:15.574-0400] {dag.py:3096} INFO - Sync 1 DAGs
[2024-07-01T09:32:15.583-0400] {logging_mixin.py:188} INFO - [2024-07-01T09:32:15.582-0400] {dag.py:3954} INFO - Setting next_dagrun for example_sensor_decorator to None, run_after=None
[2024-07-01T09:32:15.598-0400] {processor.py:183} INFO - Processing /Users/christophercunningham/airflow_workspace/data-flow/data_flow_env/lib/python3.12/site-packages/airflow/example_dags/example_sensor_decorator.py took 0.258 seconds
[2024-07-01T09:34:29.330-0400] {processor.py:161} INFO - Started process (PID=14169) to work on /Users/christophercunningham/airflow_workspace/data-flow/data_flow_env/lib/python3.12/site-packages/airflow/example_dags/example_sensor_decorator.py
[2024-07-01T09:34:29.332-0400] {processor.py:830} INFO - Processing file /Users/christophercunningham/airflow_workspace/data-flow/data_flow_env/lib/python3.12/site-packages/airflow/example_dags/example_sensor_decorator.py for tasks to queue
[2024-07-01T09:34:29.332-0400] {logging_mixin.py:188} INFO - [2024-07-01T09:34:29.332-0400] {dagbag.py:545} INFO - Filling up the DagBag from /Users/christophercunningham/airflow_workspace/data-flow/data_flow_env/lib/python3.12/site-packages/airflow/example_dags/example_sensor_decorator.py
[2024-07-01T09:34:29.363-0400] {processor.py:840} INFO - DAG(s) 'example_sensor_decorator' retrieved from /Users/christophercunningham/airflow_workspace/data-flow/data_flow_env/lib/python3.12/site-packages/airflow/example_dags/example_sensor_decorator.py
[2024-07-01T09:34:29.459-0400] {logging_mixin.py:188} INFO - [2024-07-01T09:34:29.459-0400] {dag.py:3096} INFO - Sync 1 DAGs
[2024-07-01T09:34:29.467-0400] {logging_mixin.py:188} INFO - [2024-07-01T09:34:29.467-0400] {dag.py:3954} INFO - Setting next_dagrun for example_sensor_decorator to None, run_after=None
[2024-07-01T09:34:29.481-0400] {processor.py:183} INFO - Processing /Users/christophercunningham/airflow_workspace/data-flow/data_flow_env/lib/python3.12/site-packages/airflow/example_dags/example_sensor_decorator.py took 0.156 seconds
[2024-07-01T09:36:14.255-0400] {processor.py:161} INFO - Started process (PID=14322) to work on /Users/christophercunningham/airflow_workspace/data-flow/data_flow_env/lib/python3.12/site-packages/airflow/example_dags/example_sensor_decorator.py
[2024-07-01T09:36:14.256-0400] {processor.py:830} INFO - Processing file /Users/christophercunningham/airflow_workspace/data-flow/data_flow_env/lib/python3.12/site-packages/airflow/example_dags/example_sensor_decorator.py for tasks to queue
[2024-07-01T09:36:14.257-0400] {logging_mixin.py:188} INFO - [2024-07-01T09:36:14.257-0400] {dagbag.py:545} INFO - Filling up the DagBag from /Users/christophercunningham/airflow_workspace/data-flow/data_flow_env/lib/python3.12/site-packages/airflow/example_dags/example_sensor_decorator.py
[2024-07-01T09:36:14.283-0400] {processor.py:840} INFO - DAG(s) 'example_sensor_decorator' retrieved from /Users/christophercunningham/airflow_workspace/data-flow/data_flow_env/lib/python3.12/site-packages/airflow/example_dags/example_sensor_decorator.py
[2024-07-01T09:36:14.366-0400] {logging_mixin.py:188} INFO - [2024-07-01T09:36:14.365-0400] {dag.py:3096} INFO - Sync 1 DAGs
[2024-07-01T09:36:14.373-0400] {logging_mixin.py:188} INFO - [2024-07-01T09:36:14.373-0400] {dag.py:3954} INFO - Setting next_dagrun for example_sensor_decorator to None, run_after=None
[2024-07-01T09:36:14.385-0400] {processor.py:183} INFO - Processing /Users/christophercunningham/airflow_workspace/data-flow/data_flow_env/lib/python3.12/site-packages/airflow/example_dags/example_sensor_decorator.py took 0.135 seconds
[2024-07-01T09:37:59.378-0400] {processor.py:161} INFO - Started process (PID=14487) to work on /Users/christophercunningham/airflow_workspace/data-flow/data_flow_env/lib/python3.12/site-packages/airflow/example_dags/example_sensor_decorator.py
[2024-07-01T09:37:59.379-0400] {processor.py:830} INFO - Processing file /Users/christophercunningham/airflow_workspace/data-flow/data_flow_env/lib/python3.12/site-packages/airflow/example_dags/example_sensor_decorator.py for tasks to queue
[2024-07-01T09:37:59.380-0400] {logging_mixin.py:188} INFO - [2024-07-01T09:37:59.380-0400] {dagbag.py:545} INFO - Filling up the DagBag from /Users/christophercunningham/airflow_workspace/data-flow/data_flow_env/lib/python3.12/site-packages/airflow/example_dags/example_sensor_decorator.py
[2024-07-01T09:37:59.410-0400] {processor.py:840} INFO - DAG(s) 'example_sensor_decorator' retrieved from /Users/christophercunningham/airflow_workspace/data-flow/data_flow_env/lib/python3.12/site-packages/airflow/example_dags/example_sensor_decorator.py
[2024-07-01T09:37:59.501-0400] {logging_mixin.py:188} INFO - [2024-07-01T09:37:59.500-0400] {dag.py:3096} INFO - Sync 1 DAGs
[2024-07-01T09:37:59.508-0400] {logging_mixin.py:188} INFO - [2024-07-01T09:37:59.508-0400] {dag.py:3954} INFO - Setting next_dagrun for example_sensor_decorator to None, run_after=None
[2024-07-01T09:37:59.521-0400] {processor.py:183} INFO - Processing /Users/christophercunningham/airflow_workspace/data-flow/data_flow_env/lib/python3.12/site-packages/airflow/example_dags/example_sensor_decorator.py took 0.148 seconds
[2024-07-01T09:39:47.931-0400] {processor.py:161} INFO - Started process (PID=14661) to work on /Users/christophercunningham/airflow_workspace/data-flow/data_flow_env/lib/python3.12/site-packages/airflow/example_dags/example_sensor_decorator.py
[2024-07-01T09:39:47.932-0400] {processor.py:830} INFO - Processing file /Users/christophercunningham/airflow_workspace/data-flow/data_flow_env/lib/python3.12/site-packages/airflow/example_dags/example_sensor_decorator.py for tasks to queue
[2024-07-01T09:39:47.933-0400] {logging_mixin.py:188} INFO - [2024-07-01T09:39:47.933-0400] {dagbag.py:545} INFO - Filling up the DagBag from /Users/christophercunningham/airflow_workspace/data-flow/data_flow_env/lib/python3.12/site-packages/airflow/example_dags/example_sensor_decorator.py
[2024-07-01T09:39:47.964-0400] {processor.py:840} INFO - DAG(s) 'example_sensor_decorator' retrieved from /Users/christophercunningham/airflow_workspace/data-flow/data_flow_env/lib/python3.12/site-packages/airflow/example_dags/example_sensor_decorator.py
[2024-07-01T09:39:48.051-0400] {logging_mixin.py:188} INFO - [2024-07-01T09:39:48.051-0400] {dag.py:3096} INFO - Sync 1 DAGs
[2024-07-01T09:39:48.061-0400] {logging_mixin.py:188} INFO - [2024-07-01T09:39:48.061-0400] {dag.py:3954} INFO - Setting next_dagrun for example_sensor_decorator to None, run_after=None
[2024-07-01T09:39:48.074-0400] {processor.py:183} INFO - Processing /Users/christophercunningham/airflow_workspace/data-flow/data_flow_env/lib/python3.12/site-packages/airflow/example_dags/example_sensor_decorator.py took 0.148 seconds
[2024-07-01T09:41:32.053-0400] {processor.py:161} INFO - Started process (PID=14876) to work on /Users/christophercunningham/airflow_workspace/data-flow/data_flow_env/lib/python3.12/site-packages/airflow/example_dags/example_sensor_decorator.py
[2024-07-01T09:41:32.055-0400] {processor.py:830} INFO - Processing file /Users/christophercunningham/airflow_workspace/data-flow/data_flow_env/lib/python3.12/site-packages/airflow/example_dags/example_sensor_decorator.py for tasks to queue
[2024-07-01T09:41:32.055-0400] {logging_mixin.py:188} INFO - [2024-07-01T09:41:32.055-0400] {dagbag.py:545} INFO - Filling up the DagBag from /Users/christophercunningham/airflow_workspace/data-flow/data_flow_env/lib/python3.12/site-packages/airflow/example_dags/example_sensor_decorator.py
[2024-07-01T09:41:32.083-0400] {processor.py:840} INFO - DAG(s) 'example_sensor_decorator' retrieved from /Users/christophercunningham/airflow_workspace/data-flow/data_flow_env/lib/python3.12/site-packages/airflow/example_dags/example_sensor_decorator.py
[2024-07-01T09:41:32.165-0400] {logging_mixin.py:188} INFO - [2024-07-01T09:41:32.165-0400] {dag.py:3096} INFO - Sync 1 DAGs
[2024-07-01T09:41:32.173-0400] {logging_mixin.py:188} INFO - [2024-07-01T09:41:32.172-0400] {dag.py:3954} INFO - Setting next_dagrun for example_sensor_decorator to None, run_after=None
[2024-07-01T09:41:32.185-0400] {processor.py:183} INFO - Processing /Users/christophercunningham/airflow_workspace/data-flow/data_flow_env/lib/python3.12/site-packages/airflow/example_dags/example_sensor_decorator.py took 0.136 seconds
[2024-07-01T09:43:18.925-0400] {processor.py:161} INFO - Started process (PID=15038) to work on /Users/christophercunningham/airflow_workspace/data-flow/data_flow_env/lib/python3.12/site-packages/airflow/example_dags/example_sensor_decorator.py
[2024-07-01T09:43:18.926-0400] {processor.py:830} INFO - Processing file /Users/christophercunningham/airflow_workspace/data-flow/data_flow_env/lib/python3.12/site-packages/airflow/example_dags/example_sensor_decorator.py for tasks to queue
[2024-07-01T09:43:18.927-0400] {logging_mixin.py:188} INFO - [2024-07-01T09:43:18.927-0400] {dagbag.py:545} INFO - Filling up the DagBag from /Users/christophercunningham/airflow_workspace/data-flow/data_flow_env/lib/python3.12/site-packages/airflow/example_dags/example_sensor_decorator.py
[2024-07-01T09:43:18.958-0400] {processor.py:840} INFO - DAG(s) 'example_sensor_decorator' retrieved from /Users/christophercunningham/airflow_workspace/data-flow/data_flow_env/lib/python3.12/site-packages/airflow/example_dags/example_sensor_decorator.py
[2024-07-01T09:43:19.048-0400] {logging_mixin.py:188} INFO - [2024-07-01T09:43:19.048-0400] {dag.py:3096} INFO - Sync 1 DAGs
[2024-07-01T09:43:19.057-0400] {logging_mixin.py:188} INFO - [2024-07-01T09:43:19.057-0400] {dag.py:3954} INFO - Setting next_dagrun for example_sensor_decorator to None, run_after=None
[2024-07-01T09:43:19.070-0400] {processor.py:183} INFO - Processing /Users/christophercunningham/airflow_workspace/data-flow/data_flow_env/lib/python3.12/site-packages/airflow/example_dags/example_sensor_decorator.py took 0.150 seconds
[2024-07-01T09:45:09.064-0400] {processor.py:161} INFO - Started process (PID=15213) to work on /Users/christophercunningham/airflow_workspace/data-flow/data_flow_env/lib/python3.12/site-packages/airflow/example_dags/example_sensor_decorator.py
[2024-07-01T09:45:09.066-0400] {processor.py:830} INFO - Processing file /Users/christophercunningham/airflow_workspace/data-flow/data_flow_env/lib/python3.12/site-packages/airflow/example_dags/example_sensor_decorator.py for tasks to queue
[2024-07-01T09:45:09.066-0400] {logging_mixin.py:188} INFO - [2024-07-01T09:45:09.066-0400] {dagbag.py:545} INFO - Filling up the DagBag from /Users/christophercunningham/airflow_workspace/data-flow/data_flow_env/lib/python3.12/site-packages/airflow/example_dags/example_sensor_decorator.py
[2024-07-01T09:45:09.092-0400] {processor.py:840} INFO - DAG(s) 'example_sensor_decorator' retrieved from /Users/christophercunningham/airflow_workspace/data-flow/data_flow_env/lib/python3.12/site-packages/airflow/example_dags/example_sensor_decorator.py
[2024-07-01T09:45:09.179-0400] {logging_mixin.py:188} INFO - [2024-07-01T09:45:09.179-0400] {dag.py:3096} INFO - Sync 1 DAGs
[2024-07-01T09:45:09.186-0400] {logging_mixin.py:188} INFO - [2024-07-01T09:45:09.186-0400] {dag.py:3954} INFO - Setting next_dagrun for example_sensor_decorator to None, run_after=None
[2024-07-01T09:45:09.199-0400] {processor.py:183} INFO - Processing /Users/christophercunningham/airflow_workspace/data-flow/data_flow_env/lib/python3.12/site-packages/airflow/example_dags/example_sensor_decorator.py took 0.140 seconds
[2024-07-01T09:46:56.604-0400] {processor.py:161} INFO - Started process (PID=15377) to work on /Users/christophercunningham/airflow_workspace/data-flow/data_flow_env/lib/python3.12/site-packages/airflow/example_dags/example_sensor_decorator.py
[2024-07-01T09:46:56.605-0400] {processor.py:830} INFO - Processing file /Users/christophercunningham/airflow_workspace/data-flow/data_flow_env/lib/python3.12/site-packages/airflow/example_dags/example_sensor_decorator.py for tasks to queue
[2024-07-01T09:46:56.606-0400] {logging_mixin.py:188} INFO - [2024-07-01T09:46:56.606-0400] {dagbag.py:545} INFO - Filling up the DagBag from /Users/christophercunningham/airflow_workspace/data-flow/data_flow_env/lib/python3.12/site-packages/airflow/example_dags/example_sensor_decorator.py
[2024-07-01T09:46:56.635-0400] {processor.py:840} INFO - DAG(s) 'example_sensor_decorator' retrieved from /Users/christophercunningham/airflow_workspace/data-flow/data_flow_env/lib/python3.12/site-packages/airflow/example_dags/example_sensor_decorator.py
[2024-07-01T09:46:56.719-0400] {logging_mixin.py:188} INFO - [2024-07-01T09:46:56.719-0400] {dag.py:3096} INFO - Sync 1 DAGs
[2024-07-01T09:46:56.726-0400] {logging_mixin.py:188} INFO - [2024-07-01T09:46:56.726-0400] {dag.py:3954} INFO - Setting next_dagrun for example_sensor_decorator to None, run_after=None
[2024-07-01T09:46:56.738-0400] {processor.py:183} INFO - Processing /Users/christophercunningham/airflow_workspace/data-flow/data_flow_env/lib/python3.12/site-packages/airflow/example_dags/example_sensor_decorator.py took 0.140 seconds
[2024-07-01T09:48:43.059-0400] {processor.py:161} INFO - Started process (PID=15531) to work on /Users/christophercunningham/airflow_workspace/data-flow/data_flow_env/lib/python3.12/site-packages/airflow/example_dags/example_sensor_decorator.py
[2024-07-01T09:48:43.060-0400] {processor.py:830} INFO - Processing file /Users/christophercunningham/airflow_workspace/data-flow/data_flow_env/lib/python3.12/site-packages/airflow/example_dags/example_sensor_decorator.py for tasks to queue
[2024-07-01T09:48:43.061-0400] {logging_mixin.py:188} INFO - [2024-07-01T09:48:43.061-0400] {dagbag.py:545} INFO - Filling up the DagBag from /Users/christophercunningham/airflow_workspace/data-flow/data_flow_env/lib/python3.12/site-packages/airflow/example_dags/example_sensor_decorator.py
[2024-07-01T09:48:43.088-0400] {processor.py:840} INFO - DAG(s) 'example_sensor_decorator' retrieved from /Users/christophercunningham/airflow_workspace/data-flow/data_flow_env/lib/python3.12/site-packages/airflow/example_dags/example_sensor_decorator.py
[2024-07-01T09:48:43.168-0400] {logging_mixin.py:188} INFO - [2024-07-01T09:48:43.168-0400] {dag.py:3096} INFO - Sync 1 DAGs
[2024-07-01T09:48:43.175-0400] {logging_mixin.py:188} INFO - [2024-07-01T09:48:43.175-0400] {dag.py:3954} INFO - Setting next_dagrun for example_sensor_decorator to None, run_after=None
[2024-07-01T09:48:43.188-0400] {processor.py:183} INFO - Processing /Users/christophercunningham/airflow_workspace/data-flow/data_flow_env/lib/python3.12/site-packages/airflow/example_dags/example_sensor_decorator.py took 0.134 seconds
[2024-07-01T09:50:31.359-0400] {processor.py:161} INFO - Started process (PID=15740) to work on /Users/christophercunningham/airflow_workspace/data-flow/data_flow_env/lib/python3.12/site-packages/airflow/example_dags/example_sensor_decorator.py
[2024-07-01T09:50:31.360-0400] {processor.py:830} INFO - Processing file /Users/christophercunningham/airflow_workspace/data-flow/data_flow_env/lib/python3.12/site-packages/airflow/example_dags/example_sensor_decorator.py for tasks to queue
[2024-07-01T09:50:31.361-0400] {logging_mixin.py:188} INFO - [2024-07-01T09:50:31.361-0400] {dagbag.py:545} INFO - Filling up the DagBag from /Users/christophercunningham/airflow_workspace/data-flow/data_flow_env/lib/python3.12/site-packages/airflow/example_dags/example_sensor_decorator.py
[2024-07-01T09:50:31.390-0400] {processor.py:840} INFO - DAG(s) 'example_sensor_decorator' retrieved from /Users/christophercunningham/airflow_workspace/data-flow/data_flow_env/lib/python3.12/site-packages/airflow/example_dags/example_sensor_decorator.py
[2024-07-01T09:50:31.473-0400] {logging_mixin.py:188} INFO - [2024-07-01T09:50:31.472-0400] {dag.py:3096} INFO - Sync 1 DAGs
[2024-07-01T09:50:31.480-0400] {logging_mixin.py:188} INFO - [2024-07-01T09:50:31.480-0400] {dag.py:3954} INFO - Setting next_dagrun for example_sensor_decorator to None, run_after=None
[2024-07-01T09:50:31.493-0400] {processor.py:183} INFO - Processing /Users/christophercunningham/airflow_workspace/data-flow/data_flow_env/lib/python3.12/site-packages/airflow/example_dags/example_sensor_decorator.py took 0.139 seconds
[2024-07-01T09:52:20.702-0400] {processor.py:161} INFO - Started process (PID=15911) to work on /Users/christophercunningham/airflow_workspace/data-flow/data_flow_env/lib/python3.12/site-packages/airflow/example_dags/example_sensor_decorator.py
[2024-07-01T09:52:20.703-0400] {processor.py:830} INFO - Processing file /Users/christophercunningham/airflow_workspace/data-flow/data_flow_env/lib/python3.12/site-packages/airflow/example_dags/example_sensor_decorator.py for tasks to queue
[2024-07-01T09:52:20.704-0400] {logging_mixin.py:188} INFO - [2024-07-01T09:52:20.704-0400] {dagbag.py:545} INFO - Filling up the DagBag from /Users/christophercunningham/airflow_workspace/data-flow/data_flow_env/lib/python3.12/site-packages/airflow/example_dags/example_sensor_decorator.py
[2024-07-01T09:52:20.736-0400] {processor.py:840} INFO - DAG(s) 'example_sensor_decorator' retrieved from /Users/christophercunningham/airflow_workspace/data-flow/data_flow_env/lib/python3.12/site-packages/airflow/example_dags/example_sensor_decorator.py
[2024-07-01T09:52:20.839-0400] {logging_mixin.py:188} INFO - [2024-07-01T09:52:20.839-0400] {dag.py:3096} INFO - Sync 1 DAGs
[2024-07-01T09:52:20.849-0400] {logging_mixin.py:188} INFO - [2024-07-01T09:52:20.849-0400] {dag.py:3954} INFO - Setting next_dagrun for example_sensor_decorator to None, run_after=None
[2024-07-01T09:52:20.865-0400] {processor.py:183} INFO - Processing /Users/christophercunningham/airflow_workspace/data-flow/data_flow_env/lib/python3.12/site-packages/airflow/example_dags/example_sensor_decorator.py took 0.166 seconds
[2024-07-01T09:53:59.447-0400] {processor.py:161} INFO - Started process (PID=16080) to work on /Users/christophercunningham/airflow_workspace/data-flow/data_flow_env/lib/python3.12/site-packages/airflow/example_dags/example_sensor_decorator.py
[2024-07-01T09:53:59.449-0400] {processor.py:830} INFO - Processing file /Users/christophercunningham/airflow_workspace/data-flow/data_flow_env/lib/python3.12/site-packages/airflow/example_dags/example_sensor_decorator.py for tasks to queue
[2024-07-01T09:53:59.450-0400] {logging_mixin.py:188} INFO - [2024-07-01T09:53:59.450-0400] {dagbag.py:545} INFO - Filling up the DagBag from /Users/christophercunningham/airflow_workspace/data-flow/data_flow_env/lib/python3.12/site-packages/airflow/example_dags/example_sensor_decorator.py
[2024-07-01T09:53:59.481-0400] {processor.py:840} INFO - DAG(s) 'example_sensor_decorator' retrieved from /Users/christophercunningham/airflow_workspace/data-flow/data_flow_env/lib/python3.12/site-packages/airflow/example_dags/example_sensor_decorator.py
[2024-07-01T09:53:59.564-0400] {logging_mixin.py:188} INFO - [2024-07-01T09:53:59.564-0400] {dag.py:3096} INFO - Sync 1 DAGs
[2024-07-01T09:53:59.571-0400] {logging_mixin.py:188} INFO - [2024-07-01T09:53:59.571-0400] {dag.py:3954} INFO - Setting next_dagrun for example_sensor_decorator to None, run_after=None
[2024-07-01T09:53:59.584-0400] {processor.py:183} INFO - Processing /Users/christophercunningham/airflow_workspace/data-flow/data_flow_env/lib/python3.12/site-packages/airflow/example_dags/example_sensor_decorator.py took 0.143 seconds
[2024-07-01T09:55:39.923-0400] {processor.py:161} INFO - Started process (PID=16309) to work on /Users/christophercunningham/airflow_workspace/data-flow/data_flow_env/lib/python3.12/site-packages/airflow/example_dags/example_sensor_decorator.py
[2024-07-01T09:55:39.924-0400] {processor.py:830} INFO - Processing file /Users/christophercunningham/airflow_workspace/data-flow/data_flow_env/lib/python3.12/site-packages/airflow/example_dags/example_sensor_decorator.py for tasks to queue
[2024-07-01T09:55:39.925-0400] {logging_mixin.py:188} INFO - [2024-07-01T09:55:39.925-0400] {dagbag.py:545} INFO - Filling up the DagBag from /Users/christophercunningham/airflow_workspace/data-flow/data_flow_env/lib/python3.12/site-packages/airflow/example_dags/example_sensor_decorator.py
[2024-07-01T09:55:39.953-0400] {processor.py:840} INFO - DAG(s) 'example_sensor_decorator' retrieved from /Users/christophercunningham/airflow_workspace/data-flow/data_flow_env/lib/python3.12/site-packages/airflow/example_dags/example_sensor_decorator.py
[2024-07-01T09:55:40.038-0400] {logging_mixin.py:188} INFO - [2024-07-01T09:55:40.038-0400] {dag.py:3096} INFO - Sync 1 DAGs
[2024-07-01T09:55:40.046-0400] {logging_mixin.py:188} INFO - [2024-07-01T09:55:40.045-0400] {dag.py:3954} INFO - Setting next_dagrun for example_sensor_decorator to None, run_after=None
[2024-07-01T09:55:40.059-0400] {processor.py:183} INFO - Processing /Users/christophercunningham/airflow_workspace/data-flow/data_flow_env/lib/python3.12/site-packages/airflow/example_dags/example_sensor_decorator.py took 0.142 seconds
[2024-07-01T09:57:20.420-0400] {processor.py:161} INFO - Started process (PID=16518) to work on /Users/christophercunningham/airflow_workspace/data-flow/data_flow_env/lib/python3.12/site-packages/airflow/example_dags/example_sensor_decorator.py
[2024-07-01T09:57:20.421-0400] {processor.py:830} INFO - Processing file /Users/christophercunningham/airflow_workspace/data-flow/data_flow_env/lib/python3.12/site-packages/airflow/example_dags/example_sensor_decorator.py for tasks to queue
[2024-07-01T09:57:20.421-0400] {logging_mixin.py:188} INFO - [2024-07-01T09:57:20.421-0400] {dagbag.py:545} INFO - Filling up the DagBag from /Users/christophercunningham/airflow_workspace/data-flow/data_flow_env/lib/python3.12/site-packages/airflow/example_dags/example_sensor_decorator.py
[2024-07-01T09:57:20.450-0400] {processor.py:840} INFO - DAG(s) 'example_sensor_decorator' retrieved from /Users/christophercunningham/airflow_workspace/data-flow/data_flow_env/lib/python3.12/site-packages/airflow/example_dags/example_sensor_decorator.py
[2024-07-01T09:57:20.535-0400] {logging_mixin.py:188} INFO - [2024-07-01T09:57:20.534-0400] {dag.py:3096} INFO - Sync 1 DAGs
[2024-07-01T09:57:20.542-0400] {logging_mixin.py:188} INFO - [2024-07-01T09:57:20.542-0400] {dag.py:3954} INFO - Setting next_dagrun for example_sensor_decorator to None, run_after=None
[2024-07-01T09:57:20.555-0400] {processor.py:183} INFO - Processing /Users/christophercunningham/airflow_workspace/data-flow/data_flow_env/lib/python3.12/site-packages/airflow/example_dags/example_sensor_decorator.py took 0.141 seconds
[2024-07-01T09:59:05.148-0400] {processor.py:161} INFO - Started process (PID=16750) to work on /Users/christophercunningham/airflow_workspace/data-flow/data_flow_env/lib/python3.12/site-packages/airflow/example_dags/example_sensor_decorator.py
[2024-07-01T09:59:05.150-0400] {processor.py:830} INFO - Processing file /Users/christophercunningham/airflow_workspace/data-flow/data_flow_env/lib/python3.12/site-packages/airflow/example_dags/example_sensor_decorator.py for tasks to queue
[2024-07-01T09:59:05.151-0400] {logging_mixin.py:188} INFO - [2024-07-01T09:59:05.150-0400] {dagbag.py:545} INFO - Filling up the DagBag from /Users/christophercunningham/airflow_workspace/data-flow/data_flow_env/lib/python3.12/site-packages/airflow/example_dags/example_sensor_decorator.py
[2024-07-01T09:59:05.177-0400] {processor.py:840} INFO - DAG(s) 'example_sensor_decorator' retrieved from /Users/christophercunningham/airflow_workspace/data-flow/data_flow_env/lib/python3.12/site-packages/airflow/example_dags/example_sensor_decorator.py
[2024-07-01T09:59:05.267-0400] {logging_mixin.py:188} INFO - [2024-07-01T09:59:05.267-0400] {dag.py:3096} INFO - Sync 1 DAGs
[2024-07-01T09:59:05.274-0400] {logging_mixin.py:188} INFO - [2024-07-01T09:59:05.274-0400] {dag.py:3954} INFO - Setting next_dagrun for example_sensor_decorator to None, run_after=None
[2024-07-01T09:59:05.287-0400] {processor.py:183} INFO - Processing /Users/christophercunningham/airflow_workspace/data-flow/data_flow_env/lib/python3.12/site-packages/airflow/example_dags/example_sensor_decorator.py took 0.144 seconds
[2024-07-01T10:00:48.128-0400] {processor.py:161} INFO - Started process (PID=17005) to work on /Users/christophercunningham/airflow_workspace/data-flow/data_flow_env/lib/python3.12/site-packages/airflow/example_dags/example_sensor_decorator.py
[2024-07-01T10:00:48.130-0400] {processor.py:830} INFO - Processing file /Users/christophercunningham/airflow_workspace/data-flow/data_flow_env/lib/python3.12/site-packages/airflow/example_dags/example_sensor_decorator.py for tasks to queue
[2024-07-01T10:00:48.131-0400] {logging_mixin.py:188} INFO - [2024-07-01T10:00:48.131-0400] {dagbag.py:545} INFO - Filling up the DagBag from /Users/christophercunningham/airflow_workspace/data-flow/data_flow_env/lib/python3.12/site-packages/airflow/example_dags/example_sensor_decorator.py
[2024-07-01T10:00:48.159-0400] {processor.py:840} INFO - DAG(s) 'example_sensor_decorator' retrieved from /Users/christophercunningham/airflow_workspace/data-flow/data_flow_env/lib/python3.12/site-packages/airflow/example_dags/example_sensor_decorator.py
[2024-07-01T10:00:48.243-0400] {logging_mixin.py:188} INFO - [2024-07-01T10:00:48.242-0400] {dag.py:3096} INFO - Sync 1 DAGs
[2024-07-01T10:00:48.250-0400] {logging_mixin.py:188} INFO - [2024-07-01T10:00:48.250-0400] {dag.py:3954} INFO - Setting next_dagrun for example_sensor_decorator to None, run_after=None
[2024-07-01T10:00:48.263-0400] {processor.py:183} INFO - Processing /Users/christophercunningham/airflow_workspace/data-flow/data_flow_env/lib/python3.12/site-packages/airflow/example_dags/example_sensor_decorator.py took 0.139 seconds
[2024-07-01T10:02:30.928-0400] {processor.py:161} INFO - Started process (PID=17214) to work on /Users/christophercunningham/airflow_workspace/data-flow/data_flow_env/lib/python3.12/site-packages/airflow/example_dags/example_sensor_decorator.py
[2024-07-01T10:02:30.929-0400] {processor.py:830} INFO - Processing file /Users/christophercunningham/airflow_workspace/data-flow/data_flow_env/lib/python3.12/site-packages/airflow/example_dags/example_sensor_decorator.py for tasks to queue
[2024-07-01T10:02:30.930-0400] {logging_mixin.py:188} INFO - [2024-07-01T10:02:30.930-0400] {dagbag.py:545} INFO - Filling up the DagBag from /Users/christophercunningham/airflow_workspace/data-flow/data_flow_env/lib/python3.12/site-packages/airflow/example_dags/example_sensor_decorator.py
[2024-07-01T10:02:30.962-0400] {processor.py:840} INFO - DAG(s) 'example_sensor_decorator' retrieved from /Users/christophercunningham/airflow_workspace/data-flow/data_flow_env/lib/python3.12/site-packages/airflow/example_dags/example_sensor_decorator.py
[2024-07-01T10:02:31.051-0400] {logging_mixin.py:188} INFO - [2024-07-01T10:02:31.051-0400] {dag.py:3096} INFO - Sync 1 DAGs
[2024-07-01T10:02:31.060-0400] {logging_mixin.py:188} INFO - [2024-07-01T10:02:31.059-0400] {dag.py:3954} INFO - Setting next_dagrun for example_sensor_decorator to None, run_after=None
[2024-07-01T10:02:31.077-0400] {processor.py:183} INFO - Processing /Users/christophercunningham/airflow_workspace/data-flow/data_flow_env/lib/python3.12/site-packages/airflow/example_dags/example_sensor_decorator.py took 0.153 seconds
[2024-07-01T10:04:17.288-0400] {processor.py:161} INFO - Started process (PID=17431) to work on /Users/christophercunningham/airflow_workspace/data-flow/data_flow_env/lib/python3.12/site-packages/airflow/example_dags/example_sensor_decorator.py
[2024-07-01T10:04:17.289-0400] {processor.py:830} INFO - Processing file /Users/christophercunningham/airflow_workspace/data-flow/data_flow_env/lib/python3.12/site-packages/airflow/example_dags/example_sensor_decorator.py for tasks to queue
[2024-07-01T10:04:17.290-0400] {logging_mixin.py:188} INFO - [2024-07-01T10:04:17.290-0400] {dagbag.py:545} INFO - Filling up the DagBag from /Users/christophercunningham/airflow_workspace/data-flow/data_flow_env/lib/python3.12/site-packages/airflow/example_dags/example_sensor_decorator.py
[2024-07-01T10:04:17.319-0400] {processor.py:840} INFO - DAG(s) 'example_sensor_decorator' retrieved from /Users/christophercunningham/airflow_workspace/data-flow/data_flow_env/lib/python3.12/site-packages/airflow/example_dags/example_sensor_decorator.py
[2024-07-01T10:04:17.407-0400] {logging_mixin.py:188} INFO - [2024-07-01T10:04:17.407-0400] {dag.py:3096} INFO - Sync 1 DAGs
[2024-07-01T10:04:17.415-0400] {logging_mixin.py:188} INFO - [2024-07-01T10:04:17.415-0400] {dag.py:3954} INFO - Setting next_dagrun for example_sensor_decorator to None, run_after=None
[2024-07-01T10:04:17.428-0400] {processor.py:183} INFO - Processing /Users/christophercunningham/airflow_workspace/data-flow/data_flow_env/lib/python3.12/site-packages/airflow/example_dags/example_sensor_decorator.py took 0.145 seconds
[2024-07-01T10:06:08.316-0400] {processor.py:161} INFO - Started process (PID=17665) to work on /Users/christophercunningham/airflow_workspace/data-flow/data_flow_env/lib/python3.12/site-packages/airflow/example_dags/example_sensor_decorator.py
[2024-07-01T10:06:08.318-0400] {processor.py:830} INFO - Processing file /Users/christophercunningham/airflow_workspace/data-flow/data_flow_env/lib/python3.12/site-packages/airflow/example_dags/example_sensor_decorator.py for tasks to queue
[2024-07-01T10:06:08.318-0400] {logging_mixin.py:188} INFO - [2024-07-01T10:06:08.318-0400] {dagbag.py:545} INFO - Filling up the DagBag from /Users/christophercunningham/airflow_workspace/data-flow/data_flow_env/lib/python3.12/site-packages/airflow/example_dags/example_sensor_decorator.py
[2024-07-01T10:06:08.349-0400] {processor.py:840} INFO - DAG(s) 'example_sensor_decorator' retrieved from /Users/christophercunningham/airflow_workspace/data-flow/data_flow_env/lib/python3.12/site-packages/airflow/example_dags/example_sensor_decorator.py
[2024-07-01T10:06:08.440-0400] {logging_mixin.py:188} INFO - [2024-07-01T10:06:08.440-0400] {dag.py:3096} INFO - Sync 1 DAGs
[2024-07-01T10:06:08.452-0400] {logging_mixin.py:188} INFO - [2024-07-01T10:06:08.451-0400] {dag.py:3954} INFO - Setting next_dagrun for example_sensor_decorator to None, run_after=None
[2024-07-01T10:06:08.466-0400] {processor.py:183} INFO - Processing /Users/christophercunningham/airflow_workspace/data-flow/data_flow_env/lib/python3.12/site-packages/airflow/example_dags/example_sensor_decorator.py took 0.154 seconds
[2024-07-01T10:07:58.508-0400] {processor.py:161} INFO - Started process (PID=17896) to work on /Users/christophercunningham/airflow_workspace/data-flow/data_flow_env/lib/python3.12/site-packages/airflow/example_dags/example_sensor_decorator.py
[2024-07-01T10:07:58.510-0400] {processor.py:830} INFO - Processing file /Users/christophercunningham/airflow_workspace/data-flow/data_flow_env/lib/python3.12/site-packages/airflow/example_dags/example_sensor_decorator.py for tasks to queue
[2024-07-01T10:07:58.510-0400] {logging_mixin.py:188} INFO - [2024-07-01T10:07:58.510-0400] {dagbag.py:545} INFO - Filling up the DagBag from /Users/christophercunningham/airflow_workspace/data-flow/data_flow_env/lib/python3.12/site-packages/airflow/example_dags/example_sensor_decorator.py
[2024-07-01T10:07:58.546-0400] {processor.py:840} INFO - DAG(s) 'example_sensor_decorator' retrieved from /Users/christophercunningham/airflow_workspace/data-flow/data_flow_env/lib/python3.12/site-packages/airflow/example_dags/example_sensor_decorator.py
[2024-07-01T10:07:58.630-0400] {logging_mixin.py:188} INFO - [2024-07-01T10:07:58.629-0400] {dag.py:3096} INFO - Sync 1 DAGs
[2024-07-01T10:07:58.636-0400] {logging_mixin.py:188} INFO - [2024-07-01T10:07:58.636-0400] {dag.py:3954} INFO - Setting next_dagrun for example_sensor_decorator to None, run_after=None
[2024-07-01T10:07:58.648-0400] {processor.py:183} INFO - Processing /Users/christophercunningham/airflow_workspace/data-flow/data_flow_env/lib/python3.12/site-packages/airflow/example_dags/example_sensor_decorator.py took 0.143 seconds
[2024-07-01T10:09:44.423-0400] {processor.py:161} INFO - Started process (PID=18112) to work on /Users/christophercunningham/airflow_workspace/data-flow/data_flow_env/lib/python3.12/site-packages/airflow/example_dags/example_sensor_decorator.py
[2024-07-01T10:09:44.424-0400] {processor.py:830} INFO - Processing file /Users/christophercunningham/airflow_workspace/data-flow/data_flow_env/lib/python3.12/site-packages/airflow/example_dags/example_sensor_decorator.py for tasks to queue
[2024-07-01T10:09:44.424-0400] {logging_mixin.py:188} INFO - [2024-07-01T10:09:44.424-0400] {dagbag.py:545} INFO - Filling up the DagBag from /Users/christophercunningham/airflow_workspace/data-flow/data_flow_env/lib/python3.12/site-packages/airflow/example_dags/example_sensor_decorator.py
[2024-07-01T10:09:44.455-0400] {processor.py:840} INFO - DAG(s) 'example_sensor_decorator' retrieved from /Users/christophercunningham/airflow_workspace/data-flow/data_flow_env/lib/python3.12/site-packages/airflow/example_dags/example_sensor_decorator.py
[2024-07-01T10:09:44.539-0400] {logging_mixin.py:188} INFO - [2024-07-01T10:09:44.539-0400] {dag.py:3096} INFO - Sync 1 DAGs
[2024-07-01T10:09:44.547-0400] {logging_mixin.py:188} INFO - [2024-07-01T10:09:44.547-0400] {dag.py:3954} INFO - Setting next_dagrun for example_sensor_decorator to None, run_after=None
[2024-07-01T10:09:44.559-0400] {processor.py:183} INFO - Processing /Users/christophercunningham/airflow_workspace/data-flow/data_flow_env/lib/python3.12/site-packages/airflow/example_dags/example_sensor_decorator.py took 0.141 seconds
[2024-07-01T10:11:27.159-0400] {processor.py:161} INFO - Started process (PID=18368) to work on /Users/christophercunningham/airflow_workspace/data-flow/data_flow_env/lib/python3.12/site-packages/airflow/example_dags/example_sensor_decorator.py
[2024-07-01T10:11:27.161-0400] {processor.py:830} INFO - Processing file /Users/christophercunningham/airflow_workspace/data-flow/data_flow_env/lib/python3.12/site-packages/airflow/example_dags/example_sensor_decorator.py for tasks to queue
[2024-07-01T10:11:27.161-0400] {logging_mixin.py:188} INFO - [2024-07-01T10:11:27.161-0400] {dagbag.py:545} INFO - Filling up the DagBag from /Users/christophercunningham/airflow_workspace/data-flow/data_flow_env/lib/python3.12/site-packages/airflow/example_dags/example_sensor_decorator.py
[2024-07-01T10:11:27.188-0400] {processor.py:840} INFO - DAG(s) 'example_sensor_decorator' retrieved from /Users/christophercunningham/airflow_workspace/data-flow/data_flow_env/lib/python3.12/site-packages/airflow/example_dags/example_sensor_decorator.py
[2024-07-01T10:11:27.270-0400] {logging_mixin.py:188} INFO - [2024-07-01T10:11:27.270-0400] {dag.py:3096} INFO - Sync 1 DAGs
[2024-07-01T10:11:27.277-0400] {logging_mixin.py:188} INFO - [2024-07-01T10:11:27.277-0400] {dag.py:3954} INFO - Setting next_dagrun for example_sensor_decorator to None, run_after=None
[2024-07-01T10:11:27.290-0400] {processor.py:183} INFO - Processing /Users/christophercunningham/airflow_workspace/data-flow/data_flow_env/lib/python3.12/site-packages/airflow/example_dags/example_sensor_decorator.py took 0.135 seconds
[2024-07-01T10:13:06.979-0400] {processor.py:161} INFO - Started process (PID=18580) to work on /Users/christophercunningham/airflow_workspace/data-flow/data_flow_env/lib/python3.12/site-packages/airflow/example_dags/example_sensor_decorator.py
[2024-07-01T10:13:06.980-0400] {processor.py:830} INFO - Processing file /Users/christophercunningham/airflow_workspace/data-flow/data_flow_env/lib/python3.12/site-packages/airflow/example_dags/example_sensor_decorator.py for tasks to queue
[2024-07-01T10:13:06.981-0400] {logging_mixin.py:188} INFO - [2024-07-01T10:13:06.980-0400] {dagbag.py:545} INFO - Filling up the DagBag from /Users/christophercunningham/airflow_workspace/data-flow/data_flow_env/lib/python3.12/site-packages/airflow/example_dags/example_sensor_decorator.py
[2024-07-01T10:13:07.009-0400] {processor.py:840} INFO - DAG(s) 'example_sensor_decorator' retrieved from /Users/christophercunningham/airflow_workspace/data-flow/data_flow_env/lib/python3.12/site-packages/airflow/example_dags/example_sensor_decorator.py
[2024-07-01T10:13:07.094-0400] {logging_mixin.py:188} INFO - [2024-07-01T10:13:07.094-0400] {dag.py:3096} INFO - Sync 1 DAGs
[2024-07-01T10:13:07.101-0400] {logging_mixin.py:188} INFO - [2024-07-01T10:13:07.101-0400] {dag.py:3954} INFO - Setting next_dagrun for example_sensor_decorator to None, run_after=None
[2024-07-01T10:13:07.114-0400] {processor.py:183} INFO - Processing /Users/christophercunningham/airflow_workspace/data-flow/data_flow_env/lib/python3.12/site-packages/airflow/example_dags/example_sensor_decorator.py took 0.140 seconds
[2024-07-01T10:14:54.345-0400] {processor.py:161} INFO - Started process (PID=18832) to work on /Users/christophercunningham/airflow_workspace/data-flow/data_flow_env/lib/python3.12/site-packages/airflow/example_dags/example_sensor_decorator.py
[2024-07-01T10:14:54.347-0400] {processor.py:830} INFO - Processing file /Users/christophercunningham/airflow_workspace/data-flow/data_flow_env/lib/python3.12/site-packages/airflow/example_dags/example_sensor_decorator.py for tasks to queue
[2024-07-01T10:14:54.348-0400] {logging_mixin.py:188} INFO - [2024-07-01T10:14:54.347-0400] {dagbag.py:545} INFO - Filling up the DagBag from /Users/christophercunningham/airflow_workspace/data-flow/data_flow_env/lib/python3.12/site-packages/airflow/example_dags/example_sensor_decorator.py
[2024-07-01T10:14:54.375-0400] {processor.py:840} INFO - DAG(s) 'example_sensor_decorator' retrieved from /Users/christophercunningham/airflow_workspace/data-flow/data_flow_env/lib/python3.12/site-packages/airflow/example_dags/example_sensor_decorator.py
[2024-07-01T10:14:54.458-0400] {logging_mixin.py:188} INFO - [2024-07-01T10:14:54.458-0400] {dag.py:3096} INFO - Sync 1 DAGs
[2024-07-01T10:14:54.465-0400] {logging_mixin.py:188} INFO - [2024-07-01T10:14:54.465-0400] {dag.py:3954} INFO - Setting next_dagrun for example_sensor_decorator to None, run_after=None
[2024-07-01T10:14:54.478-0400] {processor.py:183} INFO - Processing /Users/christophercunningham/airflow_workspace/data-flow/data_flow_env/lib/python3.12/site-packages/airflow/example_dags/example_sensor_decorator.py took 0.138 seconds
[2024-07-01T10:16:39.244-0400] {processor.py:161} INFO - Started process (PID=19072) to work on /Users/christophercunningham/airflow_workspace/data-flow/data_flow_env/lib/python3.12/site-packages/airflow/example_dags/example_sensor_decorator.py
[2024-07-01T10:16:39.245-0400] {processor.py:830} INFO - Processing file /Users/christophercunningham/airflow_workspace/data-flow/data_flow_env/lib/python3.12/site-packages/airflow/example_dags/example_sensor_decorator.py for tasks to queue
[2024-07-01T10:16:39.246-0400] {logging_mixin.py:188} INFO - [2024-07-01T10:16:39.245-0400] {dagbag.py:545} INFO - Filling up the DagBag from /Users/christophercunningham/airflow_workspace/data-flow/data_flow_env/lib/python3.12/site-packages/airflow/example_dags/example_sensor_decorator.py
[2024-07-01T10:16:39.279-0400] {processor.py:840} INFO - DAG(s) 'example_sensor_decorator' retrieved from /Users/christophercunningham/airflow_workspace/data-flow/data_flow_env/lib/python3.12/site-packages/airflow/example_dags/example_sensor_decorator.py
[2024-07-01T10:16:39.368-0400] {logging_mixin.py:188} INFO - [2024-07-01T10:16:39.368-0400] {dag.py:3096} INFO - Sync 1 DAGs
[2024-07-01T10:16:39.375-0400] {logging_mixin.py:188} INFO - [2024-07-01T10:16:39.375-0400] {dag.py:3954} INFO - Setting next_dagrun for example_sensor_decorator to None, run_after=None
[2024-07-01T10:16:39.388-0400] {processor.py:183} INFO - Processing /Users/christophercunningham/airflow_workspace/data-flow/data_flow_env/lib/python3.12/site-packages/airflow/example_dags/example_sensor_decorator.py took 0.148 seconds
[2024-07-01T10:18:31.714-0400] {processor.py:161} INFO - Started process (PID=19288) to work on /Users/christophercunningham/airflow_workspace/data-flow/data_flow_env/lib/python3.12/site-packages/airflow/example_dags/example_sensor_decorator.py
[2024-07-01T10:18:31.715-0400] {processor.py:830} INFO - Processing file /Users/christophercunningham/airflow_workspace/data-flow/data_flow_env/lib/python3.12/site-packages/airflow/example_dags/example_sensor_decorator.py for tasks to queue
[2024-07-01T10:18:31.715-0400] {logging_mixin.py:188} INFO - [2024-07-01T10:18:31.715-0400] {dagbag.py:545} INFO - Filling up the DagBag from /Users/christophercunningham/airflow_workspace/data-flow/data_flow_env/lib/python3.12/site-packages/airflow/example_dags/example_sensor_decorator.py
[2024-07-01T10:18:31.746-0400] {processor.py:840} INFO - DAG(s) 'example_sensor_decorator' retrieved from /Users/christophercunningham/airflow_workspace/data-flow/data_flow_env/lib/python3.12/site-packages/airflow/example_dags/example_sensor_decorator.py
[2024-07-01T10:18:31.835-0400] {logging_mixin.py:188} INFO - [2024-07-01T10:18:31.835-0400] {dag.py:3096} INFO - Sync 1 DAGs
[2024-07-01T10:18:31.843-0400] {logging_mixin.py:188} INFO - [2024-07-01T10:18:31.843-0400] {dag.py:3954} INFO - Setting next_dagrun for example_sensor_decorator to None, run_after=None
[2024-07-01T10:18:31.856-0400] {processor.py:183} INFO - Processing /Users/christophercunningham/airflow_workspace/data-flow/data_flow_env/lib/python3.12/site-packages/airflow/example_dags/example_sensor_decorator.py took 0.147 seconds
[2024-07-01T10:39:48.806-0400] {processor.py:161} INFO - Started process (PID=21221) to work on /Users/christophercunningham/airflow_workspace/data-flow/data_flow_env/lib/python3.12/site-packages/airflow/example_dags/example_sensor_decorator.py
[2024-07-01T10:39:48.807-0400] {processor.py:830} INFO - Processing file /Users/christophercunningham/airflow_workspace/data-flow/data_flow_env/lib/python3.12/site-packages/airflow/example_dags/example_sensor_decorator.py for tasks to queue
[2024-07-01T10:39:48.808-0400] {logging_mixin.py:188} INFO - [2024-07-01T10:39:48.807-0400] {dagbag.py:545} INFO - Filling up the DagBag from /Users/christophercunningham/airflow_workspace/data-flow/data_flow_env/lib/python3.12/site-packages/airflow/example_dags/example_sensor_decorator.py
[2024-07-01T10:39:48.839-0400] {processor.py:840} INFO - DAG(s) 'example_sensor_decorator' retrieved from /Users/christophercunningham/airflow_workspace/data-flow/data_flow_env/lib/python3.12/site-packages/airflow/example_dags/example_sensor_decorator.py
[2024-07-01T10:39:49.047-0400] {logging_mixin.py:188} INFO - [2024-07-01T10:39:49.046-0400] {dag.py:3096} INFO - Sync 1 DAGs
[2024-07-01T10:39:49.054-0400] {logging_mixin.py:188} INFO - [2024-07-01T10:39:49.054-0400] {dag.py:3954} INFO - Setting next_dagrun for example_sensor_decorator to None, run_after=None
[2024-07-01T10:39:49.068-0400] {processor.py:183} INFO - Processing /Users/christophercunningham/airflow_workspace/data-flow/data_flow_env/lib/python3.12/site-packages/airflow/example_dags/example_sensor_decorator.py took 0.266 seconds
