[2024-07-01T09:33:03.896-0400] {processor.py:161} INFO - Started process (PID=14018) to work on /Users/christophercunningham/airflow_workspace/data-flow/data_flow_env/lib/python3.12/site-packages/airflow/example_dags/example_branch_python_dop_operator_3.py
[2024-07-01T09:33:03.898-0400] {processor.py:830} INFO - Processing file /Users/christophercunningham/airflow_workspace/data-flow/data_flow_env/lib/python3.12/site-packages/airflow/example_dags/example_branch_python_dop_operator_3.py for tasks to queue
[2024-07-01T09:33:03.899-0400] {logging_mixin.py:188} INFO - [2024-07-01T09:33:03.899-0400] {dagbag.py:545} INFO - Filling up the DagBag from /Users/christophercunningham/airflow_workspace/data-flow/data_flow_env/lib/python3.12/site-packages/airflow/example_dags/example_branch_python_dop_operator_3.py
[2024-07-01T09:33:03.927-0400] {processor.py:840} INFO - DAG(s) 'example_branch_dop_operator_v3' retrieved from /Users/christophercunningham/airflow_workspace/data-flow/data_flow_env/lib/python3.12/site-packages/airflow/example_dags/example_branch_python_dop_operator_3.py
[2024-07-01T09:33:04.133-0400] {logging_mixin.py:188} INFO - [2024-07-01T09:33:04.133-0400] {dag.py:3096} INFO - Sync 1 DAGs
[2024-07-01T09:33:04.152-0400] {logging_mixin.py:188} INFO - [2024-07-01T09:33:04.152-0400] {dag.py:3954} INFO - Setting next_dagrun for example_branch_dop_operator_v3 to 2024-07-01 13:32:00+00:00, run_after=2024-07-01 13:33:00+00:00
[2024-07-01T09:33:04.168-0400] {processor.py:183} INFO - Processing /Users/christophercunningham/airflow_workspace/data-flow/data_flow_env/lib/python3.12/site-packages/airflow/example_dags/example_branch_python_dop_operator_3.py took 0.276 seconds
[2024-07-01T09:36:30.452-0400] {processor.py:161} INFO - Started process (PID=14343) to work on /Users/christophercunningham/airflow_workspace/data-flow/data_flow_env/lib/python3.12/site-packages/airflow/example_dags/example_branch_python_dop_operator_3.py
[2024-07-01T09:36:30.454-0400] {processor.py:830} INFO - Processing file /Users/christophercunningham/airflow_workspace/data-flow/data_flow_env/lib/python3.12/site-packages/airflow/example_dags/example_branch_python_dop_operator_3.py for tasks to queue
[2024-07-01T09:36:30.455-0400] {logging_mixin.py:188} INFO - [2024-07-01T09:36:30.455-0400] {dagbag.py:545} INFO - Filling up the DagBag from /Users/christophercunningham/airflow_workspace/data-flow/data_flow_env/lib/python3.12/site-packages/airflow/example_dags/example_branch_python_dop_operator_3.py
[2024-07-01T09:36:30.484-0400] {processor.py:840} INFO - DAG(s) 'example_branch_dop_operator_v3' retrieved from /Users/christophercunningham/airflow_workspace/data-flow/data_flow_env/lib/python3.12/site-packages/airflow/example_dags/example_branch_python_dop_operator_3.py
[2024-07-01T09:36:30.558-0400] {logging_mixin.py:188} INFO - [2024-07-01T09:36:30.557-0400] {dag.py:3096} INFO - Sync 1 DAGs
[2024-07-01T09:36:30.571-0400] {logging_mixin.py:188} INFO - [2024-07-01T09:36:30.571-0400] {dag.py:3954} INFO - Setting next_dagrun for example_branch_dop_operator_v3 to 2024-07-01 13:35:00+00:00, run_after=2024-07-01 13:36:00+00:00
[2024-07-01T09:36:30.585-0400] {processor.py:183} INFO - Processing /Users/christophercunningham/airflow_workspace/data-flow/data_flow_env/lib/python3.12/site-packages/airflow/example_dags/example_branch_python_dop_operator_3.py took 0.138 seconds
[2024-07-01T09:40:04.308-0400] {processor.py:161} INFO - Started process (PID=14696) to work on /Users/christophercunningham/airflow_workspace/data-flow/data_flow_env/lib/python3.12/site-packages/airflow/example_dags/example_branch_python_dop_operator_3.py
[2024-07-01T09:40:04.310-0400] {processor.py:830} INFO - Processing file /Users/christophercunningham/airflow_workspace/data-flow/data_flow_env/lib/python3.12/site-packages/airflow/example_dags/example_branch_python_dop_operator_3.py for tasks to queue
[2024-07-01T09:40:04.311-0400] {logging_mixin.py:188} INFO - [2024-07-01T09:40:04.311-0400] {dagbag.py:545} INFO - Filling up the DagBag from /Users/christophercunningham/airflow_workspace/data-flow/data_flow_env/lib/python3.12/site-packages/airflow/example_dags/example_branch_python_dop_operator_3.py
[2024-07-01T09:40:04.340-0400] {processor.py:840} INFO - DAG(s) 'example_branch_dop_operator_v3' retrieved from /Users/christophercunningham/airflow_workspace/data-flow/data_flow_env/lib/python3.12/site-packages/airflow/example_dags/example_branch_python_dop_operator_3.py
[2024-07-01T09:40:04.413-0400] {logging_mixin.py:188} INFO - [2024-07-01T09:40:04.413-0400] {dag.py:3096} INFO - Sync 1 DAGs
[2024-07-01T09:40:04.433-0400] {logging_mixin.py:188} INFO - [2024-07-01T09:40:04.433-0400] {dag.py:3954} INFO - Setting next_dagrun for example_branch_dop_operator_v3 to 2024-07-01 13:39:00+00:00, run_after=2024-07-01 13:40:00+00:00
[2024-07-01T09:40:04.446-0400] {processor.py:183} INFO - Processing /Users/christophercunningham/airflow_workspace/data-flow/data_flow_env/lib/python3.12/site-packages/airflow/example_dags/example_branch_python_dop_operator_3.py took 0.142 seconds
[2024-07-01T09:43:38.353-0400] {processor.py:161} INFO - Started process (PID=15074) to work on /Users/christophercunningham/airflow_workspace/data-flow/data_flow_env/lib/python3.12/site-packages/airflow/example_dags/example_branch_python_dop_operator_3.py
[2024-07-01T09:43:38.354-0400] {processor.py:830} INFO - Processing file /Users/christophercunningham/airflow_workspace/data-flow/data_flow_env/lib/python3.12/site-packages/airflow/example_dags/example_branch_python_dop_operator_3.py for tasks to queue
[2024-07-01T09:43:38.355-0400] {logging_mixin.py:188} INFO - [2024-07-01T09:43:38.355-0400] {dagbag.py:545} INFO - Filling up the DagBag from /Users/christophercunningham/airflow_workspace/data-flow/data_flow_env/lib/python3.12/site-packages/airflow/example_dags/example_branch_python_dop_operator_3.py
[2024-07-01T09:43:38.389-0400] {processor.py:840} INFO - DAG(s) 'example_branch_dop_operator_v3' retrieved from /Users/christophercunningham/airflow_workspace/data-flow/data_flow_env/lib/python3.12/site-packages/airflow/example_dags/example_branch_python_dop_operator_3.py
[2024-07-01T09:43:38.474-0400] {logging_mixin.py:188} INFO - [2024-07-01T09:43:38.474-0400] {dag.py:3096} INFO - Sync 1 DAGs
[2024-07-01T09:43:38.491-0400] {logging_mixin.py:188} INFO - [2024-07-01T09:43:38.491-0400] {dag.py:3954} INFO - Setting next_dagrun for example_branch_dop_operator_v3 to 2024-07-01 13:42:00+00:00, run_after=2024-07-01 13:43:00+00:00
[2024-07-01T09:43:38.507-0400] {processor.py:183} INFO - Processing /Users/christophercunningham/airflow_workspace/data-flow/data_flow_env/lib/python3.12/site-packages/airflow/example_dags/example_branch_python_dop_operator_3.py took 0.158 seconds
[2024-07-01T09:47:13.133-0400] {processor.py:161} INFO - Started process (PID=15401) to work on /Users/christophercunningham/airflow_workspace/data-flow/data_flow_env/lib/python3.12/site-packages/airflow/example_dags/example_branch_python_dop_operator_3.py
[2024-07-01T09:47:13.135-0400] {processor.py:830} INFO - Processing file /Users/christophercunningham/airflow_workspace/data-flow/data_flow_env/lib/python3.12/site-packages/airflow/example_dags/example_branch_python_dop_operator_3.py for tasks to queue
[2024-07-01T09:47:13.135-0400] {logging_mixin.py:188} INFO - [2024-07-01T09:47:13.135-0400] {dagbag.py:545} INFO - Filling up the DagBag from /Users/christophercunningham/airflow_workspace/data-flow/data_flow_env/lib/python3.12/site-packages/airflow/example_dags/example_branch_python_dop_operator_3.py
[2024-07-01T09:47:13.165-0400] {processor.py:840} INFO - DAG(s) 'example_branch_dop_operator_v3' retrieved from /Users/christophercunningham/airflow_workspace/data-flow/data_flow_env/lib/python3.12/site-packages/airflow/example_dags/example_branch_python_dop_operator_3.py
[2024-07-01T09:47:13.235-0400] {logging_mixin.py:188} INFO - [2024-07-01T09:47:13.235-0400] {dag.py:3096} INFO - Sync 1 DAGs
[2024-07-01T09:47:13.248-0400] {logging_mixin.py:188} INFO - [2024-07-01T09:47:13.248-0400] {dag.py:3954} INFO - Setting next_dagrun for example_branch_dop_operator_v3 to 2024-07-01 13:46:00+00:00, run_after=2024-07-01 13:47:00+00:00
[2024-07-01T09:47:13.262-0400] {processor.py:183} INFO - Processing /Users/christophercunningham/airflow_workspace/data-flow/data_flow_env/lib/python3.12/site-packages/airflow/example_dags/example_branch_python_dop_operator_3.py took 0.134 seconds
[2024-07-01T09:50:50.420-0400] {processor.py:161} INFO - Started process (PID=15767) to work on /Users/christophercunningham/airflow_workspace/data-flow/data_flow_env/lib/python3.12/site-packages/airflow/example_dags/example_branch_python_dop_operator_3.py
[2024-07-01T09:50:50.421-0400] {processor.py:830} INFO - Processing file /Users/christophercunningham/airflow_workspace/data-flow/data_flow_env/lib/python3.12/site-packages/airflow/example_dags/example_branch_python_dop_operator_3.py for tasks to queue
[2024-07-01T09:50:50.422-0400] {logging_mixin.py:188} INFO - [2024-07-01T09:50:50.422-0400] {dagbag.py:545} INFO - Filling up the DagBag from /Users/christophercunningham/airflow_workspace/data-flow/data_flow_env/lib/python3.12/site-packages/airflow/example_dags/example_branch_python_dop_operator_3.py
[2024-07-01T09:50:50.452-0400] {processor.py:840} INFO - DAG(s) 'example_branch_dop_operator_v3' retrieved from /Users/christophercunningham/airflow_workspace/data-flow/data_flow_env/lib/python3.12/site-packages/airflow/example_dags/example_branch_python_dop_operator_3.py
[2024-07-01T09:50:50.524-0400] {logging_mixin.py:188} INFO - [2024-07-01T09:50:50.524-0400] {dag.py:3096} INFO - Sync 1 DAGs
[2024-07-01T09:50:50.537-0400] {logging_mixin.py:188} INFO - [2024-07-01T09:50:50.537-0400] {dag.py:3954} INFO - Setting next_dagrun for example_branch_dop_operator_v3 to 2024-07-01 13:49:00+00:00, run_after=2024-07-01 13:50:00+00:00
[2024-07-01T09:50:50.551-0400] {processor.py:183} INFO - Processing /Users/christophercunningham/airflow_workspace/data-flow/data_flow_env/lib/python3.12/site-packages/airflow/example_dags/example_branch_python_dop_operator_3.py took 0.136 seconds
[2024-07-01T09:54:12.548-0400] {processor.py:161} INFO - Started process (PID=16110) to work on /Users/christophercunningham/airflow_workspace/data-flow/data_flow_env/lib/python3.12/site-packages/airflow/example_dags/example_branch_python_dop_operator_3.py
[2024-07-01T09:54:12.551-0400] {processor.py:830} INFO - Processing file /Users/christophercunningham/airflow_workspace/data-flow/data_flow_env/lib/python3.12/site-packages/airflow/example_dags/example_branch_python_dop_operator_3.py for tasks to queue
[2024-07-01T09:54:12.551-0400] {logging_mixin.py:188} INFO - [2024-07-01T09:54:12.551-0400] {dagbag.py:545} INFO - Filling up the DagBag from /Users/christophercunningham/airflow_workspace/data-flow/data_flow_env/lib/python3.12/site-packages/airflow/example_dags/example_branch_python_dop_operator_3.py
[2024-07-01T09:54:12.579-0400] {processor.py:840} INFO - DAG(s) 'example_branch_dop_operator_v3' retrieved from /Users/christophercunningham/airflow_workspace/data-flow/data_flow_env/lib/python3.12/site-packages/airflow/example_dags/example_branch_python_dop_operator_3.py
[2024-07-01T09:54:12.651-0400] {logging_mixin.py:188} INFO - [2024-07-01T09:54:12.651-0400] {dag.py:3096} INFO - Sync 1 DAGs
[2024-07-01T09:54:12.665-0400] {logging_mixin.py:188} INFO - [2024-07-01T09:54:12.665-0400] {dag.py:3954} INFO - Setting next_dagrun for example_branch_dop_operator_v3 to 2024-07-01 13:53:00+00:00, run_after=2024-07-01 13:54:00+00:00
[2024-07-01T09:54:12.679-0400] {processor.py:183} INFO - Processing /Users/christophercunningham/airflow_workspace/data-flow/data_flow_env/lib/python3.12/site-packages/airflow/example_dags/example_branch_python_dop_operator_3.py took 0.135 seconds
[2024-07-01T09:57:36.124-0400] {processor.py:161} INFO - Started process (PID=16557) to work on /Users/christophercunningham/airflow_workspace/data-flow/data_flow_env/lib/python3.12/site-packages/airflow/example_dags/example_branch_python_dop_operator_3.py
[2024-07-01T09:57:36.126-0400] {processor.py:830} INFO - Processing file /Users/christophercunningham/airflow_workspace/data-flow/data_flow_env/lib/python3.12/site-packages/airflow/example_dags/example_branch_python_dop_operator_3.py for tasks to queue
[2024-07-01T09:57:36.127-0400] {logging_mixin.py:188} INFO - [2024-07-01T09:57:36.127-0400] {dagbag.py:545} INFO - Filling up the DagBag from /Users/christophercunningham/airflow_workspace/data-flow/data_flow_env/lib/python3.12/site-packages/airflow/example_dags/example_branch_python_dop_operator_3.py
[2024-07-01T09:57:36.157-0400] {processor.py:840} INFO - DAG(s) 'example_branch_dop_operator_v3' retrieved from /Users/christophercunningham/airflow_workspace/data-flow/data_flow_env/lib/python3.12/site-packages/airflow/example_dags/example_branch_python_dop_operator_3.py
[2024-07-01T09:57:36.228-0400] {logging_mixin.py:188} INFO - [2024-07-01T09:57:36.228-0400] {dag.py:3096} INFO - Sync 1 DAGs
[2024-07-01T09:57:36.241-0400] {logging_mixin.py:188} INFO - [2024-07-01T09:57:36.241-0400] {dag.py:3954} INFO - Setting next_dagrun for example_branch_dop_operator_v3 to 2024-07-01 13:56:00+00:00, run_after=2024-07-01 13:57:00+00:00
[2024-07-01T09:57:36.255-0400] {processor.py:183} INFO - Processing /Users/christophercunningham/airflow_workspace/data-flow/data_flow_env/lib/python3.12/site-packages/airflow/example_dags/example_branch_python_dop_operator_3.py took 0.136 seconds
[2024-07-01T10:01:01.871-0400] {processor.py:161} INFO - Started process (PID=17034) to work on /Users/christophercunningham/airflow_workspace/data-flow/data_flow_env/lib/python3.12/site-packages/airflow/example_dags/example_branch_python_dop_operator_3.py
[2024-07-01T10:01:01.872-0400] {processor.py:830} INFO - Processing file /Users/christophercunningham/airflow_workspace/data-flow/data_flow_env/lib/python3.12/site-packages/airflow/example_dags/example_branch_python_dop_operator_3.py for tasks to queue
[2024-07-01T10:01:01.873-0400] {logging_mixin.py:188} INFO - [2024-07-01T10:01:01.873-0400] {dagbag.py:545} INFO - Filling up the DagBag from /Users/christophercunningham/airflow_workspace/data-flow/data_flow_env/lib/python3.12/site-packages/airflow/example_dags/example_branch_python_dop_operator_3.py
[2024-07-01T10:01:01.901-0400] {processor.py:840} INFO - DAG(s) 'example_branch_dop_operator_v3' retrieved from /Users/christophercunningham/airflow_workspace/data-flow/data_flow_env/lib/python3.12/site-packages/airflow/example_dags/example_branch_python_dop_operator_3.py
[2024-07-01T10:01:01.976-0400] {logging_mixin.py:188} INFO - [2024-07-01T10:01:01.975-0400] {dag.py:3096} INFO - Sync 1 DAGs
[2024-07-01T10:01:01.991-0400] {logging_mixin.py:188} INFO - [2024-07-01T10:01:01.991-0400] {dag.py:3954} INFO - Setting next_dagrun for example_branch_dop_operator_v3 to 2024-07-01 14:00:00+00:00, run_after=2024-07-01 14:01:00+00:00
[2024-07-01T10:01:02.005-0400] {processor.py:183} INFO - Processing /Users/christophercunningham/airflow_workspace/data-flow/data_flow_env/lib/python3.12/site-packages/airflow/example_dags/example_branch_python_dop_operator_3.py took 0.138 seconds
[2024-07-01T10:04:36.008-0400] {processor.py:161} INFO - Started process (PID=17467) to work on /Users/christophercunningham/airflow_workspace/data-flow/data_flow_env/lib/python3.12/site-packages/airflow/example_dags/example_branch_python_dop_operator_3.py
[2024-07-01T10:04:36.010-0400] {processor.py:830} INFO - Processing file /Users/christophercunningham/airflow_workspace/data-flow/data_flow_env/lib/python3.12/site-packages/airflow/example_dags/example_branch_python_dop_operator_3.py for tasks to queue
[2024-07-01T10:04:36.010-0400] {logging_mixin.py:188} INFO - [2024-07-01T10:04:36.010-0400] {dagbag.py:545} INFO - Filling up the DagBag from /Users/christophercunningham/airflow_workspace/data-flow/data_flow_env/lib/python3.12/site-packages/airflow/example_dags/example_branch_python_dop_operator_3.py
[2024-07-01T10:04:36.044-0400] {processor.py:840} INFO - DAG(s) 'example_branch_dop_operator_v3' retrieved from /Users/christophercunningham/airflow_workspace/data-flow/data_flow_env/lib/python3.12/site-packages/airflow/example_dags/example_branch_python_dop_operator_3.py
[2024-07-01T10:04:36.122-0400] {logging_mixin.py:188} INFO - [2024-07-01T10:04:36.122-0400] {dag.py:3096} INFO - Sync 1 DAGs
[2024-07-01T10:04:36.137-0400] {logging_mixin.py:188} INFO - [2024-07-01T10:04:36.137-0400] {dag.py:3954} INFO - Setting next_dagrun for example_branch_dop_operator_v3 to 2024-07-01 14:03:00+00:00, run_after=2024-07-01 14:04:00+00:00
[2024-07-01T10:04:36.153-0400] {processor.py:183} INFO - Processing /Users/christophercunningham/airflow_workspace/data-flow/data_flow_env/lib/python3.12/site-packages/airflow/example_dags/example_branch_python_dop_operator_3.py took 0.149 seconds
[2024-07-01T10:08:17.894-0400] {processor.py:161} INFO - Started process (PID=17935) to work on /Users/christophercunningham/airflow_workspace/data-flow/data_flow_env/lib/python3.12/site-packages/airflow/example_dags/example_branch_python_dop_operator_3.py
[2024-07-01T10:08:17.896-0400] {processor.py:830} INFO - Processing file /Users/christophercunningham/airflow_workspace/data-flow/data_flow_env/lib/python3.12/site-packages/airflow/example_dags/example_branch_python_dop_operator_3.py for tasks to queue
[2024-07-01T10:08:17.897-0400] {logging_mixin.py:188} INFO - [2024-07-01T10:08:17.897-0400] {dagbag.py:545} INFO - Filling up the DagBag from /Users/christophercunningham/airflow_workspace/data-flow/data_flow_env/lib/python3.12/site-packages/airflow/example_dags/example_branch_python_dop_operator_3.py
[2024-07-01T10:08:17.926-0400] {processor.py:840} INFO - DAG(s) 'example_branch_dop_operator_v3' retrieved from /Users/christophercunningham/airflow_workspace/data-flow/data_flow_env/lib/python3.12/site-packages/airflow/example_dags/example_branch_python_dop_operator_3.py
[2024-07-01T10:08:18.002-0400] {logging_mixin.py:188} INFO - [2024-07-01T10:08:18.002-0400] {dag.py:3096} INFO - Sync 1 DAGs
[2024-07-01T10:08:18.016-0400] {logging_mixin.py:188} INFO - [2024-07-01T10:08:18.016-0400] {dag.py:3954} INFO - Setting next_dagrun for example_branch_dop_operator_v3 to 2024-07-01 14:07:00+00:00, run_after=2024-07-01 14:08:00+00:00
[2024-07-01T10:08:18.034-0400] {processor.py:183} INFO - Processing /Users/christophercunningham/airflow_workspace/data-flow/data_flow_env/lib/python3.12/site-packages/airflow/example_dags/example_branch_python_dop_operator_3.py took 0.144 seconds
[2024-07-01T10:11:43.338-0400] {processor.py:161} INFO - Started process (PID=18400) to work on /Users/christophercunningham/airflow_workspace/data-flow/data_flow_env/lib/python3.12/site-packages/airflow/example_dags/example_branch_python_dop_operator_3.py
[2024-07-01T10:11:43.339-0400] {processor.py:830} INFO - Processing file /Users/christophercunningham/airflow_workspace/data-flow/data_flow_env/lib/python3.12/site-packages/airflow/example_dags/example_branch_python_dop_operator_3.py for tasks to queue
[2024-07-01T10:11:43.340-0400] {logging_mixin.py:188} INFO - [2024-07-01T10:11:43.340-0400] {dagbag.py:545} INFO - Filling up the DagBag from /Users/christophercunningham/airflow_workspace/data-flow/data_flow_env/lib/python3.12/site-packages/airflow/example_dags/example_branch_python_dop_operator_3.py
[2024-07-01T10:11:43.370-0400] {processor.py:840} INFO - DAG(s) 'example_branch_dop_operator_v3' retrieved from /Users/christophercunningham/airflow_workspace/data-flow/data_flow_env/lib/python3.12/site-packages/airflow/example_dags/example_branch_python_dop_operator_3.py
[2024-07-01T10:11:43.440-0400] {logging_mixin.py:188} INFO - [2024-07-01T10:11:43.440-0400] {dag.py:3096} INFO - Sync 1 DAGs
[2024-07-01T10:11:43.455-0400] {logging_mixin.py:188} INFO - [2024-07-01T10:11:43.454-0400] {dag.py:3954} INFO - Setting next_dagrun for example_branch_dop_operator_v3 to 2024-07-01 14:10:00+00:00, run_after=2024-07-01 14:11:00+00:00
[2024-07-01T10:11:43.468-0400] {processor.py:183} INFO - Processing /Users/christophercunningham/airflow_workspace/data-flow/data_flow_env/lib/python3.12/site-packages/airflow/example_dags/example_branch_python_dop_operator_3.py took 0.135 seconds
[2024-07-01T10:15:13.845-0400] {processor.py:161} INFO - Started process (PID=18876) to work on /Users/christophercunningham/airflow_workspace/data-flow/data_flow_env/lib/python3.12/site-packages/airflow/example_dags/example_branch_python_dop_operator_3.py
[2024-07-01T10:15:13.847-0400] {processor.py:830} INFO - Processing file /Users/christophercunningham/airflow_workspace/data-flow/data_flow_env/lib/python3.12/site-packages/airflow/example_dags/example_branch_python_dop_operator_3.py for tasks to queue
[2024-07-01T10:15:13.847-0400] {logging_mixin.py:188} INFO - [2024-07-01T10:15:13.847-0400] {dagbag.py:545} INFO - Filling up the DagBag from /Users/christophercunningham/airflow_workspace/data-flow/data_flow_env/lib/python3.12/site-packages/airflow/example_dags/example_branch_python_dop_operator_3.py
[2024-07-01T10:15:13.878-0400] {processor.py:840} INFO - DAG(s) 'example_branch_dop_operator_v3' retrieved from /Users/christophercunningham/airflow_workspace/data-flow/data_flow_env/lib/python3.12/site-packages/airflow/example_dags/example_branch_python_dop_operator_3.py
[2024-07-01T10:15:13.951-0400] {logging_mixin.py:188} INFO - [2024-07-01T10:15:13.951-0400] {dag.py:3096} INFO - Sync 1 DAGs
[2024-07-01T10:15:13.966-0400] {logging_mixin.py:188} INFO - [2024-07-01T10:15:13.966-0400] {dag.py:3954} INFO - Setting next_dagrun for example_branch_dop_operator_v3 to 2024-07-01 14:14:00+00:00, run_after=2024-07-01 14:15:00+00:00
[2024-07-01T10:15:13.980-0400] {processor.py:183} INFO - Processing /Users/christophercunningham/airflow_workspace/data-flow/data_flow_env/lib/python3.12/site-packages/airflow/example_dags/example_branch_python_dop_operator_3.py took 0.138 seconds
