[2024-07-01T09:33:01.675-0400] {processor.py:161} INFO - Started process (PID=14015) to work on /Users/christophercunningham/airflow_workspace/data-flow/data_flow_env/lib/python3.12/site-packages/airflow/example_dags/example_complex.py
[2024-07-01T09:33:01.677-0400] {processor.py:830} INFO - Processing file /Users/christophercunningham/airflow_workspace/data-flow/data_flow_env/lib/python3.12/site-packages/airflow/example_dags/example_complex.py for tasks to queue
[2024-07-01T09:33:01.678-0400] {logging_mixin.py:188} INFO - [2024-07-01T09:33:01.677-0400] {dagbag.py:545} INFO - Filling up the DagBag from /Users/christophercunningham/airflow_workspace/data-flow/data_flow_env/lib/python3.12/site-packages/airflow/example_dags/example_complex.py
[2024-07-01T09:33:01.688-0400] {processor.py:840} INFO - DAG(s) 'example_complex' retrieved from /Users/christophercunningham/airflow_workspace/data-flow/data_flow_env/lib/python3.12/site-packages/airflow/example_dags/example_complex.py
[2024-07-01T09:33:01.829-0400] {logging_mixin.py:188} INFO - [2024-07-01T09:33:01.829-0400] {dag.py:3096} INFO - Sync 1 DAGs
[2024-07-01T09:33:01.835-0400] {logging_mixin.py:188} INFO - [2024-07-01T09:33:01.835-0400] {dag.py:3954} INFO - Setting next_dagrun for example_complex to None, run_after=None
[2024-07-01T09:33:01.850-0400] {processor.py:183} INFO - Processing /Users/christophercunningham/airflow_workspace/data-flow/data_flow_env/lib/python3.12/site-packages/airflow/example_dags/example_complex.py took 0.180 seconds
[2024-07-01T09:36:27.871-0400] {processor.py:161} INFO - Started process (PID=14340) to work on /Users/christophercunningham/airflow_workspace/data-flow/data_flow_env/lib/python3.12/site-packages/airflow/example_dags/example_complex.py
[2024-07-01T09:36:27.873-0400] {processor.py:830} INFO - Processing file /Users/christophercunningham/airflow_workspace/data-flow/data_flow_env/lib/python3.12/site-packages/airflow/example_dags/example_complex.py for tasks to queue
[2024-07-01T09:36:27.874-0400] {logging_mixin.py:188} INFO - [2024-07-01T09:36:27.874-0400] {dagbag.py:545} INFO - Filling up the DagBag from /Users/christophercunningham/airflow_workspace/data-flow/data_flow_env/lib/python3.12/site-packages/airflow/example_dags/example_complex.py
[2024-07-01T09:36:27.883-0400] {processor.py:840} INFO - DAG(s) 'example_complex' retrieved from /Users/christophercunningham/airflow_workspace/data-flow/data_flow_env/lib/python3.12/site-packages/airflow/example_dags/example_complex.py
[2024-07-01T09:36:27.966-0400] {logging_mixin.py:188} INFO - [2024-07-01T09:36:27.965-0400] {dag.py:3096} INFO - Sync 1 DAGs
[2024-07-01T09:36:27.972-0400] {logging_mixin.py:188} INFO - [2024-07-01T09:36:27.972-0400] {dag.py:3954} INFO - Setting next_dagrun for example_complex to None, run_after=None
[2024-07-01T09:36:27.985-0400] {processor.py:183} INFO - Processing /Users/christophercunningham/airflow_workspace/data-flow/data_flow_env/lib/python3.12/site-packages/airflow/example_dags/example_complex.py took 0.118 seconds
[2024-07-01T09:40:01.746-0400] {processor.py:161} INFO - Started process (PID=14685) to work on /Users/christophercunningham/airflow_workspace/data-flow/data_flow_env/lib/python3.12/site-packages/airflow/example_dags/example_complex.py
[2024-07-01T09:40:01.747-0400] {processor.py:830} INFO - Processing file /Users/christophercunningham/airflow_workspace/data-flow/data_flow_env/lib/python3.12/site-packages/airflow/example_dags/example_complex.py for tasks to queue
[2024-07-01T09:40:01.747-0400] {logging_mixin.py:188} INFO - [2024-07-01T09:40:01.747-0400] {dagbag.py:545} INFO - Filling up the DagBag from /Users/christophercunningham/airflow_workspace/data-flow/data_flow_env/lib/python3.12/site-packages/airflow/example_dags/example_complex.py
[2024-07-01T09:40:01.759-0400] {processor.py:840} INFO - DAG(s) 'example_complex' retrieved from /Users/christophercunningham/airflow_workspace/data-flow/data_flow_env/lib/python3.12/site-packages/airflow/example_dags/example_complex.py
[2024-07-01T09:40:01.843-0400] {logging_mixin.py:188} INFO - [2024-07-01T09:40:01.843-0400] {dag.py:3096} INFO - Sync 1 DAGs
[2024-07-01T09:40:01.849-0400] {logging_mixin.py:188} INFO - [2024-07-01T09:40:01.849-0400] {dag.py:3954} INFO - Setting next_dagrun for example_complex to None, run_after=None
[2024-07-01T09:40:01.862-0400] {processor.py:183} INFO - Processing /Users/christophercunningham/airflow_workspace/data-flow/data_flow_env/lib/python3.12/site-packages/airflow/example_dags/example_complex.py took 0.122 seconds
[2024-07-01T09:43:35.556-0400] {processor.py:161} INFO - Started process (PID=15071) to work on /Users/christophercunningham/airflow_workspace/data-flow/data_flow_env/lib/python3.12/site-packages/airflow/example_dags/example_complex.py
[2024-07-01T09:43:35.558-0400] {processor.py:830} INFO - Processing file /Users/christophercunningham/airflow_workspace/data-flow/data_flow_env/lib/python3.12/site-packages/airflow/example_dags/example_complex.py for tasks to queue
[2024-07-01T09:43:35.558-0400] {logging_mixin.py:188} INFO - [2024-07-01T09:43:35.558-0400] {dagbag.py:545} INFO - Filling up the DagBag from /Users/christophercunningham/airflow_workspace/data-flow/data_flow_env/lib/python3.12/site-packages/airflow/example_dags/example_complex.py
[2024-07-01T09:43:35.569-0400] {processor.py:840} INFO - DAG(s) 'example_complex' retrieved from /Users/christophercunningham/airflow_workspace/data-flow/data_flow_env/lib/python3.12/site-packages/airflow/example_dags/example_complex.py
[2024-07-01T09:43:35.669-0400] {logging_mixin.py:188} INFO - [2024-07-01T09:43:35.669-0400] {dag.py:3096} INFO - Sync 1 DAGs
[2024-07-01T09:43:35.676-0400] {logging_mixin.py:188} INFO - [2024-07-01T09:43:35.676-0400] {dag.py:3954} INFO - Setting next_dagrun for example_complex to None, run_after=None
[2024-07-01T09:43:35.691-0400] {processor.py:183} INFO - Processing /Users/christophercunningham/airflow_workspace/data-flow/data_flow_env/lib/python3.12/site-packages/airflow/example_dags/example_complex.py took 0.138 seconds
[2024-07-01T09:47:10.484-0400] {processor.py:161} INFO - Started process (PID=15398) to work on /Users/christophercunningham/airflow_workspace/data-flow/data_flow_env/lib/python3.12/site-packages/airflow/example_dags/example_complex.py
[2024-07-01T09:47:10.485-0400] {processor.py:830} INFO - Processing file /Users/christophercunningham/airflow_workspace/data-flow/data_flow_env/lib/python3.12/site-packages/airflow/example_dags/example_complex.py for tasks to queue
[2024-07-01T09:47:10.486-0400] {logging_mixin.py:188} INFO - [2024-07-01T09:47:10.486-0400] {dagbag.py:545} INFO - Filling up the DagBag from /Users/christophercunningham/airflow_workspace/data-flow/data_flow_env/lib/python3.12/site-packages/airflow/example_dags/example_complex.py
[2024-07-01T09:47:10.494-0400] {processor.py:840} INFO - DAG(s) 'example_complex' retrieved from /Users/christophercunningham/airflow_workspace/data-flow/data_flow_env/lib/python3.12/site-packages/airflow/example_dags/example_complex.py
[2024-07-01T09:47:10.583-0400] {logging_mixin.py:188} INFO - [2024-07-01T09:47:10.582-0400] {dag.py:3096} INFO - Sync 1 DAGs
[2024-07-01T09:47:10.589-0400] {logging_mixin.py:188} INFO - [2024-07-01T09:47:10.589-0400] {dag.py:3954} INFO - Setting next_dagrun for example_complex to None, run_after=None
[2024-07-01T09:47:10.607-0400] {processor.py:183} INFO - Processing /Users/christophercunningham/airflow_workspace/data-flow/data_flow_env/lib/python3.12/site-packages/airflow/example_dags/example_complex.py took 0.128 seconds
[2024-07-01T09:50:47.809-0400] {processor.py:161} INFO - Started process (PID=15764) to work on /Users/christophercunningham/airflow_workspace/data-flow/data_flow_env/lib/python3.12/site-packages/airflow/example_dags/example_complex.py
[2024-07-01T09:50:47.810-0400] {processor.py:830} INFO - Processing file /Users/christophercunningham/airflow_workspace/data-flow/data_flow_env/lib/python3.12/site-packages/airflow/example_dags/example_complex.py for tasks to queue
[2024-07-01T09:50:47.811-0400] {logging_mixin.py:188} INFO - [2024-07-01T09:50:47.811-0400] {dagbag.py:545} INFO - Filling up the DagBag from /Users/christophercunningham/airflow_workspace/data-flow/data_flow_env/lib/python3.12/site-packages/airflow/example_dags/example_complex.py
[2024-07-01T09:50:47.822-0400] {processor.py:840} INFO - DAG(s) 'example_complex' retrieved from /Users/christophercunningham/airflow_workspace/data-flow/data_flow_env/lib/python3.12/site-packages/airflow/example_dags/example_complex.py
[2024-07-01T09:50:47.912-0400] {logging_mixin.py:188} INFO - [2024-07-01T09:50:47.912-0400] {dag.py:3096} INFO - Sync 1 DAGs
[2024-07-01T09:50:47.919-0400] {logging_mixin.py:188} INFO - [2024-07-01T09:50:47.919-0400] {dag.py:3954} INFO - Setting next_dagrun for example_complex to None, run_after=None
[2024-07-01T09:50:47.932-0400] {processor.py:183} INFO - Processing /Users/christophercunningham/airflow_workspace/data-flow/data_flow_env/lib/python3.12/site-packages/airflow/example_dags/example_complex.py took 0.128 seconds
[2024-07-01T09:54:09.981-0400] {processor.py:161} INFO - Started process (PID=16102) to work on /Users/christophercunningham/airflow_workspace/data-flow/data_flow_env/lib/python3.12/site-packages/airflow/example_dags/example_complex.py
[2024-07-01T09:54:09.983-0400] {processor.py:830} INFO - Processing file /Users/christophercunningham/airflow_workspace/data-flow/data_flow_env/lib/python3.12/site-packages/airflow/example_dags/example_complex.py for tasks to queue
[2024-07-01T09:54:09.984-0400] {logging_mixin.py:188} INFO - [2024-07-01T09:54:09.984-0400] {dagbag.py:545} INFO - Filling up the DagBag from /Users/christophercunningham/airflow_workspace/data-flow/data_flow_env/lib/python3.12/site-packages/airflow/example_dags/example_complex.py
[2024-07-01T09:54:09.995-0400] {processor.py:840} INFO - DAG(s) 'example_complex' retrieved from /Users/christophercunningham/airflow_workspace/data-flow/data_flow_env/lib/python3.12/site-packages/airflow/example_dags/example_complex.py
[2024-07-01T09:54:10.080-0400] {logging_mixin.py:188} INFO - [2024-07-01T09:54:10.079-0400] {dag.py:3096} INFO - Sync 1 DAGs
[2024-07-01T09:54:10.086-0400] {logging_mixin.py:188} INFO - [2024-07-01T09:54:10.086-0400] {dag.py:3954} INFO - Setting next_dagrun for example_complex to None, run_after=None
[2024-07-01T09:54:10.102-0400] {processor.py:183} INFO - Processing /Users/christophercunningham/airflow_workspace/data-flow/data_flow_env/lib/python3.12/site-packages/airflow/example_dags/example_complex.py took 0.126 seconds
[2024-07-01T09:57:33.575-0400] {processor.py:161} INFO - Started process (PID=16548) to work on /Users/christophercunningham/airflow_workspace/data-flow/data_flow_env/lib/python3.12/site-packages/airflow/example_dags/example_complex.py
[2024-07-01T09:57:33.577-0400] {processor.py:830} INFO - Processing file /Users/christophercunningham/airflow_workspace/data-flow/data_flow_env/lib/python3.12/site-packages/airflow/example_dags/example_complex.py for tasks to queue
[2024-07-01T09:57:33.577-0400] {logging_mixin.py:188} INFO - [2024-07-01T09:57:33.577-0400] {dagbag.py:545} INFO - Filling up the DagBag from /Users/christophercunningham/airflow_workspace/data-flow/data_flow_env/lib/python3.12/site-packages/airflow/example_dags/example_complex.py
[2024-07-01T09:57:33.587-0400] {processor.py:840} INFO - DAG(s) 'example_complex' retrieved from /Users/christophercunningham/airflow_workspace/data-flow/data_flow_env/lib/python3.12/site-packages/airflow/example_dags/example_complex.py
[2024-07-01T09:57:33.672-0400] {logging_mixin.py:188} INFO - [2024-07-01T09:57:33.671-0400] {dag.py:3096} INFO - Sync 1 DAGs
[2024-07-01T09:57:33.678-0400] {logging_mixin.py:188} INFO - [2024-07-01T09:57:33.678-0400] {dag.py:3954} INFO - Setting next_dagrun for example_complex to None, run_after=None
[2024-07-01T09:57:33.692-0400] {processor.py:183} INFO - Processing /Users/christophercunningham/airflow_workspace/data-flow/data_flow_env/lib/python3.12/site-packages/airflow/example_dags/example_complex.py took 0.122 seconds
[2024-07-01T10:00:59.216-0400] {processor.py:161} INFO - Started process (PID=17028) to work on /Users/christophercunningham/airflow_workspace/data-flow/data_flow_env/lib/python3.12/site-packages/airflow/example_dags/example_complex.py
[2024-07-01T10:00:59.217-0400] {processor.py:830} INFO - Processing file /Users/christophercunningham/airflow_workspace/data-flow/data_flow_env/lib/python3.12/site-packages/airflow/example_dags/example_complex.py for tasks to queue
[2024-07-01T10:00:59.218-0400] {logging_mixin.py:188} INFO - [2024-07-01T10:00:59.218-0400] {dagbag.py:545} INFO - Filling up the DagBag from /Users/christophercunningham/airflow_workspace/data-flow/data_flow_env/lib/python3.12/site-packages/airflow/example_dags/example_complex.py
[2024-07-01T10:00:59.229-0400] {processor.py:840} INFO - DAG(s) 'example_complex' retrieved from /Users/christophercunningham/airflow_workspace/data-flow/data_flow_env/lib/python3.12/site-packages/airflow/example_dags/example_complex.py
[2024-07-01T10:00:59.319-0400] {logging_mixin.py:188} INFO - [2024-07-01T10:00:59.319-0400] {dag.py:3096} INFO - Sync 1 DAGs
[2024-07-01T10:00:59.326-0400] {logging_mixin.py:188} INFO - [2024-07-01T10:00:59.326-0400] {dag.py:3954} INFO - Setting next_dagrun for example_complex to None, run_after=None
[2024-07-01T10:00:59.341-0400] {processor.py:183} INFO - Processing /Users/christophercunningham/airflow_workspace/data-flow/data_flow_env/lib/python3.12/site-packages/airflow/example_dags/example_complex.py took 0.129 seconds
[2024-07-01T10:04:33.812-0400] {processor.py:161} INFO - Started process (PID=17464) to work on /Users/christophercunningham/airflow_workspace/data-flow/data_flow_env/lib/python3.12/site-packages/airflow/example_dags/example_complex.py
[2024-07-01T10:04:33.814-0400] {processor.py:830} INFO - Processing file /Users/christophercunningham/airflow_workspace/data-flow/data_flow_env/lib/python3.12/site-packages/airflow/example_dags/example_complex.py for tasks to queue
[2024-07-01T10:04:33.814-0400] {logging_mixin.py:188} INFO - [2024-07-01T10:04:33.814-0400] {dagbag.py:545} INFO - Filling up the DagBag from /Users/christophercunningham/airflow_workspace/data-flow/data_flow_env/lib/python3.12/site-packages/airflow/example_dags/example_complex.py
[2024-07-01T10:04:33.824-0400] {processor.py:840} INFO - DAG(s) 'example_complex' retrieved from /Users/christophercunningham/airflow_workspace/data-flow/data_flow_env/lib/python3.12/site-packages/airflow/example_dags/example_complex.py
[2024-07-01T10:04:33.910-0400] {logging_mixin.py:188} INFO - [2024-07-01T10:04:33.910-0400] {dag.py:3096} INFO - Sync 1 DAGs
[2024-07-01T10:04:33.917-0400] {logging_mixin.py:188} INFO - [2024-07-01T10:04:33.917-0400] {dag.py:3954} INFO - Setting next_dagrun for example_complex to None, run_after=None
[2024-07-01T10:04:33.930-0400] {processor.py:183} INFO - Processing /Users/christophercunningham/airflow_workspace/data-flow/data_flow_env/lib/python3.12/site-packages/airflow/example_dags/example_complex.py took 0.122 seconds
[2024-07-01T10:08:15.228-0400] {processor.py:161} INFO - Started process (PID=17932) to work on /Users/christophercunningham/airflow_workspace/data-flow/data_flow_env/lib/python3.12/site-packages/airflow/example_dags/example_complex.py
[2024-07-01T10:08:15.230-0400] {processor.py:830} INFO - Processing file /Users/christophercunningham/airflow_workspace/data-flow/data_flow_env/lib/python3.12/site-packages/airflow/example_dags/example_complex.py for tasks to queue
[2024-07-01T10:08:15.231-0400] {logging_mixin.py:188} INFO - [2024-07-01T10:08:15.231-0400] {dagbag.py:545} INFO - Filling up the DagBag from /Users/christophercunningham/airflow_workspace/data-flow/data_flow_env/lib/python3.12/site-packages/airflow/example_dags/example_complex.py
[2024-07-01T10:08:15.241-0400] {processor.py:840} INFO - DAG(s) 'example_complex' retrieved from /Users/christophercunningham/airflow_workspace/data-flow/data_flow_env/lib/python3.12/site-packages/airflow/example_dags/example_complex.py
[2024-07-01T10:08:15.340-0400] {logging_mixin.py:188} INFO - [2024-07-01T10:08:15.340-0400] {dag.py:3096} INFO - Sync 1 DAGs
[2024-07-01T10:08:15.348-0400] {logging_mixin.py:188} INFO - [2024-07-01T10:08:15.348-0400] {dag.py:3954} INFO - Setting next_dagrun for example_complex to None, run_after=None
[2024-07-01T10:08:15.363-0400] {processor.py:183} INFO - Processing /Users/christophercunningham/airflow_workspace/data-flow/data_flow_env/lib/python3.12/site-packages/airflow/example_dags/example_complex.py took 0.140 seconds
[2024-07-01T10:11:40.784-0400] {processor.py:161} INFO - Started process (PID=18397) to work on /Users/christophercunningham/airflow_workspace/data-flow/data_flow_env/lib/python3.12/site-packages/airflow/example_dags/example_complex.py
[2024-07-01T10:11:40.785-0400] {processor.py:830} INFO - Processing file /Users/christophercunningham/airflow_workspace/data-flow/data_flow_env/lib/python3.12/site-packages/airflow/example_dags/example_complex.py for tasks to queue
[2024-07-01T10:11:40.786-0400] {logging_mixin.py:188} INFO - [2024-07-01T10:11:40.786-0400] {dagbag.py:545} INFO - Filling up the DagBag from /Users/christophercunningham/airflow_workspace/data-flow/data_flow_env/lib/python3.12/site-packages/airflow/example_dags/example_complex.py
[2024-07-01T10:11:40.795-0400] {processor.py:840} INFO - DAG(s) 'example_complex' retrieved from /Users/christophercunningham/airflow_workspace/data-flow/data_flow_env/lib/python3.12/site-packages/airflow/example_dags/example_complex.py
[2024-07-01T10:11:40.882-0400] {logging_mixin.py:188} INFO - [2024-07-01T10:11:40.882-0400] {dag.py:3096} INFO - Sync 1 DAGs
[2024-07-01T10:11:40.889-0400] {logging_mixin.py:188} INFO - [2024-07-01T10:11:40.889-0400] {dag.py:3954} INFO - Setting next_dagrun for example_complex to None, run_after=None
[2024-07-01T10:11:40.901-0400] {processor.py:183} INFO - Processing /Users/christophercunningham/airflow_workspace/data-flow/data_flow_env/lib/python3.12/site-packages/airflow/example_dags/example_complex.py took 0.122 seconds
[2024-07-01T10:15:11.262-0400] {processor.py:161} INFO - Started process (PID=18870) to work on /Users/christophercunningham/airflow_workspace/data-flow/data_flow_env/lib/python3.12/site-packages/airflow/example_dags/example_complex.py
[2024-07-01T10:15:11.265-0400] {processor.py:830} INFO - Processing file /Users/christophercunningham/airflow_workspace/data-flow/data_flow_env/lib/python3.12/site-packages/airflow/example_dags/example_complex.py for tasks to queue
[2024-07-01T10:15:11.265-0400] {logging_mixin.py:188} INFO - [2024-07-01T10:15:11.265-0400] {dagbag.py:545} INFO - Filling up the DagBag from /Users/christophercunningham/airflow_workspace/data-flow/data_flow_env/lib/python3.12/site-packages/airflow/example_dags/example_complex.py
[2024-07-01T10:15:11.278-0400] {processor.py:840} INFO - DAG(s) 'example_complex' retrieved from /Users/christophercunningham/airflow_workspace/data-flow/data_flow_env/lib/python3.12/site-packages/airflow/example_dags/example_complex.py
[2024-07-01T10:15:11.384-0400] {logging_mixin.py:188} INFO - [2024-07-01T10:15:11.383-0400] {dag.py:3096} INFO - Sync 1 DAGs
[2024-07-01T10:15:11.392-0400] {logging_mixin.py:188} INFO - [2024-07-01T10:15:11.392-0400] {dag.py:3954} INFO - Setting next_dagrun for example_complex to None, run_after=None
[2024-07-01T10:15:11.408-0400] {processor.py:183} INFO - Processing /Users/christophercunningham/airflow_workspace/data-flow/data_flow_env/lib/python3.12/site-packages/airflow/example_dags/example_complex.py took 0.150 seconds
