[2024-07-01T09:32:09.593-0400] {processor.py:161} INFO - Started process (PID=13909) to work on /Users/christophercunningham/airflow_workspace/data-flow/data_flow_env/lib/python3.12/site-packages/airflow/example_dags/example_setup_teardown.py
[2024-07-01T09:32:09.593-0400] {processor.py:830} INFO - Processing file /Users/christophercunningham/airflow_workspace/data-flow/data_flow_env/lib/python3.12/site-packages/airflow/example_dags/example_setup_teardown.py for tasks to queue
[2024-07-01T09:32:09.594-0400] {logging_mixin.py:188} INFO - [2024-07-01T09:32:09.594-0400] {dagbag.py:545} INFO - Filling up the DagBag from /Users/christophercunningham/airflow_workspace/data-flow/data_flow_env/lib/python3.12/site-packages/airflow/example_dags/example_setup_teardown.py
[2024-07-01T09:32:09.602-0400] {processor.py:840} INFO - DAG(s) 'example_setup_teardown' retrieved from /Users/christophercunningham/airflow_workspace/data-flow/data_flow_env/lib/python3.12/site-packages/airflow/example_dags/example_setup_teardown.py
[2024-07-01T09:32:09.752-0400] {logging_mixin.py:188} INFO - [2024-07-01T09:32:09.752-0400] {dag.py:3096} INFO - Sync 1 DAGs
[2024-07-01T09:32:09.763-0400] {logging_mixin.py:188} INFO - [2024-07-01T09:32:09.763-0400] {dag.py:3954} INFO - Setting next_dagrun for example_setup_teardown to 2024-06-30 00:00:00+00:00, run_after=2024-07-01 00:00:00+00:00
[2024-07-01T09:32:09.822-0400] {processor.py:183} INFO - Processing /Users/christophercunningham/airflow_workspace/data-flow/data_flow_env/lib/python3.12/site-packages/airflow/example_dags/example_setup_teardown.py took 0.233 seconds
[2024-07-01T09:34:24.172-0400] {processor.py:161} INFO - Started process (PID=14161) to work on /Users/christophercunningham/airflow_workspace/data-flow/data_flow_env/lib/python3.12/site-packages/airflow/example_dags/example_setup_teardown.py
[2024-07-01T09:34:24.174-0400] {processor.py:830} INFO - Processing file /Users/christophercunningham/airflow_workspace/data-flow/data_flow_env/lib/python3.12/site-packages/airflow/example_dags/example_setup_teardown.py for tasks to queue
[2024-07-01T09:34:24.174-0400] {logging_mixin.py:188} INFO - [2024-07-01T09:34:24.174-0400] {dagbag.py:545} INFO - Filling up the DagBag from /Users/christophercunningham/airflow_workspace/data-flow/data_flow_env/lib/python3.12/site-packages/airflow/example_dags/example_setup_teardown.py
[2024-07-01T09:34:24.182-0400] {processor.py:840} INFO - DAG(s) 'example_setup_teardown' retrieved from /Users/christophercunningham/airflow_workspace/data-flow/data_flow_env/lib/python3.12/site-packages/airflow/example_dags/example_setup_teardown.py
[2024-07-01T09:34:24.264-0400] {logging_mixin.py:188} INFO - [2024-07-01T09:34:24.264-0400] {dag.py:3096} INFO - Sync 1 DAGs
[2024-07-01T09:34:24.276-0400] {logging_mixin.py:188} INFO - [2024-07-01T09:34:24.276-0400] {dag.py:3954} INFO - Setting next_dagrun for example_setup_teardown to 2024-06-30 00:00:00+00:00, run_after=2024-07-01 00:00:00+00:00
[2024-07-01T09:34:24.289-0400] {processor.py:183} INFO - Processing /Users/christophercunningham/airflow_workspace/data-flow/data_flow_env/lib/python3.12/site-packages/airflow/example_dags/example_setup_teardown.py took 0.121 seconds
[2024-07-01T09:36:09.083-0400] {processor.py:161} INFO - Started process (PID=14312) to work on /Users/christophercunningham/airflow_workspace/data-flow/data_flow_env/lib/python3.12/site-packages/airflow/example_dags/example_setup_teardown.py
[2024-07-01T09:36:09.085-0400] {processor.py:830} INFO - Processing file /Users/christophercunningham/airflow_workspace/data-flow/data_flow_env/lib/python3.12/site-packages/airflow/example_dags/example_setup_teardown.py for tasks to queue
[2024-07-01T09:36:09.085-0400] {logging_mixin.py:188} INFO - [2024-07-01T09:36:09.085-0400] {dagbag.py:545} INFO - Filling up the DagBag from /Users/christophercunningham/airflow_workspace/data-flow/data_flow_env/lib/python3.12/site-packages/airflow/example_dags/example_setup_teardown.py
[2024-07-01T09:36:09.092-0400] {processor.py:840} INFO - DAG(s) 'example_setup_teardown' retrieved from /Users/christophercunningham/airflow_workspace/data-flow/data_flow_env/lib/python3.12/site-packages/airflow/example_dags/example_setup_teardown.py
[2024-07-01T09:36:09.170-0400] {logging_mixin.py:188} INFO - [2024-07-01T09:36:09.170-0400] {dag.py:3096} INFO - Sync 1 DAGs
[2024-07-01T09:36:09.184-0400] {logging_mixin.py:188} INFO - [2024-07-01T09:36:09.184-0400] {dag.py:3954} INFO - Setting next_dagrun for example_setup_teardown to 2024-06-30 00:00:00+00:00, run_after=2024-07-01 00:00:00+00:00
[2024-07-01T09:36:09.200-0400] {processor.py:183} INFO - Processing /Users/christophercunningham/airflow_workspace/data-flow/data_flow_env/lib/python3.12/site-packages/airflow/example_dags/example_setup_teardown.py took 0.122 seconds
[2024-07-01T09:37:54.207-0400] {processor.py:161} INFO - Started process (PID=14481) to work on /Users/christophercunningham/airflow_workspace/data-flow/data_flow_env/lib/python3.12/site-packages/airflow/example_dags/example_setup_teardown.py
[2024-07-01T09:37:54.209-0400] {processor.py:830} INFO - Processing file /Users/christophercunningham/airflow_workspace/data-flow/data_flow_env/lib/python3.12/site-packages/airflow/example_dags/example_setup_teardown.py for tasks to queue
[2024-07-01T09:37:54.209-0400] {logging_mixin.py:188} INFO - [2024-07-01T09:37:54.209-0400] {dagbag.py:545} INFO - Filling up the DagBag from /Users/christophercunningham/airflow_workspace/data-flow/data_flow_env/lib/python3.12/site-packages/airflow/example_dags/example_setup_teardown.py
[2024-07-01T09:37:54.216-0400] {processor.py:840} INFO - DAG(s) 'example_setup_teardown' retrieved from /Users/christophercunningham/airflow_workspace/data-flow/data_flow_env/lib/python3.12/site-packages/airflow/example_dags/example_setup_teardown.py
[2024-07-01T09:37:54.292-0400] {logging_mixin.py:188} INFO - [2024-07-01T09:37:54.292-0400] {dag.py:3096} INFO - Sync 1 DAGs
[2024-07-01T09:37:54.303-0400] {logging_mixin.py:188} INFO - [2024-07-01T09:37:54.303-0400] {dag.py:3954} INFO - Setting next_dagrun for example_setup_teardown to 2024-06-30 00:00:00+00:00, run_after=2024-07-01 00:00:00+00:00
[2024-07-01T09:37:54.316-0400] {processor.py:183} INFO - Processing /Users/christophercunningham/airflow_workspace/data-flow/data_flow_env/lib/python3.12/site-packages/airflow/example_dags/example_setup_teardown.py took 0.113 seconds
[2024-07-01T09:39:42.681-0400] {processor.py:161} INFO - Started process (PID=14653) to work on /Users/christophercunningham/airflow_workspace/data-flow/data_flow_env/lib/python3.12/site-packages/airflow/example_dags/example_setup_teardown.py
[2024-07-01T09:39:42.683-0400] {processor.py:830} INFO - Processing file /Users/christophercunningham/airflow_workspace/data-flow/data_flow_env/lib/python3.12/site-packages/airflow/example_dags/example_setup_teardown.py for tasks to queue
[2024-07-01T09:39:42.683-0400] {logging_mixin.py:188} INFO - [2024-07-01T09:39:42.683-0400] {dagbag.py:545} INFO - Filling up the DagBag from /Users/christophercunningham/airflow_workspace/data-flow/data_flow_env/lib/python3.12/site-packages/airflow/example_dags/example_setup_teardown.py
[2024-07-01T09:39:42.690-0400] {processor.py:840} INFO - DAG(s) 'example_setup_teardown' retrieved from /Users/christophercunningham/airflow_workspace/data-flow/data_flow_env/lib/python3.12/site-packages/airflow/example_dags/example_setup_teardown.py
[2024-07-01T09:39:42.772-0400] {logging_mixin.py:188} INFO - [2024-07-01T09:39:42.772-0400] {dag.py:3096} INFO - Sync 1 DAGs
[2024-07-01T09:39:42.783-0400] {logging_mixin.py:188} INFO - [2024-07-01T09:39:42.783-0400] {dag.py:3954} INFO - Setting next_dagrun for example_setup_teardown to 2024-06-30 00:00:00+00:00, run_after=2024-07-01 00:00:00+00:00
[2024-07-01T09:39:42.796-0400] {processor.py:183} INFO - Processing /Users/christophercunningham/airflow_workspace/data-flow/data_flow_env/lib/python3.12/site-packages/airflow/example_dags/example_setup_teardown.py took 0.120 seconds
[2024-07-01T09:41:26.846-0400] {processor.py:161} INFO - Started process (PID=14866) to work on /Users/christophercunningham/airflow_workspace/data-flow/data_flow_env/lib/python3.12/site-packages/airflow/example_dags/example_setup_teardown.py
[2024-07-01T09:41:26.848-0400] {processor.py:830} INFO - Processing file /Users/christophercunningham/airflow_workspace/data-flow/data_flow_env/lib/python3.12/site-packages/airflow/example_dags/example_setup_teardown.py for tasks to queue
[2024-07-01T09:41:26.848-0400] {logging_mixin.py:188} INFO - [2024-07-01T09:41:26.848-0400] {dagbag.py:545} INFO - Filling up the DagBag from /Users/christophercunningham/airflow_workspace/data-flow/data_flow_env/lib/python3.12/site-packages/airflow/example_dags/example_setup_teardown.py
[2024-07-01T09:41:26.854-0400] {processor.py:840} INFO - DAG(s) 'example_setup_teardown' retrieved from /Users/christophercunningham/airflow_workspace/data-flow/data_flow_env/lib/python3.12/site-packages/airflow/example_dags/example_setup_teardown.py
[2024-07-01T09:41:26.929-0400] {logging_mixin.py:188} INFO - [2024-07-01T09:41:26.929-0400] {dag.py:3096} INFO - Sync 1 DAGs
[2024-07-01T09:41:26.940-0400] {logging_mixin.py:188} INFO - [2024-07-01T09:41:26.940-0400] {dag.py:3954} INFO - Setting next_dagrun for example_setup_teardown to 2024-06-30 00:00:00+00:00, run_after=2024-07-01 00:00:00+00:00
[2024-07-01T09:41:26.952-0400] {processor.py:183} INFO - Processing /Users/christophercunningham/airflow_workspace/data-flow/data_flow_env/lib/python3.12/site-packages/airflow/example_dags/example_setup_teardown.py took 0.112 seconds
[2024-07-01T09:43:13.610-0400] {processor.py:161} INFO - Started process (PID=15030) to work on /Users/christophercunningham/airflow_workspace/data-flow/data_flow_env/lib/python3.12/site-packages/airflow/example_dags/example_setup_teardown.py
[2024-07-01T09:43:13.612-0400] {processor.py:830} INFO - Processing file /Users/christophercunningham/airflow_workspace/data-flow/data_flow_env/lib/python3.12/site-packages/airflow/example_dags/example_setup_teardown.py for tasks to queue
[2024-07-01T09:43:13.613-0400] {logging_mixin.py:188} INFO - [2024-07-01T09:43:13.613-0400] {dagbag.py:545} INFO - Filling up the DagBag from /Users/christophercunningham/airflow_workspace/data-flow/data_flow_env/lib/python3.12/site-packages/airflow/example_dags/example_setup_teardown.py
[2024-07-01T09:43:13.619-0400] {processor.py:840} INFO - DAG(s) 'example_setup_teardown' retrieved from /Users/christophercunningham/airflow_workspace/data-flow/data_flow_env/lib/python3.12/site-packages/airflow/example_dags/example_setup_teardown.py
[2024-07-01T09:43:13.707-0400] {logging_mixin.py:188} INFO - [2024-07-01T09:43:13.707-0400] {dag.py:3096} INFO - Sync 1 DAGs
[2024-07-01T09:43:13.719-0400] {logging_mixin.py:188} INFO - [2024-07-01T09:43:13.718-0400] {dag.py:3954} INFO - Setting next_dagrun for example_setup_teardown to 2024-06-30 00:00:00+00:00, run_after=2024-07-01 00:00:00+00:00
[2024-07-01T09:43:13.731-0400] {processor.py:183} INFO - Processing /Users/christophercunningham/airflow_workspace/data-flow/data_flow_env/lib/python3.12/site-packages/airflow/example_dags/example_setup_teardown.py took 0.126 seconds
[2024-07-01T09:45:03.824-0400] {processor.py:161} INFO - Started process (PID=15203) to work on /Users/christophercunningham/airflow_workspace/data-flow/data_flow_env/lib/python3.12/site-packages/airflow/example_dags/example_setup_teardown.py
[2024-07-01T09:45:03.825-0400] {processor.py:830} INFO - Processing file /Users/christophercunningham/airflow_workspace/data-flow/data_flow_env/lib/python3.12/site-packages/airflow/example_dags/example_setup_teardown.py for tasks to queue
[2024-07-01T09:45:03.826-0400] {logging_mixin.py:188} INFO - [2024-07-01T09:45:03.826-0400] {dagbag.py:545} INFO - Filling up the DagBag from /Users/christophercunningham/airflow_workspace/data-flow/data_flow_env/lib/python3.12/site-packages/airflow/example_dags/example_setup_teardown.py
[2024-07-01T09:45:03.832-0400] {processor.py:840} INFO - DAG(s) 'example_setup_teardown' retrieved from /Users/christophercunningham/airflow_workspace/data-flow/data_flow_env/lib/python3.12/site-packages/airflow/example_dags/example_setup_teardown.py
[2024-07-01T09:45:03.908-0400] {logging_mixin.py:188} INFO - [2024-07-01T09:45:03.907-0400] {dag.py:3096} INFO - Sync 1 DAGs
[2024-07-01T09:45:03.919-0400] {logging_mixin.py:188} INFO - [2024-07-01T09:45:03.919-0400] {dag.py:3954} INFO - Setting next_dagrun for example_setup_teardown to 2024-06-30 00:00:00+00:00, run_after=2024-07-01 00:00:00+00:00
[2024-07-01T09:45:03.935-0400] {processor.py:183} INFO - Processing /Users/christophercunningham/airflow_workspace/data-flow/data_flow_env/lib/python3.12/site-packages/airflow/example_dags/example_setup_teardown.py took 0.116 seconds
[2024-07-01T09:46:51.393-0400] {processor.py:161} INFO - Started process (PID=15369) to work on /Users/christophercunningham/airflow_workspace/data-flow/data_flow_env/lib/python3.12/site-packages/airflow/example_dags/example_setup_teardown.py
[2024-07-01T09:46:51.394-0400] {processor.py:830} INFO - Processing file /Users/christophercunningham/airflow_workspace/data-flow/data_flow_env/lib/python3.12/site-packages/airflow/example_dags/example_setup_teardown.py for tasks to queue
[2024-07-01T09:46:51.395-0400] {logging_mixin.py:188} INFO - [2024-07-01T09:46:51.395-0400] {dagbag.py:545} INFO - Filling up the DagBag from /Users/christophercunningham/airflow_workspace/data-flow/data_flow_env/lib/python3.12/site-packages/airflow/example_dags/example_setup_teardown.py
[2024-07-01T09:46:51.401-0400] {processor.py:840} INFO - DAG(s) 'example_setup_teardown' retrieved from /Users/christophercunningham/airflow_workspace/data-flow/data_flow_env/lib/python3.12/site-packages/airflow/example_dags/example_setup_teardown.py
[2024-07-01T09:46:51.480-0400] {logging_mixin.py:188} INFO - [2024-07-01T09:46:51.480-0400] {dag.py:3096} INFO - Sync 1 DAGs
[2024-07-01T09:46:51.492-0400] {logging_mixin.py:188} INFO - [2024-07-01T09:46:51.492-0400] {dag.py:3954} INFO - Setting next_dagrun for example_setup_teardown to 2024-06-30 00:00:00+00:00, run_after=2024-07-01 00:00:00+00:00
[2024-07-01T09:46:51.505-0400] {processor.py:183} INFO - Processing /Users/christophercunningham/airflow_workspace/data-flow/data_flow_env/lib/python3.12/site-packages/airflow/example_dags/example_setup_teardown.py took 0.117 seconds
[2024-07-01T09:48:37.861-0400] {processor.py:161} INFO - Started process (PID=15525) to work on /Users/christophercunningham/airflow_workspace/data-flow/data_flow_env/lib/python3.12/site-packages/airflow/example_dags/example_setup_teardown.py
[2024-07-01T09:48:37.863-0400] {processor.py:830} INFO - Processing file /Users/christophercunningham/airflow_workspace/data-flow/data_flow_env/lib/python3.12/site-packages/airflow/example_dags/example_setup_teardown.py for tasks to queue
[2024-07-01T09:48:37.863-0400] {logging_mixin.py:188} INFO - [2024-07-01T09:48:37.863-0400] {dagbag.py:545} INFO - Filling up the DagBag from /Users/christophercunningham/airflow_workspace/data-flow/data_flow_env/lib/python3.12/site-packages/airflow/example_dags/example_setup_teardown.py
[2024-07-01T09:48:37.870-0400] {processor.py:840} INFO - DAG(s) 'example_setup_teardown' retrieved from /Users/christophercunningham/airflow_workspace/data-flow/data_flow_env/lib/python3.12/site-packages/airflow/example_dags/example_setup_teardown.py
[2024-07-01T09:48:37.942-0400] {logging_mixin.py:188} INFO - [2024-07-01T09:48:37.942-0400] {dag.py:3096} INFO - Sync 1 DAGs
[2024-07-01T09:48:37.953-0400] {logging_mixin.py:188} INFO - [2024-07-01T09:48:37.953-0400] {dag.py:3954} INFO - Setting next_dagrun for example_setup_teardown to 2024-06-30 00:00:00+00:00, run_after=2024-07-01 00:00:00+00:00
[2024-07-01T09:48:37.966-0400] {processor.py:183} INFO - Processing /Users/christophercunningham/airflow_workspace/data-flow/data_flow_env/lib/python3.12/site-packages/airflow/example_dags/example_setup_teardown.py took 0.110 seconds
[2024-07-01T09:50:26.053-0400] {processor.py:161} INFO - Started process (PID=15727) to work on /Users/christophercunningham/airflow_workspace/data-flow/data_flow_env/lib/python3.12/site-packages/airflow/example_dags/example_setup_teardown.py
[2024-07-01T09:50:26.054-0400] {processor.py:830} INFO - Processing file /Users/christophercunningham/airflow_workspace/data-flow/data_flow_env/lib/python3.12/site-packages/airflow/example_dags/example_setup_teardown.py for tasks to queue
[2024-07-01T09:50:26.055-0400] {logging_mixin.py:188} INFO - [2024-07-01T09:50:26.055-0400] {dagbag.py:545} INFO - Filling up the DagBag from /Users/christophercunningham/airflow_workspace/data-flow/data_flow_env/lib/python3.12/site-packages/airflow/example_dags/example_setup_teardown.py
[2024-07-01T09:50:26.062-0400] {processor.py:840} INFO - DAG(s) 'example_setup_teardown' retrieved from /Users/christophercunningham/airflow_workspace/data-flow/data_flow_env/lib/python3.12/site-packages/airflow/example_dags/example_setup_teardown.py
[2024-07-01T09:50:26.140-0400] {logging_mixin.py:188} INFO - [2024-07-01T09:50:26.140-0400] {dag.py:3096} INFO - Sync 1 DAGs
[2024-07-01T09:50:26.151-0400] {logging_mixin.py:188} INFO - [2024-07-01T09:50:26.151-0400] {dag.py:3954} INFO - Setting next_dagrun for example_setup_teardown to 2024-06-30 00:00:00+00:00, run_after=2024-07-01 00:00:00+00:00
[2024-07-01T09:50:26.168-0400] {processor.py:183} INFO - Processing /Users/christophercunningham/airflow_workspace/data-flow/data_flow_env/lib/python3.12/site-packages/airflow/example_dags/example_setup_teardown.py took 0.120 seconds
[2024-07-01T09:52:14.967-0400] {processor.py:161} INFO - Started process (PID=15905) to work on /Users/christophercunningham/airflow_workspace/data-flow/data_flow_env/lib/python3.12/site-packages/airflow/example_dags/example_setup_teardown.py
[2024-07-01T09:52:14.969-0400] {processor.py:830} INFO - Processing file /Users/christophercunningham/airflow_workspace/data-flow/data_flow_env/lib/python3.12/site-packages/airflow/example_dags/example_setup_teardown.py for tasks to queue
[2024-07-01T09:52:14.970-0400] {logging_mixin.py:188} INFO - [2024-07-01T09:52:14.970-0400] {dagbag.py:545} INFO - Filling up the DagBag from /Users/christophercunningham/airflow_workspace/data-flow/data_flow_env/lib/python3.12/site-packages/airflow/example_dags/example_setup_teardown.py
[2024-07-01T09:52:14.976-0400] {processor.py:840} INFO - DAG(s) 'example_setup_teardown' retrieved from /Users/christophercunningham/airflow_workspace/data-flow/data_flow_env/lib/python3.12/site-packages/airflow/example_dags/example_setup_teardown.py
[2024-07-01T09:52:15.049-0400] {logging_mixin.py:188} INFO - [2024-07-01T09:52:15.049-0400] {dag.py:3096} INFO - Sync 1 DAGs
[2024-07-01T09:52:15.060-0400] {logging_mixin.py:188} INFO - [2024-07-01T09:52:15.060-0400] {dag.py:3954} INFO - Setting next_dagrun for example_setup_teardown to 2024-06-30 00:00:00+00:00, run_after=2024-07-01 00:00:00+00:00
[2024-07-01T09:52:15.072-0400] {processor.py:183} INFO - Processing /Users/christophercunningham/airflow_workspace/data-flow/data_flow_env/lib/python3.12/site-packages/airflow/example_dags/example_setup_teardown.py took 0.110 seconds
[2024-07-01T09:53:54.525-0400] {processor.py:161} INFO - Started process (PID=16071) to work on /Users/christophercunningham/airflow_workspace/data-flow/data_flow_env/lib/python3.12/site-packages/airflow/example_dags/example_setup_teardown.py
[2024-07-01T09:53:54.527-0400] {processor.py:830} INFO - Processing file /Users/christophercunningham/airflow_workspace/data-flow/data_flow_env/lib/python3.12/site-packages/airflow/example_dags/example_setup_teardown.py for tasks to queue
[2024-07-01T09:53:54.528-0400] {logging_mixin.py:188} INFO - [2024-07-01T09:53:54.527-0400] {dagbag.py:545} INFO - Filling up the DagBag from /Users/christophercunningham/airflow_workspace/data-flow/data_flow_env/lib/python3.12/site-packages/airflow/example_dags/example_setup_teardown.py
[2024-07-01T09:53:54.534-0400] {processor.py:840} INFO - DAG(s) 'example_setup_teardown' retrieved from /Users/christophercunningham/airflow_workspace/data-flow/data_flow_env/lib/python3.12/site-packages/airflow/example_dags/example_setup_teardown.py
[2024-07-01T09:53:54.608-0400] {logging_mixin.py:188} INFO - [2024-07-01T09:53:54.608-0400] {dag.py:3096} INFO - Sync 1 DAGs
[2024-07-01T09:53:54.619-0400] {logging_mixin.py:188} INFO - [2024-07-01T09:53:54.619-0400] {dag.py:3954} INFO - Setting next_dagrun for example_setup_teardown to 2024-06-30 00:00:00+00:00, run_after=2024-07-01 00:00:00+00:00
[2024-07-01T09:53:54.636-0400] {processor.py:183} INFO - Processing /Users/christophercunningham/airflow_workspace/data-flow/data_flow_env/lib/python3.12/site-packages/airflow/example_dags/example_setup_teardown.py took 0.116 seconds
[2024-07-01T09:55:34.733-0400] {processor.py:161} INFO - Started process (PID=16298) to work on /Users/christophercunningham/airflow_workspace/data-flow/data_flow_env/lib/python3.12/site-packages/airflow/example_dags/example_setup_teardown.py
[2024-07-01T09:55:34.735-0400] {processor.py:830} INFO - Processing file /Users/christophercunningham/airflow_workspace/data-flow/data_flow_env/lib/python3.12/site-packages/airflow/example_dags/example_setup_teardown.py for tasks to queue
[2024-07-01T09:55:34.736-0400] {logging_mixin.py:188} INFO - [2024-07-01T09:55:34.735-0400] {dagbag.py:545} INFO - Filling up the DagBag from /Users/christophercunningham/airflow_workspace/data-flow/data_flow_env/lib/python3.12/site-packages/airflow/example_dags/example_setup_teardown.py
[2024-07-01T09:55:34.743-0400] {processor.py:840} INFO - DAG(s) 'example_setup_teardown' retrieved from /Users/christophercunningham/airflow_workspace/data-flow/data_flow_env/lib/python3.12/site-packages/airflow/example_dags/example_setup_teardown.py
[2024-07-01T09:55:34.818-0400] {logging_mixin.py:188} INFO - [2024-07-01T09:55:34.817-0400] {dag.py:3096} INFO - Sync 1 DAGs
[2024-07-01T09:55:34.829-0400] {logging_mixin.py:188} INFO - [2024-07-01T09:55:34.828-0400] {dag.py:3954} INFO - Setting next_dagrun for example_setup_teardown to 2024-06-30 00:00:00+00:00, run_after=2024-07-01 00:00:00+00:00
[2024-07-01T09:55:34.844-0400] {processor.py:183} INFO - Processing /Users/christophercunningham/airflow_workspace/data-flow/data_flow_env/lib/python3.12/site-packages/airflow/example_dags/example_setup_teardown.py took 0.116 seconds
[2024-07-01T09:57:16.417-0400] {processor.py:161} INFO - Started process (PID=16509) to work on /Users/christophercunningham/airflow_workspace/data-flow/data_flow_env/lib/python3.12/site-packages/airflow/example_dags/example_setup_teardown.py
[2024-07-01T09:57:16.418-0400] {processor.py:830} INFO - Processing file /Users/christophercunningham/airflow_workspace/data-flow/data_flow_env/lib/python3.12/site-packages/airflow/example_dags/example_setup_teardown.py for tasks to queue
[2024-07-01T09:57:16.418-0400] {logging_mixin.py:188} INFO - [2024-07-01T09:57:16.418-0400] {dagbag.py:545} INFO - Filling up the DagBag from /Users/christophercunningham/airflow_workspace/data-flow/data_flow_env/lib/python3.12/site-packages/airflow/example_dags/example_setup_teardown.py
[2024-07-01T09:57:16.424-0400] {processor.py:840} INFO - DAG(s) 'example_setup_teardown' retrieved from /Users/christophercunningham/airflow_workspace/data-flow/data_flow_env/lib/python3.12/site-packages/airflow/example_dags/example_setup_teardown.py
[2024-07-01T09:57:16.503-0400] {logging_mixin.py:188} INFO - [2024-07-01T09:57:16.503-0400] {dag.py:3096} INFO - Sync 1 DAGs
[2024-07-01T09:57:16.514-0400] {logging_mixin.py:188} INFO - [2024-07-01T09:57:16.514-0400] {dag.py:3954} INFO - Setting next_dagrun for example_setup_teardown to 2024-06-30 00:00:00+00:00, run_after=2024-07-01 00:00:00+00:00
[2024-07-01T09:57:16.527-0400] {processor.py:183} INFO - Processing /Users/christophercunningham/airflow_workspace/data-flow/data_flow_env/lib/python3.12/site-packages/airflow/example_dags/example_setup_teardown.py took 0.115 seconds
[2024-07-01T09:58:59.979-0400] {processor.py:161} INFO - Started process (PID=16739) to work on /Users/christophercunningham/airflow_workspace/data-flow/data_flow_env/lib/python3.12/site-packages/airflow/example_dags/example_setup_teardown.py
[2024-07-01T09:58:59.981-0400] {processor.py:830} INFO - Processing file /Users/christophercunningham/airflow_workspace/data-flow/data_flow_env/lib/python3.12/site-packages/airflow/example_dags/example_setup_teardown.py for tasks to queue
[2024-07-01T09:58:59.981-0400] {logging_mixin.py:188} INFO - [2024-07-01T09:58:59.981-0400] {dagbag.py:545} INFO - Filling up the DagBag from /Users/christophercunningham/airflow_workspace/data-flow/data_flow_env/lib/python3.12/site-packages/airflow/example_dags/example_setup_teardown.py
[2024-07-01T09:58:59.987-0400] {processor.py:840} INFO - DAG(s) 'example_setup_teardown' retrieved from /Users/christophercunningham/airflow_workspace/data-flow/data_flow_env/lib/python3.12/site-packages/airflow/example_dags/example_setup_teardown.py
[2024-07-01T09:59:00.066-0400] {logging_mixin.py:188} INFO - [2024-07-01T09:59:00.066-0400] {dag.py:3096} INFO - Sync 1 DAGs
[2024-07-01T09:59:00.079-0400] {logging_mixin.py:188} INFO - [2024-07-01T09:59:00.079-0400] {dag.py:3954} INFO - Setting next_dagrun for example_setup_teardown to 2024-06-30 00:00:00+00:00, run_after=2024-07-01 00:00:00+00:00
[2024-07-01T09:59:00.092-0400] {processor.py:183} INFO - Processing /Users/christophercunningham/airflow_workspace/data-flow/data_flow_env/lib/python3.12/site-packages/airflow/example_dags/example_setup_teardown.py took 0.117 seconds
[2024-07-01T10:00:42.828-0400] {processor.py:161} INFO - Started process (PID=16996) to work on /Users/christophercunningham/airflow_workspace/data-flow/data_flow_env/lib/python3.12/site-packages/airflow/example_dags/example_setup_teardown.py
[2024-07-01T10:00:42.829-0400] {processor.py:830} INFO - Processing file /Users/christophercunningham/airflow_workspace/data-flow/data_flow_env/lib/python3.12/site-packages/airflow/example_dags/example_setup_teardown.py for tasks to queue
[2024-07-01T10:00:42.830-0400] {logging_mixin.py:188} INFO - [2024-07-01T10:00:42.830-0400] {dagbag.py:545} INFO - Filling up the DagBag from /Users/christophercunningham/airflow_workspace/data-flow/data_flow_env/lib/python3.12/site-packages/airflow/example_dags/example_setup_teardown.py
[2024-07-01T10:00:42.837-0400] {processor.py:840} INFO - DAG(s) 'example_setup_teardown' retrieved from /Users/christophercunningham/airflow_workspace/data-flow/data_flow_env/lib/python3.12/site-packages/airflow/example_dags/example_setup_teardown.py
[2024-07-01T10:00:42.918-0400] {logging_mixin.py:188} INFO - [2024-07-01T10:00:42.918-0400] {dag.py:3096} INFO - Sync 1 DAGs
[2024-07-01T10:00:42.930-0400] {logging_mixin.py:188} INFO - [2024-07-01T10:00:42.930-0400] {dag.py:3954} INFO - Setting next_dagrun for example_setup_teardown to 2024-06-30 00:00:00+00:00, run_after=2024-07-01 00:00:00+00:00
[2024-07-01T10:00:42.945-0400] {processor.py:183} INFO - Processing /Users/christophercunningham/airflow_workspace/data-flow/data_flow_env/lib/python3.12/site-packages/airflow/example_dags/example_setup_teardown.py took 0.121 seconds
[2024-07-01T10:02:25.510-0400] {processor.py:161} INFO - Started process (PID=17203) to work on /Users/christophercunningham/airflow_workspace/data-flow/data_flow_env/lib/python3.12/site-packages/airflow/example_dags/example_setup_teardown.py
[2024-07-01T10:02:25.511-0400] {processor.py:830} INFO - Processing file /Users/christophercunningham/airflow_workspace/data-flow/data_flow_env/lib/python3.12/site-packages/airflow/example_dags/example_setup_teardown.py for tasks to queue
[2024-07-01T10:02:25.511-0400] {logging_mixin.py:188} INFO - [2024-07-01T10:02:25.511-0400] {dagbag.py:545} INFO - Filling up the DagBag from /Users/christophercunningham/airflow_workspace/data-flow/data_flow_env/lib/python3.12/site-packages/airflow/example_dags/example_setup_teardown.py
[2024-07-01T10:02:25.517-0400] {processor.py:840} INFO - DAG(s) 'example_setup_teardown' retrieved from /Users/christophercunningham/airflow_workspace/data-flow/data_flow_env/lib/python3.12/site-packages/airflow/example_dags/example_setup_teardown.py
[2024-07-01T10:02:25.598-0400] {logging_mixin.py:188} INFO - [2024-07-01T10:02:25.598-0400] {dag.py:3096} INFO - Sync 1 DAGs
[2024-07-01T10:02:25.613-0400] {logging_mixin.py:188} INFO - [2024-07-01T10:02:25.613-0400] {dag.py:3954} INFO - Setting next_dagrun for example_setup_teardown to 2024-06-30 00:00:00+00:00, run_after=2024-07-01 00:00:00+00:00
[2024-07-01T10:02:25.629-0400] {processor.py:183} INFO - Processing /Users/christophercunningham/airflow_workspace/data-flow/data_flow_env/lib/python3.12/site-packages/airflow/example_dags/example_setup_teardown.py took 0.124 seconds
[2024-07-01T10:04:11.992-0400] {processor.py:161} INFO - Started process (PID=17422) to work on /Users/christophercunningham/airflow_workspace/data-flow/data_flow_env/lib/python3.12/site-packages/airflow/example_dags/example_setup_teardown.py
[2024-07-01T10:04:11.994-0400] {processor.py:830} INFO - Processing file /Users/christophercunningham/airflow_workspace/data-flow/data_flow_env/lib/python3.12/site-packages/airflow/example_dags/example_setup_teardown.py for tasks to queue
[2024-07-01T10:04:11.994-0400] {logging_mixin.py:188} INFO - [2024-07-01T10:04:11.994-0400] {dagbag.py:545} INFO - Filling up the DagBag from /Users/christophercunningham/airflow_workspace/data-flow/data_flow_env/lib/python3.12/site-packages/airflow/example_dags/example_setup_teardown.py
[2024-07-01T10:04:12.002-0400] {processor.py:840} INFO - DAG(s) 'example_setup_teardown' retrieved from /Users/christophercunningham/airflow_workspace/data-flow/data_flow_env/lib/python3.12/site-packages/airflow/example_dags/example_setup_teardown.py
[2024-07-01T10:04:12.080-0400] {logging_mixin.py:188} INFO - [2024-07-01T10:04:12.080-0400] {dag.py:3096} INFO - Sync 1 DAGs
[2024-07-01T10:04:12.091-0400] {logging_mixin.py:188} INFO - [2024-07-01T10:04:12.091-0400] {dag.py:3954} INFO - Setting next_dagrun for example_setup_teardown to 2024-06-30 00:00:00+00:00, run_after=2024-07-01 00:00:00+00:00
[2024-07-01T10:04:12.104-0400] {processor.py:183} INFO - Processing /Users/christophercunningham/airflow_workspace/data-flow/data_flow_env/lib/python3.12/site-packages/airflow/example_dags/example_setup_teardown.py took 0.118 seconds
[2024-07-01T10:06:02.967-0400] {processor.py:161} INFO - Started process (PID=17651) to work on /Users/christophercunningham/airflow_workspace/data-flow/data_flow_env/lib/python3.12/site-packages/airflow/example_dags/example_setup_teardown.py
[2024-07-01T10:06:02.968-0400] {processor.py:830} INFO - Processing file /Users/christophercunningham/airflow_workspace/data-flow/data_flow_env/lib/python3.12/site-packages/airflow/example_dags/example_setup_teardown.py for tasks to queue
[2024-07-01T10:06:02.969-0400] {logging_mixin.py:188} INFO - [2024-07-01T10:06:02.969-0400] {dagbag.py:545} INFO - Filling up the DagBag from /Users/christophercunningham/airflow_workspace/data-flow/data_flow_env/lib/python3.12/site-packages/airflow/example_dags/example_setup_teardown.py
[2024-07-01T10:06:02.976-0400] {processor.py:840} INFO - DAG(s) 'example_setup_teardown' retrieved from /Users/christophercunningham/airflow_workspace/data-flow/data_flow_env/lib/python3.12/site-packages/airflow/example_dags/example_setup_teardown.py
[2024-07-01T10:06:03.057-0400] {logging_mixin.py:188} INFO - [2024-07-01T10:06:03.057-0400] {dag.py:3096} INFO - Sync 1 DAGs
[2024-07-01T10:06:03.069-0400] {logging_mixin.py:188} INFO - [2024-07-01T10:06:03.069-0400] {dag.py:3954} INFO - Setting next_dagrun for example_setup_teardown to 2024-06-30 00:00:00+00:00, run_after=2024-07-01 00:00:00+00:00
[2024-07-01T10:06:03.082-0400] {processor.py:183} INFO - Processing /Users/christophercunningham/airflow_workspace/data-flow/data_flow_env/lib/python3.12/site-packages/airflow/example_dags/example_setup_teardown.py took 0.118 seconds
[2024-07-01T10:07:53.231-0400] {processor.py:161} INFO - Started process (PID=17887) to work on /Users/christophercunningham/airflow_workspace/data-flow/data_flow_env/lib/python3.12/site-packages/airflow/example_dags/example_setup_teardown.py
[2024-07-01T10:07:53.233-0400] {processor.py:830} INFO - Processing file /Users/christophercunningham/airflow_workspace/data-flow/data_flow_env/lib/python3.12/site-packages/airflow/example_dags/example_setup_teardown.py for tasks to queue
[2024-07-01T10:07:53.233-0400] {logging_mixin.py:188} INFO - [2024-07-01T10:07:53.233-0400] {dagbag.py:545} INFO - Filling up the DagBag from /Users/christophercunningham/airflow_workspace/data-flow/data_flow_env/lib/python3.12/site-packages/airflow/example_dags/example_setup_teardown.py
[2024-07-01T10:07:53.242-0400] {processor.py:840} INFO - DAG(s) 'example_setup_teardown' retrieved from /Users/christophercunningham/airflow_workspace/data-flow/data_flow_env/lib/python3.12/site-packages/airflow/example_dags/example_setup_teardown.py
[2024-07-01T10:07:53.322-0400] {logging_mixin.py:188} INFO - [2024-07-01T10:07:53.322-0400] {dag.py:3096} INFO - Sync 1 DAGs
[2024-07-01T10:07:53.333-0400] {logging_mixin.py:188} INFO - [2024-07-01T10:07:53.333-0400] {dag.py:3954} INFO - Setting next_dagrun for example_setup_teardown to 2024-06-30 00:00:00+00:00, run_after=2024-07-01 00:00:00+00:00
[2024-07-01T10:07:53.346-0400] {processor.py:183} INFO - Processing /Users/christophercunningham/airflow_workspace/data-flow/data_flow_env/lib/python3.12/site-packages/airflow/example_dags/example_setup_teardown.py took 0.119 seconds
[2024-07-01T10:09:39.303-0400] {processor.py:161} INFO - Started process (PID=18100) to work on /Users/christophercunningham/airflow_workspace/data-flow/data_flow_env/lib/python3.12/site-packages/airflow/example_dags/example_setup_teardown.py
[2024-07-01T10:09:39.304-0400] {processor.py:830} INFO - Processing file /Users/christophercunningham/airflow_workspace/data-flow/data_flow_env/lib/python3.12/site-packages/airflow/example_dags/example_setup_teardown.py for tasks to queue
[2024-07-01T10:09:39.305-0400] {logging_mixin.py:188} INFO - [2024-07-01T10:09:39.304-0400] {dagbag.py:545} INFO - Filling up the DagBag from /Users/christophercunningham/airflow_workspace/data-flow/data_flow_env/lib/python3.12/site-packages/airflow/example_dags/example_setup_teardown.py
[2024-07-01T10:09:39.311-0400] {processor.py:840} INFO - DAG(s) 'example_setup_teardown' retrieved from /Users/christophercunningham/airflow_workspace/data-flow/data_flow_env/lib/python3.12/site-packages/airflow/example_dags/example_setup_teardown.py
[2024-07-01T10:09:39.399-0400] {logging_mixin.py:188} INFO - [2024-07-01T10:09:39.399-0400] {dag.py:3096} INFO - Sync 1 DAGs
[2024-07-01T10:09:39.412-0400] {logging_mixin.py:188} INFO - [2024-07-01T10:09:39.412-0400] {dag.py:3954} INFO - Setting next_dagrun for example_setup_teardown to 2024-06-30 00:00:00+00:00, run_after=2024-07-01 00:00:00+00:00
[2024-07-01T10:09:39.426-0400] {processor.py:183} INFO - Processing /Users/christophercunningham/airflow_workspace/data-flow/data_flow_env/lib/python3.12/site-packages/airflow/example_dags/example_setup_teardown.py took 0.129 seconds
[2024-07-01T10:11:22.020-0400] {processor.py:161} INFO - Started process (PID=18359) to work on /Users/christophercunningham/airflow_workspace/data-flow/data_flow_env/lib/python3.12/site-packages/airflow/example_dags/example_setup_teardown.py
[2024-07-01T10:11:22.021-0400] {processor.py:830} INFO - Processing file /Users/christophercunningham/airflow_workspace/data-flow/data_flow_env/lib/python3.12/site-packages/airflow/example_dags/example_setup_teardown.py for tasks to queue
[2024-07-01T10:11:22.022-0400] {logging_mixin.py:188} INFO - [2024-07-01T10:11:22.022-0400] {dagbag.py:545} INFO - Filling up the DagBag from /Users/christophercunningham/airflow_workspace/data-flow/data_flow_env/lib/python3.12/site-packages/airflow/example_dags/example_setup_teardown.py
[2024-07-01T10:11:22.028-0400] {processor.py:840} INFO - DAG(s) 'example_setup_teardown' retrieved from /Users/christophercunningham/airflow_workspace/data-flow/data_flow_env/lib/python3.12/site-packages/airflow/example_dags/example_setup_teardown.py
[2024-07-01T10:11:22.108-0400] {logging_mixin.py:188} INFO - [2024-07-01T10:11:22.108-0400] {dag.py:3096} INFO - Sync 1 DAGs
[2024-07-01T10:11:22.119-0400] {logging_mixin.py:188} INFO - [2024-07-01T10:11:22.119-0400] {dag.py:3954} INFO - Setting next_dagrun for example_setup_teardown to 2024-06-30 00:00:00+00:00, run_after=2024-07-01 00:00:00+00:00
[2024-07-01T10:11:22.132-0400] {processor.py:183} INFO - Processing /Users/christophercunningham/airflow_workspace/data-flow/data_flow_env/lib/python3.12/site-packages/airflow/example_dags/example_setup_teardown.py took 0.117 seconds
[2024-07-01T10:13:01.713-0400] {processor.py:161} INFO - Started process (PID=18567) to work on /Users/christophercunningham/airflow_workspace/data-flow/data_flow_env/lib/python3.12/site-packages/airflow/example_dags/example_setup_teardown.py
[2024-07-01T10:13:01.713-0400] {processor.py:830} INFO - Processing file /Users/christophercunningham/airflow_workspace/data-flow/data_flow_env/lib/python3.12/site-packages/airflow/example_dags/example_setup_teardown.py for tasks to queue
[2024-07-01T10:13:01.714-0400] {logging_mixin.py:188} INFO - [2024-07-01T10:13:01.714-0400] {dagbag.py:545} INFO - Filling up the DagBag from /Users/christophercunningham/airflow_workspace/data-flow/data_flow_env/lib/python3.12/site-packages/airflow/example_dags/example_setup_teardown.py
[2024-07-01T10:13:01.721-0400] {processor.py:840} INFO - DAG(s) 'example_setup_teardown' retrieved from /Users/christophercunningham/airflow_workspace/data-flow/data_flow_env/lib/python3.12/site-packages/airflow/example_dags/example_setup_teardown.py
[2024-07-01T10:13:01.801-0400] {logging_mixin.py:188} INFO - [2024-07-01T10:13:01.801-0400] {dag.py:3096} INFO - Sync 1 DAGs
[2024-07-01T10:13:01.812-0400] {logging_mixin.py:188} INFO - [2024-07-01T10:13:01.812-0400] {dag.py:3954} INFO - Setting next_dagrun for example_setup_teardown to 2024-06-30 00:00:00+00:00, run_after=2024-07-01 00:00:00+00:00
[2024-07-01T10:13:01.825-0400] {processor.py:183} INFO - Processing /Users/christophercunningham/airflow_workspace/data-flow/data_flow_env/lib/python3.12/site-packages/airflow/example_dags/example_setup_teardown.py took 0.116 seconds
[2024-07-01T10:14:48.772-0400] {processor.py:161} INFO - Started process (PID=18823) to work on /Users/christophercunningham/airflow_workspace/data-flow/data_flow_env/lib/python3.12/site-packages/airflow/example_dags/example_setup_teardown.py
[2024-07-01T10:14:48.774-0400] {processor.py:830} INFO - Processing file /Users/christophercunningham/airflow_workspace/data-flow/data_flow_env/lib/python3.12/site-packages/airflow/example_dags/example_setup_teardown.py for tasks to queue
[2024-07-01T10:14:48.775-0400] {logging_mixin.py:188} INFO - [2024-07-01T10:14:48.775-0400] {dagbag.py:545} INFO - Filling up the DagBag from /Users/christophercunningham/airflow_workspace/data-flow/data_flow_env/lib/python3.12/site-packages/airflow/example_dags/example_setup_teardown.py
[2024-07-01T10:14:48.781-0400] {processor.py:840} INFO - DAG(s) 'example_setup_teardown' retrieved from /Users/christophercunningham/airflow_workspace/data-flow/data_flow_env/lib/python3.12/site-packages/airflow/example_dags/example_setup_teardown.py
[2024-07-01T10:14:48.861-0400] {logging_mixin.py:188} INFO - [2024-07-01T10:14:48.861-0400] {dag.py:3096} INFO - Sync 1 DAGs
[2024-07-01T10:14:48.873-0400] {logging_mixin.py:188} INFO - [2024-07-01T10:14:48.872-0400] {dag.py:3954} INFO - Setting next_dagrun for example_setup_teardown to 2024-06-30 00:00:00+00:00, run_after=2024-07-01 00:00:00+00:00
[2024-07-01T10:14:48.886-0400] {processor.py:183} INFO - Processing /Users/christophercunningham/airflow_workspace/data-flow/data_flow_env/lib/python3.12/site-packages/airflow/example_dags/example_setup_teardown.py took 0.118 seconds
[2024-07-01T10:16:34.032-0400] {processor.py:161} INFO - Started process (PID=19065) to work on /Users/christophercunningham/airflow_workspace/data-flow/data_flow_env/lib/python3.12/site-packages/airflow/example_dags/example_setup_teardown.py
[2024-07-01T10:16:34.034-0400] {processor.py:830} INFO - Processing file /Users/christophercunningham/airflow_workspace/data-flow/data_flow_env/lib/python3.12/site-packages/airflow/example_dags/example_setup_teardown.py for tasks to queue
[2024-07-01T10:16:34.035-0400] {logging_mixin.py:188} INFO - [2024-07-01T10:16:34.035-0400] {dagbag.py:545} INFO - Filling up the DagBag from /Users/christophercunningham/airflow_workspace/data-flow/data_flow_env/lib/python3.12/site-packages/airflow/example_dags/example_setup_teardown.py
[2024-07-01T10:16:34.042-0400] {processor.py:840} INFO - DAG(s) 'example_setup_teardown' retrieved from /Users/christophercunningham/airflow_workspace/data-flow/data_flow_env/lib/python3.12/site-packages/airflow/example_dags/example_setup_teardown.py
[2024-07-01T10:16:34.115-0400] {logging_mixin.py:188} INFO - [2024-07-01T10:16:34.115-0400] {dag.py:3096} INFO - Sync 1 DAGs
[2024-07-01T10:16:34.126-0400] {logging_mixin.py:188} INFO - [2024-07-01T10:16:34.126-0400] {dag.py:3954} INFO - Setting next_dagrun for example_setup_teardown to 2024-06-30 00:00:00+00:00, run_after=2024-07-01 00:00:00+00:00
[2024-07-01T10:16:34.139-0400] {processor.py:183} INFO - Processing /Users/christophercunningham/airflow_workspace/data-flow/data_flow_env/lib/python3.12/site-packages/airflow/example_dags/example_setup_teardown.py took 0.111 seconds
[2024-07-01T10:18:26.243-0400] {processor.py:161} INFO - Started process (PID=19277) to work on /Users/christophercunningham/airflow_workspace/data-flow/data_flow_env/lib/python3.12/site-packages/airflow/example_dags/example_setup_teardown.py
[2024-07-01T10:18:26.244-0400] {processor.py:830} INFO - Processing file /Users/christophercunningham/airflow_workspace/data-flow/data_flow_env/lib/python3.12/site-packages/airflow/example_dags/example_setup_teardown.py for tasks to queue
[2024-07-01T10:18:26.244-0400] {logging_mixin.py:188} INFO - [2024-07-01T10:18:26.244-0400] {dagbag.py:545} INFO - Filling up the DagBag from /Users/christophercunningham/airflow_workspace/data-flow/data_flow_env/lib/python3.12/site-packages/airflow/example_dags/example_setup_teardown.py
[2024-07-01T10:18:26.251-0400] {processor.py:840} INFO - DAG(s) 'example_setup_teardown' retrieved from /Users/christophercunningham/airflow_workspace/data-flow/data_flow_env/lib/python3.12/site-packages/airflow/example_dags/example_setup_teardown.py
[2024-07-01T10:18:26.336-0400] {logging_mixin.py:188} INFO - [2024-07-01T10:18:26.336-0400] {dag.py:3096} INFO - Sync 1 DAGs
[2024-07-01T10:18:26.349-0400] {logging_mixin.py:188} INFO - [2024-07-01T10:18:26.349-0400] {dag.py:3954} INFO - Setting next_dagrun for example_setup_teardown to 2024-06-30 00:00:00+00:00, run_after=2024-07-01 00:00:00+00:00
[2024-07-01T10:18:26.364-0400] {processor.py:183} INFO - Processing /Users/christophercunningham/airflow_workspace/data-flow/data_flow_env/lib/python3.12/site-packages/airflow/example_dags/example_setup_teardown.py took 0.125 seconds
[2024-07-01T10:39:43.099-0400] {processor.py:161} INFO - Started process (PID=21211) to work on /Users/christophercunningham/airflow_workspace/data-flow/data_flow_env/lib/python3.12/site-packages/airflow/example_dags/example_setup_teardown.py
[2024-07-01T10:39:43.101-0400] {processor.py:830} INFO - Processing file /Users/christophercunningham/airflow_workspace/data-flow/data_flow_env/lib/python3.12/site-packages/airflow/example_dags/example_setup_teardown.py for tasks to queue
[2024-07-01T10:39:43.102-0400] {logging_mixin.py:188} INFO - [2024-07-01T10:39:43.101-0400] {dagbag.py:545} INFO - Filling up the DagBag from /Users/christophercunningham/airflow_workspace/data-flow/data_flow_env/lib/python3.12/site-packages/airflow/example_dags/example_setup_teardown.py
[2024-07-01T10:39:43.109-0400] {processor.py:840} INFO - DAG(s) 'example_setup_teardown' retrieved from /Users/christophercunningham/airflow_workspace/data-flow/data_flow_env/lib/python3.12/site-packages/airflow/example_dags/example_setup_teardown.py
[2024-07-01T10:39:43.287-0400] {logging_mixin.py:188} INFO - [2024-07-01T10:39:43.286-0400] {dag.py:3096} INFO - Sync 1 DAGs
[2024-07-01T10:39:43.303-0400] {logging_mixin.py:188} INFO - [2024-07-01T10:39:43.303-0400] {dag.py:3954} INFO - Setting next_dagrun for example_setup_teardown to 2024-06-30 00:00:00+00:00, run_after=2024-07-01 00:00:00+00:00
[2024-07-01T10:39:43.379-0400] {processor.py:183} INFO - Processing /Users/christophercunningham/airflow_workspace/data-flow/data_flow_env/lib/python3.12/site-packages/airflow/example_dags/example_setup_teardown.py took 0.283 seconds
