[2024-07-01T09:33:11.445-0400] {processor.py:161} INFO - Started process (PID=14032) to work on /Users/christophercunningham/airflow_workspace/data-flow/data_flow_env/lib/python3.12/site-packages/airflow/example_dags/example_branch_labels.py
[2024-07-01T09:33:11.446-0400] {processor.py:830} INFO - Processing file /Users/christophercunningham/airflow_workspace/data-flow/data_flow_env/lib/python3.12/site-packages/airflow/example_dags/example_branch_labels.py for tasks to queue
[2024-07-01T09:33:11.446-0400] {logging_mixin.py:188} INFO - [2024-07-01T09:33:11.446-0400] {dagbag.py:545} INFO - Filling up the DagBag from /Users/christophercunningham/airflow_workspace/data-flow/data_flow_env/lib/python3.12/site-packages/airflow/example_dags/example_branch_labels.py
[2024-07-01T09:33:11.454-0400] {processor.py:840} INFO - DAG(s) 'example_branch_labels' retrieved from /Users/christophercunningham/airflow_workspace/data-flow/data_flow_env/lib/python3.12/site-packages/airflow/example_dags/example_branch_labels.py
[2024-07-01T09:33:11.596-0400] {logging_mixin.py:188} INFO - [2024-07-01T09:33:11.595-0400] {dag.py:3096} INFO - Sync 1 DAGs
[2024-07-01T09:33:11.609-0400] {logging_mixin.py:188} INFO - [2024-07-01T09:33:11.609-0400] {dag.py:3954} INFO - Setting next_dagrun for example_branch_labels to 2024-06-30 00:00:00+00:00, run_after=2024-07-01 00:00:00+00:00
[2024-07-01T09:33:11.665-0400] {processor.py:183} INFO - Processing /Users/christophercunningham/airflow_workspace/data-flow/data_flow_env/lib/python3.12/site-packages/airflow/example_dags/example_branch_labels.py took 0.223 seconds
[2024-07-01T09:36:38.558-0400] {processor.py:161} INFO - Started process (PID=14354) to work on /Users/christophercunningham/airflow_workspace/data-flow/data_flow_env/lib/python3.12/site-packages/airflow/example_dags/example_branch_labels.py
[2024-07-01T09:36:38.560-0400] {processor.py:830} INFO - Processing file /Users/christophercunningham/airflow_workspace/data-flow/data_flow_env/lib/python3.12/site-packages/airflow/example_dags/example_branch_labels.py for tasks to queue
[2024-07-01T09:36:38.560-0400] {logging_mixin.py:188} INFO - [2024-07-01T09:36:38.560-0400] {dagbag.py:545} INFO - Filling up the DagBag from /Users/christophercunningham/airflow_workspace/data-flow/data_flow_env/lib/python3.12/site-packages/airflow/example_dags/example_branch_labels.py
[2024-07-01T09:36:38.567-0400] {processor.py:840} INFO - DAG(s) 'example_branch_labels' retrieved from /Users/christophercunningham/airflow_workspace/data-flow/data_flow_env/lib/python3.12/site-packages/airflow/example_dags/example_branch_labels.py
[2024-07-01T09:36:38.645-0400] {logging_mixin.py:188} INFO - [2024-07-01T09:36:38.644-0400] {dag.py:3096} INFO - Sync 1 DAGs
[2024-07-01T09:36:38.656-0400] {logging_mixin.py:188} INFO - [2024-07-01T09:36:38.656-0400] {dag.py:3954} INFO - Setting next_dagrun for example_branch_labels to 2024-06-30 00:00:00+00:00, run_after=2024-07-01 00:00:00+00:00
[2024-07-01T09:36:38.669-0400] {processor.py:183} INFO - Processing /Users/christophercunningham/airflow_workspace/data-flow/data_flow_env/lib/python3.12/site-packages/airflow/example_dags/example_branch_labels.py took 0.116 seconds
[2024-07-01T09:40:12.156-0400] {processor.py:161} INFO - Started process (PID=14740) to work on /Users/christophercunningham/airflow_workspace/data-flow/data_flow_env/lib/python3.12/site-packages/airflow/example_dags/example_branch_labels.py
[2024-07-01T09:40:12.158-0400] {processor.py:830} INFO - Processing file /Users/christophercunningham/airflow_workspace/data-flow/data_flow_env/lib/python3.12/site-packages/airflow/example_dags/example_branch_labels.py for tasks to queue
[2024-07-01T09:40:12.159-0400] {logging_mixin.py:188} INFO - [2024-07-01T09:40:12.158-0400] {dagbag.py:545} INFO - Filling up the DagBag from /Users/christophercunningham/airflow_workspace/data-flow/data_flow_env/lib/python3.12/site-packages/airflow/example_dags/example_branch_labels.py
[2024-07-01T09:40:12.167-0400] {processor.py:840} INFO - DAG(s) 'example_branch_labels' retrieved from /Users/christophercunningham/airflow_workspace/data-flow/data_flow_env/lib/python3.12/site-packages/airflow/example_dags/example_branch_labels.py
[2024-07-01T09:40:12.242-0400] {logging_mixin.py:188} INFO - [2024-07-01T09:40:12.242-0400] {dag.py:3096} INFO - Sync 1 DAGs
[2024-07-01T09:40:12.254-0400] {logging_mixin.py:188} INFO - [2024-07-01T09:40:12.254-0400] {dag.py:3954} INFO - Setting next_dagrun for example_branch_labels to 2024-06-30 00:00:00+00:00, run_after=2024-07-01 00:00:00+00:00
[2024-07-01T09:40:12.267-0400] {processor.py:183} INFO - Processing /Users/christophercunningham/airflow_workspace/data-flow/data_flow_env/lib/python3.12/site-packages/airflow/example_dags/example_branch_labels.py took 0.116 seconds
[2024-07-01T09:43:46.961-0400] {processor.py:161} INFO - Started process (PID=15093) to work on /Users/christophercunningham/airflow_workspace/data-flow/data_flow_env/lib/python3.12/site-packages/airflow/example_dags/example_branch_labels.py
[2024-07-01T09:43:46.962-0400] {processor.py:830} INFO - Processing file /Users/christophercunningham/airflow_workspace/data-flow/data_flow_env/lib/python3.12/site-packages/airflow/example_dags/example_branch_labels.py for tasks to queue
[2024-07-01T09:43:46.962-0400] {logging_mixin.py:188} INFO - [2024-07-01T09:43:46.962-0400] {dagbag.py:545} INFO - Filling up the DagBag from /Users/christophercunningham/airflow_workspace/data-flow/data_flow_env/lib/python3.12/site-packages/airflow/example_dags/example_branch_labels.py
[2024-07-01T09:43:46.970-0400] {processor.py:840} INFO - DAG(s) 'example_branch_labels' retrieved from /Users/christophercunningham/airflow_workspace/data-flow/data_flow_env/lib/python3.12/site-packages/airflow/example_dags/example_branch_labels.py
[2024-07-01T09:43:47.062-0400] {logging_mixin.py:188} INFO - [2024-07-01T09:43:47.061-0400] {dag.py:3096} INFO - Sync 1 DAGs
[2024-07-01T09:43:47.076-0400] {logging_mixin.py:188} INFO - [2024-07-01T09:43:47.076-0400] {dag.py:3954} INFO - Setting next_dagrun for example_branch_labels to 2024-06-30 00:00:00+00:00, run_after=2024-07-01 00:00:00+00:00
[2024-07-01T09:43:47.091-0400] {processor.py:183} INFO - Processing /Users/christophercunningham/airflow_workspace/data-flow/data_flow_env/lib/python3.12/site-packages/airflow/example_dags/example_branch_labels.py took 0.134 seconds
[2024-07-01T09:47:21.336-0400] {processor.py:161} INFO - Started process (PID=15412) to work on /Users/christophercunningham/airflow_workspace/data-flow/data_flow_env/lib/python3.12/site-packages/airflow/example_dags/example_branch_labels.py
[2024-07-01T09:47:21.337-0400] {processor.py:830} INFO - Processing file /Users/christophercunningham/airflow_workspace/data-flow/data_flow_env/lib/python3.12/site-packages/airflow/example_dags/example_branch_labels.py for tasks to queue
[2024-07-01T09:47:21.338-0400] {logging_mixin.py:188} INFO - [2024-07-01T09:47:21.338-0400] {dagbag.py:545} INFO - Filling up the DagBag from /Users/christophercunningham/airflow_workspace/data-flow/data_flow_env/lib/python3.12/site-packages/airflow/example_dags/example_branch_labels.py
[2024-07-01T09:47:21.345-0400] {processor.py:840} INFO - DAG(s) 'example_branch_labels' retrieved from /Users/christophercunningham/airflow_workspace/data-flow/data_flow_env/lib/python3.12/site-packages/airflow/example_dags/example_branch_labels.py
[2024-07-01T09:47:21.421-0400] {logging_mixin.py:188} INFO - [2024-07-01T09:47:21.421-0400] {dag.py:3096} INFO - Sync 1 DAGs
[2024-07-01T09:47:21.433-0400] {logging_mixin.py:188} INFO - [2024-07-01T09:47:21.433-0400] {dag.py:3954} INFO - Setting next_dagrun for example_branch_labels to 2024-06-30 00:00:00+00:00, run_after=2024-07-01 00:00:00+00:00
[2024-07-01T09:47:21.445-0400] {processor.py:183} INFO - Processing /Users/christophercunningham/airflow_workspace/data-flow/data_flow_env/lib/python3.12/site-packages/airflow/example_dags/example_branch_labels.py took 0.114 seconds
[2024-07-01T09:50:58.606-0400] {processor.py:161} INFO - Started process (PID=15778) to work on /Users/christophercunningham/airflow_workspace/data-flow/data_flow_env/lib/python3.12/site-packages/airflow/example_dags/example_branch_labels.py
[2024-07-01T09:50:58.608-0400] {processor.py:830} INFO - Processing file /Users/christophercunningham/airflow_workspace/data-flow/data_flow_env/lib/python3.12/site-packages/airflow/example_dags/example_branch_labels.py for tasks to queue
[2024-07-01T09:50:58.609-0400] {logging_mixin.py:188} INFO - [2024-07-01T09:50:58.608-0400] {dagbag.py:545} INFO - Filling up the DagBag from /Users/christophercunningham/airflow_workspace/data-flow/data_flow_env/lib/python3.12/site-packages/airflow/example_dags/example_branch_labels.py
[2024-07-01T09:50:58.617-0400] {processor.py:840} INFO - DAG(s) 'example_branch_labels' retrieved from /Users/christophercunningham/airflow_workspace/data-flow/data_flow_env/lib/python3.12/site-packages/airflow/example_dags/example_branch_labels.py
[2024-07-01T09:50:58.697-0400] {logging_mixin.py:188} INFO - [2024-07-01T09:50:58.697-0400] {dag.py:3096} INFO - Sync 1 DAGs
[2024-07-01T09:50:58.709-0400] {logging_mixin.py:188} INFO - [2024-07-01T09:50:58.709-0400] {dag.py:3954} INFO - Setting next_dagrun for example_branch_labels to 2024-06-30 00:00:00+00:00, run_after=2024-07-01 00:00:00+00:00
[2024-07-01T09:50:58.726-0400] {processor.py:183} INFO - Processing /Users/christophercunningham/airflow_workspace/data-flow/data_flow_env/lib/python3.12/site-packages/airflow/example_dags/example_branch_labels.py took 0.125 seconds
[2024-07-01T09:54:20.678-0400] {processor.py:161} INFO - Started process (PID=16129) to work on /Users/christophercunningham/airflow_workspace/data-flow/data_flow_env/lib/python3.12/site-packages/airflow/example_dags/example_branch_labels.py
[2024-07-01T09:54:20.680-0400] {processor.py:830} INFO - Processing file /Users/christophercunningham/airflow_workspace/data-flow/data_flow_env/lib/python3.12/site-packages/airflow/example_dags/example_branch_labels.py for tasks to queue
[2024-07-01T09:54:20.680-0400] {logging_mixin.py:188} INFO - [2024-07-01T09:54:20.680-0400] {dagbag.py:545} INFO - Filling up the DagBag from /Users/christophercunningham/airflow_workspace/data-flow/data_flow_env/lib/python3.12/site-packages/airflow/example_dags/example_branch_labels.py
[2024-07-01T09:54:20.687-0400] {processor.py:840} INFO - DAG(s) 'example_branch_labels' retrieved from /Users/christophercunningham/airflow_workspace/data-flow/data_flow_env/lib/python3.12/site-packages/airflow/example_dags/example_branch_labels.py
[2024-07-01T09:54:20.763-0400] {logging_mixin.py:188} INFO - [2024-07-01T09:54:20.763-0400] {dag.py:3096} INFO - Sync 1 DAGs
[2024-07-01T09:54:20.775-0400] {logging_mixin.py:188} INFO - [2024-07-01T09:54:20.775-0400] {dag.py:3954} INFO - Setting next_dagrun for example_branch_labels to 2024-06-30 00:00:00+00:00, run_after=2024-07-01 00:00:00+00:00
[2024-07-01T09:54:20.787-0400] {processor.py:183} INFO - Processing /Users/christophercunningham/airflow_workspace/data-flow/data_flow_env/lib/python3.12/site-packages/airflow/example_dags/example_branch_labels.py took 0.114 seconds
[2024-07-01T09:57:44.276-0400] {processor.py:161} INFO - Started process (PID=16578) to work on /Users/christophercunningham/airflow_workspace/data-flow/data_flow_env/lib/python3.12/site-packages/airflow/example_dags/example_branch_labels.py
[2024-07-01T09:57:44.277-0400] {processor.py:830} INFO - Processing file /Users/christophercunningham/airflow_workspace/data-flow/data_flow_env/lib/python3.12/site-packages/airflow/example_dags/example_branch_labels.py for tasks to queue
[2024-07-01T09:57:44.278-0400] {logging_mixin.py:188} INFO - [2024-07-01T09:57:44.278-0400] {dagbag.py:545} INFO - Filling up the DagBag from /Users/christophercunningham/airflow_workspace/data-flow/data_flow_env/lib/python3.12/site-packages/airflow/example_dags/example_branch_labels.py
[2024-07-01T09:57:44.286-0400] {processor.py:840} INFO - DAG(s) 'example_branch_labels' retrieved from /Users/christophercunningham/airflow_workspace/data-flow/data_flow_env/lib/python3.12/site-packages/airflow/example_dags/example_branch_labels.py
[2024-07-01T09:57:44.361-0400] {logging_mixin.py:188} INFO - [2024-07-01T09:57:44.361-0400] {dag.py:3096} INFO - Sync 1 DAGs
[2024-07-01T09:57:44.373-0400] {logging_mixin.py:188} INFO - [2024-07-01T09:57:44.373-0400] {dag.py:3954} INFO - Setting next_dagrun for example_branch_labels to 2024-06-30 00:00:00+00:00, run_after=2024-07-01 00:00:00+00:00
[2024-07-01T09:57:44.386-0400] {processor.py:183} INFO - Processing /Users/christophercunningham/airflow_workspace/data-flow/data_flow_env/lib/python3.12/site-packages/airflow/example_dags/example_branch_labels.py took 0.115 seconds
[2024-07-01T10:01:10.061-0400] {processor.py:161} INFO - Started process (PID=17050) to work on /Users/christophercunningham/airflow_workspace/data-flow/data_flow_env/lib/python3.12/site-packages/airflow/example_dags/example_branch_labels.py
[2024-07-01T10:01:10.062-0400] {processor.py:830} INFO - Processing file /Users/christophercunningham/airflow_workspace/data-flow/data_flow_env/lib/python3.12/site-packages/airflow/example_dags/example_branch_labels.py for tasks to queue
[2024-07-01T10:01:10.063-0400] {logging_mixin.py:188} INFO - [2024-07-01T10:01:10.063-0400] {dagbag.py:545} INFO - Filling up the DagBag from /Users/christophercunningham/airflow_workspace/data-flow/data_flow_env/lib/python3.12/site-packages/airflow/example_dags/example_branch_labels.py
[2024-07-01T10:01:10.070-0400] {processor.py:840} INFO - DAG(s) 'example_branch_labels' retrieved from /Users/christophercunningham/airflow_workspace/data-flow/data_flow_env/lib/python3.12/site-packages/airflow/example_dags/example_branch_labels.py
[2024-07-01T10:01:10.148-0400] {logging_mixin.py:188} INFO - [2024-07-01T10:01:10.148-0400] {dag.py:3096} INFO - Sync 1 DAGs
[2024-07-01T10:01:10.160-0400] {logging_mixin.py:188} INFO - [2024-07-01T10:01:10.160-0400] {dag.py:3954} INFO - Setting next_dagrun for example_branch_labels to 2024-06-30 00:00:00+00:00, run_after=2024-07-01 00:00:00+00:00
[2024-07-01T10:01:10.172-0400] {processor.py:183} INFO - Processing /Users/christophercunningham/airflow_workspace/data-flow/data_flow_env/lib/python3.12/site-packages/airflow/example_dags/example_branch_labels.py took 0.116 seconds
[2024-07-01T10:04:43.506-0400] {processor.py:161} INFO - Started process (PID=17483) to work on /Users/christophercunningham/airflow_workspace/data-flow/data_flow_env/lib/python3.12/site-packages/airflow/example_dags/example_branch_labels.py
[2024-07-01T10:04:43.508-0400] {processor.py:830} INFO - Processing file /Users/christophercunningham/airflow_workspace/data-flow/data_flow_env/lib/python3.12/site-packages/airflow/example_dags/example_branch_labels.py for tasks to queue
[2024-07-01T10:04:43.509-0400] {logging_mixin.py:188} INFO - [2024-07-01T10:04:43.508-0400] {dagbag.py:545} INFO - Filling up the DagBag from /Users/christophercunningham/airflow_workspace/data-flow/data_flow_env/lib/python3.12/site-packages/airflow/example_dags/example_branch_labels.py
[2024-07-01T10:04:43.516-0400] {processor.py:840} INFO - DAG(s) 'example_branch_labels' retrieved from /Users/christophercunningham/airflow_workspace/data-flow/data_flow_env/lib/python3.12/site-packages/airflow/example_dags/example_branch_labels.py
[2024-07-01T10:04:43.595-0400] {logging_mixin.py:188} INFO - [2024-07-01T10:04:43.595-0400] {dag.py:3096} INFO - Sync 1 DAGs
[2024-07-01T10:04:43.608-0400] {logging_mixin.py:188} INFO - [2024-07-01T10:04:43.608-0400] {dag.py:3954} INFO - Setting next_dagrun for example_branch_labels to 2024-06-30 00:00:00+00:00, run_after=2024-07-01 00:00:00+00:00
[2024-07-01T10:04:43.625-0400] {processor.py:183} INFO - Processing /Users/christophercunningham/airflow_workspace/data-flow/data_flow_env/lib/python3.12/site-packages/airflow/example_dags/example_branch_labels.py took 0.123 seconds
[2024-07-01T10:08:26.124-0400] {processor.py:161} INFO - Started process (PID=17952) to work on /Users/christophercunningham/airflow_workspace/data-flow/data_flow_env/lib/python3.12/site-packages/airflow/example_dags/example_branch_labels.py
[2024-07-01T10:08:26.126-0400] {processor.py:830} INFO - Processing file /Users/christophercunningham/airflow_workspace/data-flow/data_flow_env/lib/python3.12/site-packages/airflow/example_dags/example_branch_labels.py for tasks to queue
[2024-07-01T10:08:26.126-0400] {logging_mixin.py:188} INFO - [2024-07-01T10:08:26.126-0400] {dagbag.py:545} INFO - Filling up the DagBag from /Users/christophercunningham/airflow_workspace/data-flow/data_flow_env/lib/python3.12/site-packages/airflow/example_dags/example_branch_labels.py
[2024-07-01T10:08:26.133-0400] {processor.py:840} INFO - DAG(s) 'example_branch_labels' retrieved from /Users/christophercunningham/airflow_workspace/data-flow/data_flow_env/lib/python3.12/site-packages/airflow/example_dags/example_branch_labels.py
[2024-07-01T10:08:26.208-0400] {logging_mixin.py:188} INFO - [2024-07-01T10:08:26.208-0400] {dag.py:3096} INFO - Sync 1 DAGs
[2024-07-01T10:08:26.220-0400] {logging_mixin.py:188} INFO - [2024-07-01T10:08:26.220-0400] {dag.py:3954} INFO - Setting next_dagrun for example_branch_labels to 2024-06-30 00:00:00+00:00, run_after=2024-07-01 00:00:00+00:00
[2024-07-01T10:08:26.232-0400] {processor.py:183} INFO - Processing /Users/christophercunningham/airflow_workspace/data-flow/data_flow_env/lib/python3.12/site-packages/airflow/example_dags/example_branch_labels.py took 0.114 seconds
[2024-07-01T10:11:50.073-0400] {processor.py:161} INFO - Started process (PID=18417) to work on /Users/christophercunningham/airflow_workspace/data-flow/data_flow_env/lib/python3.12/site-packages/airflow/example_dags/example_branch_labels.py
[2024-07-01T10:11:50.074-0400] {processor.py:830} INFO - Processing file /Users/christophercunningham/airflow_workspace/data-flow/data_flow_env/lib/python3.12/site-packages/airflow/example_dags/example_branch_labels.py for tasks to queue
[2024-07-01T10:11:50.074-0400] {logging_mixin.py:188} INFO - [2024-07-01T10:11:50.074-0400] {dagbag.py:545} INFO - Filling up the DagBag from /Users/christophercunningham/airflow_workspace/data-flow/data_flow_env/lib/python3.12/site-packages/airflow/example_dags/example_branch_labels.py
[2024-07-01T10:11:50.081-0400] {processor.py:840} INFO - DAG(s) 'example_branch_labels' retrieved from /Users/christophercunningham/airflow_workspace/data-flow/data_flow_env/lib/python3.12/site-packages/airflow/example_dags/example_branch_labels.py
[2024-07-01T10:11:50.156-0400] {logging_mixin.py:188} INFO - [2024-07-01T10:11:50.156-0400] {dag.py:3096} INFO - Sync 1 DAGs
[2024-07-01T10:11:50.168-0400] {logging_mixin.py:188} INFO - [2024-07-01T10:11:50.168-0400] {dag.py:3954} INFO - Setting next_dagrun for example_branch_labels to 2024-06-30 00:00:00+00:00, run_after=2024-07-01 00:00:00+00:00
[2024-07-01T10:11:50.180-0400] {processor.py:183} INFO - Processing /Users/christophercunningham/airflow_workspace/data-flow/data_flow_env/lib/python3.12/site-packages/airflow/example_dags/example_branch_labels.py took 0.112 seconds
[2024-07-01T10:15:22.323-0400] {processor.py:161} INFO - Started process (PID=18890) to work on /Users/christophercunningham/airflow_workspace/data-flow/data_flow_env/lib/python3.12/site-packages/airflow/example_dags/example_branch_labels.py
[2024-07-01T10:15:22.325-0400] {processor.py:830} INFO - Processing file /Users/christophercunningham/airflow_workspace/data-flow/data_flow_env/lib/python3.12/site-packages/airflow/example_dags/example_branch_labels.py for tasks to queue
[2024-07-01T10:15:22.326-0400] {logging_mixin.py:188} INFO - [2024-07-01T10:15:22.326-0400] {dagbag.py:545} INFO - Filling up the DagBag from /Users/christophercunningham/airflow_workspace/data-flow/data_flow_env/lib/python3.12/site-packages/airflow/example_dags/example_branch_labels.py
[2024-07-01T10:15:22.335-0400] {processor.py:840} INFO - DAG(s) 'example_branch_labels' retrieved from /Users/christophercunningham/airflow_workspace/data-flow/data_flow_env/lib/python3.12/site-packages/airflow/example_dags/example_branch_labels.py
[2024-07-01T10:15:22.433-0400] {logging_mixin.py:188} INFO - [2024-07-01T10:15:22.433-0400] {dag.py:3096} INFO - Sync 1 DAGs
[2024-07-01T10:15:22.449-0400] {logging_mixin.py:188} INFO - [2024-07-01T10:15:22.449-0400] {dag.py:3954} INFO - Setting next_dagrun for example_branch_labels to 2024-06-30 00:00:00+00:00, run_after=2024-07-01 00:00:00+00:00
[2024-07-01T10:15:22.466-0400] {processor.py:183} INFO - Processing /Users/christophercunningham/airflow_workspace/data-flow/data_flow_env/lib/python3.12/site-packages/airflow/example_dags/example_branch_labels.py took 0.147 seconds
