[2024-07-01T09:31:55.455-0400] {processor.py:161} INFO - Started process (PID=13879) to work on /Users/christophercunningham/airflow_workspace/data-flow/data_flow_env/lib/python3.12/site-packages/airflow/example_dags/example_sla_dag.py
[2024-07-01T09:31:55.457-0400] {processor.py:830} INFO - Processing file /Users/christophercunningham/airflow_workspace/data-flow/data_flow_env/lib/python3.12/site-packages/airflow/example_dags/example_sla_dag.py for tasks to queue
[2024-07-01T09:31:55.458-0400] {logging_mixin.py:188} INFO - [2024-07-01T09:31:55.458-0400] {dagbag.py:545} INFO - Filling up the DagBag from /Users/christophercunningham/airflow_workspace/data-flow/data_flow_env/lib/python3.12/site-packages/airflow/example_dags/example_sla_dag.py
[2024-07-01T09:31:55.492-0400] {processor.py:840} INFO - DAG(s) 'example_sla_dag' retrieved from /Users/christophercunningham/airflow_workspace/data-flow/data_flow_env/lib/python3.12/site-packages/airflow/example_dags/example_sla_dag.py
[2024-07-01T09:31:55.672-0400] {logging_mixin.py:188} INFO - [2024-07-01T09:31:55.671-0400] {dag.py:3096} INFO - Sync 1 DAGs
[2024-07-01T09:31:55.689-0400] {logging_mixin.py:188} INFO - [2024-07-01T09:31:55.689-0400] {dag.py:3954} INFO - Setting next_dagrun for example_sla_dag to 2024-07-01 13:28:00+00:00, run_after=2024-07-01 13:30:00+00:00
[2024-07-01T09:31:55.704-0400] {processor.py:183} INFO - Processing /Users/christophercunningham/airflow_workspace/data-flow/data_flow_env/lib/python3.12/site-packages/airflow/example_dags/example_sla_dag.py took 0.254 seconds
[2024-07-01T09:34:12.282-0400] {processor.py:161} INFO - Started process (PID=14144) to work on /Users/christophercunningham/airflow_workspace/data-flow/data_flow_env/lib/python3.12/site-packages/airflow/example_dags/example_sla_dag.py
[2024-07-01T09:34:12.283-0400] {processor.py:830} INFO - Processing file /Users/christophercunningham/airflow_workspace/data-flow/data_flow_env/lib/python3.12/site-packages/airflow/example_dags/example_sla_dag.py for tasks to queue
[2024-07-01T09:34:12.283-0400] {logging_mixin.py:188} INFO - [2024-07-01T09:34:12.283-0400] {dagbag.py:545} INFO - Filling up the DagBag from /Users/christophercunningham/airflow_workspace/data-flow/data_flow_env/lib/python3.12/site-packages/airflow/example_dags/example_sla_dag.py
[2024-07-01T09:34:12.315-0400] {processor.py:840} INFO - DAG(s) 'example_sla_dag' retrieved from /Users/christophercunningham/airflow_workspace/data-flow/data_flow_env/lib/python3.12/site-packages/airflow/example_dags/example_sla_dag.py
[2024-07-01T09:34:12.388-0400] {logging_mixin.py:188} INFO - [2024-07-01T09:34:12.388-0400] {dag.py:3096} INFO - Sync 1 DAGs
[2024-07-01T09:34:12.406-0400] {logging_mixin.py:188} INFO - [2024-07-01T09:34:12.406-0400] {dag.py:3954} INFO - Setting next_dagrun for example_sla_dag to 2024-07-01 13:32:00+00:00, run_after=2024-07-01 13:34:00+00:00
[2024-07-01T09:34:12.422-0400] {processor.py:183} INFO - Processing /Users/christophercunningham/airflow_workspace/data-flow/data_flow_env/lib/python3.12/site-packages/airflow/example_dags/example_sla_dag.py took 0.145 seconds
[2024-07-01T09:35:55.888-0400] {processor.py:161} INFO - Started process (PID=14290) to work on /Users/christophercunningham/airflow_workspace/data-flow/data_flow_env/lib/python3.12/site-packages/airflow/example_dags/example_sla_dag.py
[2024-07-01T09:35:55.889-0400] {processor.py:830} INFO - Processing file /Users/christophercunningham/airflow_workspace/data-flow/data_flow_env/lib/python3.12/site-packages/airflow/example_dags/example_sla_dag.py for tasks to queue
[2024-07-01T09:35:55.890-0400] {logging_mixin.py:188} INFO - [2024-07-01T09:35:55.889-0400] {dagbag.py:545} INFO - Filling up the DagBag from /Users/christophercunningham/airflow_workspace/data-flow/data_flow_env/lib/python3.12/site-packages/airflow/example_dags/example_sla_dag.py
[2024-07-01T09:35:55.918-0400] {processor.py:840} INFO - DAG(s) 'example_sla_dag' retrieved from /Users/christophercunningham/airflow_workspace/data-flow/data_flow_env/lib/python3.12/site-packages/airflow/example_dags/example_sla_dag.py
[2024-07-01T09:35:55.988-0400] {logging_mixin.py:188} INFO - [2024-07-01T09:35:55.988-0400] {dag.py:3096} INFO - Sync 1 DAGs
[2024-07-01T09:35:56.001-0400] {logging_mixin.py:188} INFO - [2024-07-01T09:35:56.001-0400] {dag.py:3954} INFO - Setting next_dagrun for example_sla_dag to 2024-07-01 13:32:00+00:00, run_after=2024-07-01 13:34:00+00:00
[2024-07-01T09:35:56.014-0400] {processor.py:183} INFO - Processing /Users/christophercunningham/airflow_workspace/data-flow/data_flow_env/lib/python3.12/site-packages/airflow/example_dags/example_sla_dag.py took 0.130 seconds
[2024-07-01T09:37:41.129-0400] {processor.py:161} INFO - Started process (PID=14462) to work on /Users/christophercunningham/airflow_workspace/data-flow/data_flow_env/lib/python3.12/site-packages/airflow/example_dags/example_sla_dag.py
[2024-07-01T09:37:41.130-0400] {processor.py:830} INFO - Processing file /Users/christophercunningham/airflow_workspace/data-flow/data_flow_env/lib/python3.12/site-packages/airflow/example_dags/example_sla_dag.py for tasks to queue
[2024-07-01T09:37:41.131-0400] {logging_mixin.py:188} INFO - [2024-07-01T09:37:41.131-0400] {dagbag.py:545} INFO - Filling up the DagBag from /Users/christophercunningham/airflow_workspace/data-flow/data_flow_env/lib/python3.12/site-packages/airflow/example_dags/example_sla_dag.py
[2024-07-01T09:37:41.163-0400] {processor.py:840} INFO - DAG(s) 'example_sla_dag' retrieved from /Users/christophercunningham/airflow_workspace/data-flow/data_flow_env/lib/python3.12/site-packages/airflow/example_dags/example_sla_dag.py
[2024-07-01T09:37:41.240-0400] {logging_mixin.py:188} INFO - [2024-07-01T09:37:41.240-0400] {dag.py:3096} INFO - Sync 1 DAGs
[2024-07-01T09:37:41.254-0400] {logging_mixin.py:188} INFO - [2024-07-01T09:37:41.254-0400] {dag.py:3954} INFO - Setting next_dagrun for example_sla_dag to 2024-07-01 13:34:00+00:00, run_after=2024-07-01 13:36:00+00:00
[2024-07-01T09:37:41.266-0400] {processor.py:183} INFO - Processing /Users/christophercunningham/airflow_workspace/data-flow/data_flow_env/lib/python3.12/site-packages/airflow/example_dags/example_sla_dag.py took 0.142 seconds
[2024-07-01T09:39:29.355-0400] {processor.py:161} INFO - Started process (PID=14634) to work on /Users/christophercunningham/airflow_workspace/data-flow/data_flow_env/lib/python3.12/site-packages/airflow/example_dags/example_sla_dag.py
[2024-07-01T09:39:29.356-0400] {processor.py:830} INFO - Processing file /Users/christophercunningham/airflow_workspace/data-flow/data_flow_env/lib/python3.12/site-packages/airflow/example_dags/example_sla_dag.py for tasks to queue
[2024-07-01T09:39:29.358-0400] {logging_mixin.py:188} INFO - [2024-07-01T09:39:29.357-0400] {dagbag.py:545} INFO - Filling up the DagBag from /Users/christophercunningham/airflow_workspace/data-flow/data_flow_env/lib/python3.12/site-packages/airflow/example_dags/example_sla_dag.py
[2024-07-01T09:39:29.390-0400] {processor.py:840} INFO - DAG(s) 'example_sla_dag' retrieved from /Users/christophercunningham/airflow_workspace/data-flow/data_flow_env/lib/python3.12/site-packages/airflow/example_dags/example_sla_dag.py
[2024-07-01T09:39:29.466-0400] {logging_mixin.py:188} INFO - [2024-07-01T09:39:29.466-0400] {dag.py:3096} INFO - Sync 1 DAGs
[2024-07-01T09:39:29.481-0400] {logging_mixin.py:188} INFO - [2024-07-01T09:39:29.481-0400] {dag.py:3954} INFO - Setting next_dagrun for example_sla_dag to 2024-07-01 13:36:00+00:00, run_after=2024-07-01 13:38:00+00:00
[2024-07-01T09:39:29.494-0400] {processor.py:183} INFO - Processing /Users/christophercunningham/airflow_workspace/data-flow/data_flow_env/lib/python3.12/site-packages/airflow/example_dags/example_sla_dag.py took 0.144 seconds
[2024-07-01T09:41:13.694-0400] {processor.py:161} INFO - Started process (PID=14845) to work on /Users/christophercunningham/airflow_workspace/data-flow/data_flow_env/lib/python3.12/site-packages/airflow/example_dags/example_sla_dag.py
[2024-07-01T09:41:13.696-0400] {processor.py:830} INFO - Processing file /Users/christophercunningham/airflow_workspace/data-flow/data_flow_env/lib/python3.12/site-packages/airflow/example_dags/example_sla_dag.py for tasks to queue
[2024-07-01T09:41:13.696-0400] {logging_mixin.py:188} INFO - [2024-07-01T09:41:13.696-0400] {dagbag.py:545} INFO - Filling up the DagBag from /Users/christophercunningham/airflow_workspace/data-flow/data_flow_env/lib/python3.12/site-packages/airflow/example_dags/example_sla_dag.py
[2024-07-01T09:41:13.730-0400] {processor.py:840} INFO - DAG(s) 'example_sla_dag' retrieved from /Users/christophercunningham/airflow_workspace/data-flow/data_flow_env/lib/python3.12/site-packages/airflow/example_dags/example_sla_dag.py
[2024-07-01T09:41:13.810-0400] {logging_mixin.py:188} INFO - [2024-07-01T09:41:13.809-0400] {dag.py:3096} INFO - Sync 1 DAGs
[2024-07-01T09:41:13.827-0400] {logging_mixin.py:188} INFO - [2024-07-01T09:41:13.827-0400] {dag.py:3954} INFO - Setting next_dagrun for example_sla_dag to 2024-07-01 13:38:00+00:00, run_after=2024-07-01 13:40:00+00:00
[2024-07-01T09:41:13.840-0400] {processor.py:183} INFO - Processing /Users/christophercunningham/airflow_workspace/data-flow/data_flow_env/lib/python3.12/site-packages/airflow/example_dags/example_sla_dag.py took 0.150 seconds
[2024-07-01T09:43:00.187-0400] {processor.py:161} INFO - Started process (PID=15009) to work on /Users/christophercunningham/airflow_workspace/data-flow/data_flow_env/lib/python3.12/site-packages/airflow/example_dags/example_sla_dag.py
[2024-07-01T09:43:00.188-0400] {processor.py:830} INFO - Processing file /Users/christophercunningham/airflow_workspace/data-flow/data_flow_env/lib/python3.12/site-packages/airflow/example_dags/example_sla_dag.py for tasks to queue
[2024-07-01T09:43:00.188-0400] {logging_mixin.py:188} INFO - [2024-07-01T09:43:00.188-0400] {dagbag.py:545} INFO - Filling up the DagBag from /Users/christophercunningham/airflow_workspace/data-flow/data_flow_env/lib/python3.12/site-packages/airflow/example_dags/example_sla_dag.py
[2024-07-01T09:43:00.221-0400] {processor.py:840} INFO - DAG(s) 'example_sla_dag' retrieved from /Users/christophercunningham/airflow_workspace/data-flow/data_flow_env/lib/python3.12/site-packages/airflow/example_dags/example_sla_dag.py
[2024-07-01T09:43:00.300-0400] {logging_mixin.py:188} INFO - [2024-07-01T09:43:00.300-0400] {dag.py:3096} INFO - Sync 1 DAGs
[2024-07-01T09:43:00.315-0400] {logging_mixin.py:188} INFO - [2024-07-01T09:43:00.315-0400] {dag.py:3954} INFO - Setting next_dagrun for example_sla_dag to 2024-07-01 13:40:00+00:00, run_after=2024-07-01 13:42:00+00:00
[2024-07-01T09:43:00.329-0400] {processor.py:183} INFO - Processing /Users/christophercunningham/airflow_workspace/data-flow/data_flow_env/lib/python3.12/site-packages/airflow/example_dags/example_sla_dag.py took 0.147 seconds
[2024-07-01T09:44:50.789-0400] {processor.py:161} INFO - Started process (PID=15186) to work on /Users/christophercunningham/airflow_workspace/data-flow/data_flow_env/lib/python3.12/site-packages/airflow/example_dags/example_sla_dag.py
[2024-07-01T09:44:50.791-0400] {processor.py:830} INFO - Processing file /Users/christophercunningham/airflow_workspace/data-flow/data_flow_env/lib/python3.12/site-packages/airflow/example_dags/example_sla_dag.py for tasks to queue
[2024-07-01T09:44:50.791-0400] {logging_mixin.py:188} INFO - [2024-07-01T09:44:50.791-0400] {dagbag.py:545} INFO - Filling up the DagBag from /Users/christophercunningham/airflow_workspace/data-flow/data_flow_env/lib/python3.12/site-packages/airflow/example_dags/example_sla_dag.py
[2024-07-01T09:44:50.821-0400] {processor.py:840} INFO - DAG(s) 'example_sla_dag' retrieved from /Users/christophercunningham/airflow_workspace/data-flow/data_flow_env/lib/python3.12/site-packages/airflow/example_dags/example_sla_dag.py
[2024-07-01T09:44:50.896-0400] {logging_mixin.py:188} INFO - [2024-07-01T09:44:50.896-0400] {dag.py:3096} INFO - Sync 1 DAGs
[2024-07-01T09:44:50.911-0400] {logging_mixin.py:188} INFO - [2024-07-01T09:44:50.911-0400] {dag.py:3954} INFO - Setting next_dagrun for example_sla_dag to 2024-07-01 13:42:00+00:00, run_after=2024-07-01 13:44:00+00:00
[2024-07-01T09:44:50.928-0400] {processor.py:183} INFO - Processing /Users/christophercunningham/airflow_workspace/data-flow/data_flow_env/lib/python3.12/site-packages/airflow/example_dags/example_sla_dag.py took 0.144 seconds
[2024-07-01T09:46:38.480-0400] {processor.py:161} INFO - Started process (PID=15352) to work on /Users/christophercunningham/airflow_workspace/data-flow/data_flow_env/lib/python3.12/site-packages/airflow/example_dags/example_sla_dag.py
[2024-07-01T09:46:38.481-0400] {processor.py:830} INFO - Processing file /Users/christophercunningham/airflow_workspace/data-flow/data_flow_env/lib/python3.12/site-packages/airflow/example_dags/example_sla_dag.py for tasks to queue
[2024-07-01T09:46:38.481-0400] {logging_mixin.py:188} INFO - [2024-07-01T09:46:38.481-0400] {dagbag.py:545} INFO - Filling up the DagBag from /Users/christophercunningham/airflow_workspace/data-flow/data_flow_env/lib/python3.12/site-packages/airflow/example_dags/example_sla_dag.py
[2024-07-01T09:46:38.511-0400] {processor.py:840} INFO - DAG(s) 'example_sla_dag' retrieved from /Users/christophercunningham/airflow_workspace/data-flow/data_flow_env/lib/python3.12/site-packages/airflow/example_dags/example_sla_dag.py
[2024-07-01T09:46:38.586-0400] {logging_mixin.py:188} INFO - [2024-07-01T09:46:38.586-0400] {dag.py:3096} INFO - Sync 1 DAGs
[2024-07-01T09:46:38.600-0400] {logging_mixin.py:188} INFO - [2024-07-01T09:46:38.600-0400] {dag.py:3954} INFO - Setting next_dagrun for example_sla_dag to 2024-07-01 13:44:00+00:00, run_after=2024-07-01 13:46:00+00:00
[2024-07-01T09:46:38.613-0400] {processor.py:183} INFO - Processing /Users/christophercunningham/airflow_workspace/data-flow/data_flow_env/lib/python3.12/site-packages/airflow/example_dags/example_sla_dag.py took 0.139 seconds
[2024-07-01T09:48:24.703-0400] {processor.py:161} INFO - Started process (PID=15506) to work on /Users/christophercunningham/airflow_workspace/data-flow/data_flow_env/lib/python3.12/site-packages/airflow/example_dags/example_sla_dag.py
[2024-07-01T09:48:24.704-0400] {processor.py:830} INFO - Processing file /Users/christophercunningham/airflow_workspace/data-flow/data_flow_env/lib/python3.12/site-packages/airflow/example_dags/example_sla_dag.py for tasks to queue
[2024-07-01T09:48:24.705-0400] {logging_mixin.py:188} INFO - [2024-07-01T09:48:24.705-0400] {dagbag.py:545} INFO - Filling up the DagBag from /Users/christophercunningham/airflow_workspace/data-flow/data_flow_env/lib/python3.12/site-packages/airflow/example_dags/example_sla_dag.py
[2024-07-01T09:48:24.734-0400] {processor.py:840} INFO - DAG(s) 'example_sla_dag' retrieved from /Users/christophercunningham/airflow_workspace/data-flow/data_flow_env/lib/python3.12/site-packages/airflow/example_dags/example_sla_dag.py
[2024-07-01T09:48:24.810-0400] {logging_mixin.py:188} INFO - [2024-07-01T09:48:24.809-0400] {dag.py:3096} INFO - Sync 1 DAGs
[2024-07-01T09:48:24.823-0400] {logging_mixin.py:188} INFO - [2024-07-01T09:48:24.823-0400] {dag.py:3954} INFO - Setting next_dagrun for example_sla_dag to 2024-07-01 13:46:00+00:00, run_after=2024-07-01 13:48:00+00:00
[2024-07-01T09:48:24.835-0400] {processor.py:183} INFO - Processing /Users/christophercunningham/airflow_workspace/data-flow/data_flow_env/lib/python3.12/site-packages/airflow/example_dags/example_sla_dag.py took 0.138 seconds
[2024-07-01T09:50:12.911-0400] {processor.py:161} INFO - Started process (PID=15706) to work on /Users/christophercunningham/airflow_workspace/data-flow/data_flow_env/lib/python3.12/site-packages/airflow/example_dags/example_sla_dag.py
[2024-07-01T09:50:12.913-0400] {processor.py:830} INFO - Processing file /Users/christophercunningham/airflow_workspace/data-flow/data_flow_env/lib/python3.12/site-packages/airflow/example_dags/example_sla_dag.py for tasks to queue
[2024-07-01T09:50:12.914-0400] {logging_mixin.py:188} INFO - [2024-07-01T09:50:12.914-0400] {dagbag.py:545} INFO - Filling up the DagBag from /Users/christophercunningham/airflow_workspace/data-flow/data_flow_env/lib/python3.12/site-packages/airflow/example_dags/example_sla_dag.py
[2024-07-01T09:50:12.943-0400] {processor.py:840} INFO - DAG(s) 'example_sla_dag' retrieved from /Users/christophercunningham/airflow_workspace/data-flow/data_flow_env/lib/python3.12/site-packages/airflow/example_dags/example_sla_dag.py
[2024-07-01T09:50:13.017-0400] {logging_mixin.py:188} INFO - [2024-07-01T09:50:13.017-0400] {dag.py:3096} INFO - Sync 1 DAGs
[2024-07-01T09:50:13.031-0400] {logging_mixin.py:188} INFO - [2024-07-01T09:50:13.031-0400] {dag.py:3954} INFO - Setting next_dagrun for example_sla_dag to 2024-07-01 13:48:00+00:00, run_after=2024-07-01 13:50:00+00:00
[2024-07-01T09:50:13.043-0400] {processor.py:183} INFO - Processing /Users/christophercunningham/airflow_workspace/data-flow/data_flow_env/lib/python3.12/site-packages/airflow/example_dags/example_sla_dag.py took 0.136 seconds
[2024-07-01T09:52:01.372-0400] {processor.py:161} INFO - Started process (PID=15881) to work on /Users/christophercunningham/airflow_workspace/data-flow/data_flow_env/lib/python3.12/site-packages/airflow/example_dags/example_sla_dag.py
[2024-07-01T09:52:01.374-0400] {processor.py:830} INFO - Processing file /Users/christophercunningham/airflow_workspace/data-flow/data_flow_env/lib/python3.12/site-packages/airflow/example_dags/example_sla_dag.py for tasks to queue
[2024-07-01T09:52:01.374-0400] {logging_mixin.py:188} INFO - [2024-07-01T09:52:01.374-0400] {dagbag.py:545} INFO - Filling up the DagBag from /Users/christophercunningham/airflow_workspace/data-flow/data_flow_env/lib/python3.12/site-packages/airflow/example_dags/example_sla_dag.py
[2024-07-01T09:52:01.401-0400] {processor.py:840} INFO - DAG(s) 'example_sla_dag' retrieved from /Users/christophercunningham/airflow_workspace/data-flow/data_flow_env/lib/python3.12/site-packages/airflow/example_dags/example_sla_dag.py
[2024-07-01T09:52:01.477-0400] {logging_mixin.py:188} INFO - [2024-07-01T09:52:01.477-0400] {dag.py:3096} INFO - Sync 1 DAGs
[2024-07-01T09:52:01.491-0400] {logging_mixin.py:188} INFO - [2024-07-01T09:52:01.491-0400] {dag.py:3954} INFO - Setting next_dagrun for example_sla_dag to 2024-07-01 13:50:00+00:00, run_after=2024-07-01 13:52:00+00:00
[2024-07-01T09:52:01.503-0400] {processor.py:183} INFO - Processing /Users/christophercunningham/airflow_workspace/data-flow/data_flow_env/lib/python3.12/site-packages/airflow/example_dags/example_sla_dag.py took 0.135 seconds
[2024-07-01T09:53:42.941-0400] {processor.py:161} INFO - Started process (PID=16048) to work on /Users/christophercunningham/airflow_workspace/data-flow/data_flow_env/lib/python3.12/site-packages/airflow/example_dags/example_sla_dag.py
[2024-07-01T09:53:42.943-0400] {processor.py:830} INFO - Processing file /Users/christophercunningham/airflow_workspace/data-flow/data_flow_env/lib/python3.12/site-packages/airflow/example_dags/example_sla_dag.py for tasks to queue
[2024-07-01T09:53:42.943-0400] {logging_mixin.py:188} INFO - [2024-07-01T09:53:42.943-0400] {dagbag.py:545} INFO - Filling up the DagBag from /Users/christophercunningham/airflow_workspace/data-flow/data_flow_env/lib/python3.12/site-packages/airflow/example_dags/example_sla_dag.py
[2024-07-01T09:53:42.976-0400] {processor.py:840} INFO - DAG(s) 'example_sla_dag' retrieved from /Users/christophercunningham/airflow_workspace/data-flow/data_flow_env/lib/python3.12/site-packages/airflow/example_dags/example_sla_dag.py
[2024-07-01T09:53:43.050-0400] {logging_mixin.py:188} INFO - [2024-07-01T09:53:43.050-0400] {dag.py:3096} INFO - Sync 1 DAGs
[2024-07-01T09:53:43.065-0400] {logging_mixin.py:188} INFO - [2024-07-01T09:53:43.065-0400] {dag.py:3954} INFO - Setting next_dagrun for example_sla_dag to 2024-07-01 13:50:00+00:00, run_after=2024-07-01 13:52:00+00:00
[2024-07-01T09:53:43.078-0400] {processor.py:183} INFO - Processing /Users/christophercunningham/airflow_workspace/data-flow/data_flow_env/lib/python3.12/site-packages/airflow/example_dags/example_sla_dag.py took 0.141 seconds
[2024-07-01T09:55:23.146-0400] {processor.py:161} INFO - Started process (PID=16274) to work on /Users/christophercunningham/airflow_workspace/data-flow/data_flow_env/lib/python3.12/site-packages/airflow/example_dags/example_sla_dag.py
[2024-07-01T09:55:23.148-0400] {processor.py:830} INFO - Processing file /Users/christophercunningham/airflow_workspace/data-flow/data_flow_env/lib/python3.12/site-packages/airflow/example_dags/example_sla_dag.py for tasks to queue
[2024-07-01T09:55:23.149-0400] {logging_mixin.py:188} INFO - [2024-07-01T09:55:23.149-0400] {dagbag.py:545} INFO - Filling up the DagBag from /Users/christophercunningham/airflow_workspace/data-flow/data_flow_env/lib/python3.12/site-packages/airflow/example_dags/example_sla_dag.py
[2024-07-01T09:55:23.177-0400] {processor.py:840} INFO - DAG(s) 'example_sla_dag' retrieved from /Users/christophercunningham/airflow_workspace/data-flow/data_flow_env/lib/python3.12/site-packages/airflow/example_dags/example_sla_dag.py
[2024-07-01T09:55:23.248-0400] {logging_mixin.py:188} INFO - [2024-07-01T09:55:23.247-0400] {dag.py:3096} INFO - Sync 1 DAGs
[2024-07-01T09:55:23.262-0400] {logging_mixin.py:188} INFO - [2024-07-01T09:55:23.262-0400] {dag.py:3954} INFO - Setting next_dagrun for example_sla_dag to 2024-07-01 13:52:00+00:00, run_after=2024-07-01 13:54:00+00:00
[2024-07-01T09:55:23.275-0400] {processor.py:183} INFO - Processing /Users/christophercunningham/airflow_workspace/data-flow/data_flow_env/lib/python3.12/site-packages/airflow/example_dags/example_sla_dag.py took 0.134 seconds
[2024-07-01T09:57:03.498-0400] {processor.py:161} INFO - Started process (PID=16481) to work on /Users/christophercunningham/airflow_workspace/data-flow/data_flow_env/lib/python3.12/site-packages/airflow/example_dags/example_sla_dag.py
[2024-07-01T09:57:03.499-0400] {processor.py:830} INFO - Processing file /Users/christophercunningham/airflow_workspace/data-flow/data_flow_env/lib/python3.12/site-packages/airflow/example_dags/example_sla_dag.py for tasks to queue
[2024-07-01T09:57:03.500-0400] {logging_mixin.py:188} INFO - [2024-07-01T09:57:03.500-0400] {dagbag.py:545} INFO - Filling up the DagBag from /Users/christophercunningham/airflow_workspace/data-flow/data_flow_env/lib/python3.12/site-packages/airflow/example_dags/example_sla_dag.py
[2024-07-01T09:57:03.530-0400] {processor.py:840} INFO - DAG(s) 'example_sla_dag' retrieved from /Users/christophercunningham/airflow_workspace/data-flow/data_flow_env/lib/python3.12/site-packages/airflow/example_dags/example_sla_dag.py
[2024-07-01T09:57:03.604-0400] {logging_mixin.py:188} INFO - [2024-07-01T09:57:03.603-0400] {dag.py:3096} INFO - Sync 1 DAGs
[2024-07-01T09:57:03.617-0400] {logging_mixin.py:188} INFO - [2024-07-01T09:57:03.617-0400] {dag.py:3954} INFO - Setting next_dagrun for example_sla_dag to 2024-07-01 13:54:00+00:00, run_after=2024-07-01 13:56:00+00:00
[2024-07-01T09:57:03.630-0400] {processor.py:183} INFO - Processing /Users/christophercunningham/airflow_workspace/data-flow/data_flow_env/lib/python3.12/site-packages/airflow/example_dags/example_sla_dag.py took 0.136 seconds
[2024-07-01T09:58:46.875-0400] {processor.py:161} INFO - Started process (PID=16711) to work on /Users/christophercunningham/airflow_workspace/data-flow/data_flow_env/lib/python3.12/site-packages/airflow/example_dags/example_sla_dag.py
[2024-07-01T09:58:46.877-0400] {processor.py:830} INFO - Processing file /Users/christophercunningham/airflow_workspace/data-flow/data_flow_env/lib/python3.12/site-packages/airflow/example_dags/example_sla_dag.py for tasks to queue
[2024-07-01T09:58:46.877-0400] {logging_mixin.py:188} INFO - [2024-07-01T09:58:46.877-0400] {dagbag.py:545} INFO - Filling up the DagBag from /Users/christophercunningham/airflow_workspace/data-flow/data_flow_env/lib/python3.12/site-packages/airflow/example_dags/example_sla_dag.py
[2024-07-01T09:58:46.908-0400] {processor.py:840} INFO - DAG(s) 'example_sla_dag' retrieved from /Users/christophercunningham/airflow_workspace/data-flow/data_flow_env/lib/python3.12/site-packages/airflow/example_dags/example_sla_dag.py
[2024-07-01T09:58:46.988-0400] {logging_mixin.py:188} INFO - [2024-07-01T09:58:46.987-0400] {dag.py:3096} INFO - Sync 1 DAGs
[2024-07-01T09:58:47.002-0400] {logging_mixin.py:188} INFO - [2024-07-01T09:58:47.001-0400] {dag.py:3954} INFO - Setting next_dagrun for example_sla_dag to 2024-07-01 13:56:00+00:00, run_after=2024-07-01 13:58:00+00:00
[2024-07-01T09:58:47.014-0400] {processor.py:183} INFO - Processing /Users/christophercunningham/airflow_workspace/data-flow/data_flow_env/lib/python3.12/site-packages/airflow/example_dags/example_sla_dag.py took 0.144 seconds
[2024-07-01T10:00:29.471-0400] {processor.py:161} INFO - Started process (PID=16968) to work on /Users/christophercunningham/airflow_workspace/data-flow/data_flow_env/lib/python3.12/site-packages/airflow/example_dags/example_sla_dag.py
[2024-07-01T10:00:29.472-0400] {processor.py:830} INFO - Processing file /Users/christophercunningham/airflow_workspace/data-flow/data_flow_env/lib/python3.12/site-packages/airflow/example_dags/example_sla_dag.py for tasks to queue
[2024-07-01T10:00:29.473-0400] {logging_mixin.py:188} INFO - [2024-07-01T10:00:29.472-0400] {dagbag.py:545} INFO - Filling up the DagBag from /Users/christophercunningham/airflow_workspace/data-flow/data_flow_env/lib/python3.12/site-packages/airflow/example_dags/example_sla_dag.py
[2024-07-01T10:00:29.507-0400] {processor.py:840} INFO - DAG(s) 'example_sla_dag' retrieved from /Users/christophercunningham/airflow_workspace/data-flow/data_flow_env/lib/python3.12/site-packages/airflow/example_dags/example_sla_dag.py
[2024-07-01T10:00:29.585-0400] {logging_mixin.py:188} INFO - [2024-07-01T10:00:29.585-0400] {dag.py:3096} INFO - Sync 1 DAGs
[2024-07-01T10:00:29.599-0400] {logging_mixin.py:188} INFO - [2024-07-01T10:00:29.599-0400] {dag.py:3954} INFO - Setting next_dagrun for example_sla_dag to 2024-07-01 13:58:00+00:00, run_after=2024-07-01 14:00:00+00:00
[2024-07-01T10:00:29.616-0400] {processor.py:183} INFO - Processing /Users/christophercunningham/airflow_workspace/data-flow/data_flow_env/lib/python3.12/site-packages/airflow/example_dags/example_sla_dag.py took 0.150 seconds
[2024-07-01T10:02:11.989-0400] {processor.py:161} INFO - Started process (PID=17179) to work on /Users/christophercunningham/airflow_workspace/data-flow/data_flow_env/lib/python3.12/site-packages/airflow/example_dags/example_sla_dag.py
[2024-07-01T10:02:11.990-0400] {processor.py:830} INFO - Processing file /Users/christophercunningham/airflow_workspace/data-flow/data_flow_env/lib/python3.12/site-packages/airflow/example_dags/example_sla_dag.py for tasks to queue
[2024-07-01T10:02:11.990-0400] {logging_mixin.py:188} INFO - [2024-07-01T10:02:11.990-0400] {dagbag.py:545} INFO - Filling up the DagBag from /Users/christophercunningham/airflow_workspace/data-flow/data_flow_env/lib/python3.12/site-packages/airflow/example_dags/example_sla_dag.py
[2024-07-01T10:02:12.023-0400] {processor.py:840} INFO - DAG(s) 'example_sla_dag' retrieved from /Users/christophercunningham/airflow_workspace/data-flow/data_flow_env/lib/python3.12/site-packages/airflow/example_dags/example_sla_dag.py
[2024-07-01T10:02:12.099-0400] {logging_mixin.py:188} INFO - [2024-07-01T10:02:12.099-0400] {dag.py:3096} INFO - Sync 1 DAGs
[2024-07-01T10:02:12.114-0400] {logging_mixin.py:188} INFO - [2024-07-01T10:02:12.114-0400] {dag.py:3954} INFO - Setting next_dagrun for example_sla_dag to 2024-07-01 14:00:00+00:00, run_after=2024-07-01 14:02:00+00:00
[2024-07-01T10:02:12.126-0400] {processor.py:183} INFO - Processing /Users/christophercunningham/airflow_workspace/data-flow/data_flow_env/lib/python3.12/site-packages/airflow/example_dags/example_sla_dag.py took 0.143 seconds
[2024-07-01T10:03:58.486-0400] {processor.py:161} INFO - Started process (PID=17392) to work on /Users/christophercunningham/airflow_workspace/data-flow/data_flow_env/lib/python3.12/site-packages/airflow/example_dags/example_sla_dag.py
[2024-07-01T10:03:58.487-0400] {processor.py:830} INFO - Processing file /Users/christophercunningham/airflow_workspace/data-flow/data_flow_env/lib/python3.12/site-packages/airflow/example_dags/example_sla_dag.py for tasks to queue
[2024-07-01T10:03:58.488-0400] {logging_mixin.py:188} INFO - [2024-07-01T10:03:58.488-0400] {dagbag.py:545} INFO - Filling up the DagBag from /Users/christophercunningham/airflow_workspace/data-flow/data_flow_env/lib/python3.12/site-packages/airflow/example_dags/example_sla_dag.py
[2024-07-01T10:03:58.520-0400] {processor.py:840} INFO - DAG(s) 'example_sla_dag' retrieved from /Users/christophercunningham/airflow_workspace/data-flow/data_flow_env/lib/python3.12/site-packages/airflow/example_dags/example_sla_dag.py
[2024-07-01T10:03:58.596-0400] {logging_mixin.py:188} INFO - [2024-07-01T10:03:58.596-0400] {dag.py:3096} INFO - Sync 1 DAGs
[2024-07-01T10:03:58.612-0400] {logging_mixin.py:188} INFO - [2024-07-01T10:03:58.612-0400] {dag.py:3954} INFO - Setting next_dagrun for example_sla_dag to 2024-07-01 14:00:00+00:00, run_after=2024-07-01 14:02:00+00:00
[2024-07-01T10:03:58.626-0400] {processor.py:183} INFO - Processing /Users/christophercunningham/airflow_workspace/data-flow/data_flow_env/lib/python3.12/site-packages/airflow/example_dags/example_sla_dag.py took 0.143 seconds
[2024-07-01T10:05:49.622-0400] {processor.py:161} INFO - Started process (PID=17625) to work on /Users/christophercunningham/airflow_workspace/data-flow/data_flow_env/lib/python3.12/site-packages/airflow/example_dags/example_sla_dag.py
[2024-07-01T10:05:49.623-0400] {processor.py:830} INFO - Processing file /Users/christophercunningham/airflow_workspace/data-flow/data_flow_env/lib/python3.12/site-packages/airflow/example_dags/example_sla_dag.py for tasks to queue
[2024-07-01T10:05:49.624-0400] {logging_mixin.py:188} INFO - [2024-07-01T10:05:49.624-0400] {dagbag.py:545} INFO - Filling up the DagBag from /Users/christophercunningham/airflow_workspace/data-flow/data_flow_env/lib/python3.12/site-packages/airflow/example_dags/example_sla_dag.py
[2024-07-01T10:05:49.657-0400] {processor.py:840} INFO - DAG(s) 'example_sla_dag' retrieved from /Users/christophercunningham/airflow_workspace/data-flow/data_flow_env/lib/python3.12/site-packages/airflow/example_dags/example_sla_dag.py
[2024-07-01T10:05:49.729-0400] {logging_mixin.py:188} INFO - [2024-07-01T10:05:49.729-0400] {dag.py:3096} INFO - Sync 1 DAGs
[2024-07-01T10:05:49.746-0400] {logging_mixin.py:188} INFO - [2024-07-01T10:05:49.746-0400] {dag.py:3954} INFO - Setting next_dagrun for example_sla_dag to 2024-07-01 14:02:00+00:00, run_after=2024-07-01 14:04:00+00:00
[2024-07-01T10:05:49.760-0400] {processor.py:183} INFO - Processing /Users/christophercunningham/airflow_workspace/data-flow/data_flow_env/lib/python3.12/site-packages/airflow/example_dags/example_sla_dag.py took 0.141 seconds
[2024-07-01T10:07:39.540-0400] {processor.py:161} INFO - Started process (PID=17858) to work on /Users/christophercunningham/airflow_workspace/data-flow/data_flow_env/lib/python3.12/site-packages/airflow/example_dags/example_sla_dag.py
[2024-07-01T10:07:39.542-0400] {processor.py:830} INFO - Processing file /Users/christophercunningham/airflow_workspace/data-flow/data_flow_env/lib/python3.12/site-packages/airflow/example_dags/example_sla_dag.py for tasks to queue
[2024-07-01T10:07:39.542-0400] {logging_mixin.py:188} INFO - [2024-07-01T10:07:39.542-0400] {dagbag.py:545} INFO - Filling up the DagBag from /Users/christophercunningham/airflow_workspace/data-flow/data_flow_env/lib/python3.12/site-packages/airflow/example_dags/example_sla_dag.py
[2024-07-01T10:07:39.570-0400] {processor.py:840} INFO - DAG(s) 'example_sla_dag' retrieved from /Users/christophercunningham/airflow_workspace/data-flow/data_flow_env/lib/python3.12/site-packages/airflow/example_dags/example_sla_dag.py
[2024-07-01T10:07:39.641-0400] {logging_mixin.py:188} INFO - [2024-07-01T10:07:39.641-0400] {dag.py:3096} INFO - Sync 1 DAGs
[2024-07-01T10:07:39.658-0400] {logging_mixin.py:188} INFO - [2024-07-01T10:07:39.657-0400] {dag.py:3954} INFO - Setting next_dagrun for example_sla_dag to 2024-07-01 14:04:00+00:00, run_after=2024-07-01 14:06:00+00:00
[2024-07-01T10:07:39.674-0400] {processor.py:183} INFO - Processing /Users/christophercunningham/airflow_workspace/data-flow/data_flow_env/lib/python3.12/site-packages/airflow/example_dags/example_sla_dag.py took 0.139 seconds
[2024-07-01T10:09:26.387-0400] {processor.py:161} INFO - Started process (PID=18074) to work on /Users/christophercunningham/airflow_workspace/data-flow/data_flow_env/lib/python3.12/site-packages/airflow/example_dags/example_sla_dag.py
[2024-07-01T10:09:26.389-0400] {processor.py:830} INFO - Processing file /Users/christophercunningham/airflow_workspace/data-flow/data_flow_env/lib/python3.12/site-packages/airflow/example_dags/example_sla_dag.py for tasks to queue
[2024-07-01T10:09:26.389-0400] {logging_mixin.py:188} INFO - [2024-07-01T10:09:26.389-0400] {dagbag.py:545} INFO - Filling up the DagBag from /Users/christophercunningham/airflow_workspace/data-flow/data_flow_env/lib/python3.12/site-packages/airflow/example_dags/example_sla_dag.py
[2024-07-01T10:09:26.418-0400] {processor.py:840} INFO - DAG(s) 'example_sla_dag' retrieved from /Users/christophercunningham/airflow_workspace/data-flow/data_flow_env/lib/python3.12/site-packages/airflow/example_dags/example_sla_dag.py
[2024-07-01T10:09:26.492-0400] {logging_mixin.py:188} INFO - [2024-07-01T10:09:26.492-0400] {dag.py:3096} INFO - Sync 1 DAGs
[2024-07-01T10:09:26.506-0400] {logging_mixin.py:188} INFO - [2024-07-01T10:09:26.505-0400] {dag.py:3954} INFO - Setting next_dagrun for example_sla_dag to 2024-07-01 14:06:00+00:00, run_after=2024-07-01 14:08:00+00:00
[2024-07-01T10:09:26.519-0400] {processor.py:183} INFO - Processing /Users/christophercunningham/airflow_workspace/data-flow/data_flow_env/lib/python3.12/site-packages/airflow/example_dags/example_sla_dag.py took 0.136 seconds
[2024-07-01T10:11:09.104-0400] {processor.py:161} INFO - Started process (PID=18331) to work on /Users/christophercunningham/airflow_workspace/data-flow/data_flow_env/lib/python3.12/site-packages/airflow/example_dags/example_sla_dag.py
[2024-07-01T10:11:09.106-0400] {processor.py:830} INFO - Processing file /Users/christophercunningham/airflow_workspace/data-flow/data_flow_env/lib/python3.12/site-packages/airflow/example_dags/example_sla_dag.py for tasks to queue
[2024-07-01T10:11:09.107-0400] {logging_mixin.py:188} INFO - [2024-07-01T10:11:09.106-0400] {dagbag.py:545} INFO - Filling up the DagBag from /Users/christophercunningham/airflow_workspace/data-flow/data_flow_env/lib/python3.12/site-packages/airflow/example_dags/example_sla_dag.py
[2024-07-01T10:11:09.134-0400] {processor.py:840} INFO - DAG(s) 'example_sla_dag' retrieved from /Users/christophercunningham/airflow_workspace/data-flow/data_flow_env/lib/python3.12/site-packages/airflow/example_dags/example_sla_dag.py
[2024-07-01T10:11:09.209-0400] {logging_mixin.py:188} INFO - [2024-07-01T10:11:09.209-0400] {dag.py:3096} INFO - Sync 1 DAGs
[2024-07-01T10:11:09.223-0400] {logging_mixin.py:188} INFO - [2024-07-01T10:11:09.223-0400] {dag.py:3954} INFO - Setting next_dagrun for example_sla_dag to 2024-07-01 14:08:00+00:00, run_after=2024-07-01 14:10:00+00:00
[2024-07-01T10:11:09.235-0400] {processor.py:183} INFO - Processing /Users/christophercunningham/airflow_workspace/data-flow/data_flow_env/lib/python3.12/site-packages/airflow/example_dags/example_sla_dag.py took 0.136 seconds
[2024-07-01T10:12:48.750-0400] {processor.py:161} INFO - Started process (PID=18533) to work on /Users/christophercunningham/airflow_workspace/data-flow/data_flow_env/lib/python3.12/site-packages/airflow/example_dags/example_sla_dag.py
[2024-07-01T10:12:48.751-0400] {processor.py:830} INFO - Processing file /Users/christophercunningham/airflow_workspace/data-flow/data_flow_env/lib/python3.12/site-packages/airflow/example_dags/example_sla_dag.py for tasks to queue
[2024-07-01T10:12:48.752-0400] {logging_mixin.py:188} INFO - [2024-07-01T10:12:48.751-0400] {dagbag.py:545} INFO - Filling up the DagBag from /Users/christophercunningham/airflow_workspace/data-flow/data_flow_env/lib/python3.12/site-packages/airflow/example_dags/example_sla_dag.py
[2024-07-01T10:12:48.785-0400] {processor.py:840} INFO - DAG(s) 'example_sla_dag' retrieved from /Users/christophercunningham/airflow_workspace/data-flow/data_flow_env/lib/python3.12/site-packages/airflow/example_dags/example_sla_dag.py
[2024-07-01T10:12:48.865-0400] {logging_mixin.py:188} INFO - [2024-07-01T10:12:48.865-0400] {dag.py:3096} INFO - Sync 1 DAGs
[2024-07-01T10:12:48.879-0400] {logging_mixin.py:188} INFO - [2024-07-01T10:12:48.878-0400] {dag.py:3954} INFO - Setting next_dagrun for example_sla_dag to 2024-07-01 14:10:00+00:00, run_after=2024-07-01 14:12:00+00:00
[2024-07-01T10:12:48.891-0400] {processor.py:183} INFO - Processing /Users/christophercunningham/airflow_workspace/data-flow/data_flow_env/lib/python3.12/site-packages/airflow/example_dags/example_sla_dag.py took 0.144 seconds
[2024-07-01T10:14:36.820-0400] {processor.py:161} INFO - Started process (PID=18797) to work on /Users/christophercunningham/airflow_workspace/data-flow/data_flow_env/lib/python3.12/site-packages/airflow/example_dags/example_sla_dag.py
[2024-07-01T10:14:36.822-0400] {processor.py:830} INFO - Processing file /Users/christophercunningham/airflow_workspace/data-flow/data_flow_env/lib/python3.12/site-packages/airflow/example_dags/example_sla_dag.py for tasks to queue
[2024-07-01T10:14:36.822-0400] {logging_mixin.py:188} INFO - [2024-07-01T10:14:36.822-0400] {dagbag.py:545} INFO - Filling up the DagBag from /Users/christophercunningham/airflow_workspace/data-flow/data_flow_env/lib/python3.12/site-packages/airflow/example_dags/example_sla_dag.py
[2024-07-01T10:14:36.868-0400] {processor.py:840} INFO - DAG(s) 'example_sla_dag' retrieved from /Users/christophercunningham/airflow_workspace/data-flow/data_flow_env/lib/python3.12/site-packages/airflow/example_dags/example_sla_dag.py
[2024-07-01T10:14:36.964-0400] {logging_mixin.py:188} INFO - [2024-07-01T10:14:36.963-0400] {dag.py:3096} INFO - Sync 1 DAGs
[2024-07-01T10:14:36.982-0400] {logging_mixin.py:188} INFO - [2024-07-01T10:14:36.981-0400] {dag.py:3954} INFO - Setting next_dagrun for example_sla_dag to 2024-07-01 14:12:00+00:00, run_after=2024-07-01 14:14:00+00:00
[2024-07-01T10:14:36.997-0400] {processor.py:183} INFO - Processing /Users/christophercunningham/airflow_workspace/data-flow/data_flow_env/lib/python3.12/site-packages/airflow/example_dags/example_sla_dag.py took 0.182 seconds
[2024-07-01T10:16:21.920-0400] {processor.py:161} INFO - Started process (PID=19048) to work on /Users/christophercunningham/airflow_workspace/data-flow/data_flow_env/lib/python3.12/site-packages/airflow/example_dags/example_sla_dag.py
[2024-07-01T10:16:21.922-0400] {processor.py:830} INFO - Processing file /Users/christophercunningham/airflow_workspace/data-flow/data_flow_env/lib/python3.12/site-packages/airflow/example_dags/example_sla_dag.py for tasks to queue
[2024-07-01T10:16:21.922-0400] {logging_mixin.py:188} INFO - [2024-07-01T10:16:21.922-0400] {dagbag.py:545} INFO - Filling up the DagBag from /Users/christophercunningham/airflow_workspace/data-flow/data_flow_env/lib/python3.12/site-packages/airflow/example_dags/example_sla_dag.py
[2024-07-01T10:16:21.951-0400] {processor.py:840} INFO - DAG(s) 'example_sla_dag' retrieved from /Users/christophercunningham/airflow_workspace/data-flow/data_flow_env/lib/python3.12/site-packages/airflow/example_dags/example_sla_dag.py
[2024-07-01T10:16:22.023-0400] {logging_mixin.py:188} INFO - [2024-07-01T10:16:22.023-0400] {dag.py:3096} INFO - Sync 1 DAGs
[2024-07-01T10:16:22.036-0400] {logging_mixin.py:188} INFO - [2024-07-01T10:16:22.036-0400] {dag.py:3954} INFO - Setting next_dagrun for example_sla_dag to 2024-07-01 14:14:00+00:00, run_after=2024-07-01 14:16:00+00:00
[2024-07-01T10:16:22.049-0400] {processor.py:183} INFO - Processing /Users/christophercunningham/airflow_workspace/data-flow/data_flow_env/lib/python3.12/site-packages/airflow/example_dags/example_sla_dag.py took 0.134 seconds
[2024-07-01T10:18:12.605-0400] {processor.py:161} INFO - Started process (PID=19254) to work on /Users/christophercunningham/airflow_workspace/data-flow/data_flow_env/lib/python3.12/site-packages/airflow/example_dags/example_sla_dag.py
[2024-07-01T10:18:12.606-0400] {processor.py:830} INFO - Processing file /Users/christophercunningham/airflow_workspace/data-flow/data_flow_env/lib/python3.12/site-packages/airflow/example_dags/example_sla_dag.py for tasks to queue
[2024-07-01T10:18:12.607-0400] {logging_mixin.py:188} INFO - [2024-07-01T10:18:12.607-0400] {dagbag.py:545} INFO - Filling up the DagBag from /Users/christophercunningham/airflow_workspace/data-flow/data_flow_env/lib/python3.12/site-packages/airflow/example_dags/example_sla_dag.py
[2024-07-01T10:18:12.639-0400] {processor.py:840} INFO - DAG(s) 'example_sla_dag' retrieved from /Users/christophercunningham/airflow_workspace/data-flow/data_flow_env/lib/python3.12/site-packages/airflow/example_dags/example_sla_dag.py
[2024-07-01T10:18:12.724-0400] {logging_mixin.py:188} INFO - [2024-07-01T10:18:12.723-0400] {dag.py:3096} INFO - Sync 1 DAGs
[2024-07-01T10:18:12.737-0400] {logging_mixin.py:188} INFO - [2024-07-01T10:18:12.737-0400] {dag.py:3954} INFO - Setting next_dagrun for example_sla_dag to 2024-07-01 14:16:00+00:00, run_after=2024-07-01 14:18:00+00:00
[2024-07-01T10:18:12.750-0400] {processor.py:183} INFO - Processing /Users/christophercunningham/airflow_workspace/data-flow/data_flow_env/lib/python3.12/site-packages/airflow/example_dags/example_sla_dag.py took 0.151 seconds
[2024-07-01T10:39:29.031-0400] {processor.py:161} INFO - Started process (PID=21180) to work on /Users/christophercunningham/airflow_workspace/data-flow/data_flow_env/lib/python3.12/site-packages/airflow/example_dags/example_sla_dag.py
[2024-07-01T10:39:29.033-0400] {processor.py:830} INFO - Processing file /Users/christophercunningham/airflow_workspace/data-flow/data_flow_env/lib/python3.12/site-packages/airflow/example_dags/example_sla_dag.py for tasks to queue
[2024-07-01T10:39:29.033-0400] {logging_mixin.py:188} INFO - [2024-07-01T10:39:29.033-0400] {dagbag.py:545} INFO - Filling up the DagBag from /Users/christophercunningham/airflow_workspace/data-flow/data_flow_env/lib/python3.12/site-packages/airflow/example_dags/example_sla_dag.py
[2024-07-01T10:39:29.064-0400] {processor.py:840} INFO - DAG(s) 'example_sla_dag' retrieved from /Users/christophercunningham/airflow_workspace/data-flow/data_flow_env/lib/python3.12/site-packages/airflow/example_dags/example_sla_dag.py
[2024-07-01T10:39:29.261-0400] {logging_mixin.py:188} INFO - [2024-07-01T10:39:29.261-0400] {dag.py:3096} INFO - Sync 1 DAGs
[2024-07-01T10:39:29.276-0400] {logging_mixin.py:188} INFO - [2024-07-01T10:39:29.276-0400] {dag.py:3954} INFO - Setting next_dagrun for example_sla_dag to 2024-07-01 14:36:00+00:00, run_after=2024-07-01 14:38:00+00:00
[2024-07-01T10:39:29.291-0400] {processor.py:183} INFO - Processing /Users/christophercunningham/airflow_workspace/data-flow/data_flow_env/lib/python3.12/site-packages/airflow/example_dags/example_sla_dag.py took 0.262 seconds
