[2024-07-01T09:32:55.964-0400] {processor.py:161} INFO - Started process (PID=14001) to work on /Users/christophercunningham/airflow_workspace/data-flow/data_flow_env/lib/python3.12/site-packages/airflow/example_dags/example_datasets.py
[2024-07-01T09:32:55.965-0400] {processor.py:830} INFO - Processing file /Users/christophercunningham/airflow_workspace/data-flow/data_flow_env/lib/python3.12/site-packages/airflow/example_dags/example_datasets.py for tasks to queue
[2024-07-01T09:32:55.966-0400] {logging_mixin.py:188} INFO - [2024-07-01T09:32:55.965-0400] {dagbag.py:545} INFO - Filling up the DagBag from /Users/christophercunningham/airflow_workspace/data-flow/data_flow_env/lib/python3.12/site-packages/airflow/example_dags/example_datasets.py
[2024-07-01T09:32:56.013-0400] {processor.py:840} INFO - DAG(s) 'dataset_consumes_1_and_2', 'dataset_consumes_1_never_scheduled', 'consume_1_or_both_2_and_3_with_dataset_expressions', 'dataset_produces_2', 'consume_1_or_2_with_dataset_expressions', 'dataset_consumes_unknown_never_scheduled', 'dataset_consumes_1', 'conditional_dataset_and_time_based_timetable', 'consume_1_and_2_with_dataset_expressions', 'dataset_produces_1' retrieved from /Users/christophercunningham/airflow_workspace/data-flow/data_flow_env/lib/python3.12/site-packages/airflow/example_dags/example_datasets.py
[2024-07-01T09:32:56.200-0400] {logging_mixin.py:188} INFO - [2024-07-01T09:32:56.199-0400] {dag.py:3096} INFO - Sync 10 DAGs
[2024-07-01T09:32:56.259-0400] {logging_mixin.py:188} INFO - [2024-07-01T09:32:56.259-0400] {dag.py:3954} INFO - Setting next_dagrun for conditional_dataset_and_time_based_timetable to 2024-06-26 01:00:00+00:00, run_after=2024-06-26 01:00:00+00:00
[2024-07-01T09:32:56.261-0400] {logging_mixin.py:188} INFO - [2024-07-01T09:32:56.261-0400] {dag.py:3954} INFO - Setting next_dagrun for consume_1_and_2_with_dataset_expressions to None, run_after=None
[2024-07-01T09:32:56.262-0400] {logging_mixin.py:188} INFO - [2024-07-01T09:32:56.262-0400] {dag.py:3954} INFO - Setting next_dagrun for consume_1_or_2_with_dataset_expressions to None, run_after=None
[2024-07-01T09:32:56.263-0400] {logging_mixin.py:188} INFO - [2024-07-01T09:32:56.263-0400] {dag.py:3954} INFO - Setting next_dagrun for consume_1_or_both_2_and_3_with_dataset_expressions to None, run_after=None
[2024-07-01T09:32:56.264-0400] {logging_mixin.py:188} INFO - [2024-07-01T09:32:56.264-0400] {dag.py:3954} INFO - Setting next_dagrun for dataset_consumes_1 to None, run_after=None
[2024-07-01T09:32:56.265-0400] {logging_mixin.py:188} INFO - [2024-07-01T09:32:56.265-0400] {dag.py:3954} INFO - Setting next_dagrun for dataset_consumes_1_and_2 to None, run_after=None
[2024-07-01T09:32:56.266-0400] {logging_mixin.py:188} INFO - [2024-07-01T09:32:56.266-0400] {dag.py:3954} INFO - Setting next_dagrun for dataset_consumes_1_never_scheduled to None, run_after=None
[2024-07-01T09:32:56.267-0400] {logging_mixin.py:188} INFO - [2024-07-01T09:32:56.267-0400] {dag.py:3954} INFO - Setting next_dagrun for dataset_consumes_unknown_never_scheduled to None, run_after=None
[2024-07-01T09:32:56.269-0400] {logging_mixin.py:188} INFO - [2024-07-01T09:32:56.269-0400] {dag.py:3954} INFO - Setting next_dagrun for dataset_produces_1 to 2024-06-30 00:00:00+00:00, run_after=2024-07-01 00:00:00+00:00
[2024-07-01T09:32:56.270-0400] {logging_mixin.py:188} INFO - [2024-07-01T09:32:56.270-0400] {dag.py:3954} INFO - Setting next_dagrun for dataset_produces_2 to None, run_after=None
[2024-07-01T09:32:56.294-0400] {processor.py:183} INFO - Processing /Users/christophercunningham/airflow_workspace/data-flow/data_flow_env/lib/python3.12/site-packages/airflow/example_dags/example_datasets.py took 0.336 seconds
[2024-07-01T09:35:07.341-0400] {processor.py:161} INFO - Started process (PID=14222) to work on /Users/christophercunningham/airflow_workspace/data-flow/data_flow_env/lib/python3.12/site-packages/airflow/example_dags/example_datasets.py
[2024-07-01T09:35:07.342-0400] {processor.py:830} INFO - Processing file /Users/christophercunningham/airflow_workspace/data-flow/data_flow_env/lib/python3.12/site-packages/airflow/example_dags/example_datasets.py for tasks to queue
[2024-07-01T09:35:07.343-0400] {logging_mixin.py:188} INFO - [2024-07-01T09:35:07.343-0400] {dagbag.py:545} INFO - Filling up the DagBag from /Users/christophercunningham/airflow_workspace/data-flow/data_flow_env/lib/python3.12/site-packages/airflow/example_dags/example_datasets.py
[2024-07-01T09:35:07.397-0400] {processor.py:840} INFO - DAG(s) 'consume_1_and_2_with_dataset_expressions', 'dataset_consumes_1', 'dataset_produces_1', 'dataset_consumes_1_and_2', 'conditional_dataset_and_time_based_timetable', 'consume_1_or_both_2_and_3_with_dataset_expressions', 'dataset_consumes_1_never_scheduled', 'dataset_produces_2', 'consume_1_or_2_with_dataset_expressions', 'dataset_consumes_unknown_never_scheduled' retrieved from /Users/christophercunningham/airflow_workspace/data-flow/data_flow_env/lib/python3.12/site-packages/airflow/example_dags/example_datasets.py
[2024-07-01T09:35:07.493-0400] {logging_mixin.py:188} INFO - [2024-07-01T09:35:07.493-0400] {dag.py:3096} INFO - Sync 10 DAGs
[2024-07-01T09:35:07.506-0400] {logging_mixin.py:188} INFO - [2024-07-01T09:35:07.506-0400] {dag.py:3954} INFO - Setting next_dagrun for conditional_dataset_and_time_based_timetable to 2024-06-26 01:00:00+00:00, run_after=2024-06-26 01:00:00+00:00
[2024-07-01T09:35:07.509-0400] {logging_mixin.py:188} INFO - [2024-07-01T09:35:07.508-0400] {dag.py:3954} INFO - Setting next_dagrun for consume_1_and_2_with_dataset_expressions to None, run_after=None
[2024-07-01T09:35:07.509-0400] {logging_mixin.py:188} INFO - [2024-07-01T09:35:07.509-0400] {dag.py:3954} INFO - Setting next_dagrun for consume_1_or_2_with_dataset_expressions to None, run_after=None
[2024-07-01T09:35:07.510-0400] {logging_mixin.py:188} INFO - [2024-07-01T09:35:07.510-0400] {dag.py:3954} INFO - Setting next_dagrun for consume_1_or_both_2_and_3_with_dataset_expressions to None, run_after=None
[2024-07-01T09:35:07.510-0400] {logging_mixin.py:188} INFO - [2024-07-01T09:35:07.510-0400] {dag.py:3954} INFO - Setting next_dagrun for dataset_consumes_1 to None, run_after=None
[2024-07-01T09:35:07.511-0400] {logging_mixin.py:188} INFO - [2024-07-01T09:35:07.511-0400] {dag.py:3954} INFO - Setting next_dagrun for dataset_consumes_1_and_2 to None, run_after=None
[2024-07-01T09:35:07.512-0400] {logging_mixin.py:188} INFO - [2024-07-01T09:35:07.512-0400] {dag.py:3954} INFO - Setting next_dagrun for dataset_consumes_1_never_scheduled to None, run_after=None
[2024-07-01T09:35:07.512-0400] {logging_mixin.py:188} INFO - [2024-07-01T09:35:07.512-0400] {dag.py:3954} INFO - Setting next_dagrun for dataset_consumes_unknown_never_scheduled to None, run_after=None
[2024-07-01T09:35:07.514-0400] {logging_mixin.py:188} INFO - [2024-07-01T09:35:07.514-0400] {dag.py:3954} INFO - Setting next_dagrun for dataset_produces_1 to 2024-06-30 00:00:00+00:00, run_after=2024-07-01 00:00:00+00:00
[2024-07-01T09:35:07.514-0400] {logging_mixin.py:188} INFO - [2024-07-01T09:35:07.514-0400] {dag.py:3954} INFO - Setting next_dagrun for dataset_produces_2 to None, run_after=None
[2024-07-01T09:35:07.534-0400] {processor.py:183} INFO - Processing /Users/christophercunningham/airflow_workspace/data-flow/data_flow_env/lib/python3.12/site-packages/airflow/example_dags/example_datasets.py took 0.198 seconds
[2024-07-01T09:38:36.039-0400] {processor.py:161} INFO - Started process (PID=14540) to work on /Users/christophercunningham/airflow_workspace/data-flow/data_flow_env/lib/python3.12/site-packages/airflow/example_dags/example_datasets.py
[2024-07-01T09:38:36.040-0400] {processor.py:830} INFO - Processing file /Users/christophercunningham/airflow_workspace/data-flow/data_flow_env/lib/python3.12/site-packages/airflow/example_dags/example_datasets.py for tasks to queue
[2024-07-01T09:38:36.041-0400] {logging_mixin.py:188} INFO - [2024-07-01T09:38:36.041-0400] {dagbag.py:545} INFO - Filling up the DagBag from /Users/christophercunningham/airflow_workspace/data-flow/data_flow_env/lib/python3.12/site-packages/airflow/example_dags/example_datasets.py
[2024-07-01T09:38:36.079-0400] {processor.py:840} INFO - DAG(s) 'consume_1_and_2_with_dataset_expressions', 'dataset_produces_1', 'consume_1_or_2_with_dataset_expressions', 'dataset_consumes_1', 'dataset_consumes_1_never_scheduled', 'dataset_consumes_1_and_2', 'dataset_consumes_unknown_never_scheduled', 'conditional_dataset_and_time_based_timetable', 'consume_1_or_both_2_and_3_with_dataset_expressions', 'dataset_produces_2' retrieved from /Users/christophercunningham/airflow_workspace/data-flow/data_flow_env/lib/python3.12/site-packages/airflow/example_dags/example_datasets.py
[2024-07-01T09:38:36.170-0400] {logging_mixin.py:188} INFO - [2024-07-01T09:38:36.169-0400] {dag.py:3096} INFO - Sync 10 DAGs
[2024-07-01T09:38:36.183-0400] {logging_mixin.py:188} INFO - [2024-07-01T09:38:36.183-0400] {dag.py:3954} INFO - Setting next_dagrun for conditional_dataset_and_time_based_timetable to 2024-06-26 01:00:00+00:00, run_after=2024-06-26 01:00:00+00:00
[2024-07-01T09:38:36.185-0400] {logging_mixin.py:188} INFO - [2024-07-01T09:38:36.185-0400] {dag.py:3954} INFO - Setting next_dagrun for consume_1_and_2_with_dataset_expressions to None, run_after=None
[2024-07-01T09:38:36.186-0400] {logging_mixin.py:188} INFO - [2024-07-01T09:38:36.186-0400] {dag.py:3954} INFO - Setting next_dagrun for consume_1_or_2_with_dataset_expressions to None, run_after=None
[2024-07-01T09:38:36.187-0400] {logging_mixin.py:188} INFO - [2024-07-01T09:38:36.187-0400] {dag.py:3954} INFO - Setting next_dagrun for consume_1_or_both_2_and_3_with_dataset_expressions to None, run_after=None
[2024-07-01T09:38:36.187-0400] {logging_mixin.py:188} INFO - [2024-07-01T09:38:36.187-0400] {dag.py:3954} INFO - Setting next_dagrun for dataset_consumes_1 to None, run_after=None
[2024-07-01T09:38:36.188-0400] {logging_mixin.py:188} INFO - [2024-07-01T09:38:36.188-0400] {dag.py:3954} INFO - Setting next_dagrun for dataset_consumes_1_and_2 to None, run_after=None
[2024-07-01T09:38:36.189-0400] {logging_mixin.py:188} INFO - [2024-07-01T09:38:36.188-0400] {dag.py:3954} INFO - Setting next_dagrun for dataset_consumes_1_never_scheduled to None, run_after=None
[2024-07-01T09:38:36.189-0400] {logging_mixin.py:188} INFO - [2024-07-01T09:38:36.189-0400] {dag.py:3954} INFO - Setting next_dagrun for dataset_consumes_unknown_never_scheduled to None, run_after=None
[2024-07-01T09:38:36.191-0400] {logging_mixin.py:188} INFO - [2024-07-01T09:38:36.190-0400] {dag.py:3954} INFO - Setting next_dagrun for dataset_produces_1 to 2024-06-30 00:00:00+00:00, run_after=2024-07-01 00:00:00+00:00
[2024-07-01T09:38:36.191-0400] {logging_mixin.py:188} INFO - [2024-07-01T09:38:36.191-0400] {dag.py:3954} INFO - Setting next_dagrun for dataset_produces_2 to None, run_after=None
[2024-07-01T09:38:36.211-0400] {processor.py:183} INFO - Processing /Users/christophercunningham/airflow_workspace/data-flow/data_flow_env/lib/python3.12/site-packages/airflow/example_dags/example_datasets.py took 0.178 seconds
[2024-07-01T09:42:06.784-0400] {processor.py:161} INFO - Started process (PID=14928) to work on /Users/christophercunningham/airflow_workspace/data-flow/data_flow_env/lib/python3.12/site-packages/airflow/example_dags/example_datasets.py
[2024-07-01T09:42:06.785-0400] {processor.py:830} INFO - Processing file /Users/christophercunningham/airflow_workspace/data-flow/data_flow_env/lib/python3.12/site-packages/airflow/example_dags/example_datasets.py for tasks to queue
[2024-07-01T09:42:06.785-0400] {logging_mixin.py:188} INFO - [2024-07-01T09:42:06.785-0400] {dagbag.py:545} INFO - Filling up the DagBag from /Users/christophercunningham/airflow_workspace/data-flow/data_flow_env/lib/python3.12/site-packages/airflow/example_dags/example_datasets.py
[2024-07-01T09:42:06.840-0400] {processor.py:840} INFO - DAG(s) 'consume_1_or_both_2_and_3_with_dataset_expressions', 'dataset_produces_1', 'consume_1_and_2_with_dataset_expressions', 'dataset_consumes_1_and_2', 'conditional_dataset_and_time_based_timetable', 'consume_1_or_2_with_dataset_expressions', 'dataset_consumes_1', 'dataset_consumes_unknown_never_scheduled', 'dataset_produces_2', 'dataset_consumes_1_never_scheduled' retrieved from /Users/christophercunningham/airflow_workspace/data-flow/data_flow_env/lib/python3.12/site-packages/airflow/example_dags/example_datasets.py
[2024-07-01T09:42:06.942-0400] {logging_mixin.py:188} INFO - [2024-07-01T09:42:06.942-0400] {dag.py:3096} INFO - Sync 10 DAGs
[2024-07-01T09:42:06.958-0400] {logging_mixin.py:188} INFO - [2024-07-01T09:42:06.958-0400] {dag.py:3954} INFO - Setting next_dagrun for conditional_dataset_and_time_based_timetable to 2024-06-26 01:00:00+00:00, run_after=2024-06-26 01:00:00+00:00
[2024-07-01T09:42:06.960-0400] {logging_mixin.py:188} INFO - [2024-07-01T09:42:06.960-0400] {dag.py:3954} INFO - Setting next_dagrun for consume_1_and_2_with_dataset_expressions to None, run_after=None
[2024-07-01T09:42:06.961-0400] {logging_mixin.py:188} INFO - [2024-07-01T09:42:06.961-0400] {dag.py:3954} INFO - Setting next_dagrun for consume_1_or_2_with_dataset_expressions to None, run_after=None
[2024-07-01T09:42:06.962-0400] {logging_mixin.py:188} INFO - [2024-07-01T09:42:06.962-0400] {dag.py:3954} INFO - Setting next_dagrun for consume_1_or_both_2_and_3_with_dataset_expressions to None, run_after=None
[2024-07-01T09:42:06.963-0400] {logging_mixin.py:188} INFO - [2024-07-01T09:42:06.963-0400] {dag.py:3954} INFO - Setting next_dagrun for dataset_consumes_1 to None, run_after=None
[2024-07-01T09:42:06.964-0400] {logging_mixin.py:188} INFO - [2024-07-01T09:42:06.963-0400] {dag.py:3954} INFO - Setting next_dagrun for dataset_consumes_1_and_2 to None, run_after=None
[2024-07-01T09:42:06.964-0400] {logging_mixin.py:188} INFO - [2024-07-01T09:42:06.964-0400] {dag.py:3954} INFO - Setting next_dagrun for dataset_consumes_1_never_scheduled to None, run_after=None
[2024-07-01T09:42:06.965-0400] {logging_mixin.py:188} INFO - [2024-07-01T09:42:06.965-0400] {dag.py:3954} INFO - Setting next_dagrun for dataset_consumes_unknown_never_scheduled to None, run_after=None
[2024-07-01T09:42:06.967-0400] {logging_mixin.py:188} INFO - [2024-07-01T09:42:06.967-0400] {dag.py:3954} INFO - Setting next_dagrun for dataset_produces_1 to 2024-06-30 00:00:00+00:00, run_after=2024-07-01 00:00:00+00:00
[2024-07-01T09:42:06.967-0400] {logging_mixin.py:188} INFO - [2024-07-01T09:42:06.967-0400] {dag.py:3954} INFO - Setting next_dagrun for dataset_produces_2 to None, run_after=None
[2024-07-01T09:42:06.991-0400] {processor.py:183} INFO - Processing /Users/christophercunningham/airflow_workspace/data-flow/data_flow_env/lib/python3.12/site-packages/airflow/example_dags/example_datasets.py took 0.213 seconds
[2024-07-01T09:45:45.813-0400] {processor.py:161} INFO - Started process (PID=15265) to work on /Users/christophercunningham/airflow_workspace/data-flow/data_flow_env/lib/python3.12/site-packages/airflow/example_dags/example_datasets.py
[2024-07-01T09:45:45.814-0400] {processor.py:830} INFO - Processing file /Users/christophercunningham/airflow_workspace/data-flow/data_flow_env/lib/python3.12/site-packages/airflow/example_dags/example_datasets.py for tasks to queue
[2024-07-01T09:45:45.815-0400] {logging_mixin.py:188} INFO - [2024-07-01T09:45:45.814-0400] {dagbag.py:545} INFO - Filling up the DagBag from /Users/christophercunningham/airflow_workspace/data-flow/data_flow_env/lib/python3.12/site-packages/airflow/example_dags/example_datasets.py
[2024-07-01T09:45:45.870-0400] {processor.py:840} INFO - DAG(s) 'consume_1_or_2_with_dataset_expressions', 'dataset_produces_1', 'consume_1_and_2_with_dataset_expressions', 'dataset_produces_2', 'dataset_consumes_unknown_never_scheduled', 'conditional_dataset_and_time_based_timetable', 'dataset_consumes_1_and_2', 'dataset_consumes_1', 'dataset_consumes_1_never_scheduled', 'consume_1_or_both_2_and_3_with_dataset_expressions' retrieved from /Users/christophercunningham/airflow_workspace/data-flow/data_flow_env/lib/python3.12/site-packages/airflow/example_dags/example_datasets.py
[2024-07-01T09:45:45.962-0400] {logging_mixin.py:188} INFO - [2024-07-01T09:45:45.962-0400] {dag.py:3096} INFO - Sync 10 DAGs
[2024-07-01T09:45:45.975-0400] {logging_mixin.py:188} INFO - [2024-07-01T09:45:45.975-0400] {dag.py:3954} INFO - Setting next_dagrun for conditional_dataset_and_time_based_timetable to 2024-06-26 01:00:00+00:00, run_after=2024-06-26 01:00:00+00:00
[2024-07-01T09:45:45.977-0400] {logging_mixin.py:188} INFO - [2024-07-01T09:45:45.977-0400] {dag.py:3954} INFO - Setting next_dagrun for consume_1_and_2_with_dataset_expressions to None, run_after=None
[2024-07-01T09:45:45.978-0400] {logging_mixin.py:188} INFO - [2024-07-01T09:45:45.978-0400] {dag.py:3954} INFO - Setting next_dagrun for consume_1_or_2_with_dataset_expressions to None, run_after=None
[2024-07-01T09:45:45.979-0400] {logging_mixin.py:188} INFO - [2024-07-01T09:45:45.978-0400] {dag.py:3954} INFO - Setting next_dagrun for consume_1_or_both_2_and_3_with_dataset_expressions to None, run_after=None
[2024-07-01T09:45:45.979-0400] {logging_mixin.py:188} INFO - [2024-07-01T09:45:45.979-0400] {dag.py:3954} INFO - Setting next_dagrun for dataset_consumes_1 to None, run_after=None
[2024-07-01T09:45:45.980-0400] {logging_mixin.py:188} INFO - [2024-07-01T09:45:45.980-0400] {dag.py:3954} INFO - Setting next_dagrun for dataset_consumes_1_and_2 to None, run_after=None
[2024-07-01T09:45:45.980-0400] {logging_mixin.py:188} INFO - [2024-07-01T09:45:45.980-0400] {dag.py:3954} INFO - Setting next_dagrun for dataset_consumes_1_never_scheduled to None, run_after=None
[2024-07-01T09:45:45.981-0400] {logging_mixin.py:188} INFO - [2024-07-01T09:45:45.981-0400] {dag.py:3954} INFO - Setting next_dagrun for dataset_consumes_unknown_never_scheduled to None, run_after=None
[2024-07-01T09:45:45.983-0400] {logging_mixin.py:188} INFO - [2024-07-01T09:45:45.982-0400] {dag.py:3954} INFO - Setting next_dagrun for dataset_produces_1 to 2024-06-30 00:00:00+00:00, run_after=2024-07-01 00:00:00+00:00
[2024-07-01T09:45:45.983-0400] {logging_mixin.py:188} INFO - [2024-07-01T09:45:45.983-0400] {dag.py:3954} INFO - Setting next_dagrun for dataset_produces_2 to None, run_after=None
[2024-07-01T09:45:46.007-0400] {processor.py:183} INFO - Processing /Users/christophercunningham/airflow_workspace/data-flow/data_flow_env/lib/python3.12/site-packages/airflow/example_dags/example_datasets.py took 0.199 seconds
[2024-07-01T09:49:20.094-0400] {processor.py:161} INFO - Started process (PID=15585) to work on /Users/christophercunningham/airflow_workspace/data-flow/data_flow_env/lib/python3.12/site-packages/airflow/example_dags/example_datasets.py
[2024-07-01T09:49:20.095-0400] {processor.py:830} INFO - Processing file /Users/christophercunningham/airflow_workspace/data-flow/data_flow_env/lib/python3.12/site-packages/airflow/example_dags/example_datasets.py for tasks to queue
[2024-07-01T09:49:20.096-0400] {logging_mixin.py:188} INFO - [2024-07-01T09:49:20.096-0400] {dagbag.py:545} INFO - Filling up the DagBag from /Users/christophercunningham/airflow_workspace/data-flow/data_flow_env/lib/python3.12/site-packages/airflow/example_dags/example_datasets.py
[2024-07-01T09:49:20.146-0400] {processor.py:840} INFO - DAG(s) 'dataset_consumes_1_and_2', 'consume_1_or_both_2_and_3_with_dataset_expressions', 'consume_1_and_2_with_dataset_expressions', 'dataset_consumes_unknown_never_scheduled', 'consume_1_or_2_with_dataset_expressions', 'dataset_produces_1', 'conditional_dataset_and_time_based_timetable', 'dataset_consumes_1_never_scheduled', 'dataset_produces_2', 'dataset_consumes_1' retrieved from /Users/christophercunningham/airflow_workspace/data-flow/data_flow_env/lib/python3.12/site-packages/airflow/example_dags/example_datasets.py
[2024-07-01T09:49:20.242-0400] {logging_mixin.py:188} INFO - [2024-07-01T09:49:20.242-0400] {dag.py:3096} INFO - Sync 10 DAGs
[2024-07-01T09:49:20.255-0400] {logging_mixin.py:188} INFO - [2024-07-01T09:49:20.255-0400] {dag.py:3954} INFO - Setting next_dagrun for conditional_dataset_and_time_based_timetable to 2024-06-26 01:00:00+00:00, run_after=2024-06-26 01:00:00+00:00
[2024-07-01T09:49:20.257-0400] {logging_mixin.py:188} INFO - [2024-07-01T09:49:20.257-0400] {dag.py:3954} INFO - Setting next_dagrun for consume_1_and_2_with_dataset_expressions to None, run_after=None
[2024-07-01T09:49:20.258-0400] {logging_mixin.py:188} INFO - [2024-07-01T09:49:20.258-0400] {dag.py:3954} INFO - Setting next_dagrun for consume_1_or_2_with_dataset_expressions to None, run_after=None
[2024-07-01T09:49:20.258-0400] {logging_mixin.py:188} INFO - [2024-07-01T09:49:20.258-0400] {dag.py:3954} INFO - Setting next_dagrun for consume_1_or_both_2_and_3_with_dataset_expressions to None, run_after=None
[2024-07-01T09:49:20.259-0400] {logging_mixin.py:188} INFO - [2024-07-01T09:49:20.259-0400] {dag.py:3954} INFO - Setting next_dagrun for dataset_consumes_1 to None, run_after=None
[2024-07-01T09:49:20.260-0400] {logging_mixin.py:188} INFO - [2024-07-01T09:49:20.260-0400] {dag.py:3954} INFO - Setting next_dagrun for dataset_consumes_1_and_2 to None, run_after=None
[2024-07-01T09:49:20.260-0400] {logging_mixin.py:188} INFO - [2024-07-01T09:49:20.260-0400] {dag.py:3954} INFO - Setting next_dagrun for dataset_consumes_1_never_scheduled to None, run_after=None
[2024-07-01T09:49:20.261-0400] {logging_mixin.py:188} INFO - [2024-07-01T09:49:20.261-0400] {dag.py:3954} INFO - Setting next_dagrun for dataset_consumes_unknown_never_scheduled to None, run_after=None
[2024-07-01T09:49:20.262-0400] {logging_mixin.py:188} INFO - [2024-07-01T09:49:20.262-0400] {dag.py:3954} INFO - Setting next_dagrun for dataset_produces_1 to 2024-06-30 00:00:00+00:00, run_after=2024-07-01 00:00:00+00:00
[2024-07-01T09:49:20.263-0400] {logging_mixin.py:188} INFO - [2024-07-01T09:49:20.263-0400] {dag.py:3954} INFO - Setting next_dagrun for dataset_produces_2 to None, run_after=None
[2024-07-01T09:49:20.283-0400] {processor.py:183} INFO - Processing /Users/christophercunningham/airflow_workspace/data-flow/data_flow_env/lib/python3.12/site-packages/airflow/example_dags/example_datasets.py took 0.193 seconds
[2024-07-01T09:52:53.782-0400] {processor.py:161} INFO - Started process (PID=15960) to work on /Users/christophercunningham/airflow_workspace/data-flow/data_flow_env/lib/python3.12/site-packages/airflow/example_dags/example_datasets.py
[2024-07-01T09:52:53.784-0400] {processor.py:830} INFO - Processing file /Users/christophercunningham/airflow_workspace/data-flow/data_flow_env/lib/python3.12/site-packages/airflow/example_dags/example_datasets.py for tasks to queue
[2024-07-01T09:52:53.784-0400] {logging_mixin.py:188} INFO - [2024-07-01T09:52:53.784-0400] {dagbag.py:545} INFO - Filling up the DagBag from /Users/christophercunningham/airflow_workspace/data-flow/data_flow_env/lib/python3.12/site-packages/airflow/example_dags/example_datasets.py
[2024-07-01T09:52:53.838-0400] {processor.py:840} INFO - DAG(s) 'dataset_produces_2', 'dataset_consumes_1_and_2', 'consume_1_or_both_2_and_3_with_dataset_expressions', 'dataset_consumes_1_never_scheduled', 'dataset_produces_1', 'dataset_consumes_1', 'consume_1_and_2_with_dataset_expressions', 'dataset_consumes_unknown_never_scheduled', 'conditional_dataset_and_time_based_timetable', 'consume_1_or_2_with_dataset_expressions' retrieved from /Users/christophercunningham/airflow_workspace/data-flow/data_flow_env/lib/python3.12/site-packages/airflow/example_dags/example_datasets.py
[2024-07-01T09:52:53.932-0400] {logging_mixin.py:188} INFO - [2024-07-01T09:52:53.932-0400] {dag.py:3096} INFO - Sync 10 DAGs
[2024-07-01T09:52:53.946-0400] {logging_mixin.py:188} INFO - [2024-07-01T09:52:53.946-0400] {dag.py:3954} INFO - Setting next_dagrun for conditional_dataset_and_time_based_timetable to 2024-06-26 01:00:00+00:00, run_after=2024-06-26 01:00:00+00:00
[2024-07-01T09:52:53.948-0400] {logging_mixin.py:188} INFO - [2024-07-01T09:52:53.948-0400] {dag.py:3954} INFO - Setting next_dagrun for consume_1_and_2_with_dataset_expressions to None, run_after=None
[2024-07-01T09:52:53.949-0400] {logging_mixin.py:188} INFO - [2024-07-01T09:52:53.948-0400] {dag.py:3954} INFO - Setting next_dagrun for consume_1_or_2_with_dataset_expressions to None, run_after=None
[2024-07-01T09:52:53.949-0400] {logging_mixin.py:188} INFO - [2024-07-01T09:52:53.949-0400] {dag.py:3954} INFO - Setting next_dagrun for consume_1_or_both_2_and_3_with_dataset_expressions to None, run_after=None
[2024-07-01T09:52:53.950-0400] {logging_mixin.py:188} INFO - [2024-07-01T09:52:53.950-0400] {dag.py:3954} INFO - Setting next_dagrun for dataset_consumes_1 to None, run_after=None
[2024-07-01T09:52:53.950-0400] {logging_mixin.py:188} INFO - [2024-07-01T09:52:53.950-0400] {dag.py:3954} INFO - Setting next_dagrun for dataset_consumes_1_and_2 to None, run_after=None
[2024-07-01T09:52:53.951-0400] {logging_mixin.py:188} INFO - [2024-07-01T09:52:53.951-0400] {dag.py:3954} INFO - Setting next_dagrun for dataset_consumes_1_never_scheduled to None, run_after=None
[2024-07-01T09:52:53.952-0400] {logging_mixin.py:188} INFO - [2024-07-01T09:52:53.952-0400] {dag.py:3954} INFO - Setting next_dagrun for dataset_consumes_unknown_never_scheduled to None, run_after=None
[2024-07-01T09:52:53.953-0400] {logging_mixin.py:188} INFO - [2024-07-01T09:52:53.953-0400] {dag.py:3954} INFO - Setting next_dagrun for dataset_produces_1 to 2024-06-30 00:00:00+00:00, run_after=2024-07-01 00:00:00+00:00
[2024-07-01T09:52:53.954-0400] {logging_mixin.py:188} INFO - [2024-07-01T09:52:53.954-0400] {dag.py:3954} INFO - Setting next_dagrun for dataset_produces_2 to None, run_after=None
[2024-07-01T09:52:53.974-0400] {processor.py:183} INFO - Processing /Users/christophercunningham/airflow_workspace/data-flow/data_flow_env/lib/python3.12/site-packages/airflow/example_dags/example_datasets.py took 0.197 seconds
[2024-07-01T09:56:16.168-0400] {processor.py:161} INFO - Started process (PID=16384) to work on /Users/christophercunningham/airflow_workspace/data-flow/data_flow_env/lib/python3.12/site-packages/airflow/example_dags/example_datasets.py
[2024-07-01T09:56:16.170-0400] {processor.py:830} INFO - Processing file /Users/christophercunningham/airflow_workspace/data-flow/data_flow_env/lib/python3.12/site-packages/airflow/example_dags/example_datasets.py for tasks to queue
[2024-07-01T09:56:16.170-0400] {logging_mixin.py:188} INFO - [2024-07-01T09:56:16.170-0400] {dagbag.py:545} INFO - Filling up the DagBag from /Users/christophercunningham/airflow_workspace/data-flow/data_flow_env/lib/python3.12/site-packages/airflow/example_dags/example_datasets.py
[2024-07-01T09:56:16.219-0400] {processor.py:840} INFO - DAG(s) 'consume_1_and_2_with_dataset_expressions', 'consume_1_or_both_2_and_3_with_dataset_expressions', 'dataset_consumes_unknown_never_scheduled', 'dataset_consumes_1_and_2', 'conditional_dataset_and_time_based_timetable', 'dataset_consumes_1', 'dataset_produces_1', 'consume_1_or_2_with_dataset_expressions', 'dataset_consumes_1_never_scheduled', 'dataset_produces_2' retrieved from /Users/christophercunningham/airflow_workspace/data-flow/data_flow_env/lib/python3.12/site-packages/airflow/example_dags/example_datasets.py
[2024-07-01T09:56:16.310-0400] {logging_mixin.py:188} INFO - [2024-07-01T09:56:16.309-0400] {dag.py:3096} INFO - Sync 10 DAGs
[2024-07-01T09:56:16.323-0400] {logging_mixin.py:188} INFO - [2024-07-01T09:56:16.323-0400] {dag.py:3954} INFO - Setting next_dagrun for conditional_dataset_and_time_based_timetable to 2024-06-26 01:00:00+00:00, run_after=2024-06-26 01:00:00+00:00
[2024-07-01T09:56:16.325-0400] {logging_mixin.py:188} INFO - [2024-07-01T09:56:16.325-0400] {dag.py:3954} INFO - Setting next_dagrun for consume_1_and_2_with_dataset_expressions to None, run_after=None
[2024-07-01T09:56:16.326-0400] {logging_mixin.py:188} INFO - [2024-07-01T09:56:16.326-0400] {dag.py:3954} INFO - Setting next_dagrun for consume_1_or_2_with_dataset_expressions to None, run_after=None
[2024-07-01T09:56:16.326-0400] {logging_mixin.py:188} INFO - [2024-07-01T09:56:16.326-0400] {dag.py:3954} INFO - Setting next_dagrun for consume_1_or_both_2_and_3_with_dataset_expressions to None, run_after=None
[2024-07-01T09:56:16.327-0400] {logging_mixin.py:188} INFO - [2024-07-01T09:56:16.327-0400] {dag.py:3954} INFO - Setting next_dagrun for dataset_consumes_1 to None, run_after=None
[2024-07-01T09:56:16.328-0400] {logging_mixin.py:188} INFO - [2024-07-01T09:56:16.327-0400] {dag.py:3954} INFO - Setting next_dagrun for dataset_consumes_1_and_2 to None, run_after=None
[2024-07-01T09:56:16.328-0400] {logging_mixin.py:188} INFO - [2024-07-01T09:56:16.328-0400] {dag.py:3954} INFO - Setting next_dagrun for dataset_consumes_1_never_scheduled to None, run_after=None
[2024-07-01T09:56:16.329-0400] {logging_mixin.py:188} INFO - [2024-07-01T09:56:16.329-0400] {dag.py:3954} INFO - Setting next_dagrun for dataset_consumes_unknown_never_scheduled to None, run_after=None
[2024-07-01T09:56:16.330-0400] {logging_mixin.py:188} INFO - [2024-07-01T09:56:16.330-0400] {dag.py:3954} INFO - Setting next_dagrun for dataset_produces_1 to 2024-06-30 00:00:00+00:00, run_after=2024-07-01 00:00:00+00:00
[2024-07-01T09:56:16.331-0400] {logging_mixin.py:188} INFO - [2024-07-01T09:56:16.331-0400] {dag.py:3954} INFO - Setting next_dagrun for dataset_produces_2 to None, run_after=None
[2024-07-01T09:56:16.350-0400] {processor.py:183} INFO - Processing /Users/christophercunningham/airflow_workspace/data-flow/data_flow_env/lib/python3.12/site-packages/airflow/example_dags/example_datasets.py took 0.187 seconds
[2024-07-01T09:59:36.128-0400] {processor.py:161} INFO - Started process (PID=16821) to work on /Users/christophercunningham/airflow_workspace/data-flow/data_flow_env/lib/python3.12/site-packages/airflow/example_dags/example_datasets.py
[2024-07-01T09:59:36.129-0400] {processor.py:830} INFO - Processing file /Users/christophercunningham/airflow_workspace/data-flow/data_flow_env/lib/python3.12/site-packages/airflow/example_dags/example_datasets.py for tasks to queue
[2024-07-01T09:59:36.130-0400] {logging_mixin.py:188} INFO - [2024-07-01T09:59:36.130-0400] {dagbag.py:545} INFO - Filling up the DagBag from /Users/christophercunningham/airflow_workspace/data-flow/data_flow_env/lib/python3.12/site-packages/airflow/example_dags/example_datasets.py
[2024-07-01T09:59:36.173-0400] {processor.py:840} INFO - DAG(s) 'consume_1_or_both_2_and_3_with_dataset_expressions', 'dataset_consumes_unknown_never_scheduled', 'consume_1_or_2_with_dataset_expressions', 'consume_1_and_2_with_dataset_expressions', 'conditional_dataset_and_time_based_timetable', 'dataset_consumes_1_and_2', 'dataset_produces_2', 'dataset_produces_1', 'dataset_consumes_1_never_scheduled', 'dataset_consumes_1' retrieved from /Users/christophercunningham/airflow_workspace/data-flow/data_flow_env/lib/python3.12/site-packages/airflow/example_dags/example_datasets.py
[2024-07-01T09:59:36.265-0400] {logging_mixin.py:188} INFO - [2024-07-01T09:59:36.265-0400] {dag.py:3096} INFO - Sync 10 DAGs
[2024-07-01T09:59:36.280-0400] {logging_mixin.py:188} INFO - [2024-07-01T09:59:36.280-0400] {dag.py:3954} INFO - Setting next_dagrun for conditional_dataset_and_time_based_timetable to 2024-06-26 01:00:00+00:00, run_after=2024-06-26 01:00:00+00:00
[2024-07-01T09:59:36.282-0400] {logging_mixin.py:188} INFO - [2024-07-01T09:59:36.282-0400] {dag.py:3954} INFO - Setting next_dagrun for consume_1_and_2_with_dataset_expressions to None, run_after=None
[2024-07-01T09:59:36.283-0400] {logging_mixin.py:188} INFO - [2024-07-01T09:59:36.283-0400] {dag.py:3954} INFO - Setting next_dagrun for consume_1_or_2_with_dataset_expressions to None, run_after=None
[2024-07-01T09:59:36.284-0400] {logging_mixin.py:188} INFO - [2024-07-01T09:59:36.284-0400] {dag.py:3954} INFO - Setting next_dagrun for consume_1_or_both_2_and_3_with_dataset_expressions to None, run_after=None
[2024-07-01T09:59:36.284-0400] {logging_mixin.py:188} INFO - [2024-07-01T09:59:36.284-0400] {dag.py:3954} INFO - Setting next_dagrun for dataset_consumes_1 to None, run_after=None
[2024-07-01T09:59:36.285-0400] {logging_mixin.py:188} INFO - [2024-07-01T09:59:36.285-0400] {dag.py:3954} INFO - Setting next_dagrun for dataset_consumes_1_and_2 to None, run_after=None
[2024-07-01T09:59:36.286-0400] {logging_mixin.py:188} INFO - [2024-07-01T09:59:36.286-0400] {dag.py:3954} INFO - Setting next_dagrun for dataset_consumes_1_never_scheduled to None, run_after=None
[2024-07-01T09:59:36.286-0400] {logging_mixin.py:188} INFO - [2024-07-01T09:59:36.286-0400] {dag.py:3954} INFO - Setting next_dagrun for dataset_consumes_unknown_never_scheduled to None, run_after=None
[2024-07-01T09:59:36.288-0400] {logging_mixin.py:188} INFO - [2024-07-01T09:59:36.288-0400] {dag.py:3954} INFO - Setting next_dagrun for dataset_produces_1 to 2024-06-30 00:00:00+00:00, run_after=2024-07-01 00:00:00+00:00
[2024-07-01T09:59:36.288-0400] {logging_mixin.py:188} INFO - [2024-07-01T09:59:36.288-0400] {dag.py:3954} INFO - Setting next_dagrun for dataset_produces_2 to None, run_after=None
[2024-07-01T09:59:36.309-0400] {processor.py:183} INFO - Processing /Users/christophercunningham/airflow_workspace/data-flow/data_flow_env/lib/python3.12/site-packages/airflow/example_dags/example_datasets.py took 0.187 seconds
[2024-07-01T10:03:05.736-0400] {processor.py:161} INFO - Started process (PID=17284) to work on /Users/christophercunningham/airflow_workspace/data-flow/data_flow_env/lib/python3.12/site-packages/airflow/example_dags/example_datasets.py
[2024-07-01T10:03:05.737-0400] {processor.py:830} INFO - Processing file /Users/christophercunningham/airflow_workspace/data-flow/data_flow_env/lib/python3.12/site-packages/airflow/example_dags/example_datasets.py for tasks to queue
[2024-07-01T10:03:05.737-0400] {logging_mixin.py:188} INFO - [2024-07-01T10:03:05.737-0400] {dagbag.py:545} INFO - Filling up the DagBag from /Users/christophercunningham/airflow_workspace/data-flow/data_flow_env/lib/python3.12/site-packages/airflow/example_dags/example_datasets.py
[2024-07-01T10:03:05.776-0400] {processor.py:840} INFO - DAG(s) 'dataset_produces_2', 'dataset_consumes_1_and_2', 'consume_1_or_2_with_dataset_expressions', 'dataset_consumes_unknown_never_scheduled', 'dataset_consumes_1', 'consume_1_or_both_2_and_3_with_dataset_expressions', 'conditional_dataset_and_time_based_timetable', 'dataset_produces_1', 'dataset_consumes_1_never_scheduled', 'consume_1_and_2_with_dataset_expressions' retrieved from /Users/christophercunningham/airflow_workspace/data-flow/data_flow_env/lib/python3.12/site-packages/airflow/example_dags/example_datasets.py
[2024-07-01T10:03:05.867-0400] {logging_mixin.py:188} INFO - [2024-07-01T10:03:05.866-0400] {dag.py:3096} INFO - Sync 10 DAGs
[2024-07-01T10:03:05.880-0400] {logging_mixin.py:188} INFO - [2024-07-01T10:03:05.880-0400] {dag.py:3954} INFO - Setting next_dagrun for conditional_dataset_and_time_based_timetable to 2024-06-26 01:00:00+00:00, run_after=2024-06-26 01:00:00+00:00
[2024-07-01T10:03:05.882-0400] {logging_mixin.py:188} INFO - [2024-07-01T10:03:05.882-0400] {dag.py:3954} INFO - Setting next_dagrun for consume_1_and_2_with_dataset_expressions to None, run_after=None
[2024-07-01T10:03:05.883-0400] {logging_mixin.py:188} INFO - [2024-07-01T10:03:05.882-0400] {dag.py:3954} INFO - Setting next_dagrun for consume_1_or_2_with_dataset_expressions to None, run_after=None
[2024-07-01T10:03:05.883-0400] {logging_mixin.py:188} INFO - [2024-07-01T10:03:05.883-0400] {dag.py:3954} INFO - Setting next_dagrun for consume_1_or_both_2_and_3_with_dataset_expressions to None, run_after=None
[2024-07-01T10:03:05.884-0400] {logging_mixin.py:188} INFO - [2024-07-01T10:03:05.884-0400] {dag.py:3954} INFO - Setting next_dagrun for dataset_consumes_1 to None, run_after=None
[2024-07-01T10:03:05.885-0400] {logging_mixin.py:188} INFO - [2024-07-01T10:03:05.884-0400] {dag.py:3954} INFO - Setting next_dagrun for dataset_consumes_1_and_2 to None, run_after=None
[2024-07-01T10:03:05.885-0400] {logging_mixin.py:188} INFO - [2024-07-01T10:03:05.885-0400] {dag.py:3954} INFO - Setting next_dagrun for dataset_consumes_1_never_scheduled to None, run_after=None
[2024-07-01T10:03:05.886-0400] {logging_mixin.py:188} INFO - [2024-07-01T10:03:05.886-0400] {dag.py:3954} INFO - Setting next_dagrun for dataset_consumes_unknown_never_scheduled to None, run_after=None
[2024-07-01T10:03:05.887-0400] {logging_mixin.py:188} INFO - [2024-07-01T10:03:05.887-0400] {dag.py:3954} INFO - Setting next_dagrun for dataset_produces_1 to 2024-06-30 00:00:00+00:00, run_after=2024-07-01 00:00:00+00:00
[2024-07-01T10:03:05.888-0400] {logging_mixin.py:188} INFO - [2024-07-01T10:03:05.888-0400] {dag.py:3954} INFO - Setting next_dagrun for dataset_produces_2 to None, run_after=None
[2024-07-01T10:03:05.909-0400] {processor.py:183} INFO - Processing /Users/christophercunningham/airflow_workspace/data-flow/data_flow_env/lib/python3.12/site-packages/airflow/example_dags/example_datasets.py took 0.178 seconds
[2024-07-01T10:06:45.914-0400] {processor.py:161} INFO - Started process (PID=17741) to work on /Users/christophercunningham/airflow_workspace/data-flow/data_flow_env/lib/python3.12/site-packages/airflow/example_dags/example_datasets.py
[2024-07-01T10:06:45.916-0400] {processor.py:830} INFO - Processing file /Users/christophercunningham/airflow_workspace/data-flow/data_flow_env/lib/python3.12/site-packages/airflow/example_dags/example_datasets.py for tasks to queue
[2024-07-01T10:06:45.916-0400] {logging_mixin.py:188} INFO - [2024-07-01T10:06:45.916-0400] {dagbag.py:545} INFO - Filling up the DagBag from /Users/christophercunningham/airflow_workspace/data-flow/data_flow_env/lib/python3.12/site-packages/airflow/example_dags/example_datasets.py
[2024-07-01T10:06:45.974-0400] {processor.py:840} INFO - DAG(s) 'consume_1_and_2_with_dataset_expressions', 'dataset_consumes_1_never_scheduled', 'dataset_consumes_unknown_never_scheduled', 'dataset_consumes_1', 'dataset_produces_1', 'dataset_consumes_1_and_2', 'consume_1_or_2_with_dataset_expressions', 'conditional_dataset_and_time_based_timetable', 'dataset_produces_2', 'consume_1_or_both_2_and_3_with_dataset_expressions' retrieved from /Users/christophercunningham/airflow_workspace/data-flow/data_flow_env/lib/python3.12/site-packages/airflow/example_dags/example_datasets.py
[2024-07-01T10:06:46.068-0400] {logging_mixin.py:188} INFO - [2024-07-01T10:06:46.068-0400] {dag.py:3096} INFO - Sync 10 DAGs
[2024-07-01T10:06:46.082-0400] {logging_mixin.py:188} INFO - [2024-07-01T10:06:46.082-0400] {dag.py:3954} INFO - Setting next_dagrun for conditional_dataset_and_time_based_timetable to 2024-06-26 01:00:00+00:00, run_after=2024-06-26 01:00:00+00:00
[2024-07-01T10:06:46.084-0400] {logging_mixin.py:188} INFO - [2024-07-01T10:06:46.084-0400] {dag.py:3954} INFO - Setting next_dagrun for consume_1_and_2_with_dataset_expressions to None, run_after=None
[2024-07-01T10:06:46.085-0400] {logging_mixin.py:188} INFO - [2024-07-01T10:06:46.085-0400] {dag.py:3954} INFO - Setting next_dagrun for consume_1_or_2_with_dataset_expressions to None, run_after=None
[2024-07-01T10:06:46.085-0400] {logging_mixin.py:188} INFO - [2024-07-01T10:06:46.085-0400] {dag.py:3954} INFO - Setting next_dagrun for consume_1_or_both_2_and_3_with_dataset_expressions to None, run_after=None
[2024-07-01T10:06:46.086-0400] {logging_mixin.py:188} INFO - [2024-07-01T10:06:46.086-0400] {dag.py:3954} INFO - Setting next_dagrun for dataset_consumes_1 to None, run_after=None
[2024-07-01T10:06:46.087-0400] {logging_mixin.py:188} INFO - [2024-07-01T10:06:46.087-0400] {dag.py:3954} INFO - Setting next_dagrun for dataset_consumes_1_and_2 to None, run_after=None
[2024-07-01T10:06:46.087-0400] {logging_mixin.py:188} INFO - [2024-07-01T10:06:46.087-0400] {dag.py:3954} INFO - Setting next_dagrun for dataset_consumes_1_never_scheduled to None, run_after=None
[2024-07-01T10:06:46.088-0400] {logging_mixin.py:188} INFO - [2024-07-01T10:06:46.088-0400] {dag.py:3954} INFO - Setting next_dagrun for dataset_consumes_unknown_never_scheduled to None, run_after=None
[2024-07-01T10:06:46.090-0400] {logging_mixin.py:188} INFO - [2024-07-01T10:06:46.089-0400] {dag.py:3954} INFO - Setting next_dagrun for dataset_produces_1 to 2024-06-30 00:00:00+00:00, run_after=2024-07-01 00:00:00+00:00
[2024-07-01T10:06:46.090-0400] {logging_mixin.py:188} INFO - [2024-07-01T10:06:46.090-0400] {dag.py:3954} INFO - Setting next_dagrun for dataset_produces_2 to None, run_after=None
[2024-07-01T10:06:46.110-0400] {processor.py:183} INFO - Processing /Users/christophercunningham/airflow_workspace/data-flow/data_flow_env/lib/python3.12/site-packages/airflow/example_dags/example_datasets.py took 0.201 seconds
[2024-07-01T10:10:20.798-0400] {processor.py:161} INFO - Started process (PID=18232) to work on /Users/christophercunningham/airflow_workspace/data-flow/data_flow_env/lib/python3.12/site-packages/airflow/example_dags/example_datasets.py
[2024-07-01T10:10:20.800-0400] {processor.py:830} INFO - Processing file /Users/christophercunningham/airflow_workspace/data-flow/data_flow_env/lib/python3.12/site-packages/airflow/example_dags/example_datasets.py for tasks to queue
[2024-07-01T10:10:20.801-0400] {logging_mixin.py:188} INFO - [2024-07-01T10:10:20.801-0400] {dagbag.py:545} INFO - Filling up the DagBag from /Users/christophercunningham/airflow_workspace/data-flow/data_flow_env/lib/python3.12/site-packages/airflow/example_dags/example_datasets.py
[2024-07-01T10:10:20.854-0400] {processor.py:840} INFO - DAG(s) 'consume_1_and_2_with_dataset_expressions', 'dataset_consumes_1', 'consume_1_or_both_2_and_3_with_dataset_expressions', 'dataset_consumes_1_never_scheduled', 'dataset_produces_1', 'dataset_consumes_1_and_2', 'consume_1_or_2_with_dataset_expressions', 'dataset_produces_2', 'dataset_consumes_unknown_never_scheduled', 'conditional_dataset_and_time_based_timetable' retrieved from /Users/christophercunningham/airflow_workspace/data-flow/data_flow_env/lib/python3.12/site-packages/airflow/example_dags/example_datasets.py
[2024-07-01T10:10:20.948-0400] {logging_mixin.py:188} INFO - [2024-07-01T10:10:20.948-0400] {dag.py:3096} INFO - Sync 10 DAGs
[2024-07-01T10:10:20.962-0400] {logging_mixin.py:188} INFO - [2024-07-01T10:10:20.962-0400] {dag.py:3954} INFO - Setting next_dagrun for conditional_dataset_and_time_based_timetable to 2024-06-26 01:00:00+00:00, run_after=2024-06-26 01:00:00+00:00
[2024-07-01T10:10:20.964-0400] {logging_mixin.py:188} INFO - [2024-07-01T10:10:20.964-0400] {dag.py:3954} INFO - Setting next_dagrun for consume_1_and_2_with_dataset_expressions to None, run_after=None
[2024-07-01T10:10:20.965-0400] {logging_mixin.py:188} INFO - [2024-07-01T10:10:20.965-0400] {dag.py:3954} INFO - Setting next_dagrun for consume_1_or_2_with_dataset_expressions to None, run_after=None
[2024-07-01T10:10:20.966-0400] {logging_mixin.py:188} INFO - [2024-07-01T10:10:20.965-0400] {dag.py:3954} INFO - Setting next_dagrun for consume_1_or_both_2_and_3_with_dataset_expressions to None, run_after=None
[2024-07-01T10:10:20.966-0400] {logging_mixin.py:188} INFO - [2024-07-01T10:10:20.966-0400] {dag.py:3954} INFO - Setting next_dagrun for dataset_consumes_1 to None, run_after=None
[2024-07-01T10:10:20.967-0400] {logging_mixin.py:188} INFO - [2024-07-01T10:10:20.967-0400] {dag.py:3954} INFO - Setting next_dagrun for dataset_consumes_1_and_2 to None, run_after=None
[2024-07-01T10:10:20.968-0400] {logging_mixin.py:188} INFO - [2024-07-01T10:10:20.967-0400] {dag.py:3954} INFO - Setting next_dagrun for dataset_consumes_1_never_scheduled to None, run_after=None
[2024-07-01T10:10:20.968-0400] {logging_mixin.py:188} INFO - [2024-07-01T10:10:20.968-0400] {dag.py:3954} INFO - Setting next_dagrun for dataset_consumes_unknown_never_scheduled to None, run_after=None
[2024-07-01T10:10:20.970-0400] {logging_mixin.py:188} INFO - [2024-07-01T10:10:20.970-0400] {dag.py:3954} INFO - Setting next_dagrun for dataset_produces_1 to 2024-06-30 00:00:00+00:00, run_after=2024-07-01 00:00:00+00:00
[2024-07-01T10:10:20.970-0400] {logging_mixin.py:188} INFO - [2024-07-01T10:10:20.970-0400] {dag.py:3954} INFO - Setting next_dagrun for dataset_produces_2 to None, run_after=None
[2024-07-01T10:10:20.993-0400] {processor.py:183} INFO - Processing /Users/christophercunningham/airflow_workspace/data-flow/data_flow_env/lib/python3.12/site-packages/airflow/example_dags/example_datasets.py took 0.200 seconds
[2024-07-01T10:13:41.814-0400] {processor.py:161} INFO - Started process (PID=18697) to work on /Users/christophercunningham/airflow_workspace/data-flow/data_flow_env/lib/python3.12/site-packages/airflow/example_dags/example_datasets.py
[2024-07-01T10:13:41.815-0400] {processor.py:830} INFO - Processing file /Users/christophercunningham/airflow_workspace/data-flow/data_flow_env/lib/python3.12/site-packages/airflow/example_dags/example_datasets.py for tasks to queue
[2024-07-01T10:13:41.816-0400] {logging_mixin.py:188} INFO - [2024-07-01T10:13:41.816-0400] {dagbag.py:545} INFO - Filling up the DagBag from /Users/christophercunningham/airflow_workspace/data-flow/data_flow_env/lib/python3.12/site-packages/airflow/example_dags/example_datasets.py
[2024-07-01T10:13:41.856-0400] {processor.py:840} INFO - DAG(s) 'dataset_consumes_1_and_2', 'consume_1_or_both_2_and_3_with_dataset_expressions', 'dataset_produces_1', 'dataset_produces_2', 'dataset_consumes_1_never_scheduled', 'consume_1_or_2_with_dataset_expressions', 'consume_1_and_2_with_dataset_expressions', 'dataset_consumes_1', 'dataset_consumes_unknown_never_scheduled', 'conditional_dataset_and_time_based_timetable' retrieved from /Users/christophercunningham/airflow_workspace/data-flow/data_flow_env/lib/python3.12/site-packages/airflow/example_dags/example_datasets.py
[2024-07-01T10:13:41.954-0400] {logging_mixin.py:188} INFO - [2024-07-01T10:13:41.953-0400] {dag.py:3096} INFO - Sync 10 DAGs
[2024-07-01T10:13:41.966-0400] {logging_mixin.py:188} INFO - [2024-07-01T10:13:41.966-0400] {dag.py:3954} INFO - Setting next_dagrun for conditional_dataset_and_time_based_timetable to 2024-06-26 01:00:00+00:00, run_after=2024-06-26 01:00:00+00:00
[2024-07-01T10:13:41.969-0400] {logging_mixin.py:188} INFO - [2024-07-01T10:13:41.968-0400] {dag.py:3954} INFO - Setting next_dagrun for consume_1_and_2_with_dataset_expressions to None, run_after=None
[2024-07-01T10:13:41.969-0400] {logging_mixin.py:188} INFO - [2024-07-01T10:13:41.969-0400] {dag.py:3954} INFO - Setting next_dagrun for consume_1_or_2_with_dataset_expressions to None, run_after=None
[2024-07-01T10:13:41.970-0400] {logging_mixin.py:188} INFO - [2024-07-01T10:13:41.970-0400] {dag.py:3954} INFO - Setting next_dagrun for consume_1_or_both_2_and_3_with_dataset_expressions to None, run_after=None
[2024-07-01T10:13:41.970-0400] {logging_mixin.py:188} INFO - [2024-07-01T10:13:41.970-0400] {dag.py:3954} INFO - Setting next_dagrun for dataset_consumes_1 to None, run_after=None
[2024-07-01T10:13:41.971-0400] {logging_mixin.py:188} INFO - [2024-07-01T10:13:41.971-0400] {dag.py:3954} INFO - Setting next_dagrun for dataset_consumes_1_and_2 to None, run_after=None
[2024-07-01T10:13:41.972-0400] {logging_mixin.py:188} INFO - [2024-07-01T10:13:41.972-0400] {dag.py:3954} INFO - Setting next_dagrun for dataset_consumes_1_never_scheduled to None, run_after=None
[2024-07-01T10:13:41.972-0400] {logging_mixin.py:188} INFO - [2024-07-01T10:13:41.972-0400] {dag.py:3954} INFO - Setting next_dagrun for dataset_consumes_unknown_never_scheduled to None, run_after=None
[2024-07-01T10:13:41.974-0400] {logging_mixin.py:188} INFO - [2024-07-01T10:13:41.974-0400] {dag.py:3954} INFO - Setting next_dagrun for dataset_produces_1 to 2024-06-30 00:00:00+00:00, run_after=2024-07-01 00:00:00+00:00
[2024-07-01T10:13:41.974-0400] {logging_mixin.py:188} INFO - [2024-07-01T10:13:41.974-0400] {dag.py:3954} INFO - Setting next_dagrun for dataset_produces_2 to None, run_after=None
[2024-07-01T10:13:41.995-0400] {processor.py:183} INFO - Processing /Users/christophercunningham/airflow_workspace/data-flow/data_flow_env/lib/python3.12/site-packages/airflow/example_dags/example_datasets.py took 0.186 seconds
[2024-07-01T10:17:17.962-0400] {processor.py:161} INFO - Started process (PID=19144) to work on /Users/christophercunningham/airflow_workspace/data-flow/data_flow_env/lib/python3.12/site-packages/airflow/example_dags/example_datasets.py
[2024-07-01T10:17:17.963-0400] {processor.py:830} INFO - Processing file /Users/christophercunningham/airflow_workspace/data-flow/data_flow_env/lib/python3.12/site-packages/airflow/example_dags/example_datasets.py for tasks to queue
[2024-07-01T10:17:17.963-0400] {logging_mixin.py:188} INFO - [2024-07-01T10:17:17.963-0400] {dagbag.py:545} INFO - Filling up the DagBag from /Users/christophercunningham/airflow_workspace/data-flow/data_flow_env/lib/python3.12/site-packages/airflow/example_dags/example_datasets.py
[2024-07-01T10:17:18.018-0400] {processor.py:840} INFO - DAG(s) 'dataset_consumes_1', 'dataset_produces_2', 'consume_1_or_both_2_and_3_with_dataset_expressions', 'dataset_consumes_unknown_never_scheduled', 'conditional_dataset_and_time_based_timetable', 'dataset_consumes_1_never_scheduled', 'consume_1_or_2_with_dataset_expressions', 'dataset_consumes_1_and_2', 'dataset_produces_1', 'consume_1_and_2_with_dataset_expressions' retrieved from /Users/christophercunningham/airflow_workspace/data-flow/data_flow_env/lib/python3.12/site-packages/airflow/example_dags/example_datasets.py
[2024-07-01T10:17:18.120-0400] {logging_mixin.py:188} INFO - [2024-07-01T10:17:18.120-0400] {dag.py:3096} INFO - Sync 10 DAGs
[2024-07-01T10:17:18.135-0400] {logging_mixin.py:188} INFO - [2024-07-01T10:17:18.135-0400] {dag.py:3954} INFO - Setting next_dagrun for conditional_dataset_and_time_based_timetable to 2024-06-26 01:00:00+00:00, run_after=2024-06-26 01:00:00+00:00
[2024-07-01T10:17:18.137-0400] {logging_mixin.py:188} INFO - [2024-07-01T10:17:18.137-0400] {dag.py:3954} INFO - Setting next_dagrun for consume_1_and_2_with_dataset_expressions to None, run_after=None
[2024-07-01T10:17:18.138-0400] {logging_mixin.py:188} INFO - [2024-07-01T10:17:18.138-0400] {dag.py:3954} INFO - Setting next_dagrun for consume_1_or_2_with_dataset_expressions to None, run_after=None
[2024-07-01T10:17:18.139-0400] {logging_mixin.py:188} INFO - [2024-07-01T10:17:18.138-0400] {dag.py:3954} INFO - Setting next_dagrun for consume_1_or_both_2_and_3_with_dataset_expressions to None, run_after=None
[2024-07-01T10:17:18.139-0400] {logging_mixin.py:188} INFO - [2024-07-01T10:17:18.139-0400] {dag.py:3954} INFO - Setting next_dagrun for dataset_consumes_1 to None, run_after=None
[2024-07-01T10:17:18.140-0400] {logging_mixin.py:188} INFO - [2024-07-01T10:17:18.140-0400] {dag.py:3954} INFO - Setting next_dagrun for dataset_consumes_1_and_2 to None, run_after=None
[2024-07-01T10:17:18.140-0400] {logging_mixin.py:188} INFO - [2024-07-01T10:17:18.140-0400] {dag.py:3954} INFO - Setting next_dagrun for dataset_consumes_1_never_scheduled to None, run_after=None
[2024-07-01T10:17:18.141-0400] {logging_mixin.py:188} INFO - [2024-07-01T10:17:18.141-0400] {dag.py:3954} INFO - Setting next_dagrun for dataset_consumes_unknown_never_scheduled to None, run_after=None
[2024-07-01T10:17:18.143-0400] {logging_mixin.py:188} INFO - [2024-07-01T10:17:18.142-0400] {dag.py:3954} INFO - Setting next_dagrun for dataset_produces_1 to 2024-06-30 00:00:00+00:00, run_after=2024-07-01 00:00:00+00:00
[2024-07-01T10:17:18.143-0400] {logging_mixin.py:188} INFO - [2024-07-01T10:17:18.143-0400] {dag.py:3954} INFO - Setting next_dagrun for dataset_produces_2 to None, run_after=None
[2024-07-01T10:17:18.165-0400] {processor.py:183} INFO - Processing /Users/christophercunningham/airflow_workspace/data-flow/data_flow_env/lib/python3.12/site-packages/airflow/example_dags/example_datasets.py took 0.207 seconds
