[2024-07-01T09:31:21.598-0400] {processor.py:161} INFO - Started process (PID=13811) to work on /Users/christophercunningham/airflow_workspace/data-flow/data_flow_env/lib/python3.12/site-packages/airflow/example_dags/tutorial_taskflow_api.py
[2024-07-01T09:31:21.599-0400] {processor.py:830} INFO - Processing file /Users/christophercunningham/airflow_workspace/data-flow/data_flow_env/lib/python3.12/site-packages/airflow/example_dags/tutorial_taskflow_api.py for tasks to queue
[2024-07-01T09:31:21.601-0400] {logging_mixin.py:188} INFO - [2024-07-01T09:31:21.600-0400] {dagbag.py:545} INFO - Filling up the DagBag from /Users/christophercunningham/airflow_workspace/data-flow/data_flow_env/lib/python3.12/site-packages/airflow/example_dags/tutorial_taskflow_api.py
[2024-07-01T09:31:21.628-0400] {processor.py:840} INFO - DAG(s) 'tutorial_taskflow_api' retrieved from /Users/christophercunningham/airflow_workspace/data-flow/data_flow_env/lib/python3.12/site-packages/airflow/example_dags/tutorial_taskflow_api.py
[2024-07-01T09:31:21.637-0400] {logging_mixin.py:188} INFO - [2024-07-01T09:31:21.637-0400] {dag.py:3096} INFO - Sync 1 DAGs
[2024-07-01T09:31:21.697-0400] {logging_mixin.py:188} INFO - [2024-07-01T09:31:21.697-0400] {dag.py:3954} INFO - Setting next_dagrun for tutorial_taskflow_api to None, run_after=None
[2024-07-01T09:31:21.711-0400] {processor.py:183} INFO - Processing /Users/christophercunningham/airflow_workspace/data-flow/data_flow_env/lib/python3.12/site-packages/airflow/example_dags/tutorial_taskflow_api.py took 0.118 seconds
[2024-07-01T09:33:41.943-0400] {processor.py:161} INFO - Started process (PID=14097) to work on /Users/christophercunningham/airflow_workspace/data-flow/data_flow_env/lib/python3.12/site-packages/airflow/example_dags/tutorial_taskflow_api.py
[2024-07-01T09:33:41.945-0400] {processor.py:830} INFO - Processing file /Users/christophercunningham/airflow_workspace/data-flow/data_flow_env/lib/python3.12/site-packages/airflow/example_dags/tutorial_taskflow_api.py for tasks to queue
[2024-07-01T09:33:41.946-0400] {logging_mixin.py:188} INFO - [2024-07-01T09:33:41.946-0400] {dagbag.py:545} INFO - Filling up the DagBag from /Users/christophercunningham/airflow_workspace/data-flow/data_flow_env/lib/python3.12/site-packages/airflow/example_dags/tutorial_taskflow_api.py
[2024-07-01T09:33:41.974-0400] {processor.py:840} INFO - DAG(s) 'tutorial_taskflow_api' retrieved from /Users/christophercunningham/airflow_workspace/data-flow/data_flow_env/lib/python3.12/site-packages/airflow/example_dags/tutorial_taskflow_api.py
[2024-07-01T09:33:42.156-0400] {logging_mixin.py:188} INFO - [2024-07-01T09:33:42.155-0400] {dag.py:3096} INFO - Sync 1 DAGs
[2024-07-01T09:33:42.165-0400] {logging_mixin.py:188} INFO - [2024-07-01T09:33:42.165-0400] {dag.py:3954} INFO - Setting next_dagrun for tutorial_taskflow_api to None, run_after=None
[2024-07-01T09:33:42.183-0400] {processor.py:183} INFO - Processing /Users/christophercunningham/airflow_workspace/data-flow/data_flow_env/lib/python3.12/site-packages/airflow/example_dags/tutorial_taskflow_api.py took 0.244 seconds
[2024-07-01T09:35:25.927-0400] {processor.py:161} INFO - Started process (PID=14250) to work on /Users/christophercunningham/airflow_workspace/data-flow/data_flow_env/lib/python3.12/site-packages/airflow/example_dags/tutorial_taskflow_api.py
[2024-07-01T09:35:25.928-0400] {processor.py:830} INFO - Processing file /Users/christophercunningham/airflow_workspace/data-flow/data_flow_env/lib/python3.12/site-packages/airflow/example_dags/tutorial_taskflow_api.py for tasks to queue
[2024-07-01T09:35:25.928-0400] {logging_mixin.py:188} INFO - [2024-07-01T09:35:25.928-0400] {dagbag.py:545} INFO - Filling up the DagBag from /Users/christophercunningham/airflow_workspace/data-flow/data_flow_env/lib/python3.12/site-packages/airflow/example_dags/tutorial_taskflow_api.py
[2024-07-01T09:35:25.956-0400] {processor.py:840} INFO - DAG(s) 'tutorial_taskflow_api' retrieved from /Users/christophercunningham/airflow_workspace/data-flow/data_flow_env/lib/python3.12/site-packages/airflow/example_dags/tutorial_taskflow_api.py
[2024-07-01T09:35:26.027-0400] {logging_mixin.py:188} INFO - [2024-07-01T09:35:26.027-0400] {dag.py:3096} INFO - Sync 1 DAGs
[2024-07-01T09:35:26.034-0400] {logging_mixin.py:188} INFO - [2024-07-01T09:35:26.034-0400] {dag.py:3954} INFO - Setting next_dagrun for tutorial_taskflow_api to None, run_after=None
[2024-07-01T09:35:26.047-0400] {processor.py:183} INFO - Processing /Users/christophercunningham/airflow_workspace/data-flow/data_flow_env/lib/python3.12/site-packages/airflow/example_dags/tutorial_taskflow_api.py took 0.124 seconds
[2024-07-01T09:37:09.900-0400] {processor.py:161} INFO - Started process (PID=14419) to work on /Users/christophercunningham/airflow_workspace/data-flow/data_flow_env/lib/python3.12/site-packages/airflow/example_dags/tutorial_taskflow_api.py
[2024-07-01T09:37:09.902-0400] {processor.py:830} INFO - Processing file /Users/christophercunningham/airflow_workspace/data-flow/data_flow_env/lib/python3.12/site-packages/airflow/example_dags/tutorial_taskflow_api.py for tasks to queue
[2024-07-01T09:37:09.903-0400] {logging_mixin.py:188} INFO - [2024-07-01T09:37:09.903-0400] {dagbag.py:545} INFO - Filling up the DagBag from /Users/christophercunningham/airflow_workspace/data-flow/data_flow_env/lib/python3.12/site-packages/airflow/example_dags/tutorial_taskflow_api.py
[2024-07-01T09:37:09.934-0400] {processor.py:840} INFO - DAG(s) 'tutorial_taskflow_api' retrieved from /Users/christophercunningham/airflow_workspace/data-flow/data_flow_env/lib/python3.12/site-packages/airflow/example_dags/tutorial_taskflow_api.py
[2024-07-01T09:37:10.005-0400] {logging_mixin.py:188} INFO - [2024-07-01T09:37:10.005-0400] {dag.py:3096} INFO - Sync 1 DAGs
[2024-07-01T09:37:10.012-0400] {logging_mixin.py:188} INFO - [2024-07-01T09:37:10.012-0400] {dag.py:3954} INFO - Setting next_dagrun for tutorial_taskflow_api to None, run_after=None
[2024-07-01T09:37:10.025-0400] {processor.py:183} INFO - Processing /Users/christophercunningham/airflow_workspace/data-flow/data_flow_env/lib/python3.12/site-packages/airflow/example_dags/tutorial_taskflow_api.py took 0.129 seconds
[2024-07-01T09:38:57.044-0400] {processor.py:161} INFO - Started process (PID=14570) to work on /Users/christophercunningham/airflow_workspace/data-flow/data_flow_env/lib/python3.12/site-packages/airflow/example_dags/tutorial_taskflow_api.py
[2024-07-01T09:38:57.045-0400] {processor.py:830} INFO - Processing file /Users/christophercunningham/airflow_workspace/data-flow/data_flow_env/lib/python3.12/site-packages/airflow/example_dags/tutorial_taskflow_api.py for tasks to queue
[2024-07-01T09:38:57.046-0400] {logging_mixin.py:188} INFO - [2024-07-01T09:38:57.046-0400] {dagbag.py:545} INFO - Filling up the DagBag from /Users/christophercunningham/airflow_workspace/data-flow/data_flow_env/lib/python3.12/site-packages/airflow/example_dags/tutorial_taskflow_api.py
[2024-07-01T09:38:57.074-0400] {processor.py:840} INFO - DAG(s) 'tutorial_taskflow_api' retrieved from /Users/christophercunningham/airflow_workspace/data-flow/data_flow_env/lib/python3.12/site-packages/airflow/example_dags/tutorial_taskflow_api.py
[2024-07-01T09:38:57.145-0400] {logging_mixin.py:188} INFO - [2024-07-01T09:38:57.145-0400] {dag.py:3096} INFO - Sync 1 DAGs
[2024-07-01T09:38:57.152-0400] {logging_mixin.py:188} INFO - [2024-07-01T09:38:57.152-0400] {dag.py:3954} INFO - Setting next_dagrun for tutorial_taskflow_api to None, run_after=None
[2024-07-01T09:38:57.164-0400] {processor.py:183} INFO - Processing /Users/christophercunningham/airflow_workspace/data-flow/data_flow_env/lib/python3.12/site-packages/airflow/example_dags/tutorial_taskflow_api.py took 0.125 seconds
[2024-07-01T09:40:41.972-0400] {processor.py:161} INFO - Started process (PID=14794) to work on /Users/christophercunningham/airflow_workspace/data-flow/data_flow_env/lib/python3.12/site-packages/airflow/example_dags/tutorial_taskflow_api.py
[2024-07-01T09:40:41.974-0400] {processor.py:830} INFO - Processing file /Users/christophercunningham/airflow_workspace/data-flow/data_flow_env/lib/python3.12/site-packages/airflow/example_dags/tutorial_taskflow_api.py for tasks to queue
[2024-07-01T09:40:41.975-0400] {logging_mixin.py:188} INFO - [2024-07-01T09:40:41.975-0400] {dagbag.py:545} INFO - Filling up the DagBag from /Users/christophercunningham/airflow_workspace/data-flow/data_flow_env/lib/python3.12/site-packages/airflow/example_dags/tutorial_taskflow_api.py
[2024-07-01T09:40:42.002-0400] {processor.py:840} INFO - DAG(s) 'tutorial_taskflow_api' retrieved from /Users/christophercunningham/airflow_workspace/data-flow/data_flow_env/lib/python3.12/site-packages/airflow/example_dags/tutorial_taskflow_api.py
[2024-07-01T09:40:42.082-0400] {logging_mixin.py:188} INFO - [2024-07-01T09:40:42.082-0400] {dag.py:3096} INFO - Sync 1 DAGs
[2024-07-01T09:40:42.090-0400] {logging_mixin.py:188} INFO - [2024-07-01T09:40:42.089-0400] {dag.py:3954} INFO - Setting next_dagrun for tutorial_taskflow_api to None, run_after=None
[2024-07-01T09:40:42.102-0400] {processor.py:183} INFO - Processing /Users/christophercunningham/airflow_workspace/data-flow/data_flow_env/lib/python3.12/site-packages/airflow/example_dags/tutorial_taskflow_api.py took 0.134 seconds
[2024-07-01T09:42:28.319-0400] {processor.py:161} INFO - Started process (PID=14962) to work on /Users/christophercunningham/airflow_workspace/data-flow/data_flow_env/lib/python3.12/site-packages/airflow/example_dags/tutorial_taskflow_api.py
[2024-07-01T09:42:28.321-0400] {processor.py:830} INFO - Processing file /Users/christophercunningham/airflow_workspace/data-flow/data_flow_env/lib/python3.12/site-packages/airflow/example_dags/tutorial_taskflow_api.py for tasks to queue
[2024-07-01T09:42:28.321-0400] {logging_mixin.py:188} INFO - [2024-07-01T09:42:28.321-0400] {dagbag.py:545} INFO - Filling up the DagBag from /Users/christophercunningham/airflow_workspace/data-flow/data_flow_env/lib/python3.12/site-packages/airflow/example_dags/tutorial_taskflow_api.py
[2024-07-01T09:42:28.350-0400] {processor.py:840} INFO - DAG(s) 'tutorial_taskflow_api' retrieved from /Users/christophercunningham/airflow_workspace/data-flow/data_flow_env/lib/python3.12/site-packages/airflow/example_dags/tutorial_taskflow_api.py
[2024-07-01T09:42:28.422-0400] {logging_mixin.py:188} INFO - [2024-07-01T09:42:28.421-0400] {dag.py:3096} INFO - Sync 1 DAGs
[2024-07-01T09:42:28.429-0400] {logging_mixin.py:188} INFO - [2024-07-01T09:42:28.429-0400] {dag.py:3954} INFO - Setting next_dagrun for tutorial_taskflow_api to None, run_after=None
[2024-07-01T09:42:28.443-0400] {processor.py:183} INFO - Processing /Users/christophercunningham/airflow_workspace/data-flow/data_flow_env/lib/python3.12/site-packages/airflow/example_dags/tutorial_taskflow_api.py took 0.128 seconds
[2024-07-01T09:44:19.149-0400] {processor.py:161} INFO - Started process (PID=15141) to work on /Users/christophercunningham/airflow_workspace/data-flow/data_flow_env/lib/python3.12/site-packages/airflow/example_dags/tutorial_taskflow_api.py
[2024-07-01T09:44:19.150-0400] {processor.py:830} INFO - Processing file /Users/christophercunningham/airflow_workspace/data-flow/data_flow_env/lib/python3.12/site-packages/airflow/example_dags/tutorial_taskflow_api.py for tasks to queue
[2024-07-01T09:44:19.151-0400] {logging_mixin.py:188} INFO - [2024-07-01T09:44:19.151-0400] {dagbag.py:545} INFO - Filling up the DagBag from /Users/christophercunningham/airflow_workspace/data-flow/data_flow_env/lib/python3.12/site-packages/airflow/example_dags/tutorial_taskflow_api.py
[2024-07-01T09:44:19.179-0400] {processor.py:840} INFO - DAG(s) 'tutorial_taskflow_api' retrieved from /Users/christophercunningham/airflow_workspace/data-flow/data_flow_env/lib/python3.12/site-packages/airflow/example_dags/tutorial_taskflow_api.py
[2024-07-01T09:44:19.254-0400] {logging_mixin.py:188} INFO - [2024-07-01T09:44:19.254-0400] {dag.py:3096} INFO - Sync 1 DAGs
[2024-07-01T09:44:19.262-0400] {logging_mixin.py:188} INFO - [2024-07-01T09:44:19.261-0400] {dag.py:3954} INFO - Setting next_dagrun for tutorial_taskflow_api to None, run_after=None
[2024-07-01T09:44:19.274-0400] {processor.py:183} INFO - Processing /Users/christophercunningham/airflow_workspace/data-flow/data_flow_env/lib/python3.12/site-packages/airflow/example_dags/tutorial_taskflow_api.py took 0.130 seconds
[2024-07-01T09:46:06.999-0400] {processor.py:161} INFO - Started process (PID=15300) to work on /Users/christophercunningham/airflow_workspace/data-flow/data_flow_env/lib/python3.12/site-packages/airflow/example_dags/tutorial_taskflow_api.py
[2024-07-01T09:46:07.000-0400] {processor.py:830} INFO - Processing file /Users/christophercunningham/airflow_workspace/data-flow/data_flow_env/lib/python3.12/site-packages/airflow/example_dags/tutorial_taskflow_api.py for tasks to queue
[2024-07-01T09:46:07.001-0400] {logging_mixin.py:188} INFO - [2024-07-01T09:46:07.000-0400] {dagbag.py:545} INFO - Filling up the DagBag from /Users/christophercunningham/airflow_workspace/data-flow/data_flow_env/lib/python3.12/site-packages/airflow/example_dags/tutorial_taskflow_api.py
[2024-07-01T09:46:07.031-0400] {processor.py:840} INFO - DAG(s) 'tutorial_taskflow_api' retrieved from /Users/christophercunningham/airflow_workspace/data-flow/data_flow_env/lib/python3.12/site-packages/airflow/example_dags/tutorial_taskflow_api.py
[2024-07-01T09:46:07.108-0400] {logging_mixin.py:188} INFO - [2024-07-01T09:46:07.108-0400] {dag.py:3096} INFO - Sync 1 DAGs
[2024-07-01T09:46:07.118-0400] {logging_mixin.py:188} INFO - [2024-07-01T09:46:07.117-0400] {dag.py:3954} INFO - Setting next_dagrun for tutorial_taskflow_api to None, run_after=None
[2024-07-01T09:46:07.130-0400] {processor.py:183} INFO - Processing /Users/christophercunningham/airflow_workspace/data-flow/data_flow_env/lib/python3.12/site-packages/airflow/example_dags/tutorial_taskflow_api.py took 0.134 seconds
[2024-07-01T09:47:53.043-0400] {processor.py:161} INFO - Started process (PID=15457) to work on /Users/christophercunningham/airflow_workspace/data-flow/data_flow_env/lib/python3.12/site-packages/airflow/example_dags/tutorial_taskflow_api.py
[2024-07-01T09:47:53.044-0400] {processor.py:830} INFO - Processing file /Users/christophercunningham/airflow_workspace/data-flow/data_flow_env/lib/python3.12/site-packages/airflow/example_dags/tutorial_taskflow_api.py for tasks to queue
[2024-07-01T09:47:53.045-0400] {logging_mixin.py:188} INFO - [2024-07-01T09:47:53.045-0400] {dagbag.py:545} INFO - Filling up the DagBag from /Users/christophercunningham/airflow_workspace/data-flow/data_flow_env/lib/python3.12/site-packages/airflow/example_dags/tutorial_taskflow_api.py
[2024-07-01T09:47:53.074-0400] {processor.py:840} INFO - DAG(s) 'tutorial_taskflow_api' retrieved from /Users/christophercunningham/airflow_workspace/data-flow/data_flow_env/lib/python3.12/site-packages/airflow/example_dags/tutorial_taskflow_api.py
[2024-07-01T09:47:53.148-0400] {logging_mixin.py:188} INFO - [2024-07-01T09:47:53.148-0400] {dag.py:3096} INFO - Sync 1 DAGs
[2024-07-01T09:47:53.156-0400] {logging_mixin.py:188} INFO - [2024-07-01T09:47:53.156-0400] {dag.py:3954} INFO - Setting next_dagrun for tutorial_taskflow_api to None, run_after=None
[2024-07-01T09:47:53.169-0400] {processor.py:183} INFO - Processing /Users/christophercunningham/airflow_workspace/data-flow/data_flow_env/lib/python3.12/site-packages/airflow/example_dags/tutorial_taskflow_api.py took 0.131 seconds
[2024-07-01T09:49:41.276-0400] {processor.py:161} INFO - Started process (PID=15615) to work on /Users/christophercunningham/airflow_workspace/data-flow/data_flow_env/lib/python3.12/site-packages/airflow/example_dags/tutorial_taskflow_api.py
[2024-07-01T09:49:41.276-0400] {processor.py:830} INFO - Processing file /Users/christophercunningham/airflow_workspace/data-flow/data_flow_env/lib/python3.12/site-packages/airflow/example_dags/tutorial_taskflow_api.py for tasks to queue
[2024-07-01T09:49:41.277-0400] {logging_mixin.py:188} INFO - [2024-07-01T09:49:41.277-0400] {dagbag.py:545} INFO - Filling up the DagBag from /Users/christophercunningham/airflow_workspace/data-flow/data_flow_env/lib/python3.12/site-packages/airflow/example_dags/tutorial_taskflow_api.py
[2024-07-01T09:49:41.306-0400] {processor.py:840} INFO - DAG(s) 'tutorial_taskflow_api' retrieved from /Users/christophercunningham/airflow_workspace/data-flow/data_flow_env/lib/python3.12/site-packages/airflow/example_dags/tutorial_taskflow_api.py
[2024-07-01T09:49:41.389-0400] {logging_mixin.py:188} INFO - [2024-07-01T09:49:41.388-0400] {dag.py:3096} INFO - Sync 1 DAGs
[2024-07-01T09:49:41.396-0400] {logging_mixin.py:188} INFO - [2024-07-01T09:49:41.396-0400] {dag.py:3954} INFO - Setting next_dagrun for tutorial_taskflow_api to None, run_after=None
[2024-07-01T09:49:41.410-0400] {processor.py:183} INFO - Processing /Users/christophercunningham/airflow_workspace/data-flow/data_flow_env/lib/python3.12/site-packages/airflow/example_dags/tutorial_taskflow_api.py took 0.139 seconds
[2024-07-01T09:51:30.241-0400] {processor.py:161} INFO - Started process (PID=15834) to work on /Users/christophercunningham/airflow_workspace/data-flow/data_flow_env/lib/python3.12/site-packages/airflow/example_dags/tutorial_taskflow_api.py
[2024-07-01T09:51:30.243-0400] {processor.py:830} INFO - Processing file /Users/christophercunningham/airflow_workspace/data-flow/data_flow_env/lib/python3.12/site-packages/airflow/example_dags/tutorial_taskflow_api.py for tasks to queue
[2024-07-01T09:51:30.244-0400] {logging_mixin.py:188} INFO - [2024-07-01T09:51:30.244-0400] {dagbag.py:545} INFO - Filling up the DagBag from /Users/christophercunningham/airflow_workspace/data-flow/data_flow_env/lib/python3.12/site-packages/airflow/example_dags/tutorial_taskflow_api.py
[2024-07-01T09:51:30.274-0400] {processor.py:840} INFO - DAG(s) 'tutorial_taskflow_api' retrieved from /Users/christophercunningham/airflow_workspace/data-flow/data_flow_env/lib/python3.12/site-packages/airflow/example_dags/tutorial_taskflow_api.py
[2024-07-01T09:51:30.348-0400] {logging_mixin.py:188} INFO - [2024-07-01T09:51:30.348-0400] {dag.py:3096} INFO - Sync 1 DAGs
[2024-07-01T09:51:30.355-0400] {logging_mixin.py:188} INFO - [2024-07-01T09:51:30.355-0400] {dag.py:3954} INFO - Setting next_dagrun for tutorial_taskflow_api to None, run_after=None
[2024-07-01T09:51:30.368-0400] {processor.py:183} INFO - Processing /Users/christophercunningham/airflow_workspace/data-flow/data_flow_env/lib/python3.12/site-packages/airflow/example_dags/tutorial_taskflow_api.py took 0.132 seconds
[2024-07-01T09:53:14.204-0400] {processor.py:161} INFO - Started process (PID=15994) to work on /Users/christophercunningham/airflow_workspace/data-flow/data_flow_env/lib/python3.12/site-packages/airflow/example_dags/tutorial_taskflow_api.py
[2024-07-01T09:53:14.205-0400] {processor.py:830} INFO - Processing file /Users/christophercunningham/airflow_workspace/data-flow/data_flow_env/lib/python3.12/site-packages/airflow/example_dags/tutorial_taskflow_api.py for tasks to queue
[2024-07-01T09:53:14.206-0400] {logging_mixin.py:188} INFO - [2024-07-01T09:53:14.205-0400] {dagbag.py:545} INFO - Filling up the DagBag from /Users/christophercunningham/airflow_workspace/data-flow/data_flow_env/lib/python3.12/site-packages/airflow/example_dags/tutorial_taskflow_api.py
[2024-07-01T09:53:14.233-0400] {processor.py:840} INFO - DAG(s) 'tutorial_taskflow_api' retrieved from /Users/christophercunningham/airflow_workspace/data-flow/data_flow_env/lib/python3.12/site-packages/airflow/example_dags/tutorial_taskflow_api.py
[2024-07-01T09:53:14.309-0400] {logging_mixin.py:188} INFO - [2024-07-01T09:53:14.309-0400] {dag.py:3096} INFO - Sync 1 DAGs
[2024-07-01T09:53:14.317-0400] {logging_mixin.py:188} INFO - [2024-07-01T09:53:14.316-0400] {dag.py:3954} INFO - Setting next_dagrun for tutorial_taskflow_api to None, run_after=None
[2024-07-01T09:53:14.329-0400] {processor.py:183} INFO - Processing /Users/christophercunningham/airflow_workspace/data-flow/data_flow_env/lib/python3.12/site-packages/airflow/example_dags/tutorial_taskflow_api.py took 0.131 seconds
[2024-07-01T09:54:53.172-0400] {processor.py:161} INFO - Started process (PID=16203) to work on /Users/christophercunningham/airflow_workspace/data-flow/data_flow_env/lib/python3.12/site-packages/airflow/example_dags/tutorial_taskflow_api.py
[2024-07-01T09:54:53.174-0400] {processor.py:830} INFO - Processing file /Users/christophercunningham/airflow_workspace/data-flow/data_flow_env/lib/python3.12/site-packages/airflow/example_dags/tutorial_taskflow_api.py for tasks to queue
[2024-07-01T09:54:53.175-0400] {logging_mixin.py:188} INFO - [2024-07-01T09:54:53.174-0400] {dagbag.py:545} INFO - Filling up the DagBag from /Users/christophercunningham/airflow_workspace/data-flow/data_flow_env/lib/python3.12/site-packages/airflow/example_dags/tutorial_taskflow_api.py
[2024-07-01T09:54:53.204-0400] {processor.py:840} INFO - DAG(s) 'tutorial_taskflow_api' retrieved from /Users/christophercunningham/airflow_workspace/data-flow/data_flow_env/lib/python3.12/site-packages/airflow/example_dags/tutorial_taskflow_api.py
[2024-07-01T09:54:53.281-0400] {logging_mixin.py:188} INFO - [2024-07-01T09:54:53.281-0400] {dag.py:3096} INFO - Sync 1 DAGs
[2024-07-01T09:54:53.289-0400] {logging_mixin.py:188} INFO - [2024-07-01T09:54:53.289-0400] {dag.py:3954} INFO - Setting next_dagrun for tutorial_taskflow_api to None, run_after=None
[2024-07-01T09:54:53.305-0400] {processor.py:183} INFO - Processing /Users/christophercunningham/airflow_workspace/data-flow/data_flow_env/lib/python3.12/site-packages/airflow/example_dags/tutorial_taskflow_api.py took 0.137 seconds
[2024-07-01T09:56:35.851-0400] {processor.py:161} INFO - Started process (PID=16422) to work on /Users/christophercunningham/airflow_workspace/data-flow/data_flow_env/lib/python3.12/site-packages/airflow/example_dags/tutorial_taskflow_api.py
[2024-07-01T09:56:35.853-0400] {processor.py:830} INFO - Processing file /Users/christophercunningham/airflow_workspace/data-flow/data_flow_env/lib/python3.12/site-packages/airflow/example_dags/tutorial_taskflow_api.py for tasks to queue
[2024-07-01T09:56:35.854-0400] {logging_mixin.py:188} INFO - [2024-07-01T09:56:35.853-0400] {dagbag.py:545} INFO - Filling up the DagBag from /Users/christophercunningham/airflow_workspace/data-flow/data_flow_env/lib/python3.12/site-packages/airflow/example_dags/tutorial_taskflow_api.py
[2024-07-01T09:56:35.880-0400] {processor.py:840} INFO - DAG(s) 'tutorial_taskflow_api' retrieved from /Users/christophercunningham/airflow_workspace/data-flow/data_flow_env/lib/python3.12/site-packages/airflow/example_dags/tutorial_taskflow_api.py
[2024-07-01T09:56:35.953-0400] {logging_mixin.py:188} INFO - [2024-07-01T09:56:35.952-0400] {dag.py:3096} INFO - Sync 1 DAGs
[2024-07-01T09:56:35.960-0400] {logging_mixin.py:188} INFO - [2024-07-01T09:56:35.960-0400] {dag.py:3954} INFO - Setting next_dagrun for tutorial_taskflow_api to None, run_after=None
[2024-07-01T09:56:35.973-0400] {processor.py:183} INFO - Processing /Users/christophercunningham/airflow_workspace/data-flow/data_flow_env/lib/python3.12/site-packages/airflow/example_dags/tutorial_taskflow_api.py took 0.127 seconds
[2024-07-01T09:58:15.668-0400] {processor.py:161} INFO - Started process (PID=16644) to work on /Users/christophercunningham/airflow_workspace/data-flow/data_flow_env/lib/python3.12/site-packages/airflow/example_dags/tutorial_taskflow_api.py
[2024-07-01T09:58:15.670-0400] {processor.py:830} INFO - Processing file /Users/christophercunningham/airflow_workspace/data-flow/data_flow_env/lib/python3.12/site-packages/airflow/example_dags/tutorial_taskflow_api.py for tasks to queue
[2024-07-01T09:58:15.670-0400] {logging_mixin.py:188} INFO - [2024-07-01T09:58:15.670-0400] {dagbag.py:545} INFO - Filling up the DagBag from /Users/christophercunningham/airflow_workspace/data-flow/data_flow_env/lib/python3.12/site-packages/airflow/example_dags/tutorial_taskflow_api.py
[2024-07-01T09:58:15.700-0400] {processor.py:840} INFO - DAG(s) 'tutorial_taskflow_api' retrieved from /Users/christophercunningham/airflow_workspace/data-flow/data_flow_env/lib/python3.12/site-packages/airflow/example_dags/tutorial_taskflow_api.py
[2024-07-01T09:58:15.775-0400] {logging_mixin.py:188} INFO - [2024-07-01T09:58:15.775-0400] {dag.py:3096} INFO - Sync 1 DAGs
[2024-07-01T09:58:15.783-0400] {logging_mixin.py:188} INFO - [2024-07-01T09:58:15.783-0400] {dag.py:3954} INFO - Setting next_dagrun for tutorial_taskflow_api to None, run_after=None
[2024-07-01T09:58:15.796-0400] {processor.py:183} INFO - Processing /Users/christophercunningham/airflow_workspace/data-flow/data_flow_env/lib/python3.12/site-packages/airflow/example_dags/tutorial_taskflow_api.py took 0.133 seconds
[2024-07-01T09:59:57.139-0400] {processor.py:161} INFO - Started process (PID=16861) to work on /Users/christophercunningham/airflow_workspace/data-flow/data_flow_env/lib/python3.12/site-packages/airflow/example_dags/tutorial_taskflow_api.py
[2024-07-01T09:59:57.140-0400] {processor.py:830} INFO - Processing file /Users/christophercunningham/airflow_workspace/data-flow/data_flow_env/lib/python3.12/site-packages/airflow/example_dags/tutorial_taskflow_api.py for tasks to queue
[2024-07-01T09:59:57.141-0400] {logging_mixin.py:188} INFO - [2024-07-01T09:59:57.141-0400] {dagbag.py:545} INFO - Filling up the DagBag from /Users/christophercunningham/airflow_workspace/data-flow/data_flow_env/lib/python3.12/site-packages/airflow/example_dags/tutorial_taskflow_api.py
[2024-07-01T09:59:57.169-0400] {processor.py:840} INFO - DAG(s) 'tutorial_taskflow_api' retrieved from /Users/christophercunningham/airflow_workspace/data-flow/data_flow_env/lib/python3.12/site-packages/airflow/example_dags/tutorial_taskflow_api.py
[2024-07-01T09:59:57.247-0400] {logging_mixin.py:188} INFO - [2024-07-01T09:59:57.247-0400] {dag.py:3096} INFO - Sync 1 DAGs
[2024-07-01T09:59:57.254-0400] {logging_mixin.py:188} INFO - [2024-07-01T09:59:57.254-0400] {dag.py:3954} INFO - Setting next_dagrun for tutorial_taskflow_api to None, run_after=None
[2024-07-01T09:59:57.270-0400] {processor.py:183} INFO - Processing /Users/christophercunningham/airflow_workspace/data-flow/data_flow_env/lib/python3.12/site-packages/airflow/example_dags/tutorial_taskflow_api.py took 0.135 seconds
[2024-07-01T10:01:39.429-0400] {processor.py:161} INFO - Started process (PID=17112) to work on /Users/christophercunningham/airflow_workspace/data-flow/data_flow_env/lib/python3.12/site-packages/airflow/example_dags/tutorial_taskflow_api.py
[2024-07-01T10:01:39.430-0400] {processor.py:830} INFO - Processing file /Users/christophercunningham/airflow_workspace/data-flow/data_flow_env/lib/python3.12/site-packages/airflow/example_dags/tutorial_taskflow_api.py for tasks to queue
[2024-07-01T10:01:39.431-0400] {logging_mixin.py:188} INFO - [2024-07-01T10:01:39.430-0400] {dagbag.py:545} INFO - Filling up the DagBag from /Users/christophercunningham/airflow_workspace/data-flow/data_flow_env/lib/python3.12/site-packages/airflow/example_dags/tutorial_taskflow_api.py
[2024-07-01T10:01:39.463-0400] {processor.py:840} INFO - DAG(s) 'tutorial_taskflow_api' retrieved from /Users/christophercunningham/airflow_workspace/data-flow/data_flow_env/lib/python3.12/site-packages/airflow/example_dags/tutorial_taskflow_api.py
[2024-07-01T10:01:39.543-0400] {logging_mixin.py:188} INFO - [2024-07-01T10:01:39.543-0400] {dag.py:3096} INFO - Sync 1 DAGs
[2024-07-01T10:01:39.551-0400] {logging_mixin.py:188} INFO - [2024-07-01T10:01:39.550-0400] {dag.py:3954} INFO - Setting next_dagrun for tutorial_taskflow_api to None, run_after=None
[2024-07-01T10:01:39.564-0400] {processor.py:183} INFO - Processing /Users/christophercunningham/airflow_workspace/data-flow/data_flow_env/lib/python3.12/site-packages/airflow/example_dags/tutorial_taskflow_api.py took 0.138 seconds
[2024-07-01T10:03:26.237-0400] {processor.py:161} INFO - Started process (PID=17327) to work on /Users/christophercunningham/airflow_workspace/data-flow/data_flow_env/lib/python3.12/site-packages/airflow/example_dags/tutorial_taskflow_api.py
[2024-07-01T10:03:26.239-0400] {processor.py:830} INFO - Processing file /Users/christophercunningham/airflow_workspace/data-flow/data_flow_env/lib/python3.12/site-packages/airflow/example_dags/tutorial_taskflow_api.py for tasks to queue
[2024-07-01T10:03:26.240-0400] {logging_mixin.py:188} INFO - [2024-07-01T10:03:26.240-0400] {dagbag.py:545} INFO - Filling up the DagBag from /Users/christophercunningham/airflow_workspace/data-flow/data_flow_env/lib/python3.12/site-packages/airflow/example_dags/tutorial_taskflow_api.py
[2024-07-01T10:03:26.271-0400] {processor.py:840} INFO - DAG(s) 'tutorial_taskflow_api' retrieved from /Users/christophercunningham/airflow_workspace/data-flow/data_flow_env/lib/python3.12/site-packages/airflow/example_dags/tutorial_taskflow_api.py
[2024-07-01T10:03:26.344-0400] {logging_mixin.py:188} INFO - [2024-07-01T10:03:26.344-0400] {dag.py:3096} INFO - Sync 1 DAGs
[2024-07-01T10:03:26.353-0400] {logging_mixin.py:188} INFO - [2024-07-01T10:03:26.352-0400] {dag.py:3954} INFO - Setting next_dagrun for tutorial_taskflow_api to None, run_after=None
[2024-07-01T10:03:26.366-0400] {processor.py:183} INFO - Processing /Users/christophercunningham/airflow_workspace/data-flow/data_flow_env/lib/python3.12/site-packages/airflow/example_dags/tutorial_taskflow_api.py took 0.134 seconds
[2024-07-01T10:05:17.011-0400] {processor.py:161} INFO - Started process (PID=17550) to work on /Users/christophercunningham/airflow_workspace/data-flow/data_flow_env/lib/python3.12/site-packages/airflow/example_dags/tutorial_taskflow_api.py
[2024-07-01T10:05:17.013-0400] {processor.py:830} INFO - Processing file /Users/christophercunningham/airflow_workspace/data-flow/data_flow_env/lib/python3.12/site-packages/airflow/example_dags/tutorial_taskflow_api.py for tasks to queue
[2024-07-01T10:05:17.013-0400] {logging_mixin.py:188} INFO - [2024-07-01T10:05:17.013-0400] {dagbag.py:545} INFO - Filling up the DagBag from /Users/christophercunningham/airflow_workspace/data-flow/data_flow_env/lib/python3.12/site-packages/airflow/example_dags/tutorial_taskflow_api.py
[2024-07-01T10:05:17.045-0400] {processor.py:840} INFO - DAG(s) 'tutorial_taskflow_api' retrieved from /Users/christophercunningham/airflow_workspace/data-flow/data_flow_env/lib/python3.12/site-packages/airflow/example_dags/tutorial_taskflow_api.py
[2024-07-01T10:05:17.121-0400] {logging_mixin.py:188} INFO - [2024-07-01T10:05:17.121-0400] {dag.py:3096} INFO - Sync 1 DAGs
[2024-07-01T10:05:17.129-0400] {logging_mixin.py:188} INFO - [2024-07-01T10:05:17.128-0400] {dag.py:3954} INFO - Setting next_dagrun for tutorial_taskflow_api to None, run_after=None
[2024-07-01T10:05:17.147-0400] {processor.py:183} INFO - Processing /Users/christophercunningham/airflow_workspace/data-flow/data_flow_env/lib/python3.12/site-packages/airflow/example_dags/tutorial_taskflow_api.py took 0.140 seconds
[2024-07-01T10:07:07.570-0400] {processor.py:161} INFO - Started process (PID=17784) to work on /Users/christophercunningham/airflow_workspace/data-flow/data_flow_env/lib/python3.12/site-packages/airflow/example_dags/tutorial_taskflow_api.py
[2024-07-01T10:07:07.571-0400] {processor.py:830} INFO - Processing file /Users/christophercunningham/airflow_workspace/data-flow/data_flow_env/lib/python3.12/site-packages/airflow/example_dags/tutorial_taskflow_api.py for tasks to queue
[2024-07-01T10:07:07.572-0400] {logging_mixin.py:188} INFO - [2024-07-01T10:07:07.572-0400] {dagbag.py:545} INFO - Filling up the DagBag from /Users/christophercunningham/airflow_workspace/data-flow/data_flow_env/lib/python3.12/site-packages/airflow/example_dags/tutorial_taskflow_api.py
[2024-07-01T10:07:07.608-0400] {processor.py:840} INFO - DAG(s) 'tutorial_taskflow_api' retrieved from /Users/christophercunningham/airflow_workspace/data-flow/data_flow_env/lib/python3.12/site-packages/airflow/example_dags/tutorial_taskflow_api.py
[2024-07-01T10:07:07.698-0400] {logging_mixin.py:188} INFO - [2024-07-01T10:07:07.698-0400] {dag.py:3096} INFO - Sync 1 DAGs
[2024-07-01T10:07:07.707-0400] {logging_mixin.py:188} INFO - [2024-07-01T10:07:07.707-0400] {dag.py:3954} INFO - Setting next_dagrun for tutorial_taskflow_api to None, run_after=None
[2024-07-01T10:07:07.722-0400] {processor.py:183} INFO - Processing /Users/christophercunningham/airflow_workspace/data-flow/data_flow_env/lib/python3.12/site-packages/airflow/example_dags/tutorial_taskflow_api.py took 0.157 seconds
[2024-07-01T10:08:55.405-0400] {processor.py:161} INFO - Started process (PID=18010) to work on /Users/christophercunningham/airflow_workspace/data-flow/data_flow_env/lib/python3.12/site-packages/airflow/example_dags/tutorial_taskflow_api.py
[2024-07-01T10:08:55.407-0400] {processor.py:830} INFO - Processing file /Users/christophercunningham/airflow_workspace/data-flow/data_flow_env/lib/python3.12/site-packages/airflow/example_dags/tutorial_taskflow_api.py for tasks to queue
[2024-07-01T10:08:55.408-0400] {logging_mixin.py:188} INFO - [2024-07-01T10:08:55.407-0400] {dagbag.py:545} INFO - Filling up the DagBag from /Users/christophercunningham/airflow_workspace/data-flow/data_flow_env/lib/python3.12/site-packages/airflow/example_dags/tutorial_taskflow_api.py
[2024-07-01T10:08:55.436-0400] {processor.py:840} INFO - DAG(s) 'tutorial_taskflow_api' retrieved from /Users/christophercunningham/airflow_workspace/data-flow/data_flow_env/lib/python3.12/site-packages/airflow/example_dags/tutorial_taskflow_api.py
[2024-07-01T10:08:55.510-0400] {logging_mixin.py:188} INFO - [2024-07-01T10:08:55.510-0400] {dag.py:3096} INFO - Sync 1 DAGs
[2024-07-01T10:08:55.517-0400] {logging_mixin.py:188} INFO - [2024-07-01T10:08:55.517-0400] {dag.py:3954} INFO - Setting next_dagrun for tutorial_taskflow_api to None, run_after=None
[2024-07-01T10:08:55.533-0400] {processor.py:183} INFO - Processing /Users/christophercunningham/airflow_workspace/data-flow/data_flow_env/lib/python3.12/site-packages/airflow/example_dags/tutorial_taskflow_api.py took 0.133 seconds
[2024-07-01T10:10:40.000-0400] {processor.py:161} INFO - Started process (PID=18272) to work on /Users/christophercunningham/airflow_workspace/data-flow/data_flow_env/lib/python3.12/site-packages/airflow/example_dags/tutorial_taskflow_api.py
[2024-07-01T10:10:40.001-0400] {processor.py:830} INFO - Processing file /Users/christophercunningham/airflow_workspace/data-flow/data_flow_env/lib/python3.12/site-packages/airflow/example_dags/tutorial_taskflow_api.py for tasks to queue
[2024-07-01T10:10:40.002-0400] {logging_mixin.py:188} INFO - [2024-07-01T10:10:40.001-0400] {dagbag.py:545} INFO - Filling up the DagBag from /Users/christophercunningham/airflow_workspace/data-flow/data_flow_env/lib/python3.12/site-packages/airflow/example_dags/tutorial_taskflow_api.py
[2024-07-01T10:10:40.030-0400] {processor.py:840} INFO - DAG(s) 'tutorial_taskflow_api' retrieved from /Users/christophercunningham/airflow_workspace/data-flow/data_flow_env/lib/python3.12/site-packages/airflow/example_dags/tutorial_taskflow_api.py
[2024-07-01T10:10:40.104-0400] {logging_mixin.py:188} INFO - [2024-07-01T10:10:40.104-0400] {dag.py:3096} INFO - Sync 1 DAGs
[2024-07-01T10:10:40.112-0400] {logging_mixin.py:188} INFO - [2024-07-01T10:10:40.112-0400] {dag.py:3954} INFO - Setting next_dagrun for tutorial_taskflow_api to None, run_after=None
[2024-07-01T10:10:40.125-0400] {processor.py:183} INFO - Processing /Users/christophercunningham/airflow_workspace/data-flow/data_flow_env/lib/python3.12/site-packages/airflow/example_dags/tutorial_taskflow_api.py took 0.130 seconds
[2024-07-01T10:12:18.654-0400] {processor.py:161} INFO - Started process (PID=18475) to work on /Users/christophercunningham/airflow_workspace/data-flow/data_flow_env/lib/python3.12/site-packages/airflow/example_dags/tutorial_taskflow_api.py
[2024-07-01T10:12:18.656-0400] {processor.py:830} INFO - Processing file /Users/christophercunningham/airflow_workspace/data-flow/data_flow_env/lib/python3.12/site-packages/airflow/example_dags/tutorial_taskflow_api.py for tasks to queue
[2024-07-01T10:12:18.656-0400] {logging_mixin.py:188} INFO - [2024-07-01T10:12:18.656-0400] {dagbag.py:545} INFO - Filling up the DagBag from /Users/christophercunningham/airflow_workspace/data-flow/data_flow_env/lib/python3.12/site-packages/airflow/example_dags/tutorial_taskflow_api.py
[2024-07-01T10:12:18.683-0400] {processor.py:840} INFO - DAG(s) 'tutorial_taskflow_api' retrieved from /Users/christophercunningham/airflow_workspace/data-flow/data_flow_env/lib/python3.12/site-packages/airflow/example_dags/tutorial_taskflow_api.py
[2024-07-01T10:12:18.754-0400] {logging_mixin.py:188} INFO - [2024-07-01T10:12:18.753-0400] {dag.py:3096} INFO - Sync 1 DAGs
[2024-07-01T10:12:18.761-0400] {logging_mixin.py:188} INFO - [2024-07-01T10:12:18.761-0400] {dag.py:3954} INFO - Setting next_dagrun for tutorial_taskflow_api to None, run_after=None
[2024-07-01T10:12:18.775-0400] {processor.py:183} INFO - Processing /Users/christophercunningham/airflow_workspace/data-flow/data_flow_env/lib/python3.12/site-packages/airflow/example_dags/tutorial_taskflow_api.py took 0.125 seconds
[2024-07-01T10:14:03.657-0400] {processor.py:161} INFO - Started process (PID=18743) to work on /Users/christophercunningham/airflow_workspace/data-flow/data_flow_env/lib/python3.12/site-packages/airflow/example_dags/tutorial_taskflow_api.py
[2024-07-01T10:14:03.659-0400] {processor.py:830} INFO - Processing file /Users/christophercunningham/airflow_workspace/data-flow/data_flow_env/lib/python3.12/site-packages/airflow/example_dags/tutorial_taskflow_api.py for tasks to queue
[2024-07-01T10:14:03.660-0400] {logging_mixin.py:188} INFO - [2024-07-01T10:14:03.660-0400] {dagbag.py:545} INFO - Filling up the DagBag from /Users/christophercunningham/airflow_workspace/data-flow/data_flow_env/lib/python3.12/site-packages/airflow/example_dags/tutorial_taskflow_api.py
[2024-07-01T10:14:03.688-0400] {processor.py:840} INFO - DAG(s) 'tutorial_taskflow_api' retrieved from /Users/christophercunningham/airflow_workspace/data-flow/data_flow_env/lib/python3.12/site-packages/airflow/example_dags/tutorial_taskflow_api.py
[2024-07-01T10:14:03.765-0400] {logging_mixin.py:188} INFO - [2024-07-01T10:14:03.765-0400] {dag.py:3096} INFO - Sync 1 DAGs
[2024-07-01T10:14:03.774-0400] {logging_mixin.py:188} INFO - [2024-07-01T10:14:03.774-0400] {dag.py:3954} INFO - Setting next_dagrun for tutorial_taskflow_api to None, run_after=None
[2024-07-01T10:14:03.787-0400] {processor.py:183} INFO - Processing /Users/christophercunningham/airflow_workspace/data-flow/data_flow_env/lib/python3.12/site-packages/airflow/example_dags/tutorial_taskflow_api.py took 0.134 seconds
[2024-07-01T10:15:52.220-0400] {processor.py:161} INFO - Started process (PID=18982) to work on /Users/christophercunningham/airflow_workspace/data-flow/data_flow_env/lib/python3.12/site-packages/airflow/example_dags/tutorial_taskflow_api.py
[2024-07-01T10:15:52.221-0400] {processor.py:830} INFO - Processing file /Users/christophercunningham/airflow_workspace/data-flow/data_flow_env/lib/python3.12/site-packages/airflow/example_dags/tutorial_taskflow_api.py for tasks to queue
[2024-07-01T10:15:52.222-0400] {logging_mixin.py:188} INFO - [2024-07-01T10:15:52.222-0400] {dagbag.py:545} INFO - Filling up the DagBag from /Users/christophercunningham/airflow_workspace/data-flow/data_flow_env/lib/python3.12/site-packages/airflow/example_dags/tutorial_taskflow_api.py
[2024-07-01T10:15:52.252-0400] {processor.py:840} INFO - DAG(s) 'tutorial_taskflow_api' retrieved from /Users/christophercunningham/airflow_workspace/data-flow/data_flow_env/lib/python3.12/site-packages/airflow/example_dags/tutorial_taskflow_api.py
[2024-07-01T10:15:52.340-0400] {logging_mixin.py:188} INFO - [2024-07-01T10:15:52.339-0400] {dag.py:3096} INFO - Sync 1 DAGs
[2024-07-01T10:15:52.347-0400] {logging_mixin.py:188} INFO - [2024-07-01T10:15:52.347-0400] {dag.py:3954} INFO - Setting next_dagrun for tutorial_taskflow_api to None, run_after=None
[2024-07-01T10:15:52.361-0400] {processor.py:183} INFO - Processing /Users/christophercunningham/airflow_workspace/data-flow/data_flow_env/lib/python3.12/site-packages/airflow/example_dags/tutorial_taskflow_api.py took 0.144 seconds
[2024-07-01T10:17:40.373-0400] {processor.py:161} INFO - Started process (PID=19183) to work on /Users/christophercunningham/airflow_workspace/data-flow/data_flow_env/lib/python3.12/site-packages/airflow/example_dags/tutorial_taskflow_api.py
[2024-07-01T10:17:40.375-0400] {processor.py:830} INFO - Processing file /Users/christophercunningham/airflow_workspace/data-flow/data_flow_env/lib/python3.12/site-packages/airflow/example_dags/tutorial_taskflow_api.py for tasks to queue
[2024-07-01T10:17:40.375-0400] {logging_mixin.py:188} INFO - [2024-07-01T10:17:40.375-0400] {dagbag.py:545} INFO - Filling up the DagBag from /Users/christophercunningham/airflow_workspace/data-flow/data_flow_env/lib/python3.12/site-packages/airflow/example_dags/tutorial_taskflow_api.py
[2024-07-01T10:17:40.404-0400] {processor.py:840} INFO - DAG(s) 'tutorial_taskflow_api' retrieved from /Users/christophercunningham/airflow_workspace/data-flow/data_flow_env/lib/python3.12/site-packages/airflow/example_dags/tutorial_taskflow_api.py
[2024-07-01T10:17:40.478-0400] {logging_mixin.py:188} INFO - [2024-07-01T10:17:40.478-0400] {dag.py:3096} INFO - Sync 1 DAGs
[2024-07-01T10:17:40.486-0400] {logging_mixin.py:188} INFO - [2024-07-01T10:17:40.486-0400] {dag.py:3954} INFO - Setting next_dagrun for tutorial_taskflow_api to None, run_after=None
[2024-07-01T10:17:40.499-0400] {processor.py:183} INFO - Processing /Users/christophercunningham/airflow_workspace/data-flow/data_flow_env/lib/python3.12/site-packages/airflow/example_dags/tutorial_taskflow_api.py took 0.131 seconds
[2024-07-01T10:19:05.119-0400] {processor.py:161} INFO - Started process (PID=19386) to work on /Users/christophercunningham/airflow_workspace/data-flow/data_flow_env/lib/python3.12/site-packages/airflow/example_dags/tutorial_taskflow_api.py
[2024-07-01T10:19:05.120-0400] {processor.py:830} INFO - Processing file /Users/christophercunningham/airflow_workspace/data-flow/data_flow_env/lib/python3.12/site-packages/airflow/example_dags/tutorial_taskflow_api.py for tasks to queue
[2024-07-01T10:19:05.121-0400] {logging_mixin.py:188} INFO - [2024-07-01T10:19:05.121-0400] {dagbag.py:545} INFO - Filling up the DagBag from /Users/christophercunningham/airflow_workspace/data-flow/data_flow_env/lib/python3.12/site-packages/airflow/example_dags/tutorial_taskflow_api.py
[2024-07-01T10:19:05.150-0400] {processor.py:840} INFO - DAG(s) 'tutorial_taskflow_api' retrieved from /Users/christophercunningham/airflow_workspace/data-flow/data_flow_env/lib/python3.12/site-packages/airflow/example_dags/tutorial_taskflow_api.py
[2024-07-01T10:19:05.160-0400] {logging_mixin.py:188} INFO - [2024-07-01T10:19:05.160-0400] {dag.py:3096} INFO - Sync 1 DAGs
[2024-07-01T10:19:05.221-0400] {logging_mixin.py:188} INFO - [2024-07-01T10:19:05.221-0400] {dag.py:3954} INFO - Setting next_dagrun for tutorial_taskflow_api to None, run_after=None
[2024-07-01T10:19:05.234-0400] {processor.py:183} INFO - Processing /Users/christophercunningham/airflow_workspace/data-flow/data_flow_env/lib/python3.12/site-packages/airflow/example_dags/tutorial_taskflow_api.py took 0.120 seconds
[2024-07-01T10:38:58.879-0400] {processor.py:161} INFO - Started process (PID=21107) to work on /Users/christophercunningham/airflow_workspace/data-flow/data_flow_env/lib/python3.12/site-packages/airflow/example_dags/tutorial_taskflow_api.py
[2024-07-01T10:38:58.881-0400] {processor.py:830} INFO - Processing file /Users/christophercunningham/airflow_workspace/data-flow/data_flow_env/lib/python3.12/site-packages/airflow/example_dags/tutorial_taskflow_api.py for tasks to queue
[2024-07-01T10:38:58.881-0400] {logging_mixin.py:188} INFO - [2024-07-01T10:38:58.881-0400] {dagbag.py:545} INFO - Filling up the DagBag from /Users/christophercunningham/airflow_workspace/data-flow/data_flow_env/lib/python3.12/site-packages/airflow/example_dags/tutorial_taskflow_api.py
[2024-07-01T10:38:58.911-0400] {processor.py:840} INFO - DAG(s) 'tutorial_taskflow_api' retrieved from /Users/christophercunningham/airflow_workspace/data-flow/data_flow_env/lib/python3.12/site-packages/airflow/example_dags/tutorial_taskflow_api.py
[2024-07-01T10:38:58.922-0400] {logging_mixin.py:188} INFO - [2024-07-01T10:38:58.922-0400] {dag.py:3096} INFO - Sync 1 DAGs
[2024-07-01T10:38:58.994-0400] {logging_mixin.py:188} INFO - [2024-07-01T10:38:58.994-0400] {dag.py:3954} INFO - Setting next_dagrun for tutorial_taskflow_api to None, run_after=None
[2024-07-01T10:38:59.009-0400] {processor.py:183} INFO - Processing /Users/christophercunningham/airflow_workspace/data-flow/data_flow_env/lib/python3.12/site-packages/airflow/example_dags/tutorial_taskflow_api.py took 0.132 seconds
