[2024-07-01T09:31:27.203-0400] {processor.py:161} INFO - Started process (PID=13823) to work on /Users/christophercunningham/airflow_workspace/data-flow/data_flow_env/lib/python3.12/site-packages/airflow/example_dags/tutorial_dag.py
[2024-07-01T09:31:27.204-0400] {processor.py:830} INFO - Processing file /Users/christophercunningham/airflow_workspace/data-flow/data_flow_env/lib/python3.12/site-packages/airflow/example_dags/tutorial_dag.py for tasks to queue
[2024-07-01T09:31:27.205-0400] {logging_mixin.py:188} INFO - [2024-07-01T09:31:27.205-0400] {dagbag.py:545} INFO - Filling up the DagBag from /Users/christophercunningham/airflow_workspace/data-flow/data_flow_env/lib/python3.12/site-packages/airflow/example_dags/tutorial_dag.py
[2024-07-01T09:31:27.226-0400] {processor.py:840} INFO - DAG(s) 'tutorial_dag' retrieved from /Users/christophercunningham/airflow_workspace/data-flow/data_flow_env/lib/python3.12/site-packages/airflow/example_dags/tutorial_dag.py
[2024-07-01T09:31:27.236-0400] {logging_mixin.py:188} INFO - [2024-07-01T09:31:27.235-0400] {dag.py:3096} INFO - Sync 1 DAGs
[2024-07-01T09:31:27.304-0400] {logging_mixin.py:188} INFO - [2024-07-01T09:31:27.304-0400] {dag.py:3954} INFO - Setting next_dagrun for tutorial_dag to None, run_after=None
[2024-07-01T09:31:27.317-0400] {processor.py:183} INFO - Processing /Users/christophercunningham/airflow_workspace/data-flow/data_flow_env/lib/python3.12/site-packages/airflow/example_dags/tutorial_dag.py took 0.119 seconds
[2024-07-01T09:33:46.796-0400] {processor.py:161} INFO - Started process (PID=14105) to work on /Users/christophercunningham/airflow_workspace/data-flow/data_flow_env/lib/python3.12/site-packages/airflow/example_dags/tutorial_dag.py
[2024-07-01T09:33:46.798-0400] {processor.py:830} INFO - Processing file /Users/christophercunningham/airflow_workspace/data-flow/data_flow_env/lib/python3.12/site-packages/airflow/example_dags/tutorial_dag.py for tasks to queue
[2024-07-01T09:33:46.799-0400] {logging_mixin.py:188} INFO - [2024-07-01T09:33:46.799-0400] {dagbag.py:545} INFO - Filling up the DagBag from /Users/christophercunningham/airflow_workspace/data-flow/data_flow_env/lib/python3.12/site-packages/airflow/example_dags/tutorial_dag.py
[2024-07-01T09:33:46.818-0400] {processor.py:840} INFO - DAG(s) 'tutorial_dag' retrieved from /Users/christophercunningham/airflow_workspace/data-flow/data_flow_env/lib/python3.12/site-packages/airflow/example_dags/tutorial_dag.py
[2024-07-01T09:33:46.951-0400] {logging_mixin.py:188} INFO - [2024-07-01T09:33:46.951-0400] {dag.py:3096} INFO - Sync 1 DAGs
[2024-07-01T09:33:47.005-0400] {logging_mixin.py:188} INFO - [2024-07-01T09:33:47.005-0400] {dag.py:3954} INFO - Setting next_dagrun for tutorial_dag to None, run_after=None
[2024-07-01T09:33:47.024-0400] {processor.py:183} INFO - Processing /Users/christophercunningham/airflow_workspace/data-flow/data_flow_env/lib/python3.12/site-packages/airflow/example_dags/tutorial_dag.py took 0.232 seconds
[2024-07-01T09:35:31.232-0400] {processor.py:161} INFO - Started process (PID=14256) to work on /Users/christophercunningham/airflow_workspace/data-flow/data_flow_env/lib/python3.12/site-packages/airflow/example_dags/tutorial_dag.py
[2024-07-01T09:35:31.233-0400] {processor.py:830} INFO - Processing file /Users/christophercunningham/airflow_workspace/data-flow/data_flow_env/lib/python3.12/site-packages/airflow/example_dags/tutorial_dag.py for tasks to queue
[2024-07-01T09:35:31.234-0400] {logging_mixin.py:188} INFO - [2024-07-01T09:35:31.234-0400] {dagbag.py:545} INFO - Filling up the DagBag from /Users/christophercunningham/airflow_workspace/data-flow/data_flow_env/lib/python3.12/site-packages/airflow/example_dags/tutorial_dag.py
[2024-07-01T09:35:31.253-0400] {processor.py:840} INFO - DAG(s) 'tutorial_dag' retrieved from /Users/christophercunningham/airflow_workspace/data-flow/data_flow_env/lib/python3.12/site-packages/airflow/example_dags/tutorial_dag.py
[2024-07-01T09:35:31.324-0400] {logging_mixin.py:188} INFO - [2024-07-01T09:35:31.324-0400] {dag.py:3096} INFO - Sync 1 DAGs
[2024-07-01T09:35:31.330-0400] {logging_mixin.py:188} INFO - [2024-07-01T09:35:31.330-0400] {dag.py:3954} INFO - Setting next_dagrun for tutorial_dag to None, run_after=None
[2024-07-01T09:35:31.343-0400] {processor.py:183} INFO - Processing /Users/christophercunningham/airflow_workspace/data-flow/data_flow_env/lib/python3.12/site-packages/airflow/example_dags/tutorial_dag.py took 0.116 seconds
[2024-07-01T09:37:15.142-0400] {processor.py:161} INFO - Started process (PID=14428) to work on /Users/christophercunningham/airflow_workspace/data-flow/data_flow_env/lib/python3.12/site-packages/airflow/example_dags/tutorial_dag.py
[2024-07-01T09:37:15.144-0400] {processor.py:830} INFO - Processing file /Users/christophercunningham/airflow_workspace/data-flow/data_flow_env/lib/python3.12/site-packages/airflow/example_dags/tutorial_dag.py for tasks to queue
[2024-07-01T09:37:15.145-0400] {logging_mixin.py:188} INFO - [2024-07-01T09:37:15.145-0400] {dagbag.py:545} INFO - Filling up the DagBag from /Users/christophercunningham/airflow_workspace/data-flow/data_flow_env/lib/python3.12/site-packages/airflow/example_dags/tutorial_dag.py
[2024-07-01T09:37:15.163-0400] {processor.py:840} INFO - DAG(s) 'tutorial_dag' retrieved from /Users/christophercunningham/airflow_workspace/data-flow/data_flow_env/lib/python3.12/site-packages/airflow/example_dags/tutorial_dag.py
[2024-07-01T09:37:15.233-0400] {logging_mixin.py:188} INFO - [2024-07-01T09:37:15.233-0400] {dag.py:3096} INFO - Sync 1 DAGs
[2024-07-01T09:37:15.240-0400] {logging_mixin.py:188} INFO - [2024-07-01T09:37:15.240-0400] {dag.py:3954} INFO - Setting next_dagrun for tutorial_dag to None, run_after=None
[2024-07-01T09:37:15.253-0400] {processor.py:183} INFO - Processing /Users/christophercunningham/airflow_workspace/data-flow/data_flow_env/lib/python3.12/site-packages/airflow/example_dags/tutorial_dag.py took 0.115 seconds
[2024-07-01T09:39:02.313-0400] {processor.py:161} INFO - Started process (PID=14577) to work on /Users/christophercunningham/airflow_workspace/data-flow/data_flow_env/lib/python3.12/site-packages/airflow/example_dags/tutorial_dag.py
[2024-07-01T09:39:02.314-0400] {processor.py:830} INFO - Processing file /Users/christophercunningham/airflow_workspace/data-flow/data_flow_env/lib/python3.12/site-packages/airflow/example_dags/tutorial_dag.py for tasks to queue
[2024-07-01T09:39:02.315-0400] {logging_mixin.py:188} INFO - [2024-07-01T09:39:02.315-0400] {dagbag.py:545} INFO - Filling up the DagBag from /Users/christophercunningham/airflow_workspace/data-flow/data_flow_env/lib/python3.12/site-packages/airflow/example_dags/tutorial_dag.py
[2024-07-01T09:39:02.333-0400] {processor.py:840} INFO - DAG(s) 'tutorial_dag' retrieved from /Users/christophercunningham/airflow_workspace/data-flow/data_flow_env/lib/python3.12/site-packages/airflow/example_dags/tutorial_dag.py
[2024-07-01T09:39:02.406-0400] {logging_mixin.py:188} INFO - [2024-07-01T09:39:02.406-0400] {dag.py:3096} INFO - Sync 1 DAGs
[2024-07-01T09:39:02.413-0400] {logging_mixin.py:188} INFO - [2024-07-01T09:39:02.413-0400] {dag.py:3954} INFO - Setting next_dagrun for tutorial_dag to None, run_after=None
[2024-07-01T09:39:02.425-0400] {processor.py:183} INFO - Processing /Users/christophercunningham/airflow_workspace/data-flow/data_flow_env/lib/python3.12/site-packages/airflow/example_dags/tutorial_dag.py took 0.117 seconds
[2024-07-01T09:40:47.262-0400] {processor.py:161} INFO - Started process (PID=14802) to work on /Users/christophercunningham/airflow_workspace/data-flow/data_flow_env/lib/python3.12/site-packages/airflow/example_dags/tutorial_dag.py
[2024-07-01T09:40:47.265-0400] {processor.py:830} INFO - Processing file /Users/christophercunningham/airflow_workspace/data-flow/data_flow_env/lib/python3.12/site-packages/airflow/example_dags/tutorial_dag.py for tasks to queue
[2024-07-01T09:40:47.266-0400] {logging_mixin.py:188} INFO - [2024-07-01T09:40:47.266-0400] {dagbag.py:545} INFO - Filling up the DagBag from /Users/christophercunningham/airflow_workspace/data-flow/data_flow_env/lib/python3.12/site-packages/airflow/example_dags/tutorial_dag.py
[2024-07-01T09:40:47.286-0400] {processor.py:840} INFO - DAG(s) 'tutorial_dag' retrieved from /Users/christophercunningham/airflow_workspace/data-flow/data_flow_env/lib/python3.12/site-packages/airflow/example_dags/tutorial_dag.py
[2024-07-01T09:40:47.360-0400] {logging_mixin.py:188} INFO - [2024-07-01T09:40:47.360-0400] {dag.py:3096} INFO - Sync 1 DAGs
[2024-07-01T09:40:47.368-0400] {logging_mixin.py:188} INFO - [2024-07-01T09:40:47.368-0400] {dag.py:3954} INFO - Setting next_dagrun for tutorial_dag to None, run_after=None
[2024-07-01T09:40:47.382-0400] {processor.py:183} INFO - Processing /Users/christophercunningham/airflow_workspace/data-flow/data_flow_env/lib/python3.12/site-packages/airflow/example_dags/tutorial_dag.py took 0.124 seconds
[2024-07-01T09:42:33.616-0400] {processor.py:161} INFO - Started process (PID=14972) to work on /Users/christophercunningham/airflow_workspace/data-flow/data_flow_env/lib/python3.12/site-packages/airflow/example_dags/tutorial_dag.py
[2024-07-01T09:42:33.617-0400] {processor.py:830} INFO - Processing file /Users/christophercunningham/airflow_workspace/data-flow/data_flow_env/lib/python3.12/site-packages/airflow/example_dags/tutorial_dag.py for tasks to queue
[2024-07-01T09:42:33.618-0400] {logging_mixin.py:188} INFO - [2024-07-01T09:42:33.618-0400] {dagbag.py:545} INFO - Filling up the DagBag from /Users/christophercunningham/airflow_workspace/data-flow/data_flow_env/lib/python3.12/site-packages/airflow/example_dags/tutorial_dag.py
[2024-07-01T09:42:33.637-0400] {processor.py:840} INFO - DAG(s) 'tutorial_dag' retrieved from /Users/christophercunningham/airflow_workspace/data-flow/data_flow_env/lib/python3.12/site-packages/airflow/example_dags/tutorial_dag.py
[2024-07-01T09:42:33.713-0400] {logging_mixin.py:188} INFO - [2024-07-01T09:42:33.712-0400] {dag.py:3096} INFO - Sync 1 DAGs
[2024-07-01T09:42:33.719-0400] {logging_mixin.py:188} INFO - [2024-07-01T09:42:33.719-0400] {dag.py:3954} INFO - Setting next_dagrun for tutorial_dag to None, run_after=None
[2024-07-01T09:42:33.732-0400] {processor.py:183} INFO - Processing /Users/christophercunningham/airflow_workspace/data-flow/data_flow_env/lib/python3.12/site-packages/airflow/example_dags/tutorial_dag.py took 0.121 seconds
[2024-07-01T09:44:24.138-0400] {processor.py:161} INFO - Started process (PID=15149) to work on /Users/christophercunningham/airflow_workspace/data-flow/data_flow_env/lib/python3.12/site-packages/airflow/example_dags/tutorial_dag.py
[2024-07-01T09:44:24.140-0400] {processor.py:830} INFO - Processing file /Users/christophercunningham/airflow_workspace/data-flow/data_flow_env/lib/python3.12/site-packages/airflow/example_dags/tutorial_dag.py for tasks to queue
[2024-07-01T09:44:24.140-0400] {logging_mixin.py:188} INFO - [2024-07-01T09:44:24.140-0400] {dagbag.py:545} INFO - Filling up the DagBag from /Users/christophercunningham/airflow_workspace/data-flow/data_flow_env/lib/python3.12/site-packages/airflow/example_dags/tutorial_dag.py
[2024-07-01T09:44:24.163-0400] {processor.py:840} INFO - DAG(s) 'tutorial_dag' retrieved from /Users/christophercunningham/airflow_workspace/data-flow/data_flow_env/lib/python3.12/site-packages/airflow/example_dags/tutorial_dag.py
[2024-07-01T09:44:24.250-0400] {logging_mixin.py:188} INFO - [2024-07-01T09:44:24.249-0400] {dag.py:3096} INFO - Sync 1 DAGs
[2024-07-01T09:44:24.258-0400] {logging_mixin.py:188} INFO - [2024-07-01T09:44:24.258-0400] {dag.py:3954} INFO - Setting next_dagrun for tutorial_dag to None, run_after=None
[2024-07-01T09:44:24.273-0400] {processor.py:183} INFO - Processing /Users/christophercunningham/airflow_workspace/data-flow/data_flow_env/lib/python3.12/site-packages/airflow/example_dags/tutorial_dag.py took 0.138 seconds
[2024-07-01T09:46:12.430-0400] {processor.py:161} INFO - Started process (PID=15310) to work on /Users/christophercunningham/airflow_workspace/data-flow/data_flow_env/lib/python3.12/site-packages/airflow/example_dags/tutorial_dag.py
[2024-07-01T09:46:12.431-0400] {processor.py:830} INFO - Processing file /Users/christophercunningham/airflow_workspace/data-flow/data_flow_env/lib/python3.12/site-packages/airflow/example_dags/tutorial_dag.py for tasks to queue
[2024-07-01T09:46:12.432-0400] {logging_mixin.py:188} INFO - [2024-07-01T09:46:12.432-0400] {dagbag.py:545} INFO - Filling up the DagBag from /Users/christophercunningham/airflow_workspace/data-flow/data_flow_env/lib/python3.12/site-packages/airflow/example_dags/tutorial_dag.py
[2024-07-01T09:46:12.453-0400] {processor.py:840} INFO - DAG(s) 'tutorial_dag' retrieved from /Users/christophercunningham/airflow_workspace/data-flow/data_flow_env/lib/python3.12/site-packages/airflow/example_dags/tutorial_dag.py
[2024-07-01T09:46:12.532-0400] {logging_mixin.py:188} INFO - [2024-07-01T09:46:12.532-0400] {dag.py:3096} INFO - Sync 1 DAGs
[2024-07-01T09:46:12.539-0400] {logging_mixin.py:188} INFO - [2024-07-01T09:46:12.539-0400] {dag.py:3954} INFO - Setting next_dagrun for tutorial_dag to None, run_after=None
[2024-07-01T09:46:12.551-0400] {processor.py:183} INFO - Processing /Users/christophercunningham/airflow_workspace/data-flow/data_flow_env/lib/python3.12/site-packages/airflow/example_dags/tutorial_dag.py took 0.127 seconds
[2024-07-01T09:47:58.309-0400] {processor.py:161} INFO - Started process (PID=15463) to work on /Users/christophercunningham/airflow_workspace/data-flow/data_flow_env/lib/python3.12/site-packages/airflow/example_dags/tutorial_dag.py
[2024-07-01T09:47:58.310-0400] {processor.py:830} INFO - Processing file /Users/christophercunningham/airflow_workspace/data-flow/data_flow_env/lib/python3.12/site-packages/airflow/example_dags/tutorial_dag.py for tasks to queue
[2024-07-01T09:47:58.312-0400] {logging_mixin.py:188} INFO - [2024-07-01T09:47:58.311-0400] {dagbag.py:545} INFO - Filling up the DagBag from /Users/christophercunningham/airflow_workspace/data-flow/data_flow_env/lib/python3.12/site-packages/airflow/example_dags/tutorial_dag.py
[2024-07-01T09:47:58.331-0400] {processor.py:840} INFO - DAG(s) 'tutorial_dag' retrieved from /Users/christophercunningham/airflow_workspace/data-flow/data_flow_env/lib/python3.12/site-packages/airflow/example_dags/tutorial_dag.py
[2024-07-01T09:47:58.403-0400] {logging_mixin.py:188} INFO - [2024-07-01T09:47:58.403-0400] {dag.py:3096} INFO - Sync 1 DAGs
[2024-07-01T09:47:58.410-0400] {logging_mixin.py:188} INFO - [2024-07-01T09:47:58.410-0400] {dag.py:3954} INFO - Setting next_dagrun for tutorial_dag to None, run_after=None
[2024-07-01T09:47:58.422-0400] {processor.py:183} INFO - Processing /Users/christophercunningham/airflow_workspace/data-flow/data_flow_env/lib/python3.12/site-packages/airflow/example_dags/tutorial_dag.py took 0.117 seconds
[2024-07-01T09:49:46.556-0400] {processor.py:161} INFO - Started process (PID=15621) to work on /Users/christophercunningham/airflow_workspace/data-flow/data_flow_env/lib/python3.12/site-packages/airflow/example_dags/tutorial_dag.py
[2024-07-01T09:49:46.557-0400] {processor.py:830} INFO - Processing file /Users/christophercunningham/airflow_workspace/data-flow/data_flow_env/lib/python3.12/site-packages/airflow/example_dags/tutorial_dag.py for tasks to queue
[2024-07-01T09:49:46.558-0400] {logging_mixin.py:188} INFO - [2024-07-01T09:49:46.558-0400] {dagbag.py:545} INFO - Filling up the DagBag from /Users/christophercunningham/airflow_workspace/data-flow/data_flow_env/lib/python3.12/site-packages/airflow/example_dags/tutorial_dag.py
[2024-07-01T09:49:46.576-0400] {processor.py:840} INFO - DAG(s) 'tutorial_dag' retrieved from /Users/christophercunningham/airflow_workspace/data-flow/data_flow_env/lib/python3.12/site-packages/airflow/example_dags/tutorial_dag.py
[2024-07-01T09:49:46.649-0400] {logging_mixin.py:188} INFO - [2024-07-01T09:49:46.649-0400] {dag.py:3096} INFO - Sync 1 DAGs
[2024-07-01T09:49:46.655-0400] {logging_mixin.py:188} INFO - [2024-07-01T09:49:46.655-0400] {dag.py:3954} INFO - Setting next_dagrun for tutorial_dag to None, run_after=None
[2024-07-01T09:49:46.668-0400] {processor.py:183} INFO - Processing /Users/christophercunningham/airflow_workspace/data-flow/data_flow_env/lib/python3.12/site-packages/airflow/example_dags/tutorial_dag.py took 0.117 seconds
[2024-07-01T09:51:35.144-0400] {processor.py:161} INFO - Started process (PID=15842) to work on /Users/christophercunningham/airflow_workspace/data-flow/data_flow_env/lib/python3.12/site-packages/airflow/example_dags/tutorial_dag.py
[2024-07-01T09:51:35.146-0400] {processor.py:830} INFO - Processing file /Users/christophercunningham/airflow_workspace/data-flow/data_flow_env/lib/python3.12/site-packages/airflow/example_dags/tutorial_dag.py for tasks to queue
[2024-07-01T09:51:35.146-0400] {logging_mixin.py:188} INFO - [2024-07-01T09:51:35.146-0400] {dagbag.py:545} INFO - Filling up the DagBag from /Users/christophercunningham/airflow_workspace/data-flow/data_flow_env/lib/python3.12/site-packages/airflow/example_dags/tutorial_dag.py
[2024-07-01T09:51:35.166-0400] {processor.py:840} INFO - DAG(s) 'tutorial_dag' retrieved from /Users/christophercunningham/airflow_workspace/data-flow/data_flow_env/lib/python3.12/site-packages/airflow/example_dags/tutorial_dag.py
[2024-07-01T09:51:35.240-0400] {logging_mixin.py:188} INFO - [2024-07-01T09:51:35.240-0400] {dag.py:3096} INFO - Sync 1 DAGs
[2024-07-01T09:51:35.246-0400] {logging_mixin.py:188} INFO - [2024-07-01T09:51:35.246-0400] {dag.py:3954} INFO - Setting next_dagrun for tutorial_dag to None, run_after=None
[2024-07-01T09:51:35.260-0400] {processor.py:183} INFO - Processing /Users/christophercunningham/airflow_workspace/data-flow/data_flow_env/lib/python3.12/site-packages/airflow/example_dags/tutorial_dag.py took 0.120 seconds
[2024-07-01T09:53:19.480-0400] {processor.py:161} INFO - Started process (PID=16001) to work on /Users/christophercunningham/airflow_workspace/data-flow/data_flow_env/lib/python3.12/site-packages/airflow/example_dags/tutorial_dag.py
[2024-07-01T09:53:19.481-0400] {processor.py:830} INFO - Processing file /Users/christophercunningham/airflow_workspace/data-flow/data_flow_env/lib/python3.12/site-packages/airflow/example_dags/tutorial_dag.py for tasks to queue
[2024-07-01T09:53:19.482-0400] {logging_mixin.py:188} INFO - [2024-07-01T09:53:19.482-0400] {dagbag.py:545} INFO - Filling up the DagBag from /Users/christophercunningham/airflow_workspace/data-flow/data_flow_env/lib/python3.12/site-packages/airflow/example_dags/tutorial_dag.py
[2024-07-01T09:53:19.501-0400] {processor.py:840} INFO - DAG(s) 'tutorial_dag' retrieved from /Users/christophercunningham/airflow_workspace/data-flow/data_flow_env/lib/python3.12/site-packages/airflow/example_dags/tutorial_dag.py
[2024-07-01T09:53:19.572-0400] {logging_mixin.py:188} INFO - [2024-07-01T09:53:19.572-0400] {dag.py:3096} INFO - Sync 1 DAGs
[2024-07-01T09:53:19.582-0400] {logging_mixin.py:188} INFO - [2024-07-01T09:53:19.582-0400] {dag.py:3954} INFO - Setting next_dagrun for tutorial_dag to None, run_after=None
[2024-07-01T09:53:19.595-0400] {processor.py:183} INFO - Processing /Users/christophercunningham/airflow_workspace/data-flow/data_flow_env/lib/python3.12/site-packages/airflow/example_dags/tutorial_dag.py took 0.120 seconds
[2024-07-01T09:54:58.653-0400] {processor.py:161} INFO - Started process (PID=16214) to work on /Users/christophercunningham/airflow_workspace/data-flow/data_flow_env/lib/python3.12/site-packages/airflow/example_dags/tutorial_dag.py
[2024-07-01T09:54:58.654-0400] {processor.py:830} INFO - Processing file /Users/christophercunningham/airflow_workspace/data-flow/data_flow_env/lib/python3.12/site-packages/airflow/example_dags/tutorial_dag.py for tasks to queue
[2024-07-01T09:54:58.655-0400] {logging_mixin.py:188} INFO - [2024-07-01T09:54:58.655-0400] {dagbag.py:545} INFO - Filling up the DagBag from /Users/christophercunningham/airflow_workspace/data-flow/data_flow_env/lib/python3.12/site-packages/airflow/example_dags/tutorial_dag.py
[2024-07-01T09:54:58.674-0400] {processor.py:840} INFO - DAG(s) 'tutorial_dag' retrieved from /Users/christophercunningham/airflow_workspace/data-flow/data_flow_env/lib/python3.12/site-packages/airflow/example_dags/tutorial_dag.py
[2024-07-01T09:54:58.746-0400] {logging_mixin.py:188} INFO - [2024-07-01T09:54:58.746-0400] {dag.py:3096} INFO - Sync 1 DAGs
[2024-07-01T09:54:58.753-0400] {logging_mixin.py:188} INFO - [2024-07-01T09:54:58.753-0400] {dag.py:3954} INFO - Setting next_dagrun for tutorial_dag to None, run_after=None
[2024-07-01T09:54:58.765-0400] {processor.py:183} INFO - Processing /Users/christophercunningham/airflow_workspace/data-flow/data_flow_env/lib/python3.12/site-packages/airflow/example_dags/tutorial_dag.py took 0.116 seconds
[2024-07-01T09:56:41.043-0400] {processor.py:161} INFO - Started process (PID=16434) to work on /Users/christophercunningham/airflow_workspace/data-flow/data_flow_env/lib/python3.12/site-packages/airflow/example_dags/tutorial_dag.py
[2024-07-01T09:56:41.044-0400] {processor.py:830} INFO - Processing file /Users/christophercunningham/airflow_workspace/data-flow/data_flow_env/lib/python3.12/site-packages/airflow/example_dags/tutorial_dag.py for tasks to queue
[2024-07-01T09:56:41.045-0400] {logging_mixin.py:188} INFO - [2024-07-01T09:56:41.045-0400] {dagbag.py:545} INFO - Filling up the DagBag from /Users/christophercunningham/airflow_workspace/data-flow/data_flow_env/lib/python3.12/site-packages/airflow/example_dags/tutorial_dag.py
[2024-07-01T09:56:41.063-0400] {processor.py:840} INFO - DAG(s) 'tutorial_dag' retrieved from /Users/christophercunningham/airflow_workspace/data-flow/data_flow_env/lib/python3.12/site-packages/airflow/example_dags/tutorial_dag.py
[2024-07-01T09:56:41.133-0400] {logging_mixin.py:188} INFO - [2024-07-01T09:56:41.133-0400] {dag.py:3096} INFO - Sync 1 DAGs
[2024-07-01T09:56:41.140-0400] {logging_mixin.py:188} INFO - [2024-07-01T09:56:41.140-0400] {dag.py:3954} INFO - Setting next_dagrun for tutorial_dag to None, run_after=None
[2024-07-01T09:56:41.152-0400] {processor.py:183} INFO - Processing /Users/christophercunningham/airflow_workspace/data-flow/data_flow_env/lib/python3.12/site-packages/airflow/example_dags/tutorial_dag.py took 0.114 seconds
[2024-07-01T09:58:20.898-0400] {processor.py:161} INFO - Started process (PID=16656) to work on /Users/christophercunningham/airflow_workspace/data-flow/data_flow_env/lib/python3.12/site-packages/airflow/example_dags/tutorial_dag.py
[2024-07-01T09:58:20.899-0400] {processor.py:830} INFO - Processing file /Users/christophercunningham/airflow_workspace/data-flow/data_flow_env/lib/python3.12/site-packages/airflow/example_dags/tutorial_dag.py for tasks to queue
[2024-07-01T09:58:20.899-0400] {logging_mixin.py:188} INFO - [2024-07-01T09:58:20.899-0400] {dagbag.py:545} INFO - Filling up the DagBag from /Users/christophercunningham/airflow_workspace/data-flow/data_flow_env/lib/python3.12/site-packages/airflow/example_dags/tutorial_dag.py
[2024-07-01T09:58:20.917-0400] {processor.py:840} INFO - DAG(s) 'tutorial_dag' retrieved from /Users/christophercunningham/airflow_workspace/data-flow/data_flow_env/lib/python3.12/site-packages/airflow/example_dags/tutorial_dag.py
[2024-07-01T09:58:20.994-0400] {logging_mixin.py:188} INFO - [2024-07-01T09:58:20.994-0400] {dag.py:3096} INFO - Sync 1 DAGs
[2024-07-01T09:58:21.000-0400] {logging_mixin.py:188} INFO - [2024-07-01T09:58:21.000-0400] {dag.py:3954} INFO - Setting next_dagrun for tutorial_dag to None, run_after=None
[2024-07-01T09:58:21.013-0400] {processor.py:183} INFO - Processing /Users/christophercunningham/airflow_workspace/data-flow/data_flow_env/lib/python3.12/site-packages/airflow/example_dags/tutorial_dag.py took 0.119 seconds
[2024-07-01T10:00:02.620-0400] {processor.py:161} INFO - Started process (PID=16885) to work on /Users/christophercunningham/airflow_workspace/data-flow/data_flow_env/lib/python3.12/site-packages/airflow/example_dags/tutorial_dag.py
[2024-07-01T10:00:02.621-0400] {processor.py:830} INFO - Processing file /Users/christophercunningham/airflow_workspace/data-flow/data_flow_env/lib/python3.12/site-packages/airflow/example_dags/tutorial_dag.py for tasks to queue
[2024-07-01T10:00:02.623-0400] {logging_mixin.py:188} INFO - [2024-07-01T10:00:02.622-0400] {dagbag.py:545} INFO - Filling up the DagBag from /Users/christophercunningham/airflow_workspace/data-flow/data_flow_env/lib/python3.12/site-packages/airflow/example_dags/tutorial_dag.py
[2024-07-01T10:00:02.646-0400] {processor.py:840} INFO - DAG(s) 'tutorial_dag' retrieved from /Users/christophercunningham/airflow_workspace/data-flow/data_flow_env/lib/python3.12/site-packages/airflow/example_dags/tutorial_dag.py
[2024-07-01T10:00:02.733-0400] {logging_mixin.py:188} INFO - [2024-07-01T10:00:02.732-0400] {dag.py:3096} INFO - Sync 1 DAGs
[2024-07-01T10:00:02.741-0400] {logging_mixin.py:188} INFO - [2024-07-01T10:00:02.740-0400] {dag.py:3954} INFO - Setting next_dagrun for tutorial_dag to None, run_after=None
[2024-07-01T10:00:02.755-0400] {processor.py:183} INFO - Processing /Users/christophercunningham/airflow_workspace/data-flow/data_flow_env/lib/python3.12/site-packages/airflow/example_dags/tutorial_dag.py took 0.139 seconds
[2024-07-01T10:01:44.855-0400] {processor.py:161} INFO - Started process (PID=17121) to work on /Users/christophercunningham/airflow_workspace/data-flow/data_flow_env/lib/python3.12/site-packages/airflow/example_dags/tutorial_dag.py
[2024-07-01T10:01:44.856-0400] {processor.py:830} INFO - Processing file /Users/christophercunningham/airflow_workspace/data-flow/data_flow_env/lib/python3.12/site-packages/airflow/example_dags/tutorial_dag.py for tasks to queue
[2024-07-01T10:01:44.856-0400] {logging_mixin.py:188} INFO - [2024-07-01T10:01:44.856-0400] {dagbag.py:545} INFO - Filling up the DagBag from /Users/christophercunningham/airflow_workspace/data-flow/data_flow_env/lib/python3.12/site-packages/airflow/example_dags/tutorial_dag.py
[2024-07-01T10:01:44.877-0400] {processor.py:840} INFO - DAG(s) 'tutorial_dag' retrieved from /Users/christophercunningham/airflow_workspace/data-flow/data_flow_env/lib/python3.12/site-packages/airflow/example_dags/tutorial_dag.py
[2024-07-01T10:01:44.962-0400] {logging_mixin.py:188} INFO - [2024-07-01T10:01:44.961-0400] {dag.py:3096} INFO - Sync 1 DAGs
[2024-07-01T10:01:44.969-0400] {logging_mixin.py:188} INFO - [2024-07-01T10:01:44.969-0400] {dag.py:3954} INFO - Setting next_dagrun for tutorial_dag to None, run_after=None
[2024-07-01T10:01:44.985-0400] {processor.py:183} INFO - Processing /Users/christophercunningham/airflow_workspace/data-flow/data_flow_env/lib/python3.12/site-packages/airflow/example_dags/tutorial_dag.py took 0.133 seconds
[2024-07-01T10:03:31.657-0400] {processor.py:161} INFO - Started process (PID=17341) to work on /Users/christophercunningham/airflow_workspace/data-flow/data_flow_env/lib/python3.12/site-packages/airflow/example_dags/tutorial_dag.py
[2024-07-01T10:03:31.659-0400] {processor.py:830} INFO - Processing file /Users/christophercunningham/airflow_workspace/data-flow/data_flow_env/lib/python3.12/site-packages/airflow/example_dags/tutorial_dag.py for tasks to queue
[2024-07-01T10:03:31.660-0400] {logging_mixin.py:188} INFO - [2024-07-01T10:03:31.659-0400] {dagbag.py:545} INFO - Filling up the DagBag from /Users/christophercunningham/airflow_workspace/data-flow/data_flow_env/lib/python3.12/site-packages/airflow/example_dags/tutorial_dag.py
[2024-07-01T10:03:31.679-0400] {processor.py:840} INFO - DAG(s) 'tutorial_dag' retrieved from /Users/christophercunningham/airflow_workspace/data-flow/data_flow_env/lib/python3.12/site-packages/airflow/example_dags/tutorial_dag.py
[2024-07-01T10:03:31.756-0400] {logging_mixin.py:188} INFO - [2024-07-01T10:03:31.756-0400] {dag.py:3096} INFO - Sync 1 DAGs
[2024-07-01T10:03:31.763-0400] {logging_mixin.py:188} INFO - [2024-07-01T10:03:31.762-0400] {dag.py:3954} INFO - Setting next_dagrun for tutorial_dag to None, run_after=None
[2024-07-01T10:03:31.776-0400] {processor.py:183} INFO - Processing /Users/christophercunningham/airflow_workspace/data-flow/data_flow_env/lib/python3.12/site-packages/airflow/example_dags/tutorial_dag.py took 0.123 seconds
[2024-07-01T10:05:22.480-0400] {processor.py:161} INFO - Started process (PID=17564) to work on /Users/christophercunningham/airflow_workspace/data-flow/data_flow_env/lib/python3.12/site-packages/airflow/example_dags/tutorial_dag.py
[2024-07-01T10:05:22.482-0400] {processor.py:830} INFO - Processing file /Users/christophercunningham/airflow_workspace/data-flow/data_flow_env/lib/python3.12/site-packages/airflow/example_dags/tutorial_dag.py for tasks to queue
[2024-07-01T10:05:22.483-0400] {logging_mixin.py:188} INFO - [2024-07-01T10:05:22.483-0400] {dagbag.py:545} INFO - Filling up the DagBag from /Users/christophercunningham/airflow_workspace/data-flow/data_flow_env/lib/python3.12/site-packages/airflow/example_dags/tutorial_dag.py
[2024-07-01T10:05:22.504-0400] {processor.py:840} INFO - DAG(s) 'tutorial_dag' retrieved from /Users/christophercunningham/airflow_workspace/data-flow/data_flow_env/lib/python3.12/site-packages/airflow/example_dags/tutorial_dag.py
[2024-07-01T10:05:22.582-0400] {logging_mixin.py:188} INFO - [2024-07-01T10:05:22.582-0400] {dag.py:3096} INFO - Sync 1 DAGs
[2024-07-01T10:05:22.589-0400] {logging_mixin.py:188} INFO - [2024-07-01T10:05:22.589-0400] {dag.py:3954} INFO - Setting next_dagrun for tutorial_dag to None, run_after=None
[2024-07-01T10:05:22.602-0400] {processor.py:183} INFO - Processing /Users/christophercunningham/airflow_workspace/data-flow/data_flow_env/lib/python3.12/site-packages/airflow/example_dags/tutorial_dag.py took 0.125 seconds
[2024-07-01T10:07:13.109-0400] {processor.py:161} INFO - Started process (PID=17801) to work on /Users/christophercunningham/airflow_workspace/data-flow/data_flow_env/lib/python3.12/site-packages/airflow/example_dags/tutorial_dag.py
[2024-07-01T10:07:13.111-0400] {processor.py:830} INFO - Processing file /Users/christophercunningham/airflow_workspace/data-flow/data_flow_env/lib/python3.12/site-packages/airflow/example_dags/tutorial_dag.py for tasks to queue
[2024-07-01T10:07:13.112-0400] {logging_mixin.py:188} INFO - [2024-07-01T10:07:13.111-0400] {dagbag.py:545} INFO - Filling up the DagBag from /Users/christophercunningham/airflow_workspace/data-flow/data_flow_env/lib/python3.12/site-packages/airflow/example_dags/tutorial_dag.py
[2024-07-01T10:07:13.130-0400] {processor.py:840} INFO - DAG(s) 'tutorial_dag' retrieved from /Users/christophercunningham/airflow_workspace/data-flow/data_flow_env/lib/python3.12/site-packages/airflow/example_dags/tutorial_dag.py
[2024-07-01T10:07:13.203-0400] {logging_mixin.py:188} INFO - [2024-07-01T10:07:13.202-0400] {dag.py:3096} INFO - Sync 1 DAGs
[2024-07-01T10:07:13.209-0400] {logging_mixin.py:188} INFO - [2024-07-01T10:07:13.209-0400] {dag.py:3954} INFO - Setting next_dagrun for tutorial_dag to None, run_after=None
[2024-07-01T10:07:13.222-0400] {processor.py:183} INFO - Processing /Users/christophercunningham/airflow_workspace/data-flow/data_flow_env/lib/python3.12/site-packages/airflow/example_dags/tutorial_dag.py took 0.117 seconds
[2024-07-01T10:09:00.613-0400] {processor.py:161} INFO - Started process (PID=18021) to work on /Users/christophercunningham/airflow_workspace/data-flow/data_flow_env/lib/python3.12/site-packages/airflow/example_dags/tutorial_dag.py
[2024-07-01T10:09:00.615-0400] {processor.py:830} INFO - Processing file /Users/christophercunningham/airflow_workspace/data-flow/data_flow_env/lib/python3.12/site-packages/airflow/example_dags/tutorial_dag.py for tasks to queue
[2024-07-01T10:09:00.616-0400] {logging_mixin.py:188} INFO - [2024-07-01T10:09:00.615-0400] {dagbag.py:545} INFO - Filling up the DagBag from /Users/christophercunningham/airflow_workspace/data-flow/data_flow_env/lib/python3.12/site-packages/airflow/example_dags/tutorial_dag.py
[2024-07-01T10:09:00.634-0400] {processor.py:840} INFO - DAG(s) 'tutorial_dag' retrieved from /Users/christophercunningham/airflow_workspace/data-flow/data_flow_env/lib/python3.12/site-packages/airflow/example_dags/tutorial_dag.py
[2024-07-01T10:09:00.712-0400] {logging_mixin.py:188} INFO - [2024-07-01T10:09:00.712-0400] {dag.py:3096} INFO - Sync 1 DAGs
[2024-07-01T10:09:00.719-0400] {logging_mixin.py:188} INFO - [2024-07-01T10:09:00.718-0400] {dag.py:3954} INFO - Setting next_dagrun for tutorial_dag to None, run_after=None
[2024-07-01T10:09:00.731-0400] {processor.py:183} INFO - Processing /Users/christophercunningham/airflow_workspace/data-flow/data_flow_env/lib/python3.12/site-packages/airflow/example_dags/tutorial_dag.py took 0.123 seconds
[2024-07-01T10:10:43.444-0400] {processor.py:161} INFO - Started process (PID=18278) to work on /Users/christophercunningham/airflow_workspace/data-flow/data_flow_env/lib/python3.12/site-packages/airflow/example_dags/tutorial_dag.py
[2024-07-01T10:10:43.445-0400] {processor.py:830} INFO - Processing file /Users/christophercunningham/airflow_workspace/data-flow/data_flow_env/lib/python3.12/site-packages/airflow/example_dags/tutorial_dag.py for tasks to queue
[2024-07-01T10:10:43.445-0400] {logging_mixin.py:188} INFO - [2024-07-01T10:10:43.445-0400] {dagbag.py:545} INFO - Filling up the DagBag from /Users/christophercunningham/airflow_workspace/data-flow/data_flow_env/lib/python3.12/site-packages/airflow/example_dags/tutorial_dag.py
[2024-07-01T10:10:43.467-0400] {processor.py:840} INFO - DAG(s) 'tutorial_dag' retrieved from /Users/christophercunningham/airflow_workspace/data-flow/data_flow_env/lib/python3.12/site-packages/airflow/example_dags/tutorial_dag.py
[2024-07-01T10:10:43.541-0400] {logging_mixin.py:188} INFO - [2024-07-01T10:10:43.541-0400] {dag.py:3096} INFO - Sync 1 DAGs
[2024-07-01T10:10:43.547-0400] {logging_mixin.py:188} INFO - [2024-07-01T10:10:43.547-0400] {dag.py:3954} INFO - Setting next_dagrun for tutorial_dag to None, run_after=None
[2024-07-01T10:10:43.560-0400] {processor.py:183} INFO - Processing /Users/christophercunningham/airflow_workspace/data-flow/data_flow_env/lib/python3.12/site-packages/airflow/example_dags/tutorial_dag.py took 0.122 seconds
[2024-07-01T10:12:23.842-0400] {processor.py:161} INFO - Started process (PID=18484) to work on /Users/christophercunningham/airflow_workspace/data-flow/data_flow_env/lib/python3.12/site-packages/airflow/example_dags/tutorial_dag.py
[2024-07-01T10:12:23.843-0400] {processor.py:830} INFO - Processing file /Users/christophercunningham/airflow_workspace/data-flow/data_flow_env/lib/python3.12/site-packages/airflow/example_dags/tutorial_dag.py for tasks to queue
[2024-07-01T10:12:23.844-0400] {logging_mixin.py:188} INFO - [2024-07-01T10:12:23.843-0400] {dagbag.py:545} INFO - Filling up the DagBag from /Users/christophercunningham/airflow_workspace/data-flow/data_flow_env/lib/python3.12/site-packages/airflow/example_dags/tutorial_dag.py
[2024-07-01T10:12:23.863-0400] {processor.py:840} INFO - DAG(s) 'tutorial_dag' retrieved from /Users/christophercunningham/airflow_workspace/data-flow/data_flow_env/lib/python3.12/site-packages/airflow/example_dags/tutorial_dag.py
[2024-07-01T10:12:23.934-0400] {logging_mixin.py:188} INFO - [2024-07-01T10:12:23.934-0400] {dag.py:3096} INFO - Sync 1 DAGs
[2024-07-01T10:12:23.941-0400] {logging_mixin.py:188} INFO - [2024-07-01T10:12:23.941-0400] {dag.py:3954} INFO - Setting next_dagrun for tutorial_dag to None, run_after=None
[2024-07-01T10:12:23.958-0400] {processor.py:183} INFO - Processing /Users/christophercunningham/airflow_workspace/data-flow/data_flow_env/lib/python3.12/site-packages/airflow/example_dags/tutorial_dag.py took 0.121 seconds
[2024-07-01T10:14:09.020-0400] {processor.py:161} INFO - Started process (PID=18753) to work on /Users/christophercunningham/airflow_workspace/data-flow/data_flow_env/lib/python3.12/site-packages/airflow/example_dags/tutorial_dag.py
[2024-07-01T10:14:09.021-0400] {processor.py:830} INFO - Processing file /Users/christophercunningham/airflow_workspace/data-flow/data_flow_env/lib/python3.12/site-packages/airflow/example_dags/tutorial_dag.py for tasks to queue
[2024-07-01T10:14:09.022-0400] {logging_mixin.py:188} INFO - [2024-07-01T10:14:09.021-0400] {dagbag.py:545} INFO - Filling up the DagBag from /Users/christophercunningham/airflow_workspace/data-flow/data_flow_env/lib/python3.12/site-packages/airflow/example_dags/tutorial_dag.py
[2024-07-01T10:14:09.040-0400] {processor.py:840} INFO - DAG(s) 'tutorial_dag' retrieved from /Users/christophercunningham/airflow_workspace/data-flow/data_flow_env/lib/python3.12/site-packages/airflow/example_dags/tutorial_dag.py
[2024-07-01T10:14:09.113-0400] {logging_mixin.py:188} INFO - [2024-07-01T10:14:09.112-0400] {dag.py:3096} INFO - Sync 1 DAGs
[2024-07-01T10:14:09.119-0400] {logging_mixin.py:188} INFO - [2024-07-01T10:14:09.119-0400] {dag.py:3954} INFO - Setting next_dagrun for tutorial_dag to None, run_after=None
[2024-07-01T10:14:09.131-0400] {processor.py:183} INFO - Processing /Users/christophercunningham/airflow_workspace/data-flow/data_flow_env/lib/python3.12/site-packages/airflow/example_dags/tutorial_dag.py took 0.116 seconds
[2024-07-01T10:15:57.655-0400] {processor.py:161} INFO - Started process (PID=18993) to work on /Users/christophercunningham/airflow_workspace/data-flow/data_flow_env/lib/python3.12/site-packages/airflow/example_dags/tutorial_dag.py
[2024-07-01T10:15:57.656-0400] {processor.py:830} INFO - Processing file /Users/christophercunningham/airflow_workspace/data-flow/data_flow_env/lib/python3.12/site-packages/airflow/example_dags/tutorial_dag.py for tasks to queue
[2024-07-01T10:15:57.657-0400] {logging_mixin.py:188} INFO - [2024-07-01T10:15:57.656-0400] {dagbag.py:545} INFO - Filling up the DagBag from /Users/christophercunningham/airflow_workspace/data-flow/data_flow_env/lib/python3.12/site-packages/airflow/example_dags/tutorial_dag.py
[2024-07-01T10:15:57.679-0400] {processor.py:840} INFO - DAG(s) 'tutorial_dag' retrieved from /Users/christophercunningham/airflow_workspace/data-flow/data_flow_env/lib/python3.12/site-packages/airflow/example_dags/tutorial_dag.py
[2024-07-01T10:15:57.768-0400] {logging_mixin.py:188} INFO - [2024-07-01T10:15:57.767-0400] {dag.py:3096} INFO - Sync 1 DAGs
[2024-07-01T10:15:57.776-0400] {logging_mixin.py:188} INFO - [2024-07-01T10:15:57.776-0400] {dag.py:3954} INFO - Setting next_dagrun for tutorial_dag to None, run_after=None
[2024-07-01T10:15:57.792-0400] {processor.py:183} INFO - Processing /Users/christophercunningham/airflow_workspace/data-flow/data_flow_env/lib/python3.12/site-packages/airflow/example_dags/tutorial_dag.py took 0.141 seconds
[2024-07-01T10:17:45.862-0400] {processor.py:161} INFO - Started process (PID=19191) to work on /Users/christophercunningham/airflow_workspace/data-flow/data_flow_env/lib/python3.12/site-packages/airflow/example_dags/tutorial_dag.py
[2024-07-01T10:17:45.863-0400] {processor.py:830} INFO - Processing file /Users/christophercunningham/airflow_workspace/data-flow/data_flow_env/lib/python3.12/site-packages/airflow/example_dags/tutorial_dag.py for tasks to queue
[2024-07-01T10:17:45.863-0400] {logging_mixin.py:188} INFO - [2024-07-01T10:17:45.863-0400] {dagbag.py:545} INFO - Filling up the DagBag from /Users/christophercunningham/airflow_workspace/data-flow/data_flow_env/lib/python3.12/site-packages/airflow/example_dags/tutorial_dag.py
[2024-07-01T10:17:45.882-0400] {processor.py:840} INFO - DAG(s) 'tutorial_dag' retrieved from /Users/christophercunningham/airflow_workspace/data-flow/data_flow_env/lib/python3.12/site-packages/airflow/example_dags/tutorial_dag.py
[2024-07-01T10:17:45.959-0400] {logging_mixin.py:188} INFO - [2024-07-01T10:17:45.958-0400] {dag.py:3096} INFO - Sync 1 DAGs
[2024-07-01T10:17:45.966-0400] {logging_mixin.py:188} INFO - [2024-07-01T10:17:45.965-0400] {dag.py:3954} INFO - Setting next_dagrun for tutorial_dag to None, run_after=None
[2024-07-01T10:17:45.978-0400] {processor.py:183} INFO - Processing /Users/christophercunningham/airflow_workspace/data-flow/data_flow_env/lib/python3.12/site-packages/airflow/example_dags/tutorial_dag.py took 0.123 seconds
[2024-07-01T10:19:09.202-0400] {processor.py:161} INFO - Started process (PID=19395) to work on /Users/christophercunningham/airflow_workspace/data-flow/data_flow_env/lib/python3.12/site-packages/airflow/example_dags/tutorial_dag.py
[2024-07-01T10:19:09.203-0400] {processor.py:830} INFO - Processing file /Users/christophercunningham/airflow_workspace/data-flow/data_flow_env/lib/python3.12/site-packages/airflow/example_dags/tutorial_dag.py for tasks to queue
[2024-07-01T10:19:09.204-0400] {logging_mixin.py:188} INFO - [2024-07-01T10:19:09.204-0400] {dagbag.py:545} INFO - Filling up the DagBag from /Users/christophercunningham/airflow_workspace/data-flow/data_flow_env/lib/python3.12/site-packages/airflow/example_dags/tutorial_dag.py
[2024-07-01T10:19:09.228-0400] {processor.py:840} INFO - DAG(s) 'tutorial_dag' retrieved from /Users/christophercunningham/airflow_workspace/data-flow/data_flow_env/lib/python3.12/site-packages/airflow/example_dags/tutorial_dag.py
[2024-07-01T10:19:09.243-0400] {logging_mixin.py:188} INFO - [2024-07-01T10:19:09.243-0400] {dag.py:3096} INFO - Sync 1 DAGs
[2024-07-01T10:19:09.325-0400] {logging_mixin.py:188} INFO - [2024-07-01T10:19:09.325-0400] {dag.py:3954} INFO - Setting next_dagrun for tutorial_dag to None, run_after=None
[2024-07-01T10:19:09.340-0400] {processor.py:183} INFO - Processing /Users/christophercunningham/airflow_workspace/data-flow/data_flow_env/lib/python3.12/site-packages/airflow/example_dags/tutorial_dag.py took 0.141 seconds
[2024-07-01T10:39:02.883-0400] {processor.py:161} INFO - Started process (PID=21118) to work on /Users/christophercunningham/airflow_workspace/data-flow/data_flow_env/lib/python3.12/site-packages/airflow/example_dags/tutorial_dag.py
[2024-07-01T10:39:02.884-0400] {processor.py:830} INFO - Processing file /Users/christophercunningham/airflow_workspace/data-flow/data_flow_env/lib/python3.12/site-packages/airflow/example_dags/tutorial_dag.py for tasks to queue
[2024-07-01T10:39:02.885-0400] {logging_mixin.py:188} INFO - [2024-07-01T10:39:02.885-0400] {dagbag.py:545} INFO - Filling up the DagBag from /Users/christophercunningham/airflow_workspace/data-flow/data_flow_env/lib/python3.12/site-packages/airflow/example_dags/tutorial_dag.py
[2024-07-01T10:39:02.906-0400] {processor.py:840} INFO - DAG(s) 'tutorial_dag' retrieved from /Users/christophercunningham/airflow_workspace/data-flow/data_flow_env/lib/python3.12/site-packages/airflow/example_dags/tutorial_dag.py
[2024-07-01T10:39:02.916-0400] {logging_mixin.py:188} INFO - [2024-07-01T10:39:02.916-0400] {dag.py:3096} INFO - Sync 1 DAGs
[2024-07-01T10:39:02.985-0400] {logging_mixin.py:188} INFO - [2024-07-01T10:39:02.985-0400] {dag.py:3954} INFO - Setting next_dagrun for tutorial_dag to None, run_after=None
[2024-07-01T10:39:03.000-0400] {processor.py:183} INFO - Processing /Users/christophercunningham/airflow_workspace/data-flow/data_flow_env/lib/python3.12/site-packages/airflow/example_dags/tutorial_dag.py took 0.120 seconds
