[2024-07-01T09:31:30.183-0400] {processor.py:161} INFO - Started process (PID=13828) to work on /Users/christophercunningham/airflow_workspace/data-flow/data_flow_env/lib/python3.12/site-packages/airflow/example_dags/tutorial.py
[2024-07-01T09:31:30.184-0400] {processor.py:830} INFO - Processing file /Users/christophercunningham/airflow_workspace/data-flow/data_flow_env/lib/python3.12/site-packages/airflow/example_dags/tutorial.py for tasks to queue
[2024-07-01T09:31:30.184-0400] {logging_mixin.py:188} INFO - [2024-07-01T09:31:30.184-0400] {dagbag.py:545} INFO - Filling up the DagBag from /Users/christophercunningham/airflow_workspace/data-flow/data_flow_env/lib/python3.12/site-packages/airflow/example_dags/tutorial.py
[2024-07-01T09:31:30.191-0400] {processor.py:840} INFO - DAG(s) 'tutorial' retrieved from /Users/christophercunningham/airflow_workspace/data-flow/data_flow_env/lib/python3.12/site-packages/airflow/example_dags/tutorial.py
[2024-07-01T09:31:30.202-0400] {logging_mixin.py:188} INFO - [2024-07-01T09:31:30.202-0400] {dag.py:3096} INFO - Sync 1 DAGs
[2024-07-01T09:31:30.285-0400] {logging_mixin.py:188} INFO - [2024-07-01T09:31:30.285-0400] {dag.py:3954} INFO - Setting next_dagrun for tutorial to 2024-06-30 00:00:00+00:00, run_after=2024-07-01 00:00:00+00:00
[2024-07-01T09:31:30.300-0400] {processor.py:183} INFO - Processing /Users/christophercunningham/airflow_workspace/data-flow/data_flow_env/lib/python3.12/site-packages/airflow/example_dags/tutorial.py took 0.121 seconds
[2024-07-01T09:33:48.765-0400] {processor.py:161} INFO - Started process (PID=14108) to work on /Users/christophercunningham/airflow_workspace/data-flow/data_flow_env/lib/python3.12/site-packages/airflow/example_dags/tutorial.py
[2024-07-01T09:33:48.766-0400] {processor.py:830} INFO - Processing file /Users/christophercunningham/airflow_workspace/data-flow/data_flow_env/lib/python3.12/site-packages/airflow/example_dags/tutorial.py for tasks to queue
[2024-07-01T09:33:48.767-0400] {logging_mixin.py:188} INFO - [2024-07-01T09:33:48.767-0400] {dagbag.py:545} INFO - Filling up the DagBag from /Users/christophercunningham/airflow_workspace/data-flow/data_flow_env/lib/python3.12/site-packages/airflow/example_dags/tutorial.py
[2024-07-01T09:33:48.773-0400] {processor.py:840} INFO - DAG(s) 'tutorial' retrieved from /Users/christophercunningham/airflow_workspace/data-flow/data_flow_env/lib/python3.12/site-packages/airflow/example_dags/tutorial.py
[2024-07-01T09:33:48.944-0400] {logging_mixin.py:188} INFO - [2024-07-01T09:33:48.943-0400] {dag.py:3096} INFO - Sync 1 DAGs
[2024-07-01T09:33:48.958-0400] {logging_mixin.py:188} INFO - [2024-07-01T09:33:48.958-0400] {dag.py:3954} INFO - Setting next_dagrun for tutorial to 2024-06-30 00:00:00+00:00, run_after=2024-07-01 00:00:00+00:00
[2024-07-01T09:33:49.034-0400] {processor.py:183} INFO - Processing /Users/christophercunningham/airflow_workspace/data-flow/data_flow_env/lib/python3.12/site-packages/airflow/example_dags/tutorial.py took 0.273 seconds
[2024-07-01T09:35:33.797-0400] {processor.py:161} INFO - Started process (PID=14261) to work on /Users/christophercunningham/airflow_workspace/data-flow/data_flow_env/lib/python3.12/site-packages/airflow/example_dags/tutorial.py
[2024-07-01T09:35:33.799-0400] {processor.py:830} INFO - Processing file /Users/christophercunningham/airflow_workspace/data-flow/data_flow_env/lib/python3.12/site-packages/airflow/example_dags/tutorial.py for tasks to queue
[2024-07-01T09:35:33.799-0400] {logging_mixin.py:188} INFO - [2024-07-01T09:35:33.799-0400] {dagbag.py:545} INFO - Filling up the DagBag from /Users/christophercunningham/airflow_workspace/data-flow/data_flow_env/lib/python3.12/site-packages/airflow/example_dags/tutorial.py
[2024-07-01T09:35:33.805-0400] {processor.py:840} INFO - DAG(s) 'tutorial' retrieved from /Users/christophercunningham/airflow_workspace/data-flow/data_flow_env/lib/python3.12/site-packages/airflow/example_dags/tutorial.py
[2024-07-01T09:35:33.879-0400] {logging_mixin.py:188} INFO - [2024-07-01T09:35:33.879-0400] {dag.py:3096} INFO - Sync 1 DAGs
[2024-07-01T09:35:33.890-0400] {logging_mixin.py:188} INFO - [2024-07-01T09:35:33.890-0400] {dag.py:3954} INFO - Setting next_dagrun for tutorial to 2024-06-30 00:00:00+00:00, run_after=2024-07-01 00:00:00+00:00
[2024-07-01T09:35:33.903-0400] {processor.py:183} INFO - Processing /Users/christophercunningham/airflow_workspace/data-flow/data_flow_env/lib/python3.12/site-packages/airflow/example_dags/tutorial.py took 0.111 seconds
[2024-07-01T09:37:17.723-0400] {processor.py:161} INFO - Started process (PID=14431) to work on /Users/christophercunningham/airflow_workspace/data-flow/data_flow_env/lib/python3.12/site-packages/airflow/example_dags/tutorial.py
[2024-07-01T09:37:17.724-0400] {processor.py:830} INFO - Processing file /Users/christophercunningham/airflow_workspace/data-flow/data_flow_env/lib/python3.12/site-packages/airflow/example_dags/tutorial.py for tasks to queue
[2024-07-01T09:37:17.725-0400] {logging_mixin.py:188} INFO - [2024-07-01T09:37:17.725-0400] {dagbag.py:545} INFO - Filling up the DagBag from /Users/christophercunningham/airflow_workspace/data-flow/data_flow_env/lib/python3.12/site-packages/airflow/example_dags/tutorial.py
[2024-07-01T09:37:17.730-0400] {processor.py:840} INFO - DAG(s) 'tutorial' retrieved from /Users/christophercunningham/airflow_workspace/data-flow/data_flow_env/lib/python3.12/site-packages/airflow/example_dags/tutorial.py
[2024-07-01T09:37:17.809-0400] {logging_mixin.py:188} INFO - [2024-07-01T09:37:17.809-0400] {dag.py:3096} INFO - Sync 1 DAGs
[2024-07-01T09:37:17.821-0400] {logging_mixin.py:188} INFO - [2024-07-01T09:37:17.820-0400] {dag.py:3954} INFO - Setting next_dagrun for tutorial to 2024-06-30 00:00:00+00:00, run_after=2024-07-01 00:00:00+00:00
[2024-07-01T09:37:17.834-0400] {processor.py:183} INFO - Processing /Users/christophercunningham/airflow_workspace/data-flow/data_flow_env/lib/python3.12/site-packages/airflow/example_dags/tutorial.py took 0.117 seconds
[2024-07-01T09:39:04.868-0400] {processor.py:161} INFO - Started process (PID=14582) to work on /Users/christophercunningham/airflow_workspace/data-flow/data_flow_env/lib/python3.12/site-packages/airflow/example_dags/tutorial.py
[2024-07-01T09:39:04.870-0400] {processor.py:830} INFO - Processing file /Users/christophercunningham/airflow_workspace/data-flow/data_flow_env/lib/python3.12/site-packages/airflow/example_dags/tutorial.py for tasks to queue
[2024-07-01T09:39:04.870-0400] {logging_mixin.py:188} INFO - [2024-07-01T09:39:04.870-0400] {dagbag.py:545} INFO - Filling up the DagBag from /Users/christophercunningham/airflow_workspace/data-flow/data_flow_env/lib/python3.12/site-packages/airflow/example_dags/tutorial.py
[2024-07-01T09:39:04.876-0400] {processor.py:840} INFO - DAG(s) 'tutorial' retrieved from /Users/christophercunningham/airflow_workspace/data-flow/data_flow_env/lib/python3.12/site-packages/airflow/example_dags/tutorial.py
[2024-07-01T09:39:04.953-0400] {logging_mixin.py:188} INFO - [2024-07-01T09:39:04.952-0400] {dag.py:3096} INFO - Sync 1 DAGs
[2024-07-01T09:39:04.964-0400] {logging_mixin.py:188} INFO - [2024-07-01T09:39:04.963-0400] {dag.py:3954} INFO - Setting next_dagrun for tutorial to 2024-06-30 00:00:00+00:00, run_after=2024-07-01 00:00:00+00:00
[2024-07-01T09:39:04.977-0400] {processor.py:183} INFO - Processing /Users/christophercunningham/airflow_workspace/data-flow/data_flow_env/lib/python3.12/site-packages/airflow/example_dags/tutorial.py took 0.114 seconds
[2024-07-01T09:40:49.961-0400] {processor.py:161} INFO - Started process (PID=14805) to work on /Users/christophercunningham/airflow_workspace/data-flow/data_flow_env/lib/python3.12/site-packages/airflow/example_dags/tutorial.py
[2024-07-01T09:40:49.963-0400] {processor.py:830} INFO - Processing file /Users/christophercunningham/airflow_workspace/data-flow/data_flow_env/lib/python3.12/site-packages/airflow/example_dags/tutorial.py for tasks to queue
[2024-07-01T09:40:49.964-0400] {logging_mixin.py:188} INFO - [2024-07-01T09:40:49.964-0400] {dagbag.py:545} INFO - Filling up the DagBag from /Users/christophercunningham/airflow_workspace/data-flow/data_flow_env/lib/python3.12/site-packages/airflow/example_dags/tutorial.py
[2024-07-01T09:40:49.971-0400] {processor.py:840} INFO - DAG(s) 'tutorial' retrieved from /Users/christophercunningham/airflow_workspace/data-flow/data_flow_env/lib/python3.12/site-packages/airflow/example_dags/tutorial.py
[2024-07-01T09:40:50.045-0400] {logging_mixin.py:188} INFO - [2024-07-01T09:40:50.044-0400] {dag.py:3096} INFO - Sync 1 DAGs
[2024-07-01T09:40:50.058-0400] {logging_mixin.py:188} INFO - [2024-07-01T09:40:50.057-0400] {dag.py:3954} INFO - Setting next_dagrun for tutorial to 2024-06-30 00:00:00+00:00, run_after=2024-07-01 00:00:00+00:00
[2024-07-01T09:40:50.076-0400] {processor.py:183} INFO - Processing /Users/christophercunningham/airflow_workspace/data-flow/data_flow_env/lib/python3.12/site-packages/airflow/example_dags/tutorial.py took 0.120 seconds
[2024-07-01T09:42:36.292-0400] {processor.py:161} INFO - Started process (PID=14977) to work on /Users/christophercunningham/airflow_workspace/data-flow/data_flow_env/lib/python3.12/site-packages/airflow/example_dags/tutorial.py
[2024-07-01T09:42:36.293-0400] {processor.py:830} INFO - Processing file /Users/christophercunningham/airflow_workspace/data-flow/data_flow_env/lib/python3.12/site-packages/airflow/example_dags/tutorial.py for tasks to queue
[2024-07-01T09:42:36.294-0400] {logging_mixin.py:188} INFO - [2024-07-01T09:42:36.294-0400] {dagbag.py:545} INFO - Filling up the DagBag from /Users/christophercunningham/airflow_workspace/data-flow/data_flow_env/lib/python3.12/site-packages/airflow/example_dags/tutorial.py
[2024-07-01T09:42:36.302-0400] {processor.py:840} INFO - DAG(s) 'tutorial' retrieved from /Users/christophercunningham/airflow_workspace/data-flow/data_flow_env/lib/python3.12/site-packages/airflow/example_dags/tutorial.py
[2024-07-01T09:42:36.382-0400] {logging_mixin.py:188} INFO - [2024-07-01T09:42:36.382-0400] {dag.py:3096} INFO - Sync 1 DAGs
[2024-07-01T09:42:36.395-0400] {logging_mixin.py:188} INFO - [2024-07-01T09:42:36.395-0400] {dag.py:3954} INFO - Setting next_dagrun for tutorial to 2024-06-30 00:00:00+00:00, run_after=2024-07-01 00:00:00+00:00
[2024-07-01T09:42:36.410-0400] {processor.py:183} INFO - Processing /Users/christophercunningham/airflow_workspace/data-flow/data_flow_env/lib/python3.12/site-packages/airflow/example_dags/tutorial.py took 0.122 seconds
[2024-07-01T09:44:26.955-0400] {processor.py:161} INFO - Started process (PID=15152) to work on /Users/christophercunningham/airflow_workspace/data-flow/data_flow_env/lib/python3.12/site-packages/airflow/example_dags/tutorial.py
[2024-07-01T09:44:26.957-0400] {processor.py:830} INFO - Processing file /Users/christophercunningham/airflow_workspace/data-flow/data_flow_env/lib/python3.12/site-packages/airflow/example_dags/tutorial.py for tasks to queue
[2024-07-01T09:44:26.957-0400] {logging_mixin.py:188} INFO - [2024-07-01T09:44:26.957-0400] {dagbag.py:545} INFO - Filling up the DagBag from /Users/christophercunningham/airflow_workspace/data-flow/data_flow_env/lib/python3.12/site-packages/airflow/example_dags/tutorial.py
[2024-07-01T09:44:26.964-0400] {processor.py:840} INFO - DAG(s) 'tutorial' retrieved from /Users/christophercunningham/airflow_workspace/data-flow/data_flow_env/lib/python3.12/site-packages/airflow/example_dags/tutorial.py
[2024-07-01T09:44:27.050-0400] {logging_mixin.py:188} INFO - [2024-07-01T09:44:27.050-0400] {dag.py:3096} INFO - Sync 1 DAGs
[2024-07-01T09:44:27.063-0400] {logging_mixin.py:188} INFO - [2024-07-01T09:44:27.063-0400] {dag.py:3954} INFO - Setting next_dagrun for tutorial to 2024-06-30 00:00:00+00:00, run_after=2024-07-01 00:00:00+00:00
[2024-07-01T09:44:27.076-0400] {processor.py:183} INFO - Processing /Users/christophercunningham/airflow_workspace/data-flow/data_flow_env/lib/python3.12/site-packages/airflow/example_dags/tutorial.py took 0.124 seconds
[2024-07-01T09:46:15.036-0400] {processor.py:161} INFO - Started process (PID=15313) to work on /Users/christophercunningham/airflow_workspace/data-flow/data_flow_env/lib/python3.12/site-packages/airflow/example_dags/tutorial.py
[2024-07-01T09:46:15.037-0400] {processor.py:830} INFO - Processing file /Users/christophercunningham/airflow_workspace/data-flow/data_flow_env/lib/python3.12/site-packages/airflow/example_dags/tutorial.py for tasks to queue
[2024-07-01T09:46:15.037-0400] {logging_mixin.py:188} INFO - [2024-07-01T09:46:15.037-0400] {dagbag.py:545} INFO - Filling up the DagBag from /Users/christophercunningham/airflow_workspace/data-flow/data_flow_env/lib/python3.12/site-packages/airflow/example_dags/tutorial.py
[2024-07-01T09:46:15.043-0400] {processor.py:840} INFO - DAG(s) 'tutorial' retrieved from /Users/christophercunningham/airflow_workspace/data-flow/data_flow_env/lib/python3.12/site-packages/airflow/example_dags/tutorial.py
[2024-07-01T09:46:15.119-0400] {logging_mixin.py:188} INFO - [2024-07-01T09:46:15.119-0400] {dag.py:3096} INFO - Sync 1 DAGs
[2024-07-01T09:46:15.130-0400] {logging_mixin.py:188} INFO - [2024-07-01T09:46:15.130-0400] {dag.py:3954} INFO - Setting next_dagrun for tutorial to 2024-06-30 00:00:00+00:00, run_after=2024-07-01 00:00:00+00:00
[2024-07-01T09:46:15.144-0400] {processor.py:183} INFO - Processing /Users/christophercunningham/airflow_workspace/data-flow/data_flow_env/lib/python3.12/site-packages/airflow/example_dags/tutorial.py took 0.112 seconds
[2024-07-01T09:48:00.981-0400] {processor.py:161} INFO - Started process (PID=15466) to work on /Users/christophercunningham/airflow_workspace/data-flow/data_flow_env/lib/python3.12/site-packages/airflow/example_dags/tutorial.py
[2024-07-01T09:48:00.981-0400] {processor.py:830} INFO - Processing file /Users/christophercunningham/airflow_workspace/data-flow/data_flow_env/lib/python3.12/site-packages/airflow/example_dags/tutorial.py for tasks to queue
[2024-07-01T09:48:00.982-0400] {logging_mixin.py:188} INFO - [2024-07-01T09:48:00.982-0400] {dagbag.py:545} INFO - Filling up the DagBag from /Users/christophercunningham/airflow_workspace/data-flow/data_flow_env/lib/python3.12/site-packages/airflow/example_dags/tutorial.py
[2024-07-01T09:48:00.988-0400] {processor.py:840} INFO - DAG(s) 'tutorial' retrieved from /Users/christophercunningham/airflow_workspace/data-flow/data_flow_env/lib/python3.12/site-packages/airflow/example_dags/tutorial.py
[2024-07-01T09:48:01.071-0400] {logging_mixin.py:188} INFO - [2024-07-01T09:48:01.071-0400] {dag.py:3096} INFO - Sync 1 DAGs
[2024-07-01T09:48:01.082-0400] {logging_mixin.py:188} INFO - [2024-07-01T09:48:01.082-0400] {dag.py:3954} INFO - Setting next_dagrun for tutorial to 2024-06-30 00:00:00+00:00, run_after=2024-07-01 00:00:00+00:00
[2024-07-01T09:48:01.096-0400] {processor.py:183} INFO - Processing /Users/christophercunningham/airflow_workspace/data-flow/data_flow_env/lib/python3.12/site-packages/airflow/example_dags/tutorial.py took 0.119 seconds
[2024-07-01T09:49:49.180-0400] {processor.py:161} INFO - Started process (PID=15626) to work on /Users/christophercunningham/airflow_workspace/data-flow/data_flow_env/lib/python3.12/site-packages/airflow/example_dags/tutorial.py
[2024-07-01T09:49:49.181-0400] {processor.py:830} INFO - Processing file /Users/christophercunningham/airflow_workspace/data-flow/data_flow_env/lib/python3.12/site-packages/airflow/example_dags/tutorial.py for tasks to queue
[2024-07-01T09:49:49.182-0400] {logging_mixin.py:188} INFO - [2024-07-01T09:49:49.181-0400] {dagbag.py:545} INFO - Filling up the DagBag from /Users/christophercunningham/airflow_workspace/data-flow/data_flow_env/lib/python3.12/site-packages/airflow/example_dags/tutorial.py
[2024-07-01T09:49:49.189-0400] {processor.py:840} INFO - DAG(s) 'tutorial' retrieved from /Users/christophercunningham/airflow_workspace/data-flow/data_flow_env/lib/python3.12/site-packages/airflow/example_dags/tutorial.py
[2024-07-01T09:49:49.268-0400] {logging_mixin.py:188} INFO - [2024-07-01T09:49:49.268-0400] {dag.py:3096} INFO - Sync 1 DAGs
[2024-07-01T09:49:49.279-0400] {logging_mixin.py:188} INFO - [2024-07-01T09:49:49.279-0400] {dag.py:3954} INFO - Setting next_dagrun for tutorial to 2024-06-30 00:00:00+00:00, run_after=2024-07-01 00:00:00+00:00
[2024-07-01T09:49:49.291-0400] {processor.py:183} INFO - Processing /Users/christophercunningham/airflow_workspace/data-flow/data_flow_env/lib/python3.12/site-packages/airflow/example_dags/tutorial.py took 0.116 seconds
[2024-07-01T09:51:37.555-0400] {processor.py:161} INFO - Started process (PID=15845) to work on /Users/christophercunningham/airflow_workspace/data-flow/data_flow_env/lib/python3.12/site-packages/airflow/example_dags/tutorial.py
[2024-07-01T09:51:37.557-0400] {processor.py:830} INFO - Processing file /Users/christophercunningham/airflow_workspace/data-flow/data_flow_env/lib/python3.12/site-packages/airflow/example_dags/tutorial.py for tasks to queue
[2024-07-01T09:51:37.557-0400] {logging_mixin.py:188} INFO - [2024-07-01T09:51:37.557-0400] {dagbag.py:545} INFO - Filling up the DagBag from /Users/christophercunningham/airflow_workspace/data-flow/data_flow_env/lib/python3.12/site-packages/airflow/example_dags/tutorial.py
[2024-07-01T09:51:37.564-0400] {processor.py:840} INFO - DAG(s) 'tutorial' retrieved from /Users/christophercunningham/airflow_workspace/data-flow/data_flow_env/lib/python3.12/site-packages/airflow/example_dags/tutorial.py
[2024-07-01T09:51:37.641-0400] {logging_mixin.py:188} INFO - [2024-07-01T09:51:37.641-0400] {dag.py:3096} INFO - Sync 1 DAGs
[2024-07-01T09:51:37.653-0400] {logging_mixin.py:188} INFO - [2024-07-01T09:51:37.653-0400] {dag.py:3954} INFO - Setting next_dagrun for tutorial to 2024-06-30 00:00:00+00:00, run_after=2024-07-01 00:00:00+00:00
[2024-07-01T09:51:37.668-0400] {processor.py:183} INFO - Processing /Users/christophercunningham/airflow_workspace/data-flow/data_flow_env/lib/python3.12/site-packages/airflow/example_dags/tutorial.py took 0.116 seconds
[2024-07-01T09:53:22.092-0400] {processor.py:161} INFO - Started process (PID=16006) to work on /Users/christophercunningham/airflow_workspace/data-flow/data_flow_env/lib/python3.12/site-packages/airflow/example_dags/tutorial.py
[2024-07-01T09:53:22.094-0400] {processor.py:830} INFO - Processing file /Users/christophercunningham/airflow_workspace/data-flow/data_flow_env/lib/python3.12/site-packages/airflow/example_dags/tutorial.py for tasks to queue
[2024-07-01T09:53:22.095-0400] {logging_mixin.py:188} INFO - [2024-07-01T09:53:22.094-0400] {dagbag.py:545} INFO - Filling up the DagBag from /Users/christophercunningham/airflow_workspace/data-flow/data_flow_env/lib/python3.12/site-packages/airflow/example_dags/tutorial.py
[2024-07-01T09:53:22.100-0400] {processor.py:840} INFO - DAG(s) 'tutorial' retrieved from /Users/christophercunningham/airflow_workspace/data-flow/data_flow_env/lib/python3.12/site-packages/airflow/example_dags/tutorial.py
[2024-07-01T09:53:22.174-0400] {logging_mixin.py:188} INFO - [2024-07-01T09:53:22.174-0400] {dag.py:3096} INFO - Sync 1 DAGs
[2024-07-01T09:53:22.186-0400] {logging_mixin.py:188} INFO - [2024-07-01T09:53:22.185-0400] {dag.py:3954} INFO - Setting next_dagrun for tutorial to 2024-06-30 00:00:00+00:00, run_after=2024-07-01 00:00:00+00:00
[2024-07-01T09:53:22.199-0400] {processor.py:183} INFO - Processing /Users/christophercunningham/airflow_workspace/data-flow/data_flow_env/lib/python3.12/site-packages/airflow/example_dags/tutorial.py took 0.111 seconds
[2024-07-01T09:55:01.246-0400] {processor.py:161} INFO - Started process (PID=16221) to work on /Users/christophercunningham/airflow_workspace/data-flow/data_flow_env/lib/python3.12/site-packages/airflow/example_dags/tutorial.py
[2024-07-01T09:55:01.248-0400] {processor.py:830} INFO - Processing file /Users/christophercunningham/airflow_workspace/data-flow/data_flow_env/lib/python3.12/site-packages/airflow/example_dags/tutorial.py for tasks to queue
[2024-07-01T09:55:01.249-0400] {logging_mixin.py:188} INFO - [2024-07-01T09:55:01.249-0400] {dagbag.py:545} INFO - Filling up the DagBag from /Users/christophercunningham/airflow_workspace/data-flow/data_flow_env/lib/python3.12/site-packages/airflow/example_dags/tutorial.py
[2024-07-01T09:55:01.256-0400] {processor.py:840} INFO - DAG(s) 'tutorial' retrieved from /Users/christophercunningham/airflow_workspace/data-flow/data_flow_env/lib/python3.12/site-packages/airflow/example_dags/tutorial.py
[2024-07-01T09:55:01.328-0400] {logging_mixin.py:188} INFO - [2024-07-01T09:55:01.328-0400] {dag.py:3096} INFO - Sync 1 DAGs
[2024-07-01T09:55:01.340-0400] {logging_mixin.py:188} INFO - [2024-07-01T09:55:01.340-0400] {dag.py:3954} INFO - Setting next_dagrun for tutorial to 2024-06-30 00:00:00+00:00, run_after=2024-07-01 00:00:00+00:00
[2024-07-01T09:55:01.353-0400] {processor.py:183} INFO - Processing /Users/christophercunningham/airflow_workspace/data-flow/data_flow_env/lib/python3.12/site-packages/airflow/example_dags/tutorial.py took 0.112 seconds
[2024-07-01T09:56:43.136-0400] {processor.py:161} INFO - Started process (PID=16437) to work on /Users/christophercunningham/airflow_workspace/data-flow/data_flow_env/lib/python3.12/site-packages/airflow/example_dags/tutorial.py
[2024-07-01T09:56:43.137-0400] {processor.py:830} INFO - Processing file /Users/christophercunningham/airflow_workspace/data-flow/data_flow_env/lib/python3.12/site-packages/airflow/example_dags/tutorial.py for tasks to queue
[2024-07-01T09:56:43.137-0400] {logging_mixin.py:188} INFO - [2024-07-01T09:56:43.137-0400] {dagbag.py:545} INFO - Filling up the DagBag from /Users/christophercunningham/airflow_workspace/data-flow/data_flow_env/lib/python3.12/site-packages/airflow/example_dags/tutorial.py
[2024-07-01T09:56:43.144-0400] {processor.py:840} INFO - DAG(s) 'tutorial' retrieved from /Users/christophercunningham/airflow_workspace/data-flow/data_flow_env/lib/python3.12/site-packages/airflow/example_dags/tutorial.py
[2024-07-01T09:56:43.218-0400] {logging_mixin.py:188} INFO - [2024-07-01T09:56:43.217-0400] {dag.py:3096} INFO - Sync 1 DAGs
[2024-07-01T09:56:43.228-0400] {logging_mixin.py:188} INFO - [2024-07-01T09:56:43.228-0400] {dag.py:3954} INFO - Setting next_dagrun for tutorial to 2024-06-30 00:00:00+00:00, run_after=2024-07-01 00:00:00+00:00
[2024-07-01T09:56:43.241-0400] {processor.py:183} INFO - Processing /Users/christophercunningham/airflow_workspace/data-flow/data_flow_env/lib/python3.12/site-packages/airflow/example_dags/tutorial.py took 0.110 seconds
[2024-07-01T09:58:23.452-0400] {processor.py:161} INFO - Started process (PID=16659) to work on /Users/christophercunningham/airflow_workspace/data-flow/data_flow_env/lib/python3.12/site-packages/airflow/example_dags/tutorial.py
[2024-07-01T09:58:23.453-0400] {processor.py:830} INFO - Processing file /Users/christophercunningham/airflow_workspace/data-flow/data_flow_env/lib/python3.12/site-packages/airflow/example_dags/tutorial.py for tasks to queue
[2024-07-01T09:58:23.453-0400] {logging_mixin.py:188} INFO - [2024-07-01T09:58:23.453-0400] {dagbag.py:545} INFO - Filling up the DagBag from /Users/christophercunningham/airflow_workspace/data-flow/data_flow_env/lib/python3.12/site-packages/airflow/example_dags/tutorial.py
[2024-07-01T09:58:23.460-0400] {processor.py:840} INFO - DAG(s) 'tutorial' retrieved from /Users/christophercunningham/airflow_workspace/data-flow/data_flow_env/lib/python3.12/site-packages/airflow/example_dags/tutorial.py
[2024-07-01T09:58:23.537-0400] {logging_mixin.py:188} INFO - [2024-07-01T09:58:23.537-0400] {dag.py:3096} INFO - Sync 1 DAGs
[2024-07-01T09:58:23.549-0400] {logging_mixin.py:188} INFO - [2024-07-01T09:58:23.549-0400] {dag.py:3954} INFO - Setting next_dagrun for tutorial to 2024-06-30 00:00:00+00:00, run_after=2024-07-01 00:00:00+00:00
[2024-07-01T09:58:23.562-0400] {processor.py:183} INFO - Processing /Users/christophercunningham/airflow_workspace/data-flow/data_flow_env/lib/python3.12/site-packages/airflow/example_dags/tutorial.py took 0.114 seconds
[2024-07-01T10:00:05.340-0400] {processor.py:161} INFO - Started process (PID=16903) to work on /Users/christophercunningham/airflow_workspace/data-flow/data_flow_env/lib/python3.12/site-packages/airflow/example_dags/tutorial.py
[2024-07-01T10:00:05.341-0400] {processor.py:830} INFO - Processing file /Users/christophercunningham/airflow_workspace/data-flow/data_flow_env/lib/python3.12/site-packages/airflow/example_dags/tutorial.py for tasks to queue
[2024-07-01T10:00:05.341-0400] {logging_mixin.py:188} INFO - [2024-07-01T10:00:05.341-0400] {dagbag.py:545} INFO - Filling up the DagBag from /Users/christophercunningham/airflow_workspace/data-flow/data_flow_env/lib/python3.12/site-packages/airflow/example_dags/tutorial.py
[2024-07-01T10:00:05.347-0400] {processor.py:840} INFO - DAG(s) 'tutorial' retrieved from /Users/christophercunningham/airflow_workspace/data-flow/data_flow_env/lib/python3.12/site-packages/airflow/example_dags/tutorial.py
[2024-07-01T10:00:05.425-0400] {logging_mixin.py:188} INFO - [2024-07-01T10:00:05.425-0400] {dag.py:3096} INFO - Sync 1 DAGs
[2024-07-01T10:00:05.439-0400] {logging_mixin.py:188} INFO - [2024-07-01T10:00:05.439-0400] {dag.py:3954} INFO - Setting next_dagrun for tutorial to 2024-06-30 00:00:00+00:00, run_after=2024-07-01 00:00:00+00:00
[2024-07-01T10:00:05.453-0400] {processor.py:183} INFO - Processing /Users/christophercunningham/airflow_workspace/data-flow/data_flow_env/lib/python3.12/site-packages/airflow/example_dags/tutorial.py took 0.117 seconds
[2024-07-01T10:01:47.589-0400] {processor.py:161} INFO - Started process (PID=17129) to work on /Users/christophercunningham/airflow_workspace/data-flow/data_flow_env/lib/python3.12/site-packages/airflow/example_dags/tutorial.py
[2024-07-01T10:01:47.590-0400] {processor.py:830} INFO - Processing file /Users/christophercunningham/airflow_workspace/data-flow/data_flow_env/lib/python3.12/site-packages/airflow/example_dags/tutorial.py for tasks to queue
[2024-07-01T10:01:47.590-0400] {logging_mixin.py:188} INFO - [2024-07-01T10:01:47.590-0400] {dagbag.py:545} INFO - Filling up the DagBag from /Users/christophercunningham/airflow_workspace/data-flow/data_flow_env/lib/python3.12/site-packages/airflow/example_dags/tutorial.py
[2024-07-01T10:01:47.597-0400] {processor.py:840} INFO - DAG(s) 'tutorial' retrieved from /Users/christophercunningham/airflow_workspace/data-flow/data_flow_env/lib/python3.12/site-packages/airflow/example_dags/tutorial.py
[2024-07-01T10:01:47.678-0400] {logging_mixin.py:188} INFO - [2024-07-01T10:01:47.678-0400] {dag.py:3096} INFO - Sync 1 DAGs
[2024-07-01T10:01:47.690-0400] {logging_mixin.py:188} INFO - [2024-07-01T10:01:47.690-0400] {dag.py:3954} INFO - Setting next_dagrun for tutorial to 2024-06-30 00:00:00+00:00, run_after=2024-07-01 00:00:00+00:00
[2024-07-01T10:01:47.704-0400] {processor.py:183} INFO - Processing /Users/christophercunningham/airflow_workspace/data-flow/data_flow_env/lib/python3.12/site-packages/airflow/example_dags/tutorial.py took 0.118 seconds
[2024-07-01T10:03:34.305-0400] {processor.py:161} INFO - Started process (PID=17344) to work on /Users/christophercunningham/airflow_workspace/data-flow/data_flow_env/lib/python3.12/site-packages/airflow/example_dags/tutorial.py
[2024-07-01T10:03:34.307-0400] {processor.py:830} INFO - Processing file /Users/christophercunningham/airflow_workspace/data-flow/data_flow_env/lib/python3.12/site-packages/airflow/example_dags/tutorial.py for tasks to queue
[2024-07-01T10:03:34.308-0400] {logging_mixin.py:188} INFO - [2024-07-01T10:03:34.308-0400] {dagbag.py:545} INFO - Filling up the DagBag from /Users/christophercunningham/airflow_workspace/data-flow/data_flow_env/lib/python3.12/site-packages/airflow/example_dags/tutorial.py
[2024-07-01T10:03:34.314-0400] {processor.py:840} INFO - DAG(s) 'tutorial' retrieved from /Users/christophercunningham/airflow_workspace/data-flow/data_flow_env/lib/python3.12/site-packages/airflow/example_dags/tutorial.py
[2024-07-01T10:03:34.394-0400] {logging_mixin.py:188} INFO - [2024-07-01T10:03:34.394-0400] {dag.py:3096} INFO - Sync 1 DAGs
[2024-07-01T10:03:34.407-0400] {logging_mixin.py:188} INFO - [2024-07-01T10:03:34.407-0400] {dag.py:3954} INFO - Setting next_dagrun for tutorial to 2024-06-30 00:00:00+00:00, run_after=2024-07-01 00:00:00+00:00
[2024-07-01T10:03:34.419-0400] {processor.py:183} INFO - Processing /Users/christophercunningham/airflow_workspace/data-flow/data_flow_env/lib/python3.12/site-packages/airflow/example_dags/tutorial.py took 0.120 seconds
[2024-07-01T10:05:25.129-0400] {processor.py:161} INFO - Started process (PID=17573) to work on /Users/christophercunningham/airflow_workspace/data-flow/data_flow_env/lib/python3.12/site-packages/airflow/example_dags/tutorial.py
[2024-07-01T10:05:25.131-0400] {processor.py:830} INFO - Processing file /Users/christophercunningham/airflow_workspace/data-flow/data_flow_env/lib/python3.12/site-packages/airflow/example_dags/tutorial.py for tasks to queue
[2024-07-01T10:05:25.132-0400] {logging_mixin.py:188} INFO - [2024-07-01T10:05:25.132-0400] {dagbag.py:545} INFO - Filling up the DagBag from /Users/christophercunningham/airflow_workspace/data-flow/data_flow_env/lib/python3.12/site-packages/airflow/example_dags/tutorial.py
[2024-07-01T10:05:25.139-0400] {processor.py:840} INFO - DAG(s) 'tutorial' retrieved from /Users/christophercunningham/airflow_workspace/data-flow/data_flow_env/lib/python3.12/site-packages/airflow/example_dags/tutorial.py
[2024-07-01T10:05:25.213-0400] {logging_mixin.py:188} INFO - [2024-07-01T10:05:25.212-0400] {dag.py:3096} INFO - Sync 1 DAGs
[2024-07-01T10:05:25.225-0400] {logging_mixin.py:188} INFO - [2024-07-01T10:05:25.225-0400] {dag.py:3954} INFO - Setting next_dagrun for tutorial to 2024-06-30 00:00:00+00:00, run_after=2024-07-01 00:00:00+00:00
[2024-07-01T10:05:25.238-0400] {processor.py:183} INFO - Processing /Users/christophercunningham/airflow_workspace/data-flow/data_flow_env/lib/python3.12/site-packages/airflow/example_dags/tutorial.py took 0.114 seconds
[2024-07-01T10:07:15.687-0400] {processor.py:161} INFO - Started process (PID=17807) to work on /Users/christophercunningham/airflow_workspace/data-flow/data_flow_env/lib/python3.12/site-packages/airflow/example_dags/tutorial.py
[2024-07-01T10:07:15.688-0400] {processor.py:830} INFO - Processing file /Users/christophercunningham/airflow_workspace/data-flow/data_flow_env/lib/python3.12/site-packages/airflow/example_dags/tutorial.py for tasks to queue
[2024-07-01T10:07:15.689-0400] {logging_mixin.py:188} INFO - [2024-07-01T10:07:15.689-0400] {dagbag.py:545} INFO - Filling up the DagBag from /Users/christophercunningham/airflow_workspace/data-flow/data_flow_env/lib/python3.12/site-packages/airflow/example_dags/tutorial.py
[2024-07-01T10:07:15.696-0400] {processor.py:840} INFO - DAG(s) 'tutorial' retrieved from /Users/christophercunningham/airflow_workspace/data-flow/data_flow_env/lib/python3.12/site-packages/airflow/example_dags/tutorial.py
[2024-07-01T10:07:15.785-0400] {logging_mixin.py:188} INFO - [2024-07-01T10:07:15.785-0400] {dag.py:3096} INFO - Sync 1 DAGs
[2024-07-01T10:07:15.799-0400] {logging_mixin.py:188} INFO - [2024-07-01T10:07:15.799-0400] {dag.py:3954} INFO - Setting next_dagrun for tutorial to 2024-06-30 00:00:00+00:00, run_after=2024-07-01 00:00:00+00:00
[2024-07-01T10:07:15.813-0400] {processor.py:183} INFO - Processing /Users/christophercunningham/airflow_workspace/data-flow/data_flow_env/lib/python3.12/site-packages/airflow/example_dags/tutorial.py took 0.131 seconds
[2024-07-01T10:09:03.188-0400] {processor.py:161} INFO - Started process (PID=18024) to work on /Users/christophercunningham/airflow_workspace/data-flow/data_flow_env/lib/python3.12/site-packages/airflow/example_dags/tutorial.py
[2024-07-01T10:09:03.189-0400] {processor.py:830} INFO - Processing file /Users/christophercunningham/airflow_workspace/data-flow/data_flow_env/lib/python3.12/site-packages/airflow/example_dags/tutorial.py for tasks to queue
[2024-07-01T10:09:03.190-0400] {logging_mixin.py:188} INFO - [2024-07-01T10:09:03.189-0400] {dagbag.py:545} INFO - Filling up the DagBag from /Users/christophercunningham/airflow_workspace/data-flow/data_flow_env/lib/python3.12/site-packages/airflow/example_dags/tutorial.py
[2024-07-01T10:09:03.195-0400] {processor.py:840} INFO - DAG(s) 'tutorial' retrieved from /Users/christophercunningham/airflow_workspace/data-flow/data_flow_env/lib/python3.12/site-packages/airflow/example_dags/tutorial.py
[2024-07-01T10:09:03.269-0400] {logging_mixin.py:188} INFO - [2024-07-01T10:09:03.269-0400] {dag.py:3096} INFO - Sync 1 DAGs
[2024-07-01T10:09:03.280-0400] {logging_mixin.py:188} INFO - [2024-07-01T10:09:03.280-0400] {dag.py:3954} INFO - Setting next_dagrun for tutorial to 2024-06-30 00:00:00+00:00, run_after=2024-07-01 00:00:00+00:00
[2024-07-01T10:09:03.293-0400] {processor.py:183} INFO - Processing /Users/christophercunningham/airflow_workspace/data-flow/data_flow_env/lib/python3.12/site-packages/airflow/example_dags/tutorial.py took 0.111 seconds
[2024-07-01T10:10:45.993-0400] {processor.py:161} INFO - Started process (PID=18284) to work on /Users/christophercunningham/airflow_workspace/data-flow/data_flow_env/lib/python3.12/site-packages/airflow/example_dags/tutorial.py
[2024-07-01T10:10:45.994-0400] {processor.py:830} INFO - Processing file /Users/christophercunningham/airflow_workspace/data-flow/data_flow_env/lib/python3.12/site-packages/airflow/example_dags/tutorial.py for tasks to queue
[2024-07-01T10:10:45.995-0400] {logging_mixin.py:188} INFO - [2024-07-01T10:10:45.994-0400] {dagbag.py:545} INFO - Filling up the DagBag from /Users/christophercunningham/airflow_workspace/data-flow/data_flow_env/lib/python3.12/site-packages/airflow/example_dags/tutorial.py
[2024-07-01T10:10:46.002-0400] {processor.py:840} INFO - DAG(s) 'tutorial' retrieved from /Users/christophercunningham/airflow_workspace/data-flow/data_flow_env/lib/python3.12/site-packages/airflow/example_dags/tutorial.py
[2024-07-01T10:10:46.077-0400] {logging_mixin.py:188} INFO - [2024-07-01T10:10:46.077-0400] {dag.py:3096} INFO - Sync 1 DAGs
[2024-07-01T10:10:46.089-0400] {logging_mixin.py:188} INFO - [2024-07-01T10:10:46.089-0400] {dag.py:3954} INFO - Setting next_dagrun for tutorial to 2024-06-30 00:00:00+00:00, run_after=2024-07-01 00:00:00+00:00
[2024-07-01T10:10:46.102-0400] {processor.py:183} INFO - Processing /Users/christophercunningham/airflow_workspace/data-flow/data_flow_env/lib/python3.12/site-packages/airflow/example_dags/tutorial.py took 0.114 seconds
[2024-07-01T10:12:26.399-0400] {processor.py:161} INFO - Started process (PID=18490) to work on /Users/christophercunningham/airflow_workspace/data-flow/data_flow_env/lib/python3.12/site-packages/airflow/example_dags/tutorial.py
[2024-07-01T10:12:26.401-0400] {processor.py:830} INFO - Processing file /Users/christophercunningham/airflow_workspace/data-flow/data_flow_env/lib/python3.12/site-packages/airflow/example_dags/tutorial.py for tasks to queue
[2024-07-01T10:12:26.401-0400] {logging_mixin.py:188} INFO - [2024-07-01T10:12:26.401-0400] {dagbag.py:545} INFO - Filling up the DagBag from /Users/christophercunningham/airflow_workspace/data-flow/data_flow_env/lib/python3.12/site-packages/airflow/example_dags/tutorial.py
[2024-07-01T10:12:26.408-0400] {processor.py:840} INFO - DAG(s) 'tutorial' retrieved from /Users/christophercunningham/airflow_workspace/data-flow/data_flow_env/lib/python3.12/site-packages/airflow/example_dags/tutorial.py
[2024-07-01T10:12:26.490-0400] {logging_mixin.py:188} INFO - [2024-07-01T10:12:26.490-0400] {dag.py:3096} INFO - Sync 1 DAGs
[2024-07-01T10:12:26.501-0400] {logging_mixin.py:188} INFO - [2024-07-01T10:12:26.501-0400] {dag.py:3954} INFO - Setting next_dagrun for tutorial to 2024-06-30 00:00:00+00:00, run_after=2024-07-01 00:00:00+00:00
[2024-07-01T10:12:26.514-0400] {processor.py:183} INFO - Processing /Users/christophercunningham/airflow_workspace/data-flow/data_flow_env/lib/python3.12/site-packages/airflow/example_dags/tutorial.py took 0.120 seconds
[2024-07-01T10:14:11.695-0400] {processor.py:161} INFO - Started process (PID=18756) to work on /Users/christophercunningham/airflow_workspace/data-flow/data_flow_env/lib/python3.12/site-packages/airflow/example_dags/tutorial.py
[2024-07-01T10:14:11.696-0400] {processor.py:830} INFO - Processing file /Users/christophercunningham/airflow_workspace/data-flow/data_flow_env/lib/python3.12/site-packages/airflow/example_dags/tutorial.py for tasks to queue
[2024-07-01T10:14:11.697-0400] {logging_mixin.py:188} INFO - [2024-07-01T10:14:11.697-0400] {dagbag.py:545} INFO - Filling up the DagBag from /Users/christophercunningham/airflow_workspace/data-flow/data_flow_env/lib/python3.12/site-packages/airflow/example_dags/tutorial.py
[2024-07-01T10:14:11.702-0400] {processor.py:840} INFO - DAG(s) 'tutorial' retrieved from /Users/christophercunningham/airflow_workspace/data-flow/data_flow_env/lib/python3.12/site-packages/airflow/example_dags/tutorial.py
[2024-07-01T10:14:11.779-0400] {logging_mixin.py:188} INFO - [2024-07-01T10:14:11.779-0400] {dag.py:3096} INFO - Sync 1 DAGs
[2024-07-01T10:14:11.791-0400] {logging_mixin.py:188} INFO - [2024-07-01T10:14:11.790-0400] {dag.py:3954} INFO - Setting next_dagrun for tutorial to 2024-06-30 00:00:00+00:00, run_after=2024-07-01 00:00:00+00:00
[2024-07-01T10:14:11.808-0400] {processor.py:183} INFO - Processing /Users/christophercunningham/airflow_workspace/data-flow/data_flow_env/lib/python3.12/site-packages/airflow/example_dags/tutorial.py took 0.118 seconds
[2024-07-01T10:16:00.340-0400] {processor.py:161} INFO - Started process (PID=18999) to work on /Users/christophercunningham/airflow_workspace/data-flow/data_flow_env/lib/python3.12/site-packages/airflow/example_dags/tutorial.py
[2024-07-01T10:16:00.343-0400] {processor.py:830} INFO - Processing file /Users/christophercunningham/airflow_workspace/data-flow/data_flow_env/lib/python3.12/site-packages/airflow/example_dags/tutorial.py for tasks to queue
[2024-07-01T10:16:00.344-0400] {logging_mixin.py:188} INFO - [2024-07-01T10:16:00.343-0400] {dagbag.py:545} INFO - Filling up the DagBag from /Users/christophercunningham/airflow_workspace/data-flow/data_flow_env/lib/python3.12/site-packages/airflow/example_dags/tutorial.py
[2024-07-01T10:16:00.349-0400] {processor.py:840} INFO - DAG(s) 'tutorial' retrieved from /Users/christophercunningham/airflow_workspace/data-flow/data_flow_env/lib/python3.12/site-packages/airflow/example_dags/tutorial.py
[2024-07-01T10:16:00.424-0400] {logging_mixin.py:188} INFO - [2024-07-01T10:16:00.423-0400] {dag.py:3096} INFO - Sync 1 DAGs
[2024-07-01T10:16:00.436-0400] {logging_mixin.py:188} INFO - [2024-07-01T10:16:00.436-0400] {dag.py:3954} INFO - Setting next_dagrun for tutorial to 2024-06-30 00:00:00+00:00, run_after=2024-07-01 00:00:00+00:00
[2024-07-01T10:16:00.449-0400] {processor.py:183} INFO - Processing /Users/christophercunningham/airflow_workspace/data-flow/data_flow_env/lib/python3.12/site-packages/airflow/example_dags/tutorial.py took 0.113 seconds
[2024-07-01T10:17:48.443-0400] {processor.py:161} INFO - Started process (PID=19197) to work on /Users/christophercunningham/airflow_workspace/data-flow/data_flow_env/lib/python3.12/site-packages/airflow/example_dags/tutorial.py
[2024-07-01T10:17:48.444-0400] {processor.py:830} INFO - Processing file /Users/christophercunningham/airflow_workspace/data-flow/data_flow_env/lib/python3.12/site-packages/airflow/example_dags/tutorial.py for tasks to queue
[2024-07-01T10:17:48.445-0400] {logging_mixin.py:188} INFO - [2024-07-01T10:17:48.445-0400] {dagbag.py:545} INFO - Filling up the DagBag from /Users/christophercunningham/airflow_workspace/data-flow/data_flow_env/lib/python3.12/site-packages/airflow/example_dags/tutorial.py
[2024-07-01T10:17:48.452-0400] {processor.py:840} INFO - DAG(s) 'tutorial' retrieved from /Users/christophercunningham/airflow_workspace/data-flow/data_flow_env/lib/python3.12/site-packages/airflow/example_dags/tutorial.py
[2024-07-01T10:17:48.528-0400] {logging_mixin.py:188} INFO - [2024-07-01T10:17:48.528-0400] {dag.py:3096} INFO - Sync 1 DAGs
[2024-07-01T10:17:48.540-0400] {logging_mixin.py:188} INFO - [2024-07-01T10:17:48.540-0400] {dag.py:3954} INFO - Setting next_dagrun for tutorial to 2024-06-30 00:00:00+00:00, run_after=2024-07-01 00:00:00+00:00
[2024-07-01T10:17:48.554-0400] {processor.py:183} INFO - Processing /Users/christophercunningham/airflow_workspace/data-flow/data_flow_env/lib/python3.12/site-packages/airflow/example_dags/tutorial.py took 0.115 seconds
[2024-07-01T10:19:11.907-0400] {processor.py:161} INFO - Started process (PID=19398) to work on /Users/christophercunningham/airflow_workspace/data-flow/data_flow_env/lib/python3.12/site-packages/airflow/example_dags/tutorial.py
[2024-07-01T10:19:11.908-0400] {processor.py:830} INFO - Processing file /Users/christophercunningham/airflow_workspace/data-flow/data_flow_env/lib/python3.12/site-packages/airflow/example_dags/tutorial.py for tasks to queue
[2024-07-01T10:19:11.909-0400] {logging_mixin.py:188} INFO - [2024-07-01T10:19:11.909-0400] {dagbag.py:545} INFO - Filling up the DagBag from /Users/christophercunningham/airflow_workspace/data-flow/data_flow_env/lib/python3.12/site-packages/airflow/example_dags/tutorial.py
[2024-07-01T10:19:11.915-0400] {processor.py:840} INFO - DAG(s) 'tutorial' retrieved from /Users/christophercunningham/airflow_workspace/data-flow/data_flow_env/lib/python3.12/site-packages/airflow/example_dags/tutorial.py
[2024-07-01T10:19:12.096-0400] {logging_mixin.py:188} INFO - [2024-07-01T10:19:12.096-0400] {dag.py:3096} INFO - Sync 1 DAGs
[2024-07-01T10:19:12.108-0400] {logging_mixin.py:188} INFO - [2024-07-01T10:19:12.108-0400] {dag.py:3954} INFO - Setting next_dagrun for tutorial to 2024-06-30 00:00:00+00:00, run_after=2024-07-01 00:00:00+00:00
[2024-07-01T10:19:12.170-0400] {processor.py:183} INFO - Processing /Users/christophercunningham/airflow_workspace/data-flow/data_flow_env/lib/python3.12/site-packages/airflow/example_dags/tutorial.py took 0.268 seconds
[2024-07-01T10:39:05.572-0400] {processor.py:161} INFO - Started process (PID=21123) to work on /Users/christophercunningham/airflow_workspace/data-flow/data_flow_env/lib/python3.12/site-packages/airflow/example_dags/tutorial.py
[2024-07-01T10:39:05.573-0400] {processor.py:830} INFO - Processing file /Users/christophercunningham/airflow_workspace/data-flow/data_flow_env/lib/python3.12/site-packages/airflow/example_dags/tutorial.py for tasks to queue
[2024-07-01T10:39:05.573-0400] {logging_mixin.py:188} INFO - [2024-07-01T10:39:05.573-0400] {dagbag.py:545} INFO - Filling up the DagBag from /Users/christophercunningham/airflow_workspace/data-flow/data_flow_env/lib/python3.12/site-packages/airflow/example_dags/tutorial.py
[2024-07-01T10:39:05.579-0400] {processor.py:840} INFO - DAG(s) 'tutorial' retrieved from /Users/christophercunningham/airflow_workspace/data-flow/data_flow_env/lib/python3.12/site-packages/airflow/example_dags/tutorial.py
[2024-07-01T10:39:05.735-0400] {logging_mixin.py:188} INFO - [2024-07-01T10:39:05.735-0400] {dag.py:3096} INFO - Sync 1 DAGs
[2024-07-01T10:39:05.747-0400] {logging_mixin.py:188} INFO - [2024-07-01T10:39:05.747-0400] {dag.py:3954} INFO - Setting next_dagrun for tutorial to 2024-06-30 00:00:00+00:00, run_after=2024-07-01 00:00:00+00:00
[2024-07-01T10:39:05.802-0400] {processor.py:183} INFO - Processing /Users/christophercunningham/airflow_workspace/data-flow/data_flow_env/lib/python3.12/site-packages/airflow/example_dags/tutorial.py took 0.233 seconds
