[2024-07-01T09:31:24.421-0400] {processor.py:161} INFO - Started process (PID=13819) to work on /Users/christophercunningham/airflow_workspace/data-flow/data_flow_env/lib/python3.12/site-packages/airflow/example_dags/tutorial_objectstorage.py
[2024-07-01T09:31:24.423-0400] {processor.py:830} INFO - Processing file /Users/christophercunningham/airflow_workspace/data-flow/data_flow_env/lib/python3.12/site-packages/airflow/example_dags/tutorial_objectstorage.py for tasks to queue
[2024-07-01T09:31:24.424-0400] {logging_mixin.py:188} INFO - [2024-07-01T09:31:24.424-0400] {dagbag.py:545} INFO - Filling up the DagBag from /Users/christophercunningham/airflow_workspace/data-flow/data_flow_env/lib/python3.12/site-packages/airflow/example_dags/tutorial_objectstorage.py
[2024-07-01T09:31:24.496-0400] {processor.py:840} INFO - DAG(s) 'tutorial_objectstorage' retrieved from /Users/christophercunningham/airflow_workspace/data-flow/data_flow_env/lib/python3.12/site-packages/airflow/example_dags/tutorial_objectstorage.py
[2024-07-01T09:31:24.505-0400] {logging_mixin.py:188} INFO - [2024-07-01T09:31:24.505-0400] {dag.py:3096} INFO - Sync 1 DAGs
[2024-07-01T09:31:24.566-0400] {logging_mixin.py:188} INFO - [2024-07-01T09:31:24.566-0400] {dag.py:3954} INFO - Setting next_dagrun for tutorial_objectstorage to None, run_after=None
[2024-07-01T09:31:24.581-0400] {processor.py:183} INFO - Processing /Users/christophercunningham/airflow_workspace/data-flow/data_flow_env/lib/python3.12/site-packages/airflow/example_dags/tutorial_objectstorage.py took 0.164 seconds
[2024-07-01T09:33:44.807-0400] {processor.py:161} INFO - Started process (PID=14102) to work on /Users/christophercunningham/airflow_workspace/data-flow/data_flow_env/lib/python3.12/site-packages/airflow/example_dags/tutorial_objectstorage.py
[2024-07-01T09:33:44.809-0400] {processor.py:830} INFO - Processing file /Users/christophercunningham/airflow_workspace/data-flow/data_flow_env/lib/python3.12/site-packages/airflow/example_dags/tutorial_objectstorage.py for tasks to queue
[2024-07-01T09:33:44.809-0400] {logging_mixin.py:188} INFO - [2024-07-01T09:33:44.809-0400] {dagbag.py:545} INFO - Filling up the DagBag from /Users/christophercunningham/airflow_workspace/data-flow/data_flow_env/lib/python3.12/site-packages/airflow/example_dags/tutorial_objectstorage.py
[2024-07-01T09:33:44.895-0400] {processor.py:840} INFO - DAG(s) 'tutorial_objectstorage' retrieved from /Users/christophercunningham/airflow_workspace/data-flow/data_flow_env/lib/python3.12/site-packages/airflow/example_dags/tutorial_objectstorage.py
[2024-07-01T09:33:45.078-0400] {logging_mixin.py:188} INFO - [2024-07-01T09:33:45.078-0400] {dag.py:3096} INFO - Sync 1 DAGs
[2024-07-01T09:33:45.085-0400] {logging_mixin.py:188} INFO - [2024-07-01T09:33:45.085-0400] {dag.py:3954} INFO - Setting next_dagrun for tutorial_objectstorage to None, run_after=None
[2024-07-01T09:33:45.101-0400] {processor.py:183} INFO - Processing /Users/christophercunningham/airflow_workspace/data-flow/data_flow_env/lib/python3.12/site-packages/airflow/example_dags/tutorial_objectstorage.py took 0.300 seconds
[2024-07-01T09:35:28.551-0400] {processor.py:161} INFO - Started process (PID=14253) to work on /Users/christophercunningham/airflow_workspace/data-flow/data_flow_env/lib/python3.12/site-packages/airflow/example_dags/tutorial_objectstorage.py
[2024-07-01T09:35:28.553-0400] {processor.py:830} INFO - Processing file /Users/christophercunningham/airflow_workspace/data-flow/data_flow_env/lib/python3.12/site-packages/airflow/example_dags/tutorial_objectstorage.py for tasks to queue
[2024-07-01T09:35:28.554-0400] {logging_mixin.py:188} INFO - [2024-07-01T09:35:28.553-0400] {dagbag.py:545} INFO - Filling up the DagBag from /Users/christophercunningham/airflow_workspace/data-flow/data_flow_env/lib/python3.12/site-packages/airflow/example_dags/tutorial_objectstorage.py
[2024-07-01T09:35:28.632-0400] {processor.py:840} INFO - DAG(s) 'tutorial_objectstorage' retrieved from /Users/christophercunningham/airflow_workspace/data-flow/data_flow_env/lib/python3.12/site-packages/airflow/example_dags/tutorial_objectstorage.py
[2024-07-01T09:35:28.706-0400] {logging_mixin.py:188} INFO - [2024-07-01T09:35:28.706-0400] {dag.py:3096} INFO - Sync 1 DAGs
[2024-07-01T09:35:28.713-0400] {logging_mixin.py:188} INFO - [2024-07-01T09:35:28.712-0400] {dag.py:3954} INFO - Setting next_dagrun for tutorial_objectstorage to None, run_after=None
[2024-07-01T09:35:28.726-0400] {processor.py:183} INFO - Processing /Users/christophercunningham/airflow_workspace/data-flow/data_flow_env/lib/python3.12/site-packages/airflow/example_dags/tutorial_objectstorage.py took 0.179 seconds
[2024-07-01T09:37:12.520-0400] {processor.py:161} INFO - Started process (PID=14423) to work on /Users/christophercunningham/airflow_workspace/data-flow/data_flow_env/lib/python3.12/site-packages/airflow/example_dags/tutorial_objectstorage.py
[2024-07-01T09:37:12.521-0400] {processor.py:830} INFO - Processing file /Users/christophercunningham/airflow_workspace/data-flow/data_flow_env/lib/python3.12/site-packages/airflow/example_dags/tutorial_objectstorage.py for tasks to queue
[2024-07-01T09:37:12.522-0400] {logging_mixin.py:188} INFO - [2024-07-01T09:37:12.522-0400] {dagbag.py:545} INFO - Filling up the DagBag from /Users/christophercunningham/airflow_workspace/data-flow/data_flow_env/lib/python3.12/site-packages/airflow/example_dags/tutorial_objectstorage.py
[2024-07-01T09:37:12.596-0400] {processor.py:840} INFO - DAG(s) 'tutorial_objectstorage' retrieved from /Users/christophercunningham/airflow_workspace/data-flow/data_flow_env/lib/python3.12/site-packages/airflow/example_dags/tutorial_objectstorage.py
[2024-07-01T09:37:12.669-0400] {logging_mixin.py:188} INFO - [2024-07-01T09:37:12.669-0400] {dag.py:3096} INFO - Sync 1 DAGs
[2024-07-01T09:37:12.676-0400] {logging_mixin.py:188} INFO - [2024-07-01T09:37:12.676-0400] {dag.py:3954} INFO - Setting next_dagrun for tutorial_objectstorage to None, run_after=None
[2024-07-01T09:37:12.688-0400] {processor.py:183} INFO - Processing /Users/christophercunningham/airflow_workspace/data-flow/data_flow_env/lib/python3.12/site-packages/airflow/example_dags/tutorial_objectstorage.py took 0.173 seconds
[2024-07-01T09:38:59.677-0400] {processor.py:161} INFO - Started process (PID=14573) to work on /Users/christophercunningham/airflow_workspace/data-flow/data_flow_env/lib/python3.12/site-packages/airflow/example_dags/tutorial_objectstorage.py
[2024-07-01T09:38:59.679-0400] {processor.py:830} INFO - Processing file /Users/christophercunningham/airflow_workspace/data-flow/data_flow_env/lib/python3.12/site-packages/airflow/example_dags/tutorial_objectstorage.py for tasks to queue
[2024-07-01T09:38:59.679-0400] {logging_mixin.py:188} INFO - [2024-07-01T09:38:59.679-0400] {dagbag.py:545} INFO - Filling up the DagBag from /Users/christophercunningham/airflow_workspace/data-flow/data_flow_env/lib/python3.12/site-packages/airflow/example_dags/tutorial_objectstorage.py
[2024-07-01T09:38:59.754-0400] {processor.py:840} INFO - DAG(s) 'tutorial_objectstorage' retrieved from /Users/christophercunningham/airflow_workspace/data-flow/data_flow_env/lib/python3.12/site-packages/airflow/example_dags/tutorial_objectstorage.py
[2024-07-01T09:38:59.829-0400] {logging_mixin.py:188} INFO - [2024-07-01T09:38:59.829-0400] {dag.py:3096} INFO - Sync 1 DAGs
[2024-07-01T09:38:59.836-0400] {logging_mixin.py:188} INFO - [2024-07-01T09:38:59.835-0400] {dag.py:3954} INFO - Setting next_dagrun for tutorial_objectstorage to None, run_after=None
[2024-07-01T09:38:59.848-0400] {processor.py:183} INFO - Processing /Users/christophercunningham/airflow_workspace/data-flow/data_flow_env/lib/python3.12/site-packages/airflow/example_dags/tutorial_objectstorage.py took 0.176 seconds
[2024-07-01T09:40:44.580-0400] {processor.py:161} INFO - Started process (PID=14799) to work on /Users/christophercunningham/airflow_workspace/data-flow/data_flow_env/lib/python3.12/site-packages/airflow/example_dags/tutorial_objectstorage.py
[2024-07-01T09:40:44.581-0400] {processor.py:830} INFO - Processing file /Users/christophercunningham/airflow_workspace/data-flow/data_flow_env/lib/python3.12/site-packages/airflow/example_dags/tutorial_objectstorage.py for tasks to queue
[2024-07-01T09:40:44.582-0400] {logging_mixin.py:188} INFO - [2024-07-01T09:40:44.582-0400] {dagbag.py:545} INFO - Filling up the DagBag from /Users/christophercunningham/airflow_workspace/data-flow/data_flow_env/lib/python3.12/site-packages/airflow/example_dags/tutorial_objectstorage.py
[2024-07-01T09:40:44.673-0400] {processor.py:840} INFO - DAG(s) 'tutorial_objectstorage' retrieved from /Users/christophercunningham/airflow_workspace/data-flow/data_flow_env/lib/python3.12/site-packages/airflow/example_dags/tutorial_objectstorage.py
[2024-07-01T09:40:44.748-0400] {logging_mixin.py:188} INFO - [2024-07-01T09:40:44.748-0400] {dag.py:3096} INFO - Sync 1 DAGs
[2024-07-01T09:40:44.754-0400] {logging_mixin.py:188} INFO - [2024-07-01T09:40:44.754-0400] {dag.py:3954} INFO - Setting next_dagrun for tutorial_objectstorage to None, run_after=None
[2024-07-01T09:40:44.774-0400] {processor.py:183} INFO - Processing /Users/christophercunningham/airflow_workspace/data-flow/data_flow_env/lib/python3.12/site-packages/airflow/example_dags/tutorial_objectstorage.py took 0.199 seconds
[2024-07-01T09:42:30.952-0400] {processor.py:161} INFO - Started process (PID=14965) to work on /Users/christophercunningham/airflow_workspace/data-flow/data_flow_env/lib/python3.12/site-packages/airflow/example_dags/tutorial_objectstorage.py
[2024-07-01T09:42:30.954-0400] {processor.py:830} INFO - Processing file /Users/christophercunningham/airflow_workspace/data-flow/data_flow_env/lib/python3.12/site-packages/airflow/example_dags/tutorial_objectstorage.py for tasks to queue
[2024-07-01T09:42:30.955-0400] {logging_mixin.py:188} INFO - [2024-07-01T09:42:30.955-0400] {dagbag.py:545} INFO - Filling up the DagBag from /Users/christophercunningham/airflow_workspace/data-flow/data_flow_env/lib/python3.12/site-packages/airflow/example_dags/tutorial_objectstorage.py
[2024-07-01T09:42:31.039-0400] {processor.py:840} INFO - DAG(s) 'tutorial_objectstorage' retrieved from /Users/christophercunningham/airflow_workspace/data-flow/data_flow_env/lib/python3.12/site-packages/airflow/example_dags/tutorial_objectstorage.py
[2024-07-01T09:42:31.112-0400] {logging_mixin.py:188} INFO - [2024-07-01T09:42:31.112-0400] {dag.py:3096} INFO - Sync 1 DAGs
[2024-07-01T09:42:31.119-0400] {logging_mixin.py:188} INFO - [2024-07-01T09:42:31.118-0400] {dag.py:3954} INFO - Setting next_dagrun for tutorial_objectstorage to None, run_after=None
[2024-07-01T09:42:31.131-0400] {processor.py:183} INFO - Processing /Users/christophercunningham/airflow_workspace/data-flow/data_flow_env/lib/python3.12/site-packages/airflow/example_dags/tutorial_objectstorage.py took 0.184 seconds
[2024-07-01T09:44:21.269-0400] {processor.py:161} INFO - Started process (PID=15144) to work on /Users/christophercunningham/airflow_workspace/data-flow/data_flow_env/lib/python3.12/site-packages/airflow/example_dags/tutorial_objectstorage.py
[2024-07-01T09:44:21.271-0400] {processor.py:830} INFO - Processing file /Users/christophercunningham/airflow_workspace/data-flow/data_flow_env/lib/python3.12/site-packages/airflow/example_dags/tutorial_objectstorage.py for tasks to queue
[2024-07-01T09:44:21.271-0400] {logging_mixin.py:188} INFO - [2024-07-01T09:44:21.271-0400] {dagbag.py:545} INFO - Filling up the DagBag from /Users/christophercunningham/airflow_workspace/data-flow/data_flow_env/lib/python3.12/site-packages/airflow/example_dags/tutorial_objectstorage.py
[2024-07-01T09:44:21.358-0400] {processor.py:840} INFO - DAG(s) 'tutorial_objectstorage' retrieved from /Users/christophercunningham/airflow_workspace/data-flow/data_flow_env/lib/python3.12/site-packages/airflow/example_dags/tutorial_objectstorage.py
[2024-07-01T09:44:21.433-0400] {logging_mixin.py:188} INFO - [2024-07-01T09:44:21.432-0400] {dag.py:3096} INFO - Sync 1 DAGs
[2024-07-01T09:44:21.439-0400] {logging_mixin.py:188} INFO - [2024-07-01T09:44:21.439-0400] {dag.py:3954} INFO - Setting next_dagrun for tutorial_objectstorage to None, run_after=None
[2024-07-01T09:44:21.455-0400] {processor.py:183} INFO - Processing /Users/christophercunningham/airflow_workspace/data-flow/data_flow_env/lib/python3.12/site-packages/airflow/example_dags/tutorial_objectstorage.py took 0.191 seconds
[2024-07-01T09:46:09.708-0400] {processor.py:161} INFO - Started process (PID=15305) to work on /Users/christophercunningham/airflow_workspace/data-flow/data_flow_env/lib/python3.12/site-packages/airflow/example_dags/tutorial_objectstorage.py
[2024-07-01T09:46:09.709-0400] {processor.py:830} INFO - Processing file /Users/christophercunningham/airflow_workspace/data-flow/data_flow_env/lib/python3.12/site-packages/airflow/example_dags/tutorial_objectstorage.py for tasks to queue
[2024-07-01T09:46:09.710-0400] {logging_mixin.py:188} INFO - [2024-07-01T09:46:09.710-0400] {dagbag.py:545} INFO - Filling up the DagBag from /Users/christophercunningham/airflow_workspace/data-flow/data_flow_env/lib/python3.12/site-packages/airflow/example_dags/tutorial_objectstorage.py
[2024-07-01T09:46:09.784-0400] {processor.py:840} INFO - DAG(s) 'tutorial_objectstorage' retrieved from /Users/christophercunningham/airflow_workspace/data-flow/data_flow_env/lib/python3.12/site-packages/airflow/example_dags/tutorial_objectstorage.py
[2024-07-01T09:46:09.855-0400] {logging_mixin.py:188} INFO - [2024-07-01T09:46:09.855-0400] {dag.py:3096} INFO - Sync 1 DAGs
[2024-07-01T09:46:09.861-0400] {logging_mixin.py:188} INFO - [2024-07-01T09:46:09.861-0400] {dag.py:3954} INFO - Setting next_dagrun for tutorial_objectstorage to None, run_after=None
[2024-07-01T09:46:09.874-0400] {processor.py:183} INFO - Processing /Users/christophercunningham/airflow_workspace/data-flow/data_flow_env/lib/python3.12/site-packages/airflow/example_dags/tutorial_objectstorage.py took 0.171 seconds
[2024-07-01T09:47:55.663-0400] {processor.py:161} INFO - Started process (PID=15460) to work on /Users/christophercunningham/airflow_workspace/data-flow/data_flow_env/lib/python3.12/site-packages/airflow/example_dags/tutorial_objectstorage.py
[2024-07-01T09:47:55.664-0400] {processor.py:830} INFO - Processing file /Users/christophercunningham/airflow_workspace/data-flow/data_flow_env/lib/python3.12/site-packages/airflow/example_dags/tutorial_objectstorage.py for tasks to queue
[2024-07-01T09:47:55.665-0400] {logging_mixin.py:188} INFO - [2024-07-01T09:47:55.665-0400] {dagbag.py:545} INFO - Filling up the DagBag from /Users/christophercunningham/airflow_workspace/data-flow/data_flow_env/lib/python3.12/site-packages/airflow/example_dags/tutorial_objectstorage.py
[2024-07-01T09:47:55.738-0400] {processor.py:840} INFO - DAG(s) 'tutorial_objectstorage' retrieved from /Users/christophercunningham/airflow_workspace/data-flow/data_flow_env/lib/python3.12/site-packages/airflow/example_dags/tutorial_objectstorage.py
[2024-07-01T09:47:55.813-0400] {logging_mixin.py:188} INFO - [2024-07-01T09:47:55.813-0400] {dag.py:3096} INFO - Sync 1 DAGs
[2024-07-01T09:47:55.819-0400] {logging_mixin.py:188} INFO - [2024-07-01T09:47:55.819-0400] {dag.py:3954} INFO - Setting next_dagrun for tutorial_objectstorage to None, run_after=None
[2024-07-01T09:47:55.832-0400] {processor.py:183} INFO - Processing /Users/christophercunningham/airflow_workspace/data-flow/data_flow_env/lib/python3.12/site-packages/airflow/example_dags/tutorial_objectstorage.py took 0.174 seconds
[2024-07-01T09:49:43.921-0400] {processor.py:161} INFO - Started process (PID=15618) to work on /Users/christophercunningham/airflow_workspace/data-flow/data_flow_env/lib/python3.12/site-packages/airflow/example_dags/tutorial_objectstorage.py
[2024-07-01T09:49:43.922-0400] {processor.py:830} INFO - Processing file /Users/christophercunningham/airflow_workspace/data-flow/data_flow_env/lib/python3.12/site-packages/airflow/example_dags/tutorial_objectstorage.py for tasks to queue
[2024-07-01T09:49:43.923-0400] {logging_mixin.py:188} INFO - [2024-07-01T09:49:43.923-0400] {dagbag.py:545} INFO - Filling up the DagBag from /Users/christophercunningham/airflow_workspace/data-flow/data_flow_env/lib/python3.12/site-packages/airflow/example_dags/tutorial_objectstorage.py
[2024-07-01T09:49:43.991-0400] {processor.py:840} INFO - DAG(s) 'tutorial_objectstorage' retrieved from /Users/christophercunningham/airflow_workspace/data-flow/data_flow_env/lib/python3.12/site-packages/airflow/example_dags/tutorial_objectstorage.py
[2024-07-01T09:49:44.062-0400] {logging_mixin.py:188} INFO - [2024-07-01T09:49:44.062-0400] {dag.py:3096} INFO - Sync 1 DAGs
[2024-07-01T09:49:44.069-0400] {logging_mixin.py:188} INFO - [2024-07-01T09:49:44.069-0400] {dag.py:3954} INFO - Setting next_dagrun for tutorial_objectstorage to None, run_after=None
[2024-07-01T09:49:44.085-0400] {processor.py:183} INFO - Processing /Users/christophercunningham/airflow_workspace/data-flow/data_flow_env/lib/python3.12/site-packages/airflow/example_dags/tutorial_objectstorage.py took 0.169 seconds
[2024-07-01T09:51:32.367-0400] {processor.py:161} INFO - Started process (PID=15839) to work on /Users/christophercunningham/airflow_workspace/data-flow/data_flow_env/lib/python3.12/site-packages/airflow/example_dags/tutorial_objectstorage.py
[2024-07-01T09:51:32.369-0400] {processor.py:830} INFO - Processing file /Users/christophercunningham/airflow_workspace/data-flow/data_flow_env/lib/python3.12/site-packages/airflow/example_dags/tutorial_objectstorage.py for tasks to queue
[2024-07-01T09:51:32.370-0400] {logging_mixin.py:188} INFO - [2024-07-01T09:51:32.369-0400] {dagbag.py:545} INFO - Filling up the DagBag from /Users/christophercunningham/airflow_workspace/data-flow/data_flow_env/lib/python3.12/site-packages/airflow/example_dags/tutorial_objectstorage.py
[2024-07-01T09:51:32.465-0400] {processor.py:840} INFO - DAG(s) 'tutorial_objectstorage' retrieved from /Users/christophercunningham/airflow_workspace/data-flow/data_flow_env/lib/python3.12/site-packages/airflow/example_dags/tutorial_objectstorage.py
[2024-07-01T09:51:32.557-0400] {logging_mixin.py:188} INFO - [2024-07-01T09:51:32.557-0400] {dag.py:3096} INFO - Sync 1 DAGs
[2024-07-01T09:51:32.565-0400] {logging_mixin.py:188} INFO - [2024-07-01T09:51:32.564-0400] {dag.py:3954} INFO - Setting next_dagrun for tutorial_objectstorage to None, run_after=None
[2024-07-01T09:51:32.579-0400] {processor.py:183} INFO - Processing /Users/christophercunningham/airflow_workspace/data-flow/data_flow_env/lib/python3.12/site-packages/airflow/example_dags/tutorial_objectstorage.py took 0.217 seconds
[2024-07-01T09:53:16.851-0400] {processor.py:161} INFO - Started process (PID=15998) to work on /Users/christophercunningham/airflow_workspace/data-flow/data_flow_env/lib/python3.12/site-packages/airflow/example_dags/tutorial_objectstorage.py
[2024-07-01T09:53:16.852-0400] {processor.py:830} INFO - Processing file /Users/christophercunningham/airflow_workspace/data-flow/data_flow_env/lib/python3.12/site-packages/airflow/example_dags/tutorial_objectstorage.py for tasks to queue
[2024-07-01T09:53:16.853-0400] {logging_mixin.py:188} INFO - [2024-07-01T09:53:16.852-0400] {dagbag.py:545} INFO - Filling up the DagBag from /Users/christophercunningham/airflow_workspace/data-flow/data_flow_env/lib/python3.12/site-packages/airflow/example_dags/tutorial_objectstorage.py
[2024-07-01T09:53:16.931-0400] {processor.py:840} INFO - DAG(s) 'tutorial_objectstorage' retrieved from /Users/christophercunningham/airflow_workspace/data-flow/data_flow_env/lib/python3.12/site-packages/airflow/example_dags/tutorial_objectstorage.py
[2024-07-01T09:53:17.002-0400] {logging_mixin.py:188} INFO - [2024-07-01T09:53:17.002-0400] {dag.py:3096} INFO - Sync 1 DAGs
[2024-07-01T09:53:17.009-0400] {logging_mixin.py:188} INFO - [2024-07-01T09:53:17.009-0400] {dag.py:3954} INFO - Setting next_dagrun for tutorial_objectstorage to None, run_after=None
[2024-07-01T09:53:17.022-0400] {processor.py:183} INFO - Processing /Users/christophercunningham/airflow_workspace/data-flow/data_flow_env/lib/python3.12/site-packages/airflow/example_dags/tutorial_objectstorage.py took 0.174 seconds
[2024-07-01T09:54:55.804-0400] {processor.py:161} INFO - Started process (PID=16206) to work on /Users/christophercunningham/airflow_workspace/data-flow/data_flow_env/lib/python3.12/site-packages/airflow/example_dags/tutorial_objectstorage.py
[2024-07-01T09:54:55.806-0400] {processor.py:830} INFO - Processing file /Users/christophercunningham/airflow_workspace/data-flow/data_flow_env/lib/python3.12/site-packages/airflow/example_dags/tutorial_objectstorage.py for tasks to queue
[2024-07-01T09:54:55.807-0400] {logging_mixin.py:188} INFO - [2024-07-01T09:54:55.807-0400] {dagbag.py:545} INFO - Filling up the DagBag from /Users/christophercunningham/airflow_workspace/data-flow/data_flow_env/lib/python3.12/site-packages/airflow/example_dags/tutorial_objectstorage.py
[2024-07-01T09:54:55.896-0400] {processor.py:840} INFO - DAG(s) 'tutorial_objectstorage' retrieved from /Users/christophercunningham/airflow_workspace/data-flow/data_flow_env/lib/python3.12/site-packages/airflow/example_dags/tutorial_objectstorage.py
[2024-07-01T09:54:55.981-0400] {logging_mixin.py:188} INFO - [2024-07-01T09:54:55.980-0400] {dag.py:3096} INFO - Sync 1 DAGs
[2024-07-01T09:54:55.988-0400] {logging_mixin.py:188} INFO - [2024-07-01T09:54:55.988-0400] {dag.py:3954} INFO - Setting next_dagrun for tutorial_objectstorage to None, run_after=None
[2024-07-01T09:54:56.001-0400] {processor.py:183} INFO - Processing /Users/christophercunningham/airflow_workspace/data-flow/data_flow_env/lib/python3.12/site-packages/airflow/example_dags/tutorial_objectstorage.py took 0.202 seconds
[2024-07-01T09:56:38.419-0400] {processor.py:161} INFO - Started process (PID=16429) to work on /Users/christophercunningham/airflow_workspace/data-flow/data_flow_env/lib/python3.12/site-packages/airflow/example_dags/tutorial_objectstorage.py
[2024-07-01T09:56:38.421-0400] {processor.py:830} INFO - Processing file /Users/christophercunningham/airflow_workspace/data-flow/data_flow_env/lib/python3.12/site-packages/airflow/example_dags/tutorial_objectstorage.py for tasks to queue
[2024-07-01T09:56:38.421-0400] {logging_mixin.py:188} INFO - [2024-07-01T09:56:38.421-0400] {dagbag.py:545} INFO - Filling up the DagBag from /Users/christophercunningham/airflow_workspace/data-flow/data_flow_env/lib/python3.12/site-packages/airflow/example_dags/tutorial_objectstorage.py
[2024-07-01T09:56:38.496-0400] {processor.py:840} INFO - DAG(s) 'tutorial_objectstorage' retrieved from /Users/christophercunningham/airflow_workspace/data-flow/data_flow_env/lib/python3.12/site-packages/airflow/example_dags/tutorial_objectstorage.py
[2024-07-01T09:56:38.568-0400] {logging_mixin.py:188} INFO - [2024-07-01T09:56:38.567-0400] {dag.py:3096} INFO - Sync 1 DAGs
[2024-07-01T09:56:38.574-0400] {logging_mixin.py:188} INFO - [2024-07-01T09:56:38.574-0400] {dag.py:3954} INFO - Setting next_dagrun for tutorial_objectstorage to None, run_after=None
[2024-07-01T09:56:38.587-0400] {processor.py:183} INFO - Processing /Users/christophercunningham/airflow_workspace/data-flow/data_flow_env/lib/python3.12/site-packages/airflow/example_dags/tutorial_objectstorage.py took 0.172 seconds
[2024-07-01T09:58:18.274-0400] {processor.py:161} INFO - Started process (PID=16649) to work on /Users/christophercunningham/airflow_workspace/data-flow/data_flow_env/lib/python3.12/site-packages/airflow/example_dags/tutorial_objectstorage.py
[2024-07-01T09:58:18.275-0400] {processor.py:830} INFO - Processing file /Users/christophercunningham/airflow_workspace/data-flow/data_flow_env/lib/python3.12/site-packages/airflow/example_dags/tutorial_objectstorage.py for tasks to queue
[2024-07-01T09:58:18.277-0400] {logging_mixin.py:188} INFO - [2024-07-01T09:58:18.276-0400] {dagbag.py:545} INFO - Filling up the DagBag from /Users/christophercunningham/airflow_workspace/data-flow/data_flow_env/lib/python3.12/site-packages/airflow/example_dags/tutorial_objectstorage.py
[2024-07-01T09:58:18.345-0400] {processor.py:840} INFO - DAG(s) 'tutorial_objectstorage' retrieved from /Users/christophercunningham/airflow_workspace/data-flow/data_flow_env/lib/python3.12/site-packages/airflow/example_dags/tutorial_objectstorage.py
[2024-07-01T09:58:18.418-0400] {logging_mixin.py:188} INFO - [2024-07-01T09:58:18.418-0400] {dag.py:3096} INFO - Sync 1 DAGs
[2024-07-01T09:58:18.425-0400] {logging_mixin.py:188} INFO - [2024-07-01T09:58:18.425-0400] {dag.py:3954} INFO - Setting next_dagrun for tutorial_objectstorage to None, run_after=None
[2024-07-01T09:58:18.438-0400] {processor.py:183} INFO - Processing /Users/christophercunningham/airflow_workspace/data-flow/data_flow_env/lib/python3.12/site-packages/airflow/example_dags/tutorial_objectstorage.py took 0.169 seconds
[2024-07-01T09:59:59.849-0400] {processor.py:161} INFO - Started process (PID=16866) to work on /Users/christophercunningham/airflow_workspace/data-flow/data_flow_env/lib/python3.12/site-packages/airflow/example_dags/tutorial_objectstorage.py
[2024-07-01T09:59:59.849-0400] {processor.py:830} INFO - Processing file /Users/christophercunningham/airflow_workspace/data-flow/data_flow_env/lib/python3.12/site-packages/airflow/example_dags/tutorial_objectstorage.py for tasks to queue
[2024-07-01T09:59:59.850-0400] {logging_mixin.py:188} INFO - [2024-07-01T09:59:59.850-0400] {dagbag.py:545} INFO - Filling up the DagBag from /Users/christophercunningham/airflow_workspace/data-flow/data_flow_env/lib/python3.12/site-packages/airflow/example_dags/tutorial_objectstorage.py
[2024-07-01T09:59:59.926-0400] {processor.py:840} INFO - DAG(s) 'tutorial_objectstorage' retrieved from /Users/christophercunningham/airflow_workspace/data-flow/data_flow_env/lib/python3.12/site-packages/airflow/example_dags/tutorial_objectstorage.py
[2024-07-01T10:00:00.006-0400] {logging_mixin.py:188} INFO - [2024-07-01T10:00:00.005-0400] {dag.py:3096} INFO - Sync 1 DAGs
[2024-07-01T10:00:00.019-0400] {logging_mixin.py:188} INFO - [2024-07-01T10:00:00.019-0400] {dag.py:3954} INFO - Setting next_dagrun for tutorial_objectstorage to None, run_after=None
[2024-07-01T10:00:00.040-0400] {processor.py:183} INFO - Processing /Users/christophercunningham/airflow_workspace/data-flow/data_flow_env/lib/python3.12/site-packages/airflow/example_dags/tutorial_objectstorage.py took 0.195 seconds
[2024-07-01T10:01:42.100-0400] {processor.py:161} INFO - Started process (PID=17118) to work on /Users/christophercunningham/airflow_workspace/data-flow/data_flow_env/lib/python3.12/site-packages/airflow/example_dags/tutorial_objectstorage.py
[2024-07-01T10:01:42.101-0400] {processor.py:830} INFO - Processing file /Users/christophercunningham/airflow_workspace/data-flow/data_flow_env/lib/python3.12/site-packages/airflow/example_dags/tutorial_objectstorage.py for tasks to queue
[2024-07-01T10:01:42.102-0400] {logging_mixin.py:188} INFO - [2024-07-01T10:01:42.101-0400] {dagbag.py:545} INFO - Filling up the DagBag from /Users/christophercunningham/airflow_workspace/data-flow/data_flow_env/lib/python3.12/site-packages/airflow/example_dags/tutorial_objectstorage.py
[2024-07-01T10:01:42.181-0400] {processor.py:840} INFO - DAG(s) 'tutorial_objectstorage' retrieved from /Users/christophercunningham/airflow_workspace/data-flow/data_flow_env/lib/python3.12/site-packages/airflow/example_dags/tutorial_objectstorage.py
[2024-07-01T10:01:42.256-0400] {logging_mixin.py:188} INFO - [2024-07-01T10:01:42.256-0400] {dag.py:3096} INFO - Sync 1 DAGs
[2024-07-01T10:01:42.262-0400] {logging_mixin.py:188} INFO - [2024-07-01T10:01:42.262-0400] {dag.py:3954} INFO - Setting next_dagrun for tutorial_objectstorage to None, run_after=None
[2024-07-01T10:01:42.276-0400] {processor.py:183} INFO - Processing /Users/christophercunningham/airflow_workspace/data-flow/data_flow_env/lib/python3.12/site-packages/airflow/example_dags/tutorial_objectstorage.py took 0.181 seconds
[2024-07-01T10:03:28.915-0400] {processor.py:161} INFO - Started process (PID=17335) to work on /Users/christophercunningham/airflow_workspace/data-flow/data_flow_env/lib/python3.12/site-packages/airflow/example_dags/tutorial_objectstorage.py
[2024-07-01T10:03:28.916-0400] {processor.py:830} INFO - Processing file /Users/christophercunningham/airflow_workspace/data-flow/data_flow_env/lib/python3.12/site-packages/airflow/example_dags/tutorial_objectstorage.py for tasks to queue
[2024-07-01T10:03:28.916-0400] {logging_mixin.py:188} INFO - [2024-07-01T10:03:28.916-0400] {dagbag.py:545} INFO - Filling up the DagBag from /Users/christophercunningham/airflow_workspace/data-flow/data_flow_env/lib/python3.12/site-packages/airflow/example_dags/tutorial_objectstorage.py
[2024-07-01T10:03:29.017-0400] {processor.py:840} INFO - DAG(s) 'tutorial_objectstorage' retrieved from /Users/christophercunningham/airflow_workspace/data-flow/data_flow_env/lib/python3.12/site-packages/airflow/example_dags/tutorial_objectstorage.py
[2024-07-01T10:03:29.094-0400] {logging_mixin.py:188} INFO - [2024-07-01T10:03:29.094-0400] {dag.py:3096} INFO - Sync 1 DAGs
[2024-07-01T10:03:29.102-0400] {logging_mixin.py:188} INFO - [2024-07-01T10:03:29.102-0400] {dag.py:3954} INFO - Setting next_dagrun for tutorial_objectstorage to None, run_after=None
[2024-07-01T10:03:29.119-0400] {processor.py:183} INFO - Processing /Users/christophercunningham/airflow_workspace/data-flow/data_flow_env/lib/python3.12/site-packages/airflow/example_dags/tutorial_objectstorage.py took 0.208 seconds
[2024-07-01T10:05:19.707-0400] {processor.py:161} INFO - Started process (PID=17560) to work on /Users/christophercunningham/airflow_workspace/data-flow/data_flow_env/lib/python3.12/site-packages/airflow/example_dags/tutorial_objectstorage.py
[2024-07-01T10:05:19.709-0400] {processor.py:830} INFO - Processing file /Users/christophercunningham/airflow_workspace/data-flow/data_flow_env/lib/python3.12/site-packages/airflow/example_dags/tutorial_objectstorage.py for tasks to queue
[2024-07-01T10:05:19.709-0400] {logging_mixin.py:188} INFO - [2024-07-01T10:05:19.709-0400] {dagbag.py:545} INFO - Filling up the DagBag from /Users/christophercunningham/airflow_workspace/data-flow/data_flow_env/lib/python3.12/site-packages/airflow/example_dags/tutorial_objectstorage.py
[2024-07-01T10:05:19.810-0400] {processor.py:840} INFO - DAG(s) 'tutorial_objectstorage' retrieved from /Users/christophercunningham/airflow_workspace/data-flow/data_flow_env/lib/python3.12/site-packages/airflow/example_dags/tutorial_objectstorage.py
[2024-07-01T10:05:19.890-0400] {logging_mixin.py:188} INFO - [2024-07-01T10:05:19.889-0400] {dag.py:3096} INFO - Sync 1 DAGs
[2024-07-01T10:05:19.896-0400] {logging_mixin.py:188} INFO - [2024-07-01T10:05:19.896-0400] {dag.py:3954} INFO - Setting next_dagrun for tutorial_objectstorage to None, run_after=None
[2024-07-01T10:05:19.909-0400] {processor.py:183} INFO - Processing /Users/christophercunningham/airflow_workspace/data-flow/data_flow_env/lib/python3.12/site-packages/airflow/example_dags/tutorial_objectstorage.py took 0.206 seconds
[2024-07-01T10:07:10.459-0400] {processor.py:161} INFO - Started process (PID=17794) to work on /Users/christophercunningham/airflow_workspace/data-flow/data_flow_env/lib/python3.12/site-packages/airflow/example_dags/tutorial_objectstorage.py
[2024-07-01T10:07:10.460-0400] {processor.py:830} INFO - Processing file /Users/christophercunningham/airflow_workspace/data-flow/data_flow_env/lib/python3.12/site-packages/airflow/example_dags/tutorial_objectstorage.py for tasks to queue
[2024-07-01T10:07:10.461-0400] {logging_mixin.py:188} INFO - [2024-07-01T10:07:10.461-0400] {dagbag.py:545} INFO - Filling up the DagBag from /Users/christophercunningham/airflow_workspace/data-flow/data_flow_env/lib/python3.12/site-packages/airflow/example_dags/tutorial_objectstorage.py
[2024-07-01T10:07:10.541-0400] {processor.py:840} INFO - DAG(s) 'tutorial_objectstorage' retrieved from /Users/christophercunningham/airflow_workspace/data-flow/data_flow_env/lib/python3.12/site-packages/airflow/example_dags/tutorial_objectstorage.py
[2024-07-01T10:07:10.612-0400] {logging_mixin.py:188} INFO - [2024-07-01T10:07:10.612-0400] {dag.py:3096} INFO - Sync 1 DAGs
[2024-07-01T10:07:10.619-0400] {logging_mixin.py:188} INFO - [2024-07-01T10:07:10.618-0400] {dag.py:3954} INFO - Setting next_dagrun for tutorial_objectstorage to None, run_after=None
[2024-07-01T10:07:10.631-0400] {processor.py:183} INFO - Processing /Users/christophercunningham/airflow_workspace/data-flow/data_flow_env/lib/python3.12/site-packages/airflow/example_dags/tutorial_objectstorage.py took 0.177 seconds
[2024-07-01T10:08:57.984-0400] {processor.py:161} INFO - Started process (PID=18015) to work on /Users/christophercunningham/airflow_workspace/data-flow/data_flow_env/lib/python3.12/site-packages/airflow/example_dags/tutorial_objectstorage.py
[2024-07-01T10:08:57.985-0400] {processor.py:830} INFO - Processing file /Users/christophercunningham/airflow_workspace/data-flow/data_flow_env/lib/python3.12/site-packages/airflow/example_dags/tutorial_objectstorage.py for tasks to queue
[2024-07-01T10:08:57.986-0400] {logging_mixin.py:188} INFO - [2024-07-01T10:08:57.986-0400] {dagbag.py:545} INFO - Filling up the DagBag from /Users/christophercunningham/airflow_workspace/data-flow/data_flow_env/lib/python3.12/site-packages/airflow/example_dags/tutorial_objectstorage.py
[2024-07-01T10:08:58.057-0400] {processor.py:840} INFO - DAG(s) 'tutorial_objectstorage' retrieved from /Users/christophercunningham/airflow_workspace/data-flow/data_flow_env/lib/python3.12/site-packages/airflow/example_dags/tutorial_objectstorage.py
[2024-07-01T10:08:58.129-0400] {logging_mixin.py:188} INFO - [2024-07-01T10:08:58.129-0400] {dag.py:3096} INFO - Sync 1 DAGs
[2024-07-01T10:08:58.135-0400] {logging_mixin.py:188} INFO - [2024-07-01T10:08:58.135-0400] {dag.py:3954} INFO - Setting next_dagrun for tutorial_objectstorage to None, run_after=None
[2024-07-01T10:08:58.148-0400] {processor.py:183} INFO - Processing /Users/christophercunningham/airflow_workspace/data-flow/data_flow_env/lib/python3.12/site-packages/airflow/example_dags/tutorial_objectstorage.py took 0.169 seconds
[2024-07-01T10:10:41.821-0400] {processor.py:161} INFO - Started process (PID=18275) to work on /Users/christophercunningham/airflow_workspace/data-flow/data_flow_env/lib/python3.12/site-packages/airflow/example_dags/tutorial_objectstorage.py
[2024-07-01T10:10:41.822-0400] {processor.py:830} INFO - Processing file /Users/christophercunningham/airflow_workspace/data-flow/data_flow_env/lib/python3.12/site-packages/airflow/example_dags/tutorial_objectstorage.py for tasks to queue
[2024-07-01T10:10:41.822-0400] {logging_mixin.py:188} INFO - [2024-07-01T10:10:41.822-0400] {dagbag.py:545} INFO - Filling up the DagBag from /Users/christophercunningham/airflow_workspace/data-flow/data_flow_env/lib/python3.12/site-packages/airflow/example_dags/tutorial_objectstorage.py
[2024-07-01T10:10:41.892-0400] {processor.py:840} INFO - DAG(s) 'tutorial_objectstorage' retrieved from /Users/christophercunningham/airflow_workspace/data-flow/data_flow_env/lib/python3.12/site-packages/airflow/example_dags/tutorial_objectstorage.py
[2024-07-01T10:10:41.968-0400] {logging_mixin.py:188} INFO - [2024-07-01T10:10:41.968-0400] {dag.py:3096} INFO - Sync 1 DAGs
[2024-07-01T10:10:41.975-0400] {logging_mixin.py:188} INFO - [2024-07-01T10:10:41.974-0400] {dag.py:3954} INFO - Setting next_dagrun for tutorial_objectstorage to None, run_after=None
[2024-07-01T10:10:41.988-0400] {processor.py:183} INFO - Processing /Users/christophercunningham/airflow_workspace/data-flow/data_flow_env/lib/python3.12/site-packages/airflow/example_dags/tutorial_objectstorage.py took 0.172 seconds
[2024-07-01T10:12:21.214-0400] {processor.py:161} INFO - Started process (PID=18481) to work on /Users/christophercunningham/airflow_workspace/data-flow/data_flow_env/lib/python3.12/site-packages/airflow/example_dags/tutorial_objectstorage.py
[2024-07-01T10:12:21.216-0400] {processor.py:830} INFO - Processing file /Users/christophercunningham/airflow_workspace/data-flow/data_flow_env/lib/python3.12/site-packages/airflow/example_dags/tutorial_objectstorage.py for tasks to queue
[2024-07-01T10:12:21.216-0400] {logging_mixin.py:188} INFO - [2024-07-01T10:12:21.216-0400] {dagbag.py:545} INFO - Filling up the DagBag from /Users/christophercunningham/airflow_workspace/data-flow/data_flow_env/lib/python3.12/site-packages/airflow/example_dags/tutorial_objectstorage.py
[2024-07-01T10:12:21.285-0400] {processor.py:840} INFO - DAG(s) 'tutorial_objectstorage' retrieved from /Users/christophercunningham/airflow_workspace/data-flow/data_flow_env/lib/python3.12/site-packages/airflow/example_dags/tutorial_objectstorage.py
[2024-07-01T10:12:21.360-0400] {logging_mixin.py:188} INFO - [2024-07-01T10:12:21.360-0400] {dag.py:3096} INFO - Sync 1 DAGs
[2024-07-01T10:12:21.367-0400] {logging_mixin.py:188} INFO - [2024-07-01T10:12:21.367-0400] {dag.py:3954} INFO - Setting next_dagrun for tutorial_objectstorage to None, run_after=None
[2024-07-01T10:12:21.379-0400] {processor.py:183} INFO - Processing /Users/christophercunningham/airflow_workspace/data-flow/data_flow_env/lib/python3.12/site-packages/airflow/example_dags/tutorial_objectstorage.py took 0.170 seconds
[2024-07-01T10:14:06.319-0400] {processor.py:161} INFO - Started process (PID=18748) to work on /Users/christophercunningham/airflow_workspace/data-flow/data_flow_env/lib/python3.12/site-packages/airflow/example_dags/tutorial_objectstorage.py
[2024-07-01T10:14:06.320-0400] {processor.py:830} INFO - Processing file /Users/christophercunningham/airflow_workspace/data-flow/data_flow_env/lib/python3.12/site-packages/airflow/example_dags/tutorial_objectstorage.py for tasks to queue
[2024-07-01T10:14:06.321-0400] {logging_mixin.py:188} INFO - [2024-07-01T10:14:06.321-0400] {dagbag.py:545} INFO - Filling up the DagBag from /Users/christophercunningham/airflow_workspace/data-flow/data_flow_env/lib/python3.12/site-packages/airflow/example_dags/tutorial_objectstorage.py
[2024-07-01T10:14:06.397-0400] {processor.py:840} INFO - DAG(s) 'tutorial_objectstorage' retrieved from /Users/christophercunningham/airflow_workspace/data-flow/data_flow_env/lib/python3.12/site-packages/airflow/example_dags/tutorial_objectstorage.py
[2024-07-01T10:14:06.470-0400] {logging_mixin.py:188} INFO - [2024-07-01T10:14:06.469-0400] {dag.py:3096} INFO - Sync 1 DAGs
[2024-07-01T10:14:06.476-0400] {logging_mixin.py:188} INFO - [2024-07-01T10:14:06.476-0400] {dag.py:3954} INFO - Setting next_dagrun for tutorial_objectstorage to None, run_after=None
[2024-07-01T10:14:06.488-0400] {processor.py:183} INFO - Processing /Users/christophercunningham/airflow_workspace/data-flow/data_flow_env/lib/python3.12/site-packages/airflow/example_dags/tutorial_objectstorage.py took 0.173 seconds
[2024-07-01T10:15:54.890-0400] {processor.py:161} INFO - Started process (PID=18988) to work on /Users/christophercunningham/airflow_workspace/data-flow/data_flow_env/lib/python3.12/site-packages/airflow/example_dags/tutorial_objectstorage.py
[2024-07-01T10:15:54.892-0400] {processor.py:830} INFO - Processing file /Users/christophercunningham/airflow_workspace/data-flow/data_flow_env/lib/python3.12/site-packages/airflow/example_dags/tutorial_objectstorage.py for tasks to queue
[2024-07-01T10:15:54.893-0400] {logging_mixin.py:188} INFO - [2024-07-01T10:15:54.893-0400] {dagbag.py:545} INFO - Filling up the DagBag from /Users/christophercunningham/airflow_workspace/data-flow/data_flow_env/lib/python3.12/site-packages/airflow/example_dags/tutorial_objectstorage.py
[2024-07-01T10:15:54.989-0400] {processor.py:840} INFO - DAG(s) 'tutorial_objectstorage' retrieved from /Users/christophercunningham/airflow_workspace/data-flow/data_flow_env/lib/python3.12/site-packages/airflow/example_dags/tutorial_objectstorage.py
[2024-07-01T10:15:55.061-0400] {logging_mixin.py:188} INFO - [2024-07-01T10:15:55.061-0400] {dag.py:3096} INFO - Sync 1 DAGs
[2024-07-01T10:15:55.067-0400] {logging_mixin.py:188} INFO - [2024-07-01T10:15:55.067-0400] {dag.py:3954} INFO - Setting next_dagrun for tutorial_objectstorage to None, run_after=None
[2024-07-01T10:15:55.079-0400] {processor.py:183} INFO - Processing /Users/christophercunningham/airflow_workspace/data-flow/data_flow_env/lib/python3.12/site-packages/airflow/example_dags/tutorial_objectstorage.py took 0.193 seconds
[2024-07-01T10:17:42.980-0400] {processor.py:161} INFO - Started process (PID=19188) to work on /Users/christophercunningham/airflow_workspace/data-flow/data_flow_env/lib/python3.12/site-packages/airflow/example_dags/tutorial_objectstorage.py
[2024-07-01T10:17:42.981-0400] {processor.py:830} INFO - Processing file /Users/christophercunningham/airflow_workspace/data-flow/data_flow_env/lib/python3.12/site-packages/airflow/example_dags/tutorial_objectstorage.py for tasks to queue
[2024-07-01T10:17:42.981-0400] {logging_mixin.py:188} INFO - [2024-07-01T10:17:42.981-0400] {dagbag.py:545} INFO - Filling up the DagBag from /Users/christophercunningham/airflow_workspace/data-flow/data_flow_env/lib/python3.12/site-packages/airflow/example_dags/tutorial_objectstorage.py
[2024-07-01T10:17:43.055-0400] {processor.py:840} INFO - DAG(s) 'tutorial_objectstorage' retrieved from /Users/christophercunningham/airflow_workspace/data-flow/data_flow_env/lib/python3.12/site-packages/airflow/example_dags/tutorial_objectstorage.py
[2024-07-01T10:17:43.129-0400] {logging_mixin.py:188} INFO - [2024-07-01T10:17:43.128-0400] {dag.py:3096} INFO - Sync 1 DAGs
[2024-07-01T10:17:43.135-0400] {logging_mixin.py:188} INFO - [2024-07-01T10:17:43.135-0400] {dag.py:3954} INFO - Setting next_dagrun for tutorial_objectstorage to None, run_after=None
[2024-07-01T10:17:43.148-0400] {processor.py:183} INFO - Processing /Users/christophercunningham/airflow_workspace/data-flow/data_flow_env/lib/python3.12/site-packages/airflow/example_dags/tutorial_objectstorage.py took 0.173 seconds
[2024-07-01T10:19:07.329-0400] {processor.py:161} INFO - Started process (PID=19392) to work on /Users/christophercunningham/airflow_workspace/data-flow/data_flow_env/lib/python3.12/site-packages/airflow/example_dags/tutorial_objectstorage.py
[2024-07-01T10:19:07.330-0400] {processor.py:830} INFO - Processing file /Users/christophercunningham/airflow_workspace/data-flow/data_flow_env/lib/python3.12/site-packages/airflow/example_dags/tutorial_objectstorage.py for tasks to queue
[2024-07-01T10:19:07.330-0400] {logging_mixin.py:188} INFO - [2024-07-01T10:19:07.330-0400] {dagbag.py:545} INFO - Filling up the DagBag from /Users/christophercunningham/airflow_workspace/data-flow/data_flow_env/lib/python3.12/site-packages/airflow/example_dags/tutorial_objectstorage.py
[2024-07-01T10:19:07.410-0400] {processor.py:840} INFO - DAG(s) 'tutorial_objectstorage' retrieved from /Users/christophercunningham/airflow_workspace/data-flow/data_flow_env/lib/python3.12/site-packages/airflow/example_dags/tutorial_objectstorage.py
[2024-07-01T10:19:07.419-0400] {logging_mixin.py:188} INFO - [2024-07-01T10:19:07.419-0400] {dag.py:3096} INFO - Sync 1 DAGs
[2024-07-01T10:19:07.481-0400] {logging_mixin.py:188} INFO - [2024-07-01T10:19:07.481-0400] {dag.py:3954} INFO - Setting next_dagrun for tutorial_objectstorage to None, run_after=None
[2024-07-01T10:19:07.493-0400] {processor.py:183} INFO - Processing /Users/christophercunningham/airflow_workspace/data-flow/data_flow_env/lib/python3.12/site-packages/airflow/example_dags/tutorial_objectstorage.py took 0.168 seconds
[2024-07-01T10:39:00.772-0400] {processor.py:161} INFO - Started process (PID=21112) to work on /Users/christophercunningham/airflow_workspace/data-flow/data_flow_env/lib/python3.12/site-packages/airflow/example_dags/tutorial_objectstorage.py
[2024-07-01T10:39:00.773-0400] {processor.py:830} INFO - Processing file /Users/christophercunningham/airflow_workspace/data-flow/data_flow_env/lib/python3.12/site-packages/airflow/example_dags/tutorial_objectstorage.py for tasks to queue
[2024-07-01T10:39:00.774-0400] {logging_mixin.py:188} INFO - [2024-07-01T10:39:00.774-0400] {dagbag.py:545} INFO - Filling up the DagBag from /Users/christophercunningham/airflow_workspace/data-flow/data_flow_env/lib/python3.12/site-packages/airflow/example_dags/tutorial_objectstorage.py
[2024-07-01T10:39:00.853-0400] {processor.py:840} INFO - DAG(s) 'tutorial_objectstorage' retrieved from /Users/christophercunningham/airflow_workspace/data-flow/data_flow_env/lib/python3.12/site-packages/airflow/example_dags/tutorial_objectstorage.py
[2024-07-01T10:39:00.864-0400] {logging_mixin.py:188} INFO - [2024-07-01T10:39:00.864-0400] {dag.py:3096} INFO - Sync 1 DAGs
[2024-07-01T10:39:00.933-0400] {logging_mixin.py:188} INFO - [2024-07-01T10:39:00.933-0400] {dag.py:3954} INFO - Setting next_dagrun for tutorial_objectstorage to None, run_after=None
[2024-07-01T10:39:00.947-0400] {processor.py:183} INFO - Processing /Users/christophercunningham/airflow_workspace/data-flow/data_flow_env/lib/python3.12/site-packages/airflow/example_dags/tutorial_objectstorage.py took 0.177 seconds
