[2024-07-01T09:33:25.540-0400] {processor.py:161} INFO - Started process (PID=14064) to work on /Users/christophercunningham/airflow_workspace/data-flow/airflow/dags/af-dag__run_stock_data_pipeline.py
[2024-07-01T09:33:25.542-0400] {processor.py:830} INFO - Processing file /Users/christophercunningham/airflow_workspace/data-flow/airflow/dags/af-dag__run_stock_data_pipeline.py for tasks to queue
[2024-07-01T09:33:25.543-0400] {logging_mixin.py:188} INFO - [2024-07-01T09:33:25.543-0400] {dagbag.py:545} INFO - Filling up the DagBag from /Users/christophercunningham/airflow_workspace/data-flow/airflow/dags/af-dag__run_stock_data_pipeline.py
[2024-07-01T09:33:25.562-0400] {logging_mixin.py:188} INFO - [2024-07-01T09:33:25.561-0400] {dagbag.py:355} ERROR - Failed to import: /Users/christophercunningham/airflow_workspace/data-flow/airflow/dags/af-dag__run_stock_data_pipeline.py
Traceback (most recent call last):
  File "/Users/christophercunningham/airflow_workspace/data-flow/data_flow_env/lib/python3.12/site-packages/airflow/models/dagbag.py", line 351, in parse
    loader.exec_module(new_module)
  File "<frozen importlib._bootstrap_external>", line 995, in exec_module
  File "<frozen importlib._bootstrap>", line 488, in _call_with_frames_removed
  File "/Users/christophercunningham/airflow_workspace/data-flow/airflow/dags/af-dag__run_stock_data_pipeline.py", line 8, in <module>
    from stocks.data_extractor import run_data_extractor
ModuleNotFoundError: No module named 'stocks'
[2024-07-01T09:33:25.562-0400] {processor.py:842} WARNING - No viable dags retrieved from /Users/christophercunningham/airflow_workspace/data-flow/airflow/dags/af-dag__run_stock_data_pipeline.py
[2024-07-01T09:33:25.624-0400] {processor.py:183} INFO - Processing /Users/christophercunningham/airflow_workspace/data-flow/airflow/dags/af-dag__run_stock_data_pipeline.py took 0.088 seconds
[2024-07-01T09:35:09.080-0400] {processor.py:161} INFO - Started process (PID=14225) to work on /Users/christophercunningham/airflow_workspace/data-flow/airflow/dags/af-dag__run_stock_data_pipeline.py
[2024-07-01T09:35:09.081-0400] {processor.py:830} INFO - Processing file /Users/christophercunningham/airflow_workspace/data-flow/airflow/dags/af-dag__run_stock_data_pipeline.py for tasks to queue
[2024-07-01T09:35:09.082-0400] {logging_mixin.py:188} INFO - [2024-07-01T09:35:09.081-0400] {dagbag.py:545} INFO - Filling up the DagBag from /Users/christophercunningham/airflow_workspace/data-flow/airflow/dags/af-dag__run_stock_data_pipeline.py
[2024-07-01T09:35:09.100-0400] {logging_mixin.py:188} INFO - [2024-07-01T09:35:09.099-0400] {dagbag.py:355} ERROR - Failed to import: /Users/christophercunningham/airflow_workspace/data-flow/airflow/dags/af-dag__run_stock_data_pipeline.py
Traceback (most recent call last):
  File "/Users/christophercunningham/airflow_workspace/data-flow/data_flow_env/lib/python3.12/site-packages/airflow/models/dagbag.py", line 351, in parse
    loader.exec_module(new_module)
  File "<frozen importlib._bootstrap_external>", line 995, in exec_module
  File "<frozen importlib._bootstrap>", line 488, in _call_with_frames_removed
  File "/Users/christophercunningham/airflow_workspace/data-flow/airflow/dags/af-dag__run_stock_data_pipeline.py", line 8, in <module>
    from stocks.data_extractor import run_data_extractor
ModuleNotFoundError: No module named 'stocks'
[2024-07-01T09:35:09.100-0400] {processor.py:842} WARNING - No viable dags retrieved from /Users/christophercunningham/airflow_workspace/data-flow/airflow/dags/af-dag__run_stock_data_pipeline.py
[2024-07-01T09:35:09.162-0400] {processor.py:183} INFO - Processing /Users/christophercunningham/airflow_workspace/data-flow/airflow/dags/af-dag__run_stock_data_pipeline.py took 0.086 seconds
[2024-07-01T09:36:51.524-0400] {processor.py:161} INFO - Started process (PID=14374) to work on /Users/christophercunningham/airflow_workspace/data-flow/airflow/dags/af-dag__run_stock_data_pipeline.py
[2024-07-01T09:36:51.525-0400] {processor.py:830} INFO - Processing file /Users/christophercunningham/airflow_workspace/data-flow/airflow/dags/af-dag__run_stock_data_pipeline.py for tasks to queue
[2024-07-01T09:36:51.526-0400] {logging_mixin.py:188} INFO - [2024-07-01T09:36:51.526-0400] {dagbag.py:545} INFO - Filling up the DagBag from /Users/christophercunningham/airflow_workspace/data-flow/airflow/dags/af-dag__run_stock_data_pipeline.py
[2024-07-01T09:36:51.542-0400] {logging_mixin.py:188} INFO - [2024-07-01T09:36:51.541-0400] {dagbag.py:355} ERROR - Failed to import: /Users/christophercunningham/airflow_workspace/data-flow/airflow/dags/af-dag__run_stock_data_pipeline.py
Traceback (most recent call last):
  File "/Users/christophercunningham/airflow_workspace/data-flow/data_flow_env/lib/python3.12/site-packages/airflow/models/dagbag.py", line 351, in parse
    loader.exec_module(new_module)
  File "<frozen importlib._bootstrap_external>", line 995, in exec_module
  File "<frozen importlib._bootstrap>", line 488, in _call_with_frames_removed
  File "/Users/christophercunningham/airflow_workspace/data-flow/airflow/dags/af-dag__run_stock_data_pipeline.py", line 8, in <module>
    from stocks.data_extractor import run_data_extractor
ModuleNotFoundError: No module named 'stocks'
[2024-07-01T09:36:51.543-0400] {processor.py:842} WARNING - No viable dags retrieved from /Users/christophercunningham/airflow_workspace/data-flow/airflow/dags/af-dag__run_stock_data_pipeline.py
[2024-07-01T09:36:51.605-0400] {processor.py:183} INFO - Processing /Users/christophercunningham/airflow_workspace/data-flow/airflow/dags/af-dag__run_stock_data_pipeline.py took 0.086 seconds
[2024-07-01T09:38:38.691-0400] {processor.py:161} INFO - Started process (PID=14545) to work on /Users/christophercunningham/airflow_workspace/data-flow/airflow/dags/af-dag__run_stock_data_pipeline.py
[2024-07-01T09:38:38.693-0400] {processor.py:830} INFO - Processing file /Users/christophercunningham/airflow_workspace/data-flow/airflow/dags/af-dag__run_stock_data_pipeline.py for tasks to queue
[2024-07-01T09:38:38.693-0400] {logging_mixin.py:188} INFO - [2024-07-01T09:38:38.693-0400] {dagbag.py:545} INFO - Filling up the DagBag from /Users/christophercunningham/airflow_workspace/data-flow/airflow/dags/af-dag__run_stock_data_pipeline.py
[2024-07-01T09:38:38.710-0400] {logging_mixin.py:188} INFO - [2024-07-01T09:38:38.710-0400] {dagbag.py:355} ERROR - Failed to import: /Users/christophercunningham/airflow_workspace/data-flow/airflow/dags/af-dag__run_stock_data_pipeline.py
Traceback (most recent call last):
  File "/Users/christophercunningham/airflow_workspace/data-flow/data_flow_env/lib/python3.12/site-packages/airflow/models/dagbag.py", line 351, in parse
    loader.exec_module(new_module)
  File "<frozen importlib._bootstrap_external>", line 995, in exec_module
  File "<frozen importlib._bootstrap>", line 488, in _call_with_frames_removed
  File "/Users/christophercunningham/airflow_workspace/data-flow/airflow/dags/af-dag__run_stock_data_pipeline.py", line 8, in <module>
    from stocks.data_extractor import run_data_extractor
ModuleNotFoundError: No module named 'stocks'
[2024-07-01T09:38:38.711-0400] {processor.py:842} WARNING - No viable dags retrieved from /Users/christophercunningham/airflow_workspace/data-flow/airflow/dags/af-dag__run_stock_data_pipeline.py
[2024-07-01T09:38:38.773-0400] {processor.py:183} INFO - Processing /Users/christophercunningham/airflow_workspace/data-flow/airflow/dags/af-dag__run_stock_data_pipeline.py took 0.087 seconds
[2024-07-01T09:40:23.779-0400] {processor.py:161} INFO - Started process (PID=14763) to work on /Users/christophercunningham/airflow_workspace/data-flow/airflow/dags/af-dag__run_stock_data_pipeline.py
[2024-07-01T09:40:23.780-0400] {processor.py:830} INFO - Processing file /Users/christophercunningham/airflow_workspace/data-flow/airflow/dags/af-dag__run_stock_data_pipeline.py for tasks to queue
[2024-07-01T09:40:23.781-0400] {logging_mixin.py:188} INFO - [2024-07-01T09:40:23.781-0400] {dagbag.py:545} INFO - Filling up the DagBag from /Users/christophercunningham/airflow_workspace/data-flow/airflow/dags/af-dag__run_stock_data_pipeline.py
[2024-07-01T09:40:23.800-0400] {logging_mixin.py:188} INFO - [2024-07-01T09:40:23.799-0400] {dagbag.py:355} ERROR - Failed to import: /Users/christophercunningham/airflow_workspace/data-flow/airflow/dags/af-dag__run_stock_data_pipeline.py
Traceback (most recent call last):
  File "/Users/christophercunningham/airflow_workspace/data-flow/data_flow_env/lib/python3.12/site-packages/airflow/models/dagbag.py", line 351, in parse
    loader.exec_module(new_module)
  File "<frozen importlib._bootstrap_external>", line 995, in exec_module
  File "<frozen importlib._bootstrap>", line 488, in _call_with_frames_removed
  File "/Users/christophercunningham/airflow_workspace/data-flow/airflow/dags/af-dag__run_stock_data_pipeline.py", line 8, in <module>
    from stocks.data_extractor import run_data_extractor
ModuleNotFoundError: No module named 'stocks'
[2024-07-01T09:40:23.801-0400] {processor.py:842} WARNING - No viable dags retrieved from /Users/christophercunningham/airflow_workspace/data-flow/airflow/dags/af-dag__run_stock_data_pipeline.py
[2024-07-01T09:40:23.868-0400] {processor.py:183} INFO - Processing /Users/christophercunningham/airflow_workspace/data-flow/airflow/dags/af-dag__run_stock_data_pipeline.py took 0.094 seconds
[2024-07-01T09:42:09.557-0400] {processor.py:161} INFO - Started process (PID=14931) to work on /Users/christophercunningham/airflow_workspace/data-flow/airflow/dags/af-dag__run_stock_data_pipeline.py
[2024-07-01T09:42:09.559-0400] {processor.py:830} INFO - Processing file /Users/christophercunningham/airflow_workspace/data-flow/airflow/dags/af-dag__run_stock_data_pipeline.py for tasks to queue
[2024-07-01T09:42:09.559-0400] {logging_mixin.py:188} INFO - [2024-07-01T09:42:09.559-0400] {dagbag.py:545} INFO - Filling up the DagBag from /Users/christophercunningham/airflow_workspace/data-flow/airflow/dags/af-dag__run_stock_data_pipeline.py
[2024-07-01T09:42:09.577-0400] {logging_mixin.py:188} INFO - [2024-07-01T09:42:09.576-0400] {dagbag.py:355} ERROR - Failed to import: /Users/christophercunningham/airflow_workspace/data-flow/airflow/dags/af-dag__run_stock_data_pipeline.py
Traceback (most recent call last):
  File "/Users/christophercunningham/airflow_workspace/data-flow/data_flow_env/lib/python3.12/site-packages/airflow/models/dagbag.py", line 351, in parse
    loader.exec_module(new_module)
  File "<frozen importlib._bootstrap_external>", line 995, in exec_module
  File "<frozen importlib._bootstrap>", line 488, in _call_with_frames_removed
  File "/Users/christophercunningham/airflow_workspace/data-flow/airflow/dags/af-dag__run_stock_data_pipeline.py", line 8, in <module>
    from stocks.data_extractor import run_data_extractor
ModuleNotFoundError: No module named 'stocks'
[2024-07-01T09:42:09.577-0400] {processor.py:842} WARNING - No viable dags retrieved from /Users/christophercunningham/airflow_workspace/data-flow/airflow/dags/af-dag__run_stock_data_pipeline.py
[2024-07-01T09:42:09.644-0400] {processor.py:183} INFO - Processing /Users/christophercunningham/airflow_workspace/data-flow/airflow/dags/af-dag__run_stock_data_pipeline.py took 0.092 seconds
[2024-07-01T09:44:01.126-0400] {processor.py:161} INFO - Started process (PID=15113) to work on /Users/christophercunningham/airflow_workspace/data-flow/airflow/dags/af-dag__run_stock_data_pipeline.py
[2024-07-01T09:44:01.127-0400] {processor.py:830} INFO - Processing file /Users/christophercunningham/airflow_workspace/data-flow/airflow/dags/af-dag__run_stock_data_pipeline.py for tasks to queue
[2024-07-01T09:44:01.128-0400] {logging_mixin.py:188} INFO - [2024-07-01T09:44:01.128-0400] {dagbag.py:545} INFO - Filling up the DagBag from /Users/christophercunningham/airflow_workspace/data-flow/airflow/dags/af-dag__run_stock_data_pipeline.py
[2024-07-01T09:44:01.149-0400] {logging_mixin.py:188} INFO - [2024-07-01T09:44:01.147-0400] {dagbag.py:355} ERROR - Failed to import: /Users/christophercunningham/airflow_workspace/data-flow/airflow/dags/af-dag__run_stock_data_pipeline.py
Traceback (most recent call last):
  File "/Users/christophercunningham/airflow_workspace/data-flow/data_flow_env/lib/python3.12/site-packages/airflow/models/dagbag.py", line 351, in parse
    loader.exec_module(new_module)
  File "<frozen importlib._bootstrap_external>", line 995, in exec_module
  File "<frozen importlib._bootstrap>", line 488, in _call_with_frames_removed
  File "/Users/christophercunningham/airflow_workspace/data-flow/airflow/dags/af-dag__run_stock_data_pipeline.py", line 8, in <module>
    from stocks.data_extractor import run_data_extractor
ModuleNotFoundError: No module named 'stocks'
[2024-07-01T09:44:01.149-0400] {processor.py:842} WARNING - No viable dags retrieved from /Users/christophercunningham/airflow_workspace/data-flow/airflow/dags/af-dag__run_stock_data_pipeline.py
[2024-07-01T09:44:01.220-0400] {processor.py:183} INFO - Processing /Users/christophercunningham/airflow_workspace/data-flow/airflow/dags/af-dag__run_stock_data_pipeline.py took 0.098 seconds
[2024-07-01T09:45:48.512-0400] {processor.py:161} INFO - Started process (PID=15268) to work on /Users/christophercunningham/airflow_workspace/data-flow/airflow/dags/af-dag__run_stock_data_pipeline.py
[2024-07-01T09:45:48.514-0400] {processor.py:830} INFO - Processing file /Users/christophercunningham/airflow_workspace/data-flow/airflow/dags/af-dag__run_stock_data_pipeline.py for tasks to queue
[2024-07-01T09:45:48.514-0400] {logging_mixin.py:188} INFO - [2024-07-01T09:45:48.514-0400] {dagbag.py:545} INFO - Filling up the DagBag from /Users/christophercunningham/airflow_workspace/data-flow/airflow/dags/af-dag__run_stock_data_pipeline.py
[2024-07-01T09:45:48.533-0400] {logging_mixin.py:188} INFO - [2024-07-01T09:45:48.532-0400] {dagbag.py:355} ERROR - Failed to import: /Users/christophercunningham/airflow_workspace/data-flow/airflow/dags/af-dag__run_stock_data_pipeline.py
Traceback (most recent call last):
  File "/Users/christophercunningham/airflow_workspace/data-flow/data_flow_env/lib/python3.12/site-packages/airflow/models/dagbag.py", line 351, in parse
    loader.exec_module(new_module)
  File "<frozen importlib._bootstrap_external>", line 995, in exec_module
  File "<frozen importlib._bootstrap>", line 488, in _call_with_frames_removed
  File "/Users/christophercunningham/airflow_workspace/data-flow/airflow/dags/af-dag__run_stock_data_pipeline.py", line 8, in <module>
    from stocks.data_extractor import run_data_extractor
ModuleNotFoundError: No module named 'stocks'
[2024-07-01T09:45:48.533-0400] {processor.py:842} WARNING - No viable dags retrieved from /Users/christophercunningham/airflow_workspace/data-flow/airflow/dags/af-dag__run_stock_data_pipeline.py
[2024-07-01T09:45:48.600-0400] {processor.py:183} INFO - Processing /Users/christophercunningham/airflow_workspace/data-flow/airflow/dags/af-dag__run_stock_data_pipeline.py took 0.092 seconds
[2024-07-01T09:47:34.517-0400] {processor.py:161} INFO - Started process (PID=15430) to work on /Users/christophercunningham/airflow_workspace/data-flow/airflow/dags/af-dag__run_stock_data_pipeline.py
[2024-07-01T09:47:34.518-0400] {processor.py:830} INFO - Processing file /Users/christophercunningham/airflow_workspace/data-flow/airflow/dags/af-dag__run_stock_data_pipeline.py for tasks to queue
[2024-07-01T09:47:34.519-0400] {logging_mixin.py:188} INFO - [2024-07-01T09:47:34.519-0400] {dagbag.py:545} INFO - Filling up the DagBag from /Users/christophercunningham/airflow_workspace/data-flow/airflow/dags/af-dag__run_stock_data_pipeline.py
[2024-07-01T09:47:34.535-0400] {logging_mixin.py:188} INFO - [2024-07-01T09:47:34.535-0400] {dagbag.py:355} ERROR - Failed to import: /Users/christophercunningham/airflow_workspace/data-flow/airflow/dags/af-dag__run_stock_data_pipeline.py
Traceback (most recent call last):
  File "/Users/christophercunningham/airflow_workspace/data-flow/data_flow_env/lib/python3.12/site-packages/airflow/models/dagbag.py", line 351, in parse
    loader.exec_module(new_module)
  File "<frozen importlib._bootstrap_external>", line 995, in exec_module
  File "<frozen importlib._bootstrap>", line 488, in _call_with_frames_removed
  File "/Users/christophercunningham/airflow_workspace/data-flow/airflow/dags/af-dag__run_stock_data_pipeline.py", line 8, in <module>
    from stocks.data_extractor import run_data_extractor
ModuleNotFoundError: No module named 'stocks'
[2024-07-01T09:47:34.536-0400] {processor.py:842} WARNING - No viable dags retrieved from /Users/christophercunningham/airflow_workspace/data-flow/airflow/dags/af-dag__run_stock_data_pipeline.py
[2024-07-01T09:47:34.598-0400] {processor.py:183} INFO - Processing /Users/christophercunningham/airflow_workspace/data-flow/airflow/dags/af-dag__run_stock_data_pipeline.py took 0.086 seconds
[2024-07-01T09:49:22.746-0400] {processor.py:161} INFO - Started process (PID=15590) to work on /Users/christophercunningham/airflow_workspace/data-flow/airflow/dags/af-dag__run_stock_data_pipeline.py
[2024-07-01T09:49:22.748-0400] {processor.py:830} INFO - Processing file /Users/christophercunningham/airflow_workspace/data-flow/airflow/dags/af-dag__run_stock_data_pipeline.py for tasks to queue
[2024-07-01T09:49:22.748-0400] {logging_mixin.py:188} INFO - [2024-07-01T09:49:22.748-0400] {dagbag.py:545} INFO - Filling up the DagBag from /Users/christophercunningham/airflow_workspace/data-flow/airflow/dags/af-dag__run_stock_data_pipeline.py
[2024-07-01T09:49:22.768-0400] {logging_mixin.py:188} INFO - [2024-07-01T09:49:22.767-0400] {dagbag.py:355} ERROR - Failed to import: /Users/christophercunningham/airflow_workspace/data-flow/airflow/dags/af-dag__run_stock_data_pipeline.py
Traceback (most recent call last):
  File "/Users/christophercunningham/airflow_workspace/data-flow/data_flow_env/lib/python3.12/site-packages/airflow/models/dagbag.py", line 351, in parse
    loader.exec_module(new_module)
  File "<frozen importlib._bootstrap_external>", line 995, in exec_module
  File "<frozen importlib._bootstrap>", line 488, in _call_with_frames_removed
  File "/Users/christophercunningham/airflow_workspace/data-flow/airflow/dags/af-dag__run_stock_data_pipeline.py", line 8, in <module>
    from stocks.data_extractor import run_data_extractor
ModuleNotFoundError: No module named 'stocks'
[2024-07-01T09:49:22.768-0400] {processor.py:842} WARNING - No viable dags retrieved from /Users/christophercunningham/airflow_workspace/data-flow/airflow/dags/af-dag__run_stock_data_pipeline.py
[2024-07-01T09:49:22.833-0400] {processor.py:183} INFO - Processing /Users/christophercunningham/airflow_workspace/data-flow/airflow/dags/af-dag__run_stock_data_pipeline.py took 0.092 seconds
[2024-07-01T09:51:13.555-0400] {processor.py:161} INFO - Started process (PID=15806) to work on /Users/christophercunningham/airflow_workspace/data-flow/airflow/dags/af-dag__run_stock_data_pipeline.py
[2024-07-01T09:51:13.557-0400] {processor.py:830} INFO - Processing file /Users/christophercunningham/airflow_workspace/data-flow/airflow/dags/af-dag__run_stock_data_pipeline.py for tasks to queue
[2024-07-01T09:51:13.557-0400] {logging_mixin.py:188} INFO - [2024-07-01T09:51:13.557-0400] {dagbag.py:545} INFO - Filling up the DagBag from /Users/christophercunningham/airflow_workspace/data-flow/airflow/dags/af-dag__run_stock_data_pipeline.py
[2024-07-01T09:51:13.577-0400] {logging_mixin.py:188} INFO - [2024-07-01T09:51:13.575-0400] {dagbag.py:355} ERROR - Failed to import: /Users/christophercunningham/airflow_workspace/data-flow/airflow/dags/af-dag__run_stock_data_pipeline.py
Traceback (most recent call last):
  File "/Users/christophercunningham/airflow_workspace/data-flow/data_flow_env/lib/python3.12/site-packages/airflow/models/dagbag.py", line 351, in parse
    loader.exec_module(new_module)
  File "<frozen importlib._bootstrap_external>", line 995, in exec_module
  File "<frozen importlib._bootstrap>", line 488, in _call_with_frames_removed
  File "/Users/christophercunningham/airflow_workspace/data-flow/airflow/dags/af-dag__run_stock_data_pipeline.py", line 8, in <module>
    from stocks.data_extractor import run_data_extractor
ModuleNotFoundError: No module named 'stocks'
[2024-07-01T09:51:13.578-0400] {processor.py:842} WARNING - No viable dags retrieved from /Users/christophercunningham/airflow_workspace/data-flow/airflow/dags/af-dag__run_stock_data_pipeline.py
[2024-07-01T09:51:13.643-0400] {processor.py:183} INFO - Processing /Users/christophercunningham/airflow_workspace/data-flow/airflow/dags/af-dag__run_stock_data_pipeline.py took 0.092 seconds
[2024-07-01T09:52:55.600-0400] {processor.py:161} INFO - Started process (PID=15963) to work on /Users/christophercunningham/airflow_workspace/data-flow/airflow/dags/af-dag__run_stock_data_pipeline.py
[2024-07-01T09:52:55.602-0400] {processor.py:830} INFO - Processing file /Users/christophercunningham/airflow_workspace/data-flow/airflow/dags/af-dag__run_stock_data_pipeline.py for tasks to queue
[2024-07-01T09:52:55.602-0400] {logging_mixin.py:188} INFO - [2024-07-01T09:52:55.602-0400] {dagbag.py:545} INFO - Filling up the DagBag from /Users/christophercunningham/airflow_workspace/data-flow/airflow/dags/af-dag__run_stock_data_pipeline.py
[2024-07-01T09:52:55.619-0400] {logging_mixin.py:188} INFO - [2024-07-01T09:52:55.618-0400] {dagbag.py:355} ERROR - Failed to import: /Users/christophercunningham/airflow_workspace/data-flow/airflow/dags/af-dag__run_stock_data_pipeline.py
Traceback (most recent call last):
  File "/Users/christophercunningham/airflow_workspace/data-flow/data_flow_env/lib/python3.12/site-packages/airflow/models/dagbag.py", line 351, in parse
    loader.exec_module(new_module)
  File "<frozen importlib._bootstrap_external>", line 995, in exec_module
  File "<frozen importlib._bootstrap>", line 488, in _call_with_frames_removed
  File "/Users/christophercunningham/airflow_workspace/data-flow/airflow/dags/af-dag__run_stock_data_pipeline.py", line 8, in <module>
    from stocks.data_extractor import run_data_extractor
ModuleNotFoundError: No module named 'stocks'
[2024-07-01T09:52:55.619-0400] {processor.py:842} WARNING - No viable dags retrieved from /Users/christophercunningham/airflow_workspace/data-flow/airflow/dags/af-dag__run_stock_data_pipeline.py
[2024-07-01T09:52:55.681-0400] {processor.py:183} INFO - Processing /Users/christophercunningham/airflow_workspace/data-flow/airflow/dags/af-dag__run_stock_data_pipeline.py took 0.086 seconds
[2024-07-01T09:54:34.309-0400] {processor.py:161} INFO - Started process (PID=16160) to work on /Users/christophercunningham/airflow_workspace/data-flow/airflow/dags/af-dag__run_stock_data_pipeline.py
[2024-07-01T09:54:34.311-0400] {processor.py:830} INFO - Processing file /Users/christophercunningham/airflow_workspace/data-flow/airflow/dags/af-dag__run_stock_data_pipeline.py for tasks to queue
[2024-07-01T09:54:34.312-0400] {logging_mixin.py:188} INFO - [2024-07-01T09:54:34.311-0400] {dagbag.py:545} INFO - Filling up the DagBag from /Users/christophercunningham/airflow_workspace/data-flow/airflow/dags/af-dag__run_stock_data_pipeline.py
[2024-07-01T09:54:34.328-0400] {logging_mixin.py:188} INFO - [2024-07-01T09:54:34.327-0400] {dagbag.py:355} ERROR - Failed to import: /Users/christophercunningham/airflow_workspace/data-flow/airflow/dags/af-dag__run_stock_data_pipeline.py
Traceback (most recent call last):
  File "/Users/christophercunningham/airflow_workspace/data-flow/data_flow_env/lib/python3.12/site-packages/airflow/models/dagbag.py", line 351, in parse
    loader.exec_module(new_module)
  File "<frozen importlib._bootstrap_external>", line 995, in exec_module
  File "<frozen importlib._bootstrap>", line 488, in _call_with_frames_removed
  File "/Users/christophercunningham/airflow_workspace/data-flow/airflow/dags/af-dag__run_stock_data_pipeline.py", line 8, in <module>
    from stocks.data_extractor import run_data_extractor
ModuleNotFoundError: No module named 'stocks'
[2024-07-01T09:54:34.329-0400] {processor.py:842} WARNING - No viable dags retrieved from /Users/christophercunningham/airflow_workspace/data-flow/airflow/dags/af-dag__run_stock_data_pipeline.py
[2024-07-01T09:54:34.395-0400] {processor.py:183} INFO - Processing /Users/christophercunningham/airflow_workspace/data-flow/airflow/dags/af-dag__run_stock_data_pipeline.py took 0.091 seconds
[2024-07-01T09:56:18.802-0400] {processor.py:161} INFO - Started process (PID=16390) to work on /Users/christophercunningham/airflow_workspace/data-flow/airflow/dags/af-dag__run_stock_data_pipeline.py
[2024-07-01T09:56:18.803-0400] {processor.py:830} INFO - Processing file /Users/christophercunningham/airflow_workspace/data-flow/airflow/dags/af-dag__run_stock_data_pipeline.py for tasks to queue
[2024-07-01T09:56:18.805-0400] {logging_mixin.py:188} INFO - [2024-07-01T09:56:18.804-0400] {dagbag.py:545} INFO - Filling up the DagBag from /Users/christophercunningham/airflow_workspace/data-flow/airflow/dags/af-dag__run_stock_data_pipeline.py
[2024-07-01T09:56:18.821-0400] {logging_mixin.py:188} INFO - [2024-07-01T09:56:18.820-0400] {dagbag.py:355} ERROR - Failed to import: /Users/christophercunningham/airflow_workspace/data-flow/airflow/dags/af-dag__run_stock_data_pipeline.py
Traceback (most recent call last):
  File "/Users/christophercunningham/airflow_workspace/data-flow/data_flow_env/lib/python3.12/site-packages/airflow/models/dagbag.py", line 351, in parse
    loader.exec_module(new_module)
  File "<frozen importlib._bootstrap_external>", line 995, in exec_module
  File "<frozen importlib._bootstrap>", line 488, in _call_with_frames_removed
  File "/Users/christophercunningham/airflow_workspace/data-flow/airflow/dags/af-dag__run_stock_data_pipeline.py", line 8, in <module>
    from stocks.data_extractor import run_data_extractor
ModuleNotFoundError: No module named 'stocks'
[2024-07-01T09:56:18.821-0400] {processor.py:842} WARNING - No viable dags retrieved from /Users/christophercunningham/airflow_workspace/data-flow/airflow/dags/af-dag__run_stock_data_pipeline.py
[2024-07-01T09:56:18.883-0400] {processor.py:183} INFO - Processing /Users/christophercunningham/airflow_workspace/data-flow/airflow/dags/af-dag__run_stock_data_pipeline.py took 0.086 seconds
[2024-07-01T09:57:57.268-0400] {processor.py:161} INFO - Started process (PID=16602) to work on /Users/christophercunningham/airflow_workspace/data-flow/airflow/dags/af-dag__run_stock_data_pipeline.py
[2024-07-01T09:57:57.269-0400] {processor.py:830} INFO - Processing file /Users/christophercunningham/airflow_workspace/data-flow/airflow/dags/af-dag__run_stock_data_pipeline.py for tasks to queue
[2024-07-01T09:57:57.270-0400] {logging_mixin.py:188} INFO - [2024-07-01T09:57:57.269-0400] {dagbag.py:545} INFO - Filling up the DagBag from /Users/christophercunningham/airflow_workspace/data-flow/airflow/dags/af-dag__run_stock_data_pipeline.py
[2024-07-01T09:57:57.288-0400] {logging_mixin.py:188} INFO - [2024-07-01T09:57:57.288-0400] {dagbag.py:355} ERROR - Failed to import: /Users/christophercunningham/airflow_workspace/data-flow/airflow/dags/af-dag__run_stock_data_pipeline.py
Traceback (most recent call last):
  File "/Users/christophercunningham/airflow_workspace/data-flow/data_flow_env/lib/python3.12/site-packages/airflow/models/dagbag.py", line 351, in parse
    loader.exec_module(new_module)
  File "<frozen importlib._bootstrap_external>", line 995, in exec_module
  File "<frozen importlib._bootstrap>", line 488, in _call_with_frames_removed
  File "/Users/christophercunningham/airflow_workspace/data-flow/airflow/dags/af-dag__run_stock_data_pipeline.py", line 8, in <module>
    from stocks.data_extractor import run_data_extractor
ModuleNotFoundError: No module named 'stocks'
[2024-07-01T09:57:57.289-0400] {processor.py:842} WARNING - No viable dags retrieved from /Users/christophercunningham/airflow_workspace/data-flow/airflow/dags/af-dag__run_stock_data_pipeline.py
[2024-07-01T09:57:57.353-0400] {processor.py:183} INFO - Processing /Users/christophercunningham/airflow_workspace/data-flow/airflow/dags/af-dag__run_stock_data_pipeline.py took 0.090 seconds
[2024-07-01T09:59:38.893-0400] {processor.py:161} INFO - Started process (PID=16824) to work on /Users/christophercunningham/airflow_workspace/data-flow/airflow/dags/af-dag__run_stock_data_pipeline.py
[2024-07-01T09:59:38.894-0400] {processor.py:830} INFO - Processing file /Users/christophercunningham/airflow_workspace/data-flow/airflow/dags/af-dag__run_stock_data_pipeline.py for tasks to queue
[2024-07-01T09:59:38.895-0400] {logging_mixin.py:188} INFO - [2024-07-01T09:59:38.895-0400] {dagbag.py:545} INFO - Filling up the DagBag from /Users/christophercunningham/airflow_workspace/data-flow/airflow/dags/af-dag__run_stock_data_pipeline.py
[2024-07-01T09:59:38.913-0400] {logging_mixin.py:188} INFO - [2024-07-01T09:59:38.912-0400] {dagbag.py:355} ERROR - Failed to import: /Users/christophercunningham/airflow_workspace/data-flow/airflow/dags/af-dag__run_stock_data_pipeline.py
Traceback (most recent call last):
  File "/Users/christophercunningham/airflow_workspace/data-flow/data_flow_env/lib/python3.12/site-packages/airflow/models/dagbag.py", line 351, in parse
    loader.exec_module(new_module)
  File "<frozen importlib._bootstrap_external>", line 995, in exec_module
  File "<frozen importlib._bootstrap>", line 488, in _call_with_frames_removed
  File "/Users/christophercunningham/airflow_workspace/data-flow/airflow/dags/af-dag__run_stock_data_pipeline.py", line 8, in <module>
    from stocks.data_extractor import run_data_extractor
ModuleNotFoundError: No module named 'stocks'
[2024-07-01T09:59:38.913-0400] {processor.py:842} WARNING - No viable dags retrieved from /Users/christophercunningham/airflow_workspace/data-flow/airflow/dags/af-dag__run_stock_data_pipeline.py
[2024-07-01T09:59:38.985-0400] {processor.py:183} INFO - Processing /Users/christophercunningham/airflow_workspace/data-flow/airflow/dags/af-dag__run_stock_data_pipeline.py took 0.095 seconds
[2024-07-01T10:01:22.489-0400] {processor.py:161} INFO - Started process (PID=17078) to work on /Users/christophercunningham/airflow_workspace/data-flow/airflow/dags/af-dag__run_stock_data_pipeline.py
[2024-07-01T10:01:22.490-0400] {processor.py:830} INFO - Processing file /Users/christophercunningham/airflow_workspace/data-flow/airflow/dags/af-dag__run_stock_data_pipeline.py for tasks to queue
[2024-07-01T10:01:22.490-0400] {logging_mixin.py:188} INFO - [2024-07-01T10:01:22.490-0400] {dagbag.py:545} INFO - Filling up the DagBag from /Users/christophercunningham/airflow_workspace/data-flow/airflow/dags/af-dag__run_stock_data_pipeline.py
[2024-07-01T10:01:22.510-0400] {logging_mixin.py:188} INFO - [2024-07-01T10:01:22.509-0400] {dagbag.py:355} ERROR - Failed to import: /Users/christophercunningham/airflow_workspace/data-flow/airflow/dags/af-dag__run_stock_data_pipeline.py
Traceback (most recent call last):
  File "/Users/christophercunningham/airflow_workspace/data-flow/data_flow_env/lib/python3.12/site-packages/airflow/models/dagbag.py", line 351, in parse
    loader.exec_module(new_module)
  File "<frozen importlib._bootstrap_external>", line 995, in exec_module
  File "<frozen importlib._bootstrap>", line 488, in _call_with_frames_removed
  File "/Users/christophercunningham/airflow_workspace/data-flow/airflow/dags/af-dag__run_stock_data_pipeline.py", line 8, in <module>
    from stocks.data_extractor import run_data_extractor
ModuleNotFoundError: No module named 'stocks'
[2024-07-01T10:01:22.510-0400] {processor.py:842} WARNING - No viable dags retrieved from /Users/christophercunningham/airflow_workspace/data-flow/airflow/dags/af-dag__run_stock_data_pipeline.py
[2024-07-01T10:01:22.581-0400] {processor.py:183} INFO - Processing /Users/christophercunningham/airflow_workspace/data-flow/airflow/dags/af-dag__run_stock_data_pipeline.py took 0.096 seconds
[2024-07-01T10:03:08.455-0400] {processor.py:161} INFO - Started process (PID=17294) to work on /Users/christophercunningham/airflow_workspace/data-flow/airflow/dags/af-dag__run_stock_data_pipeline.py
[2024-07-01T10:03:08.456-0400] {processor.py:830} INFO - Processing file /Users/christophercunningham/airflow_workspace/data-flow/airflow/dags/af-dag__run_stock_data_pipeline.py for tasks to queue
[2024-07-01T10:03:08.457-0400] {logging_mixin.py:188} INFO - [2024-07-01T10:03:08.456-0400] {dagbag.py:545} INFO - Filling up the DagBag from /Users/christophercunningham/airflow_workspace/data-flow/airflow/dags/af-dag__run_stock_data_pipeline.py
[2024-07-01T10:03:08.475-0400] {logging_mixin.py:188} INFO - [2024-07-01T10:03:08.475-0400] {dagbag.py:355} ERROR - Failed to import: /Users/christophercunningham/airflow_workspace/data-flow/airflow/dags/af-dag__run_stock_data_pipeline.py
Traceback (most recent call last):
  File "/Users/christophercunningham/airflow_workspace/data-flow/data_flow_env/lib/python3.12/site-packages/airflow/models/dagbag.py", line 351, in parse
    loader.exec_module(new_module)
  File "<frozen importlib._bootstrap_external>", line 995, in exec_module
  File "<frozen importlib._bootstrap>", line 488, in _call_with_frames_removed
  File "/Users/christophercunningham/airflow_workspace/data-flow/airflow/dags/af-dag__run_stock_data_pipeline.py", line 8, in <module>
    from stocks.data_extractor import run_data_extractor
ModuleNotFoundError: No module named 'stocks'
[2024-07-01T10:03:08.476-0400] {processor.py:842} WARNING - No viable dags retrieved from /Users/christophercunningham/airflow_workspace/data-flow/airflow/dags/af-dag__run_stock_data_pipeline.py
[2024-07-01T10:03:08.540-0400] {processor.py:183} INFO - Processing /Users/christophercunningham/airflow_workspace/data-flow/airflow/dags/af-dag__run_stock_data_pipeline.py took 0.089 seconds
[2024-07-01T10:04:57.447-0400] {processor.py:161} INFO - Started process (PID=17511) to work on /Users/christophercunningham/airflow_workspace/data-flow/airflow/dags/af-dag__run_stock_data_pipeline.py
[2024-07-01T10:04:57.448-0400] {processor.py:830} INFO - Processing file /Users/christophercunningham/airflow_workspace/data-flow/airflow/dags/af-dag__run_stock_data_pipeline.py for tasks to queue
[2024-07-01T10:04:57.449-0400] {logging_mixin.py:188} INFO - [2024-07-01T10:04:57.449-0400] {dagbag.py:545} INFO - Filling up the DagBag from /Users/christophercunningham/airflow_workspace/data-flow/airflow/dags/af-dag__run_stock_data_pipeline.py
[2024-07-01T10:04:57.469-0400] {logging_mixin.py:188} INFO - [2024-07-01T10:04:57.467-0400] {dagbag.py:355} ERROR - Failed to import: /Users/christophercunningham/airflow_workspace/data-flow/airflow/dags/af-dag__run_stock_data_pipeline.py
Traceback (most recent call last):
  File "/Users/christophercunningham/airflow_workspace/data-flow/data_flow_env/lib/python3.12/site-packages/airflow/models/dagbag.py", line 351, in parse
    loader.exec_module(new_module)
  File "<frozen importlib._bootstrap_external>", line 995, in exec_module
  File "<frozen importlib._bootstrap>", line 488, in _call_with_frames_removed
  File "/Users/christophercunningham/airflow_workspace/data-flow/airflow/dags/af-dag__run_stock_data_pipeline.py", line 8, in <module>
    from stocks.data_extractor import run_data_extractor
ModuleNotFoundError: No module named 'stocks'
[2024-07-01T10:04:57.469-0400] {processor.py:842} WARNING - No viable dags retrieved from /Users/christophercunningham/airflow_workspace/data-flow/airflow/dags/af-dag__run_stock_data_pipeline.py
[2024-07-01T10:04:57.535-0400] {processor.py:183} INFO - Processing /Users/christophercunningham/airflow_workspace/data-flow/airflow/dags/af-dag__run_stock_data_pipeline.py took 0.092 seconds
[2024-07-01T10:06:48.659-0400] {processor.py:161} INFO - Started process (PID=17747) to work on /Users/christophercunningham/airflow_workspace/data-flow/airflow/dags/af-dag__run_stock_data_pipeline.py
[2024-07-01T10:06:48.660-0400] {processor.py:830} INFO - Processing file /Users/christophercunningham/airflow_workspace/data-flow/airflow/dags/af-dag__run_stock_data_pipeline.py for tasks to queue
[2024-07-01T10:06:48.661-0400] {logging_mixin.py:188} INFO - [2024-07-01T10:06:48.661-0400] {dagbag.py:545} INFO - Filling up the DagBag from /Users/christophercunningham/airflow_workspace/data-flow/airflow/dags/af-dag__run_stock_data_pipeline.py
[2024-07-01T10:06:48.680-0400] {logging_mixin.py:188} INFO - [2024-07-01T10:06:48.679-0400] {dagbag.py:355} ERROR - Failed to import: /Users/christophercunningham/airflow_workspace/data-flow/airflow/dags/af-dag__run_stock_data_pipeline.py
Traceback (most recent call last):
  File "/Users/christophercunningham/airflow_workspace/data-flow/data_flow_env/lib/python3.12/site-packages/airflow/models/dagbag.py", line 351, in parse
    loader.exec_module(new_module)
  File "<frozen importlib._bootstrap_external>", line 995, in exec_module
  File "<frozen importlib._bootstrap>", line 488, in _call_with_frames_removed
  File "/Users/christophercunningham/airflow_workspace/data-flow/airflow/dags/af-dag__run_stock_data_pipeline.py", line 8, in <module>
    from stocks.data_extractor import run_data_extractor
ModuleNotFoundError: No module named 'stocks'
[2024-07-01T10:06:48.680-0400] {processor.py:842} WARNING - No viable dags retrieved from /Users/christophercunningham/airflow_workspace/data-flow/airflow/dags/af-dag__run_stock_data_pipeline.py
[2024-07-01T10:06:48.745-0400] {processor.py:183} INFO - Processing /Users/christophercunningham/airflow_workspace/data-flow/airflow/dags/af-dag__run_stock_data_pipeline.py took 0.088 seconds
[2024-07-01T10:08:39.066-0400] {processor.py:161} INFO - Started process (PID=17978) to work on /Users/christophercunningham/airflow_workspace/data-flow/airflow/dags/af-dag__run_stock_data_pipeline.py
[2024-07-01T10:08:39.068-0400] {processor.py:830} INFO - Processing file /Users/christophercunningham/airflow_workspace/data-flow/airflow/dags/af-dag__run_stock_data_pipeline.py for tasks to queue
[2024-07-01T10:08:39.068-0400] {logging_mixin.py:188} INFO - [2024-07-01T10:08:39.068-0400] {dagbag.py:545} INFO - Filling up the DagBag from /Users/christophercunningham/airflow_workspace/data-flow/airflow/dags/af-dag__run_stock_data_pipeline.py
[2024-07-01T10:08:39.086-0400] {logging_mixin.py:188} INFO - [2024-07-01T10:08:39.084-0400] {dagbag.py:355} ERROR - Failed to import: /Users/christophercunningham/airflow_workspace/data-flow/airflow/dags/af-dag__run_stock_data_pipeline.py
Traceback (most recent call last):
  File "/Users/christophercunningham/airflow_workspace/data-flow/data_flow_env/lib/python3.12/site-packages/airflow/models/dagbag.py", line 351, in parse
    loader.exec_module(new_module)
  File "<frozen importlib._bootstrap_external>", line 995, in exec_module
  File "<frozen importlib._bootstrap>", line 488, in _call_with_frames_removed
  File "/Users/christophercunningham/airflow_workspace/data-flow/airflow/dags/af-dag__run_stock_data_pipeline.py", line 8, in <module>
    from stocks.data_extractor import run_data_extractor
ModuleNotFoundError: No module named 'stocks'
[2024-07-01T10:08:39.086-0400] {processor.py:842} WARNING - No viable dags retrieved from /Users/christophercunningham/airflow_workspace/data-flow/airflow/dags/af-dag__run_stock_data_pipeline.py
[2024-07-01T10:08:39.151-0400] {processor.py:183} INFO - Processing /Users/christophercunningham/airflow_workspace/data-flow/airflow/dags/af-dag__run_stock_data_pipeline.py took 0.089 seconds
[2024-07-01T10:10:23.431-0400] {processor.py:161} INFO - Started process (PID=18236) to work on /Users/christophercunningham/airflow_workspace/data-flow/airflow/dags/af-dag__run_stock_data_pipeline.py
[2024-07-01T10:10:23.432-0400] {processor.py:830} INFO - Processing file /Users/christophercunningham/airflow_workspace/data-flow/airflow/dags/af-dag__run_stock_data_pipeline.py for tasks to queue
[2024-07-01T10:10:23.432-0400] {logging_mixin.py:188} INFO - [2024-07-01T10:10:23.432-0400] {dagbag.py:545} INFO - Filling up the DagBag from /Users/christophercunningham/airflow_workspace/data-flow/airflow/dags/af-dag__run_stock_data_pipeline.py
[2024-07-01T10:10:23.451-0400] {logging_mixin.py:188} INFO - [2024-07-01T10:10:23.450-0400] {dagbag.py:355} ERROR - Failed to import: /Users/christophercunningham/airflow_workspace/data-flow/airflow/dags/af-dag__run_stock_data_pipeline.py
Traceback (most recent call last):
  File "/Users/christophercunningham/airflow_workspace/data-flow/data_flow_env/lib/python3.12/site-packages/airflow/models/dagbag.py", line 351, in parse
    loader.exec_module(new_module)
  File "<frozen importlib._bootstrap_external>", line 995, in exec_module
  File "<frozen importlib._bootstrap>", line 488, in _call_with_frames_removed
  File "/Users/christophercunningham/airflow_workspace/data-flow/airflow/dags/af-dag__run_stock_data_pipeline.py", line 8, in <module>
    from stocks.data_extractor import run_data_extractor
ModuleNotFoundError: No module named 'stocks'
[2024-07-01T10:10:23.451-0400] {processor.py:842} WARNING - No viable dags retrieved from /Users/christophercunningham/airflow_workspace/data-flow/airflow/dags/af-dag__run_stock_data_pipeline.py
[2024-07-01T10:10:23.516-0400] {processor.py:183} INFO - Processing /Users/christophercunningham/airflow_workspace/data-flow/airflow/dags/af-dag__run_stock_data_pipeline.py took 0.090 seconds
[2024-07-01T10:12:02.675-0400] {processor.py:161} INFO - Started process (PID=18441) to work on /Users/christophercunningham/airflow_workspace/data-flow/airflow/dags/af-dag__run_stock_data_pipeline.py
[2024-07-01T10:12:02.676-0400] {processor.py:830} INFO - Processing file /Users/christophercunningham/airflow_workspace/data-flow/airflow/dags/af-dag__run_stock_data_pipeline.py for tasks to queue
[2024-07-01T10:12:02.677-0400] {logging_mixin.py:188} INFO - [2024-07-01T10:12:02.677-0400] {dagbag.py:545} INFO - Filling up the DagBag from /Users/christophercunningham/airflow_workspace/data-flow/airflow/dags/af-dag__run_stock_data_pipeline.py
[2024-07-01T10:12:02.694-0400] {logging_mixin.py:188} INFO - [2024-07-01T10:12:02.693-0400] {dagbag.py:355} ERROR - Failed to import: /Users/christophercunningham/airflow_workspace/data-flow/airflow/dags/af-dag__run_stock_data_pipeline.py
Traceback (most recent call last):
  File "/Users/christophercunningham/airflow_workspace/data-flow/data_flow_env/lib/python3.12/site-packages/airflow/models/dagbag.py", line 351, in parse
    loader.exec_module(new_module)
  File "<frozen importlib._bootstrap_external>", line 995, in exec_module
  File "<frozen importlib._bootstrap>", line 488, in _call_with_frames_removed
  File "/Users/christophercunningham/airflow_workspace/data-flow/airflow/dags/af-dag__run_stock_data_pipeline.py", line 8, in <module>
    from data_extractor import run_data_extractor
ModuleNotFoundError: No module named 'data_extractor'
[2024-07-01T10:12:02.694-0400] {processor.py:842} WARNING - No viable dags retrieved from /Users/christophercunningham/airflow_workspace/data-flow/airflow/dags/af-dag__run_stock_data_pipeline.py
[2024-07-01T10:12:02.758-0400] {processor.py:183} INFO - Processing /Users/christophercunningham/airflow_workspace/data-flow/airflow/dags/af-dag__run_stock_data_pipeline.py took 0.088 seconds
[2024-07-01T10:13:44.585-0400] {processor.py:161} INFO - Started process (PID=18709) to work on /Users/christophercunningham/airflow_workspace/data-flow/airflow/dags/af-dag__run_stock_data_pipeline.py
[2024-07-01T10:13:44.587-0400] {processor.py:830} INFO - Processing file /Users/christophercunningham/airflow_workspace/data-flow/airflow/dags/af-dag__run_stock_data_pipeline.py for tasks to queue
[2024-07-01T10:13:44.587-0400] {logging_mixin.py:188} INFO - [2024-07-01T10:13:44.587-0400] {dagbag.py:545} INFO - Filling up the DagBag from /Users/christophercunningham/airflow_workspace/data-flow/airflow/dags/af-dag__run_stock_data_pipeline.py
[2024-07-01T10:13:44.605-0400] {logging_mixin.py:188} INFO - [2024-07-01T10:13:44.603-0400] {dagbag.py:355} ERROR - Failed to import: /Users/christophercunningham/airflow_workspace/data-flow/airflow/dags/af-dag__run_stock_data_pipeline.py
Traceback (most recent call last):
  File "/Users/christophercunningham/airflow_workspace/data-flow/data_flow_env/lib/python3.12/site-packages/airflow/models/dagbag.py", line 351, in parse
    loader.exec_module(new_module)
  File "<frozen importlib._bootstrap_external>", line 995, in exec_module
  File "<frozen importlib._bootstrap>", line 488, in _call_with_frames_removed
  File "/Users/christophercunningham/airflow_workspace/data-flow/airflow/dags/af-dag__run_stock_data_pipeline.py", line 6, in <module>
    from data_extractor import run_data_extractor
ModuleNotFoundError: No module named 'data_extractor'
[2024-07-01T10:13:44.606-0400] {processor.py:842} WARNING - No viable dags retrieved from /Users/christophercunningham/airflow_workspace/data-flow/airflow/dags/af-dag__run_stock_data_pipeline.py
[2024-07-01T10:13:44.669-0400] {processor.py:183} INFO - Processing /Users/christophercunningham/airflow_workspace/data-flow/airflow/dags/af-dag__run_stock_data_pipeline.py took 0.088 seconds
[2024-07-01T10:15:34.933-0400] {processor.py:161} INFO - Started process (PID=18946) to work on /Users/christophercunningham/airflow_workspace/data-flow/airflow/dags/af-dag__run_stock_data_pipeline.py
[2024-07-01T10:15:34.934-0400] {processor.py:830} INFO - Processing file /Users/christophercunningham/airflow_workspace/data-flow/airflow/dags/af-dag__run_stock_data_pipeline.py for tasks to queue
[2024-07-01T10:15:34.934-0400] {logging_mixin.py:188} INFO - [2024-07-01T10:15:34.934-0400] {dagbag.py:545} INFO - Filling up the DagBag from /Users/christophercunningham/airflow_workspace/data-flow/airflow/dags/af-dag__run_stock_data_pipeline.py
[2024-07-01T10:15:34.955-0400] {logging_mixin.py:188} INFO - [2024-07-01T10:15:34.953-0400] {dagbag.py:355} ERROR - Failed to import: /Users/christophercunningham/airflow_workspace/data-flow/airflow/dags/af-dag__run_stock_data_pipeline.py
Traceback (most recent call last):
  File "/Users/christophercunningham/airflow_workspace/data-flow/data_flow_env/lib/python3.12/site-packages/airflow/models/dagbag.py", line 351, in parse
    loader.exec_module(new_module)
  File "<frozen importlib._bootstrap_external>", line 995, in exec_module
  File "<frozen importlib._bootstrap>", line 488, in _call_with_frames_removed
  File "/Users/christophercunningham/airflow_workspace/data-flow/airflow/dags/af-dag__run_stock_data_pipeline.py", line 6, in <module>
    from data_extractor import run_data_extractor
ModuleNotFoundError: No module named 'data_extractor'
[2024-07-01T10:15:34.956-0400] {processor.py:842} WARNING - No viable dags retrieved from /Users/christophercunningham/airflow_workspace/data-flow/airflow/dags/af-dag__run_stock_data_pipeline.py
[2024-07-01T10:15:35.027-0400] {processor.py:183} INFO - Processing /Users/christophercunningham/airflow_workspace/data-flow/airflow/dags/af-dag__run_stock_data_pipeline.py took 0.098 seconds
[2024-07-01T10:17:20.700-0400] {processor.py:161} INFO - Started process (PID=19151) to work on /Users/christophercunningham/airflow_workspace/data-flow/airflow/dags/af-dag__run_stock_data_pipeline.py
[2024-07-01T10:17:20.701-0400] {processor.py:830} INFO - Processing file /Users/christophercunningham/airflow_workspace/data-flow/airflow/dags/af-dag__run_stock_data_pipeline.py for tasks to queue
[2024-07-01T10:17:20.702-0400] {logging_mixin.py:188} INFO - [2024-07-01T10:17:20.702-0400] {dagbag.py:545} INFO - Filling up the DagBag from /Users/christophercunningham/airflow_workspace/data-flow/airflow/dags/af-dag__run_stock_data_pipeline.py
[2024-07-01T10:17:21.514-0400] {processor.py:840} INFO - DAG(s) 'stock_data_pipeline' retrieved from /Users/christophercunningham/airflow_workspace/data-flow/airflow/dags/af-dag__run_stock_data_pipeline.py
[2024-07-01T10:17:21.768-0400] {logging_mixin.py:188} INFO - [2024-07-01T10:17:21.767-0400] {override.py:1847} INFO - Created Permission View: can delete on DAG:stock_data_pipeline
[2024-07-01T10:17:21.775-0400] {logging_mixin.py:188} INFO - [2024-07-01T10:17:21.775-0400] {override.py:1847} INFO - Created Permission View: can edit on DAG:stock_data_pipeline
[2024-07-01T10:17:21.779-0400] {logging_mixin.py:188} INFO - [2024-07-01T10:17:21.779-0400] {override.py:1847} INFO - Created Permission View: can read on DAG:stock_data_pipeline
[2024-07-01T10:17:21.780-0400] {logging_mixin.py:188} INFO - [2024-07-01T10:17:21.779-0400] {dag.py:3096} INFO - Sync 1 DAGs
[2024-07-01T10:17:21.789-0400] {logging_mixin.py:188} INFO - [2024-07-01T10:17:21.788-0400] {dag.py:3118} INFO - Creating ORM DAG for stock_data_pipeline
[2024-07-01T10:17:21.796-0400] {logging_mixin.py:188} INFO - [2024-07-01T10:17:21.795-0400] {dag.py:3954} INFO - Setting next_dagrun for stock_data_pipeline to 2024-06-01 00:00:00+00:00, run_after=2024-06-02 00:00:00+00:00
[2024-07-01T10:17:21.809-0400] {processor.py:183} INFO - Processing /Users/christophercunningham/airflow_workspace/data-flow/airflow/dags/af-dag__run_stock_data_pipeline.py took 1.114 seconds
[2024-07-01T10:18:46.801-0400] {processor.py:161} INFO - Started process (PID=19342) to work on /Users/christophercunningham/airflow_workspace/data-flow/airflow/dags/af-dag__run_stock_data_pipeline.py
[2024-07-01T10:18:46.802-0400] {processor.py:830} INFO - Processing file /Users/christophercunningham/airflow_workspace/data-flow/airflow/dags/af-dag__run_stock_data_pipeline.py for tasks to queue
[2024-07-01T10:18:46.803-0400] {logging_mixin.py:188} INFO - [2024-07-01T10:18:46.803-0400] {dagbag.py:545} INFO - Filling up the DagBag from /Users/christophercunningham/airflow_workspace/data-flow/airflow/dags/af-dag__run_stock_data_pipeline.py
[2024-07-01T10:18:47.372-0400] {processor.py:840} INFO - DAG(s) 'stock_data_pipeline' retrieved from /Users/christophercunningham/airflow_workspace/data-flow/airflow/dags/af-dag__run_stock_data_pipeline.py
[2024-07-01T10:18:47.382-0400] {logging_mixin.py:188} INFO - [2024-07-01T10:18:47.382-0400] {dag.py:3096} INFO - Sync 1 DAGs
[2024-07-01T10:18:47.447-0400] {logging_mixin.py:188} INFO - [2024-07-01T10:18:47.446-0400] {dag.py:3954} INFO - Setting next_dagrun for stock_data_pipeline to 2024-06-01 00:00:00+00:00, run_after=2024-06-02 00:00:00+00:00
[2024-07-01T10:18:47.523-0400] {processor.py:183} INFO - Processing /Users/christophercunningham/airflow_workspace/data-flow/airflow/dags/af-dag__run_stock_data_pipeline.py took 0.726 seconds
[2024-07-01T10:38:40.717-0400] {processor.py:161} INFO - Started process (PID=21059) to work on /Users/christophercunningham/airflow_workspace/data-flow/airflow/dags/af-dag__run_stock_data_pipeline.py
[2024-07-01T10:38:40.719-0400] {processor.py:830} INFO - Processing file /Users/christophercunningham/airflow_workspace/data-flow/airflow/dags/af-dag__run_stock_data_pipeline.py for tasks to queue
[2024-07-01T10:38:40.719-0400] {logging_mixin.py:188} INFO - [2024-07-01T10:38:40.719-0400] {dagbag.py:545} INFO - Filling up the DagBag from /Users/christophercunningham/airflow_workspace/data-flow/airflow/dags/af-dag__run_stock_data_pipeline.py
[2024-07-01T10:38:41.319-0400] {logging_mixin.py:188} INFO - [2024-07-01T10:38:41.318-0400] {dagbag.py:355} ERROR - Failed to import: /Users/christophercunningham/airflow_workspace/data-flow/airflow/dags/af-dag__run_stock_data_pipeline.py
Traceback (most recent call last):
  File "/Users/christophercunningham/airflow_workspace/data-flow/data_flow_env/lib/python3.12/site-packages/airflow/models/dagbag.py", line 351, in parse
    loader.exec_module(new_module)
  File "<frozen importlib._bootstrap_external>", line 995, in exec_module
  File "<frozen importlib._bootstrap>", line 488, in _call_with_frames_removed
  File "/Users/christophercunningham/airflow_workspace/data-flow/airflow/dags/af-dag__run_stock_data_pipeline.py", line 19, in <module>
    dbt_project_path = os.environ('DBT_STOCKS_HOME')
                       ^^^^^^^^^^^^^^^^^^^^^^^^^^^^^
TypeError: '_Environ' object is not callable
[2024-07-01T10:38:41.320-0400] {processor.py:842} WARNING - No viable dags retrieved from /Users/christophercunningham/airflow_workspace/data-flow/airflow/dags/af-dag__run_stock_data_pipeline.py
[2024-07-01T10:38:41.398-0400] {processor.py:183} INFO - Processing /Users/christophercunningham/airflow_workspace/data-flow/airflow/dags/af-dag__run_stock_data_pipeline.py took 0.685 seconds
[2024-07-01T10:40:41.794-0400] {processor.py:161} INFO - Started process (PID=21385) to work on /Users/christophercunningham/airflow_workspace/data-flow/airflow/dags/af-dag__run_stock_data_pipeline.py
[2024-07-01T10:40:41.795-0400] {processor.py:830} INFO - Processing file /Users/christophercunningham/airflow_workspace/data-flow/airflow/dags/af-dag__run_stock_data_pipeline.py for tasks to queue
[2024-07-01T10:40:41.796-0400] {logging_mixin.py:188} INFO - [2024-07-01T10:40:41.796-0400] {dagbag.py:545} INFO - Filling up the DagBag from /Users/christophercunningham/airflow_workspace/data-flow/airflow/dags/af-dag__run_stock_data_pipeline.py
[2024-07-01T10:40:42.611-0400] {logging_mixin.py:188} INFO - [2024-07-01T10:40:42.610-0400] {dagbag.py:355} ERROR - Failed to import: /Users/christophercunningham/airflow_workspace/data-flow/airflow/dags/af-dag__run_stock_data_pipeline.py
Traceback (most recent call last):
  File "/Users/christophercunningham/airflow_workspace/data-flow/data_flow_env/lib/python3.12/site-packages/airflow/models/dagbag.py", line 351, in parse
    loader.exec_module(new_module)
  File "<frozen importlib._bootstrap_external>", line 995, in exec_module
  File "<frozen importlib._bootstrap>", line 488, in _call_with_frames_removed
  File "/Users/christophercunningham/airflow_workspace/data-flow/airflow/dags/af-dag__run_stock_data_pipeline.py", line 19, in <module>
    dbt_project_path = os.environ('DBT_STOCKS_HOME')
                       ^^^^^^^^^^^^^^^^^^^^^^^^^^^^^
TypeError: '_Environ' object is not callable
[2024-07-01T10:40:42.612-0400] {processor.py:842} WARNING - No viable dags retrieved from /Users/christophercunningham/airflow_workspace/data-flow/airflow/dags/af-dag__run_stock_data_pipeline.py
[2024-07-01T10:40:42.696-0400] {processor.py:183} INFO - Processing /Users/christophercunningham/airflow_workspace/data-flow/airflow/dags/af-dag__run_stock_data_pipeline.py took 0.905 seconds
[2024-07-01T10:40:56.232-0400] {processor.py:161} INFO - Started process (PID=21451) to work on /Users/christophercunningham/airflow_workspace/data-flow/airflow/dags/af-dag__run_stock_data_pipeline.py
[2024-07-01T10:40:56.233-0400] {processor.py:830} INFO - Processing file /Users/christophercunningham/airflow_workspace/data-flow/airflow/dags/af-dag__run_stock_data_pipeline.py for tasks to queue
[2024-07-01T10:40:56.234-0400] {logging_mixin.py:188} INFO - [2024-07-01T10:40:56.233-0400] {dagbag.py:545} INFO - Filling up the DagBag from /Users/christophercunningham/airflow_workspace/data-flow/airflow/dags/af-dag__run_stock_data_pipeline.py
[2024-07-01T10:40:56.817-0400] {processor.py:840} INFO - DAG(s) 'stock_data_pipeline' retrieved from /Users/christophercunningham/airflow_workspace/data-flow/airflow/dags/af-dag__run_stock_data_pipeline.py
[2024-07-01T10:40:56.828-0400] {logging_mixin.py:188} INFO - [2024-07-01T10:40:56.828-0400] {dag.py:3096} INFO - Sync 1 DAGs
[2024-07-01T10:40:56.907-0400] {logging_mixin.py:188} INFO - [2024-07-01T10:40:56.907-0400] {dag.py:3954} INFO - Setting next_dagrun for stock_data_pipeline to 2024-06-02 00:00:00+00:00, run_after=2024-06-03 00:00:00+00:00
[2024-07-01T10:40:56.974-0400] {processor.py:183} INFO - Processing /Users/christophercunningham/airflow_workspace/data-flow/airflow/dags/af-dag__run_stock_data_pipeline.py took 0.746 seconds
[2024-07-01T10:55:20.939-0400] {processor.py:161} INFO - Started process (PID=22651) to work on /Users/christophercunningham/airflow_workspace/data-flow/airflow/dags/af-dag__run_stock_data_pipeline.py
[2024-07-01T10:55:20.941-0400] {processor.py:830} INFO - Processing file /Users/christophercunningham/airflow_workspace/data-flow/airflow/dags/af-dag__run_stock_data_pipeline.py for tasks to queue
[2024-07-01T10:55:20.941-0400] {logging_mixin.py:188} INFO - [2024-07-01T10:55:20.941-0400] {dagbag.py:545} INFO - Filling up the DagBag from /Users/christophercunningham/airflow_workspace/data-flow/airflow/dags/af-dag__run_stock_data_pipeline.py
[2024-07-01T10:55:21.718-0400] {processor.py:840} INFO - DAG(s) 'stock_data_pipeline' retrieved from /Users/christophercunningham/airflow_workspace/data-flow/airflow/dags/af-dag__run_stock_data_pipeline.py
[2024-07-01T10:55:21.732-0400] {logging_mixin.py:188} INFO - [2024-07-01T10:55:21.732-0400] {dag.py:3096} INFO - Sync 1 DAGs
[2024-07-01T10:55:21.819-0400] {logging_mixin.py:188} INFO - [2024-07-01T10:55:21.819-0400] {dag.py:3954} INFO - Setting next_dagrun for stock_data_pipeline to 2024-06-03 00:00:00+00:00, run_after=2024-06-04 00:00:00+00:00
[2024-07-01T10:55:21.900-0400] {processor.py:183} INFO - Processing /Users/christophercunningham/airflow_workspace/data-flow/airflow/dags/af-dag__run_stock_data_pipeline.py took 0.965 seconds
[2024-07-01T10:59:16.325-0400] {processor.py:161} INFO - Started process (PID=23061) to work on /Users/christophercunningham/airflow_workspace/data-flow/airflow/dags/af-dag__run_stock_data_pipeline.py
[2024-07-01T10:59:16.327-0400] {processor.py:830} INFO - Processing file /Users/christophercunningham/airflow_workspace/data-flow/airflow/dags/af-dag__run_stock_data_pipeline.py for tasks to queue
[2024-07-01T10:59:16.328-0400] {logging_mixin.py:188} INFO - [2024-07-01T10:59:16.327-0400] {dagbag.py:545} INFO - Filling up the DagBag from /Users/christophercunningham/airflow_workspace/data-flow/airflow/dags/af-dag__run_stock_data_pipeline.py
[2024-07-01T10:59:17.112-0400] {processor.py:840} INFO - DAG(s) 'stock_data_pipeline' retrieved from /Users/christophercunningham/airflow_workspace/data-flow/airflow/dags/af-dag__run_stock_data_pipeline.py
[2024-07-01T10:59:17.364-0400] {logging_mixin.py:188} INFO - [2024-07-01T10:59:17.363-0400] {dag.py:3096} INFO - Sync 1 DAGs
[2024-07-01T10:59:17.378-0400] {logging_mixin.py:188} INFO - [2024-07-01T10:59:17.378-0400] {dag.py:3954} INFO - Setting next_dagrun for stock_data_pipeline to 2024-06-04 00:00:00+00:00, run_after=2024-06-05 00:00:00+00:00
[2024-07-01T10:59:17.393-0400] {processor.py:183} INFO - Processing /Users/christophercunningham/airflow_workspace/data-flow/airflow/dags/af-dag__run_stock_data_pipeline.py took 1.071 seconds
[2024-07-01T11:02:46.074-0400] {processor.py:161} INFO - Started process (PID=23534) to work on /Users/christophercunningham/airflow_workspace/data-flow/airflow/dags/af-dag__run_stock_data_pipeline.py
[2024-07-01T11:02:46.075-0400] {processor.py:830} INFO - Processing file /Users/christophercunningham/airflow_workspace/data-flow/airflow/dags/af-dag__run_stock_data_pipeline.py for tasks to queue
[2024-07-01T11:02:46.075-0400] {logging_mixin.py:188} INFO - [2024-07-01T11:02:46.075-0400] {dagbag.py:545} INFO - Filling up the DagBag from /Users/christophercunningham/airflow_workspace/data-flow/airflow/dags/af-dag__run_stock_data_pipeline.py
[2024-07-01T11:02:46.859-0400] {processor.py:840} INFO - DAG(s) 'stock_data_pipeline' retrieved from /Users/christophercunningham/airflow_workspace/data-flow/airflow/dags/af-dag__run_stock_data_pipeline.py
[2024-07-01T11:02:46.950-0400] {logging_mixin.py:188} INFO - [2024-07-01T11:02:46.949-0400] {dag.py:3096} INFO - Sync 1 DAGs
[2024-07-01T11:02:47.022-0400] {logging_mixin.py:188} INFO - [2024-07-01T11:02:47.022-0400] {dag.py:3954} INFO - Setting next_dagrun for stock_data_pipeline to 2024-06-05 00:00:00+00:00, run_after=2024-06-06 00:00:00+00:00
[2024-07-01T11:02:47.037-0400] {processor.py:183} INFO - Processing /Users/christophercunningham/airflow_workspace/data-flow/airflow/dags/af-dag__run_stock_data_pipeline.py took 0.967 seconds
[2024-07-01T11:32:07.758-0400] {processor.py:161} INFO - Started process (PID=26194) to work on /Users/christophercunningham/airflow_workspace/data-flow/airflow/dags/af-dag__run_stock_data_pipeline.py
[2024-07-01T11:32:07.759-0400] {processor.py:830} INFO - Processing file /Users/christophercunningham/airflow_workspace/data-flow/airflow/dags/af-dag__run_stock_data_pipeline.py for tasks to queue
[2024-07-01T11:32:07.760-0400] {logging_mixin.py:188} INFO - [2024-07-01T11:32:07.760-0400] {dagbag.py:545} INFO - Filling up the DagBag from /Users/christophercunningham/airflow_workspace/data-flow/airflow/dags/af-dag__run_stock_data_pipeline.py
[2024-07-01T11:32:08.701-0400] {processor.py:840} INFO - DAG(s) 'stock_data_pipeline' retrieved from /Users/christophercunningham/airflow_workspace/data-flow/airflow/dags/af-dag__run_stock_data_pipeline.py
[2024-07-01T11:32:08.714-0400] {logging_mixin.py:188} INFO - [2024-07-01T11:32:08.714-0400] {dag.py:3096} INFO - Sync 1 DAGs
[2024-07-01T11:32:08.806-0400] {logging_mixin.py:188} INFO - [2024-07-01T11:32:08.806-0400] {dag.py:3954} INFO - Setting next_dagrun for stock_data_pipeline to 2024-06-30 00:00:00+00:00, run_after=2024-07-01 00:00:00+00:00
[2024-07-01T11:32:08.881-0400] {processor.py:183} INFO - Processing /Users/christophercunningham/airflow_workspace/data-flow/airflow/dags/af-dag__run_stock_data_pipeline.py took 1.128 seconds
