[0m12:27:39.468237 [debug] [MainThread]: Sending event: {'category': 'dbt', 'action': 'invocation', 'label': 'start', 'context': [<snowplow_tracker.self_describing_json.SelfDescribingJson object at 0x10c415d30>, <snowplow_tracker.self_describing_json.SelfDescribingJson object at 0x10c45e510>, <snowplow_tracker.self_describing_json.SelfDescribingJson object at 0x10c45e2a0>]}


============================== 12:27:39.478149 | 4dfba239-b48f-41d7-b0cf-b26626e3c4f5 ==============================
[0m12:27:39.478149 [info ] [MainThread]: Running with dbt=1.8.3
[0m12:27:39.478777 [debug] [MainThread]: running dbt with arguments {'printer_width': '80', 'indirect_selection': 'eager', 'write_json': 'True', 'log_cache_events': 'False', 'partial_parse': 'True', 'cache_selected_only': 'False', 'profiles_dir': '/Users/christophercunningham/.dbt', 'debug': 'False', 'warn_error': 'None', 'log_path': 'logs', 'version_check': 'True', 'fail_fast': 'False', 'use_colors': 'True', 'use_experimental_parser': 'False', 'empty': 'None', 'quiet': 'False', 'no_print': 'None', 'log_format': 'default', 'static_parser': 'True', 'invocation_command': 'dbt init', 'warn_error_options': 'WarnErrorOptions(include=[], exclude=[])', 'target_path': 'None', 'introspect': 'True', 'send_anonymous_usage_stats': 'True'}
[0m12:27:39.494062 [warn ] [MainThread]: [ConfigFolderDirectory]: Unable to parse dict {'dir': PosixPath('/Users/christophercunningham/.dbt')}
[0m12:27:39.494472 [info ] [MainThread]: Creating dbt configuration folder at 
[0m12:28:01.326327 [debug] [MainThread]: Starter project path: /Users/christophercunningham/airflow_workspace/airflow_env/lib/python3.12/site-packages/dbt/include/starter_project
[0m12:28:01.333985 [info ] [MainThread]: 
Your new dbt project "data_flow" was created!

For more information on how to configure the profiles.yml file,
please consult the dbt documentation here:

  https://docs.getdbt.com/docs/configure-your-profile

One more thing:

Need help? Don't hesitate to reach out to us via GitHub issues or on Slack:

  https://community.getdbt.com/

Happy modeling!

[0m12:28:01.334534 [info ] [MainThread]: Setting up your profile.
[0m12:28:01.335433 [error] [MainThread]: Encountered an error:
Runtime Error
  No adapters available. Learn how to install an adapter by going to https://docs.getdbt.com/docs/connect-adapters#install-using-the-cli
[0m12:28:01.338235 [debug] [MainThread]: Resource report: {"command_name": "init", "command_wall_clock_time": 21.945173, "process_user_time": 1.382616, "process_kernel_time": 0.187021, "process_mem_max_rss": "102424576", "command_success": false, "process_in_blocks": "0", "process_out_blocks": "0"}
[0m12:28:01.339156 [debug] [MainThread]: Command `dbt init` failed at 12:28:01.338981 after 21.95 seconds
[0m12:28:01.339730 [debug] [MainThread]: Sending event: {'category': 'dbt', 'action': 'invocation', 'label': 'end', 'context': [<snowplow_tracker.self_describing_json.SelfDescribingJson object at 0x10c484290>, <snowplow_tracker.self_describing_json.SelfDescribingJson object at 0x10c45e270>, <snowplow_tracker.self_describing_json.SelfDescribingJson object at 0x10c415be0>]}
[0m12:28:01.340273 [debug] [MainThread]: Flushing usage events
