[2024-07-01T10:59:20.935-0400] {local_task_job_runner.py:120} INFO - ::group::Pre task execution logs
[2024-07-01T10:59:20.951-0400] {taskinstance.py:2076} INFO - Dependencies all met for dep_context=non-requeueable deps ti=<TaskInstance: stock_data_pipeline.extract_stock_data scheduled__2024-06-04T00:00:00+00:00 [queued]>
[2024-07-01T10:59:20.955-0400] {taskinstance.py:2076} INFO - Dependencies all met for dep_context=requeueable deps ti=<TaskInstance: stock_data_pipeline.extract_stock_data scheduled__2024-06-04T00:00:00+00:00 [queued]>
[2024-07-01T10:59:20.955-0400] {taskinstance.py:2306} INFO - Starting attempt 1 of 2
[2024-07-01T10:59:20.965-0400] {taskinstance.py:2330} INFO - Executing <Task(PythonOperator): extract_stock_data> on 2024-06-04 00:00:00+00:00
[2024-07-01T10:59:20.978-0400] {logging_mixin.py:188} WARNING - /Users/christophercunningham/airflow_workspace/data-flow/data_flow_env/lib/python3.12/site-packages/airflow/task/task_runner/standard_task_runner.py:61 DeprecationWarning: This process (pid=23069) is multi-threaded, use of fork() may lead to deadlocks in the child.
[2024-07-01T10:59:20.979-0400] {standard_task_runner.py:63} INFO - Started process 23074 to run task
[2024-07-01T10:59:20.978-0400] {standard_task_runner.py:90} INFO - Running: ['airflow', 'tasks', 'run', 'stock_data_pipeline', 'extract_stock_data', 'scheduled__2024-06-04T00:00:00+00:00', '--job-id', '22', '--raw', '--subdir', 'DAGS_FOLDER/af-dag__run_stock_data_pipeline.py', '--cfg-path', '/var/folders/d3/l1h2w3dj6m9cnl162jqdffzm0000gn/T/tmpovqo39b4']
[2024-07-01T10:59:20.980-0400] {standard_task_runner.py:91} INFO - Job 22: Subtask extract_stock_data
[2024-07-01T10:59:21.051-0400] {task_command.py:426} INFO - Running <TaskInstance: stock_data_pipeline.extract_stock_data scheduled__2024-06-04T00:00:00+00:00 [running]> on host christophersmbp.lan
[2024-07-01T10:59:21.100-0400] {taskinstance.py:2648} INFO - Exporting env vars: AIRFLOW_CTX_DAG_OWNER='ccunningham' AIRFLOW_CTX_DAG_ID='stock_data_pipeline' AIRFLOW_CTX_TASK_ID='extract_stock_data' AIRFLOW_CTX_EXECUTION_DATE='2024-06-04T00:00:00+00:00' AIRFLOW_CTX_TRY_NUMBER='1' AIRFLOW_CTX_DAG_RUN_ID='scheduled__2024-06-04T00:00:00+00:00'
[2024-07-01T10:59:21.102-0400] {taskinstance.py:430} INFO - ::endgroup::
[2024-07-01T10:59:21.103-0400] {data_extractor.py:14} INFO - Beginning data extraction for GME
[2024-07-01T11:01:41.763-0400] {local_task_job_runner.py:310} WARNING - State of this instance has been externally set to success. Terminating instance.
[2024-07-01T11:01:41.764-0400] {local_task_job_runner.py:222} INFO - ::endgroup::
[2024-07-01T11:01:41.788-0400] {process_utils.py:132} INFO - Sending 15 to group 23074. PIDs of all processes in the group: [23074]
[2024-07-01T11:01:41.788-0400] {process_utils.py:87} INFO - Sending the signal 15 to group 23074
[2024-07-01T11:02:41.819-0400] {process_utils.py:150} WARNING - process psutil.Process(pid=23074, name='Python', status='running', started='10:59:20') did not respond to SIGTERM. Trying SIGKILL
[2024-07-01T11:02:41.821-0400] {process_utils.py:87} INFO - Sending the signal 9 to group 23074
[2024-07-01T11:02:41.828-0400] {process_utils.py:80} INFO - Process psutil.Process(pid=23074, name='Python', status='terminated', exitcode=<Negsignal.SIGKILL: -9>, started='10:59:20') (23074) terminated with exit code -9
[2024-07-01T11:02:41.829-0400] {standard_task_runner.py:178} ERROR - Job 22 was killed before it finished (likely due to running out of memory)
