[2024-07-01T11:02:50.465-0400] {local_task_job_runner.py:120} INFO - ::group::Pre task execution logs
[2024-07-01T11:02:50.481-0400] {taskinstance.py:2076} INFO - Dependencies all met for dep_context=non-requeueable deps ti=<TaskInstance: stock_data_pipeline.extract_stock_data scheduled__2024-06-04T00:00:00+00:00 [queued]>
[2024-07-01T11:02:50.487-0400] {taskinstance.py:2076} INFO - Dependencies all met for dep_context=requeueable deps ti=<TaskInstance: stock_data_pipeline.extract_stock_data scheduled__2024-06-04T00:00:00+00:00 [queued]>
[2024-07-01T11:02:50.487-0400] {taskinstance.py:2306} INFO - Starting attempt 2 of 3
[2024-07-01T11:02:50.496-0400] {taskinstance.py:2330} INFO - Executing <Task(PythonOperator): extract_stock_data> on 2024-06-04 00:00:00+00:00
[2024-07-01T11:02:50.509-0400] {logging_mixin.py:188} WARNING - /Users/christophercunningham/airflow_workspace/data-flow/data_flow_env/lib/python3.12/site-packages/airflow/task/task_runner/standard_task_runner.py:61 DeprecationWarning: This process (pid=23537) is multi-threaded, use of fork() may lead to deadlocks in the child.
[2024-07-01T11:02:50.510-0400] {standard_task_runner.py:63} INFO - Started process 23547 to run task
[2024-07-01T11:02:50.509-0400] {standard_task_runner.py:90} INFO - Running: ['airflow', 'tasks', 'run', 'stock_data_pipeline', 'extract_stock_data', 'scheduled__2024-06-04T00:00:00+00:00', '--job-id', '23', '--raw', '--subdir', 'DAGS_FOLDER/af-dag__run_stock_data_pipeline.py', '--cfg-path', '/var/folders/d3/l1h2w3dj6m9cnl162jqdffzm0000gn/T/tmpskp1640h']
[2024-07-01T11:02:50.511-0400] {standard_task_runner.py:91} INFO - Job 23: Subtask extract_stock_data
[2024-07-01T11:02:50.554-0400] {task_command.py:426} INFO - Running <TaskInstance: stock_data_pipeline.extract_stock_data scheduled__2024-06-04T00:00:00+00:00 [running]> on host christophersmbp.lan
[2024-07-01T11:02:50.607-0400] {taskinstance.py:2648} INFO - Exporting env vars: AIRFLOW_CTX_DAG_OWNER='ccunningham' AIRFLOW_CTX_DAG_ID='stock_data_pipeline' AIRFLOW_CTX_TASK_ID='extract_stock_data' AIRFLOW_CTX_EXECUTION_DATE='2024-06-04T00:00:00+00:00' AIRFLOW_CTX_TRY_NUMBER='2' AIRFLOW_CTX_DAG_RUN_ID='scheduled__2024-06-04T00:00:00+00:00'
[2024-07-01T11:02:50.609-0400] {taskinstance.py:430} INFO - ::endgroup::
[2024-07-01T11:02:50.610-0400] {data_extractor.py:14} INFO - Beginning data extraction for GME
[2024-07-01T11:09:35.539-0400] {local_task_job_runner.py:222} INFO - ::endgroup::
[2024-07-01T11:09:35.588-0400] {process_utils.py:132} INFO - Sending 15 to group 23547. PIDs of all processes in the group: [23547]
[2024-07-01T11:09:35.589-0400] {process_utils.py:87} INFO - Sending the signal 15 to group 23547
[2024-07-01T11:09:40.934-0400] {local_task_job_runner.py:120} INFO - ::group::Pre task execution logs
[2024-07-01T11:09:40.953-0400] {taskinstance.py:2066} INFO - Dependencies not met for <TaskInstance: stock_data_pipeline.extract_stock_data scheduled__2024-06-04T00:00:00+00:00 [running]>, dependency 'Task Instance Not Running' FAILED: Task is in the running state
[2024-07-01T11:09:40.959-0400] {taskinstance.py:2066} INFO - Dependencies not met for <TaskInstance: stock_data_pipeline.extract_stock_data scheduled__2024-06-04T00:00:00+00:00 [running]>, dependency 'Previous Dagrun State' FAILED: depends_on_past is true for this task, but 1 previous task instance(s) are not in a successful state.
[2024-07-01T11:09:40.959-0400] {taskinstance.py:2066} INFO - Dependencies not met for <TaskInstance: stock_data_pipeline.extract_stock_data scheduled__2024-06-04T00:00:00+00:00 [running]>, dependency 'Task Instance State' FAILED: Task is in the 'running' state.
[2024-07-01T11:09:40.960-0400] {local_task_job_runner.py:163} INFO - Task is not able to be run
