[2024-07-01T11:34:25.655-0400] {local_task_job_runner.py:120} INFO - ::group::Pre task execution logs
[2024-07-01T11:34:25.676-0400] {taskinstance.py:2076} INFO - Dependencies all met for dep_context=non-requeueable deps ti=<TaskInstance: stock_data_pipeline.extract_stock_data scheduled__2024-06-30T00:00:00+00:00 [queued]>
[2024-07-01T11:34:25.683-0400] {taskinstance.py:2076} INFO - Dependencies all met for dep_context=requeueable deps ti=<TaskInstance: stock_data_pipeline.extract_stock_data scheduled__2024-06-30T00:00:00+00:00 [queued]>
[2024-07-01T11:34:25.683-0400] {taskinstance.py:2306} INFO - Starting attempt 1 of 2
[2024-07-01T11:34:25.692-0400] {taskinstance.py:2330} INFO - Executing <Task(PythonOperator): extract_stock_data> on 2024-06-30 00:00:00+00:00
[2024-07-01T11:34:25.706-0400] {logging_mixin.py:188} WARNING - /Users/christophercunningham/airflow_workspace/data-flow/data_flow_env/lib/python3.12/site-packages/airflow/task/task_runner/standard_task_runner.py:61 DeprecationWarning: This process (pid=26410) is multi-threaded, use of fork() may lead to deadlocks in the child.
[2024-07-01T11:34:25.708-0400] {standard_task_runner.py:63} INFO - Started process 26415 to run task
[2024-07-01T11:34:25.706-0400] {standard_task_runner.py:90} INFO - Running: ['airflow', 'tasks', 'run', 'stock_data_pipeline', 'extract_stock_data', 'scheduled__2024-06-30T00:00:00+00:00', '--job-id', '31', '--raw', '--subdir', 'DAGS_FOLDER/af-dag__run_stock_data_pipeline.py', '--cfg-path', '/var/folders/d3/l1h2w3dj6m9cnl162jqdffzm0000gn/T/tmpyqonmdno']
[2024-07-01T11:34:25.709-0400] {standard_task_runner.py:91} INFO - Job 31: Subtask extract_stock_data
[2024-07-01T11:34:25.754-0400] {task_command.py:426} INFO - Running <TaskInstance: stock_data_pipeline.extract_stock_data scheduled__2024-06-30T00:00:00+00:00 [running]> on host christophersmbp.lan
[2024-07-01T11:34:25.814-0400] {taskinstance.py:2648} INFO - Exporting env vars: AIRFLOW_CTX_DAG_OWNER='ccunningham' AIRFLOW_CTX_DAG_ID='stock_data_pipeline' AIRFLOW_CTX_TASK_ID='extract_stock_data' AIRFLOW_CTX_EXECUTION_DATE='2024-06-30T00:00:00+00:00' AIRFLOW_CTX_TRY_NUMBER='1' AIRFLOW_CTX_DAG_RUN_ID='scheduled__2024-06-30T00:00:00+00:00'
[2024-07-01T11:34:25.815-0400] {taskinstance.py:430} INFO - ::endgroup::
[2024-07-01T11:34:25.816-0400] {data_extractor.py:14} INFO - Beginning data extraction for GME
[2024-07-01T12:01:27.328-0400] {local_task_job_runner.py:222} INFO - ::endgroup::
[2024-07-01T12:01:27.441-0400] {process_utils.py:132} INFO - Sending 15 to group 26415. PIDs of all processes in the group: [26415]
[2024-07-01T12:01:27.443-0400] {process_utils.py:87} INFO - Sending the signal 15 to group 26415
[2024-07-01T12:01:39.690-0400] {local_task_job_runner.py:120} INFO - ::group::Pre task execution logs
[2024-07-01T12:01:39.703-0400] {taskinstance.py:2066} INFO - Dependencies not met for <TaskInstance: stock_data_pipeline.extract_stock_data scheduled__2024-06-30T00:00:00+00:00 [running]>, dependency 'Task Instance State' FAILED: Task is in the 'running' state.
[2024-07-01T12:01:39.706-0400] {taskinstance.py:2066} INFO - Dependencies not met for <TaskInstance: stock_data_pipeline.extract_stock_data scheduled__2024-06-30T00:00:00+00:00 [running]>, dependency 'Task Instance Not Running' FAILED: Task is in the running state
[2024-07-01T12:01:39.711-0400] {local_task_job_runner.py:163} INFO - Task is not able to be run
