[2024-07-01T09:28:17.264-0400] {processor.py:161} INFO - Started process (PID=13303) to work on /Users/christophercunningham/airflow_workspace/data-flow/data_flow_env/lib/python3.12/site-packages/airflow/example_dags/plugins/event_listener.py
[2024-07-01T09:28:17.265-0400] {processor.py:830} INFO - Processing file /Users/christophercunningham/airflow_workspace/data-flow/data_flow_env/lib/python3.12/site-packages/airflow/example_dags/plugins/event_listener.py for tasks to queue
[2024-07-01T09:28:17.266-0400] {logging_mixin.py:188} INFO - [2024-07-01T09:28:17.266-0400] {dagbag.py:545} INFO - Filling up the DagBag from /Users/christophercunningham/airflow_workspace/data-flow/data_flow_env/lib/python3.12/site-packages/airflow/example_dags/plugins/event_listener.py
[2024-07-01T09:28:17.267-0400] {processor.py:842} WARNING - No viable dags retrieved from /Users/christophercunningham/airflow_workspace/data-flow/data_flow_env/lib/python3.12/site-packages/airflow/example_dags/plugins/event_listener.py
[2024-07-01T09:28:17.339-0400] {processor.py:183} INFO - Processing /Users/christophercunningham/airflow_workspace/data-flow/data_flow_env/lib/python3.12/site-packages/airflow/example_dags/plugins/event_listener.py took 0.079 seconds
[2024-07-01T09:30:00.277-0400] {processor.py:161} INFO - Started process (PID=13530) to work on /Users/christophercunningham/airflow_workspace/data-flow/data_flow_env/lib/python3.12/site-packages/airflow/example_dags/plugins/event_listener.py
[2024-07-01T09:30:00.279-0400] {processor.py:830} INFO - Processing file /Users/christophercunningham/airflow_workspace/data-flow/data_flow_env/lib/python3.12/site-packages/airflow/example_dags/plugins/event_listener.py for tasks to queue
[2024-07-01T09:30:00.279-0400] {logging_mixin.py:188} INFO - [2024-07-01T09:30:00.279-0400] {dagbag.py:545} INFO - Filling up the DagBag from /Users/christophercunningham/airflow_workspace/data-flow/data_flow_env/lib/python3.12/site-packages/airflow/example_dags/plugins/event_listener.py
[2024-07-01T09:30:00.280-0400] {processor.py:842} WARNING - No viable dags retrieved from /Users/christophercunningham/airflow_workspace/data-flow/data_flow_env/lib/python3.12/site-packages/airflow/example_dags/plugins/event_listener.py
[2024-07-01T09:30:00.345-0400] {processor.py:183} INFO - Processing /Users/christophercunningham/airflow_workspace/data-flow/data_flow_env/lib/python3.12/site-packages/airflow/example_dags/plugins/event_listener.py took 0.072 seconds
[2024-07-01T09:31:13.716-0400] {processor.py:161} INFO - Started process (PID=13796) to work on /Users/christophercunningham/airflow_workspace/data-flow/data_flow_env/lib/python3.12/site-packages/airflow/example_dags/plugins/event_listener.py
[2024-07-01T09:31:13.718-0400] {processor.py:830} INFO - Processing file /Users/christophercunningham/airflow_workspace/data-flow/data_flow_env/lib/python3.12/site-packages/airflow/example_dags/plugins/event_listener.py for tasks to queue
[2024-07-01T09:31:13.718-0400] {logging_mixin.py:188} INFO - [2024-07-01T09:31:13.718-0400] {dagbag.py:545} INFO - Filling up the DagBag from /Users/christophercunningham/airflow_workspace/data-flow/data_flow_env/lib/python3.12/site-packages/airflow/example_dags/plugins/event_listener.py
[2024-07-01T09:31:13.719-0400] {processor.py:842} WARNING - No viable dags retrieved from /Users/christophercunningham/airflow_workspace/data-flow/data_flow_env/lib/python3.12/site-packages/airflow/example_dags/plugins/event_listener.py
[2024-07-01T09:31:13.790-0400] {processor.py:183} INFO - Processing /Users/christophercunningham/airflow_workspace/data-flow/data_flow_env/lib/python3.12/site-packages/airflow/example_dags/plugins/event_listener.py took 0.078 seconds
[2024-07-01T09:33:35.191-0400] {processor.py:161} INFO - Started process (PID=14085) to work on /Users/christophercunningham/airflow_workspace/data-flow/data_flow_env/lib/python3.12/site-packages/airflow/example_dags/plugins/event_listener.py
[2024-07-01T09:33:35.192-0400] {processor.py:830} INFO - Processing file /Users/christophercunningham/airflow_workspace/data-flow/data_flow_env/lib/python3.12/site-packages/airflow/example_dags/plugins/event_listener.py for tasks to queue
[2024-07-01T09:33:35.193-0400] {logging_mixin.py:188} INFO - [2024-07-01T09:33:35.193-0400] {dagbag.py:545} INFO - Filling up the DagBag from /Users/christophercunningham/airflow_workspace/data-flow/data_flow_env/lib/python3.12/site-packages/airflow/example_dags/plugins/event_listener.py
[2024-07-01T09:33:35.194-0400] {processor.py:842} WARNING - No viable dags retrieved from /Users/christophercunningham/airflow_workspace/data-flow/data_flow_env/lib/python3.12/site-packages/airflow/example_dags/plugins/event_listener.py
[2024-07-01T09:33:35.270-0400] {processor.py:183} INFO - Processing /Users/christophercunningham/airflow_workspace/data-flow/data_flow_env/lib/python3.12/site-packages/airflow/example_dags/plugins/event_listener.py took 0.084 seconds
[2024-07-01T09:35:19.564-0400] {processor.py:161} INFO - Started process (PID=14241) to work on /Users/christophercunningham/airflow_workspace/data-flow/data_flow_env/lib/python3.12/site-packages/airflow/example_dags/plugins/event_listener.py
[2024-07-01T09:35:19.565-0400] {processor.py:830} INFO - Processing file /Users/christophercunningham/airflow_workspace/data-flow/data_flow_env/lib/python3.12/site-packages/airflow/example_dags/plugins/event_listener.py for tasks to queue
[2024-07-01T09:35:19.566-0400] {logging_mixin.py:188} INFO - [2024-07-01T09:35:19.566-0400] {dagbag.py:545} INFO - Filling up the DagBag from /Users/christophercunningham/airflow_workspace/data-flow/data_flow_env/lib/python3.12/site-packages/airflow/example_dags/plugins/event_listener.py
[2024-07-01T09:35:19.566-0400] {processor.py:842} WARNING - No viable dags retrieved from /Users/christophercunningham/airflow_workspace/data-flow/data_flow_env/lib/python3.12/site-packages/airflow/example_dags/plugins/event_listener.py
[2024-07-01T09:35:19.631-0400] {processor.py:183} INFO - Processing /Users/christophercunningham/airflow_workspace/data-flow/data_flow_env/lib/python3.12/site-packages/airflow/example_dags/plugins/event_listener.py took 0.072 seconds
[2024-07-01T09:37:02.015-0400] {processor.py:161} INFO - Started process (PID=14388) to work on /Users/christophercunningham/airflow_workspace/data-flow/data_flow_env/lib/python3.12/site-packages/airflow/example_dags/plugins/event_listener.py
[2024-07-01T09:37:02.016-0400] {processor.py:830} INFO - Processing file /Users/christophercunningham/airflow_workspace/data-flow/data_flow_env/lib/python3.12/site-packages/airflow/example_dags/plugins/event_listener.py for tasks to queue
[2024-07-01T09:37:02.017-0400] {logging_mixin.py:188} INFO - [2024-07-01T09:37:02.017-0400] {dagbag.py:545} INFO - Filling up the DagBag from /Users/christophercunningham/airflow_workspace/data-flow/data_flow_env/lib/python3.12/site-packages/airflow/example_dags/plugins/event_listener.py
[2024-07-01T09:37:02.018-0400] {processor.py:842} WARNING - No viable dags retrieved from /Users/christophercunningham/airflow_workspace/data-flow/data_flow_env/lib/python3.12/site-packages/airflow/example_dags/plugins/event_listener.py
[2024-07-01T09:37:02.080-0400] {processor.py:183} INFO - Processing /Users/christophercunningham/airflow_workspace/data-flow/data_flow_env/lib/python3.12/site-packages/airflow/example_dags/plugins/event_listener.py took 0.070 seconds
[2024-07-01T09:38:49.122-0400] {processor.py:161} INFO - Started process (PID=14559) to work on /Users/christophercunningham/airflow_workspace/data-flow/data_flow_env/lib/python3.12/site-packages/airflow/example_dags/plugins/event_listener.py
[2024-07-01T09:38:49.124-0400] {processor.py:830} INFO - Processing file /Users/christophercunningham/airflow_workspace/data-flow/data_flow_env/lib/python3.12/site-packages/airflow/example_dags/plugins/event_listener.py for tasks to queue
[2024-07-01T09:38:49.124-0400] {logging_mixin.py:188} INFO - [2024-07-01T09:38:49.124-0400] {dagbag.py:545} INFO - Filling up the DagBag from /Users/christophercunningham/airflow_workspace/data-flow/data_flow_env/lib/python3.12/site-packages/airflow/example_dags/plugins/event_listener.py
[2024-07-01T09:38:49.125-0400] {processor.py:842} WARNING - No viable dags retrieved from /Users/christophercunningham/airflow_workspace/data-flow/data_flow_env/lib/python3.12/site-packages/airflow/example_dags/plugins/event_listener.py
[2024-07-01T09:38:49.187-0400] {processor.py:183} INFO - Processing /Users/christophercunningham/airflow_workspace/data-flow/data_flow_env/lib/python3.12/site-packages/airflow/example_dags/plugins/event_listener.py took 0.069 seconds
[2024-07-01T09:40:33.992-0400] {processor.py:161} INFO - Started process (PID=14782) to work on /Users/christophercunningham/airflow_workspace/data-flow/data_flow_env/lib/python3.12/site-packages/airflow/example_dags/plugins/event_listener.py
[2024-07-01T09:40:33.994-0400] {processor.py:830} INFO - Processing file /Users/christophercunningham/airflow_workspace/data-flow/data_flow_env/lib/python3.12/site-packages/airflow/example_dags/plugins/event_listener.py for tasks to queue
[2024-07-01T09:40:33.995-0400] {logging_mixin.py:188} INFO - [2024-07-01T09:40:33.995-0400] {dagbag.py:545} INFO - Filling up the DagBag from /Users/christophercunningham/airflow_workspace/data-flow/data_flow_env/lib/python3.12/site-packages/airflow/example_dags/plugins/event_listener.py
[2024-07-01T09:40:33.995-0400] {processor.py:842} WARNING - No viable dags retrieved from /Users/christophercunningham/airflow_workspace/data-flow/data_flow_env/lib/python3.12/site-packages/airflow/example_dags/plugins/event_listener.py
[2024-07-01T09:40:34.057-0400] {processor.py:183} INFO - Processing /Users/christophercunningham/airflow_workspace/data-flow/data_flow_env/lib/python3.12/site-packages/airflow/example_dags/plugins/event_listener.py took 0.070 seconds
[2024-07-01T09:42:20.546-0400] {processor.py:161} INFO - Started process (PID=14951) to work on /Users/christophercunningham/airflow_workspace/data-flow/data_flow_env/lib/python3.12/site-packages/airflow/example_dags/plugins/event_listener.py
[2024-07-01T09:42:20.548-0400] {processor.py:830} INFO - Processing file /Users/christophercunningham/airflow_workspace/data-flow/data_flow_env/lib/python3.12/site-packages/airflow/example_dags/plugins/event_listener.py for tasks to queue
[2024-07-01T09:42:20.550-0400] {logging_mixin.py:188} INFO - [2024-07-01T09:42:20.549-0400] {dagbag.py:545} INFO - Filling up the DagBag from /Users/christophercunningham/airflow_workspace/data-flow/data_flow_env/lib/python3.12/site-packages/airflow/example_dags/plugins/event_listener.py
[2024-07-01T09:42:20.551-0400] {processor.py:842} WARNING - No viable dags retrieved from /Users/christophercunningham/airflow_workspace/data-flow/data_flow_env/lib/python3.12/site-packages/airflow/example_dags/plugins/event_listener.py
[2024-07-01T09:42:20.625-0400] {processor.py:183} INFO - Processing /Users/christophercunningham/airflow_workspace/data-flow/data_flow_env/lib/python3.12/site-packages/airflow/example_dags/plugins/event_listener.py took 0.084 seconds
[2024-07-01T09:44:11.937-0400] {processor.py:161} INFO - Started process (PID=15131) to work on /Users/christophercunningham/airflow_workspace/data-flow/data_flow_env/lib/python3.12/site-packages/airflow/example_dags/plugins/event_listener.py
[2024-07-01T09:44:11.939-0400] {processor.py:830} INFO - Processing file /Users/christophercunningham/airflow_workspace/data-flow/data_flow_env/lib/python3.12/site-packages/airflow/example_dags/plugins/event_listener.py for tasks to queue
[2024-07-01T09:44:11.939-0400] {logging_mixin.py:188} INFO - [2024-07-01T09:44:11.939-0400] {dagbag.py:545} INFO - Filling up the DagBag from /Users/christophercunningham/airflow_workspace/data-flow/data_flow_env/lib/python3.12/site-packages/airflow/example_dags/plugins/event_listener.py
[2024-07-01T09:44:11.940-0400] {processor.py:842} WARNING - No viable dags retrieved from /Users/christophercunningham/airflow_workspace/data-flow/data_flow_env/lib/python3.12/site-packages/airflow/example_dags/plugins/event_listener.py
[2024-07-01T09:44:12.007-0400] {processor.py:183} INFO - Processing /Users/christophercunningham/airflow_workspace/data-flow/data_flow_env/lib/python3.12/site-packages/airflow/example_dags/plugins/event_listener.py took 0.075 seconds
[2024-07-01T09:45:59.103-0400] {processor.py:161} INFO - Started process (PID=15284) to work on /Users/christophercunningham/airflow_workspace/data-flow/data_flow_env/lib/python3.12/site-packages/airflow/example_dags/plugins/event_listener.py
[2024-07-01T09:45:59.104-0400] {processor.py:830} INFO - Processing file /Users/christophercunningham/airflow_workspace/data-flow/data_flow_env/lib/python3.12/site-packages/airflow/example_dags/plugins/event_listener.py for tasks to queue
[2024-07-01T09:45:59.105-0400] {logging_mixin.py:188} INFO - [2024-07-01T09:45:59.104-0400] {dagbag.py:545} INFO - Filling up the DagBag from /Users/christophercunningham/airflow_workspace/data-flow/data_flow_env/lib/python3.12/site-packages/airflow/example_dags/plugins/event_listener.py
[2024-07-01T09:45:59.105-0400] {processor.py:842} WARNING - No viable dags retrieved from /Users/christophercunningham/airflow_workspace/data-flow/data_flow_env/lib/python3.12/site-packages/airflow/example_dags/plugins/event_listener.py
[2024-07-01T09:45:59.170-0400] {processor.py:183} INFO - Processing /Users/christophercunningham/airflow_workspace/data-flow/data_flow_env/lib/python3.12/site-packages/airflow/example_dags/plugins/event_listener.py took 0.072 seconds
[2024-07-01T09:47:45.220-0400] {processor.py:161} INFO - Started process (PID=15446) to work on /Users/christophercunningham/airflow_workspace/data-flow/data_flow_env/lib/python3.12/site-packages/airflow/example_dags/plugins/event_listener.py
[2024-07-01T09:47:45.221-0400] {processor.py:830} INFO - Processing file /Users/christophercunningham/airflow_workspace/data-flow/data_flow_env/lib/python3.12/site-packages/airflow/example_dags/plugins/event_listener.py for tasks to queue
[2024-07-01T09:47:45.222-0400] {logging_mixin.py:188} INFO - [2024-07-01T09:47:45.221-0400] {dagbag.py:545} INFO - Filling up the DagBag from /Users/christophercunningham/airflow_workspace/data-flow/data_flow_env/lib/python3.12/site-packages/airflow/example_dags/plugins/event_listener.py
[2024-07-01T09:47:45.222-0400] {processor.py:842} WARNING - No viable dags retrieved from /Users/christophercunningham/airflow_workspace/data-flow/data_flow_env/lib/python3.12/site-packages/airflow/example_dags/plugins/event_listener.py
[2024-07-01T09:47:45.285-0400] {processor.py:183} INFO - Processing /Users/christophercunningham/airflow_workspace/data-flow/data_flow_env/lib/python3.12/site-packages/airflow/example_dags/plugins/event_listener.py took 0.070 seconds
[2024-07-01T09:49:33.391-0400] {processor.py:161} INFO - Started process (PID=15604) to work on /Users/christophercunningham/airflow_workspace/data-flow/data_flow_env/lib/python3.12/site-packages/airflow/example_dags/plugins/event_listener.py
[2024-07-01T09:49:33.392-0400] {processor.py:830} INFO - Processing file /Users/christophercunningham/airflow_workspace/data-flow/data_flow_env/lib/python3.12/site-packages/airflow/example_dags/plugins/event_listener.py for tasks to queue
[2024-07-01T09:49:33.393-0400] {logging_mixin.py:188} INFO - [2024-07-01T09:49:33.393-0400] {dagbag.py:545} INFO - Filling up the DagBag from /Users/christophercunningham/airflow_workspace/data-flow/data_flow_env/lib/python3.12/site-packages/airflow/example_dags/plugins/event_listener.py
[2024-07-01T09:49:33.394-0400] {processor.py:842} WARNING - No viable dags retrieved from /Users/christophercunningham/airflow_workspace/data-flow/data_flow_env/lib/python3.12/site-packages/airflow/example_dags/plugins/event_listener.py
[2024-07-01T09:49:33.458-0400] {processor.py:183} INFO - Processing /Users/christophercunningham/airflow_workspace/data-flow/data_flow_env/lib/python3.12/site-packages/airflow/example_dags/plugins/event_listener.py took 0.071 seconds
[2024-07-01T09:51:23.657-0400] {processor.py:161} INFO - Started process (PID=15823) to work on /Users/christophercunningham/airflow_workspace/data-flow/data_flow_env/lib/python3.12/site-packages/airflow/example_dags/plugins/event_listener.py
[2024-07-01T09:51:23.658-0400] {processor.py:830} INFO - Processing file /Users/christophercunningham/airflow_workspace/data-flow/data_flow_env/lib/python3.12/site-packages/airflow/example_dags/plugins/event_listener.py for tasks to queue
[2024-07-01T09:51:23.659-0400] {logging_mixin.py:188} INFO - [2024-07-01T09:51:23.659-0400] {dagbag.py:545} INFO - Filling up the DagBag from /Users/christophercunningham/airflow_workspace/data-flow/data_flow_env/lib/python3.12/site-packages/airflow/example_dags/plugins/event_listener.py
[2024-07-01T09:51:23.660-0400] {processor.py:842} WARNING - No viable dags retrieved from /Users/christophercunningham/airflow_workspace/data-flow/data_flow_env/lib/python3.12/site-packages/airflow/example_dags/plugins/event_listener.py
[2024-07-01T09:51:23.729-0400] {processor.py:183} INFO - Processing /Users/christophercunningham/airflow_workspace/data-flow/data_flow_env/lib/python3.12/site-packages/airflow/example_dags/plugins/event_listener.py took 0.076 seconds
[2024-07-01T09:53:05.841-0400] {processor.py:161} INFO - Started process (PID=15977) to work on /Users/christophercunningham/airflow_workspace/data-flow/data_flow_env/lib/python3.12/site-packages/airflow/example_dags/plugins/event_listener.py
[2024-07-01T09:53:05.841-0400] {processor.py:830} INFO - Processing file /Users/christophercunningham/airflow_workspace/data-flow/data_flow_env/lib/python3.12/site-packages/airflow/example_dags/plugins/event_listener.py for tasks to queue
[2024-07-01T09:53:05.842-0400] {logging_mixin.py:188} INFO - [2024-07-01T09:53:05.842-0400] {dagbag.py:545} INFO - Filling up the DagBag from /Users/christophercunningham/airflow_workspace/data-flow/data_flow_env/lib/python3.12/site-packages/airflow/example_dags/plugins/event_listener.py
[2024-07-01T09:53:05.843-0400] {processor.py:842} WARNING - No viable dags retrieved from /Users/christophercunningham/airflow_workspace/data-flow/data_flow_env/lib/python3.12/site-packages/airflow/example_dags/plugins/event_listener.py
[2024-07-01T09:53:05.916-0400] {processor.py:183} INFO - Processing /Users/christophercunningham/airflow_workspace/data-flow/data_flow_env/lib/python3.12/site-packages/airflow/example_dags/plugins/event_listener.py took 0.079 seconds
[2024-07-01T09:54:45.395-0400] {processor.py:161} INFO - Started process (PID=16184) to work on /Users/christophercunningham/airflow_workspace/data-flow/data_flow_env/lib/python3.12/site-packages/airflow/example_dags/plugins/event_listener.py
[2024-07-01T09:54:45.397-0400] {processor.py:830} INFO - Processing file /Users/christophercunningham/airflow_workspace/data-flow/data_flow_env/lib/python3.12/site-packages/airflow/example_dags/plugins/event_listener.py for tasks to queue
[2024-07-01T09:54:45.398-0400] {logging_mixin.py:188} INFO - [2024-07-01T09:54:45.398-0400] {dagbag.py:545} INFO - Filling up the DagBag from /Users/christophercunningham/airflow_workspace/data-flow/data_flow_env/lib/python3.12/site-packages/airflow/example_dags/plugins/event_listener.py
[2024-07-01T09:54:45.399-0400] {processor.py:842} WARNING - No viable dags retrieved from /Users/christophercunningham/airflow_workspace/data-flow/data_flow_env/lib/python3.12/site-packages/airflow/example_dags/plugins/event_listener.py
[2024-07-01T09:54:45.459-0400] {processor.py:183} INFO - Processing /Users/christophercunningham/airflow_workspace/data-flow/data_flow_env/lib/python3.12/site-packages/airflow/example_dags/plugins/event_listener.py took 0.069 seconds
[2024-07-01T09:56:29.133-0400] {processor.py:161} INFO - Started process (PID=16410) to work on /Users/christophercunningham/airflow_workspace/data-flow/data_flow_env/lib/python3.12/site-packages/airflow/example_dags/plugins/event_listener.py
[2024-07-01T09:56:29.134-0400] {processor.py:830} INFO - Processing file /Users/christophercunningham/airflow_workspace/data-flow/data_flow_env/lib/python3.12/site-packages/airflow/example_dags/plugins/event_listener.py for tasks to queue
[2024-07-01T09:56:29.135-0400] {logging_mixin.py:188} INFO - [2024-07-01T09:56:29.135-0400] {dagbag.py:545} INFO - Filling up the DagBag from /Users/christophercunningham/airflow_workspace/data-flow/data_flow_env/lib/python3.12/site-packages/airflow/example_dags/plugins/event_listener.py
[2024-07-01T09:56:29.136-0400] {processor.py:842} WARNING - No viable dags retrieved from /Users/christophercunningham/airflow_workspace/data-flow/data_flow_env/lib/python3.12/site-packages/airflow/example_dags/plugins/event_listener.py
[2024-07-01T09:56:29.202-0400] {processor.py:183} INFO - Processing /Users/christophercunningham/airflow_workspace/data-flow/data_flow_env/lib/python3.12/site-packages/airflow/example_dags/plugins/event_listener.py took 0.073 seconds
[2024-07-01T09:58:07.812-0400] {processor.py:161} INFO - Started process (PID=16626) to work on /Users/christophercunningham/airflow_workspace/data-flow/data_flow_env/lib/python3.12/site-packages/airflow/example_dags/plugins/event_listener.py
[2024-07-01T09:58:07.813-0400] {processor.py:830} INFO - Processing file /Users/christophercunningham/airflow_workspace/data-flow/data_flow_env/lib/python3.12/site-packages/airflow/example_dags/plugins/event_listener.py for tasks to queue
[2024-07-01T09:58:07.814-0400] {logging_mixin.py:188} INFO - [2024-07-01T09:58:07.814-0400] {dagbag.py:545} INFO - Filling up the DagBag from /Users/christophercunningham/airflow_workspace/data-flow/data_flow_env/lib/python3.12/site-packages/airflow/example_dags/plugins/event_listener.py
[2024-07-01T09:58:07.815-0400] {processor.py:842} WARNING - No viable dags retrieved from /Users/christophercunningham/airflow_workspace/data-flow/data_flow_env/lib/python3.12/site-packages/airflow/example_dags/plugins/event_listener.py
[2024-07-01T09:58:07.884-0400] {processor.py:183} INFO - Processing /Users/christophercunningham/airflow_workspace/data-flow/data_flow_env/lib/python3.12/site-packages/airflow/example_dags/plugins/event_listener.py took 0.077 seconds
[2024-07-01T09:59:49.234-0400] {processor.py:161} INFO - Started process (PID=16844) to work on /Users/christophercunningham/airflow_workspace/data-flow/data_flow_env/lib/python3.12/site-packages/airflow/example_dags/plugins/event_listener.py
[2024-07-01T09:59:49.235-0400] {processor.py:830} INFO - Processing file /Users/christophercunningham/airflow_workspace/data-flow/data_flow_env/lib/python3.12/site-packages/airflow/example_dags/plugins/event_listener.py for tasks to queue
[2024-07-01T09:59:49.236-0400] {logging_mixin.py:188} INFO - [2024-07-01T09:59:49.235-0400] {dagbag.py:545} INFO - Filling up the DagBag from /Users/christophercunningham/airflow_workspace/data-flow/data_flow_env/lib/python3.12/site-packages/airflow/example_dags/plugins/event_listener.py
[2024-07-01T09:59:49.236-0400] {processor.py:842} WARNING - No viable dags retrieved from /Users/christophercunningham/airflow_workspace/data-flow/data_flow_env/lib/python3.12/site-packages/airflow/example_dags/plugins/event_listener.py
[2024-07-01T09:59:49.304-0400] {processor.py:183} INFO - Processing /Users/christophercunningham/airflow_workspace/data-flow/data_flow_env/lib/python3.12/site-packages/airflow/example_dags/plugins/event_listener.py took 0.073 seconds
[2024-07-01T10:01:32.611-0400] {processor.py:161} INFO - Started process (PID=17098) to work on /Users/christophercunningham/airflow_workspace/data-flow/data_flow_env/lib/python3.12/site-packages/airflow/example_dags/plugins/event_listener.py
[2024-07-01T10:01:32.612-0400] {processor.py:830} INFO - Processing file /Users/christophercunningham/airflow_workspace/data-flow/data_flow_env/lib/python3.12/site-packages/airflow/example_dags/plugins/event_listener.py for tasks to queue
[2024-07-01T10:01:32.613-0400] {logging_mixin.py:188} INFO - [2024-07-01T10:01:32.612-0400] {dagbag.py:545} INFO - Filling up the DagBag from /Users/christophercunningham/airflow_workspace/data-flow/data_flow_env/lib/python3.12/site-packages/airflow/example_dags/plugins/event_listener.py
[2024-07-01T10:01:32.613-0400] {processor.py:842} WARNING - No viable dags retrieved from /Users/christophercunningham/airflow_workspace/data-flow/data_flow_env/lib/python3.12/site-packages/airflow/example_dags/plugins/event_listener.py
[2024-07-01T10:01:32.676-0400] {processor.py:183} INFO - Processing /Users/christophercunningham/airflow_workspace/data-flow/data_flow_env/lib/python3.12/site-packages/airflow/example_dags/plugins/event_listener.py took 0.070 seconds
[2024-07-01T10:03:19.629-0400] {processor.py:161} INFO - Started process (PID=17315) to work on /Users/christophercunningham/airflow_workspace/data-flow/data_flow_env/lib/python3.12/site-packages/airflow/example_dags/plugins/event_listener.py
[2024-07-01T10:03:19.630-0400] {processor.py:830} INFO - Processing file /Users/christophercunningham/airflow_workspace/data-flow/data_flow_env/lib/python3.12/site-packages/airflow/example_dags/plugins/event_listener.py for tasks to queue
[2024-07-01T10:03:19.631-0400] {logging_mixin.py:188} INFO - [2024-07-01T10:03:19.631-0400] {dagbag.py:545} INFO - Filling up the DagBag from /Users/christophercunningham/airflow_workspace/data-flow/data_flow_env/lib/python3.12/site-packages/airflow/example_dags/plugins/event_listener.py
[2024-07-01T10:03:19.632-0400] {processor.py:842} WARNING - No viable dags retrieved from /Users/christophercunningham/airflow_workspace/data-flow/data_flow_env/lib/python3.12/site-packages/airflow/example_dags/plugins/event_listener.py
[2024-07-01T10:03:19.694-0400] {processor.py:183} INFO - Processing /Users/christophercunningham/airflow_workspace/data-flow/data_flow_env/lib/python3.12/site-packages/airflow/example_dags/plugins/event_listener.py took 0.070 seconds
[2024-07-01T10:05:08.886-0400] {processor.py:161} INFO - Started process (PID=17535) to work on /Users/christophercunningham/airflow_workspace/data-flow/data_flow_env/lib/python3.12/site-packages/airflow/example_dags/plugins/event_listener.py
[2024-07-01T10:05:08.888-0400] {processor.py:830} INFO - Processing file /Users/christophercunningham/airflow_workspace/data-flow/data_flow_env/lib/python3.12/site-packages/airflow/example_dags/plugins/event_listener.py for tasks to queue
[2024-07-01T10:05:08.889-0400] {logging_mixin.py:188} INFO - [2024-07-01T10:05:08.888-0400] {dagbag.py:545} INFO - Filling up the DagBag from /Users/christophercunningham/airflow_workspace/data-flow/data_flow_env/lib/python3.12/site-packages/airflow/example_dags/plugins/event_listener.py
[2024-07-01T10:05:08.889-0400] {processor.py:842} WARNING - No viable dags retrieved from /Users/christophercunningham/airflow_workspace/data-flow/data_flow_env/lib/python3.12/site-packages/airflow/example_dags/plugins/event_listener.py
[2024-07-01T10:05:08.960-0400] {processor.py:183} INFO - Processing /Users/christophercunningham/airflow_workspace/data-flow/data_flow_env/lib/python3.12/site-packages/airflow/example_dags/plugins/event_listener.py took 0.076 seconds
[2024-07-01T10:06:59.525-0400] {processor.py:161} INFO - Started process (PID=17767) to work on /Users/christophercunningham/airflow_workspace/data-flow/data_flow_env/lib/python3.12/site-packages/airflow/example_dags/plugins/event_listener.py
[2024-07-01T10:06:59.527-0400] {processor.py:830} INFO - Processing file /Users/christophercunningham/airflow_workspace/data-flow/data_flow_env/lib/python3.12/site-packages/airflow/example_dags/plugins/event_listener.py for tasks to queue
[2024-07-01T10:06:59.528-0400] {logging_mixin.py:188} INFO - [2024-07-01T10:06:59.528-0400] {dagbag.py:545} INFO - Filling up the DagBag from /Users/christophercunningham/airflow_workspace/data-flow/data_flow_env/lib/python3.12/site-packages/airflow/example_dags/plugins/event_listener.py
[2024-07-01T10:06:59.529-0400] {processor.py:842} WARNING - No viable dags retrieved from /Users/christophercunningham/airflow_workspace/data-flow/data_flow_env/lib/python3.12/site-packages/airflow/example_dags/plugins/event_listener.py
[2024-07-01T10:06:59.591-0400] {processor.py:183} INFO - Processing /Users/christophercunningham/airflow_workspace/data-flow/data_flow_env/lib/python3.12/site-packages/airflow/example_dags/plugins/event_listener.py took 0.070 seconds
[2024-07-01T10:08:47.853-0400] {processor.py:161} INFO - Started process (PID=17995) to work on /Users/christophercunningham/airflow_workspace/data-flow/data_flow_env/lib/python3.12/site-packages/airflow/example_dags/plugins/event_listener.py
[2024-07-01T10:08:47.854-0400] {processor.py:830} INFO - Processing file /Users/christophercunningham/airflow_workspace/data-flow/data_flow_env/lib/python3.12/site-packages/airflow/example_dags/plugins/event_listener.py for tasks to queue
[2024-07-01T10:08:47.855-0400] {logging_mixin.py:188} INFO - [2024-07-01T10:08:47.855-0400] {dagbag.py:545} INFO - Filling up the DagBag from /Users/christophercunningham/airflow_workspace/data-flow/data_flow_env/lib/python3.12/site-packages/airflow/example_dags/plugins/event_listener.py
[2024-07-01T10:08:47.856-0400] {processor.py:842} WARNING - No viable dags retrieved from /Users/christophercunningham/airflow_workspace/data-flow/data_flow_env/lib/python3.12/site-packages/airflow/example_dags/plugins/event_listener.py
[2024-07-01T10:08:47.917-0400] {processor.py:183} INFO - Processing /Users/christophercunningham/airflow_workspace/data-flow/data_flow_env/lib/python3.12/site-packages/airflow/example_dags/plugins/event_listener.py took 0.069 seconds
[2024-07-01T10:10:33.803-0400] {processor.py:161} INFO - Started process (PID=18256) to work on /Users/christophercunningham/airflow_workspace/data-flow/data_flow_env/lib/python3.12/site-packages/airflow/example_dags/plugins/event_listener.py
[2024-07-01T10:10:33.805-0400] {processor.py:830} INFO - Processing file /Users/christophercunningham/airflow_workspace/data-flow/data_flow_env/lib/python3.12/site-packages/airflow/example_dags/plugins/event_listener.py for tasks to queue
[2024-07-01T10:10:33.806-0400] {logging_mixin.py:188} INFO - [2024-07-01T10:10:33.805-0400] {dagbag.py:545} INFO - Filling up the DagBag from /Users/christophercunningham/airflow_workspace/data-flow/data_flow_env/lib/python3.12/site-packages/airflow/example_dags/plugins/event_listener.py
[2024-07-01T10:10:33.807-0400] {processor.py:842} WARNING - No viable dags retrieved from /Users/christophercunningham/airflow_workspace/data-flow/data_flow_env/lib/python3.12/site-packages/airflow/example_dags/plugins/event_listener.py
[2024-07-01T10:10:33.872-0400] {processor.py:183} INFO - Processing /Users/christophercunningham/airflow_workspace/data-flow/data_flow_env/lib/python3.12/site-packages/airflow/example_dags/plugins/event_listener.py took 0.073 seconds
[2024-07-01T10:12:12.265-0400] {processor.py:161} INFO - Started process (PID=18461) to work on /Users/christophercunningham/airflow_workspace/data-flow/data_flow_env/lib/python3.12/site-packages/airflow/example_dags/plugins/event_listener.py
[2024-07-01T10:12:12.267-0400] {processor.py:830} INFO - Processing file /Users/christophercunningham/airflow_workspace/data-flow/data_flow_env/lib/python3.12/site-packages/airflow/example_dags/plugins/event_listener.py for tasks to queue
[2024-07-01T10:12:12.267-0400] {logging_mixin.py:188} INFO - [2024-07-01T10:12:12.267-0400] {dagbag.py:545} INFO - Filling up the DagBag from /Users/christophercunningham/airflow_workspace/data-flow/data_flow_env/lib/python3.12/site-packages/airflow/example_dags/plugins/event_listener.py
[2024-07-01T10:12:12.268-0400] {processor.py:842} WARNING - No viable dags retrieved from /Users/christophercunningham/airflow_workspace/data-flow/data_flow_env/lib/python3.12/site-packages/airflow/example_dags/plugins/event_listener.py
[2024-07-01T10:12:12.330-0400] {processor.py:183} INFO - Processing /Users/christophercunningham/airflow_workspace/data-flow/data_flow_env/lib/python3.12/site-packages/airflow/example_dags/plugins/event_listener.py took 0.068 seconds
[2024-07-01T10:13:55.666-0400] {processor.py:161} INFO - Started process (PID=18730) to work on /Users/christophercunningham/airflow_workspace/data-flow/data_flow_env/lib/python3.12/site-packages/airflow/example_dags/plugins/event_listener.py
[2024-07-01T10:13:55.668-0400] {processor.py:830} INFO - Processing file /Users/christophercunningham/airflow_workspace/data-flow/data_flow_env/lib/python3.12/site-packages/airflow/example_dags/plugins/event_listener.py for tasks to queue
[2024-07-01T10:13:55.669-0400] {logging_mixin.py:188} INFO - [2024-07-01T10:13:55.668-0400] {dagbag.py:545} INFO - Filling up the DagBag from /Users/christophercunningham/airflow_workspace/data-flow/data_flow_env/lib/python3.12/site-packages/airflow/example_dags/plugins/event_listener.py
[2024-07-01T10:13:55.669-0400] {processor.py:842} WARNING - No viable dags retrieved from /Users/christophercunningham/airflow_workspace/data-flow/data_flow_env/lib/python3.12/site-packages/airflow/example_dags/plugins/event_listener.py
[2024-07-01T10:13:55.731-0400] {processor.py:183} INFO - Processing /Users/christophercunningham/airflow_workspace/data-flow/data_flow_env/lib/python3.12/site-packages/airflow/example_dags/plugins/event_listener.py took 0.069 seconds
[2024-07-01T10:15:44.265-0400] {processor.py:161} INFO - Started process (PID=18968) to work on /Users/christophercunningham/airflow_workspace/data-flow/data_flow_env/lib/python3.12/site-packages/airflow/example_dags/plugins/event_listener.py
[2024-07-01T10:15:44.267-0400] {processor.py:830} INFO - Processing file /Users/christophercunningham/airflow_workspace/data-flow/data_flow_env/lib/python3.12/site-packages/airflow/example_dags/plugins/event_listener.py for tasks to queue
[2024-07-01T10:15:44.267-0400] {logging_mixin.py:188} INFO - [2024-07-01T10:15:44.267-0400] {dagbag.py:545} INFO - Filling up the DagBag from /Users/christophercunningham/airflow_workspace/data-flow/data_flow_env/lib/python3.12/site-packages/airflow/example_dags/plugins/event_listener.py
[2024-07-01T10:15:44.268-0400] {processor.py:842} WARNING - No viable dags retrieved from /Users/christophercunningham/airflow_workspace/data-flow/data_flow_env/lib/python3.12/site-packages/airflow/example_dags/plugins/event_listener.py
[2024-07-01T10:15:44.330-0400] {processor.py:183} INFO - Processing /Users/christophercunningham/airflow_workspace/data-flow/data_flow_env/lib/python3.12/site-packages/airflow/example_dags/plugins/event_listener.py took 0.070 seconds
[2024-07-01T10:17:32.372-0400] {processor.py:161} INFO - Started process (PID=19171) to work on /Users/christophercunningham/airflow_workspace/data-flow/data_flow_env/lib/python3.12/site-packages/airflow/example_dags/plugins/event_listener.py
[2024-07-01T10:17:32.373-0400] {processor.py:830} INFO - Processing file /Users/christophercunningham/airflow_workspace/data-flow/data_flow_env/lib/python3.12/site-packages/airflow/example_dags/plugins/event_listener.py for tasks to queue
[2024-07-01T10:17:32.374-0400] {logging_mixin.py:188} INFO - [2024-07-01T10:17:32.373-0400] {dagbag.py:545} INFO - Filling up the DagBag from /Users/christophercunningham/airflow_workspace/data-flow/data_flow_env/lib/python3.12/site-packages/airflow/example_dags/plugins/event_listener.py
[2024-07-01T10:17:32.374-0400] {processor.py:842} WARNING - No viable dags retrieved from /Users/christophercunningham/airflow_workspace/data-flow/data_flow_env/lib/python3.12/site-packages/airflow/example_dags/plugins/event_listener.py
[2024-07-01T10:17:32.439-0400] {processor.py:183} INFO - Processing /Users/christophercunningham/airflow_workspace/data-flow/data_flow_env/lib/python3.12/site-packages/airflow/example_dags/plugins/event_listener.py took 0.072 seconds
[2024-07-01T10:18:58.184-0400] {processor.py:161} INFO - Started process (PID=19374) to work on /Users/christophercunningham/airflow_workspace/data-flow/data_flow_env/lib/python3.12/site-packages/airflow/example_dags/plugins/event_listener.py
[2024-07-01T10:18:58.185-0400] {processor.py:830} INFO - Processing file /Users/christophercunningham/airflow_workspace/data-flow/data_flow_env/lib/python3.12/site-packages/airflow/example_dags/plugins/event_listener.py for tasks to queue
[2024-07-01T10:18:58.186-0400] {logging_mixin.py:188} INFO - [2024-07-01T10:18:58.186-0400] {dagbag.py:545} INFO - Filling up the DagBag from /Users/christophercunningham/airflow_workspace/data-flow/data_flow_env/lib/python3.12/site-packages/airflow/example_dags/plugins/event_listener.py
[2024-07-01T10:18:58.187-0400] {processor.py:842} WARNING - No viable dags retrieved from /Users/christophercunningham/airflow_workspace/data-flow/data_flow_env/lib/python3.12/site-packages/airflow/example_dags/plugins/event_listener.py
[2024-07-01T10:18:58.258-0400] {processor.py:183} INFO - Processing /Users/christophercunningham/airflow_workspace/data-flow/data_flow_env/lib/python3.12/site-packages/airflow/example_dags/plugins/event_listener.py took 0.078 seconds
[2024-07-01T10:38:50.832-0400] {processor.py:161} INFO - Started process (PID=21088) to work on /Users/christophercunningham/airflow_workspace/data-flow/data_flow_env/lib/python3.12/site-packages/airflow/example_dags/plugins/event_listener.py
[2024-07-01T10:38:50.833-0400] {processor.py:830} INFO - Processing file /Users/christophercunningham/airflow_workspace/data-flow/data_flow_env/lib/python3.12/site-packages/airflow/example_dags/plugins/event_listener.py for tasks to queue
[2024-07-01T10:38:50.833-0400] {logging_mixin.py:188} INFO - [2024-07-01T10:38:50.833-0400] {dagbag.py:545} INFO - Filling up the DagBag from /Users/christophercunningham/airflow_workspace/data-flow/data_flow_env/lib/python3.12/site-packages/airflow/example_dags/plugins/event_listener.py
[2024-07-01T10:38:50.834-0400] {processor.py:842} WARNING - No viable dags retrieved from /Users/christophercunningham/airflow_workspace/data-flow/data_flow_env/lib/python3.12/site-packages/airflow/example_dags/plugins/event_listener.py
[2024-07-01T10:38:50.904-0400] {processor.py:183} INFO - Processing /Users/christophercunningham/airflow_workspace/data-flow/data_flow_env/lib/python3.12/site-packages/airflow/example_dags/plugins/event_listener.py took 0.075 seconds
