[2024-07-01T09:28:14.745-0400] {processor.py:161} INFO - Started process (PID=13299) to work on /Users/christophercunningham/airflow_workspace/data-flow/data_flow_env/lib/python3.12/site-packages/airflow/example_dags/plugins/listener_plugin.py
[2024-07-01T09:28:14.746-0400] {processor.py:830} INFO - Processing file /Users/christophercunningham/airflow_workspace/data-flow/data_flow_env/lib/python3.12/site-packages/airflow/example_dags/plugins/listener_plugin.py for tasks to queue
[2024-07-01T09:28:14.747-0400] {logging_mixin.py:188} INFO - [2024-07-01T09:28:14.746-0400] {dagbag.py:545} INFO - Filling up the DagBag from /Users/christophercunningham/airflow_workspace/data-flow/data_flow_env/lib/python3.12/site-packages/airflow/example_dags/plugins/listener_plugin.py
[2024-07-01T09:28:14.749-0400] {processor.py:842} WARNING - No viable dags retrieved from /Users/christophercunningham/airflow_workspace/data-flow/data_flow_env/lib/python3.12/site-packages/airflow/example_dags/plugins/listener_plugin.py
[2024-07-01T09:28:14.822-0400] {processor.py:183} INFO - Processing /Users/christophercunningham/airflow_workspace/data-flow/data_flow_env/lib/python3.12/site-packages/airflow/example_dags/plugins/listener_plugin.py took 0.081 seconds
[2024-07-01T09:29:57.709-0400] {processor.py:161} INFO - Started process (PID=13524) to work on /Users/christophercunningham/airflow_workspace/data-flow/data_flow_env/lib/python3.12/site-packages/airflow/example_dags/plugins/listener_plugin.py
[2024-07-01T09:29:57.711-0400] {processor.py:830} INFO - Processing file /Users/christophercunningham/airflow_workspace/data-flow/data_flow_env/lib/python3.12/site-packages/airflow/example_dags/plugins/listener_plugin.py for tasks to queue
[2024-07-01T09:29:57.713-0400] {logging_mixin.py:188} INFO - [2024-07-01T09:29:57.712-0400] {dagbag.py:545} INFO - Filling up the DagBag from /Users/christophercunningham/airflow_workspace/data-flow/data_flow_env/lib/python3.12/site-packages/airflow/example_dags/plugins/listener_plugin.py
[2024-07-01T09:29:57.715-0400] {processor.py:842} WARNING - No viable dags retrieved from /Users/christophercunningham/airflow_workspace/data-flow/data_flow_env/lib/python3.12/site-packages/airflow/example_dags/plugins/listener_plugin.py
[2024-07-01T09:29:57.775-0400] {processor.py:183} INFO - Processing /Users/christophercunningham/airflow_workspace/data-flow/data_flow_env/lib/python3.12/site-packages/airflow/example_dags/plugins/listener_plugin.py took 0.071 seconds
[2024-07-01T09:31:11.071-0400] {processor.py:161} INFO - Started process (PID=13788) to work on /Users/christophercunningham/airflow_workspace/data-flow/data_flow_env/lib/python3.12/site-packages/airflow/example_dags/plugins/listener_plugin.py
[2024-07-01T09:31:11.072-0400] {processor.py:830} INFO - Processing file /Users/christophercunningham/airflow_workspace/data-flow/data_flow_env/lib/python3.12/site-packages/airflow/example_dags/plugins/listener_plugin.py for tasks to queue
[2024-07-01T09:31:11.073-0400] {logging_mixin.py:188} INFO - [2024-07-01T09:31:11.073-0400] {dagbag.py:545} INFO - Filling up the DagBag from /Users/christophercunningham/airflow_workspace/data-flow/data_flow_env/lib/python3.12/site-packages/airflow/example_dags/plugins/listener_plugin.py
[2024-07-01T09:31:11.075-0400] {processor.py:842} WARNING - No viable dags retrieved from /Users/christophercunningham/airflow_workspace/data-flow/data_flow_env/lib/python3.12/site-packages/airflow/example_dags/plugins/listener_plugin.py
[2024-07-01T09:31:11.145-0400] {processor.py:183} INFO - Processing /Users/christophercunningham/airflow_workspace/data-flow/data_flow_env/lib/python3.12/site-packages/airflow/example_dags/plugins/listener_plugin.py took 0.078 seconds
[2024-07-01T09:33:32.663-0400] {processor.py:161} INFO - Started process (PID=14078) to work on /Users/christophercunningham/airflow_workspace/data-flow/data_flow_env/lib/python3.12/site-packages/airflow/example_dags/plugins/listener_plugin.py
[2024-07-01T09:33:32.665-0400] {processor.py:830} INFO - Processing file /Users/christophercunningham/airflow_workspace/data-flow/data_flow_env/lib/python3.12/site-packages/airflow/example_dags/plugins/listener_plugin.py for tasks to queue
[2024-07-01T09:33:32.666-0400] {logging_mixin.py:188} INFO - [2024-07-01T09:33:32.665-0400] {dagbag.py:545} INFO - Filling up the DagBag from /Users/christophercunningham/airflow_workspace/data-flow/data_flow_env/lib/python3.12/site-packages/airflow/example_dags/plugins/listener_plugin.py
[2024-07-01T09:33:32.668-0400] {processor.py:842} WARNING - No viable dags retrieved from /Users/christophercunningham/airflow_workspace/data-flow/data_flow_env/lib/python3.12/site-packages/airflow/example_dags/plugins/listener_plugin.py
[2024-07-01T09:33:32.731-0400] {processor.py:183} INFO - Processing /Users/christophercunningham/airflow_workspace/data-flow/data_flow_env/lib/python3.12/site-packages/airflow/example_dags/plugins/listener_plugin.py took 0.073 seconds
[2024-07-01T09:35:17.015-0400] {processor.py:161} INFO - Started process (PID=14236) to work on /Users/christophercunningham/airflow_workspace/data-flow/data_flow_env/lib/python3.12/site-packages/airflow/example_dags/plugins/listener_plugin.py
[2024-07-01T09:35:17.016-0400] {processor.py:830} INFO - Processing file /Users/christophercunningham/airflow_workspace/data-flow/data_flow_env/lib/python3.12/site-packages/airflow/example_dags/plugins/listener_plugin.py for tasks to queue
[2024-07-01T09:35:17.017-0400] {logging_mixin.py:188} INFO - [2024-07-01T09:35:17.017-0400] {dagbag.py:545} INFO - Filling up the DagBag from /Users/christophercunningham/airflow_workspace/data-flow/data_flow_env/lib/python3.12/site-packages/airflow/example_dags/plugins/listener_plugin.py
[2024-07-01T09:35:17.019-0400] {processor.py:842} WARNING - No viable dags retrieved from /Users/christophercunningham/airflow_workspace/data-flow/data_flow_env/lib/python3.12/site-packages/airflow/example_dags/plugins/listener_plugin.py
[2024-07-01T09:35:17.087-0400] {processor.py:183} INFO - Processing /Users/christophercunningham/airflow_workspace/data-flow/data_flow_env/lib/python3.12/site-packages/airflow/example_dags/plugins/listener_plugin.py took 0.075 seconds
[2024-07-01T09:36:59.500-0400] {processor.py:161} INFO - Started process (PID=14385) to work on /Users/christophercunningham/airflow_workspace/data-flow/data_flow_env/lib/python3.12/site-packages/airflow/example_dags/plugins/listener_plugin.py
[2024-07-01T09:36:59.502-0400] {processor.py:830} INFO - Processing file /Users/christophercunningham/airflow_workspace/data-flow/data_flow_env/lib/python3.12/site-packages/airflow/example_dags/plugins/listener_plugin.py for tasks to queue
[2024-07-01T09:36:59.503-0400] {logging_mixin.py:188} INFO - [2024-07-01T09:36:59.502-0400] {dagbag.py:545} INFO - Filling up the DagBag from /Users/christophercunningham/airflow_workspace/data-flow/data_flow_env/lib/python3.12/site-packages/airflow/example_dags/plugins/listener_plugin.py
[2024-07-01T09:36:59.505-0400] {processor.py:842} WARNING - No viable dags retrieved from /Users/christophercunningham/airflow_workspace/data-flow/data_flow_env/lib/python3.12/site-packages/airflow/example_dags/plugins/listener_plugin.py
[2024-07-01T09:36:59.568-0400] {processor.py:183} INFO - Processing /Users/christophercunningham/airflow_workspace/data-flow/data_flow_env/lib/python3.12/site-packages/airflow/example_dags/plugins/listener_plugin.py took 0.073 seconds
[2024-07-01T09:38:46.573-0400] {processor.py:161} INFO - Started process (PID=14556) to work on /Users/christophercunningham/airflow_workspace/data-flow/data_flow_env/lib/python3.12/site-packages/airflow/example_dags/plugins/listener_plugin.py
[2024-07-01T09:38:46.574-0400] {processor.py:830} INFO - Processing file /Users/christophercunningham/airflow_workspace/data-flow/data_flow_env/lib/python3.12/site-packages/airflow/example_dags/plugins/listener_plugin.py for tasks to queue
[2024-07-01T09:38:46.575-0400] {logging_mixin.py:188} INFO - [2024-07-01T09:38:46.575-0400] {dagbag.py:545} INFO - Filling up the DagBag from /Users/christophercunningham/airflow_workspace/data-flow/data_flow_env/lib/python3.12/site-packages/airflow/example_dags/plugins/listener_plugin.py
[2024-07-01T09:38:46.577-0400] {processor.py:842} WARNING - No viable dags retrieved from /Users/christophercunningham/airflow_workspace/data-flow/data_flow_env/lib/python3.12/site-packages/airflow/example_dags/plugins/listener_plugin.py
[2024-07-01T09:38:46.640-0400] {processor.py:183} INFO - Processing /Users/christophercunningham/airflow_workspace/data-flow/data_flow_env/lib/python3.12/site-packages/airflow/example_dags/plugins/listener_plugin.py took 0.072 seconds
[2024-07-01T09:40:31.458-0400] {processor.py:161} INFO - Started process (PID=14779) to work on /Users/christophercunningham/airflow_workspace/data-flow/data_flow_env/lib/python3.12/site-packages/airflow/example_dags/plugins/listener_plugin.py
[2024-07-01T09:40:31.459-0400] {processor.py:830} INFO - Processing file /Users/christophercunningham/airflow_workspace/data-flow/data_flow_env/lib/python3.12/site-packages/airflow/example_dags/plugins/listener_plugin.py for tasks to queue
[2024-07-01T09:40:31.460-0400] {logging_mixin.py:188} INFO - [2024-07-01T09:40:31.460-0400] {dagbag.py:545} INFO - Filling up the DagBag from /Users/christophercunningham/airflow_workspace/data-flow/data_flow_env/lib/python3.12/site-packages/airflow/example_dags/plugins/listener_plugin.py
[2024-07-01T09:40:31.464-0400] {processor.py:842} WARNING - No viable dags retrieved from /Users/christophercunningham/airflow_workspace/data-flow/data_flow_env/lib/python3.12/site-packages/airflow/example_dags/plugins/listener_plugin.py
[2024-07-01T09:40:31.526-0400] {processor.py:183} INFO - Processing /Users/christophercunningham/airflow_workspace/data-flow/data_flow_env/lib/python3.12/site-packages/airflow/example_dags/plugins/listener_plugin.py took 0.073 seconds
[2024-07-01T09:42:17.972-0400] {processor.py:161} INFO - Started process (PID=14948) to work on /Users/christophercunningham/airflow_workspace/data-flow/data_flow_env/lib/python3.12/site-packages/airflow/example_dags/plugins/listener_plugin.py
[2024-07-01T09:42:17.974-0400] {processor.py:830} INFO - Processing file /Users/christophercunningham/airflow_workspace/data-flow/data_flow_env/lib/python3.12/site-packages/airflow/example_dags/plugins/listener_plugin.py for tasks to queue
[2024-07-01T09:42:17.974-0400] {logging_mixin.py:188} INFO - [2024-07-01T09:42:17.974-0400] {dagbag.py:545} INFO - Filling up the DagBag from /Users/christophercunningham/airflow_workspace/data-flow/data_flow_env/lib/python3.12/site-packages/airflow/example_dags/plugins/listener_plugin.py
[2024-07-01T09:42:17.976-0400] {processor.py:842} WARNING - No viable dags retrieved from /Users/christophercunningham/airflow_workspace/data-flow/data_flow_env/lib/python3.12/site-packages/airflow/example_dags/plugins/listener_plugin.py
[2024-07-01T09:42:18.044-0400] {processor.py:183} INFO - Processing /Users/christophercunningham/airflow_workspace/data-flow/data_flow_env/lib/python3.12/site-packages/airflow/example_dags/plugins/listener_plugin.py took 0.076 seconds
[2024-07-01T09:44:09.701-0400] {processor.py:161} INFO - Started process (PID=15128) to work on /Users/christophercunningham/airflow_workspace/data-flow/data_flow_env/lib/python3.12/site-packages/airflow/example_dags/plugins/listener_plugin.py
[2024-07-01T09:44:09.702-0400] {processor.py:830} INFO - Processing file /Users/christophercunningham/airflow_workspace/data-flow/data_flow_env/lib/python3.12/site-packages/airflow/example_dags/plugins/listener_plugin.py for tasks to queue
[2024-07-01T09:44:09.703-0400] {logging_mixin.py:188} INFO - [2024-07-01T09:44:09.703-0400] {dagbag.py:545} INFO - Filling up the DagBag from /Users/christophercunningham/airflow_workspace/data-flow/data_flow_env/lib/python3.12/site-packages/airflow/example_dags/plugins/listener_plugin.py
[2024-07-01T09:44:09.707-0400] {processor.py:842} WARNING - No viable dags retrieved from /Users/christophercunningham/airflow_workspace/data-flow/data_flow_env/lib/python3.12/site-packages/airflow/example_dags/plugins/listener_plugin.py
[2024-07-01T09:44:09.769-0400] {processor.py:183} INFO - Processing /Users/christophercunningham/airflow_workspace/data-flow/data_flow_env/lib/python3.12/site-packages/airflow/example_dags/plugins/listener_plugin.py took 0.072 seconds
[2024-07-01T09:45:56.598-0400] {processor.py:161} INFO - Started process (PID=15279) to work on /Users/christophercunningham/airflow_workspace/data-flow/data_flow_env/lib/python3.12/site-packages/airflow/example_dags/plugins/listener_plugin.py
[2024-07-01T09:45:56.599-0400] {processor.py:830} INFO - Processing file /Users/christophercunningham/airflow_workspace/data-flow/data_flow_env/lib/python3.12/site-packages/airflow/example_dags/plugins/listener_plugin.py for tasks to queue
[2024-07-01T09:45:56.600-0400] {logging_mixin.py:188} INFO - [2024-07-01T09:45:56.600-0400] {dagbag.py:545} INFO - Filling up the DagBag from /Users/christophercunningham/airflow_workspace/data-flow/data_flow_env/lib/python3.12/site-packages/airflow/example_dags/plugins/listener_plugin.py
[2024-07-01T09:45:56.603-0400] {processor.py:842} WARNING - No viable dags retrieved from /Users/christophercunningham/airflow_workspace/data-flow/data_flow_env/lib/python3.12/site-packages/airflow/example_dags/plugins/listener_plugin.py
[2024-07-01T09:45:56.668-0400] {processor.py:183} INFO - Processing /Users/christophercunningham/airflow_workspace/data-flow/data_flow_env/lib/python3.12/site-packages/airflow/example_dags/plugins/listener_plugin.py took 0.076 seconds
[2024-07-01T09:47:42.660-0400] {processor.py:161} INFO - Started process (PID=15441) to work on /Users/christophercunningham/airflow_workspace/data-flow/data_flow_env/lib/python3.12/site-packages/airflow/example_dags/plugins/listener_plugin.py
[2024-07-01T09:47:42.662-0400] {processor.py:830} INFO - Processing file /Users/christophercunningham/airflow_workspace/data-flow/data_flow_env/lib/python3.12/site-packages/airflow/example_dags/plugins/listener_plugin.py for tasks to queue
[2024-07-01T09:47:42.663-0400] {logging_mixin.py:188} INFO - [2024-07-01T09:47:42.662-0400] {dagbag.py:545} INFO - Filling up the DagBag from /Users/christophercunningham/airflow_workspace/data-flow/data_flow_env/lib/python3.12/site-packages/airflow/example_dags/plugins/listener_plugin.py
[2024-07-01T09:47:42.665-0400] {processor.py:842} WARNING - No viable dags retrieved from /Users/christophercunningham/airflow_workspace/data-flow/data_flow_env/lib/python3.12/site-packages/airflow/example_dags/plugins/listener_plugin.py
[2024-07-01T09:47:42.734-0400] {processor.py:183} INFO - Processing /Users/christophercunningham/airflow_workspace/data-flow/data_flow_env/lib/python3.12/site-packages/airflow/example_dags/plugins/listener_plugin.py took 0.078 seconds
[2024-07-01T09:49:30.850-0400] {processor.py:161} INFO - Started process (PID=15601) to work on /Users/christophercunningham/airflow_workspace/data-flow/data_flow_env/lib/python3.12/site-packages/airflow/example_dags/plugins/listener_plugin.py
[2024-07-01T09:49:30.851-0400] {processor.py:830} INFO - Processing file /Users/christophercunningham/airflow_workspace/data-flow/data_flow_env/lib/python3.12/site-packages/airflow/example_dags/plugins/listener_plugin.py for tasks to queue
[2024-07-01T09:49:30.851-0400] {logging_mixin.py:188} INFO - [2024-07-01T09:49:30.851-0400] {dagbag.py:545} INFO - Filling up the DagBag from /Users/christophercunningham/airflow_workspace/data-flow/data_flow_env/lib/python3.12/site-packages/airflow/example_dags/plugins/listener_plugin.py
[2024-07-01T09:49:30.853-0400] {processor.py:842} WARNING - No viable dags retrieved from /Users/christophercunningham/airflow_workspace/data-flow/data_flow_env/lib/python3.12/site-packages/airflow/example_dags/plugins/listener_plugin.py
[2024-07-01T09:49:30.919-0400] {processor.py:183} INFO - Processing /Users/christophercunningham/airflow_workspace/data-flow/data_flow_env/lib/python3.12/site-packages/airflow/example_dags/plugins/listener_plugin.py took 0.073 seconds
[2024-07-01T09:51:20.914-0400] {processor.py:161} INFO - Started process (PID=15819) to work on /Users/christophercunningham/airflow_workspace/data-flow/data_flow_env/lib/python3.12/site-packages/airflow/example_dags/plugins/listener_plugin.py
[2024-07-01T09:51:20.916-0400] {processor.py:830} INFO - Processing file /Users/christophercunningham/airflow_workspace/data-flow/data_flow_env/lib/python3.12/site-packages/airflow/example_dags/plugins/listener_plugin.py for tasks to queue
[2024-07-01T09:51:20.916-0400] {logging_mixin.py:188} INFO - [2024-07-01T09:51:20.916-0400] {dagbag.py:545} INFO - Filling up the DagBag from /Users/christophercunningham/airflow_workspace/data-flow/data_flow_env/lib/python3.12/site-packages/airflow/example_dags/plugins/listener_plugin.py
[2024-07-01T09:51:20.918-0400] {processor.py:842} WARNING - No viable dags retrieved from /Users/christophercunningham/airflow_workspace/data-flow/data_flow_env/lib/python3.12/site-packages/airflow/example_dags/plugins/listener_plugin.py
[2024-07-01T09:51:20.988-0400] {processor.py:183} INFO - Processing /Users/christophercunningham/airflow_workspace/data-flow/data_flow_env/lib/python3.12/site-packages/airflow/example_dags/plugins/listener_plugin.py took 0.077 seconds
[2024-07-01T09:53:03.101-0400] {processor.py:161} INFO - Started process (PID=15972) to work on /Users/christophercunningham/airflow_workspace/data-flow/data_flow_env/lib/python3.12/site-packages/airflow/example_dags/plugins/listener_plugin.py
[2024-07-01T09:53:03.102-0400] {processor.py:830} INFO - Processing file /Users/christophercunningham/airflow_workspace/data-flow/data_flow_env/lib/python3.12/site-packages/airflow/example_dags/plugins/listener_plugin.py for tasks to queue
[2024-07-01T09:53:03.103-0400] {logging_mixin.py:188} INFO - [2024-07-01T09:53:03.103-0400] {dagbag.py:545} INFO - Filling up the DagBag from /Users/christophercunningham/airflow_workspace/data-flow/data_flow_env/lib/python3.12/site-packages/airflow/example_dags/plugins/listener_plugin.py
[2024-07-01T09:53:03.105-0400] {processor.py:842} WARNING - No viable dags retrieved from /Users/christophercunningham/airflow_workspace/data-flow/data_flow_env/lib/python3.12/site-packages/airflow/example_dags/plugins/listener_plugin.py
[2024-07-01T09:53:03.165-0400] {processor.py:183} INFO - Processing /Users/christophercunningham/airflow_workspace/data-flow/data_flow_env/lib/python3.12/site-packages/airflow/example_dags/plugins/listener_plugin.py took 0.068 seconds
[2024-07-01T09:54:42.841-0400] {processor.py:161} INFO - Started process (PID=16177) to work on /Users/christophercunningham/airflow_workspace/data-flow/data_flow_env/lib/python3.12/site-packages/airflow/example_dags/plugins/listener_plugin.py
[2024-07-01T09:54:42.843-0400] {processor.py:830} INFO - Processing file /Users/christophercunningham/airflow_workspace/data-flow/data_flow_env/lib/python3.12/site-packages/airflow/example_dags/plugins/listener_plugin.py for tasks to queue
[2024-07-01T09:54:42.843-0400] {logging_mixin.py:188} INFO - [2024-07-01T09:54:42.843-0400] {dagbag.py:545} INFO - Filling up the DagBag from /Users/christophercunningham/airflow_workspace/data-flow/data_flow_env/lib/python3.12/site-packages/airflow/example_dags/plugins/listener_plugin.py
[2024-07-01T09:54:42.847-0400] {processor.py:842} WARNING - No viable dags retrieved from /Users/christophercunningham/airflow_workspace/data-flow/data_flow_env/lib/python3.12/site-packages/airflow/example_dags/plugins/listener_plugin.py
[2024-07-01T09:54:42.912-0400] {processor.py:183} INFO - Processing /Users/christophercunningham/airflow_workspace/data-flow/data_flow_env/lib/python3.12/site-packages/airflow/example_dags/plugins/listener_plugin.py took 0.075 seconds
[2024-07-01T09:56:26.651-0400] {processor.py:161} INFO - Started process (PID=16404) to work on /Users/christophercunningham/airflow_workspace/data-flow/data_flow_env/lib/python3.12/site-packages/airflow/example_dags/plugins/listener_plugin.py
[2024-07-01T09:56:26.653-0400] {processor.py:830} INFO - Processing file /Users/christophercunningham/airflow_workspace/data-flow/data_flow_env/lib/python3.12/site-packages/airflow/example_dags/plugins/listener_plugin.py for tasks to queue
[2024-07-01T09:56:26.654-0400] {logging_mixin.py:188} INFO - [2024-07-01T09:56:26.654-0400] {dagbag.py:545} INFO - Filling up the DagBag from /Users/christophercunningham/airflow_workspace/data-flow/data_flow_env/lib/python3.12/site-packages/airflow/example_dags/plugins/listener_plugin.py
[2024-07-01T09:56:26.656-0400] {processor.py:842} WARNING - No viable dags retrieved from /Users/christophercunningham/airflow_workspace/data-flow/data_flow_env/lib/python3.12/site-packages/airflow/example_dags/plugins/listener_plugin.py
[2024-07-01T09:56:26.717-0400] {processor.py:183} INFO - Processing /Users/christophercunningham/airflow_workspace/data-flow/data_flow_env/lib/python3.12/site-packages/airflow/example_dags/plugins/listener_plugin.py took 0.070 seconds
[2024-07-01T09:58:05.255-0400] {processor.py:161} INFO - Started process (PID=16619) to work on /Users/christophercunningham/airflow_workspace/data-flow/data_flow_env/lib/python3.12/site-packages/airflow/example_dags/plugins/listener_plugin.py
[2024-07-01T09:58:05.257-0400] {processor.py:830} INFO - Processing file /Users/christophercunningham/airflow_workspace/data-flow/data_flow_env/lib/python3.12/site-packages/airflow/example_dags/plugins/listener_plugin.py for tasks to queue
[2024-07-01T09:58:05.257-0400] {logging_mixin.py:188} INFO - [2024-07-01T09:58:05.257-0400] {dagbag.py:545} INFO - Filling up the DagBag from /Users/christophercunningham/airflow_workspace/data-flow/data_flow_env/lib/python3.12/site-packages/airflow/example_dags/plugins/listener_plugin.py
[2024-07-01T09:58:05.259-0400] {processor.py:842} WARNING - No viable dags retrieved from /Users/christophercunningham/airflow_workspace/data-flow/data_flow_env/lib/python3.12/site-packages/airflow/example_dags/plugins/listener_plugin.py
[2024-07-01T09:58:05.321-0400] {processor.py:183} INFO - Processing /Users/christophercunningham/airflow_workspace/data-flow/data_flow_env/lib/python3.12/site-packages/airflow/example_dags/plugins/listener_plugin.py took 0.071 seconds
[2024-07-01T09:59:46.632-0400] {processor.py:161} INFO - Started process (PID=16841) to work on /Users/christophercunningham/airflow_workspace/data-flow/data_flow_env/lib/python3.12/site-packages/airflow/example_dags/plugins/listener_plugin.py
[2024-07-01T09:59:46.633-0400] {processor.py:830} INFO - Processing file /Users/christophercunningham/airflow_workspace/data-flow/data_flow_env/lib/python3.12/site-packages/airflow/example_dags/plugins/listener_plugin.py for tasks to queue
[2024-07-01T09:59:46.634-0400] {logging_mixin.py:188} INFO - [2024-07-01T09:59:46.634-0400] {dagbag.py:545} INFO - Filling up the DagBag from /Users/christophercunningham/airflow_workspace/data-flow/data_flow_env/lib/python3.12/site-packages/airflow/example_dags/plugins/listener_plugin.py
[2024-07-01T09:59:46.636-0400] {processor.py:842} WARNING - No viable dags retrieved from /Users/christophercunningham/airflow_workspace/data-flow/data_flow_env/lib/python3.12/site-packages/airflow/example_dags/plugins/listener_plugin.py
[2024-07-01T09:59:46.697-0400] {processor.py:183} INFO - Processing /Users/christophercunningham/airflow_workspace/data-flow/data_flow_env/lib/python3.12/site-packages/airflow/example_dags/plugins/listener_plugin.py took 0.070 seconds
[2024-07-01T10:01:30.014-0400] {processor.py:161} INFO - Started process (PID=17092) to work on /Users/christophercunningham/airflow_workspace/data-flow/data_flow_env/lib/python3.12/site-packages/airflow/example_dags/plugins/listener_plugin.py
[2024-07-01T10:01:30.015-0400] {processor.py:830} INFO - Processing file /Users/christophercunningham/airflow_workspace/data-flow/data_flow_env/lib/python3.12/site-packages/airflow/example_dags/plugins/listener_plugin.py for tasks to queue
[2024-07-01T10:01:30.016-0400] {logging_mixin.py:188} INFO - [2024-07-01T10:01:30.016-0400] {dagbag.py:545} INFO - Filling up the DagBag from /Users/christophercunningham/airflow_workspace/data-flow/data_flow_env/lib/python3.12/site-packages/airflow/example_dags/plugins/listener_plugin.py
[2024-07-01T10:01:30.018-0400] {processor.py:842} WARNING - No viable dags retrieved from /Users/christophercunningham/airflow_workspace/data-flow/data_flow_env/lib/python3.12/site-packages/airflow/example_dags/plugins/listener_plugin.py
[2024-07-01T10:01:30.083-0400] {processor.py:183} INFO - Processing /Users/christophercunningham/airflow_workspace/data-flow/data_flow_env/lib/python3.12/site-packages/airflow/example_dags/plugins/listener_plugin.py took 0.073 seconds
[2024-07-01T10:03:17.044-0400] {processor.py:161} INFO - Started process (PID=17311) to work on /Users/christophercunningham/airflow_workspace/data-flow/data_flow_env/lib/python3.12/site-packages/airflow/example_dags/plugins/listener_plugin.py
[2024-07-01T10:03:17.045-0400] {processor.py:830} INFO - Processing file /Users/christophercunningham/airflow_workspace/data-flow/data_flow_env/lib/python3.12/site-packages/airflow/example_dags/plugins/listener_plugin.py for tasks to queue
[2024-07-01T10:03:17.046-0400] {logging_mixin.py:188} INFO - [2024-07-01T10:03:17.046-0400] {dagbag.py:545} INFO - Filling up the DagBag from /Users/christophercunningham/airflow_workspace/data-flow/data_flow_env/lib/python3.12/site-packages/airflow/example_dags/plugins/listener_plugin.py
[2024-07-01T10:03:17.050-0400] {processor.py:842} WARNING - No viable dags retrieved from /Users/christophercunningham/airflow_workspace/data-flow/data_flow_env/lib/python3.12/site-packages/airflow/example_dags/plugins/listener_plugin.py
[2024-07-01T10:03:17.115-0400] {processor.py:183} INFO - Processing /Users/christophercunningham/airflow_workspace/data-flow/data_flow_env/lib/python3.12/site-packages/airflow/example_dags/plugins/listener_plugin.py took 0.076 seconds
[2024-07-01T10:05:06.211-0400] {processor.py:161} INFO - Started process (PID=17525) to work on /Users/christophercunningham/airflow_workspace/data-flow/data_flow_env/lib/python3.12/site-packages/airflow/example_dags/plugins/listener_plugin.py
[2024-07-01T10:05:06.212-0400] {processor.py:830} INFO - Processing file /Users/christophercunningham/airflow_workspace/data-flow/data_flow_env/lib/python3.12/site-packages/airflow/example_dags/plugins/listener_plugin.py for tasks to queue
[2024-07-01T10:05:06.213-0400] {logging_mixin.py:188} INFO - [2024-07-01T10:05:06.212-0400] {dagbag.py:545} INFO - Filling up the DagBag from /Users/christophercunningham/airflow_workspace/data-flow/data_flow_env/lib/python3.12/site-packages/airflow/example_dags/plugins/listener_plugin.py
[2024-07-01T10:05:06.216-0400] {processor.py:842} WARNING - No viable dags retrieved from /Users/christophercunningham/airflow_workspace/data-flow/data_flow_env/lib/python3.12/site-packages/airflow/example_dags/plugins/listener_plugin.py
[2024-07-01T10:05:06.292-0400] {processor.py:183} INFO - Processing /Users/christophercunningham/airflow_workspace/data-flow/data_flow_env/lib/python3.12/site-packages/airflow/example_dags/plugins/listener_plugin.py took 0.085 seconds
[2024-07-01T10:06:56.964-0400] {processor.py:161} INFO - Started process (PID=17761) to work on /Users/christophercunningham/airflow_workspace/data-flow/data_flow_env/lib/python3.12/site-packages/airflow/example_dags/plugins/listener_plugin.py
[2024-07-01T10:06:56.966-0400] {processor.py:830} INFO - Processing file /Users/christophercunningham/airflow_workspace/data-flow/data_flow_env/lib/python3.12/site-packages/airflow/example_dags/plugins/listener_plugin.py for tasks to queue
[2024-07-01T10:06:56.966-0400] {logging_mixin.py:188} INFO - [2024-07-01T10:06:56.966-0400] {dagbag.py:545} INFO - Filling up the DagBag from /Users/christophercunningham/airflow_workspace/data-flow/data_flow_env/lib/python3.12/site-packages/airflow/example_dags/plugins/listener_plugin.py
[2024-07-01T10:06:56.969-0400] {processor.py:842} WARNING - No viable dags retrieved from /Users/christophercunningham/airflow_workspace/data-flow/data_flow_env/lib/python3.12/site-packages/airflow/example_dags/plugins/listener_plugin.py
[2024-07-01T10:06:57.036-0400] {processor.py:183} INFO - Processing /Users/christophercunningham/airflow_workspace/data-flow/data_flow_env/lib/python3.12/site-packages/airflow/example_dags/plugins/listener_plugin.py took 0.075 seconds
[2024-07-01T10:08:45.358-0400] {processor.py:161} INFO - Started process (PID=17990) to work on /Users/christophercunningham/airflow_workspace/data-flow/data_flow_env/lib/python3.12/site-packages/airflow/example_dags/plugins/listener_plugin.py
[2024-07-01T10:08:45.359-0400] {processor.py:830} INFO - Processing file /Users/christophercunningham/airflow_workspace/data-flow/data_flow_env/lib/python3.12/site-packages/airflow/example_dags/plugins/listener_plugin.py for tasks to queue
[2024-07-01T10:08:45.359-0400] {logging_mixin.py:188} INFO - [2024-07-01T10:08:45.359-0400] {dagbag.py:545} INFO - Filling up the DagBag from /Users/christophercunningham/airflow_workspace/data-flow/data_flow_env/lib/python3.12/site-packages/airflow/example_dags/plugins/listener_plugin.py
[2024-07-01T10:08:45.362-0400] {processor.py:842} WARNING - No viable dags retrieved from /Users/christophercunningham/airflow_workspace/data-flow/data_flow_env/lib/python3.12/site-packages/airflow/example_dags/plugins/listener_plugin.py
[2024-07-01T10:08:45.424-0400] {processor.py:183} INFO - Processing /Users/christophercunningham/airflow_workspace/data-flow/data_flow_env/lib/python3.12/site-packages/airflow/example_dags/plugins/listener_plugin.py took 0.071 seconds
[2024-07-01T10:10:31.316-0400] {processor.py:161} INFO - Started process (PID=18253) to work on /Users/christophercunningham/airflow_workspace/data-flow/data_flow_env/lib/python3.12/site-packages/airflow/example_dags/plugins/listener_plugin.py
[2024-07-01T10:10:31.317-0400] {processor.py:830} INFO - Processing file /Users/christophercunningham/airflow_workspace/data-flow/data_flow_env/lib/python3.12/site-packages/airflow/example_dags/plugins/listener_plugin.py for tasks to queue
[2024-07-01T10:10:31.318-0400] {logging_mixin.py:188} INFO - [2024-07-01T10:10:31.317-0400] {dagbag.py:545} INFO - Filling up the DagBag from /Users/christophercunningham/airflow_workspace/data-flow/data_flow_env/lib/python3.12/site-packages/airflow/example_dags/plugins/listener_plugin.py
[2024-07-01T10:10:31.319-0400] {processor.py:842} WARNING - No viable dags retrieved from /Users/christophercunningham/airflow_workspace/data-flow/data_flow_env/lib/python3.12/site-packages/airflow/example_dags/plugins/listener_plugin.py
[2024-07-01T10:10:31.382-0400] {processor.py:183} INFO - Processing /Users/christophercunningham/airflow_workspace/data-flow/data_flow_env/lib/python3.12/site-packages/airflow/example_dags/plugins/listener_plugin.py took 0.071 seconds
[2024-07-01T10:12:09.763-0400] {processor.py:161} INFO - Started process (PID=18458) to work on /Users/christophercunningham/airflow_workspace/data-flow/data_flow_env/lib/python3.12/site-packages/airflow/example_dags/plugins/listener_plugin.py
[2024-07-01T10:12:09.765-0400] {processor.py:830} INFO - Processing file /Users/christophercunningham/airflow_workspace/data-flow/data_flow_env/lib/python3.12/site-packages/airflow/example_dags/plugins/listener_plugin.py for tasks to queue
[2024-07-01T10:12:09.765-0400] {logging_mixin.py:188} INFO - [2024-07-01T10:12:09.765-0400] {dagbag.py:545} INFO - Filling up the DagBag from /Users/christophercunningham/airflow_workspace/data-flow/data_flow_env/lib/python3.12/site-packages/airflow/example_dags/plugins/listener_plugin.py
[2024-07-01T10:12:09.767-0400] {processor.py:842} WARNING - No viable dags retrieved from /Users/christophercunningham/airflow_workspace/data-flow/data_flow_env/lib/python3.12/site-packages/airflow/example_dags/plugins/listener_plugin.py
[2024-07-01T10:12:09.828-0400] {processor.py:183} INFO - Processing /Users/christophercunningham/airflow_workspace/data-flow/data_flow_env/lib/python3.12/site-packages/airflow/example_dags/plugins/listener_plugin.py took 0.069 seconds
[2024-07-01T10:13:52.867-0400] {processor.py:161} INFO - Started process (PID=18725) to work on /Users/christophercunningham/airflow_workspace/data-flow/data_flow_env/lib/python3.12/site-packages/airflow/example_dags/plugins/listener_plugin.py
[2024-07-01T10:13:52.868-0400] {processor.py:830} INFO - Processing file /Users/christophercunningham/airflow_workspace/data-flow/data_flow_env/lib/python3.12/site-packages/airflow/example_dags/plugins/listener_plugin.py for tasks to queue
[2024-07-01T10:13:52.868-0400] {logging_mixin.py:188} INFO - [2024-07-01T10:13:52.868-0400] {dagbag.py:545} INFO - Filling up the DagBag from /Users/christophercunningham/airflow_workspace/data-flow/data_flow_env/lib/python3.12/site-packages/airflow/example_dags/plugins/listener_plugin.py
[2024-07-01T10:13:52.870-0400] {processor.py:842} WARNING - No viable dags retrieved from /Users/christophercunningham/airflow_workspace/data-flow/data_flow_env/lib/python3.12/site-packages/airflow/example_dags/plugins/listener_plugin.py
[2024-07-01T10:13:52.943-0400] {processor.py:183} INFO - Processing /Users/christophercunningham/airflow_workspace/data-flow/data_flow_env/lib/python3.12/site-packages/airflow/example_dags/plugins/listener_plugin.py took 0.081 seconds
[2024-07-01T10:15:41.607-0400] {processor.py:161} INFO - Started process (PID=18962) to work on /Users/christophercunningham/airflow_workspace/data-flow/data_flow_env/lib/python3.12/site-packages/airflow/example_dags/plugins/listener_plugin.py
[2024-07-01T10:15:41.609-0400] {processor.py:830} INFO - Processing file /Users/christophercunningham/airflow_workspace/data-flow/data_flow_env/lib/python3.12/site-packages/airflow/example_dags/plugins/listener_plugin.py for tasks to queue
[2024-07-01T10:15:41.610-0400] {logging_mixin.py:188} INFO - [2024-07-01T10:15:41.609-0400] {dagbag.py:545} INFO - Filling up the DagBag from /Users/christophercunningham/airflow_workspace/data-flow/data_flow_env/lib/python3.12/site-packages/airflow/example_dags/plugins/listener_plugin.py
[2024-07-01T10:15:41.613-0400] {processor.py:842} WARNING - No viable dags retrieved from /Users/christophercunningham/airflow_workspace/data-flow/data_flow_env/lib/python3.12/site-packages/airflow/example_dags/plugins/listener_plugin.py
[2024-07-01T10:15:41.688-0400] {processor.py:183} INFO - Processing /Users/christophercunningham/airflow_workspace/data-flow/data_flow_env/lib/python3.12/site-packages/airflow/example_dags/plugins/listener_plugin.py took 0.086 seconds
[2024-07-01T10:17:29.839-0400] {processor.py:161} INFO - Started process (PID=19168) to work on /Users/christophercunningham/airflow_workspace/data-flow/data_flow_env/lib/python3.12/site-packages/airflow/example_dags/plugins/listener_plugin.py
[2024-07-01T10:17:29.840-0400] {processor.py:830} INFO - Processing file /Users/christophercunningham/airflow_workspace/data-flow/data_flow_env/lib/python3.12/site-packages/airflow/example_dags/plugins/listener_plugin.py for tasks to queue
[2024-07-01T10:17:29.841-0400] {logging_mixin.py:188} INFO - [2024-07-01T10:17:29.841-0400] {dagbag.py:545} INFO - Filling up the DagBag from /Users/christophercunningham/airflow_workspace/data-flow/data_flow_env/lib/python3.12/site-packages/airflow/example_dags/plugins/listener_plugin.py
[2024-07-01T10:17:29.843-0400] {processor.py:842} WARNING - No viable dags retrieved from /Users/christophercunningham/airflow_workspace/data-flow/data_flow_env/lib/python3.12/site-packages/airflow/example_dags/plugins/listener_plugin.py
[2024-07-01T10:17:29.913-0400] {processor.py:183} INFO - Processing /Users/christophercunningham/airflow_workspace/data-flow/data_flow_env/lib/python3.12/site-packages/airflow/example_dags/plugins/listener_plugin.py took 0.078 seconds
[2024-07-01T10:18:55.480-0400] {processor.py:161} INFO - Started process (PID=19367) to work on /Users/christophercunningham/airflow_workspace/data-flow/data_flow_env/lib/python3.12/site-packages/airflow/example_dags/plugins/listener_plugin.py
[2024-07-01T10:18:55.481-0400] {processor.py:830} INFO - Processing file /Users/christophercunningham/airflow_workspace/data-flow/data_flow_env/lib/python3.12/site-packages/airflow/example_dags/plugins/listener_plugin.py for tasks to queue
[2024-07-01T10:18:55.481-0400] {logging_mixin.py:188} INFO - [2024-07-01T10:18:55.481-0400] {dagbag.py:545} INFO - Filling up the DagBag from /Users/christophercunningham/airflow_workspace/data-flow/data_flow_env/lib/python3.12/site-packages/airflow/example_dags/plugins/listener_plugin.py
[2024-07-01T10:18:55.483-0400] {processor.py:842} WARNING - No viable dags retrieved from /Users/christophercunningham/airflow_workspace/data-flow/data_flow_env/lib/python3.12/site-packages/airflow/example_dags/plugins/listener_plugin.py
[2024-07-01T10:18:55.552-0400] {processor.py:183} INFO - Processing /Users/christophercunningham/airflow_workspace/data-flow/data_flow_env/lib/python3.12/site-packages/airflow/example_dags/plugins/listener_plugin.py took 0.076 seconds
[2024-07-01T10:38:49.107-0400] {processor.py:161} INFO - Started process (PID=21083) to work on /Users/christophercunningham/airflow_workspace/data-flow/data_flow_env/lib/python3.12/site-packages/airflow/example_dags/plugins/listener_plugin.py
[2024-07-01T10:38:49.108-0400] {processor.py:830} INFO - Processing file /Users/christophercunningham/airflow_workspace/data-flow/data_flow_env/lib/python3.12/site-packages/airflow/example_dags/plugins/listener_plugin.py for tasks to queue
[2024-07-01T10:38:49.109-0400] {logging_mixin.py:188} INFO - [2024-07-01T10:38:49.109-0400] {dagbag.py:545} INFO - Filling up the DagBag from /Users/christophercunningham/airflow_workspace/data-flow/data_flow_env/lib/python3.12/site-packages/airflow/example_dags/plugins/listener_plugin.py
[2024-07-01T10:38:49.110-0400] {processor.py:842} WARNING - No viable dags retrieved from /Users/christophercunningham/airflow_workspace/data-flow/data_flow_env/lib/python3.12/site-packages/airflow/example_dags/plugins/listener_plugin.py
[2024-07-01T10:38:49.182-0400] {processor.py:183} INFO - Processing /Users/christophercunningham/airflow_workspace/data-flow/data_flow_env/lib/python3.12/site-packages/airflow/example_dags/plugins/listener_plugin.py took 0.078 seconds
