[2024-07-01T09:28:11.574-0400] {processor.py:161} INFO - Started process (PID=13290) to work on /Users/christophercunningham/airflow_workspace/data-flow/data_flow_env/lib/python3.12/site-packages/airflow/example_dags/plugins/workday.py
[2024-07-01T09:28:11.576-0400] {processor.py:830} INFO - Processing file /Users/christophercunningham/airflow_workspace/data-flow/data_flow_env/lib/python3.12/site-packages/airflow/example_dags/plugins/workday.py for tasks to queue
[2024-07-01T09:28:11.577-0400] {logging_mixin.py:188} INFO - [2024-07-01T09:28:11.577-0400] {dagbag.py:545} INFO - Filling up the DagBag from /Users/christophercunningham/airflow_workspace/data-flow/data_flow_env/lib/python3.12/site-packages/airflow/example_dags/plugins/workday.py
[2024-07-01T09:28:12.123-0400] {processor.py:842} WARNING - No viable dags retrieved from /Users/christophercunningham/airflow_workspace/data-flow/data_flow_env/lib/python3.12/site-packages/airflow/example_dags/plugins/workday.py
[2024-07-01T09:28:12.187-0400] {processor.py:183} INFO - Processing /Users/christophercunningham/airflow_workspace/data-flow/data_flow_env/lib/python3.12/site-packages/airflow/example_dags/plugins/workday.py took 0.618 seconds
[2024-07-01T09:29:54.591-0400] {processor.py:161} INFO - Started process (PID=13517) to work on /Users/christophercunningham/airflow_workspace/data-flow/data_flow_env/lib/python3.12/site-packages/airflow/example_dags/plugins/workday.py
[2024-07-01T09:29:54.593-0400] {processor.py:830} INFO - Processing file /Users/christophercunningham/airflow_workspace/data-flow/data_flow_env/lib/python3.12/site-packages/airflow/example_dags/plugins/workday.py for tasks to queue
[2024-07-01T09:29:54.594-0400] {logging_mixin.py:188} INFO - [2024-07-01T09:29:54.594-0400] {dagbag.py:545} INFO - Filling up the DagBag from /Users/christophercunningham/airflow_workspace/data-flow/data_flow_env/lib/python3.12/site-packages/airflow/example_dags/plugins/workday.py
[2024-07-01T09:29:55.081-0400] {processor.py:842} WARNING - No viable dags retrieved from /Users/christophercunningham/airflow_workspace/data-flow/data_flow_env/lib/python3.12/site-packages/airflow/example_dags/plugins/workday.py
[2024-07-01T09:29:55.157-0400] {processor.py:183} INFO - Processing /Users/christophercunningham/airflow_workspace/data-flow/data_flow_env/lib/python3.12/site-packages/airflow/example_dags/plugins/workday.py took 0.570 seconds
[2024-07-01T09:31:07.983-0400] {processor.py:161} INFO - Started process (PID=13785) to work on /Users/christophercunningham/airflow_workspace/data-flow/data_flow_env/lib/python3.12/site-packages/airflow/example_dags/plugins/workday.py
[2024-07-01T09:31:07.985-0400] {processor.py:830} INFO - Processing file /Users/christophercunningham/airflow_workspace/data-flow/data_flow_env/lib/python3.12/site-packages/airflow/example_dags/plugins/workday.py for tasks to queue
[2024-07-01T09:31:07.986-0400] {logging_mixin.py:188} INFO - [2024-07-01T09:31:07.986-0400] {dagbag.py:545} INFO - Filling up the DagBag from /Users/christophercunningham/airflow_workspace/data-flow/data_flow_env/lib/python3.12/site-packages/airflow/example_dags/plugins/workday.py
[2024-07-01T09:31:08.470-0400] {processor.py:842} WARNING - No viable dags retrieved from /Users/christophercunningham/airflow_workspace/data-flow/data_flow_env/lib/python3.12/site-packages/airflow/example_dags/plugins/workday.py
[2024-07-01T09:31:08.535-0400] {processor.py:183} INFO - Processing /Users/christophercunningham/airflow_workspace/data-flow/data_flow_env/lib/python3.12/site-packages/airflow/example_dags/plugins/workday.py took 0.556 seconds
[2024-07-01T09:33:29.567-0400] {processor.py:161} INFO - Started process (PID=14073) to work on /Users/christophercunningham/airflow_workspace/data-flow/data_flow_env/lib/python3.12/site-packages/airflow/example_dags/plugins/workday.py
[2024-07-01T09:33:29.569-0400] {processor.py:830} INFO - Processing file /Users/christophercunningham/airflow_workspace/data-flow/data_flow_env/lib/python3.12/site-packages/airflow/example_dags/plugins/workday.py for tasks to queue
[2024-07-01T09:33:29.570-0400] {logging_mixin.py:188} INFO - [2024-07-01T09:33:29.570-0400] {dagbag.py:545} INFO - Filling up the DagBag from /Users/christophercunningham/airflow_workspace/data-flow/data_flow_env/lib/python3.12/site-packages/airflow/example_dags/plugins/workday.py
[2024-07-01T09:33:30.104-0400] {processor.py:842} WARNING - No viable dags retrieved from /Users/christophercunningham/airflow_workspace/data-flow/data_flow_env/lib/python3.12/site-packages/airflow/example_dags/plugins/workday.py
[2024-07-01T09:33:30.172-0400] {processor.py:183} INFO - Processing /Users/christophercunningham/airflow_workspace/data-flow/data_flow_env/lib/python3.12/site-packages/airflow/example_dags/plugins/workday.py took 0.610 seconds
[2024-07-01T09:35:14.009-0400] {processor.py:161} INFO - Started process (PID=14233) to work on /Users/christophercunningham/airflow_workspace/data-flow/data_flow_env/lib/python3.12/site-packages/airflow/example_dags/plugins/workday.py
[2024-07-01T09:35:14.011-0400] {processor.py:830} INFO - Processing file /Users/christophercunningham/airflow_workspace/data-flow/data_flow_env/lib/python3.12/site-packages/airflow/example_dags/plugins/workday.py for tasks to queue
[2024-07-01T09:35:14.011-0400] {logging_mixin.py:188} INFO - [2024-07-01T09:35:14.011-0400] {dagbag.py:545} INFO - Filling up the DagBag from /Users/christophercunningham/airflow_workspace/data-flow/data_flow_env/lib/python3.12/site-packages/airflow/example_dags/plugins/workday.py
[2024-07-01T09:35:14.324-0400] {processor.py:842} WARNING - No viable dags retrieved from /Users/christophercunningham/airflow_workspace/data-flow/data_flow_env/lib/python3.12/site-packages/airflow/example_dags/plugins/workday.py
[2024-07-01T09:35:14.383-0400] {processor.py:183} INFO - Processing /Users/christophercunningham/airflow_workspace/data-flow/data_flow_env/lib/python3.12/site-packages/airflow/example_dags/plugins/workday.py took 0.379 seconds
[2024-07-01T09:36:56.621-0400] {processor.py:161} INFO - Started process (PID=14380) to work on /Users/christophercunningham/airflow_workspace/data-flow/data_flow_env/lib/python3.12/site-packages/airflow/example_dags/plugins/workday.py
[2024-07-01T09:36:56.622-0400] {processor.py:830} INFO - Processing file /Users/christophercunningham/airflow_workspace/data-flow/data_flow_env/lib/python3.12/site-packages/airflow/example_dags/plugins/workday.py for tasks to queue
[2024-07-01T09:36:56.623-0400] {logging_mixin.py:188} INFO - [2024-07-01T09:36:56.623-0400] {dagbag.py:545} INFO - Filling up the DagBag from /Users/christophercunningham/airflow_workspace/data-flow/data_flow_env/lib/python3.12/site-packages/airflow/example_dags/plugins/workday.py
[2024-07-01T09:36:56.930-0400] {processor.py:842} WARNING - No viable dags retrieved from /Users/christophercunningham/airflow_workspace/data-flow/data_flow_env/lib/python3.12/site-packages/airflow/example_dags/plugins/workday.py
[2024-07-01T09:36:56.990-0400] {processor.py:183} INFO - Processing /Users/christophercunningham/airflow_workspace/data-flow/data_flow_env/lib/python3.12/site-packages/airflow/example_dags/plugins/workday.py took 0.373 seconds
[2024-07-01T09:38:43.750-0400] {processor.py:161} INFO - Started process (PID=14551) to work on /Users/christophercunningham/airflow_workspace/data-flow/data_flow_env/lib/python3.12/site-packages/airflow/example_dags/plugins/workday.py
[2024-07-01T09:38:43.751-0400] {processor.py:830} INFO - Processing file /Users/christophercunningham/airflow_workspace/data-flow/data_flow_env/lib/python3.12/site-packages/airflow/example_dags/plugins/workday.py for tasks to queue
[2024-07-01T09:38:43.751-0400] {logging_mixin.py:188} INFO - [2024-07-01T09:38:43.751-0400] {dagbag.py:545} INFO - Filling up the DagBag from /Users/christophercunningham/airflow_workspace/data-flow/data_flow_env/lib/python3.12/site-packages/airflow/example_dags/plugins/workday.py
[2024-07-01T09:38:44.062-0400] {processor.py:842} WARNING - No viable dags retrieved from /Users/christophercunningham/airflow_workspace/data-flow/data_flow_env/lib/python3.12/site-packages/airflow/example_dags/plugins/workday.py
[2024-07-01T09:38:44.122-0400] {processor.py:183} INFO - Processing /Users/christophercunningham/airflow_workspace/data-flow/data_flow_env/lib/python3.12/site-packages/airflow/example_dags/plugins/workday.py took 0.377 seconds
[2024-07-01T09:40:28.332-0400] {processor.py:161} INFO - Started process (PID=14773) to work on /Users/christophercunningham/airflow_workspace/data-flow/data_flow_env/lib/python3.12/site-packages/airflow/example_dags/plugins/workday.py
[2024-07-01T09:40:28.334-0400] {processor.py:830} INFO - Processing file /Users/christophercunningham/airflow_workspace/data-flow/data_flow_env/lib/python3.12/site-packages/airflow/example_dags/plugins/workday.py for tasks to queue
[2024-07-01T09:40:28.334-0400] {logging_mixin.py:188} INFO - [2024-07-01T09:40:28.334-0400] {dagbag.py:545} INFO - Filling up the DagBag from /Users/christophercunningham/airflow_workspace/data-flow/data_flow_env/lib/python3.12/site-packages/airflow/example_dags/plugins/workday.py
[2024-07-01T09:40:28.833-0400] {processor.py:842} WARNING - No viable dags retrieved from /Users/christophercunningham/airflow_workspace/data-flow/data_flow_env/lib/python3.12/site-packages/airflow/example_dags/plugins/workday.py
[2024-07-01T09:40:28.901-0400] {processor.py:183} INFO - Processing /Users/christophercunningham/airflow_workspace/data-flow/data_flow_env/lib/python3.12/site-packages/airflow/example_dags/plugins/workday.py took 0.573 seconds
[2024-07-01T09:42:14.681-0400] {processor.py:161} INFO - Started process (PID=14943) to work on /Users/christophercunningham/airflow_workspace/data-flow/data_flow_env/lib/python3.12/site-packages/airflow/example_dags/plugins/workday.py
[2024-07-01T09:42:14.682-0400] {processor.py:830} INFO - Processing file /Users/christophercunningham/airflow_workspace/data-flow/data_flow_env/lib/python3.12/site-packages/airflow/example_dags/plugins/workday.py for tasks to queue
[2024-07-01T09:42:14.683-0400] {logging_mixin.py:188} INFO - [2024-07-01T09:42:14.683-0400] {dagbag.py:545} INFO - Filling up the DagBag from /Users/christophercunningham/airflow_workspace/data-flow/data_flow_env/lib/python3.12/site-packages/airflow/example_dags/plugins/workday.py
[2024-07-01T09:42:15.192-0400] {processor.py:842} WARNING - No viable dags retrieved from /Users/christophercunningham/airflow_workspace/data-flow/data_flow_env/lib/python3.12/site-packages/airflow/example_dags/plugins/workday.py
[2024-07-01T09:42:15.260-0400] {processor.py:183} INFO - Processing /Users/christophercunningham/airflow_workspace/data-flow/data_flow_env/lib/python3.12/site-packages/airflow/example_dags/plugins/workday.py took 0.584 seconds
[2024-07-01T09:44:06.683-0400] {processor.py:161} INFO - Started process (PID=15123) to work on /Users/christophercunningham/airflow_workspace/data-flow/data_flow_env/lib/python3.12/site-packages/airflow/example_dags/plugins/workday.py
[2024-07-01T09:44:06.684-0400] {processor.py:830} INFO - Processing file /Users/christophercunningham/airflow_workspace/data-flow/data_flow_env/lib/python3.12/site-packages/airflow/example_dags/plugins/workday.py for tasks to queue
[2024-07-01T09:44:06.685-0400] {logging_mixin.py:188} INFO - [2024-07-01T09:44:06.684-0400] {dagbag.py:545} INFO - Filling up the DagBag from /Users/christophercunningham/airflow_workspace/data-flow/data_flow_env/lib/python3.12/site-packages/airflow/example_dags/plugins/workday.py
[2024-07-01T09:44:07.176-0400] {processor.py:842} WARNING - No viable dags retrieved from /Users/christophercunningham/airflow_workspace/data-flow/data_flow_env/lib/python3.12/site-packages/airflow/example_dags/plugins/workday.py
[2024-07-01T09:44:07.239-0400] {processor.py:183} INFO - Processing /Users/christophercunningham/airflow_workspace/data-flow/data_flow_env/lib/python3.12/site-packages/airflow/example_dags/plugins/workday.py took 0.559 seconds
[2024-07-01T09:45:53.592-0400] {processor.py:161} INFO - Started process (PID=15276) to work on /Users/christophercunningham/airflow_workspace/data-flow/data_flow_env/lib/python3.12/site-packages/airflow/example_dags/plugins/workday.py
[2024-07-01T09:45:53.593-0400] {processor.py:830} INFO - Processing file /Users/christophercunningham/airflow_workspace/data-flow/data_flow_env/lib/python3.12/site-packages/airflow/example_dags/plugins/workday.py for tasks to queue
[2024-07-01T09:45:53.594-0400] {logging_mixin.py:188} INFO - [2024-07-01T09:45:53.594-0400] {dagbag.py:545} INFO - Filling up the DagBag from /Users/christophercunningham/airflow_workspace/data-flow/data_flow_env/lib/python3.12/site-packages/airflow/example_dags/plugins/workday.py
[2024-07-01T09:45:54.024-0400] {processor.py:842} WARNING - No viable dags retrieved from /Users/christophercunningham/airflow_workspace/data-flow/data_flow_env/lib/python3.12/site-packages/airflow/example_dags/plugins/workday.py
[2024-07-01T09:45:54.086-0400] {processor.py:183} INFO - Processing /Users/christophercunningham/airflow_workspace/data-flow/data_flow_env/lib/python3.12/site-packages/airflow/example_dags/plugins/workday.py took 0.500 seconds
[2024-07-01T09:47:39.704-0400] {processor.py:161} INFO - Started process (PID=15438) to work on /Users/christophercunningham/airflow_workspace/data-flow/data_flow_env/lib/python3.12/site-packages/airflow/example_dags/plugins/workday.py
[2024-07-01T09:47:39.705-0400] {processor.py:830} INFO - Processing file /Users/christophercunningham/airflow_workspace/data-flow/data_flow_env/lib/python3.12/site-packages/airflow/example_dags/plugins/workday.py for tasks to queue
[2024-07-01T09:47:39.707-0400] {logging_mixin.py:188} INFO - [2024-07-01T09:47:39.706-0400] {dagbag.py:545} INFO - Filling up the DagBag from /Users/christophercunningham/airflow_workspace/data-flow/data_flow_env/lib/python3.12/site-packages/airflow/example_dags/plugins/workday.py
[2024-07-01T09:47:40.014-0400] {processor.py:842} WARNING - No viable dags retrieved from /Users/christophercunningham/airflow_workspace/data-flow/data_flow_env/lib/python3.12/site-packages/airflow/example_dags/plugins/workday.py
[2024-07-01T09:47:40.074-0400] {processor.py:183} INFO - Processing /Users/christophercunningham/airflow_workspace/data-flow/data_flow_env/lib/python3.12/site-packages/airflow/example_dags/plugins/workday.py took 0.375 seconds
[2024-07-01T09:49:27.864-0400] {processor.py:161} INFO - Started process (PID=15596) to work on /Users/christophercunningham/airflow_workspace/data-flow/data_flow_env/lib/python3.12/site-packages/airflow/example_dags/plugins/workday.py
[2024-07-01T09:49:27.866-0400] {processor.py:830} INFO - Processing file /Users/christophercunningham/airflow_workspace/data-flow/data_flow_env/lib/python3.12/site-packages/airflow/example_dags/plugins/workday.py for tasks to queue
[2024-07-01T09:49:27.867-0400] {logging_mixin.py:188} INFO - [2024-07-01T09:49:27.867-0400] {dagbag.py:545} INFO - Filling up the DagBag from /Users/christophercunningham/airflow_workspace/data-flow/data_flow_env/lib/python3.12/site-packages/airflow/example_dags/plugins/workday.py
[2024-07-01T09:49:28.213-0400] {processor.py:842} WARNING - No viable dags retrieved from /Users/christophercunningham/airflow_workspace/data-flow/data_flow_env/lib/python3.12/site-packages/airflow/example_dags/plugins/workday.py
[2024-07-01T09:49:28.274-0400] {processor.py:183} INFO - Processing /Users/christophercunningham/airflow_workspace/data-flow/data_flow_env/lib/python3.12/site-packages/airflow/example_dags/plugins/workday.py took 0.414 seconds
[2024-07-01T09:51:18.410-0400] {processor.py:161} INFO - Started process (PID=15815) to work on /Users/christophercunningham/airflow_workspace/data-flow/data_flow_env/lib/python3.12/site-packages/airflow/example_dags/plugins/workday.py
[2024-07-01T09:51:18.412-0400] {processor.py:830} INFO - Processing file /Users/christophercunningham/airflow_workspace/data-flow/data_flow_env/lib/python3.12/site-packages/airflow/example_dags/plugins/workday.py for tasks to queue
[2024-07-01T09:51:18.413-0400] {logging_mixin.py:188} INFO - [2024-07-01T09:51:18.413-0400] {dagbag.py:545} INFO - Filling up the DagBag from /Users/christophercunningham/airflow_workspace/data-flow/data_flow_env/lib/python3.12/site-packages/airflow/example_dags/plugins/workday.py
[2024-07-01T09:51:18.905-0400] {processor.py:842} WARNING - No viable dags retrieved from /Users/christophercunningham/airflow_workspace/data-flow/data_flow_env/lib/python3.12/site-packages/airflow/example_dags/plugins/workday.py
[2024-07-01T09:51:18.978-0400] {processor.py:183} INFO - Processing /Users/christophercunningham/airflow_workspace/data-flow/data_flow_env/lib/python3.12/site-packages/airflow/example_dags/plugins/workday.py took 0.573 seconds
[2024-07-01T09:53:00.208-0400] {processor.py:161} INFO - Started process (PID=15969) to work on /Users/christophercunningham/airflow_workspace/data-flow/data_flow_env/lib/python3.12/site-packages/airflow/example_dags/plugins/workday.py
[2024-07-01T09:53:00.209-0400] {processor.py:830} INFO - Processing file /Users/christophercunningham/airflow_workspace/data-flow/data_flow_env/lib/python3.12/site-packages/airflow/example_dags/plugins/workday.py for tasks to queue
[2024-07-01T09:53:00.209-0400] {logging_mixin.py:188} INFO - [2024-07-01T09:53:00.209-0400] {dagbag.py:545} INFO - Filling up the DagBag from /Users/christophercunningham/airflow_workspace/data-flow/data_flow_env/lib/python3.12/site-packages/airflow/example_dags/plugins/workday.py
[2024-07-01T09:53:00.546-0400] {processor.py:842} WARNING - No viable dags retrieved from /Users/christophercunningham/airflow_workspace/data-flow/data_flow_env/lib/python3.12/site-packages/airflow/example_dags/plugins/workday.py
[2024-07-01T09:53:00.611-0400] {processor.py:183} INFO - Processing /Users/christophercunningham/airflow_workspace/data-flow/data_flow_env/lib/python3.12/site-packages/airflow/example_dags/plugins/workday.py took 0.408 seconds
[2024-07-01T09:54:39.432-0400] {processor.py:161} INFO - Started process (PID=16171) to work on /Users/christophercunningham/airflow_workspace/data-flow/data_flow_env/lib/python3.12/site-packages/airflow/example_dags/plugins/workday.py
[2024-07-01T09:54:39.433-0400] {processor.py:830} INFO - Processing file /Users/christophercunningham/airflow_workspace/data-flow/data_flow_env/lib/python3.12/site-packages/airflow/example_dags/plugins/workday.py for tasks to queue
[2024-07-01T09:54:39.434-0400] {logging_mixin.py:188} INFO - [2024-07-01T09:54:39.434-0400] {dagbag.py:545} INFO - Filling up the DagBag from /Users/christophercunningham/airflow_workspace/data-flow/data_flow_env/lib/python3.12/site-packages/airflow/example_dags/plugins/workday.py
[2024-07-01T09:54:39.983-0400] {processor.py:842} WARNING - No viable dags retrieved from /Users/christophercunningham/airflow_workspace/data-flow/data_flow_env/lib/python3.12/site-packages/airflow/example_dags/plugins/workday.py
[2024-07-01T09:54:40.051-0400] {processor.py:183} INFO - Processing /Users/christophercunningham/airflow_workspace/data-flow/data_flow_env/lib/python3.12/site-packages/airflow/example_dags/plugins/workday.py took 0.624 seconds
[2024-07-01T09:56:23.801-0400] {processor.py:161} INFO - Started process (PID=16399) to work on /Users/christophercunningham/airflow_workspace/data-flow/data_flow_env/lib/python3.12/site-packages/airflow/example_dags/plugins/workday.py
[2024-07-01T09:56:23.803-0400] {processor.py:830} INFO - Processing file /Users/christophercunningham/airflow_workspace/data-flow/data_flow_env/lib/python3.12/site-packages/airflow/example_dags/plugins/workday.py for tasks to queue
[2024-07-01T09:56:23.804-0400] {logging_mixin.py:188} INFO - [2024-07-01T09:56:23.803-0400] {dagbag.py:545} INFO - Filling up the DagBag from /Users/christophercunningham/airflow_workspace/data-flow/data_flow_env/lib/python3.12/site-packages/airflow/example_dags/plugins/workday.py
[2024-07-01T09:56:24.113-0400] {processor.py:842} WARNING - No viable dags retrieved from /Users/christophercunningham/airflow_workspace/data-flow/data_flow_env/lib/python3.12/site-packages/airflow/example_dags/plugins/workday.py
[2024-07-01T09:56:24.173-0400] {processor.py:183} INFO - Processing /Users/christophercunningham/airflow_workspace/data-flow/data_flow_env/lib/python3.12/site-packages/airflow/example_dags/plugins/workday.py took 0.377 seconds
[2024-07-01T09:58:02.305-0400] {processor.py:161} INFO - Started process (PID=16613) to work on /Users/christophercunningham/airflow_workspace/data-flow/data_flow_env/lib/python3.12/site-packages/airflow/example_dags/plugins/workday.py
[2024-07-01T09:58:02.307-0400] {processor.py:830} INFO - Processing file /Users/christophercunningham/airflow_workspace/data-flow/data_flow_env/lib/python3.12/site-packages/airflow/example_dags/plugins/workday.py for tasks to queue
[2024-07-01T09:58:02.308-0400] {logging_mixin.py:188} INFO - [2024-07-01T09:58:02.307-0400] {dagbag.py:545} INFO - Filling up the DagBag from /Users/christophercunningham/airflow_workspace/data-flow/data_flow_env/lib/python3.12/site-packages/airflow/example_dags/plugins/workday.py
[2024-07-01T09:58:02.626-0400] {processor.py:842} WARNING - No viable dags retrieved from /Users/christophercunningham/airflow_workspace/data-flow/data_flow_env/lib/python3.12/site-packages/airflow/example_dags/plugins/workday.py
[2024-07-01T09:58:02.685-0400] {processor.py:183} INFO - Processing /Users/christophercunningham/airflow_workspace/data-flow/data_flow_env/lib/python3.12/site-packages/airflow/example_dags/plugins/workday.py took 0.385 seconds
[2024-07-01T09:59:43.734-0400] {processor.py:161} INFO - Started process (PID=16835) to work on /Users/christophercunningham/airflow_workspace/data-flow/data_flow_env/lib/python3.12/site-packages/airflow/example_dags/plugins/workday.py
[2024-07-01T09:59:43.735-0400] {processor.py:830} INFO - Processing file /Users/christophercunningham/airflow_workspace/data-flow/data_flow_env/lib/python3.12/site-packages/airflow/example_dags/plugins/workday.py for tasks to queue
[2024-07-01T09:59:43.736-0400] {logging_mixin.py:188} INFO - [2024-07-01T09:59:43.736-0400] {dagbag.py:545} INFO - Filling up the DagBag from /Users/christophercunningham/airflow_workspace/data-flow/data_flow_env/lib/python3.12/site-packages/airflow/example_dags/plugins/workday.py
[2024-07-01T09:59:44.064-0400] {processor.py:842} WARNING - No viable dags retrieved from /Users/christophercunningham/airflow_workspace/data-flow/data_flow_env/lib/python3.12/site-packages/airflow/example_dags/plugins/workday.py
[2024-07-01T09:59:44.128-0400] {processor.py:183} INFO - Processing /Users/christophercunningham/airflow_workspace/data-flow/data_flow_env/lib/python3.12/site-packages/airflow/example_dags/plugins/workday.py took 0.399 seconds
[2024-07-01T10:01:26.961-0400] {processor.py:161} INFO - Started process (PID=17089) to work on /Users/christophercunningham/airflow_workspace/data-flow/data_flow_env/lib/python3.12/site-packages/airflow/example_dags/plugins/workday.py
[2024-07-01T10:01:26.962-0400] {processor.py:830} INFO - Processing file /Users/christophercunningham/airflow_workspace/data-flow/data_flow_env/lib/python3.12/site-packages/airflow/example_dags/plugins/workday.py for tasks to queue
[2024-07-01T10:01:26.963-0400] {logging_mixin.py:188} INFO - [2024-07-01T10:01:26.963-0400] {dagbag.py:545} INFO - Filling up the DagBag from /Users/christophercunningham/airflow_workspace/data-flow/data_flow_env/lib/python3.12/site-packages/airflow/example_dags/plugins/workday.py
[2024-07-01T10:01:27.342-0400] {processor.py:842} WARNING - No viable dags retrieved from /Users/christophercunningham/airflow_workspace/data-flow/data_flow_env/lib/python3.12/site-packages/airflow/example_dags/plugins/workday.py
[2024-07-01T10:01:27.406-0400] {processor.py:183} INFO - Processing /Users/christophercunningham/airflow_workspace/data-flow/data_flow_env/lib/python3.12/site-packages/airflow/example_dags/plugins/workday.py took 0.447 seconds
[2024-07-01T10:03:13.693-0400] {processor.py:161} INFO - Started process (PID=17303) to work on /Users/christophercunningham/airflow_workspace/data-flow/data_flow_env/lib/python3.12/site-packages/airflow/example_dags/plugins/workday.py
[2024-07-01T10:03:13.695-0400] {processor.py:830} INFO - Processing file /Users/christophercunningham/airflow_workspace/data-flow/data_flow_env/lib/python3.12/site-packages/airflow/example_dags/plugins/workday.py for tasks to queue
[2024-07-01T10:03:13.695-0400] {logging_mixin.py:188} INFO - [2024-07-01T10:03:13.695-0400] {dagbag.py:545} INFO - Filling up the DagBag from /Users/christophercunningham/airflow_workspace/data-flow/data_flow_env/lib/python3.12/site-packages/airflow/example_dags/plugins/workday.py
[2024-07-01T10:03:14.225-0400] {processor.py:842} WARNING - No viable dags retrieved from /Users/christophercunningham/airflow_workspace/data-flow/data_flow_env/lib/python3.12/site-packages/airflow/example_dags/plugins/workday.py
[2024-07-01T10:03:14.295-0400] {processor.py:183} INFO - Processing /Users/christophercunningham/airflow_workspace/data-flow/data_flow_env/lib/python3.12/site-packages/airflow/example_dags/plugins/workday.py took 0.607 seconds
[2024-07-01T10:05:02.900-0400] {processor.py:161} INFO - Started process (PID=17522) to work on /Users/christophercunningham/airflow_workspace/data-flow/data_flow_env/lib/python3.12/site-packages/airflow/example_dags/plugins/workday.py
[2024-07-01T10:05:02.901-0400] {processor.py:830} INFO - Processing file /Users/christophercunningham/airflow_workspace/data-flow/data_flow_env/lib/python3.12/site-packages/airflow/example_dags/plugins/workday.py for tasks to queue
[2024-07-01T10:05:02.902-0400] {logging_mixin.py:188} INFO - [2024-07-01T10:05:02.902-0400] {dagbag.py:545} INFO - Filling up the DagBag from /Users/christophercunningham/airflow_workspace/data-flow/data_flow_env/lib/python3.12/site-packages/airflow/example_dags/plugins/workday.py
[2024-07-01T10:05:03.391-0400] {processor.py:842} WARNING - No viable dags retrieved from /Users/christophercunningham/airflow_workspace/data-flow/data_flow_env/lib/python3.12/site-packages/airflow/example_dags/plugins/workday.py
[2024-07-01T10:05:03.463-0400] {processor.py:183} INFO - Processing /Users/christophercunningham/airflow_workspace/data-flow/data_flow_env/lib/python3.12/site-packages/airflow/example_dags/plugins/workday.py took 0.567 seconds
[2024-07-01T10:06:53.815-0400] {processor.py:161} INFO - Started process (PID=17756) to work on /Users/christophercunningham/airflow_workspace/data-flow/data_flow_env/lib/python3.12/site-packages/airflow/example_dags/plugins/workday.py
[2024-07-01T10:06:53.816-0400] {processor.py:830} INFO - Processing file /Users/christophercunningham/airflow_workspace/data-flow/data_flow_env/lib/python3.12/site-packages/airflow/example_dags/plugins/workday.py for tasks to queue
[2024-07-01T10:06:53.817-0400] {logging_mixin.py:188} INFO - [2024-07-01T10:06:53.817-0400] {dagbag.py:545} INFO - Filling up the DagBag from /Users/christophercunningham/airflow_workspace/data-flow/data_flow_env/lib/python3.12/site-packages/airflow/example_dags/plugins/workday.py
[2024-07-01T10:06:54.324-0400] {processor.py:842} WARNING - No viable dags retrieved from /Users/christophercunningham/airflow_workspace/data-flow/data_flow_env/lib/python3.12/site-packages/airflow/example_dags/plugins/workday.py
[2024-07-01T10:06:54.393-0400] {processor.py:183} INFO - Processing /Users/christophercunningham/airflow_workspace/data-flow/data_flow_env/lib/python3.12/site-packages/airflow/example_dags/plugins/workday.py took 0.581 seconds
[2024-07-01T10:08:43.069-0400] {processor.py:161} INFO - Started process (PID=17986) to work on /Users/christophercunningham/airflow_workspace/data-flow/data_flow_env/lib/python3.12/site-packages/airflow/example_dags/plugins/workday.py
[2024-07-01T10:08:43.071-0400] {processor.py:830} INFO - Processing file /Users/christophercunningham/airflow_workspace/data-flow/data_flow_env/lib/python3.12/site-packages/airflow/example_dags/plugins/workday.py for tasks to queue
[2024-07-01T10:08:43.071-0400] {logging_mixin.py:188} INFO - [2024-07-01T10:08:43.071-0400] {dagbag.py:545} INFO - Filling up the DagBag from /Users/christophercunningham/airflow_workspace/data-flow/data_flow_env/lib/python3.12/site-packages/airflow/example_dags/plugins/workday.py
[2024-07-01T10:08:43.617-0400] {processor.py:842} WARNING - No viable dags retrieved from /Users/christophercunningham/airflow_workspace/data-flow/data_flow_env/lib/python3.12/site-packages/airflow/example_dags/plugins/workday.py
[2024-07-01T10:08:43.685-0400] {processor.py:183} INFO - Processing /Users/christophercunningham/airflow_workspace/data-flow/data_flow_env/lib/python3.12/site-packages/airflow/example_dags/plugins/workday.py took 0.620 seconds
[2024-07-01T10:10:28.463-0400] {processor.py:161} INFO - Started process (PID=18245) to work on /Users/christophercunningham/airflow_workspace/data-flow/data_flow_env/lib/python3.12/site-packages/airflow/example_dags/plugins/workday.py
[2024-07-01T10:10:28.464-0400] {processor.py:830} INFO - Processing file /Users/christophercunningham/airflow_workspace/data-flow/data_flow_env/lib/python3.12/site-packages/airflow/example_dags/plugins/workday.py for tasks to queue
[2024-07-01T10:10:28.464-0400] {logging_mixin.py:188} INFO - [2024-07-01T10:10:28.464-0400] {dagbag.py:545} INFO - Filling up the DagBag from /Users/christophercunningham/airflow_workspace/data-flow/data_flow_env/lib/python3.12/site-packages/airflow/example_dags/plugins/workday.py
[2024-07-01T10:10:28.771-0400] {processor.py:842} WARNING - No viable dags retrieved from /Users/christophercunningham/airflow_workspace/data-flow/data_flow_env/lib/python3.12/site-packages/airflow/example_dags/plugins/workday.py
[2024-07-01T10:10:28.831-0400] {processor.py:183} INFO - Processing /Users/christophercunningham/airflow_workspace/data-flow/data_flow_env/lib/python3.12/site-packages/airflow/example_dags/plugins/workday.py took 0.373 seconds
[2024-07-01T10:12:06.767-0400] {processor.py:161} INFO - Started process (PID=18450) to work on /Users/christophercunningham/airflow_workspace/data-flow/data_flow_env/lib/python3.12/site-packages/airflow/example_dags/plugins/workday.py
[2024-07-01T10:12:06.768-0400] {processor.py:830} INFO - Processing file /Users/christophercunningham/airflow_workspace/data-flow/data_flow_env/lib/python3.12/site-packages/airflow/example_dags/plugins/workday.py for tasks to queue
[2024-07-01T10:12:06.769-0400] {logging_mixin.py:188} INFO - [2024-07-01T10:12:06.769-0400] {dagbag.py:545} INFO - Filling up the DagBag from /Users/christophercunningham/airflow_workspace/data-flow/data_flow_env/lib/python3.12/site-packages/airflow/example_dags/plugins/workday.py
[2024-07-01T10:12:07.095-0400] {processor.py:842} WARNING - No viable dags retrieved from /Users/christophercunningham/airflow_workspace/data-flow/data_flow_env/lib/python3.12/site-packages/airflow/example_dags/plugins/workday.py
[2024-07-01T10:12:07.162-0400] {processor.py:183} INFO - Processing /Users/christophercunningham/airflow_workspace/data-flow/data_flow_env/lib/python3.12/site-packages/airflow/example_dags/plugins/workday.py took 0.399 seconds
[2024-07-01T10:13:49.913-0400] {processor.py:161} INFO - Started process (PID=18722) to work on /Users/christophercunningham/airflow_workspace/data-flow/data_flow_env/lib/python3.12/site-packages/airflow/example_dags/plugins/workday.py
[2024-07-01T10:13:49.915-0400] {processor.py:830} INFO - Processing file /Users/christophercunningham/airflow_workspace/data-flow/data_flow_env/lib/python3.12/site-packages/airflow/example_dags/plugins/workday.py for tasks to queue
[2024-07-01T10:13:49.915-0400] {logging_mixin.py:188} INFO - [2024-07-01T10:13:49.915-0400] {dagbag.py:545} INFO - Filling up the DagBag from /Users/christophercunningham/airflow_workspace/data-flow/data_flow_env/lib/python3.12/site-packages/airflow/example_dags/plugins/workday.py
[2024-07-01T10:13:50.223-0400] {processor.py:842} WARNING - No viable dags retrieved from /Users/christophercunningham/airflow_workspace/data-flow/data_flow_env/lib/python3.12/site-packages/airflow/example_dags/plugins/workday.py
[2024-07-01T10:13:50.288-0400] {processor.py:183} INFO - Processing /Users/christophercunningham/airflow_workspace/data-flow/data_flow_env/lib/python3.12/site-packages/airflow/example_dags/plugins/workday.py took 0.380 seconds
[2024-07-01T10:15:39.338-0400] {processor.py:161} INFO - Started process (PID=18959) to work on /Users/christophercunningham/airflow_workspace/data-flow/data_flow_env/lib/python3.12/site-packages/airflow/example_dags/plugins/workday.py
[2024-07-01T10:15:39.340-0400] {processor.py:830} INFO - Processing file /Users/christophercunningham/airflow_workspace/data-flow/data_flow_env/lib/python3.12/site-packages/airflow/example_dags/plugins/workday.py for tasks to queue
[2024-07-01T10:15:39.340-0400] {logging_mixin.py:188} INFO - [2024-07-01T10:15:39.340-0400] {dagbag.py:545} INFO - Filling up the DagBag from /Users/christophercunningham/airflow_workspace/data-flow/data_flow_env/lib/python3.12/site-packages/airflow/example_dags/plugins/workday.py
[2024-07-01T10:15:39.870-0400] {processor.py:842} WARNING - No viable dags retrieved from /Users/christophercunningham/airflow_workspace/data-flow/data_flow_env/lib/python3.12/site-packages/airflow/example_dags/plugins/workday.py
[2024-07-01T10:15:39.937-0400] {processor.py:183} INFO - Processing /Users/christophercunningham/airflow_workspace/data-flow/data_flow_env/lib/python3.12/site-packages/airflow/example_dags/plugins/workday.py took 0.604 seconds
[2024-07-01T10:17:26.725-0400] {processor.py:161} INFO - Started process (PID=19163) to work on /Users/christophercunningham/airflow_workspace/data-flow/data_flow_env/lib/python3.12/site-packages/airflow/example_dags/plugins/workday.py
[2024-07-01T10:17:26.726-0400] {processor.py:830} INFO - Processing file /Users/christophercunningham/airflow_workspace/data-flow/data_flow_env/lib/python3.12/site-packages/airflow/example_dags/plugins/workday.py for tasks to queue
[2024-07-01T10:17:26.727-0400] {logging_mixin.py:188} INFO - [2024-07-01T10:17:26.726-0400] {dagbag.py:545} INFO - Filling up the DagBag from /Users/christophercunningham/airflow_workspace/data-flow/data_flow_env/lib/python3.12/site-packages/airflow/example_dags/plugins/workday.py
[2024-07-01T10:17:27.059-0400] {processor.py:842} WARNING - No viable dags retrieved from /Users/christophercunningham/airflow_workspace/data-flow/data_flow_env/lib/python3.12/site-packages/airflow/example_dags/plugins/workday.py
[2024-07-01T10:17:27.135-0400] {processor.py:183} INFO - Processing /Users/christophercunningham/airflow_workspace/data-flow/data_flow_env/lib/python3.12/site-packages/airflow/example_dags/plugins/workday.py took 0.413 seconds
[2024-07-01T10:18:53.008-0400] {processor.py:161} INFO - Started process (PID=19362) to work on /Users/christophercunningham/airflow_workspace/data-flow/data_flow_env/lib/python3.12/site-packages/airflow/example_dags/plugins/workday.py
[2024-07-01T10:18:53.010-0400] {processor.py:830} INFO - Processing file /Users/christophercunningham/airflow_workspace/data-flow/data_flow_env/lib/python3.12/site-packages/airflow/example_dags/plugins/workday.py for tasks to queue
[2024-07-01T10:18:53.010-0400] {logging_mixin.py:188} INFO - [2024-07-01T10:18:53.010-0400] {dagbag.py:545} INFO - Filling up the DagBag from /Users/christophercunningham/airflow_workspace/data-flow/data_flow_env/lib/python3.12/site-packages/airflow/example_dags/plugins/workday.py
[2024-07-01T10:18:53.417-0400] {processor.py:842} WARNING - No viable dags retrieved from /Users/christophercunningham/airflow_workspace/data-flow/data_flow_env/lib/python3.12/site-packages/airflow/example_dags/plugins/workday.py
[2024-07-01T10:18:53.481-0400] {processor.py:183} INFO - Processing /Users/christophercunningham/airflow_workspace/data-flow/data_flow_env/lib/python3.12/site-packages/airflow/example_dags/plugins/workday.py took 0.477 seconds
[2024-07-01T10:38:46.804-0400] {processor.py:161} INFO - Started process (PID=21080) to work on /Users/christophercunningham/airflow_workspace/data-flow/data_flow_env/lib/python3.12/site-packages/airflow/example_dags/plugins/workday.py
[2024-07-01T10:38:46.806-0400] {processor.py:830} INFO - Processing file /Users/christophercunningham/airflow_workspace/data-flow/data_flow_env/lib/python3.12/site-packages/airflow/example_dags/plugins/workday.py for tasks to queue
[2024-07-01T10:38:46.806-0400] {logging_mixin.py:188} INFO - [2024-07-01T10:38:46.806-0400] {dagbag.py:545} INFO - Filling up the DagBag from /Users/christophercunningham/airflow_workspace/data-flow/data_flow_env/lib/python3.12/site-packages/airflow/example_dags/plugins/workday.py
[2024-07-01T10:38:47.134-0400] {processor.py:842} WARNING - No viable dags retrieved from /Users/christophercunningham/airflow_workspace/data-flow/data_flow_env/lib/python3.12/site-packages/airflow/example_dags/plugins/workday.py
[2024-07-01T10:38:47.205-0400] {processor.py:183} INFO - Processing /Users/christophercunningham/airflow_workspace/data-flow/data_flow_env/lib/python3.12/site-packages/airflow/example_dags/plugins/workday.py took 0.404 seconds
